[2024-08-13T16:11:17.164+0000] {local_task_job_runner.py:120} INFO - ::group::Pre task execution logs
[2024-08-13T16:11:17.220+0000] {taskinstance.py:2076} INFO - Dependencies all met for dep_context=non-requeueable deps ti=<TaskInstance: Weather_Data_Extraction.check_inserted backfill__2024-03-10T00:00:00+00:00 [queued]>
[2024-08-13T16:11:17.603+0000] {taskinstance.py:2076} INFO - Dependencies all met for dep_context=requeueable deps ti=<TaskInstance: Weather_Data_Extraction.check_inserted backfill__2024-03-10T00:00:00+00:00 [queued]>
[2024-08-13T16:11:17.606+0000] {taskinstance.py:2306} INFO - Starting attempt 1 of 1
[2024-08-13T16:11:17.645+0000] {taskinstance.py:2330} INFO - Executing <Task(BranchPythonOperator): check_inserted> on 2024-03-10 00:00:00+00:00
[2024-08-13T16:11:17.662+0000] {warnings.py:112} WARNING - /home/***/.local/lib/python3.12/site-packages/***/task/task_runner/standard_task_runner.py:61: DeprecationWarning: This process (pid=1337) is multi-threaded, use of fork() may lead to deadlocks in the child.
  pid = os.fork()

[2024-08-13T16:11:17.666+0000] {standard_task_runner.py:63} INFO - Started process 1350 to run task
[2024-08-13T16:11:17.665+0000] {standard_task_runner.py:90} INFO - Running: ['***', 'tasks', 'run', 'Weather_Data_Extraction', 'check_inserted', 'backfill__2024-03-10T00:00:00+00:00', '--job-id', '284', '--pool', 'default_pool', '--raw', '--subdir', 'DAGS_FOLDER/Data_Weather_Extraction.py', '--cfg-path', '/tmp/tmpj2cv847_']
[2024-08-13T16:11:17.670+0000] {standard_task_runner.py:91} INFO - Job 284: Subtask check_inserted
[2024-08-13T16:11:17.703+0000] {warnings.py:112} WARNING - /home/***/.local/lib/python3.12/site-packages/***/settings.py:195: DeprecationWarning: The sql_alchemy_conn option in [core] has been moved to the sql_alchemy_conn option in [database] - the old setting has been used, but please update your config.
  SQL_ALCHEMY_CONN = conf.get("database", "SQL_ALCHEMY_CONN")

[2024-08-13T16:11:17.798+0000] {task_command.py:426} INFO - Running <TaskInstance: Weather_Data_Extraction.check_inserted backfill__2024-03-10T00:00:00+00:00 [running]> on host ubuntu
[2024-08-13T16:11:18.044+0000] {taskinstance.py:2648} INFO - Exporting env vars: AIRFLOW_CTX_DAG_OWNER='Ducky' AIRFLOW_CTX_DAG_ID='Weather_Data_Extraction' AIRFLOW_CTX_TASK_ID='check_inserted' AIRFLOW_CTX_EXECUTION_DATE='2024-03-10T00:00:00+00:00' AIRFLOW_CTX_TRY_NUMBER='1' AIRFLOW_CTX_DAG_RUN_ID='backfill__2024-03-10T00:00:00+00:00'
[2024-08-13T16:11:18.049+0000] {taskinstance.py:430} INFO - ::endgroup::
[2024-08-13T16:11:18.078+0000] {baseoperator.py:400} WARNING - BranchPythonOperator.execute cannot be called outside TaskInstance!
[2024-08-13T16:11:18.080+0000] {logging_mixin.py:188} INFO - 2024-03-10
[2024-08-13T16:11:18.081+0000] {logging_mixin.py:188} INFO - <class 'pendulum.date.Date'>
[2024-08-13T16:11:18.129+0000] {base.py:84} INFO - Using connection ID 'snowflake_conn_raw' for task execution.
[2024-08-13T16:11:18.132+0000] {connection.py:399} INFO - Snowflake Connector for Python Version: 3.10.1, Python Version: 3.12.4, Platform: Linux-5.15.153.1-microsoft-standard-WSL2-x86_64-with-glibc2.36
[2024-08-13T16:11:18.134+0000] {connection.py:1239} INFO - This connection is in OCSP Fail Open Mode. TLS Certificates would be checked for validity and revocation status. Any other Certificate Revocation related exceptions or OCSP Responder failures would be disregarded in favor of connectivity.
[2024-08-13T16:11:18.928+0000] {logging_mixin.py:188} INFO - Connected Successfully!
[2024-08-13T16:11:18.930+0000] {logging_mixin.py:188} INFO - 
        SELECT MAX(INPUT_DATE) FROM RAW_WEATHER_DATA;
    
[2024-08-13T16:11:19.034+0000] {cursor.py:1149} INFO - Number of results in first chunk: 1
[2024-08-13T16:11:19.036+0000] {logging_mixin.py:188} INFO - 2024-08-12
[2024-08-13T16:11:19.036+0000] {logging_mixin.py:188} INFO - <class 'pendulum.date.Date'>
[2024-08-13T16:11:19.037+0000] {connection.py:762} INFO - closed
[2024-08-13T16:11:19.112+0000] {connection.py:768} INFO - No async queries seem to be running, deleting session
[2024-08-13T16:11:19.192+0000] {logging_mixin.py:188} INFO - no_new_data task will execute
[2024-08-13T16:11:19.194+0000] {python.py:237} INFO - Done. Returned value was: no_new_data
[2024-08-13T16:11:19.195+0000] {branch.py:36} INFO - Branch into no_new_data
[2024-08-13T16:11:19.196+0000] {skipmixin.py:178} INFO - Following branch no_new_data
[2024-08-13T16:11:19.223+0000] {skipmixin.py:246} INFO - Skipping tasks [('invoke_lambda_task', -1)]
[2024-08-13T16:11:19.272+0000] {taskinstance.py:441} INFO - ::group::Post task execution logs
[2024-08-13T16:11:19.303+0000] {taskinstance.py:1206} INFO - Marking task as SUCCESS. dag_id=Weather_Data_Extraction, task_id=check_inserted, run_id=backfill__2024-03-10T00:00:00+00:00, execution_date=20240310T000000, start_date=20240813T161117, end_date=20240813T161119
[2024-08-13T16:11:19.344+0000] {local_task_job_runner.py:240} INFO - Task exited with return code 0
[2024-08-13T16:11:19.390+0000] {taskinstance.py:3503} INFO - 1 downstream tasks scheduled from follow-on schedule check
[2024-08-13T16:11:19.396+0000] {local_task_job_runner.py:222} INFO - ::endgroup::
[2024-08-14T04:47:35.607+0000] {local_task_job_runner.py:120} INFO - ::group::Pre task execution logs
[2024-08-14T04:47:35.625+0000] {taskinstance.py:2076} INFO - Dependencies all met for dep_context=non-requeueable deps ti=<TaskInstance: Weather_Data_Extraction.check_inserted backfill__2024-03-10T00:00:00+00:00 [queued]>
[2024-08-14T04:47:35.632+0000] {taskinstance.py:2076} INFO - Dependencies all met for dep_context=requeueable deps ti=<TaskInstance: Weather_Data_Extraction.check_inserted backfill__2024-03-10T00:00:00+00:00 [queued]>
[2024-08-14T04:47:35.633+0000] {taskinstance.py:2306} INFO - Starting attempt 1 of 1
[2024-08-14T04:47:35.810+0000] {taskinstance.py:2330} INFO - Executing <Task(BranchPythonOperator): check_inserted> on 2024-03-10 00:00:00+00:00
[2024-08-14T04:47:35.818+0000] {warnings.py:112} WARNING - /home/***/.local/lib/python3.12/site-packages/***/task/task_runner/standard_task_runner.py:61: DeprecationWarning: This process (pid=2664) is multi-threaded, use of fork() may lead to deadlocks in the child.
  pid = os.fork()

[2024-08-14T04:47:35.820+0000] {standard_task_runner.py:63} INFO - Started process 2673 to run task
[2024-08-14T04:47:35.821+0000] {standard_task_runner.py:90} INFO - Running: ['***', 'tasks', 'run', 'Weather_Data_Extraction', 'check_inserted', 'backfill__2024-03-10T00:00:00+00:00', '--job-id', '612', '--pool', 'default_pool', '--raw', '--subdir', 'DAGS_FOLDER/Data_Weather_Extraction.py', '--cfg-path', '/tmp/tmp29pciuxd']
[2024-08-14T04:47:35.823+0000] {standard_task_runner.py:91} INFO - Job 612: Subtask check_inserted
[2024-08-14T04:47:35.875+0000] {task_command.py:426} INFO - Running <TaskInstance: Weather_Data_Extraction.check_inserted backfill__2024-03-10T00:00:00+00:00 [running]> on host ubuntu
[2024-08-14T04:47:35.974+0000] {taskinstance.py:2648} INFO - Exporting env vars: AIRFLOW_CTX_DAG_OWNER='Ducky' AIRFLOW_CTX_DAG_ID='Weather_Data_Extraction' AIRFLOW_CTX_TASK_ID='check_inserted' AIRFLOW_CTX_EXECUTION_DATE='2024-03-10T00:00:00+00:00' AIRFLOW_CTX_TRY_NUMBER='1' AIRFLOW_CTX_DAG_RUN_ID='backfill__2024-03-10T00:00:00+00:00'
[2024-08-14T04:47:35.976+0000] {taskinstance.py:430} INFO - ::endgroup::
[2024-08-14T04:47:35.993+0000] {baseoperator.py:400} WARNING - BranchPythonOperator.execute cannot be called outside TaskInstance!
[2024-08-14T04:47:35.995+0000] {logging_mixin.py:188} INFO - 2024-03-10
[2024-08-14T04:47:35.995+0000] {logging_mixin.py:188} INFO - <class 'pendulum.date.Date'>
[2024-08-14T04:47:36.009+0000] {base.py:84} INFO - Using connection ID 'snowflake_conn_raw' for task execution.
[2024-08-14T04:47:36.011+0000] {connection.py:399} INFO - Snowflake Connector for Python Version: 3.10.1, Python Version: 3.12.4, Platform: Linux-5.15.153.1-microsoft-standard-WSL2-x86_64-with-glibc2.36
[2024-08-14T04:47:36.012+0000] {connection.py:1239} INFO - This connection is in OCSP Fail Open Mode. TLS Certificates would be checked for validity and revocation status. Any other Certificate Revocation related exceptions or OCSP Responder failures would be disregarded in favor of connectivity.
[2024-08-14T04:47:37.206+0000] {logging_mixin.py:188} INFO - Connected Successfully!
[2024-08-14T04:47:37.220+0000] {logging_mixin.py:188} INFO - 
        SELECT MAX(INPUT_DATE) FROM RAW_WEATHER_DATA;
    
[2024-08-14T04:47:37.445+0000] {cursor.py:1149} INFO - Number of results in first chunk: 1
[2024-08-14T04:47:37.446+0000] {logging_mixin.py:188} INFO - 2024-02-08
[2024-08-14T04:47:37.447+0000] {logging_mixin.py:188} INFO - <class 'pendulum.date.Date'>
[2024-08-14T04:47:37.447+0000] {connection.py:762} INFO - closed
[2024-08-14T04:47:37.554+0000] {connection.py:768} INFO - No async queries seem to be running, deleting session
[2024-08-14T04:47:37.659+0000] {logging_mixin.py:188} INFO - invoke_lambda_task task will execute
[2024-08-14T04:47:37.661+0000] {python.py:237} INFO - Done. Returned value was: invoke_lambda_task
[2024-08-14T04:47:37.662+0000] {branch.py:36} INFO - Branch into invoke_lambda_task
[2024-08-14T04:47:37.663+0000] {skipmixin.py:178} INFO - Following branch invoke_lambda_task
[2024-08-14T04:47:37.687+0000] {skipmixin.py:246} INFO - Skipping tasks [('no_new_data', -1)]
[2024-08-14T04:47:37.725+0000] {taskinstance.py:441} INFO - ::group::Post task execution logs
[2024-08-14T04:47:37.749+0000] {taskinstance.py:1206} INFO - Marking task as SUCCESS. dag_id=Weather_Data_Extraction, task_id=check_inserted, run_id=backfill__2024-03-10T00:00:00+00:00, execution_date=20240310T000000, start_date=20240814T044735, end_date=20240814T044737
[2024-08-14T04:47:37.802+0000] {local_task_job_runner.py:240} INFO - Task exited with return code 0
[2024-08-14T04:47:37.843+0000] {taskinstance.py:3503} INFO - 1 downstream tasks scheduled from follow-on schedule check
[2024-08-14T04:47:37.846+0000] {local_task_job_runner.py:222} INFO - ::endgroup::
