[2024-08-16T10:08:45.243+0000] {local_task_job_runner.py:120} INFO - ::group::Pre task execution logs
[2024-08-16T10:08:45.266+0000] {taskinstance.py:2076} INFO - Dependencies all met for dep_context=non-requeueable deps ti=<TaskInstance: Prediction_Model.weather_data_daily_models.stg_wind_speed_run manual__2024-08-16T10:08:40.366913+00:00 [queued]>
[2024-08-16T10:08:45.278+0000] {taskinstance.py:2076} INFO - Dependencies all met for dep_context=requeueable deps ti=<TaskInstance: Prediction_Model.weather_data_daily_models.stg_wind_speed_run manual__2024-08-16T10:08:40.366913+00:00 [queued]>
[2024-08-16T10:08:45.279+0000] {taskinstance.py:2306} INFO - Starting attempt 1 of 3
[2024-08-16T10:08:45.309+0000] {taskinstance.py:2330} INFO - Executing <Task(DbtRunLocalOperator): weather_data_daily_models.stg_wind_speed_run> on 2024-08-16 10:08:40.366913+00:00
[2024-08-16T10:08:45.319+0000] {warnings.py:112} WARNING - /home/***/.local/lib/python3.12/site-packages/***/task/task_runner/standard_task_runner.py:61: DeprecationWarning: This process (pid=2281) is multi-threaded, use of fork() may lead to deadlocks in the child.
  pid = os.fork()

[2024-08-16T10:08:45.321+0000] {standard_task_runner.py:63} INFO - Started process 2285 to run task
[2024-08-16T10:08:45.322+0000] {standard_task_runner.py:90} INFO - Running: ['***', 'tasks', 'run', 'Prediction_Model', 'weather_data_daily_models.stg_wind_speed_run', 'manual__2024-08-16T10:08:40.366913+00:00', '--job-id', '1262', '--raw', '--subdir', 'DAGS_FOLDER/Prediction_Model.py', '--cfg-path', '/tmp/tmpg3lokews']
[2024-08-16T10:08:45.327+0000] {standard_task_runner.py:91} INFO - Job 1262: Subtask weather_data_daily_models.stg_wind_speed_run
[2024-08-16T10:08:45.404+0000] {task_command.py:426} INFO - Running <TaskInstance: Prediction_Model.weather_data_daily_models.stg_wind_speed_run manual__2024-08-16T10:08:40.366913+00:00 [running]> on host ubuntu
[2024-08-16T10:08:45.514+0000] {taskinstance.py:2648} INFO - Exporting env vars: AIRFLOW_CTX_DAG_OWNER='Ducky' AIRFLOW_CTX_DAG_ID='Prediction_Model' AIRFLOW_CTX_TASK_ID='weather_data_daily_models.stg_wind_speed_run' AIRFLOW_CTX_EXECUTION_DATE='2024-08-16T10:08:40.366913+00:00' AIRFLOW_CTX_TRY_NUMBER='1' AIRFLOW_CTX_DAG_RUN_ID='manual__2024-08-16T10:08:40.366913+00:00'
[2024-08-16T10:08:45.516+0000] {taskinstance.py:430} INFO - ::endgroup::
[2024-08-16T10:08:45.537+0000] {log.py:232} WARNING - [[34m2024-08-16T10:08:45.536+0000[0m] {[34mgraph.py:[0m377} INFO[0m - [35m(astronomer-cosmos)[0m - Trying to parse the dbt project using dbt ls cache cosmos_cache__dbt_dag_filterd__customers_group...[0m
[2024-08-16T10:08:45.537+0000] {log.py:232} WARNING - [[34m2024-08-16T10:08:45.536+0000[0m] {[34mgraph.py:[0m377} INFO[0m - [35m(astronomer-cosmos)[0m - Trying to parse the dbt project using dbt ls cache cosmos_cache__dbt_dag_filterd__customers_group...[0m
[2024-08-16T10:08:45.536+0000] {graph.py:377} INFO - Trying to parse the dbt project using dbt ls cache cosmos_cache__dbt_dag_filterd__customers_group...
[2024-08-16T10:08:45.697+0000] {log.py:232} WARNING - [[34m2024-08-16T10:08:45.696+0000[0m] {[34mcache.py:[0m262} INFO[0m - [35m(astronomer-cosmos)[0m - Cosmos performance: time to calculate cache identifier cosmos_cache__dbt_dag_filterd__customers_group for current version: 0.14890097300030902[0m
[2024-08-16T10:08:45.697+0000] {log.py:232} WARNING - [[34m2024-08-16T10:08:45.696+0000[0m] {[34mcache.py:[0m262} INFO[0m - [35m(astronomer-cosmos)[0m - Cosmos performance: time to calculate cache identifier cosmos_cache__dbt_dag_filterd__customers_group for current version: 0.14890097300030902[0m
[2024-08-16T10:08:45.696+0000] {cache.py:262} INFO - Cosmos performance: time to calculate cache identifier cosmos_cache__dbt_dag_filterd__customers_group for current version: 0.14890097300030902
[2024-08-16T10:08:45.698+0000] {log.py:232} WARNING - [[34m2024-08-16T10:08:45.698+0000[0m] {[34mgraph.py:[0m394} INFO[0m - [35m(astronomer-cosmos)[0m - Cosmos performance [ubuntu|2285]: The cache size for cosmos_cache__dbt_dag_filterd__customers_group is 2948[0m
[2024-08-16T10:08:45.699+0000] {log.py:232} WARNING - [[34m2024-08-16T10:08:45.698+0000[0m] {[34mgraph.py:[0m394} INFO[0m - [35m(astronomer-cosmos)[0m - Cosmos performance [ubuntu|2285]: The cache size for cosmos_cache__dbt_dag_filterd__customers_group is 2948[0m
[2024-08-16T10:08:45.698+0000] {graph.py:394} INFO - Cosmos performance [ubuntu|2285]: The cache size for cosmos_cache__dbt_dag_filterd__customers_group is 2948
[2024-08-16T10:08:45.700+0000] {log.py:232} WARNING - [[34m2024-08-16T10:08:45.700+0000[0m] {[34mgraph.py:[0m402} INFO[0m - [35m(astronomer-cosmos)[0m - Cosmos performance: Cache hit for cosmos_cache__dbt_dag_filterd__customers_group - d3655c99e4b770027e65648437a3d068,5f7d44698c4b67134aff532494870c9c[0m
[2024-08-16T10:08:45.701+0000] {log.py:232} WARNING - [[34m2024-08-16T10:08:45.700+0000[0m] {[34mgraph.py:[0m402} INFO[0m - [35m(astronomer-cosmos)[0m - Cosmos performance: Cache hit for cosmos_cache__dbt_dag_filterd__customers_group - d3655c99e4b770027e65648437a3d068,5f7d44698c4b67134aff532494870c9c[0m
[2024-08-16T10:08:45.700+0000] {graph.py:402} INFO - Cosmos performance: Cache hit for cosmos_cache__dbt_dag_filterd__customers_group - d3655c99e4b770027e65648437a3d068,5f7d44698c4b67134aff532494870c9c
[2024-08-16T10:08:45.701+0000] {log.py:232} WARNING - [[34m2024-08-16T10:08:45.701+0000[0m] {[34mgraph.py:[0m335} INFO[0m - [35m(astronomer-cosmos)[0m - Total nodes: 3[0m
[2024-08-16T10:08:45.702+0000] {log.py:232} WARNING - [[34m2024-08-16T10:08:45.701+0000[0m] {[34mgraph.py:[0m335} INFO[0m - [35m(astronomer-cosmos)[0m - Total nodes: 3[0m
[2024-08-16T10:08:45.701+0000] {graph.py:335} INFO - Total nodes: 3
[2024-08-16T10:08:45.703+0000] {log.py:232} WARNING - [[34m2024-08-16T10:08:45.703+0000[0m] {[34mgraph.py:[0m336} INFO[0m - [35m(astronomer-cosmos)[0m - Total filtered nodes: 3[0m
[2024-08-16T10:08:45.703+0000] {log.py:232} WARNING - [[34m2024-08-16T10:08:45.703+0000[0m] {[34mgraph.py:[0m336} INFO[0m - [35m(astronomer-cosmos)[0m - Total filtered nodes: 3[0m
[2024-08-16T10:08:45.703+0000] {graph.py:336} INFO - Total filtered nodes: 3
[2024-08-16T10:08:45.704+0000] {log.py:232} WARNING - [[34m2024-08-16T10:08:45.704+0000[0m] {[34mconverter.py:[0m251} INFO[0m - [35m(astronomer-cosmos)[0m - Cosmos performance (dbt_dag_filterd__customers_group) -  [ubuntu|2285]: It took 0.167s to parse the dbt project for DAG using LoadMode.DBT_LS_CACHE[0m
[2024-08-16T10:08:45.704+0000] {log.py:232} WARNING - [[34m2024-08-16T10:08:45.704+0000[0m] {[34mconverter.py:[0m251} INFO[0m - [35m(astronomer-cosmos)[0m - Cosmos performance (dbt_dag_filterd__customers_group) -  [ubuntu|2285]: It took 0.167s to parse the dbt project for DAG using LoadMode.DBT_LS_CACHE[0m
[2024-08-16T10:08:45.704+0000] {converter.py:251} INFO - Cosmos performance (dbt_dag_filterd__customers_group) -  [ubuntu|2285]: It took 0.167s to parse the dbt project for DAG using LoadMode.DBT_LS_CACHE
[2024-08-16T10:08:45.708+0000] {log.py:232} WARNING - [[34m2024-08-16T10:08:45.708+0000[0m] {[34mproject.py:[0m35} INFO[0m - [35m(astronomer-cosmos)[0m - Project /opt/***/dags/Data_Marketplace does not have {'dependencies.yml', 'packages.yml'}[0m
[2024-08-16T10:08:45.710+0000] {log.py:232} WARNING - [[34m2024-08-16T10:08:45.708+0000[0m] {[34mproject.py:[0m35} INFO[0m - [35m(astronomer-cosmos)[0m - Project /opt/***/dags/Data_Marketplace does not have {'dependencies.yml', 'packages.yml'}[0m
[2024-08-16T10:08:45.708+0000] {project.py:35} INFO - Project /opt/***/dags/Data_Marketplace does not have {'dependencies.yml', 'packages.yml'}
[2024-08-16T10:08:45.713+0000] {log.py:232} WARNING - [[34m2024-08-16T10:08:45.713+0000[0m] {[34mproject.py:[0m35} INFO[0m - [35m(astronomer-cosmos)[0m - Project /opt/***/dags/Data_Marketplace does not have {'dependencies.yml', 'packages.yml'}[0m
[2024-08-16T10:08:45.714+0000] {log.py:232} WARNING - [[34m2024-08-16T10:08:45.713+0000[0m] {[34mproject.py:[0m35} INFO[0m - [35m(astronomer-cosmos)[0m - Project /opt/***/dags/Data_Marketplace does not have {'dependencies.yml', 'packages.yml'}[0m
[2024-08-16T10:08:45.713+0000] {project.py:35} INFO - Project /opt/***/dags/Data_Marketplace does not have {'dependencies.yml', 'packages.yml'}
[2024-08-16T10:08:45.719+0000] {log.py:232} WARNING - [[34m2024-08-16T10:08:45.719+0000[0m] {[34mproject.py:[0m35} INFO[0m - [35m(astronomer-cosmos)[0m - Project /opt/***/dags/Data_Marketplace does not have {'dependencies.yml', 'packages.yml'}[0m
[2024-08-16T10:08:45.720+0000] {log.py:232} WARNING - [[34m2024-08-16T10:08:45.719+0000[0m] {[34mproject.py:[0m35} INFO[0m - [35m(astronomer-cosmos)[0m - Project /opt/***/dags/Data_Marketplace does not have {'dependencies.yml', 'packages.yml'}[0m
[2024-08-16T10:08:45.719+0000] {project.py:35} INFO - Project /opt/***/dags/Data_Marketplace does not have {'dependencies.yml', 'packages.yml'}
[2024-08-16T10:08:45.721+0000] {log.py:232} WARNING - [[34m2024-08-16T10:08:45.721+0000[0m] {[34mconverter.py:[0m293} INFO[0m - [35m(astronomer-cosmos)[0m - Cosmos performance (dbt_dag_filterd__customers_group) - [ubuntu|2285]: It took 0.0174s to build the Airflow DAG.[0m
[2024-08-16T10:08:45.722+0000] {log.py:232} WARNING - [[34m2024-08-16T10:08:45.721+0000[0m] {[34mconverter.py:[0m293} INFO[0m - [35m(astronomer-cosmos)[0m - Cosmos performance (dbt_dag_filterd__customers_group) - [ubuntu|2285]: It took 0.0174s to build the Airflow DAG.[0m
[2024-08-16T10:08:45.721+0000] {converter.py:293} INFO - Cosmos performance (dbt_dag_filterd__customers_group) - [ubuntu|2285]: It took 0.0174s to build the Airflow DAG.
[2024-08-16T10:08:45.723+0000] {log.py:232} WARNING - [[34m2024-08-16T10:08:45.723+0000[0m] {[34mlocal.py:[0m174} INFO[0m - [35m(astronomer-cosmos)[0m - Could not import dbtRunner. Falling back to subprocess for invoking dbt.[0m
[2024-08-16T10:08:45.725+0000] {log.py:232} WARNING - [[34m2024-08-16T10:08:45.723+0000[0m] {[34mlocal.py:[0m174} INFO[0m - [35m(astronomer-cosmos)[0m - Could not import dbtRunner. Falling back to subprocess for invoking dbt.[0m
[2024-08-16T10:08:45.723+0000] {local.py:174} INFO - Could not import dbtRunner. Falling back to subprocess for invoking dbt.
[2024-08-16T10:08:45.726+0000] {log.py:232} WARNING - [[34m2024-08-16T10:08:45.726+0000[0m] {[34mlocal.py:[0m292} INFO[0m - [35m(astronomer-cosmos)[0m - Cloning project to writable temp directory /tmp/tmpr5v2vht5 from /opt/***/dags/Data_Marketplace[0m
[2024-08-16T10:08:45.727+0000] {log.py:232} WARNING - [[34m2024-08-16T10:08:45.726+0000[0m] {[34mlocal.py:[0m292} INFO[0m - [35m(astronomer-cosmos)[0m - Cloning project to writable temp directory /tmp/tmpr5v2vht5 from /opt/***/dags/Data_Marketplace[0m
[2024-08-16T10:08:45.726+0000] {local.py:292} INFO - Cloning project to writable temp directory /tmp/tmpr5v2vht5 from /opt/airflow/dags/Data_Marketplace
[2024-08-16T10:08:45.731+0000] {log.py:232} WARNING - [[34m2024-08-16T10:08:45.731+0000[0m] {[34mlocal.py:[0m303} INFO[0m - [35m(astronomer-cosmos)[0m - Partial parse is enabled and the latest partial parse file is /tmp/cosmos/Prediction_Model__weather_data_daily_models/target/partial_parse.msgpack[0m
[2024-08-16T10:08:45.732+0000] {log.py:232} WARNING - [[34m2024-08-16T10:08:45.731+0000[0m] {[34mlocal.py:[0m303} INFO[0m - [35m(astronomer-cosmos)[0m - Partial parse is enabled and the latest partial parse file is /tmp/cosmos/Prediction_Model__weather_data_daily_models/target/partial_parse.msgpack[0m
[2024-08-16T10:08:45.731+0000] {local.py:303} INFO - Partial parse is enabled and the latest partial parse file is /tmp/cosmos/Prediction_Model__weather_data_daily_models/target/partial_parse.msgpack
[2024-08-16T10:08:45.742+0000] {log.py:232} WARNING - [[34m2024-08-16T10:08:45.742+0000[0m] {[34mconfig.py:[0m292} INFO[0m - [35m(astronomer-cosmos)[0m - Profile caching is enable.[0m
[2024-08-16T10:08:45.742+0000] {log.py:232} WARNING - [[34m2024-08-16T10:08:45.742+0000[0m] {[34mconfig.py:[0m292} INFO[0m - [35m(astronomer-cosmos)[0m - Profile caching is enable.[0m
[2024-08-16T10:08:45.742+0000] {config.py:292} INFO - Profile caching is enable.
[2024-08-16T10:08:45.753+0000] {base.py:84} INFO - Using connection ID 'snowflake_conn' for task execution.
[2024-08-16T10:08:45.758+0000] {log.py:232} WARNING - [[34m2024-08-16T10:08:45.757+0000[0m] {[34mconfig.py:[0m272} INFO[0m - [35m(astronomer-cosmos)[0m - Profile found in cache using profile: /tmp/cosmos/profile/ec71862f850e9b0839075fe0561d5062ab3dd99ef2a3dac2fe4fc1486f2849d0/profiles.yml.[0m
[2024-08-16T10:08:45.758+0000] {log.py:232} WARNING - [[34m2024-08-16T10:08:45.757+0000[0m] {[34mconfig.py:[0m272} INFO[0m - [35m(astronomer-cosmos)[0m - Profile found in cache using profile: /tmp/cosmos/profile/ec71862f850e9b0839075fe0561d5062ab3dd99ef2a3dac2fe4fc1486f2849d0/profiles.yml.[0m
[2024-08-16T10:08:45.757+0000] {config.py:272} INFO - Profile found in cache using profile: /tmp/cosmos/profile/ec71862f850e9b0839075fe0561d5062ab3dd99ef2a3dac2fe4fc1486f2849d0/profiles.yml.
[2024-08-16T10:08:45.760+0000] {log.py:232} WARNING - [[34m2024-08-16T10:08:45.760+0000[0m] {[34mlocal.py:[0m247} INFO[0m - [35m(astronomer-cosmos)[0m - Trying to run the command:
 ['/opt/***/dbt_venv/bin/dbt', 'run', '--models', 'stg_wind_speed', '--project-dir', '/tmp/tmpr5v2vht5', '--profiles-dir', '/tmp/cosmos/profile/ec71862f850e9b0839075fe0561d5062ab3dd99ef2a3dac2fe4fc1486f2849d0', '--profile', 'Data_Marketplace', '--target', 'dev']
From /tmp/tmpr5v2vht5[0m
[2024-08-16T10:08:45.761+0000] {log.py:232} WARNING - [[34m2024-08-16T10:08:45.760+0000[0m] {[34mlocal.py:[0m247} INFO[0m - [35m(astronomer-cosmos)[0m - Trying to run the command:
 ['/opt/***/dbt_venv/bin/dbt', 'run', '--models', 'stg_wind_speed', '--project-dir', '/tmp/tmpr5v2vht5', '--profiles-dir', '/tmp/cosmos/profile/ec71862f850e9b0839075fe0561d5062ab3dd99ef2a3dac2fe4fc1486f2849d0', '--profile', 'Data_Marketplace', '--target', 'dev']
From /tmp/tmpr5v2vht5[0m
[2024-08-16T10:08:45.760+0000] {local.py:247} INFO - Trying to run the command:
 ['/opt/***/dbt_venv/bin/dbt', 'run', '--models', 'stg_wind_speed', '--project-dir', '/tmp/tmpr5v2vht5', '--profiles-dir', '/tmp/cosmos/profile/ec71862f850e9b0839075fe0561d5062ab3dd99ef2a3dac2fe4fc1486f2849d0', '--profile', 'Data_Marketplace', '--target', 'dev']
From /tmp/tmpr5v2vht5
[2024-08-16T10:08:45.762+0000] {log.py:232} WARNING - [[34m2024-08-16T10:08:45.762+0000[0m] {[34msubprocess.py:[0m60} INFO[0m - [35m(astronomer-cosmos)[0m - Tmp dir root location: 
 /tmp[0m
[2024-08-16T10:08:45.763+0000] {log.py:232} WARNING - [[34m2024-08-16T10:08:45.762+0000[0m] {[34msubprocess.py:[0m60} INFO[0m - [35m(astronomer-cosmos)[0m - Tmp dir root location: 
 /tmp[0m
[2024-08-16T10:08:45.762+0000] {subprocess.py:60} INFO - Tmp dir root location: 
 /tmp
[2024-08-16T10:08:45.764+0000] {log.py:232} WARNING - [[34m2024-08-16T10:08:45.763+0000[0m] {[34msubprocess.py:[0m73} INFO[0m - [35m(astronomer-cosmos)[0m - Running command: ['/opt/***/dbt_venv/bin/dbt', 'run', '--models', 'stg_wind_speed', '--project-dir', '/tmp/tmpr5v2vht5', '--profiles-dir', '/tmp/cosmos/profile/ec71862f850e9b0839075fe0561d5062ab3dd99ef2a3dac2fe4fc1486f2849d0', '--profile', 'Data_Marketplace', '--target', 'dev'][0m
[2024-08-16T10:08:45.764+0000] {log.py:232} WARNING - [[34m2024-08-16T10:08:45.763+0000[0m] {[34msubprocess.py:[0m73} INFO[0m - [35m(astronomer-cosmos)[0m - Running command: ['/opt/***/dbt_venv/bin/dbt', 'run', '--models', 'stg_wind_speed', '--project-dir', '/tmp/tmpr5v2vht5', '--profiles-dir', '/tmp/cosmos/profile/ec71862f850e9b0839075fe0561d5062ab3dd99ef2a3dac2fe4fc1486f2849d0', '--profile', 'Data_Marketplace', '--target', 'dev'][0m
[2024-08-16T10:08:45.763+0000] {subprocess.py:73} INFO - Running command: ['/opt/***/dbt_venv/bin/dbt', 'run', '--models', 'stg_wind_speed', '--project-dir', '/tmp/tmpr5v2vht5', '--profiles-dir', '/tmp/cosmos/profile/ec71862f850e9b0839075fe0561d5062ab3dd99ef2a3dac2fe4fc1486f2849d0', '--profile', 'Data_Marketplace', '--target', 'dev']
[2024-08-16T10:08:45.777+0000] {log.py:232} WARNING - [[34m2024-08-16T10:08:45.777+0000[0m] {[34msubprocess.py:[0m84} INFO[0m - [35m(astronomer-cosmos)[0m - Command output:[0m
[2024-08-16T10:08:45.778+0000] {log.py:232} WARNING - [[34m2024-08-16T10:08:45.777+0000[0m] {[34msubprocess.py:[0m84} INFO[0m - [35m(astronomer-cosmos)[0m - Command output:[0m
[2024-08-16T10:08:45.777+0000] {subprocess.py:84} INFO - Command output:
[2024-08-16T10:08:48.246+0000] {log.py:232} WARNING - [[34m2024-08-16T10:08:48.245+0000[0m] {[34msubprocess.py:[0m94} INFO[0m - [35m(astronomer-cosmos)[0m - [0m10:08:48  Running with dbt=1.8.5[0m
[2024-08-16T10:08:48.247+0000] {log.py:232} WARNING - [[34m2024-08-16T10:08:48.245+0000[0m] {[34msubprocess.py:[0m94} INFO[0m - [35m(astronomer-cosmos)[0m - [0m10:08:48  Running with dbt=1.8.5[0m
[2024-08-16T10:08:48.245+0000] {subprocess.py:94} INFO - [0m10:08:48  Running with dbt=1.8.5
[2024-08-16T10:08:48.791+0000] {log.py:232} WARNING - [[34m2024-08-16T10:08:48.790+0000[0m] {[34msubprocess.py:[0m94} INFO[0m - [35m(astronomer-cosmos)[0m - [0m10:08:48  Registered adapter: snowflake=1.8.3[0m
[2024-08-16T10:08:48.792+0000] {log.py:232} WARNING - [[34m2024-08-16T10:08:48.790+0000[0m] {[34msubprocess.py:[0m94} INFO[0m - [35m(astronomer-cosmos)[0m - [0m10:08:48  Registered adapter: snowflake=1.8.3[0m
[2024-08-16T10:08:48.790+0000] {subprocess.py:94} INFO - [0m10:08:48  Registered adapter: snowflake=1.8.3
[2024-08-16T10:08:49.588+0000] {log.py:232} WARNING - [[34m2024-08-16T10:08:49.588+0000[0m] {[34msubprocess.py:[0m94} INFO[0m - [35m(astronomer-cosmos)[0m - [0m10:08:49  Found 9 models, 2 snapshots, 3 seeds, 2 data tests, 3 sources, 448 macros[0m
[2024-08-16T10:08:49.589+0000] {log.py:232} WARNING - [[34m2024-08-16T10:08:49.588+0000[0m] {[34msubprocess.py:[0m94} INFO[0m - [35m(astronomer-cosmos)[0m - [0m10:08:49  Found 9 models, 2 snapshots, 3 seeds, 2 data tests, 3 sources, 448 macros[0m
[2024-08-16T10:08:49.588+0000] {subprocess.py:94} INFO - [0m10:08:49  Found 9 models, 2 snapshots, 3 seeds, 2 data tests, 3 sources, 448 macros
[2024-08-16T10:08:49.593+0000] {log.py:232} WARNING - [[34m2024-08-16T10:08:49.593+0000[0m] {[34msubprocess.py:[0m94} INFO[0m - [35m(astronomer-cosmos)[0m - [0m10:08:49[0m
[2024-08-16T10:08:49.595+0000] {log.py:232} WARNING - [[34m2024-08-16T10:08:49.593+0000[0m] {[34msubprocess.py:[0m94} INFO[0m - [35m(astronomer-cosmos)[0m - [0m10:08:49[0m
[2024-08-16T10:08:49.593+0000] {subprocess.py:94} INFO - [0m10:08:49
[2024-08-16T10:08:51.487+0000] {log.py:232} WARNING - [[34m2024-08-16T10:08:51.487+0000[0m] {[34msubprocess.py:[0m94} INFO[0m - [35m(astronomer-cosmos)[0m - [0m10:08:51  Concurrency: 1 threads (target='dev')[0m
[2024-08-16T10:08:51.488+0000] {log.py:232} WARNING - [[34m2024-08-16T10:08:51.487+0000[0m] {[34msubprocess.py:[0m94} INFO[0m - [35m(astronomer-cosmos)[0m - [0m10:08:51  Concurrency: 1 threads (target='dev')[0m
[2024-08-16T10:08:51.487+0000] {subprocess.py:94} INFO - [0m10:08:51  Concurrency: 1 threads (target='dev')
[2024-08-16T10:08:51.489+0000] {log.py:232} WARNING - [[34m2024-08-16T10:08:51.489+0000[0m] {[34msubprocess.py:[0m94} INFO[0m - [35m(astronomer-cosmos)[0m - [0m10:08:51[0m
[2024-08-16T10:08:51.490+0000] {log.py:232} WARNING - [[34m2024-08-16T10:08:51.489+0000[0m] {[34msubprocess.py:[0m94} INFO[0m - [35m(astronomer-cosmos)[0m - [0m10:08:51[0m
[2024-08-16T10:08:51.489+0000] {subprocess.py:94} INFO - [0m10:08:51
[2024-08-16T10:08:51.519+0000] {log.py:232} WARNING - [[34m2024-08-16T10:08:51.519+0000[0m] {[34msubprocess.py:[0m94} INFO[0m - [35m(astronomer-cosmos)[0m - [0m10:08:51[0m
[2024-08-16T10:08:51.520+0000] {log.py:232} WARNING - [[34m2024-08-16T10:08:51.519+0000[0m] {[34msubprocess.py:[0m94} INFO[0m - [35m(astronomer-cosmos)[0m - [0m10:08:51[0m
[2024-08-16T10:08:51.519+0000] {subprocess.py:94} INFO - [0m10:08:51
[2024-08-16T10:08:51.521+0000] {log.py:232} WARNING - [[34m2024-08-16T10:08:51.521+0000[0m] {[34msubprocess.py:[0m94} INFO[0m - [35m(astronomer-cosmos)[0m - [0m10:08:51  Finished running  in 0 hours 0 minutes and 1.93 seconds (1.93s).[0m
[2024-08-16T10:08:51.522+0000] {log.py:232} WARNING - [[34m2024-08-16T10:08:51.521+0000[0m] {[34msubprocess.py:[0m94} INFO[0m - [35m(astronomer-cosmos)[0m - [0m10:08:51  Finished running  in 0 hours 0 minutes and 1.93 seconds (1.93s).[0m
[2024-08-16T10:08:51.521+0000] {subprocess.py:94} INFO - [0m10:08:51  Finished running  in 0 hours 0 minutes and 1.93 seconds (1.93s).
[2024-08-16T10:08:53.175+0000] {log.py:232} WARNING - [[34m2024-08-16T10:08:53.175+0000[0m] {[34msubprocess.py:[0m98} INFO[0m - [35m(astronomer-cosmos)[0m - Command exited with return code 0[0m
[2024-08-16T10:08:53.176+0000] {log.py:232} WARNING - [[34m2024-08-16T10:08:53.175+0000[0m] {[34msubprocess.py:[0m98} INFO[0m - [35m(astronomer-cosmos)[0m - Command exited with return code 0[0m
[2024-08-16T10:08:53.175+0000] {subprocess.py:98} INFO - Command exited with return code 0
[2024-08-16T10:08:53.177+0000] {log.py:232} WARNING - [[34m2024-08-16T10:08:53.177+0000[0m] {[34mlocal.py:[0m254} INFO[0m - [35m(astronomer-cosmos)[0m - [0m10:08:51  Finished running  in 0 hours 0 minutes and 1.93 seconds (1.93s).[0m
[2024-08-16T10:08:53.177+0000] {log.py:232} WARNING - [[34m2024-08-16T10:08:53.177+0000[0m] {[34mlocal.py:[0m254} INFO[0m - [35m(astronomer-cosmos)[0m - [0m10:08:51  Finished running  in 0 hours 0 minutes and 1.93 seconds (1.93s).[0m
[2024-08-16T10:08:53.177+0000] {local.py:254} INFO - [0m10:08:51  Finished running  in 0 hours 0 minutes and 1.93 seconds (1.93s).
[2024-08-16T10:08:53.190+0000] {local.py:196} WARNING - Artifact schema version: https://schemas.getdbt.com/dbt/manifest/v12.json is above dbt-ol supported version 7. This might cause errors.
[2024-08-16T10:08:53.191+0000] {local.py:196} WARNING - Artifact schema version: https://schemas.getdbt.com/dbt/run-results/v6.json is above dbt-ol supported version 5. This might cause errors.
[2024-08-16T10:08:53.195+0000] {log.py:232} WARNING - [[34m2024-08-16T10:08:53.195+0000[0m] {[34mlocal.py:[0m349} INFO[0m - [35m(astronomer-cosmos)[0m - Inlets: [][0m
[2024-08-16T10:08:53.195+0000] {log.py:232} WARNING - [[34m2024-08-16T10:08:53.195+0000[0m] {[34mlocal.py:[0m349} INFO[0m - [35m(astronomer-cosmos)[0m - Inlets: [][0m
[2024-08-16T10:08:53.195+0000] {local.py:349} INFO - Inlets: []
[2024-08-16T10:08:53.197+0000] {log.py:232} WARNING - [[34m2024-08-16T10:08:53.196+0000[0m] {[34mlocal.py:[0m350} INFO[0m - [35m(astronomer-cosmos)[0m - Outlets: [][0m
[2024-08-16T10:08:53.197+0000] {log.py:232} WARNING - [[34m2024-08-16T10:08:53.196+0000[0m] {[34mlocal.py:[0m350} INFO[0m - [35m(astronomer-cosmos)[0m - Outlets: [][0m
[2024-08-16T10:08:53.196+0000] {local.py:350} INFO - Outlets: []
[2024-08-16T10:08:53.198+0000] {dag.py:3096} INFO - Sync 1 DAGs
[2024-08-16T10:08:53.212+0000] {dag.py:3954} INFO - Setting next_dagrun for Prediction_Model to None, run_after=None
[2024-08-16T10:08:53.252+0000] {taskinstance.py:441} INFO - ::group::Post task execution logs
[2024-08-16T10:08:53.260+0000] {taskinstance.py:1206} INFO - Marking task as SUCCESS. dag_id=Prediction_Model, task_id=weather_data_daily_models.stg_wind_speed_run, run_id=manual__2024-08-16T10:08:40.366913+00:00, execution_date=20240816T100840, start_date=20240816T100845, end_date=20240816T100853
[2024-08-16T10:08:53.312+0000] {local_task_job_runner.py:240} INFO - Task exited with return code 0
[2024-08-16T10:08:53.367+0000] {taskinstance.py:3503} INFO - 0 downstream tasks scheduled from follow-on schedule check
[2024-08-16T10:08:53.372+0000] {local_task_job_runner.py:222} INFO - ::endgroup::
