[2024-08-13T15:06:54.053+0000] {local_task_job_runner.py:120} INFO - ::group::Pre task execution logs
[2024-08-13T15:06:54.380+0000] {taskinstance.py:2076} INFO - Dependencies all met for dep_context=non-requeueable deps ti=<TaskInstance: Scrape_Province.province_models.stg_province_run manual__2024-08-13T15:05:58.590829+00:00 [queued]>
[2024-08-13T15:06:54.400+0000] {taskinstance.py:2076} INFO - Dependencies all met for dep_context=requeueable deps ti=<TaskInstance: Scrape_Province.province_models.stg_province_run manual__2024-08-13T15:05:58.590829+00:00 [queued]>
[2024-08-13T15:06:54.401+0000] {taskinstance.py:2306} INFO - Starting attempt 1 of 3
[2024-08-13T15:06:54.425+0000] {taskinstance.py:2330} INFO - Executing <Task(DbtRunLocalOperator): province_models.stg_province_run> on 2024-08-13 15:05:58.590829+00:00
[2024-08-13T15:06:54.441+0000] {warnings.py:112} WARNING - /home/***/.local/lib/python3.12/site-packages/***/task/task_runner/standard_task_runner.py:61: DeprecationWarning: This process (pid=192) is multi-threaded, use of fork() may lead to deadlocks in the child.
  pid = os.fork()

[2024-08-13T15:06:54.444+0000] {standard_task_runner.py:63} INFO - Started process 201 to run task
[2024-08-13T15:06:54.444+0000] {standard_task_runner.py:90} INFO - Running: ['***', 'tasks', 'run', 'Scrape_Province', 'province_models.stg_province_run', 'manual__2024-08-13T15:05:58.590829+00:00', '--job-id', '15', '--raw', '--subdir', 'DAGS_FOLDER/Province_Extraction.py', '--cfg-path', '/tmp/tmpdguy13ia']
[2024-08-13T15:06:54.450+0000] {standard_task_runner.py:91} INFO - Job 15: Subtask province_models.stg_province_run
[2024-08-13T15:06:54.474+0000] {warnings.py:112} WARNING - /home/***/.local/lib/python3.12/site-packages/***/settings.py:195: DeprecationWarning: The sql_alchemy_conn option in [core] has been moved to the sql_alchemy_conn option in [database] - the old setting has been used, but please update your config.
  SQL_ALCHEMY_CONN = conf.get("database", "SQL_ALCHEMY_CONN")

[2024-08-13T15:06:54.545+0000] {task_command.py:426} INFO - Running <TaskInstance: Scrape_Province.province_models.stg_province_run manual__2024-08-13T15:05:58.590829+00:00 [running]> on host ubuntu
[2024-08-13T15:06:54.717+0000] {taskinstance.py:2648} INFO - Exporting env vars: AIRFLOW_CTX_DAG_OWNER='Ducky' AIRFLOW_CTX_DAG_ID='Scrape_Province' AIRFLOW_CTX_TASK_ID='province_models.stg_province_run' AIRFLOW_CTX_EXECUTION_DATE='2024-08-13T15:05:58.590829+00:00' AIRFLOW_CTX_TRY_NUMBER='1' AIRFLOW_CTX_DAG_RUN_ID='manual__2024-08-13T15:05:58.590829+00:00'
[2024-08-13T15:06:54.721+0000] {taskinstance.py:430} INFO - ::endgroup::
[2024-08-13T15:06:54.772+0000] {log.py:232} WARNING - [[34m2024-08-13T15:06:54.772+0000[0m] {[34mgraph.py:[0m377} INFO[0m - [35m(astronomer-cosmos)[0m - Trying to parse the dbt project using dbt ls cache cosmos_cache__dbt_dag_filterd__customers_group...[0m
[2024-08-13T15:06:54.773+0000] {log.py:232} WARNING - [[34m2024-08-13T15:06:54.772+0000[0m] {[34mgraph.py:[0m377} INFO[0m - [35m(astronomer-cosmos)[0m - Trying to parse the dbt project using dbt ls cache cosmos_cache__dbt_dag_filterd__customers_group...[0m
[2024-08-13T15:06:54.772+0000] {graph.py:377} INFO - Trying to parse the dbt project using dbt ls cache cosmos_cache__dbt_dag_filterd__customers_group...
[2024-08-13T15:06:55.347+0000] {log.py:232} WARNING - [[34m2024-08-13T15:06:55.347+0000[0m] {[34mcache.py:[0m262} INFO[0m - [35m(astronomer-cosmos)[0m - Cosmos performance: time to calculate cache identifier cosmos_cache__dbt_dag_filterd__customers_group for current version: 0.5552516809998451[0m
[2024-08-13T15:06:55.349+0000] {log.py:232} WARNING - [[34m2024-08-13T15:06:55.347+0000[0m] {[34mcache.py:[0m262} INFO[0m - [35m(astronomer-cosmos)[0m - Cosmos performance: time to calculate cache identifier cosmos_cache__dbt_dag_filterd__customers_group for current version: 0.5552516809998451[0m
[2024-08-13T15:06:55.347+0000] {cache.py:262} INFO - Cosmos performance: time to calculate cache identifier cosmos_cache__dbt_dag_filterd__customers_group for current version: 0.5552516809998451
[2024-08-13T15:06:55.351+0000] {log.py:232} WARNING - [[34m2024-08-13T15:06:55.351+0000[0m] {[34mgraph.py:[0m394} INFO[0m - [35m(astronomer-cosmos)[0m - Cosmos performance [ubuntu|201]: The cache size for cosmos_cache__dbt_dag_filterd__customers_group is 3129[0m
[2024-08-13T15:06:55.352+0000] {log.py:232} WARNING - [[34m2024-08-13T15:06:55.351+0000[0m] {[34mgraph.py:[0m394} INFO[0m - [35m(astronomer-cosmos)[0m - Cosmos performance [ubuntu|201]: The cache size for cosmos_cache__dbt_dag_filterd__customers_group is 3129[0m
[2024-08-13T15:06:55.351+0000] {graph.py:394} INFO - Cosmos performance [ubuntu|201]: The cache size for cosmos_cache__dbt_dag_filterd__customers_group is 3129
[2024-08-13T15:06:55.354+0000] {log.py:232} WARNING - [[34m2024-08-13T15:06:55.354+0000[0m] {[34mgraph.py:[0m402} INFO[0m - [35m(astronomer-cosmos)[0m - Cosmos performance: Cache hit for cosmos_cache__dbt_dag_filterd__customers_group - bc84688c2019d022674d0deb4fed92b5,5f7d44698c4b67134aff532494870c9c[0m
[2024-08-13T15:06:55.355+0000] {log.py:232} WARNING - [[34m2024-08-13T15:06:55.354+0000[0m] {[34mgraph.py:[0m402} INFO[0m - [35m(astronomer-cosmos)[0m - Cosmos performance: Cache hit for cosmos_cache__dbt_dag_filterd__customers_group - bc84688c2019d022674d0deb4fed92b5,5f7d44698c4b67134aff532494870c9c[0m
[2024-08-13T15:06:55.354+0000] {graph.py:402} INFO - Cosmos performance: Cache hit for cosmos_cache__dbt_dag_filterd__customers_group - bc84688c2019d022674d0deb4fed92b5,5f7d44698c4b67134aff532494870c9c
[2024-08-13T15:06:55.357+0000] {log.py:232} WARNING - [[34m2024-08-13T15:06:55.356+0000[0m] {[34mgraph.py:[0m335} INFO[0m - [35m(astronomer-cosmos)[0m - Total nodes: 3[0m
[2024-08-13T15:06:55.357+0000] {log.py:232} WARNING - [[34m2024-08-13T15:06:55.356+0000[0m] {[34mgraph.py:[0m335} INFO[0m - [35m(astronomer-cosmos)[0m - Total nodes: 3[0m
[2024-08-13T15:06:55.356+0000] {graph.py:335} INFO - Total nodes: 3
[2024-08-13T15:06:55.359+0000] {log.py:232} WARNING - [[34m2024-08-13T15:06:55.359+0000[0m] {[34mgraph.py:[0m336} INFO[0m - [35m(astronomer-cosmos)[0m - Total filtered nodes: 3[0m
[2024-08-13T15:06:55.360+0000] {log.py:232} WARNING - [[34m2024-08-13T15:06:55.359+0000[0m] {[34mgraph.py:[0m336} INFO[0m - [35m(astronomer-cosmos)[0m - Total filtered nodes: 3[0m
[2024-08-13T15:06:55.359+0000] {graph.py:336} INFO - Total filtered nodes: 3
[2024-08-13T15:06:55.361+0000] {log.py:232} WARNING - [[34m2024-08-13T15:06:55.361+0000[0m] {[34mconverter.py:[0m251} INFO[0m - [35m(astronomer-cosmos)[0m - Cosmos performance (dbt_dag_filterd__customers_group) -  [ubuntu|201]: It took 0.59s to parse the dbt project for DAG using LoadMode.DBT_LS_CACHE[0m
[2024-08-13T15:06:55.362+0000] {log.py:232} WARNING - [[34m2024-08-13T15:06:55.361+0000[0m] {[34mconverter.py:[0m251} INFO[0m - [35m(astronomer-cosmos)[0m - Cosmos performance (dbt_dag_filterd__customers_group) -  [ubuntu|201]: It took 0.59s to parse the dbt project for DAG using LoadMode.DBT_LS_CACHE[0m
[2024-08-13T15:06:55.361+0000] {converter.py:251} INFO - Cosmos performance (dbt_dag_filterd__customers_group) -  [ubuntu|201]: It took 0.59s to parse the dbt project for DAG using LoadMode.DBT_LS_CACHE
[2024-08-13T15:06:55.368+0000] {log.py:232} WARNING - [[34m2024-08-13T15:06:55.367+0000[0m] {[34mproject.py:[0m35} INFO[0m - [35m(astronomer-cosmos)[0m - Project /opt/***/dags/Data_Marketplace does not have {'dependencies.yml', 'packages.yml'}[0m
[2024-08-13T15:06:55.369+0000] {log.py:232} WARNING - [[34m2024-08-13T15:06:55.367+0000[0m] {[34mproject.py:[0m35} INFO[0m - [35m(astronomer-cosmos)[0m - Project /opt/***/dags/Data_Marketplace does not have {'dependencies.yml', 'packages.yml'}[0m
[2024-08-13T15:06:55.367+0000] {project.py:35} INFO - Project /opt/***/dags/Data_Marketplace does not have {'dependencies.yml', 'packages.yml'}
[2024-08-13T15:06:55.375+0000] {log.py:232} WARNING - [[34m2024-08-13T15:06:55.374+0000[0m] {[34mproject.py:[0m35} INFO[0m - [35m(astronomer-cosmos)[0m - Project /opt/***/dags/Data_Marketplace does not have {'dependencies.yml', 'packages.yml'}[0m
[2024-08-13T15:06:55.376+0000] {log.py:232} WARNING - [[34m2024-08-13T15:06:55.374+0000[0m] {[34mproject.py:[0m35} INFO[0m - [35m(astronomer-cosmos)[0m - Project /opt/***/dags/Data_Marketplace does not have {'dependencies.yml', 'packages.yml'}[0m
[2024-08-13T15:06:55.374+0000] {project.py:35} INFO - Project /opt/***/dags/Data_Marketplace does not have {'dependencies.yml', 'packages.yml'}
[2024-08-13T15:06:55.381+0000] {log.py:232} WARNING - [[34m2024-08-13T15:06:55.381+0000[0m] {[34mproject.py:[0m35} INFO[0m - [35m(astronomer-cosmos)[0m - Project /opt/***/dags/Data_Marketplace does not have {'dependencies.yml', 'packages.yml'}[0m
[2024-08-13T15:06:55.382+0000] {log.py:232} WARNING - [[34m2024-08-13T15:06:55.381+0000[0m] {[34mproject.py:[0m35} INFO[0m - [35m(astronomer-cosmos)[0m - Project /opt/***/dags/Data_Marketplace does not have {'dependencies.yml', 'packages.yml'}[0m
[2024-08-13T15:06:55.381+0000] {project.py:35} INFO - Project /opt/***/dags/Data_Marketplace does not have {'dependencies.yml', 'packages.yml'}
[2024-08-13T15:06:55.383+0000] {log.py:232} WARNING - [[34m2024-08-13T15:06:55.383+0000[0m] {[34mconverter.py:[0m293} INFO[0m - [35m(astronomer-cosmos)[0m - Cosmos performance (dbt_dag_filterd__customers_group) - [ubuntu|201]: It took 0.022s to build the Airflow DAG.[0m
[2024-08-13T15:06:55.385+0000] {log.py:232} WARNING - [[34m2024-08-13T15:06:55.383+0000[0m] {[34mconverter.py:[0m293} INFO[0m - [35m(astronomer-cosmos)[0m - Cosmos performance (dbt_dag_filterd__customers_group) - [ubuntu|201]: It took 0.022s to build the Airflow DAG.[0m
[2024-08-13T15:06:55.383+0000] {converter.py:293} INFO - Cosmos performance (dbt_dag_filterd__customers_group) - [ubuntu|201]: It took 0.022s to build the Airflow DAG.
[2024-08-13T15:06:55.387+0000] {log.py:232} WARNING - [[34m2024-08-13T15:06:55.387+0000[0m] {[34mlocal.py:[0m174} INFO[0m - [35m(astronomer-cosmos)[0m - Could not import dbtRunner. Falling back to subprocess for invoking dbt.[0m
[2024-08-13T15:06:55.389+0000] {log.py:232} WARNING - [[34m2024-08-13T15:06:55.387+0000[0m] {[34mlocal.py:[0m174} INFO[0m - [35m(astronomer-cosmos)[0m - Could not import dbtRunner. Falling back to subprocess for invoking dbt.[0m
[2024-08-13T15:06:55.387+0000] {local.py:174} INFO - Could not import dbtRunner. Falling back to subprocess for invoking dbt.
[2024-08-13T15:06:55.393+0000] {log.py:232} WARNING - [[34m2024-08-13T15:06:55.392+0000[0m] {[34mlocal.py:[0m292} INFO[0m - [35m(astronomer-cosmos)[0m - Cloning project to writable temp directory /tmp/tmpw77zbg_t from /opt/***/dags/Data_Marketplace[0m
[2024-08-13T15:06:55.394+0000] {log.py:232} WARNING - [[34m2024-08-13T15:06:55.392+0000[0m] {[34mlocal.py:[0m292} INFO[0m - [35m(astronomer-cosmos)[0m - Cloning project to writable temp directory /tmp/tmpw77zbg_t from /opt/***/dags/Data_Marketplace[0m
[2024-08-13T15:06:55.392+0000] {local.py:292} INFO - Cloning project to writable temp directory /tmp/tmpw77zbg_t from /opt/airflow/dags/Data_Marketplace
[2024-08-13T15:06:55.407+0000] {log.py:232} WARNING - [[34m2024-08-13T15:06:55.406+0000[0m] {[34mlocal.py:[0m303} INFO[0m - [35m(astronomer-cosmos)[0m - Partial parse is enabled and the latest partial parse file is /opt/***/dags/Data_Marketplace/target/partial_parse.msgpack[0m
[2024-08-13T15:06:55.409+0000] {log.py:232} WARNING - [[34m2024-08-13T15:06:55.406+0000[0m] {[34mlocal.py:[0m303} INFO[0m - [35m(astronomer-cosmos)[0m - Partial parse is enabled and the latest partial parse file is /opt/***/dags/Data_Marketplace/target/partial_parse.msgpack[0m
[2024-08-13T15:06:55.406+0000] {local.py:303} INFO - Partial parse is enabled and the latest partial parse file is /opt/airflow/dags/Data_Marketplace/target/partial_parse.msgpack
[2024-08-13T15:06:55.479+0000] {log.py:232} WARNING - [[34m2024-08-13T15:06:55.478+0000[0m] {[34mconfig.py:[0m292} INFO[0m - [35m(astronomer-cosmos)[0m - Profile caching is enable.[0m
[2024-08-13T15:06:55.481+0000] {log.py:232} WARNING - [[34m2024-08-13T15:06:55.478+0000[0m] {[34mconfig.py:[0m292} INFO[0m - [35m(astronomer-cosmos)[0m - Profile caching is enable.[0m
[2024-08-13T15:06:55.478+0000] {config.py:292} INFO - Profile caching is enable.
[2024-08-13T15:06:55.498+0000] {taskinstance.py:441} INFO - ::group::Post task execution logs
[2024-08-13T15:06:55.513+0000] {taskinstance.py:2905} ERROR - Task failed with exception
Traceback (most recent call last):
  File "/home/airflow/.local/lib/python3.12/site-packages/airflow/models/taskinstance.py", line 465, in _execute_task
    result = _execute_callable(context=context, **execute_callable_kwargs)
             ^^^^^^^^^^^^^^^^^^^^^^^^^^^^^^^^^^^^^^^^^^^^^^^^^^^^^^^^^^^^^
  File "/home/airflow/.local/lib/python3.12/site-packages/airflow/models/taskinstance.py", line 432, in _execute_callable
    return execute_callable(context=context, **execute_callable_kwargs)
           ^^^^^^^^^^^^^^^^^^^^^^^^^^^^^^^^^^^^^^^^^^^^^^^^^^^^^^^^^^^^
  File "/home/airflow/.local/lib/python3.12/site-packages/airflow/models/baseoperator.py", line 401, in wrapper
    return func(self, *args, **kwargs)
           ^^^^^^^^^^^^^^^^^^^^^^^^^^^
  File "/home/airflow/.local/lib/python3.12/site-packages/cosmos/operators/base.py", line 270, in execute
    self.build_and_run_cmd(context=context, cmd_flags=self.add_cmd_flags())
  File "/home/airflow/.local/lib/python3.12/site-packages/cosmos/operators/local.py", line 489, in build_and_run_cmd
    result = self.run_command(cmd=dbt_cmd, env=env, context=context)
             ^^^^^^^^^^^^^^^^^^^^^^^^^^^^^^^^^^^^^^^^^^^^^^^^^^^^^^^
  File "/home/airflow/.local/lib/python3.12/site-packages/cosmos/operators/local.py", line 307, in run_command
    with self.profile_config.ensure_profile() as profile_values:
  File "/usr/local/lib/python3.12/contextlib.py", line 137, in __enter__
    return next(self.gen)
           ^^^^^^^^^^^^^^
  File "/home/airflow/.local/lib/python3.12/site-packages/cosmos/config.py", line 293, in ensure_profile
    cached_profile_path = self._get_profile_path(use_mock_values)
                          ^^^^^^^^^^^^^^^^^^^^^^^^^^^^^^^^^^^^^^^
  File "/home/airflow/.local/lib/python3.12/site-packages/cosmos/config.py", line 269, in _get_profile_path
    current_profile_version = self.profile_mapping.version(self.profile_name, self.target_name, use_mock_values)
                              ^^^^^^^^^^^^^^^^^^^^^^^^^^^^^^^^^^^^^^^^^^^^^^^^^^^^^^^^^^^^^^^^^^^^^^^^^^^^^^^^^^
  File "/home/airflow/.local/lib/python3.12/site-packages/cosmos/profiles/base.py", line 98, in version
    profile = self.profile
              ^^^^^^^^^^^^
  File "/home/airflow/.local/lib/python3.12/site-packages/cosmos/profiles/snowflake/user_pass.py", line 80, in profile
    **self.mapped_params,
      ^^^^^^^^^^^^^^^^^^
  File "/home/airflow/.local/lib/python3.12/site-packages/cosmos/profiles/base.py", line 318, in mapped_params
    mapped_params[dbt_field] = self.get_dbt_value(dbt_field)
                               ^^^^^^^^^^^^^^^^^^^^^^^^^^^^^
  File "/home/airflow/.local/lib/python3.12/site-packages/cosmos/profiles/base.py", line 295, in get_dbt_value
    value = self._get_airflow_conn_field(airflow_field)
            ^^^^^^^^^^^^^^^^^^^^^^^^^^^^^^^^^^^^^^^^^^^
  File "/home/airflow/.local/lib/python3.12/site-packages/cosmos/profiles/base.py", line 268, in _get_airflow_conn_field
    value = self.conn.extra_dejson.get(airflow_field)
            ^^^^^^^^^
  File "/home/airflow/.local/lib/python3.12/site-packages/cosmos/profiles/snowflake/user_pass.py", line 65, in conn
    conn = super().conn
           ^^^^^^^^^^^^
  File "/home/airflow/.local/lib/python3.12/site-packages/cosmos/profiles/base.py", line 146, in conn
    conn = BaseHook.get_connection(self.conn_id)
           ^^^^^^^^^^^^^^^^^^^^^^^^^^^^^^^^^^^^^
  File "/home/airflow/.local/lib/python3.12/site-packages/airflow/hooks/base.py", line 83, in get_connection
    conn = Connection.get_connection_from_secrets(conn_id)
           ^^^^^^^^^^^^^^^^^^^^^^^^^^^^^^^^^^^^^^^^^^^^^^^
  File "/home/airflow/.local/lib/python3.12/site-packages/airflow/models/connection.py", line 519, in get_connection_from_secrets
    raise AirflowNotFoundException(f"The conn_id `{conn_id}` isn't defined")
airflow.exceptions.AirflowNotFoundException: The conn_id `snowflake_conn` isn't defined
[2024-08-13T15:06:55.525+0000] {taskinstance.py:1206} INFO - Marking task as UP_FOR_RETRY. dag_id=Scrape_Province, task_id=province_models.stg_province_run, run_id=manual__2024-08-13T15:05:58.590829+00:00, execution_date=20240813T150558, start_date=20240813T150654, end_date=20240813T150655
[2024-08-13T15:06:55.550+0000] {standard_task_runner.py:110} ERROR - Failed to execute job 15 for task province_models.stg_province_run (The conn_id `snowflake_conn` isn't defined; 201)
[2024-08-13T15:06:55.584+0000] {local_task_job_runner.py:240} INFO - Task exited with return code 1
[2024-08-13T15:06:55.629+0000] {taskinstance.py:3503} INFO - 0 downstream tasks scheduled from follow-on schedule check
[2024-08-13T15:06:55.634+0000] {local_task_job_runner.py:222} INFO - ::endgroup::
