[2024-08-13T16:09:21.197+0000] {local_task_job_runner.py:120} INFO - ::group::Pre task execution logs
[2024-08-13T16:09:21.234+0000] {taskinstance.py:2076} INFO - Dependencies all met for dep_context=non-requeueable deps ti=<TaskInstance: Weather_Data_Extraction.generate_output_file backfill__2024-02-16T00:00:00+00:00 [queued]>
[2024-08-13T16:09:21.254+0000] {taskinstance.py:2076} INFO - Dependencies all met for dep_context=requeueable deps ti=<TaskInstance: Weather_Data_Extraction.generate_output_file backfill__2024-02-16T00:00:00+00:00 [queued]>
[2024-08-13T16:09:21.255+0000] {taskinstance.py:2306} INFO - Starting attempt 1 of 1
[2024-08-13T16:09:21.548+0000] {taskinstance.py:2330} INFO - Executing <Task(PythonOperator): generate_output_file> on 2024-02-16 00:00:00+00:00
[2024-08-13T16:09:21.562+0000] {warnings.py:112} WARNING - /home/***/.local/lib/python3.12/site-packages/***/task/task_runner/standard_task_runner.py:61: DeprecationWarning: This process (pid=1006) is multi-threaded, use of fork() may lead to deadlocks in the child.
  pid = os.fork()

[2024-08-13T16:09:21.565+0000] {standard_task_runner.py:63} INFO - Started process 1023 to run task
[2024-08-13T16:09:21.566+0000] {standard_task_runner.py:90} INFO - Running: ['***', 'tasks', 'run', 'Weather_Data_Extraction', 'generate_output_file', 'backfill__2024-02-16T00:00:00+00:00', '--job-id', '184', '--pool', 'default_pool', '--raw', '--subdir', 'DAGS_FOLDER/Data_Weather_Extraction.py', '--cfg-path', '/tmp/tmpaiofgjz6']
[2024-08-13T16:09:21.570+0000] {standard_task_runner.py:91} INFO - Job 184: Subtask generate_output_file
[2024-08-13T16:09:21.635+0000] {warnings.py:112} WARNING - /home/***/.local/lib/python3.12/site-packages/***/settings.py:195: DeprecationWarning: The sql_alchemy_conn option in [core] has been moved to the sql_alchemy_conn option in [database] - the old setting has been used, but please update your config.
  SQL_ALCHEMY_CONN = conf.get("database", "SQL_ALCHEMY_CONN")

[2024-08-13T16:09:21.701+0000] {task_command.py:426} INFO - Running <TaskInstance: Weather_Data_Extraction.generate_output_file backfill__2024-02-16T00:00:00+00:00 [running]> on host ubuntu
[2024-08-13T16:09:21.974+0000] {taskinstance.py:2648} INFO - Exporting env vars: AIRFLOW_CTX_DAG_OWNER='Ducky' AIRFLOW_CTX_DAG_ID='Weather_Data_Extraction' AIRFLOW_CTX_TASK_ID='generate_output_file' AIRFLOW_CTX_EXECUTION_DATE='2024-02-16T00:00:00+00:00' AIRFLOW_CTX_TRY_NUMBER='1' AIRFLOW_CTX_DAG_RUN_ID='backfill__2024-02-16T00:00:00+00:00'
[2024-08-13T16:09:21.991+0000] {taskinstance.py:430} INFO - ::endgroup::
[2024-08-13T16:09:22.034+0000] {logging_mixin.py:188} INFO - Generated output file: Data_Weather-20240216.csv
[2024-08-13T16:09:22.035+0000] {logging_mixin.py:188} INFO - Execution Date: 2024/02/16
[2024-08-13T16:09:22.111+0000] {python.py:237} INFO - Done. Returned value was: None
[2024-08-13T16:09:22.113+0000] {taskinstance.py:441} INFO - ::group::Post task execution logs
[2024-08-13T16:09:22.130+0000] {taskinstance.py:1206} INFO - Marking task as SUCCESS. dag_id=Weather_Data_Extraction, task_id=generate_output_file, run_id=backfill__2024-02-16T00:00:00+00:00, execution_date=20240216T000000, start_date=20240813T160921, end_date=20240813T160922
[2024-08-13T16:09:22.200+0000] {local_task_job_runner.py:240} INFO - Task exited with return code 0
[2024-08-13T16:09:23.221+0000] {taskinstance.py:3503} INFO - 1 downstream tasks scheduled from follow-on schedule check
[2024-08-13T16:09:23.230+0000] {local_task_job_runner.py:222} INFO - ::endgroup::
[2024-08-14T04:23:44.926+0000] {local_task_job_runner.py:120} INFO - ::group::Pre task execution logs
[2024-08-14T04:23:44.967+0000] {taskinstance.py:2076} INFO - Dependencies all met for dep_context=non-requeueable deps ti=<TaskInstance: Weather_Data_Extraction.generate_output_file backfill__2024-02-16T00:00:00+00:00 [queued]>
[2024-08-14T04:23:44.981+0000] {taskinstance.py:2076} INFO - Dependencies all met for dep_context=requeueable deps ti=<TaskInstance: Weather_Data_Extraction.generate_output_file backfill__2024-02-16T00:00:00+00:00 [queued]>
[2024-08-14T04:23:44.983+0000] {taskinstance.py:2306} INFO - Starting attempt 1 of 1
[2024-08-14T04:23:45.143+0000] {taskinstance.py:2330} INFO - Executing <Task(PythonOperator): generate_output_file> on 2024-02-16 00:00:00+00:00
[2024-08-14T04:23:45.149+0000] {warnings.py:112} WARNING - /home/***/.local/lib/python3.12/site-packages/***/task/task_runner/standard_task_runner.py:61: DeprecationWarning: This process (pid=2152) is multi-threaded, use of fork() may lead to deadlocks in the child.
  pid = os.fork()

[2024-08-14T04:23:45.151+0000] {standard_task_runner.py:63} INFO - Started process 2154 to run task
[2024-08-14T04:23:45.151+0000] {standard_task_runner.py:90} INFO - Running: ['***', 'tasks', 'run', 'Weather_Data_Extraction', 'generate_output_file', 'backfill__2024-02-16T00:00:00+00:00', '--job-id', '542', '--pool', 'default_pool', '--raw', '--subdir', 'DAGS_FOLDER/Data_Weather_Extraction.py', '--cfg-path', '/tmp/tmpdnkozz5d']
[2024-08-14T04:23:45.154+0000] {standard_task_runner.py:91} INFO - Job 542: Subtask generate_output_file
[2024-08-14T04:23:45.215+0000] {task_command.py:426} INFO - Running <TaskInstance: Weather_Data_Extraction.generate_output_file backfill__2024-02-16T00:00:00+00:00 [running]> on host ubuntu
[2024-08-14T04:23:45.315+0000] {taskinstance.py:2648} INFO - Exporting env vars: AIRFLOW_CTX_DAG_OWNER='Ducky' AIRFLOW_CTX_DAG_ID='Weather_Data_Extraction' AIRFLOW_CTX_TASK_ID='generate_output_file' AIRFLOW_CTX_EXECUTION_DATE='2024-02-16T00:00:00+00:00' AIRFLOW_CTX_TRY_NUMBER='1' AIRFLOW_CTX_DAG_RUN_ID='backfill__2024-02-16T00:00:00+00:00'
[2024-08-14T04:23:45.317+0000] {taskinstance.py:430} INFO - ::endgroup::
[2024-08-14T04:23:45.331+0000] {logging_mixin.py:188} INFO - Generated output file: Data_Weather-20240216.csv
[2024-08-14T04:23:45.331+0000] {logging_mixin.py:188} INFO - Execution Date: 2024/02/16
[2024-08-14T04:23:45.354+0000] {python.py:237} INFO - Done. Returned value was: None
[2024-08-14T04:23:45.355+0000] {taskinstance.py:441} INFO - ::group::Post task execution logs
[2024-08-14T04:23:45.364+0000] {taskinstance.py:1206} INFO - Marking task as SUCCESS. dag_id=Weather_Data_Extraction, task_id=generate_output_file, run_id=backfill__2024-02-16T00:00:00+00:00, execution_date=20240216T000000, start_date=20240814T042344, end_date=20240814T042345
[2024-08-14T04:23:45.405+0000] {local_task_job_runner.py:240} INFO - Task exited with return code 0
[2024-08-14T04:23:45.459+0000] {taskinstance.py:3503} INFO - 1 downstream tasks scheduled from follow-on schedule check
[2024-08-14T04:23:45.469+0000] {local_task_job_runner.py:222} INFO - ::endgroup::
