[2024-08-16T09:45:12.513+0000] {local_task_job_runner.py:120} INFO - ::group::Pre task execution logs
[2024-08-16T09:45:12.530+0000] {taskinstance.py:2076} INFO - Dependencies all met for dep_context=non-requeueable deps ti=<TaskInstance: Weather_Data_Extraction.generate_output_file backfill__2024-08-13T00:00:00+00:00 [queued]>
[2024-08-16T09:45:12.537+0000] {taskinstance.py:2076} INFO - Dependencies all met for dep_context=requeueable deps ti=<TaskInstance: Weather_Data_Extraction.generate_output_file backfill__2024-08-13T00:00:00+00:00 [queued]>
[2024-08-16T09:45:12.538+0000] {taskinstance.py:2306} INFO - Starting attempt 1 of 1
[2024-08-16T09:45:12.558+0000] {taskinstance.py:2330} INFO - Executing <Task(PythonOperator): generate_output_file> on 2024-08-13 00:00:00+00:00
[2024-08-16T09:45:12.570+0000] {warnings.py:112} WARNING - /home/***/.local/lib/python3.12/site-packages/***/task/task_runner/standard_task_runner.py:61: DeprecationWarning: This process (pid=1522) is multi-threaded, use of fork() may lead to deadlocks in the child.
  pid = os.fork()

[2024-08-16T09:45:12.573+0000] {standard_task_runner.py:63} INFO - Started process 1536 to run task
[2024-08-16T09:45:12.572+0000] {standard_task_runner.py:90} INFO - Running: ['***', 'tasks', 'run', 'Weather_Data_Extraction', 'generate_output_file', 'backfill__2024-08-13T00:00:00+00:00', '--job-id', '1178', '--pool', 'default_pool', '--raw', '--subdir', 'DAGS_FOLDER/Data_Weather_Extraction.py', '--cfg-path', '/tmp/tmpcr66xlfh']
[2024-08-16T09:45:12.576+0000] {standard_task_runner.py:91} INFO - Job 1178: Subtask generate_output_file
[2024-08-16T09:45:12.628+0000] {task_command.py:426} INFO - Running <TaskInstance: Weather_Data_Extraction.generate_output_file backfill__2024-08-13T00:00:00+00:00 [running]> on host ubuntu
[2024-08-16T09:45:12.720+0000] {taskinstance.py:2648} INFO - Exporting env vars: AIRFLOW_CTX_DAG_OWNER='Ducky' AIRFLOW_CTX_DAG_ID='Weather_Data_Extraction' AIRFLOW_CTX_TASK_ID='generate_output_file' AIRFLOW_CTX_EXECUTION_DATE='2024-08-13T00:00:00+00:00' AIRFLOW_CTX_TRY_NUMBER='1' AIRFLOW_CTX_DAG_RUN_ID='backfill__2024-08-13T00:00:00+00:00'
[2024-08-16T09:45:12.724+0000] {taskinstance.py:430} INFO - ::endgroup::
[2024-08-16T09:45:12.737+0000] {logging_mixin.py:188} INFO - Generated output file: Data_Weather-20240813.csv
[2024-08-16T09:45:12.737+0000] {logging_mixin.py:188} INFO - Execution Date: 2024/08/13
[2024-08-16T09:45:12.763+0000] {python.py:237} INFO - Done. Returned value was: None
[2024-08-16T09:45:12.764+0000] {taskinstance.py:441} INFO - ::group::Post task execution logs
[2024-08-16T09:45:12.774+0000] {taskinstance.py:1206} INFO - Marking task as SUCCESS. dag_id=Weather_Data_Extraction, task_id=generate_output_file, run_id=backfill__2024-08-13T00:00:00+00:00, execution_date=20240813T000000, start_date=20240816T094512, end_date=20240816T094512
[2024-08-16T09:45:12.828+0000] {local_task_job_runner.py:240} INFO - Task exited with return code 0
[2024-08-16T09:45:12.858+0000] {taskinstance.py:3503} INFO - 1 downstream tasks scheduled from follow-on schedule check
[2024-08-16T09:45:12.861+0000] {local_task_job_runner.py:222} INFO - ::endgroup::
[2024-08-16T10:08:50.356+0000] {local_task_job_runner.py:120} INFO - ::group::Pre task execution logs
[2024-08-16T10:08:50.383+0000] {taskinstance.py:2076} INFO - Dependencies all met for dep_context=non-requeueable deps ti=<TaskInstance: Weather_Data_Extraction.generate_output_file backfill__2024-08-13T00:00:00+00:00 [queued]>
[2024-08-16T10:08:50.392+0000] {taskinstance.py:2076} INFO - Dependencies all met for dep_context=requeueable deps ti=<TaskInstance: Weather_Data_Extraction.generate_output_file backfill__2024-08-13T00:00:00+00:00 [queued]>
[2024-08-16T10:08:50.393+0000] {taskinstance.py:2306} INFO - Starting attempt 1 of 1
[2024-08-16T10:08:50.406+0000] {taskinstance.py:2330} INFO - Executing <Task(PythonOperator): generate_output_file> on 2024-08-13 00:00:00+00:00
[2024-08-16T10:08:50.412+0000] {warnings.py:112} WARNING - /home/***/.local/lib/python3.12/site-packages/***/task/task_runner/standard_task_runner.py:61: DeprecationWarning: This process (pid=2288) is multi-threaded, use of fork() may lead to deadlocks in the child.
  pid = os.fork()

[2024-08-16T10:08:50.414+0000] {standard_task_runner.py:63} INFO - Started process 2296 to run task
[2024-08-16T10:08:50.414+0000] {standard_task_runner.py:90} INFO - Running: ['***', 'tasks', 'run', 'Weather_Data_Extraction', 'generate_output_file', 'backfill__2024-08-13T00:00:00+00:00', '--job-id', '1263', '--pool', 'default_pool', '--raw', '--subdir', 'DAGS_FOLDER/Data_Weather_Extraction.py', '--cfg-path', '/tmp/tmpa9jp1147']
[2024-08-16T10:08:50.417+0000] {standard_task_runner.py:91} INFO - Job 1263: Subtask generate_output_file
[2024-08-16T10:08:50.467+0000] {task_command.py:426} INFO - Running <TaskInstance: Weather_Data_Extraction.generate_output_file backfill__2024-08-13T00:00:00+00:00 [running]> on host ubuntu
[2024-08-16T10:08:50.670+0000] {taskinstance.py:2648} INFO - Exporting env vars: AIRFLOW_CTX_DAG_OWNER='Ducky' AIRFLOW_CTX_DAG_ID='Weather_Data_Extraction' AIRFLOW_CTX_TASK_ID='generate_output_file' AIRFLOW_CTX_EXECUTION_DATE='2024-08-13T00:00:00+00:00' AIRFLOW_CTX_TRY_NUMBER='1' AIRFLOW_CTX_DAG_RUN_ID='backfill__2024-08-13T00:00:00+00:00'
[2024-08-16T10:08:50.675+0000] {taskinstance.py:430} INFO - ::endgroup::
[2024-08-16T10:08:50.709+0000] {logging_mixin.py:188} INFO - Generated output file: Data_Weather-20240813.csv
[2024-08-16T10:08:50.710+0000] {logging_mixin.py:188} INFO - Execution Date: 2024/08/13
[2024-08-16T10:08:50.772+0000] {python.py:237} INFO - Done. Returned value was: None
[2024-08-16T10:08:50.773+0000] {taskinstance.py:441} INFO - ::group::Post task execution logs
[2024-08-16T10:08:50.805+0000] {taskinstance.py:1206} INFO - Marking task as SUCCESS. dag_id=Weather_Data_Extraction, task_id=generate_output_file, run_id=backfill__2024-08-13T00:00:00+00:00, execution_date=20240813T000000, start_date=20240816T100850, end_date=20240816T100850
[2024-08-16T10:08:50.870+0000] {local_task_job_runner.py:240} INFO - Task exited with return code 0
[2024-08-16T10:08:50.908+0000] {taskinstance.py:3503} INFO - 1 downstream tasks scheduled from follow-on schedule check
[2024-08-16T10:08:50.910+0000] {local_task_job_runner.py:222} INFO - ::endgroup::
