[2024-08-09T09:10:52.647+0000] {local_task_job_runner.py:120} INFO - ::group::Pre task execution logs
[2024-08-09T09:10:52.666+0000] {taskinstance.py:2076} INFO - Dependencies all met for dep_context=non-requeueable deps ti=<TaskInstance: Scrape_City.invoke_lambda_task manual__2024-08-09T09:10:46.597523+00:00 [queued]>
[2024-08-09T09:10:52.850+0000] {taskinstance.py:2076} INFO - Dependencies all met for dep_context=requeueable deps ti=<TaskInstance: Scrape_City.invoke_lambda_task manual__2024-08-09T09:10:46.597523+00:00 [queued]>
[2024-08-09T09:10:52.851+0000] {taskinstance.py:2306} INFO - Starting attempt 1 of 1
[2024-08-09T09:10:52.865+0000] {taskinstance.py:2330} INFO - Executing <Task(PythonOperator): invoke_lambda_task> on 2024-08-09 09:10:46.597523+00:00
[2024-08-09T09:10:52.880+0000] {warnings.py:112} WARNING - /home/***/.local/lib/python3.12/site-packages/***/task/task_runner/standard_task_runner.py:61: DeprecationWarning: This process (pid=1462) is multi-threaded, use of fork() may lead to deadlocks in the child.
  pid = os.fork()

[2024-08-09T09:10:52.882+0000] {standard_task_runner.py:63} INFO - Started process 1464 to run task
[2024-08-09T09:10:52.885+0000] {standard_task_runner.py:90} INFO - Running: ['***', 'tasks', 'run', 'Scrape_City', 'invoke_lambda_task', 'manual__2024-08-09T09:10:46.597523+00:00', '--job-id', '91', '--raw', '--subdir', 'DAGS_FOLDER/City_Extraction.py', '--cfg-path', '/tmp/tmp3cee26wq']
[2024-08-09T09:10:52.888+0000] {standard_task_runner.py:91} INFO - Job 91: Subtask invoke_lambda_task
[2024-08-09T09:10:52.907+0000] {warnings.py:112} WARNING - /home/***/.local/lib/python3.12/site-packages/***/settings.py:195: DeprecationWarning: The sql_alchemy_conn option in [core] has been moved to the sql_alchemy_conn option in [database] - the old setting has been used, but please update your config.
  SQL_ALCHEMY_CONN = conf.get("database", "SQL_ALCHEMY_CONN")

[2024-08-09T09:10:52.948+0000] {task_command.py:426} INFO - Running <TaskInstance: Scrape_City.invoke_lambda_task manual__2024-08-09T09:10:46.597523+00:00 [running]> on host ubuntu
[2024-08-09T09:10:53.045+0000] {taskinstance.py:2648} INFO - Exporting env vars: AIRFLOW_CTX_DAG_OWNER='Ducky' AIRFLOW_CTX_DAG_ID='Scrape_City' AIRFLOW_CTX_TASK_ID='invoke_lambda_task' AIRFLOW_CTX_EXECUTION_DATE='2024-08-09T09:10:46.597523+00:00' AIRFLOW_CTX_TRY_NUMBER='1' AIRFLOW_CTX_DAG_RUN_ID='manual__2024-08-09T09:10:46.597523+00:00'
[2024-08-09T09:10:53.049+0000] {taskinstance.py:430} INFO - ::endgroup::
[2024-08-09T09:10:53.078+0000] {logging_mixin.py:188} INFO - city_table-20240808.csv
[2024-08-09T09:10:53.078+0000] {logging_mixin.py:188} INFO - {"execution_date": "city_table-20240808.csv"}
[2024-08-09T09:10:53.078+0000] {logging_mixin.py:188} INFO - https://dql87wyic7.execute-api.ap-southeast-2.amazonaws.com/dev?execution_date=city_table-20240808.csv
[2024-08-09T09:11:17.528+0000] {logging_mixin.py:188} INFO - Lambda function invoked successfully.
[2024-08-09T09:11:17.528+0000] {logging_mixin.py:188} INFO - Response: {'statusCode': 200, 'body': '{"execution_date": "city_table-20240808.csv"}'}
[2024-08-09T09:11:17.530+0000] {python.py:237} INFO - Done. Returned value was: None
[2024-08-09T09:11:17.531+0000] {taskinstance.py:441} INFO - ::group::Post task execution logs
[2024-08-09T09:11:17.541+0000] {taskinstance.py:1206} INFO - Marking task as SUCCESS. dag_id=Scrape_City, task_id=invoke_lambda_task, run_id=manual__2024-08-09T09:10:46.597523+00:00, execution_date=20240809T091046, start_date=20240809T091052, end_date=20240809T091117
[2024-08-09T09:11:17.568+0000] {local_task_job_runner.py:240} INFO - Task exited with return code 0
[2024-08-09T09:11:17.600+0000] {taskinstance.py:3503} INFO - 1 downstream tasks scheduled from follow-on schedule check
[2024-08-09T09:11:17.602+0000] {local_task_job_runner.py:222} INFO - ::endgroup::
