[2024-08-09T08:58:58.059+0000] {local_task_job_runner.py:120} INFO - ::group::Pre task execution logs
[2024-08-09T08:58:58.266+0000] {taskinstance.py:2076} INFO - Dependencies all met for dep_context=non-requeueable deps ti=<TaskInstance: Scrape_Province.invoke_lambda_task manual__2024-08-09T08:58:51.742378+00:00 [queued]>
[2024-08-09T08:58:58.275+0000] {taskinstance.py:2076} INFO - Dependencies all met for dep_context=requeueable deps ti=<TaskInstance: Scrape_Province.invoke_lambda_task manual__2024-08-09T08:58:51.742378+00:00 [queued]>
[2024-08-09T08:58:58.275+0000] {taskinstance.py:2306} INFO - Starting attempt 1 of 1
[2024-08-09T08:58:58.289+0000] {taskinstance.py:2330} INFO - Executing <Task(PythonOperator): invoke_lambda_task> on 2024-08-09 08:58:51.742378+00:00
[2024-08-09T08:58:58.303+0000] {warnings.py:112} WARNING - /home/***/.local/lib/python3.12/site-packages/***/task/task_runner/standard_task_runner.py:61: DeprecationWarning: This process (pid=1159) is multi-threaded, use of fork() may lead to deadlocks in the child.
  pid = os.fork()

[2024-08-09T08:58:58.305+0000] {standard_task_runner.py:63} INFO - Started process 1161 to run task
[2024-08-09T08:58:58.308+0000] {standard_task_runner.py:90} INFO - Running: ['***', 'tasks', 'run', 'Scrape_Province', 'invoke_lambda_task', 'manual__2024-08-09T08:58:51.742378+00:00', '--job-id', '64', '--raw', '--subdir', 'DAGS_FOLDER/Province_Extraction.py', '--cfg-path', '/tmp/tmpfl7j7nke']
[2024-08-09T08:58:58.311+0000] {standard_task_runner.py:91} INFO - Job 64: Subtask invoke_lambda_task
[2024-08-09T08:58:58.328+0000] {warnings.py:112} WARNING - /home/***/.local/lib/python3.12/site-packages/***/settings.py:195: DeprecationWarning: The sql_alchemy_conn option in [core] has been moved to the sql_alchemy_conn option in [database] - the old setting has been used, but please update your config.
  SQL_ALCHEMY_CONN = conf.get("database", "SQL_ALCHEMY_CONN")

[2024-08-09T08:58:58.371+0000] {task_command.py:426} INFO - Running <TaskInstance: Scrape_Province.invoke_lambda_task manual__2024-08-09T08:58:51.742378+00:00 [running]> on host ubuntu
[2024-08-09T08:58:58.485+0000] {taskinstance.py:2648} INFO - Exporting env vars: AIRFLOW_CTX_DAG_OWNER='Ducky' AIRFLOW_CTX_DAG_ID='Scrape_Province' AIRFLOW_CTX_TASK_ID='invoke_lambda_task' AIRFLOW_CTX_EXECUTION_DATE='2024-08-09T08:58:51.742378+00:00' AIRFLOW_CTX_TRY_NUMBER='1' AIRFLOW_CTX_DAG_RUN_ID='manual__2024-08-09T08:58:51.742378+00:00'
[2024-08-09T08:58:58.489+0000] {taskinstance.py:430} INFO - ::endgroup::
[2024-08-09T08:58:58.520+0000] {logging_mixin.py:188} INFO - province_table-20240808.csv
[2024-08-09T08:58:58.520+0000] {logging_mixin.py:188} INFO - {"execution_date": "province_table-20240808.csv"}
[2024-08-09T08:58:58.520+0000] {logging_mixin.py:188} INFO - https://4d1d8hk23f.execute-api.ap-southeast-2.amazonaws.com/dev?execution_date=province_table-20240808.csv
[2024-08-09T08:58:59.116+0000] {logging_mixin.py:188} INFO - Lambda function invoked successfully.
[2024-08-09T08:58:59.117+0000] {logging_mixin.py:188} INFO - Response: {'statusCode': 200, 'body': '{"execution_date": "province_table-20240808.csv"}'}
[2024-08-09T08:58:59.119+0000] {python.py:237} INFO - Done. Returned value was: None
[2024-08-09T08:58:59.119+0000] {taskinstance.py:441} INFO - ::group::Post task execution logs
[2024-08-09T08:58:59.129+0000] {taskinstance.py:1206} INFO - Marking task as SUCCESS. dag_id=Scrape_Province, task_id=invoke_lambda_task, run_id=manual__2024-08-09T08:58:51.742378+00:00, execution_date=20240809T085851, start_date=20240809T085858, end_date=20240809T085859
[2024-08-09T08:58:59.164+0000] {local_task_job_runner.py:240} INFO - Task exited with return code 0
[2024-08-09T08:58:59.195+0000] {taskinstance.py:3503} INFO - 1 downstream tasks scheduled from follow-on schedule check
[2024-08-09T08:58:59.197+0000] {local_task_job_runner.py:222} INFO - ::endgroup::
