[2024-08-13T16:11:08.744+0000] {local_task_job_runner.py:120} INFO - ::group::Pre task execution logs
[2024-08-13T16:11:08.793+0000] {taskinstance.py:2076} INFO - Dependencies all met for dep_context=non-requeueable deps ti=<TaskInstance: Weather_Data_Extraction.generate_output_file backfill__2024-03-17T00:00:00+00:00 [queued]>
[2024-08-13T16:11:08.842+0000] {taskinstance.py:2076} INFO - Dependencies all met for dep_context=requeueable deps ti=<TaskInstance: Weather_Data_Extraction.generate_output_file backfill__2024-03-17T00:00:00+00:00 [queued]>
[2024-08-13T16:11:08.843+0000] {taskinstance.py:2306} INFO - Starting attempt 1 of 1
[2024-08-13T16:11:09.172+0000] {taskinstance.py:2330} INFO - Executing <Task(PythonOperator): generate_output_file> on 2024-03-17 00:00:00+00:00
[2024-08-13T16:11:09.190+0000] {warnings.py:112} WARNING - /home/***/.local/lib/python3.12/site-packages/***/task/task_runner/standard_task_runner.py:61: DeprecationWarning: This process (pid=1313) is multi-threaded, use of fork() may lead to deadlocks in the child.
  pid = os.fork()

[2024-08-13T16:11:09.193+0000] {standard_task_runner.py:63} INFO - Started process 1330 to run task
[2024-08-13T16:11:09.193+0000] {standard_task_runner.py:90} INFO - Running: ['***', 'tasks', 'run', 'Weather_Data_Extraction', 'generate_output_file', 'backfill__2024-03-17T00:00:00+00:00', '--job-id', '280', '--pool', 'default_pool', '--raw', '--subdir', 'DAGS_FOLDER/Data_Weather_Extraction.py', '--cfg-path', '/tmp/tmp0faub4h9']
[2024-08-13T16:11:09.207+0000] {standard_task_runner.py:91} INFO - Job 280: Subtask generate_output_file
[2024-08-13T16:11:09.242+0000] {warnings.py:112} WARNING - /home/***/.local/lib/python3.12/site-packages/***/settings.py:195: DeprecationWarning: The sql_alchemy_conn option in [core] has been moved to the sql_alchemy_conn option in [database] - the old setting has been used, but please update your config.
  SQL_ALCHEMY_CONN = conf.get("database", "SQL_ALCHEMY_CONN")

[2024-08-13T16:11:09.342+0000] {task_command.py:426} INFO - Running <TaskInstance: Weather_Data_Extraction.generate_output_file backfill__2024-03-17T00:00:00+00:00 [running]> on host ubuntu
[2024-08-13T16:11:09.611+0000] {taskinstance.py:2648} INFO - Exporting env vars: AIRFLOW_CTX_DAG_OWNER='Ducky' AIRFLOW_CTX_DAG_ID='Weather_Data_Extraction' AIRFLOW_CTX_TASK_ID='generate_output_file' AIRFLOW_CTX_EXECUTION_DATE='2024-03-17T00:00:00+00:00' AIRFLOW_CTX_TRY_NUMBER='1' AIRFLOW_CTX_DAG_RUN_ID='backfill__2024-03-17T00:00:00+00:00'
[2024-08-13T16:11:09.614+0000] {taskinstance.py:430} INFO - ::endgroup::
[2024-08-13T16:11:09.645+0000] {logging_mixin.py:188} INFO - Generated output file: Data_Weather-20240317.csv
[2024-08-13T16:11:09.649+0000] {logging_mixin.py:188} INFO - Execution Date: 2024/03/17
[2024-08-13T16:11:09.690+0000] {python.py:237} INFO - Done. Returned value was: None
[2024-08-13T16:11:09.694+0000] {taskinstance.py:441} INFO - ::group::Post task execution logs
[2024-08-13T16:11:09.711+0000] {taskinstance.py:1206} INFO - Marking task as SUCCESS. dag_id=Weather_Data_Extraction, task_id=generate_output_file, run_id=backfill__2024-03-17T00:00:00+00:00, execution_date=20240317T000000, start_date=20240813T161108, end_date=20240813T161109
[2024-08-13T16:11:09.792+0000] {local_task_job_runner.py:240} INFO - Task exited with return code 0
[2024-08-13T16:11:09.839+0000] {taskinstance.py:3503} INFO - 1 downstream tasks scheduled from follow-on schedule check
[2024-08-13T16:11:09.842+0000] {local_task_job_runner.py:222} INFO - ::endgroup::
[2024-08-14T04:54:35.283+0000] {local_task_job_runner.py:120} INFO - ::group::Pre task execution logs
[2024-08-14T04:54:35.307+0000] {taskinstance.py:2076} INFO - Dependencies all met for dep_context=non-requeueable deps ti=<TaskInstance: Weather_Data_Extraction.generate_output_file backfill__2024-03-17T00:00:00+00:00 [queued]>
[2024-08-14T04:54:35.318+0000] {taskinstance.py:2076} INFO - Dependencies all met for dep_context=requeueable deps ti=<TaskInstance: Weather_Data_Extraction.generate_output_file backfill__2024-03-17T00:00:00+00:00 [queued]>
[2024-08-14T04:54:35.319+0000] {taskinstance.py:2306} INFO - Starting attempt 1 of 1
[2024-08-14T04:54:35.472+0000] {taskinstance.py:2330} INFO - Executing <Task(PythonOperator): generate_output_file> on 2024-03-17 00:00:00+00:00
[2024-08-14T04:54:35.479+0000] {warnings.py:112} WARNING - /home/***/.local/lib/python3.12/site-packages/***/task/task_runner/standard_task_runner.py:61: DeprecationWarning: This process (pid=2816) is multi-threaded, use of fork() may lead to deadlocks in the child.
  pid = os.fork()

[2024-08-14T04:54:35.481+0000] {standard_task_runner.py:63} INFO - Started process 2818 to run task
[2024-08-14T04:54:35.481+0000] {standard_task_runner.py:90} INFO - Running: ['***', 'tasks', 'run', 'Weather_Data_Extraction', 'generate_output_file', 'backfill__2024-03-17T00:00:00+00:00', '--job-id', '632', '--pool', 'default_pool', '--raw', '--subdir', 'DAGS_FOLDER/Data_Weather_Extraction.py', '--cfg-path', '/tmp/tmp_iwy5ob7']
[2024-08-14T04:54:35.484+0000] {standard_task_runner.py:91} INFO - Job 632: Subtask generate_output_file
[2024-08-14T04:54:35.567+0000] {task_command.py:426} INFO - Running <TaskInstance: Weather_Data_Extraction.generate_output_file backfill__2024-03-17T00:00:00+00:00 [running]> on host ubuntu
[2024-08-14T04:54:35.667+0000] {taskinstance.py:2648} INFO - Exporting env vars: AIRFLOW_CTX_DAG_OWNER='Ducky' AIRFLOW_CTX_DAG_ID='Weather_Data_Extraction' AIRFLOW_CTX_TASK_ID='generate_output_file' AIRFLOW_CTX_EXECUTION_DATE='2024-03-17T00:00:00+00:00' AIRFLOW_CTX_TRY_NUMBER='1' AIRFLOW_CTX_DAG_RUN_ID='backfill__2024-03-17T00:00:00+00:00'
[2024-08-14T04:54:35.669+0000] {taskinstance.py:430} INFO - ::endgroup::
[2024-08-14T04:54:35.682+0000] {logging_mixin.py:188} INFO - Generated output file: Data_Weather-20240317.csv
[2024-08-14T04:54:35.683+0000] {logging_mixin.py:188} INFO - Execution Date: 2024/03/17
[2024-08-14T04:54:35.708+0000] {python.py:237} INFO - Done. Returned value was: None
[2024-08-14T04:54:35.709+0000] {taskinstance.py:441} INFO - ::group::Post task execution logs
[2024-08-14T04:54:35.719+0000] {taskinstance.py:1206} INFO - Marking task as SUCCESS. dag_id=Weather_Data_Extraction, task_id=generate_output_file, run_id=backfill__2024-03-17T00:00:00+00:00, execution_date=20240317T000000, start_date=20240814T045435, end_date=20240814T045435
[2024-08-14T04:54:35.777+0000] {local_task_job_runner.py:240} INFO - Task exited with return code 0
[2024-08-14T04:54:35.837+0000] {taskinstance.py:3503} INFO - 1 downstream tasks scheduled from follow-on schedule check
[2024-08-14T04:54:35.844+0000] {local_task_job_runner.py:222} INFO - ::endgroup::
