[2024-08-16T09:47:50.652+0000] {local_task_job_runner.py:120} INFO - ::group::Pre task execution logs
[2024-08-16T09:47:50.668+0000] {taskinstance.py:2076} INFO - Dependencies all met for dep_context=non-requeueable deps ti=<TaskInstance: Prediction_Model.weather_data_daily_models.fct_weather_data_daily_run manual__2024-08-16T09:47:32.212437+00:00 [queued]>
[2024-08-16T09:47:50.679+0000] {taskinstance.py:2076} INFO - Dependencies all met for dep_context=requeueable deps ti=<TaskInstance: Prediction_Model.weather_data_daily_models.fct_weather_data_daily_run manual__2024-08-16T09:47:32.212437+00:00 [queued]>
[2024-08-16T09:47:50.680+0000] {taskinstance.py:2306} INFO - Starting attempt 1 of 3
[2024-08-16T09:47:50.694+0000] {taskinstance.py:2330} INFO - Executing <Task(DbtRunLocalOperator): weather_data_daily_models.fct_weather_data_daily_run> on 2024-08-16 09:47:32.212437+00:00
[2024-08-16T09:47:50.701+0000] {warnings.py:112} WARNING - /home/***/.local/lib/python3.12/site-packages/***/task/task_runner/standard_task_runner.py:61: DeprecationWarning: This process (pid=1676) is multi-threaded, use of fork() may lead to deadlocks in the child.
  pid = os.fork()

[2024-08-16T09:47:50.703+0000] {standard_task_runner.py:63} INFO - Started process 1680 to run task
[2024-08-16T09:47:50.703+0000] {standard_task_runner.py:90} INFO - Running: ['***', 'tasks', 'run', 'Prediction_Model', 'weather_data_daily_models.fct_weather_data_daily_run', 'manual__2024-08-16T09:47:32.212437+00:00', '--job-id', '1196', '--raw', '--subdir', 'DAGS_FOLDER/Prediction_Model.py', '--cfg-path', '/tmp/tmpdinab4h7']
[2024-08-16T09:47:50.705+0000] {standard_task_runner.py:91} INFO - Job 1196: Subtask weather_data_daily_models.fct_weather_data_daily_run
[2024-08-16T09:47:50.749+0000] {task_command.py:426} INFO - Running <TaskInstance: Prediction_Model.weather_data_daily_models.fct_weather_data_daily_run manual__2024-08-16T09:47:32.212437+00:00 [running]> on host ubuntu
[2024-08-16T09:47:50.844+0000] {taskinstance.py:2648} INFO - Exporting env vars: AIRFLOW_CTX_DAG_OWNER='Ducky' AIRFLOW_CTX_DAG_ID='Prediction_Model' AIRFLOW_CTX_TASK_ID='weather_data_daily_models.fct_weather_data_daily_run' AIRFLOW_CTX_EXECUTION_DATE='2024-08-16T09:47:32.212437+00:00' AIRFLOW_CTX_TRY_NUMBER='1' AIRFLOW_CTX_DAG_RUN_ID='manual__2024-08-16T09:47:32.212437+00:00'
[2024-08-16T09:47:50.846+0000] {taskinstance.py:430} INFO - ::endgroup::
[2024-08-16T09:47:50.870+0000] {log.py:232} WARNING - [[34m2024-08-16T09:47:50.869+0000[0m] {[34mgraph.py:[0m377} INFO[0m - [35m(astronomer-cosmos)[0m - Trying to parse the dbt project using dbt ls cache cosmos_cache__dbt_dag_filterd__customers_group...[0m
[2024-08-16T09:47:50.871+0000] {log.py:232} WARNING - [[34m2024-08-16T09:47:50.869+0000[0m] {[34mgraph.py:[0m377} INFO[0m - [35m(astronomer-cosmos)[0m - Trying to parse the dbt project using dbt ls cache cosmos_cache__dbt_dag_filterd__customers_group...[0m
[2024-08-16T09:47:50.869+0000] {graph.py:377} INFO - Trying to parse the dbt project using dbt ls cache cosmos_cache__dbt_dag_filterd__customers_group...
[2024-08-16T09:47:51.146+0000] {log.py:232} WARNING - [[34m2024-08-16T09:47:51.146+0000[0m] {[34mcache.py:[0m262} INFO[0m - [35m(astronomer-cosmos)[0m - Cosmos performance: time to calculate cache identifier cosmos_cache__dbt_dag_filterd__customers_group for current version: 0.2663241159998506[0m
[2024-08-16T09:47:51.147+0000] {log.py:232} WARNING - [[34m2024-08-16T09:47:51.146+0000[0m] {[34mcache.py:[0m262} INFO[0m - [35m(astronomer-cosmos)[0m - Cosmos performance: time to calculate cache identifier cosmos_cache__dbt_dag_filterd__customers_group for current version: 0.2663241159998506[0m
[2024-08-16T09:47:51.146+0000] {cache.py:262} INFO - Cosmos performance: time to calculate cache identifier cosmos_cache__dbt_dag_filterd__customers_group for current version: 0.2663241159998506
[2024-08-16T09:47:51.149+0000] {log.py:232} WARNING - [[34m2024-08-16T09:47:51.148+0000[0m] {[34mgraph.py:[0m394} INFO[0m - [35m(astronomer-cosmos)[0m - Cosmos performance [ubuntu|1680]: The cache size for cosmos_cache__dbt_dag_filterd__customers_group is 2948[0m
[2024-08-16T09:47:51.150+0000] {log.py:232} WARNING - [[34m2024-08-16T09:47:51.148+0000[0m] {[34mgraph.py:[0m394} INFO[0m - [35m(astronomer-cosmos)[0m - Cosmos performance [ubuntu|1680]: The cache size for cosmos_cache__dbt_dag_filterd__customers_group is 2948[0m
[2024-08-16T09:47:51.148+0000] {graph.py:394} INFO - Cosmos performance [ubuntu|1680]: The cache size for cosmos_cache__dbt_dag_filterd__customers_group is 2948
[2024-08-16T09:47:51.154+0000] {log.py:232} WARNING - [[34m2024-08-16T09:47:51.154+0000[0m] {[34mgraph.py:[0m402} INFO[0m - [35m(astronomer-cosmos)[0m - Cosmos performance: Cache hit for cosmos_cache__dbt_dag_filterd__customers_group - d3655c99e4b770027e65648437a3d068,5f7d44698c4b67134aff532494870c9c[0m
[2024-08-16T09:47:51.154+0000] {log.py:232} WARNING - [[34m2024-08-16T09:47:51.154+0000[0m] {[34mgraph.py:[0m402} INFO[0m - [35m(astronomer-cosmos)[0m - Cosmos performance: Cache hit for cosmos_cache__dbt_dag_filterd__customers_group - d3655c99e4b770027e65648437a3d068,5f7d44698c4b67134aff532494870c9c[0m
[2024-08-16T09:47:51.154+0000] {graph.py:402} INFO - Cosmos performance: Cache hit for cosmos_cache__dbt_dag_filterd__customers_group - d3655c99e4b770027e65648437a3d068,5f7d44698c4b67134aff532494870c9c
[2024-08-16T09:47:51.155+0000] {log.py:232} WARNING - [[34m2024-08-16T09:47:51.155+0000[0m] {[34mgraph.py:[0m335} INFO[0m - [35m(astronomer-cosmos)[0m - Total nodes: 3[0m
[2024-08-16T09:47:51.156+0000] {log.py:232} WARNING - [[34m2024-08-16T09:47:51.155+0000[0m] {[34mgraph.py:[0m335} INFO[0m - [35m(astronomer-cosmos)[0m - Total nodes: 3[0m
[2024-08-16T09:47:51.155+0000] {graph.py:335} INFO - Total nodes: 3
[2024-08-16T09:47:51.157+0000] {log.py:232} WARNING - [[34m2024-08-16T09:47:51.156+0000[0m] {[34mgraph.py:[0m336} INFO[0m - [35m(astronomer-cosmos)[0m - Total filtered nodes: 3[0m
[2024-08-16T09:47:51.157+0000] {log.py:232} WARNING - [[34m2024-08-16T09:47:51.156+0000[0m] {[34mgraph.py:[0m336} INFO[0m - [35m(astronomer-cosmos)[0m - Total filtered nodes: 3[0m
[2024-08-16T09:47:51.156+0000] {graph.py:336} INFO - Total filtered nodes: 3
[2024-08-16T09:47:51.159+0000] {log.py:232} WARNING - [[34m2024-08-16T09:47:51.159+0000[0m] {[34mconverter.py:[0m251} INFO[0m - [35m(astronomer-cosmos)[0m - Cosmos performance (dbt_dag_filterd__customers_group) -  [ubuntu|1680]: It took 0.289s to parse the dbt project for DAG using LoadMode.DBT_LS_CACHE[0m
[2024-08-16T09:47:51.160+0000] {log.py:232} WARNING - [[34m2024-08-16T09:47:51.159+0000[0m] {[34mconverter.py:[0m251} INFO[0m - [35m(astronomer-cosmos)[0m - Cosmos performance (dbt_dag_filterd__customers_group) -  [ubuntu|1680]: It took 0.289s to parse the dbt project for DAG using LoadMode.DBT_LS_CACHE[0m
[2024-08-16T09:47:51.159+0000] {converter.py:251} INFO - Cosmos performance (dbt_dag_filterd__customers_group) -  [ubuntu|1680]: It took 0.289s to parse the dbt project for DAG using LoadMode.DBT_LS_CACHE
[2024-08-16T09:47:51.163+0000] {log.py:232} WARNING - [[34m2024-08-16T09:47:51.163+0000[0m] {[34mproject.py:[0m35} INFO[0m - [35m(astronomer-cosmos)[0m - Project /opt/***/dags/Data_Marketplace does not have {'dependencies.yml', 'packages.yml'}[0m
[2024-08-16T09:47:51.164+0000] {log.py:232} WARNING - [[34m2024-08-16T09:47:51.163+0000[0m] {[34mproject.py:[0m35} INFO[0m - [35m(astronomer-cosmos)[0m - Project /opt/***/dags/Data_Marketplace does not have {'dependencies.yml', 'packages.yml'}[0m
[2024-08-16T09:47:51.163+0000] {project.py:35} INFO - Project /opt/***/dags/Data_Marketplace does not have {'dependencies.yml', 'packages.yml'}
[2024-08-16T09:47:51.167+0000] {log.py:232} WARNING - [[34m2024-08-16T09:47:51.167+0000[0m] {[34mproject.py:[0m35} INFO[0m - [35m(astronomer-cosmos)[0m - Project /opt/***/dags/Data_Marketplace does not have {'dependencies.yml', 'packages.yml'}[0m
[2024-08-16T09:47:51.168+0000] {log.py:232} WARNING - [[34m2024-08-16T09:47:51.167+0000[0m] {[34mproject.py:[0m35} INFO[0m - [35m(astronomer-cosmos)[0m - Project /opt/***/dags/Data_Marketplace does not have {'dependencies.yml', 'packages.yml'}[0m
[2024-08-16T09:47:51.167+0000] {project.py:35} INFO - Project /opt/***/dags/Data_Marketplace does not have {'dependencies.yml', 'packages.yml'}
[2024-08-16T09:47:51.171+0000] {log.py:232} WARNING - [[34m2024-08-16T09:47:51.170+0000[0m] {[34mproject.py:[0m35} INFO[0m - [35m(astronomer-cosmos)[0m - Project /opt/***/dags/Data_Marketplace does not have {'dependencies.yml', 'packages.yml'}[0m
[2024-08-16T09:47:51.171+0000] {log.py:232} WARNING - [[34m2024-08-16T09:47:51.170+0000[0m] {[34mproject.py:[0m35} INFO[0m - [35m(astronomer-cosmos)[0m - Project /opt/***/dags/Data_Marketplace does not have {'dependencies.yml', 'packages.yml'}[0m
[2024-08-16T09:47:51.170+0000] {project.py:35} INFO - Project /opt/***/dags/Data_Marketplace does not have {'dependencies.yml', 'packages.yml'}
[2024-08-16T09:47:51.172+0000] {log.py:232} WARNING - [[34m2024-08-16T09:47:51.172+0000[0m] {[34mconverter.py:[0m293} INFO[0m - [35m(astronomer-cosmos)[0m - Cosmos performance (dbt_dag_filterd__customers_group) - [ubuntu|1680]: It took 0.0134s to build the Airflow DAG.[0m
[2024-08-16T09:47:51.173+0000] {log.py:232} WARNING - [[34m2024-08-16T09:47:51.172+0000[0m] {[34mconverter.py:[0m293} INFO[0m - [35m(astronomer-cosmos)[0m - Cosmos performance (dbt_dag_filterd__customers_group) - [ubuntu|1680]: It took 0.0134s to build the Airflow DAG.[0m
[2024-08-16T09:47:51.172+0000] {converter.py:293} INFO - Cosmos performance (dbt_dag_filterd__customers_group) - [ubuntu|1680]: It took 0.0134s to build the Airflow DAG.
[2024-08-16T09:47:51.175+0000] {log.py:232} WARNING - [[34m2024-08-16T09:47:51.175+0000[0m] {[34mlocal.py:[0m174} INFO[0m - [35m(astronomer-cosmos)[0m - Could not import dbtRunner. Falling back to subprocess for invoking dbt.[0m
[2024-08-16T09:47:51.176+0000] {log.py:232} WARNING - [[34m2024-08-16T09:47:51.175+0000[0m] {[34mlocal.py:[0m174} INFO[0m - [35m(astronomer-cosmos)[0m - Could not import dbtRunner. Falling back to subprocess for invoking dbt.[0m
[2024-08-16T09:47:51.175+0000] {local.py:174} INFO - Could not import dbtRunner. Falling back to subprocess for invoking dbt.
[2024-08-16T09:47:51.177+0000] {log.py:232} WARNING - [[34m2024-08-16T09:47:51.177+0000[0m] {[34mlocal.py:[0m292} INFO[0m - [35m(astronomer-cosmos)[0m - Cloning project to writable temp directory /tmp/tmptfgbaoie from /opt/***/dags/Data_Marketplace[0m
[2024-08-16T09:47:51.178+0000] {log.py:232} WARNING - [[34m2024-08-16T09:47:51.177+0000[0m] {[34mlocal.py:[0m292} INFO[0m - [35m(astronomer-cosmos)[0m - Cloning project to writable temp directory /tmp/tmptfgbaoie from /opt/***/dags/Data_Marketplace[0m
[2024-08-16T09:47:51.177+0000] {local.py:292} INFO - Cloning project to writable temp directory /tmp/tmptfgbaoie from /opt/airflow/dags/Data_Marketplace
[2024-08-16T09:47:51.184+0000] {log.py:232} WARNING - [[34m2024-08-16T09:47:51.183+0000[0m] {[34mlocal.py:[0m303} INFO[0m - [35m(astronomer-cosmos)[0m - Partial parse is enabled and the latest partial parse file is /tmp/cosmos/Prediction_Model__weather_data_daily_models/target/partial_parse.msgpack[0m
[2024-08-16T09:47:51.185+0000] {log.py:232} WARNING - [[34m2024-08-16T09:47:51.183+0000[0m] {[34mlocal.py:[0m303} INFO[0m - [35m(astronomer-cosmos)[0m - Partial parse is enabled and the latest partial parse file is /tmp/cosmos/Prediction_Model__weather_data_daily_models/target/partial_parse.msgpack[0m
[2024-08-16T09:47:51.183+0000] {local.py:303} INFO - Partial parse is enabled and the latest partial parse file is /tmp/cosmos/Prediction_Model__weather_data_daily_models/target/partial_parse.msgpack
[2024-08-16T09:47:51.197+0000] {log.py:232} WARNING - [[34m2024-08-16T09:47:51.197+0000[0m] {[34mconfig.py:[0m292} INFO[0m - [35m(astronomer-cosmos)[0m - Profile caching is enable.[0m
[2024-08-16T09:47:51.198+0000] {log.py:232} WARNING - [[34m2024-08-16T09:47:51.197+0000[0m] {[34mconfig.py:[0m292} INFO[0m - [35m(astronomer-cosmos)[0m - Profile caching is enable.[0m
[2024-08-16T09:47:51.197+0000] {config.py:292} INFO - Profile caching is enable.
[2024-08-16T09:47:51.213+0000] {base.py:84} INFO - Using connection ID 'snowflake_conn' for task execution.
[2024-08-16T09:47:51.219+0000] {log.py:232} WARNING - [[34m2024-08-16T09:47:51.219+0000[0m] {[34mconfig.py:[0m272} INFO[0m - [35m(astronomer-cosmos)[0m - Profile found in cache using profile: /tmp/cosmos/profile/ec71862f850e9b0839075fe0561d5062ab3dd99ef2a3dac2fe4fc1486f2849d0/profiles.yml.[0m
[2024-08-16T09:47:51.220+0000] {log.py:232} WARNING - [[34m2024-08-16T09:47:51.219+0000[0m] {[34mconfig.py:[0m272} INFO[0m - [35m(astronomer-cosmos)[0m - Profile found in cache using profile: /tmp/cosmos/profile/ec71862f850e9b0839075fe0561d5062ab3dd99ef2a3dac2fe4fc1486f2849d0/profiles.yml.[0m
[2024-08-16T09:47:51.219+0000] {config.py:272} INFO - Profile found in cache using profile: /tmp/cosmos/profile/ec71862f850e9b0839075fe0561d5062ab3dd99ef2a3dac2fe4fc1486f2849d0/profiles.yml.
[2024-08-16T09:47:51.223+0000] {log.py:232} WARNING - [[34m2024-08-16T09:47:51.222+0000[0m] {[34mlocal.py:[0m247} INFO[0m - [35m(astronomer-cosmos)[0m - Trying to run the command:
 ['/opt/***/dbt_venv/bin/dbt', 'run', '--models', 'fct_weather_data_daily', '--project-dir', '/tmp/tmptfgbaoie', '--profiles-dir', '/tmp/cosmos/profile/ec71862f850e9b0839075fe0561d5062ab3dd99ef2a3dac2fe4fc1486f2849d0', '--profile', 'Data_Marketplace', '--target', 'dev']
From /tmp/tmptfgbaoie[0m
[2024-08-16T09:47:51.224+0000] {log.py:232} WARNING - [[34m2024-08-16T09:47:51.222+0000[0m] {[34mlocal.py:[0m247} INFO[0m - [35m(astronomer-cosmos)[0m - Trying to run the command:
 ['/opt/***/dbt_venv/bin/dbt', 'run', '--models', 'fct_weather_data_daily', '--project-dir', '/tmp/tmptfgbaoie', '--profiles-dir', '/tmp/cosmos/profile/ec71862f850e9b0839075fe0561d5062ab3dd99ef2a3dac2fe4fc1486f2849d0', '--profile', 'Data_Marketplace', '--target', 'dev']
From /tmp/tmptfgbaoie[0m
[2024-08-16T09:47:51.222+0000] {local.py:247} INFO - Trying to run the command:
 ['/opt/***/dbt_venv/bin/dbt', 'run', '--models', 'fct_weather_data_daily', '--project-dir', '/tmp/tmptfgbaoie', '--profiles-dir', '/tmp/cosmos/profile/ec71862f850e9b0839075fe0561d5062ab3dd99ef2a3dac2fe4fc1486f2849d0', '--profile', 'Data_Marketplace', '--target', 'dev']
From /tmp/tmptfgbaoie
[2024-08-16T09:47:51.226+0000] {log.py:232} WARNING - [[34m2024-08-16T09:47:51.226+0000[0m] {[34msubprocess.py:[0m60} INFO[0m - [35m(astronomer-cosmos)[0m - Tmp dir root location: 
 /tmp[0m
[2024-08-16T09:47:51.227+0000] {log.py:232} WARNING - [[34m2024-08-16T09:47:51.226+0000[0m] {[34msubprocess.py:[0m60} INFO[0m - [35m(astronomer-cosmos)[0m - Tmp dir root location: 
 /tmp[0m
[2024-08-16T09:47:51.226+0000] {subprocess.py:60} INFO - Tmp dir root location: 
 /tmp
[2024-08-16T09:47:51.228+0000] {log.py:232} WARNING - [[34m2024-08-16T09:47:51.228+0000[0m] {[34msubprocess.py:[0m73} INFO[0m - [35m(astronomer-cosmos)[0m - Running command: ['/opt/***/dbt_venv/bin/dbt', 'run', '--models', 'fct_weather_data_daily', '--project-dir', '/tmp/tmptfgbaoie', '--profiles-dir', '/tmp/cosmos/profile/ec71862f850e9b0839075fe0561d5062ab3dd99ef2a3dac2fe4fc1486f2849d0', '--profile', 'Data_Marketplace', '--target', 'dev'][0m
[2024-08-16T09:47:51.228+0000] {log.py:232} WARNING - [[34m2024-08-16T09:47:51.228+0000[0m] {[34msubprocess.py:[0m73} INFO[0m - [35m(astronomer-cosmos)[0m - Running command: ['/opt/***/dbt_venv/bin/dbt', 'run', '--models', 'fct_weather_data_daily', '--project-dir', '/tmp/tmptfgbaoie', '--profiles-dir', '/tmp/cosmos/profile/ec71862f850e9b0839075fe0561d5062ab3dd99ef2a3dac2fe4fc1486f2849d0', '--profile', 'Data_Marketplace', '--target', 'dev'][0m
[2024-08-16T09:47:51.228+0000] {subprocess.py:73} INFO - Running command: ['/opt/***/dbt_venv/bin/dbt', 'run', '--models', 'fct_weather_data_daily', '--project-dir', '/tmp/tmptfgbaoie', '--profiles-dir', '/tmp/cosmos/profile/ec71862f850e9b0839075fe0561d5062ab3dd99ef2a3dac2fe4fc1486f2849d0', '--profile', 'Data_Marketplace', '--target', 'dev']
[2024-08-16T09:47:51.246+0000] {log.py:232} WARNING - [[34m2024-08-16T09:47:51.245+0000[0m] {[34msubprocess.py:[0m84} INFO[0m - [35m(astronomer-cosmos)[0m - Command output:[0m
[2024-08-16T09:47:51.247+0000] {log.py:232} WARNING - [[34m2024-08-16T09:47:51.245+0000[0m] {[34msubprocess.py:[0m84} INFO[0m - [35m(astronomer-cosmos)[0m - Command output:[0m
[2024-08-16T09:47:51.245+0000] {subprocess.py:84} INFO - Command output:
[2024-08-16T09:47:53.890+0000] {log.py:232} WARNING - [[34m2024-08-16T09:47:53.889+0000[0m] {[34msubprocess.py:[0m94} INFO[0m - [35m(astronomer-cosmos)[0m - [0m09:47:53  Running with dbt=1.8.5[0m
[2024-08-16T09:47:53.891+0000] {log.py:232} WARNING - [[34m2024-08-16T09:47:53.889+0000[0m] {[34msubprocess.py:[0m94} INFO[0m - [35m(astronomer-cosmos)[0m - [0m09:47:53  Running with dbt=1.8.5[0m
[2024-08-16T09:47:53.889+0000] {subprocess.py:94} INFO - [0m09:47:53  Running with dbt=1.8.5
[2024-08-16T09:47:54.391+0000] {log.py:232} WARNING - [[34m2024-08-16T09:47:54.391+0000[0m] {[34msubprocess.py:[0m94} INFO[0m - [35m(astronomer-cosmos)[0m - [0m09:47:54  Registered adapter: snowflake=1.8.3[0m
[2024-08-16T09:47:54.392+0000] {log.py:232} WARNING - [[34m2024-08-16T09:47:54.391+0000[0m] {[34msubprocess.py:[0m94} INFO[0m - [35m(astronomer-cosmos)[0m - [0m09:47:54  Registered adapter: snowflake=1.8.3[0m
[2024-08-16T09:47:54.391+0000] {subprocess.py:94} INFO - [0m09:47:54  Registered adapter: snowflake=1.8.3
[2024-08-16T09:47:55.070+0000] {log.py:232} WARNING - [[34m2024-08-16T09:47:55.070+0000[0m] {[34msubprocess.py:[0m94} INFO[0m - [35m(astronomer-cosmos)[0m - [0m09:47:55  Found 9 models, 2 snapshots, 3 seeds, 2 data tests, 3 sources, 448 macros[0m
[2024-08-16T09:47:55.071+0000] {log.py:232} WARNING - [[34m2024-08-16T09:47:55.070+0000[0m] {[34msubprocess.py:[0m94} INFO[0m - [35m(astronomer-cosmos)[0m - [0m09:47:55  Found 9 models, 2 snapshots, 3 seeds, 2 data tests, 3 sources, 448 macros[0m
[2024-08-16T09:47:55.070+0000] {subprocess.py:94} INFO - [0m09:47:55  Found 9 models, 2 snapshots, 3 seeds, 2 data tests, 3 sources, 448 macros
[2024-08-16T09:47:55.073+0000] {log.py:232} WARNING - [[34m2024-08-16T09:47:55.073+0000[0m] {[34msubprocess.py:[0m94} INFO[0m - [35m(astronomer-cosmos)[0m - [0m09:47:55[0m
[2024-08-16T09:47:55.074+0000] {log.py:232} WARNING - [[34m2024-08-16T09:47:55.073+0000[0m] {[34msubprocess.py:[0m94} INFO[0m - [35m(astronomer-cosmos)[0m - [0m09:47:55[0m
[2024-08-16T09:47:55.073+0000] {subprocess.py:94} INFO - [0m09:47:55
[2024-08-16T09:47:59.883+0000] {log.py:232} WARNING - [[34m2024-08-16T09:47:59.882+0000[0m] {[34msubprocess.py:[0m94} INFO[0m - [35m(astronomer-cosmos)[0m - [0m09:47:59  Concurrency: 1 threads (target='dev')[0m
[2024-08-16T09:47:59.883+0000] {log.py:232} WARNING - [[34m2024-08-16T09:47:59.882+0000[0m] {[34msubprocess.py:[0m94} INFO[0m - [35m(astronomer-cosmos)[0m - [0m09:47:59  Concurrency: 1 threads (target='dev')[0m
[2024-08-16T09:47:59.882+0000] {subprocess.py:94} INFO - [0m09:47:59  Concurrency: 1 threads (target='dev')
[2024-08-16T09:47:59.884+0000] {log.py:232} WARNING - [[34m2024-08-16T09:47:59.884+0000[0m] {[34msubprocess.py:[0m94} INFO[0m - [35m(astronomer-cosmos)[0m - [0m09:47:59[0m
[2024-08-16T09:47:59.885+0000] {log.py:232} WARNING - [[34m2024-08-16T09:47:59.884+0000[0m] {[34msubprocess.py:[0m94} INFO[0m - [35m(astronomer-cosmos)[0m - [0m09:47:59[0m
[2024-08-16T09:47:59.884+0000] {subprocess.py:94} INFO - [0m09:47:59
[2024-08-16T09:47:59.895+0000] {log.py:232} WARNING - [[34m2024-08-16T09:47:59.894+0000[0m] {[34msubprocess.py:[0m94} INFO[0m - [35m(astronomer-cosmos)[0m - [0m09:47:59  1 of 1 START sql incremental model DWH.fct_weather_data_daily .................. [RUN][0m
[2024-08-16T09:47:59.895+0000] {log.py:232} WARNING - [[34m2024-08-16T09:47:59.894+0000[0m] {[34msubprocess.py:[0m94} INFO[0m - [35m(astronomer-cosmos)[0m - [0m09:47:59  1 of 1 START sql incremental model DWH.fct_weather_data_daily .................. [RUN][0m
[2024-08-16T09:47:59.894+0000] {subprocess.py:94} INFO - [0m09:47:59  1 of 1 START sql incremental model DWH.fct_weather_data_daily .................. [RUN]
[2024-08-16T09:48:04.045+0000] {log.py:232} WARNING - [[34m2024-08-16T09:48:04.044+0000[0m] {[34msubprocess.py:[0m94} INFO[0m - [35m(astronomer-cosmos)[0m - [0m09:48:04  1 of 1 OK created sql incremental model DWH.fct_weather_data_daily ............. [[32mSUCCESS 6[0m in 4.15s][0m
[2024-08-16T09:48:04.045+0000] {log.py:232} WARNING - [[34m2024-08-16T09:48:04.044+0000[0m] {[34msubprocess.py:[0m94} INFO[0m - [35m(astronomer-cosmos)[0m - [0m09:48:04  1 of 1 OK created sql incremental model DWH.fct_weather_data_daily ............. [[32mSUCCESS 6[0m in 4.15s][0m
[2024-08-16T09:48:04.044+0000] {subprocess.py:94} INFO - [0m09:48:04  1 of 1 OK created sql incremental model DWH.fct_weather_data_daily ............. [[32mSUCCESS 6[0m in 4.15s]
[2024-08-16T09:48:04.048+0000] {log.py:232} WARNING - [[34m2024-08-16T09:48:04.048+0000[0m] {[34msubprocess.py:[0m94} INFO[0m - [35m(astronomer-cosmos)[0m - [0m09:48:04[0m
[2024-08-16T09:48:04.048+0000] {log.py:232} WARNING - [[34m2024-08-16T09:48:04.048+0000[0m] {[34msubprocess.py:[0m94} INFO[0m - [35m(astronomer-cosmos)[0m - [0m09:48:04[0m
[2024-08-16T09:48:04.048+0000] {subprocess.py:94} INFO - [0m09:48:04
[2024-08-16T09:48:04.049+0000] {log.py:232} WARNING - [[34m2024-08-16T09:48:04.049+0000[0m] {[34msubprocess.py:[0m94} INFO[0m - [35m(astronomer-cosmos)[0m - [0m09:48:04  Finished running 1 incremental model in 0 hours 0 minutes and 8.97 seconds (8.97s).[0m
[2024-08-16T09:48:04.050+0000] {log.py:232} WARNING - [[34m2024-08-16T09:48:04.049+0000[0m] {[34msubprocess.py:[0m94} INFO[0m - [35m(astronomer-cosmos)[0m - [0m09:48:04  Finished running 1 incremental model in 0 hours 0 minutes and 8.97 seconds (8.97s).[0m
[2024-08-16T09:48:04.049+0000] {subprocess.py:94} INFO - [0m09:48:04  Finished running 1 incremental model in 0 hours 0 minutes and 8.97 seconds (8.97s).
[2024-08-16T09:48:04.084+0000] {log.py:232} WARNING - [[34m2024-08-16T09:48:04.083+0000[0m] {[34msubprocess.py:[0m94} INFO[0m - [35m(astronomer-cosmos)[0m - [0m09:48:04[0m
[2024-08-16T09:48:04.084+0000] {log.py:232} WARNING - [[34m2024-08-16T09:48:04.083+0000[0m] {[34msubprocess.py:[0m94} INFO[0m - [35m(astronomer-cosmos)[0m - [0m09:48:04[0m
[2024-08-16T09:48:04.083+0000] {subprocess.py:94} INFO - [0m09:48:04
[2024-08-16T09:48:04.086+0000] {log.py:232} WARNING - [[34m2024-08-16T09:48:04.085+0000[0m] {[34msubprocess.py:[0m94} INFO[0m - [35m(astronomer-cosmos)[0m - [0m09:48:04  [32mCompleted successfully[0m[0m
[2024-08-16T09:48:04.086+0000] {log.py:232} WARNING - [[34m2024-08-16T09:48:04.085+0000[0m] {[34msubprocess.py:[0m94} INFO[0m - [35m(astronomer-cosmos)[0m - [0m09:48:04  [32mCompleted successfully[0m[0m
[2024-08-16T09:48:04.085+0000] {subprocess.py:94} INFO - [0m09:48:04  [32mCompleted successfully[0m
[2024-08-16T09:48:04.087+0000] {log.py:232} WARNING - [[34m2024-08-16T09:48:04.087+0000[0m] {[34msubprocess.py:[0m94} INFO[0m - [35m(astronomer-cosmos)[0m - [0m09:48:04[0m
[2024-08-16T09:48:04.088+0000] {log.py:232} WARNING - [[34m2024-08-16T09:48:04.087+0000[0m] {[34msubprocess.py:[0m94} INFO[0m - [35m(astronomer-cosmos)[0m - [0m09:48:04[0m
[2024-08-16T09:48:04.087+0000] {subprocess.py:94} INFO - [0m09:48:04
[2024-08-16T09:48:04.089+0000] {log.py:232} WARNING - [[34m2024-08-16T09:48:04.089+0000[0m] {[34msubprocess.py:[0m94} INFO[0m - [35m(astronomer-cosmos)[0m - [0m09:48:04  Done. PASS=1 WARN=0 ERROR=0 SKIP=0 TOTAL=1[0m
[2024-08-16T09:48:04.090+0000] {log.py:232} WARNING - [[34m2024-08-16T09:48:04.089+0000[0m] {[34msubprocess.py:[0m94} INFO[0m - [35m(astronomer-cosmos)[0m - [0m09:48:04  Done. PASS=1 WARN=0 ERROR=0 SKIP=0 TOTAL=1[0m
[2024-08-16T09:48:04.089+0000] {subprocess.py:94} INFO - [0m09:48:04  Done. PASS=1 WARN=0 ERROR=0 SKIP=0 TOTAL=1
[2024-08-16T09:48:05.789+0000] {log.py:232} WARNING - [[34m2024-08-16T09:48:05.789+0000[0m] {[34msubprocess.py:[0m98} INFO[0m - [35m(astronomer-cosmos)[0m - Command exited with return code 0[0m
[2024-08-16T09:48:05.790+0000] {log.py:232} WARNING - [[34m2024-08-16T09:48:05.789+0000[0m] {[34msubprocess.py:[0m98} INFO[0m - [35m(astronomer-cosmos)[0m - Command exited with return code 0[0m
[2024-08-16T09:48:05.789+0000] {subprocess.py:98} INFO - Command exited with return code 0
[2024-08-16T09:48:05.791+0000] {log.py:232} WARNING - [[34m2024-08-16T09:48:05.791+0000[0m] {[34mlocal.py:[0m254} INFO[0m - [35m(astronomer-cosmos)[0m - [0m09:48:04  Done. PASS=1 WARN=0 ERROR=0 SKIP=0 TOTAL=1[0m
[2024-08-16T09:48:05.792+0000] {log.py:232} WARNING - [[34m2024-08-16T09:48:05.791+0000[0m] {[34mlocal.py:[0m254} INFO[0m - [35m(astronomer-cosmos)[0m - [0m09:48:04  Done. PASS=1 WARN=0 ERROR=0 SKIP=0 TOTAL=1[0m
[2024-08-16T09:48:05.791+0000] {local.py:254} INFO - [0m09:48:04  Done. PASS=1 WARN=0 ERROR=0 SKIP=0 TOTAL=1
[2024-08-16T09:48:05.804+0000] {local.py:196} WARNING - Artifact schema version: https://schemas.getdbt.com/dbt/manifest/v12.json is above dbt-ol supported version 7. This might cause errors.
[2024-08-16T09:48:05.805+0000] {local.py:196} WARNING - Artifact schema version: https://schemas.getdbt.com/dbt/run-results/v6.json is above dbt-ol supported version 5. This might cause errors.
[2024-08-16T09:48:05.812+0000] {log.py:232} WARNING - [[34m2024-08-16T09:48:05.812+0000[0m] {[34mlocal.py:[0m349} INFO[0m - [35m(astronomer-cosmos)[0m - Inlets: [Dataset(uri='snowflake://uz36730.ap-southeast-1.aws/POC_DATA_MARKETPLACE.DWH.stg_avg_convert_field', extra=None), Dataset(uri='snowflake://uz36730.ap-southeast-1.aws/POC_DATA_MARKETPLACE.DWH.stg_wind_speed', extra=None)][0m
[2024-08-16T09:48:05.813+0000] {log.py:232} WARNING - [[34m2024-08-16T09:48:05.812+0000[0m] {[34mlocal.py:[0m349} INFO[0m - [35m(astronomer-cosmos)[0m - Inlets: [Dataset(uri='snowflake://uz36730.ap-southeast-1.aws/POC_DATA_MARKETPLACE.DWH.stg_avg_convert_field', extra=None), Dataset(uri='snowflake://uz36730.ap-southeast-1.aws/POC_DATA_MARKETPLACE.DWH.stg_wind_speed', extra=None)][0m
[2024-08-16T09:48:05.812+0000] {local.py:349} INFO - Inlets: [Dataset(uri='snowflake://uz36730.ap-southeast-1.aws/POC_DATA_MARKETPLACE.DWH.stg_avg_convert_field', extra=None), Dataset(uri='snowflake://uz36730.ap-southeast-1.aws/POC_DATA_MARKETPLACE.DWH.stg_wind_speed', extra=None)]
[2024-08-16T09:48:05.814+0000] {log.py:232} WARNING - [[34m2024-08-16T09:48:05.814+0000[0m] {[34mlocal.py:[0m350} INFO[0m - [35m(astronomer-cosmos)[0m - Outlets: [Dataset(uri='snowflake://uz36730.ap-southeast-1.aws/POC_DATA_MARKETPLACE.DWH.fct_weather_data_daily', extra=None)][0m
[2024-08-16T09:48:05.815+0000] {log.py:232} WARNING - [[34m2024-08-16T09:48:05.814+0000[0m] {[34mlocal.py:[0m350} INFO[0m - [35m(astronomer-cosmos)[0m - Outlets: [Dataset(uri='snowflake://uz36730.ap-southeast-1.aws/POC_DATA_MARKETPLACE.DWH.fct_weather_data_daily', extra=None)][0m
[2024-08-16T09:48:05.814+0000] {local.py:350} INFO - Outlets: [Dataset(uri='snowflake://uz36730.ap-southeast-1.aws/POC_DATA_MARKETPLACE.DWH.fct_weather_data_daily', extra=None)]
[2024-08-16T09:48:05.815+0000] {dag.py:3096} INFO - Sync 1 DAGs
[2024-08-16T09:48:05.832+0000] {dag.py:3954} INFO - Setting next_dagrun for Prediction_Model to None, run_after=None
[2024-08-16T09:48:05.889+0000] {taskinstance.py:441} INFO - ::group::Post task execution logs
[2024-08-16T09:48:05.931+0000] {taskinstance.py:1206} INFO - Marking task as SUCCESS. dag_id=Prediction_Model, task_id=weather_data_daily_models.fct_weather_data_daily_run, run_id=manual__2024-08-16T09:47:32.212437+00:00, execution_date=20240816T094732, start_date=20240816T094750, end_date=20240816T094805
[2024-08-16T09:48:06.000+0000] {local_task_job_runner.py:240} INFO - Task exited with return code 0
[2024-08-16T09:48:06.026+0000] {taskinstance.py:3503} INFO - 1 downstream tasks scheduled from follow-on schedule check
[2024-08-16T09:48:06.035+0000] {local_task_job_runner.py:222} INFO - ::endgroup::
