[2024-08-16T08:27:20.920+0000] {local_task_job_runner.py:120} INFO - ::group::Pre task execution logs
[2024-08-16T08:27:21.097+0000] {taskinstance.py:2076} INFO - Dependencies all met for dep_context=non-requeueable deps ti=<TaskInstance: Scrape_City.invoke_lambda_task manual__2024-08-16T08:27:11.093282+00:00 [queued]>
[2024-08-16T08:27:21.110+0000] {taskinstance.py:2076} INFO - Dependencies all met for dep_context=requeueable deps ti=<TaskInstance: Scrape_City.invoke_lambda_task manual__2024-08-16T08:27:11.093282+00:00 [queued]>
[2024-08-16T08:27:21.111+0000] {taskinstance.py:2306} INFO - Starting attempt 1 of 1
[2024-08-16T08:27:21.132+0000] {taskinstance.py:2330} INFO - Executing <Task(PythonOperator): invoke_lambda_task> on 2024-08-16 08:27:11.093282+00:00
[2024-08-16T08:27:21.141+0000] {warnings.py:112} WARNING - /home/***/.local/lib/python3.12/site-packages/***/task/task_runner/standard_task_runner.py:61: DeprecationWarning: This process (pid=137) is multi-threaded, use of fork() may lead to deadlocks in the child.
  pid = os.fork()

[2024-08-16T08:27:21.143+0000] {standard_task_runner.py:63} INFO - Started process 139 to run task
[2024-08-16T08:27:21.144+0000] {standard_task_runner.py:90} INFO - Running: ['***', 'tasks', 'run', 'Scrape_City', 'invoke_lambda_task', 'manual__2024-08-16T08:27:11.093282+00:00', '--job-id', '1095', '--raw', '--subdir', 'DAGS_FOLDER/City_Extraction.py', '--cfg-path', '/tmp/tmp8qf_yxv7']
[2024-08-16T08:27:21.150+0000] {standard_task_runner.py:91} INFO - Job 1095: Subtask invoke_lambda_task
[2024-08-16T08:27:21.202+0000] {task_command.py:426} INFO - Running <TaskInstance: Scrape_City.invoke_lambda_task manual__2024-08-16T08:27:11.093282+00:00 [running]> on host ubuntu
[2024-08-16T08:27:21.290+0000] {taskinstance.py:2648} INFO - Exporting env vars: AIRFLOW_CTX_DAG_OWNER='Ducky' AIRFLOW_CTX_DAG_ID='Scrape_City' AIRFLOW_CTX_TASK_ID='invoke_lambda_task' AIRFLOW_CTX_EXECUTION_DATE='2024-08-16T08:27:11.093282+00:00' AIRFLOW_CTX_TRY_NUMBER='1' AIRFLOW_CTX_DAG_RUN_ID='manual__2024-08-16T08:27:11.093282+00:00'
[2024-08-16T08:27:21.291+0000] {taskinstance.py:430} INFO - ::endgroup::
[2024-08-16T08:27:21.312+0000] {logging_mixin.py:188} INFO - city_table-20240815.csv
[2024-08-16T08:27:21.312+0000] {logging_mixin.py:188} INFO - {"execution_date": "city_table-20240815.csv"}
[2024-08-16T08:27:21.313+0000] {logging_mixin.py:188} INFO - https://dql87wyic7.execute-api.ap-southeast-2.amazonaws.com/dev?execution_date=city_table-20240815.csv
[2024-08-16T08:27:51.022+0000] {logging_mixin.py:188} INFO - Failed to invoke Lambda function.
[2024-08-16T08:27:51.023+0000] {logging_mixin.py:188} INFO - Response: {"message": "Endpoint request timed out"}
[2024-08-16T08:27:51.028+0000] {python.py:237} INFO - Done. Returned value was: None
[2024-08-16T08:27:51.030+0000] {taskinstance.py:441} INFO - ::group::Post task execution logs
[2024-08-16T08:27:51.050+0000] {taskinstance.py:1206} INFO - Marking task as SUCCESS. dag_id=Scrape_City, task_id=invoke_lambda_task, run_id=manual__2024-08-16T08:27:11.093282+00:00, execution_date=20240816T082711, start_date=20240816T082721, end_date=20240816T082751
[2024-08-16T08:27:51.088+0000] {local_task_job_runner.py:240} INFO - Task exited with return code 0
[2024-08-16T08:27:51.142+0000] {taskinstance.py:3503} INFO - 1 downstream tasks scheduled from follow-on schedule check
[2024-08-16T08:27:51.145+0000] {local_task_job_runner.py:222} INFO - ::endgroup::
