[2024-08-13T16:10:06.482+0000] {local_task_job_runner.py:120} INFO - ::group::Pre task execution logs
[2024-08-13T16:10:06.530+0000] {taskinstance.py:2076} INFO - Dependencies all met for dep_context=non-requeueable deps ti=<TaskInstance: Weather_Data_Extraction.generate_output_file backfill__2024-02-29T00:00:00+00:00 [queued]>
[2024-08-13T16:10:06.574+0000] {taskinstance.py:2076} INFO - Dependencies all met for dep_context=requeueable deps ti=<TaskInstance: Weather_Data_Extraction.generate_output_file backfill__2024-02-29T00:00:00+00:00 [queued]>
[2024-08-13T16:10:06.576+0000] {taskinstance.py:2306} INFO - Starting attempt 1 of 1
[2024-08-13T16:10:07.047+0000] {taskinstance.py:2330} INFO - Executing <Task(PythonOperator): generate_output_file> on 2024-02-29 00:00:00+00:00
[2024-08-13T16:10:07.062+0000] {warnings.py:112} WARNING - /home/***/.local/lib/python3.12/site-packages/***/task/task_runner/standard_task_runner.py:61: DeprecationWarning: This process (pid=1130) is multi-threaded, use of fork() may lead to deadlocks in the child.
  pid = os.fork()

[2024-08-13T16:10:07.065+0000] {standard_task_runner.py:63} INFO - Started process 1145 to run task
[2024-08-13T16:10:07.079+0000] {standard_task_runner.py:90} INFO - Running: ['***', 'tasks', 'run', 'Weather_Data_Extraction', 'generate_output_file', 'backfill__2024-02-29T00:00:00+00:00', '--job-id', '220', '--pool', 'default_pool', '--raw', '--subdir', 'DAGS_FOLDER/Data_Weather_Extraction.py', '--cfg-path', '/tmp/tmp22mp8ee8']
[2024-08-13T16:10:07.095+0000] {standard_task_runner.py:91} INFO - Job 220: Subtask generate_output_file
[2024-08-13T16:10:07.131+0000] {warnings.py:112} WARNING - /home/***/.local/lib/python3.12/site-packages/***/settings.py:195: DeprecationWarning: The sql_alchemy_conn option in [core] has been moved to the sql_alchemy_conn option in [database] - the old setting has been used, but please update your config.
  SQL_ALCHEMY_CONN = conf.get("database", "SQL_ALCHEMY_CONN")

[2024-08-13T16:10:07.212+0000] {task_command.py:426} INFO - Running <TaskInstance: Weather_Data_Extraction.generate_output_file backfill__2024-02-29T00:00:00+00:00 [running]> on host ubuntu
[2024-08-13T16:10:07.421+0000] {taskinstance.py:2648} INFO - Exporting env vars: AIRFLOW_CTX_DAG_OWNER='Ducky' AIRFLOW_CTX_DAG_ID='Weather_Data_Extraction' AIRFLOW_CTX_TASK_ID='generate_output_file' AIRFLOW_CTX_EXECUTION_DATE='2024-02-29T00:00:00+00:00' AIRFLOW_CTX_TRY_NUMBER='1' AIRFLOW_CTX_DAG_RUN_ID='backfill__2024-02-29T00:00:00+00:00'
[2024-08-13T16:10:07.430+0000] {taskinstance.py:430} INFO - ::endgroup::
[2024-08-13T16:10:07.465+0000] {logging_mixin.py:188} INFO - Generated output file: Data_Weather-20240229.csv
[2024-08-13T16:10:07.467+0000] {logging_mixin.py:188} INFO - Execution Date: 2024/02/29
[2024-08-13T16:10:07.547+0000] {python.py:237} INFO - Done. Returned value was: None
[2024-08-13T16:10:07.557+0000] {taskinstance.py:441} INFO - ::group::Post task execution logs
[2024-08-13T16:10:07.579+0000] {taskinstance.py:1206} INFO - Marking task as SUCCESS. dag_id=Weather_Data_Extraction, task_id=generate_output_file, run_id=backfill__2024-02-29T00:00:00+00:00, execution_date=20240229T000000, start_date=20240813T161006, end_date=20240813T161007
[2024-08-13T16:10:07.724+0000] {local_task_job_runner.py:240} INFO - Task exited with return code 0
[2024-08-13T16:10:07.794+0000] {taskinstance.py:3503} INFO - 1 downstream tasks scheduled from follow-on schedule check
[2024-08-13T16:10:07.804+0000] {local_task_job_runner.py:222} INFO - ::endgroup::
[2024-08-14T04:37:05.135+0000] {local_task_job_runner.py:120} INFO - ::group::Pre task execution logs
[2024-08-14T04:37:05.154+0000] {taskinstance.py:2076} INFO - Dependencies all met for dep_context=non-requeueable deps ti=<TaskInstance: Weather_Data_Extraction.generate_output_file backfill__2024-02-29T00:00:00+00:00 [queued]>
[2024-08-14T04:37:05.163+0000] {taskinstance.py:2076} INFO - Dependencies all met for dep_context=requeueable deps ti=<TaskInstance: Weather_Data_Extraction.generate_output_file backfill__2024-02-29T00:00:00+00:00 [queued]>
[2024-08-14T04:37:05.164+0000] {taskinstance.py:2306} INFO - Starting attempt 1 of 1
[2024-08-14T04:37:05.338+0000] {taskinstance.py:2330} INFO - Executing <Task(PythonOperator): generate_output_file> on 2024-02-29 00:00:00+00:00
[2024-08-14T04:37:05.346+0000] {warnings.py:112} WARNING - /home/***/.local/lib/python3.12/site-packages/***/task/task_runner/standard_task_runner.py:61: DeprecationWarning: This process (pid=2438) is multi-threaded, use of fork() may lead to deadlocks in the child.
  pid = os.fork()

[2024-08-14T04:37:05.349+0000] {standard_task_runner.py:63} INFO - Started process 2440 to run task
[2024-08-14T04:37:05.349+0000] {standard_task_runner.py:90} INFO - Running: ['***', 'tasks', 'run', 'Weather_Data_Extraction', 'generate_output_file', 'backfill__2024-02-29T00:00:00+00:00', '--job-id', '581', '--pool', 'default_pool', '--raw', '--subdir', 'DAGS_FOLDER/Data_Weather_Extraction.py', '--cfg-path', '/tmp/tmpyohayiaj']
[2024-08-14T04:37:05.352+0000] {standard_task_runner.py:91} INFO - Job 581: Subtask generate_output_file
[2024-08-14T04:37:05.409+0000] {task_command.py:426} INFO - Running <TaskInstance: Weather_Data_Extraction.generate_output_file backfill__2024-02-29T00:00:00+00:00 [running]> on host ubuntu
[2024-08-14T04:37:05.509+0000] {taskinstance.py:2648} INFO - Exporting env vars: AIRFLOW_CTX_DAG_OWNER='Ducky' AIRFLOW_CTX_DAG_ID='Weather_Data_Extraction' AIRFLOW_CTX_TASK_ID='generate_output_file' AIRFLOW_CTX_EXECUTION_DATE='2024-02-29T00:00:00+00:00' AIRFLOW_CTX_TRY_NUMBER='1' AIRFLOW_CTX_DAG_RUN_ID='backfill__2024-02-29T00:00:00+00:00'
[2024-08-14T04:37:05.511+0000] {taskinstance.py:430} INFO - ::endgroup::
[2024-08-14T04:37:05.553+0000] {logging_mixin.py:188} INFO - Generated output file: Data_Weather-20240229.csv
[2024-08-14T04:37:05.555+0000] {logging_mixin.py:188} INFO - Execution Date: 2024/02/29
[2024-08-14T04:37:05.584+0000] {python.py:237} INFO - Done. Returned value was: None
[2024-08-14T04:37:05.585+0000] {taskinstance.py:441} INFO - ::group::Post task execution logs
[2024-08-14T04:37:05.594+0000] {taskinstance.py:1206} INFO - Marking task as SUCCESS. dag_id=Weather_Data_Extraction, task_id=generate_output_file, run_id=backfill__2024-02-29T00:00:00+00:00, execution_date=20240229T000000, start_date=20240814T043705, end_date=20240814T043705
[2024-08-14T04:37:05.652+0000] {local_task_job_runner.py:240} INFO - Task exited with return code 0
[2024-08-14T04:37:05.684+0000] {taskinstance.py:3503} INFO - 1 downstream tasks scheduled from follow-on schedule check
[2024-08-14T04:37:05.686+0000] {local_task_job_runner.py:222} INFO - ::endgroup::
