[2024-08-13T16:11:01.150+0000] {local_task_job_runner.py:120} INFO - ::group::Pre task execution logs
[2024-08-13T16:11:01.197+0000] {taskinstance.py:2076} INFO - Dependencies all met for dep_context=non-requeueable deps ti=<TaskInstance: Weather_Data_Extraction.generate_output_file backfill__2024-03-07T00:00:00+00:00 [queued]>
[2024-08-13T16:11:01.265+0000] {taskinstance.py:2076} INFO - Dependencies all met for dep_context=requeueable deps ti=<TaskInstance: Weather_Data_Extraction.generate_output_file backfill__2024-03-07T00:00:00+00:00 [queued]>
[2024-08-13T16:11:01.270+0000] {taskinstance.py:2306} INFO - Starting attempt 1 of 1
[2024-08-13T16:11:01.789+0000] {taskinstance.py:2330} INFO - Executing <Task(PythonOperator): generate_output_file> on 2024-03-07 00:00:00+00:00
[2024-08-13T16:11:01.832+0000] {warnings.py:112} WARNING - /home/***/.local/lib/python3.12/site-packages/***/task/task_runner/standard_task_runner.py:61: DeprecationWarning: This process (pid=1280) is multi-threaded, use of fork() may lead to deadlocks in the child.
  pid = os.fork()

[2024-08-13T16:11:01.837+0000] {standard_task_runner.py:63} INFO - Started process 1301 to run task
[2024-08-13T16:11:01.849+0000] {standard_task_runner.py:90} INFO - Running: ['***', 'tasks', 'run', 'Weather_Data_Extraction', 'generate_output_file', 'backfill__2024-03-07T00:00:00+00:00', '--job-id', '266', '--pool', 'default_pool', '--raw', '--subdir', 'DAGS_FOLDER/Data_Weather_Extraction.py', '--cfg-path', '/tmp/tmp2a_6cc35']
[2024-08-13T16:11:01.860+0000] {standard_task_runner.py:91} INFO - Job 266: Subtask generate_output_file
[2024-08-13T16:11:01.971+0000] {warnings.py:112} WARNING - /home/***/.local/lib/python3.12/site-packages/***/settings.py:195: DeprecationWarning: The sql_alchemy_conn option in [core] has been moved to the sql_alchemy_conn option in [database] - the old setting has been used, but please update your config.
  SQL_ALCHEMY_CONN = conf.get("database", "SQL_ALCHEMY_CONN")

[2024-08-13T16:11:02.166+0000] {task_command.py:426} INFO - Running <TaskInstance: Weather_Data_Extraction.generate_output_file backfill__2024-03-07T00:00:00+00:00 [running]> on host ubuntu
[2024-08-13T16:11:02.516+0000] {taskinstance.py:2648} INFO - Exporting env vars: AIRFLOW_CTX_DAG_OWNER='Ducky' AIRFLOW_CTX_DAG_ID='Weather_Data_Extraction' AIRFLOW_CTX_TASK_ID='generate_output_file' AIRFLOW_CTX_EXECUTION_DATE='2024-03-07T00:00:00+00:00' AIRFLOW_CTX_TRY_NUMBER='1' AIRFLOW_CTX_DAG_RUN_ID='backfill__2024-03-07T00:00:00+00:00'
[2024-08-13T16:11:02.526+0000] {taskinstance.py:430} INFO - ::endgroup::
[2024-08-13T16:11:02.599+0000] {logging_mixin.py:188} INFO - Generated output file: Data_Weather-20240307.csv
[2024-08-13T16:11:02.602+0000] {logging_mixin.py:188} INFO - Execution Date: 2024/03/07
[2024-08-13T16:11:02.764+0000] {python.py:237} INFO - Done. Returned value was: None
[2024-08-13T16:11:02.777+0000] {taskinstance.py:441} INFO - ::group::Post task execution logs
[2024-08-13T16:11:02.809+0000] {taskinstance.py:1206} INFO - Marking task as SUCCESS. dag_id=Weather_Data_Extraction, task_id=generate_output_file, run_id=backfill__2024-03-07T00:00:00+00:00, execution_date=20240307T000000, start_date=20240813T161101, end_date=20240813T161102
[2024-08-13T16:11:02.901+0000] {local_task_job_runner.py:240} INFO - Task exited with return code 0
[2024-08-13T16:11:02.970+0000] {taskinstance.py:3503} INFO - 1 downstream tasks scheduled from follow-on schedule check
[2024-08-13T16:11:02.976+0000] {local_task_job_runner.py:222} INFO - ::endgroup::
[2024-08-14T04:44:20.497+0000] {local_task_job_runner.py:120} INFO - ::group::Pre task execution logs
[2024-08-14T04:44:20.523+0000] {taskinstance.py:2076} INFO - Dependencies all met for dep_context=non-requeueable deps ti=<TaskInstance: Weather_Data_Extraction.generate_output_file backfill__2024-03-07T00:00:00+00:00 [queued]>
[2024-08-14T04:44:20.535+0000] {taskinstance.py:2076} INFO - Dependencies all met for dep_context=requeueable deps ti=<TaskInstance: Weather_Data_Extraction.generate_output_file backfill__2024-03-07T00:00:00+00:00 [queued]>
[2024-08-14T04:44:20.537+0000] {taskinstance.py:2306} INFO - Starting attempt 1 of 1
[2024-08-14T04:44:20.703+0000] {taskinstance.py:2330} INFO - Executing <Task(PythonOperator): generate_output_file> on 2024-03-07 00:00:00+00:00
[2024-08-14T04:44:20.713+0000] {warnings.py:112} WARNING - /home/***/.local/lib/python3.12/site-packages/***/task/task_runner/standard_task_runner.py:61: DeprecationWarning: This process (pid=2599) is multi-threaded, use of fork() may lead to deadlocks in the child.
  pid = os.fork()

[2024-08-14T04:44:20.716+0000] {standard_task_runner.py:63} INFO - Started process 2601 to run task
[2024-08-14T04:44:20.717+0000] {standard_task_runner.py:90} INFO - Running: ['***', 'tasks', 'run', 'Weather_Data_Extraction', 'generate_output_file', 'backfill__2024-03-07T00:00:00+00:00', '--job-id', '602', '--pool', 'default_pool', '--raw', '--subdir', 'DAGS_FOLDER/Data_Weather_Extraction.py', '--cfg-path', '/tmp/tmp80slkt2a']
[2024-08-14T04:44:20.722+0000] {standard_task_runner.py:91} INFO - Job 602: Subtask generate_output_file
[2024-08-14T04:44:20.792+0000] {task_command.py:426} INFO - Running <TaskInstance: Weather_Data_Extraction.generate_output_file backfill__2024-03-07T00:00:00+00:00 [running]> on host ubuntu
[2024-08-14T04:44:20.922+0000] {taskinstance.py:2648} INFO - Exporting env vars: AIRFLOW_CTX_DAG_OWNER='Ducky' AIRFLOW_CTX_DAG_ID='Weather_Data_Extraction' AIRFLOW_CTX_TASK_ID='generate_output_file' AIRFLOW_CTX_EXECUTION_DATE='2024-03-07T00:00:00+00:00' AIRFLOW_CTX_TRY_NUMBER='1' AIRFLOW_CTX_DAG_RUN_ID='backfill__2024-03-07T00:00:00+00:00'
[2024-08-14T04:44:20.925+0000] {taskinstance.py:430} INFO - ::endgroup::
[2024-08-14T04:44:20.951+0000] {logging_mixin.py:188} INFO - Generated output file: Data_Weather-20240307.csv
[2024-08-14T04:44:20.952+0000] {logging_mixin.py:188} INFO - Execution Date: 2024/03/07
[2024-08-14T04:44:20.986+0000] {python.py:237} INFO - Done. Returned value was: None
[2024-08-14T04:44:20.988+0000] {taskinstance.py:441} INFO - ::group::Post task execution logs
[2024-08-14T04:44:20.997+0000] {taskinstance.py:1206} INFO - Marking task as SUCCESS. dag_id=Weather_Data_Extraction, task_id=generate_output_file, run_id=backfill__2024-03-07T00:00:00+00:00, execution_date=20240307T000000, start_date=20240814T044420, end_date=20240814T044420
[2024-08-14T04:44:21.052+0000] {local_task_job_runner.py:240} INFO - Task exited with return code 0
[2024-08-14T04:44:21.091+0000] {taskinstance.py:3503} INFO - 1 downstream tasks scheduled from follow-on schedule check
[2024-08-14T04:44:21.095+0000] {local_task_job_runner.py:222} INFO - ::endgroup::
