[2024-08-14T06:24:37.935+0000] {local_task_job_runner.py:120} INFO - ::group::Pre task execution logs
[2024-08-14T06:24:38.087+0000] {taskinstance.py:2076} INFO - Dependencies all met for dep_context=non-requeueable deps ti=<TaskInstance: Weather_Data_Extraction.invoke_lambda_task backfill__2024-06-12T00:00:00+00:00 [queued]>
[2024-08-14T06:24:38.097+0000] {taskinstance.py:2076} INFO - Dependencies all met for dep_context=requeueable deps ti=<TaskInstance: Weather_Data_Extraction.invoke_lambda_task backfill__2024-06-12T00:00:00+00:00 [queued]>
[2024-08-14T06:24:38.098+0000] {taskinstance.py:2306} INFO - Starting attempt 1 of 1
[2024-08-14T06:24:38.114+0000] {taskinstance.py:2330} INFO - Executing <Task(PythonOperator): invoke_lambda_task> on 2024-06-12 00:00:00+00:00
[2024-08-14T06:24:38.121+0000] {warnings.py:112} WARNING - /home/***/.local/lib/python3.12/site-packages/***/task/task_runner/standard_task_runner.py:61: DeprecationWarning: This process (pid=4760) is multi-threaded, use of fork() may lead to deadlocks in the child.
  pid = os.fork()

[2024-08-14T06:24:38.123+0000] {standard_task_runner.py:63} INFO - Started process 4762 to run task
[2024-08-14T06:24:38.123+0000] {standard_task_runner.py:90} INFO - Running: ['***', 'tasks', 'run', 'Weather_Data_Extraction', 'invoke_lambda_task', 'backfill__2024-06-12T00:00:00+00:00', '--job-id', '895', '--pool', 'default_pool', '--raw', '--subdir', 'DAGS_FOLDER/Data_Weather_Extraction.py', '--cfg-path', '/tmp/tmp0dw8e14v']
[2024-08-14T06:24:38.126+0000] {standard_task_runner.py:91} INFO - Job 895: Subtask invoke_lambda_task
[2024-08-14T06:24:38.188+0000] {task_command.py:426} INFO - Running <TaskInstance: Weather_Data_Extraction.invoke_lambda_task backfill__2024-06-12T00:00:00+00:00 [running]> on host ubuntu
[2024-08-14T06:24:38.335+0000] {taskinstance.py:2648} INFO - Exporting env vars: AIRFLOW_CTX_DAG_OWNER='Ducky' AIRFLOW_CTX_DAG_ID='Weather_Data_Extraction' AIRFLOW_CTX_TASK_ID='invoke_lambda_task' AIRFLOW_CTX_EXECUTION_DATE='2024-06-12T00:00:00+00:00' AIRFLOW_CTX_TRY_NUMBER='1' AIRFLOW_CTX_DAG_RUN_ID='backfill__2024-06-12T00:00:00+00:00'
[2024-08-14T06:24:38.338+0000] {taskinstance.py:430} INFO - ::endgroup::
[2024-08-14T06:24:38.387+0000] {logging_mixin.py:188} INFO - Data_Weather-20240612.csv
[2024-08-14T06:24:38.388+0000] {logging_mixin.py:188} INFO - 2024/06/12
[2024-08-14T06:24:38.389+0000] {logging_mixin.py:188} INFO - {"execution_date": "2024/06/12", "file_name": "Data_Weather-20240612.csv"}
[2024-08-14T06:24:38.390+0000] {logging_mixin.py:188} INFO - https://eyzyhdwl8l.execute-api.ap-southeast-2.amazonaws.com/dev?execution_date=2024/06/12&file_name=Data_Weather-20240612.csv
[2024-08-14T06:25:07.987+0000] {logging_mixin.py:188} INFO - Failed to invoke Lambda function.
[2024-08-14T06:25:07.989+0000] {logging_mixin.py:188} INFO - Response: {"message": "Endpoint request timed out"}
[2024-08-14T06:25:07.994+0000] {python.py:237} INFO - Done. Returned value was: None
[2024-08-14T06:25:07.996+0000] {taskinstance.py:441} INFO - ::group::Post task execution logs
[2024-08-14T06:25:08.018+0000] {taskinstance.py:1206} INFO - Marking task as SUCCESS. dag_id=Weather_Data_Extraction, task_id=invoke_lambda_task, run_id=backfill__2024-06-12T00:00:00+00:00, execution_date=20240612T000000, start_date=20240814T062438, end_date=20240814T062508
[2024-08-14T06:25:08.095+0000] {local_task_job_runner.py:240} INFO - Task exited with return code 0
[2024-08-14T06:25:08.127+0000] {taskinstance.py:3503} INFO - 0 downstream tasks scheduled from follow-on schedule check
[2024-08-14T06:25:08.133+0000] {local_task_job_runner.py:222} INFO - ::endgroup::
