[2024-08-13T16:10:07.134+0000] {local_task_job_runner.py:120} INFO - ::group::Pre task execution logs
[2024-08-13T16:10:07.179+0000] {taskinstance.py:2076} INFO - Dependencies all met for dep_context=non-requeueable deps ti=<TaskInstance: Weather_Data_Extraction.generate_output_file backfill__2024-02-28T00:00:00+00:00 [queued]>
[2024-08-13T16:10:07.453+0000] {taskinstance.py:2076} INFO - Dependencies all met for dep_context=requeueable deps ti=<TaskInstance: Weather_Data_Extraction.generate_output_file backfill__2024-02-28T00:00:00+00:00 [queued]>
[2024-08-13T16:10:07.454+0000] {taskinstance.py:2306} INFO - Starting attempt 1 of 1
[2024-08-13T16:10:07.505+0000] {taskinstance.py:2330} INFO - Executing <Task(PythonOperator): generate_output_file> on 2024-02-28 00:00:00+00:00
[2024-08-13T16:10:07.529+0000] {warnings.py:112} WARNING - /home/***/.local/lib/python3.12/site-packages/***/task/task_runner/standard_task_runner.py:61: DeprecationWarning: This process (pid=1133) is multi-threaded, use of fork() may lead to deadlocks in the child.
  pid = os.fork()

[2024-08-13T16:10:07.533+0000] {standard_task_runner.py:63} INFO - Started process 1150 to run task
[2024-08-13T16:10:07.535+0000] {standard_task_runner.py:90} INFO - Running: ['***', 'tasks', 'run', 'Weather_Data_Extraction', 'generate_output_file', 'backfill__2024-02-28T00:00:00+00:00', '--job-id', '225', '--pool', 'default_pool', '--raw', '--subdir', 'DAGS_FOLDER/Data_Weather_Extraction.py', '--cfg-path', '/tmp/tmpdh3rg0pg']
[2024-08-13T16:10:07.546+0000] {standard_task_runner.py:91} INFO - Job 225: Subtask generate_output_file
[2024-08-13T16:10:07.569+0000] {warnings.py:112} WARNING - /home/***/.local/lib/python3.12/site-packages/***/settings.py:195: DeprecationWarning: The sql_alchemy_conn option in [core] has been moved to the sql_alchemy_conn option in [database] - the old setting has been used, but please update your config.
  SQL_ALCHEMY_CONN = conf.get("database", "SQL_ALCHEMY_CONN")

[2024-08-13T16:10:07.748+0000] {task_command.py:426} INFO - Running <TaskInstance: Weather_Data_Extraction.generate_output_file backfill__2024-02-28T00:00:00+00:00 [running]> on host ubuntu
[2024-08-13T16:10:08.089+0000] {taskinstance.py:2648} INFO - Exporting env vars: AIRFLOW_CTX_DAG_OWNER='Ducky' AIRFLOW_CTX_DAG_ID='Weather_Data_Extraction' AIRFLOW_CTX_TASK_ID='generate_output_file' AIRFLOW_CTX_EXECUTION_DATE='2024-02-28T00:00:00+00:00' AIRFLOW_CTX_TRY_NUMBER='1' AIRFLOW_CTX_DAG_RUN_ID='backfill__2024-02-28T00:00:00+00:00'
[2024-08-13T16:10:08.095+0000] {taskinstance.py:430} INFO - ::endgroup::
[2024-08-13T16:10:08.147+0000] {logging_mixin.py:188} INFO - Generated output file: Data_Weather-20240228.csv
[2024-08-13T16:10:08.148+0000] {logging_mixin.py:188} INFO - Execution Date: 2024/02/28
[2024-08-13T16:10:08.203+0000] {python.py:237} INFO - Done. Returned value was: None
[2024-08-13T16:10:08.207+0000] {taskinstance.py:441} INFO - ::group::Post task execution logs
[2024-08-13T16:10:08.223+0000] {taskinstance.py:1206} INFO - Marking task as SUCCESS. dag_id=Weather_Data_Extraction, task_id=generate_output_file, run_id=backfill__2024-02-28T00:00:00+00:00, execution_date=20240228T000000, start_date=20240813T161007, end_date=20240813T161008
[2024-08-13T16:10:08.272+0000] {local_task_job_runner.py:240} INFO - Task exited with return code 0
[2024-08-13T16:10:08.325+0000] {taskinstance.py:3503} INFO - 1 downstream tasks scheduled from follow-on schedule check
[2024-08-13T16:10:08.329+0000] {local_task_job_runner.py:222} INFO - ::endgroup::
[2024-08-14T04:36:05.101+0000] {local_task_job_runner.py:120} INFO - ::group::Pre task execution logs
[2024-08-14T04:36:05.128+0000] {taskinstance.py:2076} INFO - Dependencies all met for dep_context=non-requeueable deps ti=<TaskInstance: Weather_Data_Extraction.generate_output_file backfill__2024-02-28T00:00:00+00:00 [queued]>
[2024-08-14T04:36:05.141+0000] {taskinstance.py:2076} INFO - Dependencies all met for dep_context=requeueable deps ti=<TaskInstance: Weather_Data_Extraction.generate_output_file backfill__2024-02-28T00:00:00+00:00 [queued]>
[2024-08-14T04:36:05.143+0000] {taskinstance.py:2306} INFO - Starting attempt 1 of 1
[2024-08-14T04:36:05.302+0000] {taskinstance.py:2330} INFO - Executing <Task(PythonOperator): generate_output_file> on 2024-02-28 00:00:00+00:00
[2024-08-14T04:36:05.310+0000] {warnings.py:112} WARNING - /home/***/.local/lib/python3.12/site-packages/***/task/task_runner/standard_task_runner.py:61: DeprecationWarning: This process (pid=2422) is multi-threaded, use of fork() may lead to deadlocks in the child.
  pid = os.fork()

[2024-08-14T04:36:05.312+0000] {standard_task_runner.py:63} INFO - Started process 2424 to run task
[2024-08-14T04:36:05.312+0000] {standard_task_runner.py:90} INFO - Running: ['***', 'tasks', 'run', 'Weather_Data_Extraction', 'generate_output_file', 'backfill__2024-02-28T00:00:00+00:00', '--job-id', '578', '--pool', 'default_pool', '--raw', '--subdir', 'DAGS_FOLDER/Data_Weather_Extraction.py', '--cfg-path', '/tmp/tmp6r_mghcx']
[2024-08-14T04:36:05.315+0000] {standard_task_runner.py:91} INFO - Job 578: Subtask generate_output_file
[2024-08-14T04:36:05.379+0000] {task_command.py:426} INFO - Running <TaskInstance: Weather_Data_Extraction.generate_output_file backfill__2024-02-28T00:00:00+00:00 [running]> on host ubuntu
[2024-08-14T04:36:05.485+0000] {taskinstance.py:2648} INFO - Exporting env vars: AIRFLOW_CTX_DAG_OWNER='Ducky' AIRFLOW_CTX_DAG_ID='Weather_Data_Extraction' AIRFLOW_CTX_TASK_ID='generate_output_file' AIRFLOW_CTX_EXECUTION_DATE='2024-02-28T00:00:00+00:00' AIRFLOW_CTX_TRY_NUMBER='1' AIRFLOW_CTX_DAG_RUN_ID='backfill__2024-02-28T00:00:00+00:00'
[2024-08-14T04:36:05.487+0000] {taskinstance.py:430} INFO - ::endgroup::
[2024-08-14T04:36:05.502+0000] {logging_mixin.py:188} INFO - Generated output file: Data_Weather-20240228.csv
[2024-08-14T04:36:05.503+0000] {logging_mixin.py:188} INFO - Execution Date: 2024/02/28
[2024-08-14T04:36:05.528+0000] {python.py:237} INFO - Done. Returned value was: None
[2024-08-14T04:36:05.529+0000] {taskinstance.py:441} INFO - ::group::Post task execution logs
[2024-08-14T04:36:05.538+0000] {taskinstance.py:1206} INFO - Marking task as SUCCESS. dag_id=Weather_Data_Extraction, task_id=generate_output_file, run_id=backfill__2024-02-28T00:00:00+00:00, execution_date=20240228T000000, start_date=20240814T043605, end_date=20240814T043605
[2024-08-14T04:36:05.566+0000] {local_task_job_runner.py:240} INFO - Task exited with return code 0
[2024-08-14T04:36:05.609+0000] {taskinstance.py:3503} INFO - 1 downstream tasks scheduled from follow-on schedule check
[2024-08-14T04:36:05.613+0000] {local_task_job_runner.py:222} INFO - ::endgroup::
