[2024-08-16T09:44:01.187+0000] {local_task_job_runner.py:120} INFO - ::group::Pre task execution logs
[2024-08-16T09:44:01.335+0000] {taskinstance.py:2076} INFO - Dependencies all met for dep_context=non-requeueable deps ti=<TaskInstance: Weather_Data_Extraction.weather_data_models.stg_weather_data_run backfill__2024-08-12T00:00:00+00:00 [queued]>
[2024-08-16T09:44:01.355+0000] {taskinstance.py:2076} INFO - Dependencies all met for dep_context=requeueable deps ti=<TaskInstance: Weather_Data_Extraction.weather_data_models.stg_weather_data_run backfill__2024-08-12T00:00:00+00:00 [queued]>
[2024-08-16T09:44:01.356+0000] {taskinstance.py:2306} INFO - Starting attempt 1 of 3
[2024-08-16T09:44:01.391+0000] {taskinstance.py:2330} INFO - Executing <Task(DbtRunLocalOperator): weather_data_models.stg_weather_data_run> on 2024-08-12 00:00:00+00:00
[2024-08-16T09:44:01.404+0000] {warnings.py:112} WARNING - /home/***/.local/lib/python3.12/site-packages/***/task/task_runner/standard_task_runner.py:61: DeprecationWarning: This process (pid=1460) is multi-threaded, use of fork() may lead to deadlocks in the child.
  pid = os.fork()

[2024-08-16T09:44:01.407+0000] {standard_task_runner.py:63} INFO - Started process 1462 to run task
[2024-08-16T09:44:01.408+0000] {standard_task_runner.py:90} INFO - Running: ['***', 'tasks', 'run', 'Weather_Data_Extraction', 'weather_data_models.stg_weather_data_run', 'backfill__2024-08-12T00:00:00+00:00', '--job-id', '1171', '--pool', 'default_pool', '--raw', '--subdir', 'DAGS_FOLDER/Data_Weather_Extraction.py', '--cfg-path', '/tmp/tmp82uld8as']
[2024-08-16T09:44:01.412+0000] {standard_task_runner.py:91} INFO - Job 1171: Subtask weather_data_models.stg_weather_data_run
[2024-08-16T09:44:01.487+0000] {task_command.py:426} INFO - Running <TaskInstance: Weather_Data_Extraction.weather_data_models.stg_weather_data_run backfill__2024-08-12T00:00:00+00:00 [running]> on host ubuntu
[2024-08-16T09:44:01.592+0000] {taskinstance.py:2648} INFO - Exporting env vars: AIRFLOW_CTX_DAG_OWNER='Ducky' AIRFLOW_CTX_DAG_ID='Weather_Data_Extraction' AIRFLOW_CTX_TASK_ID='weather_data_models.stg_weather_data_run' AIRFLOW_CTX_EXECUTION_DATE='2024-08-12T00:00:00+00:00' AIRFLOW_CTX_TRY_NUMBER='1' AIRFLOW_CTX_DAG_RUN_ID='backfill__2024-08-12T00:00:00+00:00'
[2024-08-16T09:44:01.594+0000] {taskinstance.py:430} INFO - ::endgroup::
[2024-08-16T09:44:01.634+0000] {log.py:232} WARNING - [[34m2024-08-16T09:44:01.634+0000[0m] {[34mgraph.py:[0m377} INFO[0m - [35m(astronomer-cosmos)[0m - Trying to parse the dbt project using dbt ls cache cosmos_cache__dbt_dag_filterd__customers_group...[0m
[2024-08-16T09:44:01.636+0000] {log.py:232} WARNING - [[34m2024-08-16T09:44:01.634+0000[0m] {[34mgraph.py:[0m377} INFO[0m - [35m(astronomer-cosmos)[0m - Trying to parse the dbt project using dbt ls cache cosmos_cache__dbt_dag_filterd__customers_group...[0m
[2024-08-16T09:44:01.634+0000] {graph.py:377} INFO - Trying to parse the dbt project using dbt ls cache cosmos_cache__dbt_dag_filterd__customers_group...
[2024-08-16T09:44:02.574+0000] {log.py:232} WARNING - [[34m2024-08-16T09:44:02.574+0000[0m] {[34mcache.py:[0m262} INFO[0m - [35m(astronomer-cosmos)[0m - Cosmos performance: time to calculate cache identifier cosmos_cache__dbt_dag_filterd__customers_group for current version: 0.9232653039998695[0m
[2024-08-16T09:44:02.575+0000] {log.py:232} WARNING - [[34m2024-08-16T09:44:02.574+0000[0m] {[34mcache.py:[0m262} INFO[0m - [35m(astronomer-cosmos)[0m - Cosmos performance: time to calculate cache identifier cosmos_cache__dbt_dag_filterd__customers_group for current version: 0.9232653039998695[0m
[2024-08-16T09:44:02.574+0000] {cache.py:262} INFO - Cosmos performance: time to calculate cache identifier cosmos_cache__dbt_dag_filterd__customers_group for current version: 0.9232653039998695
[2024-08-16T09:44:02.576+0000] {log.py:232} WARNING - [[34m2024-08-16T09:44:02.576+0000[0m] {[34mgraph.py:[0m394} INFO[0m - [35m(astronomer-cosmos)[0m - Cosmos performance [ubuntu|1462]: The cache size for cosmos_cache__dbt_dag_filterd__customers_group is 2948[0m
[2024-08-16T09:44:02.576+0000] {log.py:232} WARNING - [[34m2024-08-16T09:44:02.576+0000[0m] {[34mgraph.py:[0m394} INFO[0m - [35m(astronomer-cosmos)[0m - Cosmos performance [ubuntu|1462]: The cache size for cosmos_cache__dbt_dag_filterd__customers_group is 2948[0m
[2024-08-16T09:44:02.576+0000] {graph.py:394} INFO - Cosmos performance [ubuntu|1462]: The cache size for cosmos_cache__dbt_dag_filterd__customers_group is 2948
[2024-08-16T09:44:02.577+0000] {log.py:232} WARNING - [[34m2024-08-16T09:44:02.577+0000[0m] {[34mgraph.py:[0m402} INFO[0m - [35m(astronomer-cosmos)[0m - Cosmos performance: Cache hit for cosmos_cache__dbt_dag_filterd__customers_group - d3655c99e4b770027e65648437a3d068,5f7d44698c4b67134aff532494870c9c[0m
[2024-08-16T09:44:02.578+0000] {log.py:232} WARNING - [[34m2024-08-16T09:44:02.577+0000[0m] {[34mgraph.py:[0m402} INFO[0m - [35m(astronomer-cosmos)[0m - Cosmos performance: Cache hit for cosmos_cache__dbt_dag_filterd__customers_group - d3655c99e4b770027e65648437a3d068,5f7d44698c4b67134aff532494870c9c[0m
[2024-08-16T09:44:02.577+0000] {graph.py:402} INFO - Cosmos performance: Cache hit for cosmos_cache__dbt_dag_filterd__customers_group - d3655c99e4b770027e65648437a3d068,5f7d44698c4b67134aff532494870c9c
[2024-08-16T09:44:02.578+0000] {log.py:232} WARNING - [[34m2024-08-16T09:44:02.578+0000[0m] {[34mgraph.py:[0m335} INFO[0m - [35m(astronomer-cosmos)[0m - Total nodes: 3[0m
[2024-08-16T09:44:02.579+0000] {log.py:232} WARNING - [[34m2024-08-16T09:44:02.578+0000[0m] {[34mgraph.py:[0m335} INFO[0m - [35m(astronomer-cosmos)[0m - Total nodes: 3[0m
[2024-08-16T09:44:02.578+0000] {graph.py:335} INFO - Total nodes: 3
[2024-08-16T09:44:02.579+0000] {log.py:232} WARNING - [[34m2024-08-16T09:44:02.579+0000[0m] {[34mgraph.py:[0m336} INFO[0m - [35m(astronomer-cosmos)[0m - Total filtered nodes: 3[0m
[2024-08-16T09:44:02.580+0000] {log.py:232} WARNING - [[34m2024-08-16T09:44:02.579+0000[0m] {[34mgraph.py:[0m336} INFO[0m - [35m(astronomer-cosmos)[0m - Total filtered nodes: 3[0m
[2024-08-16T09:44:02.579+0000] {graph.py:336} INFO - Total filtered nodes: 3
[2024-08-16T09:44:02.581+0000] {log.py:232} WARNING - [[34m2024-08-16T09:44:02.580+0000[0m] {[34mconverter.py:[0m251} INFO[0m - [35m(astronomer-cosmos)[0m - Cosmos performance (dbt_dag_filterd__customers_group) -  [ubuntu|1462]: It took 0.947s to parse the dbt project for DAG using LoadMode.DBT_LS_CACHE[0m
[2024-08-16T09:44:02.581+0000] {log.py:232} WARNING - [[34m2024-08-16T09:44:02.580+0000[0m] {[34mconverter.py:[0m251} INFO[0m - [35m(astronomer-cosmos)[0m - Cosmos performance (dbt_dag_filterd__customers_group) -  [ubuntu|1462]: It took 0.947s to parse the dbt project for DAG using LoadMode.DBT_LS_CACHE[0m
[2024-08-16T09:44:02.580+0000] {converter.py:251} INFO - Cosmos performance (dbt_dag_filterd__customers_group) -  [ubuntu|1462]: It took 0.947s to parse the dbt project for DAG using LoadMode.DBT_LS_CACHE
[2024-08-16T09:44:02.583+0000] {log.py:232} WARNING - [[34m2024-08-16T09:44:02.583+0000[0m] {[34mproject.py:[0m35} INFO[0m - [35m(astronomer-cosmos)[0m - Project /opt/***/dags/Data_Marketplace does not have {'dependencies.yml', 'packages.yml'}[0m
[2024-08-16T09:44:02.583+0000] {log.py:232} WARNING - [[34m2024-08-16T09:44:02.583+0000[0m] {[34mproject.py:[0m35} INFO[0m - [35m(astronomer-cosmos)[0m - Project /opt/***/dags/Data_Marketplace does not have {'dependencies.yml', 'packages.yml'}[0m
[2024-08-16T09:44:02.583+0000] {project.py:35} INFO - Project /opt/***/dags/Data_Marketplace does not have {'dependencies.yml', 'packages.yml'}
[2024-08-16T09:44:02.585+0000] {log.py:232} WARNING - [[34m2024-08-16T09:44:02.585+0000[0m] {[34mproject.py:[0m35} INFO[0m - [35m(astronomer-cosmos)[0m - Project /opt/***/dags/Data_Marketplace does not have {'dependencies.yml', 'packages.yml'}[0m
[2024-08-16T09:44:02.585+0000] {log.py:232} WARNING - [[34m2024-08-16T09:44:02.585+0000[0m] {[34mproject.py:[0m35} INFO[0m - [35m(astronomer-cosmos)[0m - Project /opt/***/dags/Data_Marketplace does not have {'dependencies.yml', 'packages.yml'}[0m
[2024-08-16T09:44:02.585+0000] {project.py:35} INFO - Project /opt/***/dags/Data_Marketplace does not have {'dependencies.yml', 'packages.yml'}
[2024-08-16T09:44:02.587+0000] {log.py:232} WARNING - [[34m2024-08-16T09:44:02.587+0000[0m] {[34mproject.py:[0m35} INFO[0m - [35m(astronomer-cosmos)[0m - Project /opt/***/dags/Data_Marketplace does not have {'dependencies.yml', 'packages.yml'}[0m
[2024-08-16T09:44:02.587+0000] {log.py:232} WARNING - [[34m2024-08-16T09:44:02.587+0000[0m] {[34mproject.py:[0m35} INFO[0m - [35m(astronomer-cosmos)[0m - Project /opt/***/dags/Data_Marketplace does not have {'dependencies.yml', 'packages.yml'}[0m
[2024-08-16T09:44:02.587+0000] {project.py:35} INFO - Project /opt/***/dags/Data_Marketplace does not have {'dependencies.yml', 'packages.yml'}
[2024-08-16T09:44:02.588+0000] {log.py:232} WARNING - [[34m2024-08-16T09:44:02.588+0000[0m] {[34mconverter.py:[0m293} INFO[0m - [35m(astronomer-cosmos)[0m - Cosmos performance (dbt_dag_filterd__customers_group) - [ubuntu|1462]: It took 0.00755s to build the Airflow DAG.[0m
[2024-08-16T09:44:02.589+0000] {log.py:232} WARNING - [[34m2024-08-16T09:44:02.588+0000[0m] {[34mconverter.py:[0m293} INFO[0m - [35m(astronomer-cosmos)[0m - Cosmos performance (dbt_dag_filterd__customers_group) - [ubuntu|1462]: It took 0.00755s to build the Airflow DAG.[0m
[2024-08-16T09:44:02.588+0000] {converter.py:293} INFO - Cosmos performance (dbt_dag_filterd__customers_group) - [ubuntu|1462]: It took 0.00755s to build the Airflow DAG.
[2024-08-16T09:44:02.590+0000] {log.py:232} WARNING - [[34m2024-08-16T09:44:02.590+0000[0m] {[34mlocal.py:[0m174} INFO[0m - [35m(astronomer-cosmos)[0m - Could not import dbtRunner. Falling back to subprocess for invoking dbt.[0m
[2024-08-16T09:44:02.590+0000] {log.py:232} WARNING - [[34m2024-08-16T09:44:02.590+0000[0m] {[34mlocal.py:[0m174} INFO[0m - [35m(astronomer-cosmos)[0m - Could not import dbtRunner. Falling back to subprocess for invoking dbt.[0m
[2024-08-16T09:44:02.590+0000] {local.py:174} INFO - Could not import dbtRunner. Falling back to subprocess for invoking dbt.
[2024-08-16T09:44:02.592+0000] {log.py:232} WARNING - [[34m2024-08-16T09:44:02.592+0000[0m] {[34mlocal.py:[0m292} INFO[0m - [35m(astronomer-cosmos)[0m - Cloning project to writable temp directory /tmp/tmp1p43fa7i from /opt/***/dags/Data_Marketplace[0m
[2024-08-16T09:44:02.592+0000] {log.py:232} WARNING - [[34m2024-08-16T09:44:02.592+0000[0m] {[34mlocal.py:[0m292} INFO[0m - [35m(astronomer-cosmos)[0m - Cloning project to writable temp directory /tmp/tmp1p43fa7i from /opt/***/dags/Data_Marketplace[0m
[2024-08-16T09:44:02.592+0000] {local.py:292} INFO - Cloning project to writable temp directory /tmp/tmp1p43fa7i from /opt/airflow/dags/Data_Marketplace
[2024-08-16T09:44:02.596+0000] {log.py:232} WARNING - [[34m2024-08-16T09:44:02.596+0000[0m] {[34mlocal.py:[0m303} INFO[0m - [35m(astronomer-cosmos)[0m - Partial parse is enabled and the latest partial parse file is /tmp/cosmos/Weather_Data_Extraction__weather_data_models/target/partial_parse.msgpack[0m
[2024-08-16T09:44:02.597+0000] {log.py:232} WARNING - [[34m2024-08-16T09:44:02.596+0000[0m] {[34mlocal.py:[0m303} INFO[0m - [35m(astronomer-cosmos)[0m - Partial parse is enabled and the latest partial parse file is /tmp/cosmos/Weather_Data_Extraction__weather_data_models/target/partial_parse.msgpack[0m
[2024-08-16T09:44:02.596+0000] {local.py:303} INFO - Partial parse is enabled and the latest partial parse file is /tmp/cosmos/Weather_Data_Extraction__weather_data_models/target/partial_parse.msgpack
[2024-08-16T09:44:02.609+0000] {log.py:232} WARNING - [[34m2024-08-16T09:44:02.608+0000[0m] {[34mconfig.py:[0m292} INFO[0m - [35m(astronomer-cosmos)[0m - Profile caching is enable.[0m
[2024-08-16T09:44:02.609+0000] {log.py:232} WARNING - [[34m2024-08-16T09:44:02.608+0000[0m] {[34mconfig.py:[0m292} INFO[0m - [35m(astronomer-cosmos)[0m - Profile caching is enable.[0m
[2024-08-16T09:44:02.608+0000] {config.py:292} INFO - Profile caching is enable.
[2024-08-16T09:44:02.618+0000] {base.py:84} INFO - Using connection ID 'snowflake_conn' for task execution.
[2024-08-16T09:44:02.622+0000] {log.py:232} WARNING - [[34m2024-08-16T09:44:02.622+0000[0m] {[34mconfig.py:[0m272} INFO[0m - [35m(astronomer-cosmos)[0m - Profile found in cache using profile: /tmp/cosmos/profile/ec71862f850e9b0839075fe0561d5062ab3dd99ef2a3dac2fe4fc1486f2849d0/profiles.yml.[0m
[2024-08-16T09:44:02.623+0000] {log.py:232} WARNING - [[34m2024-08-16T09:44:02.622+0000[0m] {[34mconfig.py:[0m272} INFO[0m - [35m(astronomer-cosmos)[0m - Profile found in cache using profile: /tmp/cosmos/profile/ec71862f850e9b0839075fe0561d5062ab3dd99ef2a3dac2fe4fc1486f2849d0/profiles.yml.[0m
[2024-08-16T09:44:02.622+0000] {config.py:272} INFO - Profile found in cache using profile: /tmp/cosmos/profile/ec71862f850e9b0839075fe0561d5062ab3dd99ef2a3dac2fe4fc1486f2849d0/profiles.yml.
[2024-08-16T09:44:02.624+0000] {log.py:232} WARNING - [[34m2024-08-16T09:44:02.624+0000[0m] {[34mlocal.py:[0m247} INFO[0m - [35m(astronomer-cosmos)[0m - Trying to run the command:
 ['/opt/***/dbt_venv/bin/dbt', 'run', '--models', 'stg_weather_data', '--project-dir', '/tmp/tmp1p43fa7i', '--profiles-dir', '/tmp/cosmos/profile/ec71862f850e9b0839075fe0561d5062ab3dd99ef2a3dac2fe4fc1486f2849d0', '--profile', 'Data_Marketplace', '--target', 'dev']
From /tmp/tmp1p43fa7i[0m
[2024-08-16T09:44:02.624+0000] {log.py:232} WARNING - [[34m2024-08-16T09:44:02.624+0000[0m] {[34mlocal.py:[0m247} INFO[0m - [35m(astronomer-cosmos)[0m - Trying to run the command:
 ['/opt/***/dbt_venv/bin/dbt', 'run', '--models', 'stg_weather_data', '--project-dir', '/tmp/tmp1p43fa7i', '--profiles-dir', '/tmp/cosmos/profile/ec71862f850e9b0839075fe0561d5062ab3dd99ef2a3dac2fe4fc1486f2849d0', '--profile', 'Data_Marketplace', '--target', 'dev']
From /tmp/tmp1p43fa7i[0m
[2024-08-16T09:44:02.624+0000] {local.py:247} INFO - Trying to run the command:
 ['/opt/***/dbt_venv/bin/dbt', 'run', '--models', 'stg_weather_data', '--project-dir', '/tmp/tmp1p43fa7i', '--profiles-dir', '/tmp/cosmos/profile/ec71862f850e9b0839075fe0561d5062ab3dd99ef2a3dac2fe4fc1486f2849d0', '--profile', 'Data_Marketplace', '--target', 'dev']
From /tmp/tmp1p43fa7i
[2024-08-16T09:44:02.625+0000] {log.py:232} WARNING - [[34m2024-08-16T09:44:02.625+0000[0m] {[34msubprocess.py:[0m60} INFO[0m - [35m(astronomer-cosmos)[0m - Tmp dir root location: 
 /tmp[0m
[2024-08-16T09:44:02.626+0000] {log.py:232} WARNING - [[34m2024-08-16T09:44:02.625+0000[0m] {[34msubprocess.py:[0m60} INFO[0m - [35m(astronomer-cosmos)[0m - Tmp dir root location: 
 /tmp[0m
[2024-08-16T09:44:02.625+0000] {subprocess.py:60} INFO - Tmp dir root location: 
 /tmp
[2024-08-16T09:44:02.627+0000] {log.py:232} WARNING - [[34m2024-08-16T09:44:02.626+0000[0m] {[34msubprocess.py:[0m73} INFO[0m - [35m(astronomer-cosmos)[0m - Running command: ['/opt/***/dbt_venv/bin/dbt', 'run', '--models', 'stg_weather_data', '--project-dir', '/tmp/tmp1p43fa7i', '--profiles-dir', '/tmp/cosmos/profile/ec71862f850e9b0839075fe0561d5062ab3dd99ef2a3dac2fe4fc1486f2849d0', '--profile', 'Data_Marketplace', '--target', 'dev'][0m
[2024-08-16T09:44:02.627+0000] {log.py:232} WARNING - [[34m2024-08-16T09:44:02.626+0000[0m] {[34msubprocess.py:[0m73} INFO[0m - [35m(astronomer-cosmos)[0m - Running command: ['/opt/***/dbt_venv/bin/dbt', 'run', '--models', 'stg_weather_data', '--project-dir', '/tmp/tmp1p43fa7i', '--profiles-dir', '/tmp/cosmos/profile/ec71862f850e9b0839075fe0561d5062ab3dd99ef2a3dac2fe4fc1486f2849d0', '--profile', 'Data_Marketplace', '--target', 'dev'][0m
[2024-08-16T09:44:02.626+0000] {subprocess.py:73} INFO - Running command: ['/opt/***/dbt_venv/bin/dbt', 'run', '--models', 'stg_weather_data', '--project-dir', '/tmp/tmp1p43fa7i', '--profiles-dir', '/tmp/cosmos/profile/ec71862f850e9b0839075fe0561d5062ab3dd99ef2a3dac2fe4fc1486f2849d0', '--profile', 'Data_Marketplace', '--target', 'dev']
[2024-08-16T09:44:02.639+0000] {log.py:232} WARNING - [[34m2024-08-16T09:44:02.638+0000[0m] {[34msubprocess.py:[0m84} INFO[0m - [35m(astronomer-cosmos)[0m - Command output:[0m
[2024-08-16T09:44:02.639+0000] {log.py:232} WARNING - [[34m2024-08-16T09:44:02.638+0000[0m] {[34msubprocess.py:[0m84} INFO[0m - [35m(astronomer-cosmos)[0m - Command output:[0m
[2024-08-16T09:44:02.638+0000] {subprocess.py:84} INFO - Command output:
[2024-08-16T09:44:04.743+0000] {log.py:232} WARNING - [[34m2024-08-16T09:44:04.742+0000[0m] {[34msubprocess.py:[0m94} INFO[0m - [35m(astronomer-cosmos)[0m - [0m09:44:04  Running with dbt=1.8.5[0m
[2024-08-16T09:44:04.744+0000] {log.py:232} WARNING - [[34m2024-08-16T09:44:04.742+0000[0m] {[34msubprocess.py:[0m94} INFO[0m - [35m(astronomer-cosmos)[0m - [0m09:44:04  Running with dbt=1.8.5[0m
[2024-08-16T09:44:04.742+0000] {subprocess.py:94} INFO - [0m09:44:04  Running with dbt=1.8.5
[2024-08-16T09:44:05.304+0000] {log.py:232} WARNING - [[34m2024-08-16T09:44:05.303+0000[0m] {[34msubprocess.py:[0m94} INFO[0m - [35m(astronomer-cosmos)[0m - [0m09:44:05  Registered adapter: snowflake=1.8.3[0m
[2024-08-16T09:44:05.305+0000] {log.py:232} WARNING - [[34m2024-08-16T09:44:05.303+0000[0m] {[34msubprocess.py:[0m94} INFO[0m - [35m(astronomer-cosmos)[0m - [0m09:44:05  Registered adapter: snowflake=1.8.3[0m
[2024-08-16T09:44:05.303+0000] {subprocess.py:94} INFO - [0m09:44:05  Registered adapter: snowflake=1.8.3
[2024-08-16T09:44:06.038+0000] {log.py:232} WARNING - [[34m2024-08-16T09:44:06.038+0000[0m] {[34msubprocess.py:[0m94} INFO[0m - [35m(astronomer-cosmos)[0m - [0m09:44:06  Found 9 models, 2 snapshots, 3 seeds, 2 data tests, 3 sources, 448 macros[0m
[2024-08-16T09:44:06.040+0000] {log.py:232} WARNING - [[34m2024-08-16T09:44:06.038+0000[0m] {[34msubprocess.py:[0m94} INFO[0m - [35m(astronomer-cosmos)[0m - [0m09:44:06  Found 9 models, 2 snapshots, 3 seeds, 2 data tests, 3 sources, 448 macros[0m
[2024-08-16T09:44:06.038+0000] {subprocess.py:94} INFO - [0m09:44:06  Found 9 models, 2 snapshots, 3 seeds, 2 data tests, 3 sources, 448 macros
[2024-08-16T09:44:06.043+0000] {log.py:232} WARNING - [[34m2024-08-16T09:44:06.042+0000[0m] {[34msubprocess.py:[0m94} INFO[0m - [35m(astronomer-cosmos)[0m - [0m09:44:06[0m
[2024-08-16T09:44:06.044+0000] {log.py:232} WARNING - [[34m2024-08-16T09:44:06.042+0000[0m] {[34msubprocess.py:[0m94} INFO[0m - [35m(astronomer-cosmos)[0m - [0m09:44:06[0m
[2024-08-16T09:44:06.042+0000] {subprocess.py:94} INFO - [0m09:44:06
[2024-08-16T09:44:07.602+0000] {log.py:232} WARNING - [[34m2024-08-16T09:44:07.602+0000[0m] {[34msubprocess.py:[0m94} INFO[0m - [35m(astronomer-cosmos)[0m - [0m09:44:07  Concurrency: 1 threads (target='dev')[0m
[2024-08-16T09:44:07.603+0000] {log.py:232} WARNING - [[34m2024-08-16T09:44:07.602+0000[0m] {[34msubprocess.py:[0m94} INFO[0m - [35m(astronomer-cosmos)[0m - [0m09:44:07  Concurrency: 1 threads (target='dev')[0m
[2024-08-16T09:44:07.602+0000] {subprocess.py:94} INFO - [0m09:44:07  Concurrency: 1 threads (target='dev')
[2024-08-16T09:44:07.605+0000] {log.py:232} WARNING - [[34m2024-08-16T09:44:07.604+0000[0m] {[34msubprocess.py:[0m94} INFO[0m - [35m(astronomer-cosmos)[0m - [0m09:44:07[0m
[2024-08-16T09:44:07.605+0000] {log.py:232} WARNING - [[34m2024-08-16T09:44:07.604+0000[0m] {[34msubprocess.py:[0m94} INFO[0m - [35m(astronomer-cosmos)[0m - [0m09:44:07[0m
[2024-08-16T09:44:07.604+0000] {subprocess.py:94} INFO - [0m09:44:07
[2024-08-16T09:44:07.647+0000] {log.py:232} WARNING - [[34m2024-08-16T09:44:07.646+0000[0m] {[34msubprocess.py:[0m94} INFO[0m - [35m(astronomer-cosmos)[0m - [0m09:44:07[0m
[2024-08-16T09:44:07.647+0000] {log.py:232} WARNING - [[34m2024-08-16T09:44:07.646+0000[0m] {[34msubprocess.py:[0m94} INFO[0m - [35m(astronomer-cosmos)[0m - [0m09:44:07[0m
[2024-08-16T09:44:07.646+0000] {subprocess.py:94} INFO - [0m09:44:07
[2024-08-16T09:44:07.649+0000] {log.py:232} WARNING - [[34m2024-08-16T09:44:07.649+0000[0m] {[34msubprocess.py:[0m94} INFO[0m - [35m(astronomer-cosmos)[0m - [0m09:44:07  Finished running  in 0 hours 0 minutes and 1.60 seconds (1.60s).[0m
[2024-08-16T09:44:07.649+0000] {log.py:232} WARNING - [[34m2024-08-16T09:44:07.649+0000[0m] {[34msubprocess.py:[0m94} INFO[0m - [35m(astronomer-cosmos)[0m - [0m09:44:07  Finished running  in 0 hours 0 minutes and 1.60 seconds (1.60s).[0m
[2024-08-16T09:44:07.649+0000] {subprocess.py:94} INFO - [0m09:44:07  Finished running  in 0 hours 0 minutes and 1.60 seconds (1.60s).
[2024-08-16T09:44:09.358+0000] {log.py:232} WARNING - [[34m2024-08-16T09:44:09.358+0000[0m] {[34msubprocess.py:[0m98} INFO[0m - [35m(astronomer-cosmos)[0m - Command exited with return code 0[0m
[2024-08-16T09:44:09.359+0000] {log.py:232} WARNING - [[34m2024-08-16T09:44:09.358+0000[0m] {[34msubprocess.py:[0m98} INFO[0m - [35m(astronomer-cosmos)[0m - Command exited with return code 0[0m
[2024-08-16T09:44:09.358+0000] {subprocess.py:98} INFO - Command exited with return code 0
[2024-08-16T09:44:09.362+0000] {log.py:232} WARNING - [[34m2024-08-16T09:44:09.361+0000[0m] {[34mlocal.py:[0m254} INFO[0m - [35m(astronomer-cosmos)[0m - [0m09:44:07  Finished running  in 0 hours 0 minutes and 1.60 seconds (1.60s).[0m
[2024-08-16T09:44:09.362+0000] {log.py:232} WARNING - [[34m2024-08-16T09:44:09.361+0000[0m] {[34mlocal.py:[0m254} INFO[0m - [35m(astronomer-cosmos)[0m - [0m09:44:07  Finished running  in 0 hours 0 minutes and 1.60 seconds (1.60s).[0m
[2024-08-16T09:44:09.361+0000] {local.py:254} INFO - [0m09:44:07  Finished running  in 0 hours 0 minutes and 1.60 seconds (1.60s).
[2024-08-16T09:44:09.392+0000] {local.py:196} WARNING - Artifact schema version: https://schemas.getdbt.com/dbt/manifest/v12.json is above dbt-ol supported version 7. This might cause errors.
[2024-08-16T09:44:09.394+0000] {local.py:196} WARNING - Artifact schema version: https://schemas.getdbt.com/dbt/run-results/v6.json is above dbt-ol supported version 5. This might cause errors.
[2024-08-16T09:44:09.403+0000] {log.py:232} WARNING - [[34m2024-08-16T09:44:09.402+0000[0m] {[34mlocal.py:[0m349} INFO[0m - [35m(astronomer-cosmos)[0m - Inlets: [][0m
[2024-08-16T09:44:09.404+0000] {log.py:232} WARNING - [[34m2024-08-16T09:44:09.402+0000[0m] {[34mlocal.py:[0m349} INFO[0m - [35m(astronomer-cosmos)[0m - Inlets: [][0m
[2024-08-16T09:44:09.402+0000] {local.py:349} INFO - Inlets: []
[2024-08-16T09:44:09.405+0000] {log.py:232} WARNING - [[34m2024-08-16T09:44:09.405+0000[0m] {[34mlocal.py:[0m350} INFO[0m - [35m(astronomer-cosmos)[0m - Outlets: [][0m
[2024-08-16T09:44:09.406+0000] {log.py:232} WARNING - [[34m2024-08-16T09:44:09.405+0000[0m] {[34mlocal.py:[0m350} INFO[0m - [35m(astronomer-cosmos)[0m - Outlets: [][0m
[2024-08-16T09:44:09.405+0000] {local.py:350} INFO - Outlets: []
[2024-08-16T09:44:09.407+0000] {dag.py:3096} INFO - Sync 1 DAGs
[2024-08-16T09:44:09.466+0000] {taskinstance.py:441} INFO - ::group::Post task execution logs
[2024-08-16T09:44:09.480+0000] {taskinstance.py:1206} INFO - Marking task as SUCCESS. dag_id=Weather_Data_Extraction, task_id=weather_data_models.stg_weather_data_run, run_id=backfill__2024-08-12T00:00:00+00:00, execution_date=20240812T000000, start_date=20240816T094401, end_date=20240816T094409
[2024-08-16T09:44:09.540+0000] {local_task_job_runner.py:240} INFO - Task exited with return code 0
[2024-08-16T09:44:09.612+0000] {taskinstance.py:3503} INFO - 1 downstream tasks scheduled from follow-on schedule check
[2024-08-16T09:44:09.617+0000] {local_task_job_runner.py:222} INFO - ::endgroup::
[2024-08-16T10:07:34.974+0000] {local_task_job_runner.py:120} INFO - ::group::Pre task execution logs
[2024-08-16T10:07:35.122+0000] {taskinstance.py:2076} INFO - Dependencies all met for dep_context=non-requeueable deps ti=<TaskInstance: Weather_Data_Extraction.weather_data_models.stg_weather_data_run backfill__2024-08-12T00:00:00+00:00 [queued]>
[2024-08-16T10:07:35.129+0000] {taskinstance.py:2076} INFO - Dependencies all met for dep_context=requeueable deps ti=<TaskInstance: Weather_Data_Extraction.weather_data_models.stg_weather_data_run backfill__2024-08-12T00:00:00+00:00 [queued]>
[2024-08-16T10:07:35.130+0000] {taskinstance.py:2306} INFO - Starting attempt 1 of 3
[2024-08-16T10:07:35.142+0000] {taskinstance.py:2330} INFO - Executing <Task(DbtRunLocalOperator): weather_data_models.stg_weather_data_run> on 2024-08-12 00:00:00+00:00
[2024-08-16T10:07:35.148+0000] {warnings.py:112} WARNING - /home/***/.local/lib/python3.12/site-packages/***/task/task_runner/standard_task_runner.py:61: DeprecationWarning: This process (pid=2225) is multi-threaded, use of fork() may lead to deadlocks in the child.
  pid = os.fork()

[2024-08-16T10:07:35.149+0000] {standard_task_runner.py:63} INFO - Started process 2227 to run task
[2024-08-16T10:07:35.150+0000] {standard_task_runner.py:90} INFO - Running: ['***', 'tasks', 'run', 'Weather_Data_Extraction', 'weather_data_models.stg_weather_data_run', 'backfill__2024-08-12T00:00:00+00:00', '--job-id', '1256', '--pool', 'default_pool', '--raw', '--subdir', 'DAGS_FOLDER/Data_Weather_Extraction.py', '--cfg-path', '/tmp/tmp5dgtq6vg']
[2024-08-16T10:07:35.152+0000] {standard_task_runner.py:91} INFO - Job 1256: Subtask weather_data_models.stg_weather_data_run
[2024-08-16T10:07:35.190+0000] {task_command.py:426} INFO - Running <TaskInstance: Weather_Data_Extraction.weather_data_models.stg_weather_data_run backfill__2024-08-12T00:00:00+00:00 [running]> on host ubuntu
[2024-08-16T10:07:35.266+0000] {taskinstance.py:2648} INFO - Exporting env vars: AIRFLOW_CTX_DAG_OWNER='Ducky' AIRFLOW_CTX_DAG_ID='Weather_Data_Extraction' AIRFLOW_CTX_TASK_ID='weather_data_models.stg_weather_data_run' AIRFLOW_CTX_EXECUTION_DATE='2024-08-12T00:00:00+00:00' AIRFLOW_CTX_TRY_NUMBER='1' AIRFLOW_CTX_DAG_RUN_ID='backfill__2024-08-12T00:00:00+00:00'
[2024-08-16T10:07:35.268+0000] {taskinstance.py:430} INFO - ::endgroup::
[2024-08-16T10:07:35.288+0000] {log.py:232} WARNING - [[34m2024-08-16T10:07:35.288+0000[0m] {[34mgraph.py:[0m377} INFO[0m - [35m(astronomer-cosmos)[0m - Trying to parse the dbt project using dbt ls cache cosmos_cache__dbt_dag_filterd__customers_group...[0m
[2024-08-16T10:07:35.289+0000] {log.py:232} WARNING - [[34m2024-08-16T10:07:35.288+0000[0m] {[34mgraph.py:[0m377} INFO[0m - [35m(astronomer-cosmos)[0m - Trying to parse the dbt project using dbt ls cache cosmos_cache__dbt_dag_filterd__customers_group...[0m
[2024-08-16T10:07:35.288+0000] {graph.py:377} INFO - Trying to parse the dbt project using dbt ls cache cosmos_cache__dbt_dag_filterd__customers_group...
[2024-08-16T10:07:35.514+0000] {log.py:232} WARNING - [[34m2024-08-16T10:07:35.513+0000[0m] {[34mcache.py:[0m262} INFO[0m - [35m(astronomer-cosmos)[0m - Cosmos performance: time to calculate cache identifier cosmos_cache__dbt_dag_filterd__customers_group for current version: 0.21717866400013008[0m
[2024-08-16T10:07:35.514+0000] {log.py:232} WARNING - [[34m2024-08-16T10:07:35.513+0000[0m] {[34mcache.py:[0m262} INFO[0m - [35m(astronomer-cosmos)[0m - Cosmos performance: time to calculate cache identifier cosmos_cache__dbt_dag_filterd__customers_group for current version: 0.21717866400013008[0m
[2024-08-16T10:07:35.513+0000] {cache.py:262} INFO - Cosmos performance: time to calculate cache identifier cosmos_cache__dbt_dag_filterd__customers_group for current version: 0.21717866400013008
[2024-08-16T10:07:35.515+0000] {log.py:232} WARNING - [[34m2024-08-16T10:07:35.515+0000[0m] {[34mgraph.py:[0m394} INFO[0m - [35m(astronomer-cosmos)[0m - Cosmos performance [ubuntu|2227]: The cache size for cosmos_cache__dbt_dag_filterd__customers_group is 2948[0m
[2024-08-16T10:07:35.516+0000] {log.py:232} WARNING - [[34m2024-08-16T10:07:35.515+0000[0m] {[34mgraph.py:[0m394} INFO[0m - [35m(astronomer-cosmos)[0m - Cosmos performance [ubuntu|2227]: The cache size for cosmos_cache__dbt_dag_filterd__customers_group is 2948[0m
[2024-08-16T10:07:35.515+0000] {graph.py:394} INFO - Cosmos performance [ubuntu|2227]: The cache size for cosmos_cache__dbt_dag_filterd__customers_group is 2948
[2024-08-16T10:07:35.517+0000] {log.py:232} WARNING - [[34m2024-08-16T10:07:35.517+0000[0m] {[34mgraph.py:[0m402} INFO[0m - [35m(astronomer-cosmos)[0m - Cosmos performance: Cache hit for cosmos_cache__dbt_dag_filterd__customers_group - d3655c99e4b770027e65648437a3d068,5f7d44698c4b67134aff532494870c9c[0m
[2024-08-16T10:07:35.517+0000] {log.py:232} WARNING - [[34m2024-08-16T10:07:35.517+0000[0m] {[34mgraph.py:[0m402} INFO[0m - [35m(astronomer-cosmos)[0m - Cosmos performance: Cache hit for cosmos_cache__dbt_dag_filterd__customers_group - d3655c99e4b770027e65648437a3d068,5f7d44698c4b67134aff532494870c9c[0m
[2024-08-16T10:07:35.517+0000] {graph.py:402} INFO - Cosmos performance: Cache hit for cosmos_cache__dbt_dag_filterd__customers_group - d3655c99e4b770027e65648437a3d068,5f7d44698c4b67134aff532494870c9c
[2024-08-16T10:07:35.518+0000] {log.py:232} WARNING - [[34m2024-08-16T10:07:35.518+0000[0m] {[34mgraph.py:[0m335} INFO[0m - [35m(astronomer-cosmos)[0m - Total nodes: 3[0m
[2024-08-16T10:07:35.518+0000] {log.py:232} WARNING - [[34m2024-08-16T10:07:35.518+0000[0m] {[34mgraph.py:[0m335} INFO[0m - [35m(astronomer-cosmos)[0m - Total nodes: 3[0m
[2024-08-16T10:07:35.518+0000] {graph.py:335} INFO - Total nodes: 3
[2024-08-16T10:07:35.519+0000] {log.py:232} WARNING - [[34m2024-08-16T10:07:35.519+0000[0m] {[34mgraph.py:[0m336} INFO[0m - [35m(astronomer-cosmos)[0m - Total filtered nodes: 3[0m
[2024-08-16T10:07:35.520+0000] {log.py:232} WARNING - [[34m2024-08-16T10:07:35.519+0000[0m] {[34mgraph.py:[0m336} INFO[0m - [35m(astronomer-cosmos)[0m - Total filtered nodes: 3[0m
[2024-08-16T10:07:35.519+0000] {graph.py:336} INFO - Total filtered nodes: 3
[2024-08-16T10:07:35.520+0000] {log.py:232} WARNING - [[34m2024-08-16T10:07:35.520+0000[0m] {[34mconverter.py:[0m251} INFO[0m - [35m(astronomer-cosmos)[0m - Cosmos performance (dbt_dag_filterd__customers_group) -  [ubuntu|2227]: It took 0.233s to parse the dbt project for DAG using LoadMode.DBT_LS_CACHE[0m
[2024-08-16T10:07:35.521+0000] {log.py:232} WARNING - [[34m2024-08-16T10:07:35.520+0000[0m] {[34mconverter.py:[0m251} INFO[0m - [35m(astronomer-cosmos)[0m - Cosmos performance (dbt_dag_filterd__customers_group) -  [ubuntu|2227]: It took 0.233s to parse the dbt project for DAG using LoadMode.DBT_LS_CACHE[0m
[2024-08-16T10:07:35.520+0000] {converter.py:251} INFO - Cosmos performance (dbt_dag_filterd__customers_group) -  [ubuntu|2227]: It took 0.233s to parse the dbt project for DAG using LoadMode.DBT_LS_CACHE
[2024-08-16T10:07:35.523+0000] {log.py:232} WARNING - [[34m2024-08-16T10:07:35.523+0000[0m] {[34mproject.py:[0m35} INFO[0m - [35m(astronomer-cosmos)[0m - Project /opt/***/dags/Data_Marketplace does not have {'dependencies.yml', 'packages.yml'}[0m
[2024-08-16T10:07:35.524+0000] {log.py:232} WARNING - [[34m2024-08-16T10:07:35.523+0000[0m] {[34mproject.py:[0m35} INFO[0m - [35m(astronomer-cosmos)[0m - Project /opt/***/dags/Data_Marketplace does not have {'dependencies.yml', 'packages.yml'}[0m
[2024-08-16T10:07:35.523+0000] {project.py:35} INFO - Project /opt/***/dags/Data_Marketplace does not have {'dependencies.yml', 'packages.yml'}
[2024-08-16T10:07:35.526+0000] {log.py:232} WARNING - [[34m2024-08-16T10:07:35.526+0000[0m] {[34mproject.py:[0m35} INFO[0m - [35m(astronomer-cosmos)[0m - Project /opt/***/dags/Data_Marketplace does not have {'dependencies.yml', 'packages.yml'}[0m
[2024-08-16T10:07:35.527+0000] {log.py:232} WARNING - [[34m2024-08-16T10:07:35.526+0000[0m] {[34mproject.py:[0m35} INFO[0m - [35m(astronomer-cosmos)[0m - Project /opt/***/dags/Data_Marketplace does not have {'dependencies.yml', 'packages.yml'}[0m
[2024-08-16T10:07:35.526+0000] {project.py:35} INFO - Project /opt/***/dags/Data_Marketplace does not have {'dependencies.yml', 'packages.yml'}
[2024-08-16T10:07:35.529+0000] {log.py:232} WARNING - [[34m2024-08-16T10:07:35.529+0000[0m] {[34mproject.py:[0m35} INFO[0m - [35m(astronomer-cosmos)[0m - Project /opt/***/dags/Data_Marketplace does not have {'dependencies.yml', 'packages.yml'}[0m
[2024-08-16T10:07:35.530+0000] {log.py:232} WARNING - [[34m2024-08-16T10:07:35.529+0000[0m] {[34mproject.py:[0m35} INFO[0m - [35m(astronomer-cosmos)[0m - Project /opt/***/dags/Data_Marketplace does not have {'dependencies.yml', 'packages.yml'}[0m
[2024-08-16T10:07:35.529+0000] {project.py:35} INFO - Project /opt/***/dags/Data_Marketplace does not have {'dependencies.yml', 'packages.yml'}
[2024-08-16T10:07:35.531+0000] {log.py:232} WARNING - [[34m2024-08-16T10:07:35.531+0000[0m] {[34mconverter.py:[0m293} INFO[0m - [35m(astronomer-cosmos)[0m - Cosmos performance (dbt_dag_filterd__customers_group) - [ubuntu|2227]: It took 0.0105s to build the Airflow DAG.[0m
[2024-08-16T10:07:35.531+0000] {log.py:232} WARNING - [[34m2024-08-16T10:07:35.531+0000[0m] {[34mconverter.py:[0m293} INFO[0m - [35m(astronomer-cosmos)[0m - Cosmos performance (dbt_dag_filterd__customers_group) - [ubuntu|2227]: It took 0.0105s to build the Airflow DAG.[0m
[2024-08-16T10:07:35.531+0000] {converter.py:293} INFO - Cosmos performance (dbt_dag_filterd__customers_group) - [ubuntu|2227]: It took 0.0105s to build the Airflow DAG.
[2024-08-16T10:07:35.533+0000] {log.py:232} WARNING - [[34m2024-08-16T10:07:35.533+0000[0m] {[34mlocal.py:[0m174} INFO[0m - [35m(astronomer-cosmos)[0m - Could not import dbtRunner. Falling back to subprocess for invoking dbt.[0m
[2024-08-16T10:07:35.534+0000] {log.py:232} WARNING - [[34m2024-08-16T10:07:35.533+0000[0m] {[34mlocal.py:[0m174} INFO[0m - [35m(astronomer-cosmos)[0m - Could not import dbtRunner. Falling back to subprocess for invoking dbt.[0m
[2024-08-16T10:07:35.533+0000] {local.py:174} INFO - Could not import dbtRunner. Falling back to subprocess for invoking dbt.
[2024-08-16T10:07:35.535+0000] {log.py:232} WARNING - [[34m2024-08-16T10:07:35.535+0000[0m] {[34mlocal.py:[0m292} INFO[0m - [35m(astronomer-cosmos)[0m - Cloning project to writable temp directory /tmp/tmp_0_9nmls from /opt/***/dags/Data_Marketplace[0m
[2024-08-16T10:07:35.535+0000] {log.py:232} WARNING - [[34m2024-08-16T10:07:35.535+0000[0m] {[34mlocal.py:[0m292} INFO[0m - [35m(astronomer-cosmos)[0m - Cloning project to writable temp directory /tmp/tmp_0_9nmls from /opt/***/dags/Data_Marketplace[0m
[2024-08-16T10:07:35.535+0000] {local.py:292} INFO - Cloning project to writable temp directory /tmp/tmp_0_9nmls from /opt/airflow/dags/Data_Marketplace
[2024-08-16T10:07:35.540+0000] {log.py:232} WARNING - [[34m2024-08-16T10:07:35.540+0000[0m] {[34mlocal.py:[0m303} INFO[0m - [35m(astronomer-cosmos)[0m - Partial parse is enabled and the latest partial parse file is /tmp/cosmos/Weather_Data_Extraction__weather_data_models/target/partial_parse.msgpack[0m
[2024-08-16T10:07:35.541+0000] {log.py:232} WARNING - [[34m2024-08-16T10:07:35.540+0000[0m] {[34mlocal.py:[0m303} INFO[0m - [35m(astronomer-cosmos)[0m - Partial parse is enabled and the latest partial parse file is /tmp/cosmos/Weather_Data_Extraction__weather_data_models/target/partial_parse.msgpack[0m
[2024-08-16T10:07:35.540+0000] {local.py:303} INFO - Partial parse is enabled and the latest partial parse file is /tmp/cosmos/Weather_Data_Extraction__weather_data_models/target/partial_parse.msgpack
[2024-08-16T10:07:35.549+0000] {log.py:232} WARNING - [[34m2024-08-16T10:07:35.548+0000[0m] {[34mconfig.py:[0m292} INFO[0m - [35m(astronomer-cosmos)[0m - Profile caching is enable.[0m
[2024-08-16T10:07:35.549+0000] {log.py:232} WARNING - [[34m2024-08-16T10:07:35.548+0000[0m] {[34mconfig.py:[0m292} INFO[0m - [35m(astronomer-cosmos)[0m - Profile caching is enable.[0m
[2024-08-16T10:07:35.548+0000] {config.py:292} INFO - Profile caching is enable.
[2024-08-16T10:07:35.561+0000] {base.py:84} INFO - Using connection ID 'snowflake_conn' for task execution.
[2024-08-16T10:07:35.565+0000] {log.py:232} WARNING - [[34m2024-08-16T10:07:35.565+0000[0m] {[34mconfig.py:[0m272} INFO[0m - [35m(astronomer-cosmos)[0m - Profile found in cache using profile: /tmp/cosmos/profile/ec71862f850e9b0839075fe0561d5062ab3dd99ef2a3dac2fe4fc1486f2849d0/profiles.yml.[0m
[2024-08-16T10:07:35.566+0000] {log.py:232} WARNING - [[34m2024-08-16T10:07:35.565+0000[0m] {[34mconfig.py:[0m272} INFO[0m - [35m(astronomer-cosmos)[0m - Profile found in cache using profile: /tmp/cosmos/profile/ec71862f850e9b0839075fe0561d5062ab3dd99ef2a3dac2fe4fc1486f2849d0/profiles.yml.[0m
[2024-08-16T10:07:35.565+0000] {config.py:272} INFO - Profile found in cache using profile: /tmp/cosmos/profile/ec71862f850e9b0839075fe0561d5062ab3dd99ef2a3dac2fe4fc1486f2849d0/profiles.yml.
[2024-08-16T10:07:35.568+0000] {log.py:232} WARNING - [[34m2024-08-16T10:07:35.567+0000[0m] {[34mlocal.py:[0m247} INFO[0m - [35m(astronomer-cosmos)[0m - Trying to run the command:
 ['/opt/***/dbt_venv/bin/dbt', 'run', '--models', 'stg_weather_data', '--project-dir', '/tmp/tmp_0_9nmls', '--profiles-dir', '/tmp/cosmos/profile/ec71862f850e9b0839075fe0561d5062ab3dd99ef2a3dac2fe4fc1486f2849d0', '--profile', 'Data_Marketplace', '--target', 'dev']
From /tmp/tmp_0_9nmls[0m
[2024-08-16T10:07:35.569+0000] {log.py:232} WARNING - [[34m2024-08-16T10:07:35.567+0000[0m] {[34mlocal.py:[0m247} INFO[0m - [35m(astronomer-cosmos)[0m - Trying to run the command:
 ['/opt/***/dbt_venv/bin/dbt', 'run', '--models', 'stg_weather_data', '--project-dir', '/tmp/tmp_0_9nmls', '--profiles-dir', '/tmp/cosmos/profile/ec71862f850e9b0839075fe0561d5062ab3dd99ef2a3dac2fe4fc1486f2849d0', '--profile', 'Data_Marketplace', '--target', 'dev']
From /tmp/tmp_0_9nmls[0m
[2024-08-16T10:07:35.567+0000] {local.py:247} INFO - Trying to run the command:
 ['/opt/***/dbt_venv/bin/dbt', 'run', '--models', 'stg_weather_data', '--project-dir', '/tmp/tmp_0_9nmls', '--profiles-dir', '/tmp/cosmos/profile/ec71862f850e9b0839075fe0561d5062ab3dd99ef2a3dac2fe4fc1486f2849d0', '--profile', 'Data_Marketplace', '--target', 'dev']
From /tmp/tmp_0_9nmls
[2024-08-16T10:07:35.570+0000] {log.py:232} WARNING - [[34m2024-08-16T10:07:35.570+0000[0m] {[34msubprocess.py:[0m60} INFO[0m - [35m(astronomer-cosmos)[0m - Tmp dir root location: 
 /tmp[0m
[2024-08-16T10:07:35.571+0000] {log.py:232} WARNING - [[34m2024-08-16T10:07:35.570+0000[0m] {[34msubprocess.py:[0m60} INFO[0m - [35m(astronomer-cosmos)[0m - Tmp dir root location: 
 /tmp[0m
[2024-08-16T10:07:35.570+0000] {subprocess.py:60} INFO - Tmp dir root location: 
 /tmp
[2024-08-16T10:07:35.573+0000] {log.py:232} WARNING - [[34m2024-08-16T10:07:35.572+0000[0m] {[34msubprocess.py:[0m73} INFO[0m - [35m(astronomer-cosmos)[0m - Running command: ['/opt/***/dbt_venv/bin/dbt', 'run', '--models', 'stg_weather_data', '--project-dir', '/tmp/tmp_0_9nmls', '--profiles-dir', '/tmp/cosmos/profile/ec71862f850e9b0839075fe0561d5062ab3dd99ef2a3dac2fe4fc1486f2849d0', '--profile', 'Data_Marketplace', '--target', 'dev'][0m
[2024-08-16T10:07:35.573+0000] {log.py:232} WARNING - [[34m2024-08-16T10:07:35.572+0000[0m] {[34msubprocess.py:[0m73} INFO[0m - [35m(astronomer-cosmos)[0m - Running command: ['/opt/***/dbt_venv/bin/dbt', 'run', '--models', 'stg_weather_data', '--project-dir', '/tmp/tmp_0_9nmls', '--profiles-dir', '/tmp/cosmos/profile/ec71862f850e9b0839075fe0561d5062ab3dd99ef2a3dac2fe4fc1486f2849d0', '--profile', 'Data_Marketplace', '--target', 'dev'][0m
[2024-08-16T10:07:35.572+0000] {subprocess.py:73} INFO - Running command: ['/opt/***/dbt_venv/bin/dbt', 'run', '--models', 'stg_weather_data', '--project-dir', '/tmp/tmp_0_9nmls', '--profiles-dir', '/tmp/cosmos/profile/ec71862f850e9b0839075fe0561d5062ab3dd99ef2a3dac2fe4fc1486f2849d0', '--profile', 'Data_Marketplace', '--target', 'dev']
[2024-08-16T10:07:35.585+0000] {log.py:232} WARNING - [[34m2024-08-16T10:07:35.584+0000[0m] {[34msubprocess.py:[0m84} INFO[0m - [35m(astronomer-cosmos)[0m - Command output:[0m
[2024-08-16T10:07:35.586+0000] {log.py:232} WARNING - [[34m2024-08-16T10:07:35.584+0000[0m] {[34msubprocess.py:[0m84} INFO[0m - [35m(astronomer-cosmos)[0m - Command output:[0m
[2024-08-16T10:07:35.584+0000] {subprocess.py:84} INFO - Command output:
[2024-08-16T10:07:37.964+0000] {log.py:232} WARNING - [[34m2024-08-16T10:07:37.964+0000[0m] {[34msubprocess.py:[0m94} INFO[0m - [35m(astronomer-cosmos)[0m - [0m10:07:37  Running with dbt=1.8.5[0m
[2024-08-16T10:07:37.966+0000] {log.py:232} WARNING - [[34m2024-08-16T10:07:37.964+0000[0m] {[34msubprocess.py:[0m94} INFO[0m - [35m(astronomer-cosmos)[0m - [0m10:07:37  Running with dbt=1.8.5[0m
[2024-08-16T10:07:37.964+0000] {subprocess.py:94} INFO - [0m10:07:37  Running with dbt=1.8.5
[2024-08-16T10:07:38.715+0000] {log.py:232} WARNING - [[34m2024-08-16T10:07:38.715+0000[0m] {[34msubprocess.py:[0m94} INFO[0m - [35m(astronomer-cosmos)[0m - [0m10:07:38  Registered adapter: snowflake=1.8.3[0m
[2024-08-16T10:07:38.716+0000] {log.py:232} WARNING - [[34m2024-08-16T10:07:38.715+0000[0m] {[34msubprocess.py:[0m94} INFO[0m - [35m(astronomer-cosmos)[0m - [0m10:07:38  Registered adapter: snowflake=1.8.3[0m
[2024-08-16T10:07:38.715+0000] {subprocess.py:94} INFO - [0m10:07:38  Registered adapter: snowflake=1.8.3
[2024-08-16T10:07:39.491+0000] {log.py:232} WARNING - [[34m2024-08-16T10:07:39.490+0000[0m] {[34msubprocess.py:[0m94} INFO[0m - [35m(astronomer-cosmos)[0m - [0m10:07:39  Found 9 models, 2 snapshots, 3 seeds, 2 data tests, 3 sources, 448 macros[0m
[2024-08-16T10:07:39.491+0000] {log.py:232} WARNING - [[34m2024-08-16T10:07:39.490+0000[0m] {[34msubprocess.py:[0m94} INFO[0m - [35m(astronomer-cosmos)[0m - [0m10:07:39  Found 9 models, 2 snapshots, 3 seeds, 2 data tests, 3 sources, 448 macros[0m
[2024-08-16T10:07:39.490+0000] {subprocess.py:94} INFO - [0m10:07:39  Found 9 models, 2 snapshots, 3 seeds, 2 data tests, 3 sources, 448 macros
[2024-08-16T10:07:39.493+0000] {log.py:232} WARNING - [[34m2024-08-16T10:07:39.493+0000[0m] {[34msubprocess.py:[0m94} INFO[0m - [35m(astronomer-cosmos)[0m - [0m10:07:39[0m
[2024-08-16T10:07:39.494+0000] {log.py:232} WARNING - [[34m2024-08-16T10:07:39.493+0000[0m] {[34msubprocess.py:[0m94} INFO[0m - [35m(astronomer-cosmos)[0m - [0m10:07:39[0m
[2024-08-16T10:07:39.493+0000] {subprocess.py:94} INFO - [0m10:07:39
[2024-08-16T10:07:41.124+0000] {log.py:232} WARNING - [[34m2024-08-16T10:07:41.123+0000[0m] {[34msubprocess.py:[0m94} INFO[0m - [35m(astronomer-cosmos)[0m - [0m10:07:41  Concurrency: 1 threads (target='dev')[0m
[2024-08-16T10:07:41.125+0000] {log.py:232} WARNING - [[34m2024-08-16T10:07:41.123+0000[0m] {[34msubprocess.py:[0m94} INFO[0m - [35m(astronomer-cosmos)[0m - [0m10:07:41  Concurrency: 1 threads (target='dev')[0m
[2024-08-16T10:07:41.123+0000] {subprocess.py:94} INFO - [0m10:07:41  Concurrency: 1 threads (target='dev')
[2024-08-16T10:07:41.127+0000] {log.py:232} WARNING - [[34m2024-08-16T10:07:41.126+0000[0m] {[34msubprocess.py:[0m94} INFO[0m - [35m(astronomer-cosmos)[0m - [0m10:07:41[0m
[2024-08-16T10:07:41.128+0000] {log.py:232} WARNING - [[34m2024-08-16T10:07:41.126+0000[0m] {[34msubprocess.py:[0m94} INFO[0m - [35m(astronomer-cosmos)[0m - [0m10:07:41[0m
[2024-08-16T10:07:41.126+0000] {subprocess.py:94} INFO - [0m10:07:41
[2024-08-16T10:07:41.176+0000] {log.py:232} WARNING - [[34m2024-08-16T10:07:41.176+0000[0m] {[34msubprocess.py:[0m94} INFO[0m - [35m(astronomer-cosmos)[0m - [0m10:07:41[0m
[2024-08-16T10:07:41.177+0000] {log.py:232} WARNING - [[34m2024-08-16T10:07:41.176+0000[0m] {[34msubprocess.py:[0m94} INFO[0m - [35m(astronomer-cosmos)[0m - [0m10:07:41[0m
[2024-08-16T10:07:41.176+0000] {subprocess.py:94} INFO - [0m10:07:41
[2024-08-16T10:07:41.179+0000] {log.py:232} WARNING - [[34m2024-08-16T10:07:41.178+0000[0m] {[34msubprocess.py:[0m94} INFO[0m - [35m(astronomer-cosmos)[0m - [0m10:07:41  Finished running  in 0 hours 0 minutes and 1.68 seconds (1.68s).[0m
[2024-08-16T10:07:41.179+0000] {log.py:232} WARNING - [[34m2024-08-16T10:07:41.178+0000[0m] {[34msubprocess.py:[0m94} INFO[0m - [35m(astronomer-cosmos)[0m - [0m10:07:41  Finished running  in 0 hours 0 minutes and 1.68 seconds (1.68s).[0m
[2024-08-16T10:07:41.178+0000] {subprocess.py:94} INFO - [0m10:07:41  Finished running  in 0 hours 0 minutes and 1.68 seconds (1.68s).
[2024-08-16T10:07:42.817+0000] {log.py:232} WARNING - [[34m2024-08-16T10:07:42.816+0000[0m] {[34msubprocess.py:[0m98} INFO[0m - [35m(astronomer-cosmos)[0m - Command exited with return code 0[0m
[2024-08-16T10:07:42.818+0000] {log.py:232} WARNING - [[34m2024-08-16T10:07:42.816+0000[0m] {[34msubprocess.py:[0m98} INFO[0m - [35m(astronomer-cosmos)[0m - Command exited with return code 0[0m
[2024-08-16T10:07:42.816+0000] {subprocess.py:98} INFO - Command exited with return code 0
[2024-08-16T10:07:42.819+0000] {log.py:232} WARNING - [[34m2024-08-16T10:07:42.819+0000[0m] {[34mlocal.py:[0m254} INFO[0m - [35m(astronomer-cosmos)[0m - [0m10:07:41  Finished running  in 0 hours 0 minutes and 1.68 seconds (1.68s).[0m
[2024-08-16T10:07:42.820+0000] {log.py:232} WARNING - [[34m2024-08-16T10:07:42.819+0000[0m] {[34mlocal.py:[0m254} INFO[0m - [35m(astronomer-cosmos)[0m - [0m10:07:41  Finished running  in 0 hours 0 minutes and 1.68 seconds (1.68s).[0m
[2024-08-16T10:07:42.819+0000] {local.py:254} INFO - [0m10:07:41  Finished running  in 0 hours 0 minutes and 1.68 seconds (1.68s).
[2024-08-16T10:07:42.840+0000] {local.py:196} WARNING - Artifact schema version: https://schemas.getdbt.com/dbt/manifest/v12.json is above dbt-ol supported version 7. This might cause errors.
[2024-08-16T10:07:42.841+0000] {local.py:196} WARNING - Artifact schema version: https://schemas.getdbt.com/dbt/run-results/v6.json is above dbt-ol supported version 5. This might cause errors.
[2024-08-16T10:07:42.847+0000] {log.py:232} WARNING - [[34m2024-08-16T10:07:42.847+0000[0m] {[34mlocal.py:[0m349} INFO[0m - [35m(astronomer-cosmos)[0m - Inlets: [][0m
[2024-08-16T10:07:42.848+0000] {log.py:232} WARNING - [[34m2024-08-16T10:07:42.847+0000[0m] {[34mlocal.py:[0m349} INFO[0m - [35m(astronomer-cosmos)[0m - Inlets: [][0m
[2024-08-16T10:07:42.847+0000] {local.py:349} INFO - Inlets: []
[2024-08-16T10:07:42.849+0000] {log.py:232} WARNING - [[34m2024-08-16T10:07:42.849+0000[0m] {[34mlocal.py:[0m350} INFO[0m - [35m(astronomer-cosmos)[0m - Outlets: [][0m
[2024-08-16T10:07:42.850+0000] {log.py:232} WARNING - [[34m2024-08-16T10:07:42.849+0000[0m] {[34mlocal.py:[0m350} INFO[0m - [35m(astronomer-cosmos)[0m - Outlets: [][0m
[2024-08-16T10:07:42.849+0000] {local.py:350} INFO - Outlets: []
[2024-08-16T10:07:42.851+0000] {dag.py:3096} INFO - Sync 1 DAGs
[2024-08-16T10:07:42.911+0000] {taskinstance.py:441} INFO - ::group::Post task execution logs
[2024-08-16T10:07:42.925+0000] {taskinstance.py:1206} INFO - Marking task as SUCCESS. dag_id=Weather_Data_Extraction, task_id=weather_data_models.stg_weather_data_run, run_id=backfill__2024-08-12T00:00:00+00:00, execution_date=20240812T000000, start_date=20240816T100735, end_date=20240816T100742
[2024-08-16T10:07:42.969+0000] {local_task_job_runner.py:240} INFO - Task exited with return code 0
[2024-08-16T10:07:42.994+0000] {taskinstance.py:3503} INFO - 1 downstream tasks scheduled from follow-on schedule check
[2024-08-16T10:07:42.996+0000] {local_task_job_runner.py:222} INFO - ::endgroup::
