[2024-08-13T16:09:15.710+0000] {local_task_job_runner.py:120} INFO - ::group::Pre task execution logs
[2024-08-13T16:09:15.763+0000] {taskinstance.py:2076} INFO - Dependencies all met for dep_context=non-requeueable deps ti=<TaskInstance: Weather_Data_Extraction.generate_output_file backfill__2024-02-13T00:00:00+00:00 [queued]>
[2024-08-13T16:09:15.789+0000] {taskinstance.py:2076} INFO - Dependencies all met for dep_context=requeueable deps ti=<TaskInstance: Weather_Data_Extraction.generate_output_file backfill__2024-02-13T00:00:00+00:00 [queued]>
[2024-08-13T16:09:15.791+0000] {taskinstance.py:2306} INFO - Starting attempt 1 of 1
[2024-08-13T16:09:16.218+0000] {taskinstance.py:2330} INFO - Executing <Task(PythonOperator): generate_output_file> on 2024-02-13 00:00:00+00:00
[2024-08-13T16:09:16.254+0000] {warnings.py:112} WARNING - /home/***/.local/lib/python3.12/site-packages/***/task/task_runner/standard_task_runner.py:61: DeprecationWarning: This process (pid=978) is multi-threaded, use of fork() may lead to deadlocks in the child.
  pid = os.fork()

[2024-08-13T16:09:16.258+0000] {standard_task_runner.py:63} INFO - Started process 999 to run task
[2024-08-13T16:09:16.273+0000] {standard_task_runner.py:90} INFO - Running: ['***', 'tasks', 'run', 'Weather_Data_Extraction', 'generate_output_file', 'backfill__2024-02-13T00:00:00+00:00', '--job-id', '175', '--pool', 'default_pool', '--raw', '--subdir', 'DAGS_FOLDER/Data_Weather_Extraction.py', '--cfg-path', '/tmp/tmpyqa117dm']
[2024-08-13T16:09:16.295+0000] {standard_task_runner.py:91} INFO - Job 175: Subtask generate_output_file
[2024-08-13T16:09:16.346+0000] {warnings.py:112} WARNING - /home/***/.local/lib/python3.12/site-packages/***/settings.py:195: DeprecationWarning: The sql_alchemy_conn option in [core] has been moved to the sql_alchemy_conn option in [database] - the old setting has been used, but please update your config.
  SQL_ALCHEMY_CONN = conf.get("database", "SQL_ALCHEMY_CONN")

[2024-08-13T16:09:16.446+0000] {task_command.py:426} INFO - Running <TaskInstance: Weather_Data_Extraction.generate_output_file backfill__2024-02-13T00:00:00+00:00 [running]> on host ubuntu
[2024-08-13T16:09:16.636+0000] {taskinstance.py:2648} INFO - Exporting env vars: AIRFLOW_CTX_DAG_OWNER='Ducky' AIRFLOW_CTX_DAG_ID='Weather_Data_Extraction' AIRFLOW_CTX_TASK_ID='generate_output_file' AIRFLOW_CTX_EXECUTION_DATE='2024-02-13T00:00:00+00:00' AIRFLOW_CTX_TRY_NUMBER='1' AIRFLOW_CTX_DAG_RUN_ID='backfill__2024-02-13T00:00:00+00:00'
[2024-08-13T16:09:16.645+0000] {taskinstance.py:430} INFO - ::endgroup::
[2024-08-13T16:09:16.678+0000] {logging_mixin.py:188} INFO - Generated output file: Data_Weather-20240213.csv
[2024-08-13T16:09:16.679+0000] {logging_mixin.py:188} INFO - Execution Date: 2024/02/13
[2024-08-13T16:09:16.748+0000] {python.py:237} INFO - Done. Returned value was: None
[2024-08-13T16:09:16.750+0000] {taskinstance.py:441} INFO - ::group::Post task execution logs
[2024-08-13T16:09:16.772+0000] {taskinstance.py:1206} INFO - Marking task as SUCCESS. dag_id=Weather_Data_Extraction, task_id=generate_output_file, run_id=backfill__2024-02-13T00:00:00+00:00, execution_date=20240213T000000, start_date=20240813T160915, end_date=20240813T160916
[2024-08-13T16:09:16.839+0000] {local_task_job_runner.py:240} INFO - Task exited with return code 0
[2024-08-13T16:09:16.894+0000] {taskinstance.py:3503} INFO - 1 downstream tasks scheduled from follow-on schedule check
[2024-08-13T16:09:16.904+0000] {local_task_job_runner.py:222} INFO - ::endgroup::
[2024-08-14T04:20:39.813+0000] {local_task_job_runner.py:120} INFO - ::group::Pre task execution logs
[2024-08-14T04:20:39.833+0000] {taskinstance.py:2076} INFO - Dependencies all met for dep_context=non-requeueable deps ti=<TaskInstance: Weather_Data_Extraction.generate_output_file backfill__2024-02-13T00:00:00+00:00 [queued]>
[2024-08-14T04:20:39.841+0000] {taskinstance.py:2076} INFO - Dependencies all met for dep_context=requeueable deps ti=<TaskInstance: Weather_Data_Extraction.generate_output_file backfill__2024-02-13T00:00:00+00:00 [queued]>
[2024-08-14T04:20:39.842+0000] {taskinstance.py:2306} INFO - Starting attempt 1 of 1
[2024-08-14T04:20:39.999+0000] {taskinstance.py:2330} INFO - Executing <Task(PythonOperator): generate_output_file> on 2024-02-13 00:00:00+00:00
[2024-08-14T04:20:40.006+0000] {warnings.py:112} WARNING - /home/***/.local/lib/python3.12/site-packages/***/task/task_runner/standard_task_runner.py:61: DeprecationWarning: This process (pid=2090) is multi-threaded, use of fork() may lead to deadlocks in the child.
  pid = os.fork()

[2024-08-14T04:20:40.008+0000] {standard_task_runner.py:63} INFO - Started process 2092 to run task
[2024-08-14T04:20:40.009+0000] {standard_task_runner.py:90} INFO - Running: ['***', 'tasks', 'run', 'Weather_Data_Extraction', 'generate_output_file', 'backfill__2024-02-13T00:00:00+00:00', '--job-id', '533', '--pool', 'default_pool', '--raw', '--subdir', 'DAGS_FOLDER/Data_Weather_Extraction.py', '--cfg-path', '/tmp/tmpqq0712qv']
[2024-08-14T04:20:40.013+0000] {standard_task_runner.py:91} INFO - Job 533: Subtask generate_output_file
[2024-08-14T04:20:40.082+0000] {task_command.py:426} INFO - Running <TaskInstance: Weather_Data_Extraction.generate_output_file backfill__2024-02-13T00:00:00+00:00 [running]> on host ubuntu
[2024-08-14T04:20:40.225+0000] {taskinstance.py:2648} INFO - Exporting env vars: AIRFLOW_CTX_DAG_OWNER='Ducky' AIRFLOW_CTX_DAG_ID='Weather_Data_Extraction' AIRFLOW_CTX_TASK_ID='generate_output_file' AIRFLOW_CTX_EXECUTION_DATE='2024-02-13T00:00:00+00:00' AIRFLOW_CTX_TRY_NUMBER='1' AIRFLOW_CTX_DAG_RUN_ID='backfill__2024-02-13T00:00:00+00:00'
[2024-08-14T04:20:40.228+0000] {taskinstance.py:430} INFO - ::endgroup::
[2024-08-14T04:20:40.253+0000] {logging_mixin.py:188} INFO - Generated output file: Data_Weather-20240213.csv
[2024-08-14T04:20:40.254+0000] {logging_mixin.py:188} INFO - Execution Date: 2024/02/13
[2024-08-14T04:20:40.286+0000] {python.py:237} INFO - Done. Returned value was: None
[2024-08-14T04:20:40.288+0000] {taskinstance.py:441} INFO - ::group::Post task execution logs
[2024-08-14T04:20:40.299+0000] {taskinstance.py:1206} INFO - Marking task as SUCCESS. dag_id=Weather_Data_Extraction, task_id=generate_output_file, run_id=backfill__2024-02-13T00:00:00+00:00, execution_date=20240213T000000, start_date=20240814T042039, end_date=20240814T042040
[2024-08-14T04:20:40.344+0000] {local_task_job_runner.py:240} INFO - Task exited with return code 0
[2024-08-14T04:20:40.375+0000] {taskinstance.py:3503} INFO - 1 downstream tasks scheduled from follow-on schedule check
[2024-08-14T04:20:40.378+0000] {local_task_job_runner.py:222} INFO - ::endgroup::
