[2024-08-13T16:09:15.706+0000] {local_task_job_runner.py:120} INFO - ::group::Pre task execution logs
[2024-08-13T16:09:15.749+0000] {taskinstance.py:2076} INFO - Dependencies all met for dep_context=non-requeueable deps ti=<TaskInstance: Weather_Data_Extraction.generate_output_file backfill__2024-02-02T00:00:00+00:00 [queued]>
[2024-08-13T16:09:15.776+0000] {taskinstance.py:2076} INFO - Dependencies all met for dep_context=requeueable deps ti=<TaskInstance: Weather_Data_Extraction.generate_output_file backfill__2024-02-02T00:00:00+00:00 [queued]>
[2024-08-13T16:09:15.777+0000] {taskinstance.py:2306} INFO - Starting attempt 1 of 1
[2024-08-13T16:09:16.102+0000] {taskinstance.py:2330} INFO - Executing <Task(PythonOperator): generate_output_file> on 2024-02-02 00:00:00+00:00
[2024-08-13T16:09:16.123+0000] {warnings.py:112} WARNING - /home/***/.local/lib/python3.12/site-packages/***/task/task_runner/standard_task_runner.py:61: DeprecationWarning: This process (pid=979) is multi-threaded, use of fork() may lead to deadlocks in the child.
  pid = os.fork()

[2024-08-13T16:09:16.126+0000] {standard_task_runner.py:63} INFO - Started process 997 to run task
[2024-08-13T16:09:16.124+0000] {standard_task_runner.py:90} INFO - Running: ['***', 'tasks', 'run', 'Weather_Data_Extraction', 'generate_output_file', 'backfill__2024-02-02T00:00:00+00:00', '--job-id', '177', '--pool', 'default_pool', '--raw', '--subdir', 'DAGS_FOLDER/Data_Weather_Extraction.py', '--cfg-path', '/tmp/tmpenh8hhvw']
[2024-08-13T16:09:16.129+0000] {standard_task_runner.py:91} INFO - Job 177: Subtask generate_output_file
[2024-08-13T16:09:16.160+0000] {warnings.py:112} WARNING - /home/***/.local/lib/python3.12/site-packages/***/settings.py:195: DeprecationWarning: The sql_alchemy_conn option in [core] has been moved to the sql_alchemy_conn option in [database] - the old setting has been used, but please update your config.
  SQL_ALCHEMY_CONN = conf.get("database", "SQL_ALCHEMY_CONN")

[2024-08-13T16:09:16.328+0000] {task_command.py:426} INFO - Running <TaskInstance: Weather_Data_Extraction.generate_output_file backfill__2024-02-02T00:00:00+00:00 [running]> on host ubuntu
[2024-08-13T16:09:16.558+0000] {taskinstance.py:2648} INFO - Exporting env vars: AIRFLOW_CTX_DAG_OWNER='Ducky' AIRFLOW_CTX_DAG_ID='Weather_Data_Extraction' AIRFLOW_CTX_TASK_ID='generate_output_file' AIRFLOW_CTX_EXECUTION_DATE='2024-02-02T00:00:00+00:00' AIRFLOW_CTX_TRY_NUMBER='1' AIRFLOW_CTX_DAG_RUN_ID='backfill__2024-02-02T00:00:00+00:00'
[2024-08-13T16:09:16.563+0000] {taskinstance.py:430} INFO - ::endgroup::
[2024-08-13T16:09:16.591+0000] {logging_mixin.py:188} INFO - Generated output file: Data_Weather-20240202.csv
[2024-08-13T16:09:16.592+0000] {logging_mixin.py:188} INFO - Execution Date: 2024/02/02
[2024-08-13T16:09:16.643+0000] {python.py:237} INFO - Done. Returned value was: None
[2024-08-13T16:09:16.646+0000] {taskinstance.py:441} INFO - ::group::Post task execution logs
[2024-08-13T16:09:16.669+0000] {taskinstance.py:1206} INFO - Marking task as SUCCESS. dag_id=Weather_Data_Extraction, task_id=generate_output_file, run_id=backfill__2024-02-02T00:00:00+00:00, execution_date=20240202T000000, start_date=20240813T160915, end_date=20240813T160916
[2024-08-13T16:09:16.764+0000] {local_task_job_runner.py:240} INFO - Task exited with return code 0
[2024-08-13T16:09:16.819+0000] {taskinstance.py:3503} INFO - 1 downstream tasks scheduled from follow-on schedule check
[2024-08-13T16:09:16.823+0000] {local_task_job_runner.py:222} INFO - ::endgroup::
[2024-08-14T03:33:01.776+0000] {local_task_job_runner.py:120} INFO - ::group::Pre task execution logs
[2024-08-14T03:33:01.800+0000] {taskinstance.py:2076} INFO - Dependencies all met for dep_context=non-requeueable deps ti=<TaskInstance: Weather_Data_Extraction.generate_output_file backfill__2024-02-02T00:00:00+00:00 [queued]>
[2024-08-14T03:33:01.976+0000] {taskinstance.py:2076} INFO - Dependencies all met for dep_context=requeueable deps ti=<TaskInstance: Weather_Data_Extraction.generate_output_file backfill__2024-02-02T00:00:00+00:00 [queued]>
[2024-08-14T03:33:01.977+0000] {taskinstance.py:2306} INFO - Starting attempt 1 of 1
[2024-08-14T03:33:01.991+0000] {taskinstance.py:2330} INFO - Executing <Task(PythonOperator): generate_output_file> on 2024-02-02 00:00:00+00:00
[2024-08-14T03:33:01.999+0000] {warnings.py:112} WARNING - /home/***/.local/lib/python3.12/site-packages/***/task/task_runner/standard_task_runner.py:61: DeprecationWarning: This process (pid=1341) is multi-threaded, use of fork() may lead to deadlocks in the child.
  pid = os.fork()

[2024-08-14T03:33:02.001+0000] {standard_task_runner.py:63} INFO - Started process 1343 to run task
[2024-08-14T03:33:02.001+0000] {standard_task_runner.py:90} INFO - Running: ['***', 'tasks', 'run', 'Weather_Data_Extraction', 'generate_output_file', 'backfill__2024-02-02T00:00:00+00:00', '--job-id', '484', '--pool', 'default_pool', '--raw', '--subdir', 'DAGS_FOLDER/Data_Weather_Extraction.py', '--cfg-path', '/tmp/tmpe2s62j9o']
[2024-08-14T03:33:02.004+0000] {standard_task_runner.py:91} INFO - Job 484: Subtask generate_output_file
[2024-08-14T03:33:02.060+0000] {task_command.py:426} INFO - Running <TaskInstance: Weather_Data_Extraction.generate_output_file backfill__2024-02-02T00:00:00+00:00 [running]> on host ubuntu
[2024-08-14T03:33:02.166+0000] {taskinstance.py:2648} INFO - Exporting env vars: AIRFLOW_CTX_DAG_OWNER='Ducky' AIRFLOW_CTX_DAG_ID='Weather_Data_Extraction' AIRFLOW_CTX_TASK_ID='generate_output_file' AIRFLOW_CTX_EXECUTION_DATE='2024-02-02T00:00:00+00:00' AIRFLOW_CTX_TRY_NUMBER='1' AIRFLOW_CTX_DAG_RUN_ID='backfill__2024-02-02T00:00:00+00:00'
[2024-08-14T03:33:02.168+0000] {taskinstance.py:430} INFO - ::endgroup::
[2024-08-14T03:33:02.187+0000] {logging_mixin.py:188} INFO - Generated output file: Data_Weather-20240202.csv
[2024-08-14T03:33:02.188+0000] {logging_mixin.py:188} INFO - Execution Date: 2024/02/02
[2024-08-14T03:33:02.217+0000] {python.py:237} INFO - Done. Returned value was: None
[2024-08-14T03:33:02.219+0000] {taskinstance.py:441} INFO - ::group::Post task execution logs
[2024-08-14T03:33:02.230+0000] {taskinstance.py:1206} INFO - Marking task as SUCCESS. dag_id=Weather_Data_Extraction, task_id=generate_output_file, run_id=backfill__2024-02-02T00:00:00+00:00, execution_date=20240202T000000, start_date=20240814T033301, end_date=20240814T033302
[2024-08-14T03:33:02.255+0000] {local_task_job_runner.py:240} INFO - Task exited with return code 0
[2024-08-14T03:33:02.285+0000] {taskinstance.py:3503} INFO - 1 downstream tasks scheduled from follow-on schedule check
[2024-08-14T03:33:02.288+0000] {local_task_job_runner.py:222} INFO - ::endgroup::
