[2024-08-14T03:09:25.232+0000] {local_task_job_runner.py:120} INFO - ::group::Pre task execution logs
[2024-08-14T03:09:25.249+0000] {taskinstance.py:2076} INFO - Dependencies all met for dep_context=non-requeueable deps ti=<TaskInstance: Weather_Data_Extraction.check_s3_file backfill__2024-01-17T00:00:00+00:00 [queued]>
[2024-08-14T03:09:25.387+0000] {taskinstance.py:2076} INFO - Dependencies all met for dep_context=requeueable deps ti=<TaskInstance: Weather_Data_Extraction.check_s3_file backfill__2024-01-17T00:00:00+00:00 [queued]>
[2024-08-14T03:09:25.388+0000] {taskinstance.py:2306} INFO - Starting attempt 1 of 1
[2024-08-14T03:09:25.401+0000] {taskinstance.py:2330} INFO - Executing <Task(S3KeySensor): check_s3_file> on 2024-01-17 00:00:00+00:00
[2024-08-14T03:09:25.407+0000] {warnings.py:112} WARNING - /home/***/.local/lib/python3.12/site-packages/***/task/task_runner/standard_task_runner.py:61: DeprecationWarning: This process (pid=809) is multi-threaded, use of fork() may lead to deadlocks in the child.
  pid = os.fork()

[2024-08-14T03:09:25.409+0000] {standard_task_runner.py:63} INFO - Started process 818 to run task
[2024-08-14T03:09:25.410+0000] {standard_task_runner.py:90} INFO - Running: ['***', 'tasks', 'run', 'Weather_Data_Extraction', 'check_s3_file', 'backfill__2024-01-17T00:00:00+00:00', '--job-id', '407', '--pool', 'default_pool', '--raw', '--subdir', 'DAGS_FOLDER/Data_Weather_Extraction.py', '--cfg-path', '/tmp/tmp8ou6n_1n']
[2024-08-14T03:09:25.412+0000] {standard_task_runner.py:91} INFO - Job 407: Subtask check_s3_file
[2024-08-14T03:09:25.460+0000] {task_command.py:426} INFO - Running <TaskInstance: Weather_Data_Extraction.check_s3_file backfill__2024-01-17T00:00:00+00:00 [running]> on host ubuntu
[2024-08-14T03:09:25.559+0000] {taskinstance.py:2648} INFO - Exporting env vars: AIRFLOW_CTX_DAG_OWNER='Ducky' AIRFLOW_CTX_DAG_ID='Weather_Data_Extraction' AIRFLOW_CTX_TASK_ID='check_s3_file' AIRFLOW_CTX_EXECUTION_DATE='2024-01-17T00:00:00+00:00' AIRFLOW_CTX_TRY_NUMBER='1' AIRFLOW_CTX_DAG_RUN_ID='backfill__2024-01-17T00:00:00+00:00'
[2024-08-14T03:09:25.561+0000] {taskinstance.py:430} INFO - ::endgroup::
[2024-08-14T03:09:25.572+0000] {baseoperator.py:400} WARNING - S3KeySensor.execute cannot be called outside TaskInstance!
[2024-08-14T03:09:25.573+0000] {s3.py:117} INFO - Poking for key : s3://s3-poc-data-marketplace/Weather_Data/Data_Weather-20240117.csv
[2024-08-14T03:09:25.590+0000] {base.py:84} INFO - Using connection ID 'aws_conn_poc' for task execution.
[2024-08-14T03:09:25.592+0000] {connection_wrapper.py:384} INFO - AWS Connection (conn_id='aws_conn_poc', conn_type='aws') credentials retrieved from login and password.
[2024-08-14T03:09:26.518+0000] {base.py:294} INFO - Success criteria met. Exiting.
[2024-08-14T03:09:26.519+0000] {taskinstance.py:441} INFO - ::group::Post task execution logs
[2024-08-14T03:09:26.530+0000] {taskinstance.py:1206} INFO - Marking task as SUCCESS. dag_id=Weather_Data_Extraction, task_id=check_s3_file, run_id=backfill__2024-01-17T00:00:00+00:00, execution_date=20240117T000000, start_date=20240814T030925, end_date=20240814T030926
[2024-08-14T03:09:26.589+0000] {local_task_job_runner.py:240} INFO - Task exited with return code 0
[2024-08-14T03:09:26.618+0000] {taskinstance.py:3503} INFO - 1 downstream tasks scheduled from follow-on schedule check
[2024-08-14T03:09:26.624+0000] {local_task_job_runner.py:222} INFO - ::endgroup::
