[2024-08-13T16:06:37.243+0000] {local_task_job_runner.py:120} INFO - ::group::Pre task execution logs
[2024-08-13T16:06:37.322+0000] {taskinstance.py:2076} INFO - Dependencies all met for dep_context=non-requeueable deps ti=<TaskInstance: Weather_Data_Extraction.generate_output_file backfill__2024-01-03T00:00:00+00:00 [queued]>
[2024-08-13T16:06:37.344+0000] {taskinstance.py:2076} INFO - Dependencies all met for dep_context=requeueable deps ti=<TaskInstance: Weather_Data_Extraction.generate_output_file backfill__2024-01-03T00:00:00+00:00 [queued]>
[2024-08-13T16:06:37.346+0000] {taskinstance.py:2306} INFO - Starting attempt 1 of 1
[2024-08-13T16:06:37.711+0000] {taskinstance.py:2330} INFO - Executing <Task(PythonOperator): generate_output_file> on 2024-01-03 00:00:00+00:00
[2024-08-13T16:06:37.728+0000] {warnings.py:112} WARNING - /home/***/.local/lib/python3.12/site-packages/***/task/task_runner/standard_task_runner.py:61: DeprecationWarning: This process (pid=654) is multi-threaded, use of fork() may lead to deadlocks in the child.
  pid = os.fork()

[2024-08-13T16:06:37.740+0000] {standard_task_runner.py:63} INFO - Started process 682 to run task
[2024-08-13T16:06:37.744+0000] {standard_task_runner.py:90} INFO - Running: ['***', 'tasks', 'run', 'Weather_Data_Extraction', 'generate_output_file', 'backfill__2024-01-03T00:00:00+00:00', '--job-id', '79', '--pool', 'default_pool', '--raw', '--subdir', 'DAGS_FOLDER/Data_Weather_Extraction.py', '--cfg-path', '/tmp/tmp5nm8eygk']
[2024-08-13T16:06:37.760+0000] {standard_task_runner.py:91} INFO - Job 79: Subtask generate_output_file
[2024-08-13T16:06:37.815+0000] {warnings.py:112} WARNING - /home/***/.local/lib/python3.12/site-packages/***/settings.py:195: DeprecationWarning: The sql_alchemy_conn option in [core] has been moved to the sql_alchemy_conn option in [database] - the old setting has been used, but please update your config.
  SQL_ALCHEMY_CONN = conf.get("database", "SQL_ALCHEMY_CONN")

[2024-08-13T16:06:37.963+0000] {task_command.py:426} INFO - Running <TaskInstance: Weather_Data_Extraction.generate_output_file backfill__2024-01-03T00:00:00+00:00 [running]> on host ubuntu
[2024-08-13T16:06:38.546+0000] {taskinstance.py:2648} INFO - Exporting env vars: AIRFLOW_CTX_DAG_OWNER='Ducky' AIRFLOW_CTX_DAG_ID='Weather_Data_Extraction' AIRFLOW_CTX_TASK_ID='generate_output_file' AIRFLOW_CTX_EXECUTION_DATE='2024-01-03T00:00:00+00:00' AIRFLOW_CTX_TRY_NUMBER='1' AIRFLOW_CTX_DAG_RUN_ID='backfill__2024-01-03T00:00:00+00:00'
[2024-08-13T16:06:38.557+0000] {taskinstance.py:430} INFO - ::endgroup::
[2024-08-13T16:06:38.632+0000] {logging_mixin.py:188} INFO - Generated output file: Data_Weather-20240103.csv
[2024-08-13T16:06:38.633+0000] {logging_mixin.py:188} INFO - Execution Date: 2024/01/03
[2024-08-13T16:06:38.764+0000] {python.py:237} INFO - Done. Returned value was: None
[2024-08-13T16:06:38.771+0000] {taskinstance.py:441} INFO - ::group::Post task execution logs
[2024-08-13T16:06:38.806+0000] {taskinstance.py:1206} INFO - Marking task as SUCCESS. dag_id=Weather_Data_Extraction, task_id=generate_output_file, run_id=backfill__2024-01-03T00:00:00+00:00, execution_date=20240103T000000, start_date=20240813T160637, end_date=20240813T160638
[2024-08-13T16:06:38.953+0000] {local_task_job_runner.py:240} INFO - Task exited with return code 0
[2024-08-13T16:06:39.110+0000] {taskinstance.py:3503} INFO - 1 downstream tasks scheduled from follow-on schedule check
[2024-08-13T16:06:39.127+0000] {local_task_job_runner.py:222} INFO - ::endgroup::
[2024-08-14T02:47:30.064+0000] {local_task_job_runner.py:120} INFO - ::group::Pre task execution logs
[2024-08-14T02:47:30.079+0000] {taskinstance.py:2076} INFO - Dependencies all met for dep_context=non-requeueable deps ti=<TaskInstance: Weather_Data_Extraction.generate_output_file backfill__2024-01-03T00:00:00+00:00 [queued]>
[2024-08-14T02:47:30.220+0000] {taskinstance.py:2076} INFO - Dependencies all met for dep_context=requeueable deps ti=<TaskInstance: Weather_Data_Extraction.generate_output_file backfill__2024-01-03T00:00:00+00:00 [queued]>
[2024-08-14T02:47:30.221+0000] {taskinstance.py:2306} INFO - Starting attempt 1 of 1
[2024-08-14T02:47:30.233+0000] {taskinstance.py:2330} INFO - Executing <Task(PythonOperator): generate_output_file> on 2024-01-03 00:00:00+00:00
[2024-08-14T02:47:30.240+0000] {warnings.py:112} WARNING - /home/***/.local/lib/python3.12/site-packages/***/task/task_runner/standard_task_runner.py:61: DeprecationWarning: This process (pid=317) is multi-threaded, use of fork() may lead to deadlocks in the child.
  pid = os.fork()

[2024-08-14T02:47:30.241+0000] {standard_task_runner.py:63} INFO - Started process 319 to run task
[2024-08-14T02:47:30.242+0000] {standard_task_runner.py:90} INFO - Running: ['***', 'tasks', 'run', 'Weather_Data_Extraction', 'generate_output_file', 'backfill__2024-01-03T00:00:00+00:00', '--job-id', '333', '--pool', 'default_pool', '--raw', '--subdir', 'DAGS_FOLDER/Data_Weather_Extraction.py', '--cfg-path', '/tmp/tmp9lvxdf77']
[2024-08-14T02:47:30.244+0000] {standard_task_runner.py:91} INFO - Job 333: Subtask generate_output_file
[2024-08-14T02:47:30.287+0000] {task_command.py:426} INFO - Running <TaskInstance: Weather_Data_Extraction.generate_output_file backfill__2024-01-03T00:00:00+00:00 [running]> on host ubuntu
[2024-08-14T02:47:30.371+0000] {taskinstance.py:2648} INFO - Exporting env vars: AIRFLOW_CTX_DAG_OWNER='Ducky' AIRFLOW_CTX_DAG_ID='Weather_Data_Extraction' AIRFLOW_CTX_TASK_ID='generate_output_file' AIRFLOW_CTX_EXECUTION_DATE='2024-01-03T00:00:00+00:00' AIRFLOW_CTX_TRY_NUMBER='1' AIRFLOW_CTX_DAG_RUN_ID='backfill__2024-01-03T00:00:00+00:00'
[2024-08-14T02:47:30.373+0000] {taskinstance.py:430} INFO - ::endgroup::
[2024-08-14T02:47:30.388+0000] {logging_mixin.py:188} INFO - Generated output file: Data_Weather-20240103.csv
[2024-08-14T02:47:30.389+0000] {logging_mixin.py:188} INFO - Execution Date: 2024/01/03
[2024-08-14T02:47:30.414+0000] {python.py:237} INFO - Done. Returned value was: None
[2024-08-14T02:47:30.415+0000] {taskinstance.py:441} INFO - ::group::Post task execution logs
[2024-08-14T02:47:30.422+0000] {taskinstance.py:1206} INFO - Marking task as SUCCESS. dag_id=Weather_Data_Extraction, task_id=generate_output_file, run_id=backfill__2024-01-03T00:00:00+00:00, execution_date=20240103T000000, start_date=20240814T024730, end_date=20240814T024730
[2024-08-14T02:47:30.455+0000] {local_task_job_runner.py:240} INFO - Task exited with return code 0
[2024-08-14T02:47:30.477+0000] {taskinstance.py:3503} INFO - 1 downstream tasks scheduled from follow-on schedule check
[2024-08-14T02:47:30.480+0000] {local_task_job_runner.py:222} INFO - ::endgroup::
