[2024-08-14T04:57:40.496+0000] {local_task_job_runner.py:120} INFO - ::group::Pre task execution logs
[2024-08-14T04:57:40.515+0000] {taskinstance.py:2076} INFO - Dependencies all met for dep_context=non-requeueable deps ti=<TaskInstance: Weather_Data_Extraction.generate_output_file backfill__2024-03-20T00:00:00+00:00 [queued]>
[2024-08-14T04:57:40.524+0000] {taskinstance.py:2076} INFO - Dependencies all met for dep_context=requeueable deps ti=<TaskInstance: Weather_Data_Extraction.generate_output_file backfill__2024-03-20T00:00:00+00:00 [queued]>
[2024-08-14T04:57:40.525+0000] {taskinstance.py:2306} INFO - Starting attempt 1 of 1
[2024-08-14T04:57:40.677+0000] {taskinstance.py:2330} INFO - Executing <Task(PythonOperator): generate_output_file> on 2024-03-20 00:00:00+00:00
[2024-08-14T04:57:40.683+0000] {warnings.py:112} WARNING - /home/***/.local/lib/python3.12/site-packages/***/task/task_runner/standard_task_runner.py:61: DeprecationWarning: This process (pid=2885) is multi-threaded, use of fork() may lead to deadlocks in the child.
  pid = os.fork()

[2024-08-14T04:57:40.685+0000] {standard_task_runner.py:63} INFO - Started process 2887 to run task
[2024-08-14T04:57:40.685+0000] {standard_task_runner.py:90} INFO - Running: ['***', 'tasks', 'run', 'Weather_Data_Extraction', 'generate_output_file', 'backfill__2024-03-20T00:00:00+00:00', '--job-id', '641', '--pool', 'default_pool', '--raw', '--subdir', 'DAGS_FOLDER/Data_Weather_Extraction.py', '--cfg-path', '/tmp/tmpu1_q2eqp']
[2024-08-14T04:57:40.688+0000] {standard_task_runner.py:91} INFO - Job 641: Subtask generate_output_file
[2024-08-14T04:57:40.748+0000] {task_command.py:426} INFO - Running <TaskInstance: Weather_Data_Extraction.generate_output_file backfill__2024-03-20T00:00:00+00:00 [running]> on host ubuntu
[2024-08-14T04:57:40.906+0000] {taskinstance.py:2648} INFO - Exporting env vars: AIRFLOW_CTX_DAG_OWNER='Ducky' AIRFLOW_CTX_DAG_ID='Weather_Data_Extraction' AIRFLOW_CTX_TASK_ID='generate_output_file' AIRFLOW_CTX_EXECUTION_DATE='2024-03-20T00:00:00+00:00' AIRFLOW_CTX_TRY_NUMBER='1' AIRFLOW_CTX_DAG_RUN_ID='backfill__2024-03-20T00:00:00+00:00'
[2024-08-14T04:57:40.908+0000] {taskinstance.py:430} INFO - ::endgroup::
[2024-08-14T04:57:40.932+0000] {logging_mixin.py:188} INFO - Generated output file: Data_Weather-20240320.csv
[2024-08-14T04:57:40.933+0000] {logging_mixin.py:188} INFO - Execution Date: 2024/03/20
[2024-08-14T04:57:40.969+0000] {python.py:237} INFO - Done. Returned value was: None
[2024-08-14T04:57:40.970+0000] {taskinstance.py:441} INFO - ::group::Post task execution logs
[2024-08-14T04:57:40.985+0000] {taskinstance.py:1206} INFO - Marking task as SUCCESS. dag_id=Weather_Data_Extraction, task_id=generate_output_file, run_id=backfill__2024-03-20T00:00:00+00:00, execution_date=20240320T000000, start_date=20240814T045740, end_date=20240814T045740
[2024-08-14T04:57:41.026+0000] {local_task_job_runner.py:240} INFO - Task exited with return code 0
[2024-08-14T04:57:41.074+0000] {taskinstance.py:3503} INFO - 1 downstream tasks scheduled from follow-on schedule check
[2024-08-14T04:57:41.079+0000] {local_task_job_runner.py:222} INFO - ::endgroup::
