[2024-08-13T16:09:15.200+0000] {local_task_job_runner.py:120} INFO - ::group::Pre task execution logs
[2024-08-13T16:09:15.237+0000] {taskinstance.py:2076} INFO - Dependencies all met for dep_context=non-requeueable deps ti=<TaskInstance: Weather_Data_Extraction.generate_output_file backfill__2024-02-03T00:00:00+00:00 [queued]>
[2024-08-13T16:09:15.548+0000] {taskinstance.py:2076} INFO - Dependencies all met for dep_context=requeueable deps ti=<TaskInstance: Weather_Data_Extraction.generate_output_file backfill__2024-02-03T00:00:00+00:00 [queued]>
[2024-08-13T16:09:15.560+0000] {taskinstance.py:2306} INFO - Starting attempt 1 of 1
[2024-08-13T16:09:15.594+0000] {taskinstance.py:2330} INFO - Executing <Task(PythonOperator): generate_output_file> on 2024-02-03 00:00:00+00:00
[2024-08-13T16:09:15.608+0000] {warnings.py:112} WARNING - /home/***/.local/lib/python3.12/site-packages/***/task/task_runner/standard_task_runner.py:61: DeprecationWarning: This process (pid=983) is multi-threaded, use of fork() may lead to deadlocks in the child.
  pid = os.fork()

[2024-08-13T16:09:15.612+0000] {standard_task_runner.py:63} INFO - Started process 994 to run task
[2024-08-13T16:09:15.612+0000] {standard_task_runner.py:90} INFO - Running: ['***', 'tasks', 'run', 'Weather_Data_Extraction', 'generate_output_file', 'backfill__2024-02-03T00:00:00+00:00', '--job-id', '172', '--pool', 'default_pool', '--raw', '--subdir', 'DAGS_FOLDER/Data_Weather_Extraction.py', '--cfg-path', '/tmp/tmpvebxrw_o']
[2024-08-13T16:09:15.618+0000] {standard_task_runner.py:91} INFO - Job 172: Subtask generate_output_file
[2024-08-13T16:09:15.653+0000] {warnings.py:112} WARNING - /home/***/.local/lib/python3.12/site-packages/***/settings.py:195: DeprecationWarning: The sql_alchemy_conn option in [core] has been moved to the sql_alchemy_conn option in [database] - the old setting has been used, but please update your config.
  SQL_ALCHEMY_CONN = conf.get("database", "SQL_ALCHEMY_CONN")

[2024-08-13T16:09:15.749+0000] {task_command.py:426} INFO - Running <TaskInstance: Weather_Data_Extraction.generate_output_file backfill__2024-02-03T00:00:00+00:00 [running]> on host ubuntu
[2024-08-13T16:09:16.079+0000] {taskinstance.py:2648} INFO - Exporting env vars: AIRFLOW_CTX_DAG_OWNER='Ducky' AIRFLOW_CTX_DAG_ID='Weather_Data_Extraction' AIRFLOW_CTX_TASK_ID='generate_output_file' AIRFLOW_CTX_EXECUTION_DATE='2024-02-03T00:00:00+00:00' AIRFLOW_CTX_TRY_NUMBER='1' AIRFLOW_CTX_DAG_RUN_ID='backfill__2024-02-03T00:00:00+00:00'
[2024-08-13T16:09:16.084+0000] {taskinstance.py:430} INFO - ::endgroup::
[2024-08-13T16:09:16.121+0000] {logging_mixin.py:188} INFO - Generated output file: Data_Weather-20240203.csv
[2024-08-13T16:09:16.126+0000] {logging_mixin.py:188} INFO - Execution Date: 2024/02/03
[2024-08-13T16:09:16.269+0000] {python.py:237} INFO - Done. Returned value was: None
[2024-08-13T16:09:16.279+0000] {taskinstance.py:441} INFO - ::group::Post task execution logs
[2024-08-13T16:09:16.313+0000] {taskinstance.py:1206} INFO - Marking task as SUCCESS. dag_id=Weather_Data_Extraction, task_id=generate_output_file, run_id=backfill__2024-02-03T00:00:00+00:00, execution_date=20240203T000000, start_date=20240813T160915, end_date=20240813T160916
[2024-08-13T16:09:16.412+0000] {local_task_job_runner.py:240} INFO - Task exited with return code 0
[2024-08-13T16:09:16.479+0000] {taskinstance.py:3503} INFO - 1 downstream tasks scheduled from follow-on schedule check
[2024-08-13T16:09:16.486+0000] {local_task_job_runner.py:222} INFO - ::endgroup::
[2024-08-14T03:35:01.124+0000] {local_task_job_runner.py:120} INFO - ::group::Pre task execution logs
[2024-08-14T03:35:01.144+0000] {taskinstance.py:2076} INFO - Dependencies all met for dep_context=non-requeueable deps ti=<TaskInstance: Weather_Data_Extraction.generate_output_file backfill__2024-02-03T00:00:00+00:00 [queued]>
[2024-08-14T03:35:01.292+0000] {taskinstance.py:2076} INFO - Dependencies all met for dep_context=requeueable deps ti=<TaskInstance: Weather_Data_Extraction.generate_output_file backfill__2024-02-03T00:00:00+00:00 [queued]>
[2024-08-14T03:35:01.293+0000] {taskinstance.py:2306} INFO - Starting attempt 1 of 1
[2024-08-14T03:35:01.307+0000] {taskinstance.py:2330} INFO - Executing <Task(PythonOperator): generate_output_file> on 2024-02-03 00:00:00+00:00
[2024-08-14T03:35:01.315+0000] {warnings.py:112} WARNING - /home/***/.local/lib/python3.12/site-packages/***/task/task_runner/standard_task_runner.py:61: DeprecationWarning: This process (pid=1383) is multi-threaded, use of fork() may lead to deadlocks in the child.
  pid = os.fork()

[2024-08-14T03:35:01.317+0000] {standard_task_runner.py:63} INFO - Started process 1385 to run task
[2024-08-14T03:35:01.318+0000] {standard_task_runner.py:90} INFO - Running: ['***', 'tasks', 'run', 'Weather_Data_Extraction', 'generate_output_file', 'backfill__2024-02-03T00:00:00+00:00', '--job-id', '489', '--pool', 'default_pool', '--raw', '--subdir', 'DAGS_FOLDER/Data_Weather_Extraction.py', '--cfg-path', '/tmp/tmpl3h3r3_3']
[2024-08-14T03:35:01.323+0000] {standard_task_runner.py:91} INFO - Job 489: Subtask generate_output_file
[2024-08-14T03:35:01.385+0000] {task_command.py:426} INFO - Running <TaskInstance: Weather_Data_Extraction.generate_output_file backfill__2024-02-03T00:00:00+00:00 [running]> on host ubuntu
[2024-08-14T03:35:01.499+0000] {taskinstance.py:2648} INFO - Exporting env vars: AIRFLOW_CTX_DAG_OWNER='Ducky' AIRFLOW_CTX_DAG_ID='Weather_Data_Extraction' AIRFLOW_CTX_TASK_ID='generate_output_file' AIRFLOW_CTX_EXECUTION_DATE='2024-02-03T00:00:00+00:00' AIRFLOW_CTX_TRY_NUMBER='1' AIRFLOW_CTX_DAG_RUN_ID='backfill__2024-02-03T00:00:00+00:00'
[2024-08-14T03:35:01.501+0000] {taskinstance.py:430} INFO - ::endgroup::
[2024-08-14T03:35:01.522+0000] {logging_mixin.py:188} INFO - Generated output file: Data_Weather-20240203.csv
[2024-08-14T03:35:01.523+0000] {logging_mixin.py:188} INFO - Execution Date: 2024/02/03
[2024-08-14T03:35:01.560+0000] {python.py:237} INFO - Done. Returned value was: None
[2024-08-14T03:35:01.561+0000] {taskinstance.py:441} INFO - ::group::Post task execution logs
[2024-08-14T03:35:01.577+0000] {taskinstance.py:1206} INFO - Marking task as SUCCESS. dag_id=Weather_Data_Extraction, task_id=generate_output_file, run_id=backfill__2024-02-03T00:00:00+00:00, execution_date=20240203T000000, start_date=20240814T033501, end_date=20240814T033501
[2024-08-14T03:35:01.614+0000] {local_task_job_runner.py:240} INFO - Task exited with return code 0
[2024-08-14T03:35:01.662+0000] {taskinstance.py:3503} INFO - 1 downstream tasks scheduled from follow-on schedule check
[2024-08-14T03:35:01.667+0000] {local_task_job_runner.py:222} INFO - ::endgroup::
