[2024-08-13T16:09:20.910+0000] {local_task_job_runner.py:120} INFO - ::group::Pre task execution logs
[2024-08-13T16:09:20.946+0000] {taskinstance.py:2076} INFO - Dependencies all met for dep_context=non-requeueable deps ti=<TaskInstance: Weather_Data_Extraction.generate_output_file backfill__2024-02-11T00:00:00+00:00 [queued]>
[2024-08-13T16:09:20.970+0000] {taskinstance.py:2076} INFO - Dependencies all met for dep_context=requeueable deps ti=<TaskInstance: Weather_Data_Extraction.generate_output_file backfill__2024-02-11T00:00:00+00:00 [queued]>
[2024-08-13T16:09:20.977+0000] {taskinstance.py:2306} INFO - Starting attempt 1 of 1
[2024-08-13T16:09:21.289+0000] {taskinstance.py:2330} INFO - Executing <Task(PythonOperator): generate_output_file> on 2024-02-11 00:00:00+00:00
[2024-08-13T16:09:21.304+0000] {warnings.py:112} WARNING - /home/***/.local/lib/python3.12/site-packages/***/task/task_runner/standard_task_runner.py:61: DeprecationWarning: This process (pid=1004) is multi-threaded, use of fork() may lead to deadlocks in the child.
  pid = os.fork()

[2024-08-13T16:09:21.310+0000] {standard_task_runner.py:63} INFO - Started process 1021 to run task
[2024-08-13T16:09:21.312+0000] {standard_task_runner.py:90} INFO - Running: ['***', 'tasks', 'run', 'Weather_Data_Extraction', 'generate_output_file', 'backfill__2024-02-11T00:00:00+00:00', '--job-id', '183', '--pool', 'default_pool', '--raw', '--subdir', 'DAGS_FOLDER/Data_Weather_Extraction.py', '--cfg-path', '/tmp/tmpf6f5gn_r']
[2024-08-13T16:09:21.320+0000] {standard_task_runner.py:91} INFO - Job 183: Subtask generate_output_file
[2024-08-13T16:09:21.352+0000] {warnings.py:112} WARNING - /home/***/.local/lib/python3.12/site-packages/***/settings.py:195: DeprecationWarning: The sql_alchemy_conn option in [core] has been moved to the sql_alchemy_conn option in [database] - the old setting has been used, but please update your config.
  SQL_ALCHEMY_CONN = conf.get("database", "SQL_ALCHEMY_CONN")

[2024-08-13T16:09:21.445+0000] {task_command.py:426} INFO - Running <TaskInstance: Weather_Data_Extraction.generate_output_file backfill__2024-02-11T00:00:00+00:00 [running]> on host ubuntu
[2024-08-13T16:09:21.629+0000] {taskinstance.py:2648} INFO - Exporting env vars: AIRFLOW_CTX_DAG_OWNER='Ducky' AIRFLOW_CTX_DAG_ID='Weather_Data_Extraction' AIRFLOW_CTX_TASK_ID='generate_output_file' AIRFLOW_CTX_EXECUTION_DATE='2024-02-11T00:00:00+00:00' AIRFLOW_CTX_TRY_NUMBER='1' AIRFLOW_CTX_DAG_RUN_ID='backfill__2024-02-11T00:00:00+00:00'
[2024-08-13T16:09:21.631+0000] {taskinstance.py:430} INFO - ::endgroup::
[2024-08-13T16:09:21.660+0000] {logging_mixin.py:188} INFO - Generated output file: Data_Weather-20240211.csv
[2024-08-13T16:09:21.661+0000] {logging_mixin.py:188} INFO - Execution Date: 2024/02/11
[2024-08-13T16:09:21.729+0000] {python.py:237} INFO - Done. Returned value was: None
[2024-08-13T16:09:21.732+0000] {taskinstance.py:441} INFO - ::group::Post task execution logs
[2024-08-13T16:09:21.765+0000] {taskinstance.py:1206} INFO - Marking task as SUCCESS. dag_id=Weather_Data_Extraction, task_id=generate_output_file, run_id=backfill__2024-02-11T00:00:00+00:00, execution_date=20240211T000000, start_date=20240813T160920, end_date=20240813T160921
[2024-08-13T16:09:21.842+0000] {local_task_job_runner.py:240} INFO - Task exited with return code 0
[2024-08-13T16:09:21.914+0000] {taskinstance.py:3503} INFO - 1 downstream tasks scheduled from follow-on schedule check
[2024-08-13T16:09:21.924+0000] {local_task_job_runner.py:222} INFO - ::endgroup::
[2024-08-14T04:18:39.877+0000] {local_task_job_runner.py:120} INFO - ::group::Pre task execution logs
[2024-08-14T04:18:39.915+0000] {taskinstance.py:2076} INFO - Dependencies all met for dep_context=non-requeueable deps ti=<TaskInstance: Weather_Data_Extraction.generate_output_file backfill__2024-02-11T00:00:00+00:00 [queued]>
[2024-08-14T04:18:39.934+0000] {taskinstance.py:2076} INFO - Dependencies all met for dep_context=requeueable deps ti=<TaskInstance: Weather_Data_Extraction.generate_output_file backfill__2024-02-11T00:00:00+00:00 [queued]>
[2024-08-14T04:18:39.937+0000] {taskinstance.py:2306} INFO - Starting attempt 1 of 1
[2024-08-14T04:18:40.156+0000] {taskinstance.py:2330} INFO - Executing <Task(PythonOperator): generate_output_file> on 2024-02-11 00:00:00+00:00
[2024-08-14T04:18:40.166+0000] {warnings.py:112} WARNING - /home/***/.local/lib/python3.12/site-packages/***/task/task_runner/standard_task_runner.py:61: DeprecationWarning: This process (pid=2044) is multi-threaded, use of fork() may lead to deadlocks in the child.
  pid = os.fork()

[2024-08-14T04:18:40.168+0000] {standard_task_runner.py:63} INFO - Started process 2046 to run task
[2024-08-14T04:18:40.167+0000] {standard_task_runner.py:90} INFO - Running: ['***', 'tasks', 'run', 'Weather_Data_Extraction', 'generate_output_file', 'backfill__2024-02-11T00:00:00+00:00', '--job-id', '527', '--pool', 'default_pool', '--raw', '--subdir', 'DAGS_FOLDER/Data_Weather_Extraction.py', '--cfg-path', '/tmp/tmpfikqzqbj']
[2024-08-14T04:18:40.172+0000] {standard_task_runner.py:91} INFO - Job 527: Subtask generate_output_file
[2024-08-14T04:18:40.263+0000] {task_command.py:426} INFO - Running <TaskInstance: Weather_Data_Extraction.generate_output_file backfill__2024-02-11T00:00:00+00:00 [running]> on host ubuntu
[2024-08-14T04:18:40.441+0000] {taskinstance.py:2648} INFO - Exporting env vars: AIRFLOW_CTX_DAG_OWNER='Ducky' AIRFLOW_CTX_DAG_ID='Weather_Data_Extraction' AIRFLOW_CTX_TASK_ID='generate_output_file' AIRFLOW_CTX_EXECUTION_DATE='2024-02-11T00:00:00+00:00' AIRFLOW_CTX_TRY_NUMBER='1' AIRFLOW_CTX_DAG_RUN_ID='backfill__2024-02-11T00:00:00+00:00'
[2024-08-14T04:18:40.457+0000] {taskinstance.py:430} INFO - ::endgroup::
[2024-08-14T04:18:40.474+0000] {logging_mixin.py:188} INFO - Generated output file: Data_Weather-20240211.csv
[2024-08-14T04:18:40.475+0000] {logging_mixin.py:188} INFO - Execution Date: 2024/02/11
[2024-08-14T04:18:40.512+0000] {python.py:237} INFO - Done. Returned value was: None
[2024-08-14T04:18:40.514+0000] {taskinstance.py:441} INFO - ::group::Post task execution logs
[2024-08-14T04:18:40.524+0000] {taskinstance.py:1206} INFO - Marking task as SUCCESS. dag_id=Weather_Data_Extraction, task_id=generate_output_file, run_id=backfill__2024-02-11T00:00:00+00:00, execution_date=20240211T000000, start_date=20240814T041839, end_date=20240814T041840
[2024-08-14T04:18:40.586+0000] {local_task_job_runner.py:240} INFO - Task exited with return code 0
[2024-08-14T04:18:40.613+0000] {taskinstance.py:3503} INFO - 1 downstream tasks scheduled from follow-on schedule check
[2024-08-14T04:18:40.616+0000] {local_task_job_runner.py:222} INFO - ::endgroup::
