[2024-08-09T08:07:28.568+0000] {local_task_job_runner.py:120} INFO - ::group::Pre task execution logs
[2024-08-09T08:07:28.813+0000] {taskinstance.py:2076} INFO - Dependencies all met for dep_context=non-requeueable deps ti=<TaskInstance: dbt_dag.fct_weather_data_daily_run scheduled__2024-08-08T00:00:00+00:00 [queued]>
[2024-08-09T08:07:28.975+0000] {taskinstance.py:2076} INFO - Dependencies all met for dep_context=requeueable deps ti=<TaskInstance: dbt_dag.fct_weather_data_daily_run scheduled__2024-08-08T00:00:00+00:00 [queued]>
[2024-08-09T08:07:28.991+0000] {taskinstance.py:2306} INFO - Starting attempt 1 of 1
[2024-08-09T08:07:29.164+0000] {taskinstance.py:2330} INFO - Executing <Task(DbtRunLocalOperator): fct_weather_data_daily_run> on 2024-08-08 00:00:00+00:00
[2024-08-09T08:07:29.279+0000] {warnings.py:112} WARNING - /home/***/.local/lib/python3.12/site-packages/***/task/task_runner/standard_task_runner.py:61: DeprecationWarning: This process (pid=275) is multi-threaded, use of fork() may lead to deadlocks in the child.
  pid = os.fork()

[2024-08-09T08:07:29.297+0000] {standard_task_runner.py:63} INFO - Started process 279 to run task
[2024-08-09T08:07:29.290+0000] {standard_task_runner.py:90} INFO - Running: ['***', 'tasks', 'run', 'dbt_dag', 'fct_weather_data_daily_run', 'scheduled__2024-08-08T00:00:00+00:00', '--job-id', '27', '--raw', '--subdir', 'DAGS_FOLDER/dbt.py', '--cfg-path', '/tmp/tmp5u77ieax']
[2024-08-09T08:07:29.328+0000] {standard_task_runner.py:91} INFO - Job 27: Subtask fct_weather_data_daily_run
[2024-08-09T08:07:29.438+0000] {warnings.py:112} WARNING - /home/***/.local/lib/python3.12/site-packages/***/settings.py:195: DeprecationWarning: The sql_alchemy_conn option in [core] has been moved to the sql_alchemy_conn option in [database] - the old setting has been used, but please update your config.
  SQL_ALCHEMY_CONN = conf.get("database", "SQL_ALCHEMY_CONN")

[2024-08-09T08:07:29.742+0000] {task_command.py:426} INFO - Running <TaskInstance: dbt_dag.fct_weather_data_daily_run scheduled__2024-08-08T00:00:00+00:00 [running]> on host ubuntu
[2024-08-09T08:07:30.398+0000] {taskinstance.py:2648} INFO - Exporting env vars: AIRFLOW_CTX_DAG_OWNER='***' AIRFLOW_CTX_DAG_ID='dbt_dag' AIRFLOW_CTX_TASK_ID='fct_weather_data_daily_run' AIRFLOW_CTX_EXECUTION_DATE='2024-08-08T00:00:00+00:00' AIRFLOW_CTX_TRY_NUMBER='1' AIRFLOW_CTX_DAG_RUN_ID='scheduled__2024-08-08T00:00:00+00:00'
[2024-08-09T08:07:30.404+0000] {taskinstance.py:430} INFO - ::endgroup::
[2024-08-09T08:07:30.536+0000] {log.py:232} WARNING - [[34m2024-08-09T08:07:30.525+0000[0m] {[34mgraph.py:[0m377} INFO[0m - [35m(astronomer-cosmos)[0m - Trying to parse the dbt project using dbt ls cache cosmos_cache__dbt_dag...[0m
[2024-08-09T08:07:30.536+0000] {log.py:232} WARNING - [[34m2024-08-09T08:07:30.525+0000[0m] {[34mgraph.py:[0m377} INFO[0m - [35m(astronomer-cosmos)[0m - Trying to parse the dbt project using dbt ls cache cosmos_cache__dbt_dag...[0m
[2024-08-09T08:07:30.525+0000] {graph.py:377} INFO - Trying to parse the dbt project using dbt ls cache cosmos_cache__dbt_dag...
[2024-08-09T08:07:30.618+0000] {log.py:232} WARNING - [[34m2024-08-09T08:07:30.617+0000[0m] {[34mcache.py:[0m262} INFO[0m - [35m(astronomer-cosmos)[0m - Cosmos performance: time to calculate cache identifier cosmos_cache__dbt_dag for current version: 0.033411290000003646[0m
[2024-08-09T08:07:30.618+0000] {log.py:232} WARNING - [[34m2024-08-09T08:07:30.617+0000[0m] {[34mcache.py:[0m262} INFO[0m - [35m(astronomer-cosmos)[0m - Cosmos performance: time to calculate cache identifier cosmos_cache__dbt_dag for current version: 0.033411290000003646[0m
[2024-08-09T08:07:30.617+0000] {cache.py:262} INFO - Cosmos performance: time to calculate cache identifier cosmos_cache__dbt_dag for current version: 0.033411290000003646
[2024-08-09T08:07:30.632+0000] {log.py:232} WARNING - [[34m2024-08-09T08:07:30.632+0000[0m] {[34mgraph.py:[0m394} INFO[0m - [35m(astronomer-cosmos)[0m - Cosmos performance [ubuntu|279]: The cache size for cosmos_cache__dbt_dag is 14843[0m
[2024-08-09T08:07:30.632+0000] {log.py:232} WARNING - [[34m2024-08-09T08:07:30.632+0000[0m] {[34mgraph.py:[0m394} INFO[0m - [35m(astronomer-cosmos)[0m - Cosmos performance [ubuntu|279]: The cache size for cosmos_cache__dbt_dag is 14843[0m
[2024-08-09T08:07:30.632+0000] {graph.py:394} INFO - Cosmos performance [ubuntu|279]: The cache size for cosmos_cache__dbt_dag is 14843
[2024-08-09T08:07:30.645+0000] {log.py:232} WARNING - [[34m2024-08-09T08:07:30.645+0000[0m] {[34mgraph.py:[0m402} INFO[0m - [35m(astronomer-cosmos)[0m - Cosmos performance: Cache hit for cosmos_cache__dbt_dag - f0894e22ca1fc514beb9335fa3aa34e2,d41d8cd98f00b204e9800998ecf8427e[0m
[2024-08-09T08:07:30.645+0000] {log.py:232} WARNING - [[34m2024-08-09T08:07:30.645+0000[0m] {[34mgraph.py:[0m402} INFO[0m - [35m(astronomer-cosmos)[0m - Cosmos performance: Cache hit for cosmos_cache__dbt_dag - f0894e22ca1fc514beb9335fa3aa34e2,d41d8cd98f00b204e9800998ecf8427e[0m
[2024-08-09T08:07:30.645+0000] {graph.py:402} INFO - Cosmos performance: Cache hit for cosmos_cache__dbt_dag - f0894e22ca1fc514beb9335fa3aa34e2,d41d8cd98f00b204e9800998ecf8427e
[2024-08-09T08:07:30.659+0000] {log.py:232} WARNING - [[34m2024-08-09T08:07:30.659+0000[0m] {[34mgraph.py:[0m335} INFO[0m - [35m(astronomer-cosmos)[0m - Total nodes: 19[0m
[2024-08-09T08:07:30.662+0000] {log.py:232} WARNING - [[34m2024-08-09T08:07:30.659+0000[0m] {[34mgraph.py:[0m335} INFO[0m - [35m(astronomer-cosmos)[0m - Total nodes: 19[0m
[2024-08-09T08:07:30.659+0000] {graph.py:335} INFO - Total nodes: 19
[2024-08-09T08:07:30.662+0000] {log.py:232} WARNING - [[34m2024-08-09T08:07:30.662+0000[0m] {[34mgraph.py:[0m336} INFO[0m - [35m(astronomer-cosmos)[0m - Total filtered nodes: 19[0m
[2024-08-09T08:07:30.675+0000] {log.py:232} WARNING - [[34m2024-08-09T08:07:30.662+0000[0m] {[34mgraph.py:[0m336} INFO[0m - [35m(astronomer-cosmos)[0m - Total filtered nodes: 19[0m
[2024-08-09T08:07:30.662+0000] {graph.py:336} INFO - Total filtered nodes: 19
[2024-08-09T08:07:30.678+0000] {log.py:232} WARNING - [[34m2024-08-09T08:07:30.678+0000[0m] {[34mconverter.py:[0m251} INFO[0m - [35m(astronomer-cosmos)[0m - Cosmos performance (dbt_dag) -  [ubuntu|279]: It took 0.153s to parse the dbt project for DAG using LoadMode.DBT_LS_CACHE[0m
[2024-08-09T08:07:30.678+0000] {log.py:232} WARNING - [[34m2024-08-09T08:07:30.678+0000[0m] {[34mconverter.py:[0m251} INFO[0m - [35m(astronomer-cosmos)[0m - Cosmos performance (dbt_dag) -  [ubuntu|279]: It took 0.153s to parse the dbt project for DAG using LoadMode.DBT_LS_CACHE[0m
[2024-08-09T08:07:30.678+0000] {converter.py:251} INFO - Cosmos performance (dbt_dag) -  [ubuntu|279]: It took 0.153s to parse the dbt project for DAG using LoadMode.DBT_LS_CACHE
[2024-08-09T08:07:30.696+0000] {log.py:232} WARNING - [[34m2024-08-09T08:07:30.696+0000[0m] {[34mproject.py:[0m35} INFO[0m - [35m(astronomer-cosmos)[0m - Project /usr/local/***/dags/Data_Marketplace does not have {'packages.yml', 'dependencies.yml'}[0m
[2024-08-09T08:07:30.709+0000] {log.py:232} WARNING - [[34m2024-08-09T08:07:30.696+0000[0m] {[34mproject.py:[0m35} INFO[0m - [35m(astronomer-cosmos)[0m - Project /usr/local/***/dags/Data_Marketplace does not have {'packages.yml', 'dependencies.yml'}[0m
[2024-08-09T08:07:30.696+0000] {project.py:35} INFO - Project /usr/local/***/dags/Data_Marketplace does not have {'packages.yml', 'dependencies.yml'}
[2024-08-09T08:07:30.725+0000] {log.py:232} WARNING - [[34m2024-08-09T08:07:30.712+0000[0m] {[34mproject.py:[0m35} INFO[0m - [35m(astronomer-cosmos)[0m - Project /usr/local/***/dags/Data_Marketplace does not have {'packages.yml', 'dependencies.yml'}[0m
[2024-08-09T08:07:30.725+0000] {log.py:232} WARNING - [[34m2024-08-09T08:07:30.712+0000[0m] {[34mproject.py:[0m35} INFO[0m - [35m(astronomer-cosmos)[0m - Project /usr/local/***/dags/Data_Marketplace does not have {'packages.yml', 'dependencies.yml'}[0m
[2024-08-09T08:07:30.712+0000] {project.py:35} INFO - Project /usr/local/***/dags/Data_Marketplace does not have {'packages.yml', 'dependencies.yml'}
[2024-08-09T08:07:30.735+0000] {log.py:232} WARNING - [[34m2024-08-09T08:07:30.735+0000[0m] {[34mproject.py:[0m35} INFO[0m - [35m(astronomer-cosmos)[0m - Project /usr/local/***/dags/Data_Marketplace does not have {'packages.yml', 'dependencies.yml'}[0m
[2024-08-09T08:07:30.739+0000] {log.py:232} WARNING - [[34m2024-08-09T08:07:30.735+0000[0m] {[34mproject.py:[0m35} INFO[0m - [35m(astronomer-cosmos)[0m - Project /usr/local/***/dags/Data_Marketplace does not have {'packages.yml', 'dependencies.yml'}[0m
[2024-08-09T08:07:30.735+0000] {project.py:35} INFO - Project /usr/local/***/dags/Data_Marketplace does not have {'packages.yml', 'dependencies.yml'}
[2024-08-09T08:07:30.750+0000] {log.py:232} WARNING - [[34m2024-08-09T08:07:30.750+0000[0m] {[34mproject.py:[0m35} INFO[0m - [35m(astronomer-cosmos)[0m - Project /usr/local/***/dags/Data_Marketplace does not have {'packages.yml', 'dependencies.yml'}[0m
[2024-08-09T08:07:30.751+0000] {log.py:232} WARNING - [[34m2024-08-09T08:07:30.750+0000[0m] {[34mproject.py:[0m35} INFO[0m - [35m(astronomer-cosmos)[0m - Project /usr/local/***/dags/Data_Marketplace does not have {'packages.yml', 'dependencies.yml'}[0m
[2024-08-09T08:07:30.750+0000] {project.py:35} INFO - Project /usr/local/***/dags/Data_Marketplace does not have {'packages.yml', 'dependencies.yml'}
[2024-08-09T08:07:30.758+0000] {log.py:232} WARNING - [[34m2024-08-09T08:07:30.758+0000[0m] {[34mproject.py:[0m35} INFO[0m - [35m(astronomer-cosmos)[0m - Project /usr/local/***/dags/Data_Marketplace does not have {'packages.yml', 'dependencies.yml'}[0m
[2024-08-09T08:07:30.759+0000] {log.py:232} WARNING - [[34m2024-08-09T08:07:30.758+0000[0m] {[34mproject.py:[0m35} INFO[0m - [35m(astronomer-cosmos)[0m - Project /usr/local/***/dags/Data_Marketplace does not have {'packages.yml', 'dependencies.yml'}[0m
[2024-08-09T08:07:30.758+0000] {project.py:35} INFO - Project /usr/local/***/dags/Data_Marketplace does not have {'packages.yml', 'dependencies.yml'}
[2024-08-09T08:07:30.766+0000] {log.py:232} WARNING - [[34m2024-08-09T08:07:30.766+0000[0m] {[34mproject.py:[0m35} INFO[0m - [35m(astronomer-cosmos)[0m - Project /usr/local/***/dags/Data_Marketplace does not have {'packages.yml', 'dependencies.yml'}[0m
[2024-08-09T08:07:30.767+0000] {log.py:232} WARNING - [[34m2024-08-09T08:07:30.766+0000[0m] {[34mproject.py:[0m35} INFO[0m - [35m(astronomer-cosmos)[0m - Project /usr/local/***/dags/Data_Marketplace does not have {'packages.yml', 'dependencies.yml'}[0m
[2024-08-09T08:07:30.766+0000] {project.py:35} INFO - Project /usr/local/***/dags/Data_Marketplace does not have {'packages.yml', 'dependencies.yml'}
[2024-08-09T08:07:30.772+0000] {log.py:232} WARNING - [[34m2024-08-09T08:07:30.772+0000[0m] {[34mproject.py:[0m35} INFO[0m - [35m(astronomer-cosmos)[0m - Project /usr/local/***/dags/Data_Marketplace does not have {'packages.yml', 'dependencies.yml'}[0m
[2024-08-09T08:07:30.774+0000] {log.py:232} WARNING - [[34m2024-08-09T08:07:30.772+0000[0m] {[34mproject.py:[0m35} INFO[0m - [35m(astronomer-cosmos)[0m - Project /usr/local/***/dags/Data_Marketplace does not have {'packages.yml', 'dependencies.yml'}[0m
[2024-08-09T08:07:30.772+0000] {project.py:35} INFO - Project /usr/local/***/dags/Data_Marketplace does not have {'packages.yml', 'dependencies.yml'}
[2024-08-09T08:07:30.785+0000] {log.py:232} WARNING - [[34m2024-08-09T08:07:30.785+0000[0m] {[34mproject.py:[0m35} INFO[0m - [35m(astronomer-cosmos)[0m - Project /usr/local/***/dags/Data_Marketplace does not have {'packages.yml', 'dependencies.yml'}[0m
[2024-08-09T08:07:30.786+0000] {log.py:232} WARNING - [[34m2024-08-09T08:07:30.785+0000[0m] {[34mproject.py:[0m35} INFO[0m - [35m(astronomer-cosmos)[0m - Project /usr/local/***/dags/Data_Marketplace does not have {'packages.yml', 'dependencies.yml'}[0m
[2024-08-09T08:07:30.785+0000] {project.py:35} INFO - Project /usr/local/***/dags/Data_Marketplace does not have {'packages.yml', 'dependencies.yml'}
[2024-08-09T08:07:30.796+0000] {log.py:232} WARNING - [[34m2024-08-09T08:07:30.796+0000[0m] {[34mproject.py:[0m35} INFO[0m - [35m(astronomer-cosmos)[0m - Project /usr/local/***/dags/Data_Marketplace does not have {'packages.yml', 'dependencies.yml'}[0m
[2024-08-09T08:07:30.797+0000] {log.py:232} WARNING - [[34m2024-08-09T08:07:30.796+0000[0m] {[34mproject.py:[0m35} INFO[0m - [35m(astronomer-cosmos)[0m - Project /usr/local/***/dags/Data_Marketplace does not have {'packages.yml', 'dependencies.yml'}[0m
[2024-08-09T08:07:30.796+0000] {project.py:35} INFO - Project /usr/local/***/dags/Data_Marketplace does not have {'packages.yml', 'dependencies.yml'}
[2024-08-09T08:07:30.806+0000] {log.py:232} WARNING - [[34m2024-08-09T08:07:30.806+0000[0m] {[34mproject.py:[0m35} INFO[0m - [35m(astronomer-cosmos)[0m - Project /usr/local/***/dags/Data_Marketplace does not have {'packages.yml', 'dependencies.yml'}[0m
[2024-08-09T08:07:30.807+0000] {log.py:232} WARNING - [[34m2024-08-09T08:07:30.806+0000[0m] {[34mproject.py:[0m35} INFO[0m - [35m(astronomer-cosmos)[0m - Project /usr/local/***/dags/Data_Marketplace does not have {'packages.yml', 'dependencies.yml'}[0m
[2024-08-09T08:07:30.806+0000] {project.py:35} INFO - Project /usr/local/***/dags/Data_Marketplace does not have {'packages.yml', 'dependencies.yml'}
[2024-08-09T08:07:30.819+0000] {log.py:232} WARNING - [[34m2024-08-09T08:07:30.818+0000[0m] {[34mproject.py:[0m35} INFO[0m - [35m(astronomer-cosmos)[0m - Project /usr/local/***/dags/Data_Marketplace does not have {'packages.yml', 'dependencies.yml'}[0m
[2024-08-09T08:07:30.819+0000] {log.py:232} WARNING - [[34m2024-08-09T08:07:30.818+0000[0m] {[34mproject.py:[0m35} INFO[0m - [35m(astronomer-cosmos)[0m - Project /usr/local/***/dags/Data_Marketplace does not have {'packages.yml', 'dependencies.yml'}[0m
[2024-08-09T08:07:30.818+0000] {project.py:35} INFO - Project /usr/local/***/dags/Data_Marketplace does not have {'packages.yml', 'dependencies.yml'}
[2024-08-09T08:07:30.834+0000] {log.py:232} WARNING - [[34m2024-08-09T08:07:30.834+0000[0m] {[34mproject.py:[0m35} INFO[0m - [35m(astronomer-cosmos)[0m - Project /usr/local/***/dags/Data_Marketplace does not have {'packages.yml', 'dependencies.yml'}[0m
[2024-08-09T08:07:30.835+0000] {log.py:232} WARNING - [[34m2024-08-09T08:07:30.834+0000[0m] {[34mproject.py:[0m35} INFO[0m - [35m(astronomer-cosmos)[0m - Project /usr/local/***/dags/Data_Marketplace does not have {'packages.yml', 'dependencies.yml'}[0m
[2024-08-09T08:07:30.834+0000] {project.py:35} INFO - Project /usr/local/***/dags/Data_Marketplace does not have {'packages.yml', 'dependencies.yml'}
[2024-08-09T08:07:30.849+0000] {log.py:232} WARNING - [[34m2024-08-09T08:07:30.849+0000[0m] {[34mproject.py:[0m35} INFO[0m - [35m(astronomer-cosmos)[0m - Project /usr/local/***/dags/Data_Marketplace does not have {'packages.yml', 'dependencies.yml'}[0m
[2024-08-09T08:07:30.850+0000] {log.py:232} WARNING - [[34m2024-08-09T08:07:30.849+0000[0m] {[34mproject.py:[0m35} INFO[0m - [35m(astronomer-cosmos)[0m - Project /usr/local/***/dags/Data_Marketplace does not have {'packages.yml', 'dependencies.yml'}[0m
[2024-08-09T08:07:30.849+0000] {project.py:35} INFO - Project /usr/local/***/dags/Data_Marketplace does not have {'packages.yml', 'dependencies.yml'}
[2024-08-09T08:07:30.872+0000] {log.py:232} WARNING - [[34m2024-08-09T08:07:30.866+0000[0m] {[34mproject.py:[0m35} INFO[0m - [35m(astronomer-cosmos)[0m - Project /usr/local/***/dags/Data_Marketplace does not have {'packages.yml', 'dependencies.yml'}[0m
[2024-08-09T08:07:30.872+0000] {log.py:232} WARNING - [[34m2024-08-09T08:07:30.866+0000[0m] {[34mproject.py:[0m35} INFO[0m - [35m(astronomer-cosmos)[0m - Project /usr/local/***/dags/Data_Marketplace does not have {'packages.yml', 'dependencies.yml'}[0m
[2024-08-09T08:07:30.866+0000] {project.py:35} INFO - Project /usr/local/***/dags/Data_Marketplace does not have {'packages.yml', 'dependencies.yml'}
[2024-08-09T08:07:30.901+0000] {log.py:232} WARNING - [[34m2024-08-09T08:07:30.901+0000[0m] {[34mproject.py:[0m35} INFO[0m - [35m(astronomer-cosmos)[0m - Project /usr/local/***/dags/Data_Marketplace does not have {'packages.yml', 'dependencies.yml'}[0m
[2024-08-09T08:07:30.928+0000] {log.py:232} WARNING - [[34m2024-08-09T08:07:30.901+0000[0m] {[34mproject.py:[0m35} INFO[0m - [35m(astronomer-cosmos)[0m - Project /usr/local/***/dags/Data_Marketplace does not have {'packages.yml', 'dependencies.yml'}[0m
[2024-08-09T08:07:30.901+0000] {project.py:35} INFO - Project /usr/local/***/dags/Data_Marketplace does not have {'packages.yml', 'dependencies.yml'}
[2024-08-09T08:07:30.940+0000] {log.py:232} WARNING - [[34m2024-08-09T08:07:30.935+0000[0m] {[34mgraph.py:[0m173} WARNING[0m - [35m(astronomer-cosmos)[0m - Unavailable conversion function for <DbtResourceType.SOURCE> (node <source.Data_Marketplace.Raw.City>). Define a converter function using render_config.node_converters.[0m
[2024-08-09T08:07:30.940+0000] {log.py:232} WARNING - [[34m2024-08-09T08:07:30.935+0000[0m] {[34mgraph.py:[0m173} WARNING[0m - [35m(astronomer-cosmos)[0m - Unavailable conversion function for <DbtResourceType.SOURCE> (node <source.Data_Marketplace.Raw.City>). Define a converter function using render_config.node_converters.[0m
[2024-08-09T08:07:30.935+0000] {graph.py:173} WARNING - Unavailable conversion function for <DbtResourceType.SOURCE> (node <source.Data_Marketplace.Raw.City>). Define a converter function using render_config.node_converters.
[2024-08-09T08:07:30.958+0000] {log.py:232} WARNING - [[34m2024-08-09T08:07:30.958+0000[0m] {[34mgraph.py:[0m173} WARNING[0m - [35m(astronomer-cosmos)[0m - Unavailable conversion function for <DbtResourceType.SOURCE> (node <source.Data_Marketplace.Raw.Province>). Define a converter function using render_config.node_converters.[0m
[2024-08-09T08:07:30.959+0000] {log.py:232} WARNING - [[34m2024-08-09T08:07:30.958+0000[0m] {[34mgraph.py:[0m173} WARNING[0m - [35m(astronomer-cosmos)[0m - Unavailable conversion function for <DbtResourceType.SOURCE> (node <source.Data_Marketplace.Raw.Province>). Define a converter function using render_config.node_converters.[0m
[2024-08-09T08:07:30.958+0000] {graph.py:173} WARNING - Unavailable conversion function for <DbtResourceType.SOURCE> (node <source.Data_Marketplace.Raw.Province>). Define a converter function using render_config.node_converters.
[2024-08-09T08:07:30.974+0000] {log.py:232} WARNING - [[34m2024-08-09T08:07:30.959+0000[0m] {[34mgraph.py:[0m173} WARNING[0m - [35m(astronomer-cosmos)[0m - Unavailable conversion function for <DbtResourceType.SOURCE> (node <source.Data_Marketplace.Raw.Weather_Data>). Define a converter function using render_config.node_converters.[0m
[2024-08-09T08:07:30.980+0000] {log.py:232} WARNING - [[34m2024-08-09T08:07:30.959+0000[0m] {[34mgraph.py:[0m173} WARNING[0m - [35m(astronomer-cosmos)[0m - Unavailable conversion function for <DbtResourceType.SOURCE> (node <source.Data_Marketplace.Raw.Weather_Data>). Define a converter function using render_config.node_converters.[0m
[2024-08-09T08:07:30.959+0000] {graph.py:173} WARNING - Unavailable conversion function for <DbtResourceType.SOURCE> (node <source.Data_Marketplace.Raw.Weather_Data>). Define a converter function using render_config.node_converters.
[2024-08-09T08:07:30.997+0000] {log.py:232} WARNING - [[34m2024-08-09T08:07:30.993+0000[0m] {[34mconverter.py:[0m293} INFO[0m - [35m(astronomer-cosmos)[0m - Cosmos performance (dbt_dag) - [ubuntu|279]: It took 0.316s to build the Airflow DAG.[0m
[2024-08-09T08:07:31.004+0000] {log.py:232} WARNING - [[34m2024-08-09T08:07:30.993+0000[0m] {[34mconverter.py:[0m293} INFO[0m - [35m(astronomer-cosmos)[0m - Cosmos performance (dbt_dag) - [ubuntu|279]: It took 0.316s to build the Airflow DAG.[0m
[2024-08-09T08:07:30.993+0000] {converter.py:293} INFO - Cosmos performance (dbt_dag) - [ubuntu|279]: It took 0.316s to build the Airflow DAG.
[2024-08-09T08:07:31.006+0000] {log.py:232} WARNING - [[34m2024-08-09T08:07:31.006+0000[0m] {[34mlocal.py:[0m174} INFO[0m - [35m(astronomer-cosmos)[0m - Could not import dbtRunner. Falling back to subprocess for invoking dbt.[0m
[2024-08-09T08:07:31.016+0000] {log.py:232} WARNING - [[34m2024-08-09T08:07:31.006+0000[0m] {[34mlocal.py:[0m174} INFO[0m - [35m(astronomer-cosmos)[0m - Could not import dbtRunner. Falling back to subprocess for invoking dbt.[0m
[2024-08-09T08:07:31.006+0000] {local.py:174} INFO - Could not import dbtRunner. Falling back to subprocess for invoking dbt.
[2024-08-09T08:07:31.022+0000] {log.py:232} WARNING - [[34m2024-08-09T08:07:31.022+0000[0m] {[34mlocal.py:[0m292} INFO[0m - [35m(astronomer-cosmos)[0m - Cloning project to writable temp directory /tmp/tmpsl7ggmbp from /usr/local/***/dags/Data_Marketplace[0m
[2024-08-09T08:07:31.037+0000] {log.py:232} WARNING - [[34m2024-08-09T08:07:31.022+0000[0m] {[34mlocal.py:[0m292} INFO[0m - [35m(astronomer-cosmos)[0m - Cloning project to writable temp directory /tmp/tmpsl7ggmbp from /usr/local/***/dags/Data_Marketplace[0m
[2024-08-09T08:07:31.022+0000] {local.py:292} INFO - Cloning project to writable temp directory /tmp/tmpsl7ggmbp from /usr/local/airflow/dags/Data_Marketplace
[2024-08-09T08:07:31.049+0000] {log.py:232} WARNING - [[34m2024-08-09T08:07:31.038+0000[0m] {[34mlocal.py:[0m303} INFO[0m - [35m(astronomer-cosmos)[0m - Partial parse is enabled and the latest partial parse file is /tmp/cosmos/dbt_dag/target/partial_parse.msgpack[0m
[2024-08-09T08:07:31.049+0000] {log.py:232} WARNING - [[34m2024-08-09T08:07:31.038+0000[0m] {[34mlocal.py:[0m303} INFO[0m - [35m(astronomer-cosmos)[0m - Partial parse is enabled and the latest partial parse file is /tmp/cosmos/dbt_dag/target/partial_parse.msgpack[0m
[2024-08-09T08:07:31.038+0000] {local.py:303} INFO - Partial parse is enabled and the latest partial parse file is /tmp/cosmos/dbt_dag/target/partial_parse.msgpack
[2024-08-09T08:07:31.112+0000] {log.py:232} WARNING - [[34m2024-08-09T08:07:31.112+0000[0m] {[34mconfig.py:[0m292} INFO[0m - [35m(astronomer-cosmos)[0m - Profile caching is enable.[0m
[2024-08-09T08:07:31.123+0000] {log.py:232} WARNING - [[34m2024-08-09T08:07:31.112+0000[0m] {[34mconfig.py:[0m292} INFO[0m - [35m(astronomer-cosmos)[0m - Profile caching is enable.[0m
[2024-08-09T08:07:31.112+0000] {config.py:292} INFO - Profile caching is enable.
[2024-08-09T08:07:31.215+0000] {base.py:84} INFO - Using connection ID 'snowflake_conn' for task execution.
[2024-08-09T08:07:31.285+0000] {log.py:232} WARNING - [[34m2024-08-09T08:07:31.271+0000[0m] {[34mconfig.py:[0m272} INFO[0m - [35m(astronomer-cosmos)[0m - Profile found in cache using profile: /tmp/cosmos/profile/ec71862f850e9b0839075fe0561d5062ab3dd99ef2a3dac2fe4fc1486f2849d0/profiles.yml.[0m
[2024-08-09T08:07:31.285+0000] {log.py:232} WARNING - [[34m2024-08-09T08:07:31.271+0000[0m] {[34mconfig.py:[0m272} INFO[0m - [35m(astronomer-cosmos)[0m - Profile found in cache using profile: /tmp/cosmos/profile/ec71862f850e9b0839075fe0561d5062ab3dd99ef2a3dac2fe4fc1486f2849d0/profiles.yml.[0m
[2024-08-09T08:07:31.271+0000] {config.py:272} INFO - Profile found in cache using profile: /tmp/cosmos/profile/ec71862f850e9b0839075fe0561d5062ab3dd99ef2a3dac2fe4fc1486f2849d0/profiles.yml.
[2024-08-09T08:07:31.299+0000] {log.py:232} WARNING - [[34m2024-08-09T08:07:31.299+0000[0m] {[34mlocal.py:[0m247} INFO[0m - [35m(astronomer-cosmos)[0m - Trying to run the command:
 ['/opt/***/dbt_venv/bin/dbt', 'run', '--models', 'fct_weather_data_daily', '--project-dir', '/tmp/tmpsl7ggmbp', '--profiles-dir', '/tmp/cosmos/profile/ec71862f850e9b0839075fe0561d5062ab3dd99ef2a3dac2fe4fc1486f2849d0', '--profile', 'Data_Marketplace', '--target', 'dev']
From /tmp/tmpsl7ggmbp[0m
[2024-08-09T08:07:31.309+0000] {log.py:232} WARNING - [[34m2024-08-09T08:07:31.299+0000[0m] {[34mlocal.py:[0m247} INFO[0m - [35m(astronomer-cosmos)[0m - Trying to run the command:
 ['/opt/***/dbt_venv/bin/dbt', 'run', '--models', 'fct_weather_data_daily', '--project-dir', '/tmp/tmpsl7ggmbp', '--profiles-dir', '/tmp/cosmos/profile/ec71862f850e9b0839075fe0561d5062ab3dd99ef2a3dac2fe4fc1486f2849d0', '--profile', 'Data_Marketplace', '--target', 'dev']
From /tmp/tmpsl7ggmbp[0m
[2024-08-09T08:07:31.299+0000] {local.py:247} INFO - Trying to run the command:
 ['/opt/***/dbt_venv/bin/dbt', 'run', '--models', 'fct_weather_data_daily', '--project-dir', '/tmp/tmpsl7ggmbp', '--profiles-dir', '/tmp/cosmos/profile/ec71862f850e9b0839075fe0561d5062ab3dd99ef2a3dac2fe4fc1486f2849d0', '--profile', 'Data_Marketplace', '--target', 'dev']
From /tmp/tmpsl7ggmbp
[2024-08-09T08:07:31.313+0000] {log.py:232} WARNING - [[34m2024-08-09T08:07:31.313+0000[0m] {[34msubprocess.py:[0m60} INFO[0m - [35m(astronomer-cosmos)[0m - Tmp dir root location: 
 /tmp[0m
[2024-08-09T08:07:31.313+0000] {log.py:232} WARNING - [[34m2024-08-09T08:07:31.313+0000[0m] {[34msubprocess.py:[0m60} INFO[0m - [35m(astronomer-cosmos)[0m - Tmp dir root location: 
 /tmp[0m
[2024-08-09T08:07:31.313+0000] {subprocess.py:60} INFO - Tmp dir root location: 
 /tmp
[2024-08-09T08:07:31.324+0000] {log.py:232} WARNING - [[34m2024-08-09T08:07:31.324+0000[0m] {[34msubprocess.py:[0m73} INFO[0m - [35m(astronomer-cosmos)[0m - Running command: ['/opt/***/dbt_venv/bin/dbt', 'run', '--models', 'fct_weather_data_daily', '--project-dir', '/tmp/tmpsl7ggmbp', '--profiles-dir', '/tmp/cosmos/profile/ec71862f850e9b0839075fe0561d5062ab3dd99ef2a3dac2fe4fc1486f2849d0', '--profile', 'Data_Marketplace', '--target', 'dev'][0m
[2024-08-09T08:07:31.328+0000] {log.py:232} WARNING - [[34m2024-08-09T08:07:31.324+0000[0m] {[34msubprocess.py:[0m73} INFO[0m - [35m(astronomer-cosmos)[0m - Running command: ['/opt/***/dbt_venv/bin/dbt', 'run', '--models', 'fct_weather_data_daily', '--project-dir', '/tmp/tmpsl7ggmbp', '--profiles-dir', '/tmp/cosmos/profile/ec71862f850e9b0839075fe0561d5062ab3dd99ef2a3dac2fe4fc1486f2849d0', '--profile', 'Data_Marketplace', '--target', 'dev'][0m
[2024-08-09T08:07:31.324+0000] {subprocess.py:73} INFO - Running command: ['/opt/***/dbt_venv/bin/dbt', 'run', '--models', 'fct_weather_data_daily', '--project-dir', '/tmp/tmpsl7ggmbp', '--profiles-dir', '/tmp/cosmos/profile/ec71862f850e9b0839075fe0561d5062ab3dd99ef2a3dac2fe4fc1486f2849d0', '--profile', 'Data_Marketplace', '--target', 'dev']
[2024-08-09T08:07:31.598+0000] {log.py:232} WARNING - [[34m2024-08-09T08:07:31.598+0000[0m] {[34msubprocess.py:[0m84} INFO[0m - [35m(astronomer-cosmos)[0m - Command output:[0m
[2024-08-09T08:07:31.604+0000] {log.py:232} WARNING - [[34m2024-08-09T08:07:31.598+0000[0m] {[34msubprocess.py:[0m84} INFO[0m - [35m(astronomer-cosmos)[0m - Command output:[0m
[2024-08-09T08:07:31.598+0000] {subprocess.py:84} INFO - Command output:
[2024-08-09T08:07:45.376+0000] {log.py:232} WARNING - [[34m2024-08-09T08:07:45.376+0000[0m] {[34msubprocess.py:[0m94} INFO[0m - [35m(astronomer-cosmos)[0m - [0m08:07:45  Running with dbt=1.8.5[0m
[2024-08-09T08:07:45.377+0000] {log.py:232} WARNING - [[34m2024-08-09T08:07:45.376+0000[0m] {[34msubprocess.py:[0m94} INFO[0m - [35m(astronomer-cosmos)[0m - [0m08:07:45  Running with dbt=1.8.5[0m
[2024-08-09T08:07:45.376+0000] {subprocess.py:94} INFO - [0m08:07:45  Running with dbt=1.8.5
[2024-08-09T08:07:48.095+0000] {log.py:232} WARNING - [[34m2024-08-09T08:07:48.095+0000[0m] {[34msubprocess.py:[0m94} INFO[0m - [35m(astronomer-cosmos)[0m - [0m08:07:48  Registered adapter: snowflake=1.8.3[0m
[2024-08-09T08:07:48.096+0000] {log.py:232} WARNING - [[34m2024-08-09T08:07:48.095+0000[0m] {[34msubprocess.py:[0m94} INFO[0m - [35m(astronomer-cosmos)[0m - [0m08:07:48  Registered adapter: snowflake=1.8.3[0m
[2024-08-09T08:07:48.095+0000] {subprocess.py:94} INFO - [0m08:07:48  Registered adapter: snowflake=1.8.3
[2024-08-09T08:07:50.347+0000] {log.py:232} WARNING - [[34m2024-08-09T08:07:50.347+0000[0m] {[34msubprocess.py:[0m94} INFO[0m - [35m(astronomer-cosmos)[0m - [0m08:07:50  Found 9 models, 2 snapshots, 3 seeds, 2 data tests, 3 sources, 448 macros[0m
[2024-08-09T08:07:50.347+0000] {log.py:232} WARNING - [[34m2024-08-09T08:07:50.347+0000[0m] {[34msubprocess.py:[0m94} INFO[0m - [35m(astronomer-cosmos)[0m - [0m08:07:50  Found 9 models, 2 snapshots, 3 seeds, 2 data tests, 3 sources, 448 macros[0m
[2024-08-09T08:07:50.347+0000] {subprocess.py:94} INFO - [0m08:07:50  Found 9 models, 2 snapshots, 3 seeds, 2 data tests, 3 sources, 448 macros
[2024-08-09T08:07:50.357+0000] {log.py:232} WARNING - [[34m2024-08-09T08:07:50.357+0000[0m] {[34msubprocess.py:[0m94} INFO[0m - [35m(astronomer-cosmos)[0m - [0m08:07:50[0m
[2024-08-09T08:07:50.357+0000] {log.py:232} WARNING - [[34m2024-08-09T08:07:50.357+0000[0m] {[34msubprocess.py:[0m94} INFO[0m - [35m(astronomer-cosmos)[0m - [0m08:07:50[0m
[2024-08-09T08:07:50.357+0000] {subprocess.py:94} INFO - [0m08:07:50
[2024-08-09T08:07:54.578+0000] {log.py:232} WARNING - [[34m2024-08-09T08:07:54.578+0000[0m] {[34msubprocess.py:[0m94} INFO[0m - [35m(astronomer-cosmos)[0m - [0m08:07:54  Concurrency: 1 threads (target='dev')[0m
[2024-08-09T08:07:54.579+0000] {log.py:232} WARNING - [[34m2024-08-09T08:07:54.578+0000[0m] {[34msubprocess.py:[0m94} INFO[0m - [35m(astronomer-cosmos)[0m - [0m08:07:54  Concurrency: 1 threads (target='dev')[0m
[2024-08-09T08:07:54.578+0000] {subprocess.py:94} INFO - [0m08:07:54  Concurrency: 1 threads (target='dev')
[2024-08-09T08:07:54.593+0000] {log.py:232} WARNING - [[34m2024-08-09T08:07:54.593+0000[0m] {[34msubprocess.py:[0m94} INFO[0m - [35m(astronomer-cosmos)[0m - [0m08:07:54[0m
[2024-08-09T08:07:54.593+0000] {log.py:232} WARNING - [[34m2024-08-09T08:07:54.593+0000[0m] {[34msubprocess.py:[0m94} INFO[0m - [35m(astronomer-cosmos)[0m - [0m08:07:54[0m
[2024-08-09T08:07:54.593+0000] {subprocess.py:94} INFO - [0m08:07:54
[2024-08-09T08:07:54.649+0000] {log.py:232} WARNING - [[34m2024-08-09T08:07:54.649+0000[0m] {[34msubprocess.py:[0m94} INFO[0m - [35m(astronomer-cosmos)[0m - [0m08:07:54  1 of 1 START sql incremental model DWH.fct_weather_data_daily .................. [RUN][0m
[2024-08-09T08:07:54.650+0000] {log.py:232} WARNING - [[34m2024-08-09T08:07:54.649+0000[0m] {[34msubprocess.py:[0m94} INFO[0m - [35m(astronomer-cosmos)[0m - [0m08:07:54  1 of 1 START sql incremental model DWH.fct_weather_data_daily .................. [RUN][0m
[2024-08-09T08:07:54.649+0000] {subprocess.py:94} INFO - [0m08:07:54  1 of 1 START sql incremental model DWH.fct_weather_data_daily .................. [RUN]
[2024-08-09T08:08:01.426+0000] {log.py:232} WARNING - [[34m2024-08-09T08:08:01.426+0000[0m] {[34msubprocess.py:[0m94} INFO[0m - [35m(astronomer-cosmos)[0m - [0m08:08:01  1 of 1 OK created sql incremental model DWH.fct_weather_data_daily ............. [[32mSUCCESS 0[0m in 6.76s][0m
[2024-08-09T08:08:01.427+0000] {log.py:232} WARNING - [[34m2024-08-09T08:08:01.426+0000[0m] {[34msubprocess.py:[0m94} INFO[0m - [35m(astronomer-cosmos)[0m - [0m08:08:01  1 of 1 OK created sql incremental model DWH.fct_weather_data_daily ............. [[32mSUCCESS 0[0m in 6.76s][0m
[2024-08-09T08:08:01.426+0000] {subprocess.py:94} INFO - [0m08:08:01  1 of 1 OK created sql incremental model DWH.fct_weather_data_daily ............. [[32mSUCCESS 0[0m in 6.76s]
[2024-08-09T08:08:01.442+0000] {log.py:232} WARNING - [[34m2024-08-09T08:08:01.442+0000[0m] {[34msubprocess.py:[0m94} INFO[0m - [35m(astronomer-cosmos)[0m - [0m08:08:01[0m
[2024-08-09T08:08:01.442+0000] {log.py:232} WARNING - [[34m2024-08-09T08:08:01.442+0000[0m] {[34msubprocess.py:[0m94} INFO[0m - [35m(astronomer-cosmos)[0m - [0m08:08:01[0m
[2024-08-09T08:08:01.442+0000] {subprocess.py:94} INFO - [0m08:08:01
[2024-08-09T08:08:01.443+0000] {log.py:232} WARNING - [[34m2024-08-09T08:08:01.443+0000[0m] {[34msubprocess.py:[0m94} INFO[0m - [35m(astronomer-cosmos)[0m - [0m08:08:01  Finished running 1 incremental model in 0 hours 0 minutes and 11.08 seconds (11.08s).[0m
[2024-08-09T08:08:01.447+0000] {log.py:232} WARNING - [[34m2024-08-09T08:08:01.443+0000[0m] {[34msubprocess.py:[0m94} INFO[0m - [35m(astronomer-cosmos)[0m - [0m08:08:01  Finished running 1 incremental model in 0 hours 0 minutes and 11.08 seconds (11.08s).[0m
[2024-08-09T08:08:01.443+0000] {subprocess.py:94} INFO - [0m08:08:01  Finished running 1 incremental model in 0 hours 0 minutes and 11.08 seconds (11.08s).
[2024-08-09T08:08:01.559+0000] {log.py:232} WARNING - [[34m2024-08-09T08:08:01.558+0000[0m] {[34msubprocess.py:[0m94} INFO[0m - [35m(astronomer-cosmos)[0m - [0m08:08:01[0m
[2024-08-09T08:08:01.562+0000] {log.py:232} WARNING - [[34m2024-08-09T08:08:01.558+0000[0m] {[34msubprocess.py:[0m94} INFO[0m - [35m(astronomer-cosmos)[0m - [0m08:08:01[0m
[2024-08-09T08:08:01.558+0000] {subprocess.py:94} INFO - [0m08:08:01
[2024-08-09T08:08:01.565+0000] {log.py:232} WARNING - [[34m2024-08-09T08:08:01.565+0000[0m] {[34msubprocess.py:[0m94} INFO[0m - [35m(astronomer-cosmos)[0m - [0m08:08:01  [32mCompleted successfully[0m[0m
[2024-08-09T08:08:01.567+0000] {log.py:232} WARNING - [[34m2024-08-09T08:08:01.565+0000[0m] {[34msubprocess.py:[0m94} INFO[0m - [35m(astronomer-cosmos)[0m - [0m08:08:01  [32mCompleted successfully[0m[0m
[2024-08-09T08:08:01.565+0000] {subprocess.py:94} INFO - [0m08:08:01  [32mCompleted successfully[0m
[2024-08-09T08:08:01.571+0000] {log.py:232} WARNING - [[34m2024-08-09T08:08:01.571+0000[0m] {[34msubprocess.py:[0m94} INFO[0m - [35m(astronomer-cosmos)[0m - [0m08:08:01[0m
[2024-08-09T08:08:01.571+0000] {log.py:232} WARNING - [[34m2024-08-09T08:08:01.571+0000[0m] {[34msubprocess.py:[0m94} INFO[0m - [35m(astronomer-cosmos)[0m - [0m08:08:01[0m
[2024-08-09T08:08:01.571+0000] {subprocess.py:94} INFO - [0m08:08:01
[2024-08-09T08:08:01.575+0000] {log.py:232} WARNING - [[34m2024-08-09T08:08:01.575+0000[0m] {[34msubprocess.py:[0m94} INFO[0m - [35m(astronomer-cosmos)[0m - [0m08:08:01  Done. PASS=1 WARN=0 ERROR=0 SKIP=0 TOTAL=1[0m
[2024-08-09T08:08:01.588+0000] {log.py:232} WARNING - [[34m2024-08-09T08:08:01.575+0000[0m] {[34msubprocess.py:[0m94} INFO[0m - [35m(astronomer-cosmos)[0m - [0m08:08:01  Done. PASS=1 WARN=0 ERROR=0 SKIP=0 TOTAL=1[0m
[2024-08-09T08:08:01.575+0000] {subprocess.py:94} INFO - [0m08:08:01  Done. PASS=1 WARN=0 ERROR=0 SKIP=0 TOTAL=1
[2024-08-09T08:08:06.021+0000] {log.py:232} WARNING - [[34m2024-08-09T08:08:06.020+0000[0m] {[34msubprocess.py:[0m98} INFO[0m - [35m(astronomer-cosmos)[0m - Command exited with return code 0[0m
[2024-08-09T08:08:06.021+0000] {log.py:232} WARNING - [[34m2024-08-09T08:08:06.020+0000[0m] {[34msubprocess.py:[0m98} INFO[0m - [35m(astronomer-cosmos)[0m - Command exited with return code 0[0m
[2024-08-09T08:08:06.020+0000] {subprocess.py:98} INFO - Command exited with return code 0
[2024-08-09T08:08:06.022+0000] {log.py:232} WARNING - [[34m2024-08-09T08:08:06.022+0000[0m] {[34mlocal.py:[0m254} INFO[0m - [35m(astronomer-cosmos)[0m - [0m08:08:01  Done. PASS=1 WARN=0 ERROR=0 SKIP=0 TOTAL=1[0m
[2024-08-09T08:08:06.022+0000] {log.py:232} WARNING - [[34m2024-08-09T08:08:06.022+0000[0m] {[34mlocal.py:[0m254} INFO[0m - [35m(astronomer-cosmos)[0m - [0m08:08:01  Done. PASS=1 WARN=0 ERROR=0 SKIP=0 TOTAL=1[0m
[2024-08-09T08:08:06.022+0000] {local.py:254} INFO - [0m08:08:01  Done. PASS=1 WARN=0 ERROR=0 SKIP=0 TOTAL=1
[2024-08-09T08:08:06.178+0000] {local.py:196} WARNING - Artifact schema version: https://schemas.getdbt.com/dbt/manifest/v12.json is above dbt-ol supported version 7. This might cause errors.
[2024-08-09T08:08:06.190+0000] {local.py:196} WARNING - Artifact schema version: https://schemas.getdbt.com/dbt/run-results/v6.json is above dbt-ol supported version 5. This might cause errors.
[2024-08-09T08:08:06.268+0000] {log.py:232} WARNING - [[34m2024-08-09T08:08:06.268+0000[0m] {[34mlocal.py:[0m349} INFO[0m - [35m(astronomer-cosmos)[0m - Inlets: [Dataset(uri='snowflake://uz36730.ap-southeast-1.aws/POC_DATA_MARKETPLACE.DWH.stg_avg_convert_field', extra=None), Dataset(uri='snowflake://uz36730.ap-southeast-1.aws/POC_DATA_MARKETPLACE.DWH.stg_wind_speed', extra=None)][0m
[2024-08-09T08:08:06.285+0000] {log.py:232} WARNING - [[34m2024-08-09T08:08:06.268+0000[0m] {[34mlocal.py:[0m349} INFO[0m - [35m(astronomer-cosmos)[0m - Inlets: [Dataset(uri='snowflake://uz36730.ap-southeast-1.aws/POC_DATA_MARKETPLACE.DWH.stg_avg_convert_field', extra=None), Dataset(uri='snowflake://uz36730.ap-southeast-1.aws/POC_DATA_MARKETPLACE.DWH.stg_wind_speed', extra=None)][0m
[2024-08-09T08:08:06.268+0000] {local.py:349} INFO - Inlets: [Dataset(uri='snowflake://uz36730.ap-southeast-1.aws/POC_DATA_MARKETPLACE.DWH.stg_avg_convert_field', extra=None), Dataset(uri='snowflake://uz36730.ap-southeast-1.aws/POC_DATA_MARKETPLACE.DWH.stg_wind_speed', extra=None)]
[2024-08-09T08:08:06.286+0000] {log.py:232} WARNING - [[34m2024-08-09T08:08:06.286+0000[0m] {[34mlocal.py:[0m350} INFO[0m - [35m(astronomer-cosmos)[0m - Outlets: [Dataset(uri='snowflake://uz36730.ap-southeast-1.aws/POC_DATA_MARKETPLACE.DWH.fct_weather_data_daily', extra=None)][0m
[2024-08-09T08:08:06.286+0000] {log.py:232} WARNING - [[34m2024-08-09T08:08:06.286+0000[0m] {[34mlocal.py:[0m350} INFO[0m - [35m(astronomer-cosmos)[0m - Outlets: [Dataset(uri='snowflake://uz36730.ap-southeast-1.aws/POC_DATA_MARKETPLACE.DWH.fct_weather_data_daily', extra=None)][0m
[2024-08-09T08:08:06.286+0000] {local.py:350} INFO - Outlets: [Dataset(uri='snowflake://uz36730.ap-southeast-1.aws/POC_DATA_MARKETPLACE.DWH.fct_weather_data_daily', extra=None)]
[2024-08-09T08:08:06.302+0000] {dag.py:3096} INFO - Sync 1 DAGs
[2024-08-09T08:08:06.555+0000] {dag.py:3954} INFO - Setting next_dagrun for dbt_dag to 2024-08-09 00:00:00+00:00, run_after=2024-08-10 00:00:00+00:00
[2024-08-09T08:08:06.691+0000] {taskinstance.py:441} INFO - ::group::Post task execution logs
[2024-08-09T08:08:06.824+0000] {taskinstance.py:1206} INFO - Marking task as SUCCESS. dag_id=dbt_dag, task_id=fct_weather_data_daily_run, run_id=scheduled__2024-08-08T00:00:00+00:00, execution_date=20240808T000000, start_date=20240809T080728, end_date=20240809T080806
[2024-08-09T08:08:06.999+0000] {local_task_job_runner.py:240} INFO - Task exited with return code 0
[2024-08-09T08:08:07.041+0000] {taskinstance.py:3503} INFO - 0 downstream tasks scheduled from follow-on schedule check
[2024-08-09T08:08:07.047+0000] {local_task_job_runner.py:222} INFO - ::endgroup::
