[2024-08-09T08:59:39.293+0000] {local_task_job_runner.py:120} INFO - ::group::Pre task execution logs
[2024-08-09T08:59:39.482+0000] {taskinstance.py:2076} INFO - Dependencies all met for dep_context=non-requeueable deps ti=<TaskInstance: Scrape_Province.customers_group.scd_province_snapshot manual__2024-08-09T08:58:51.742378+00:00 [queued]>
[2024-08-09T08:59:39.491+0000] {taskinstance.py:2076} INFO - Dependencies all met for dep_context=requeueable deps ti=<TaskInstance: Scrape_Province.customers_group.scd_province_snapshot manual__2024-08-09T08:58:51.742378+00:00 [queued]>
[2024-08-09T08:59:39.492+0000] {taskinstance.py:2306} INFO - Starting attempt 1 of 3
[2024-08-09T08:59:39.505+0000] {taskinstance.py:2330} INFO - Executing <Task(DbtSnapshotLocalOperator): customers_group.scd_province_snapshot> on 2024-08-09 08:58:51.742378+00:00
[2024-08-09T08:59:39.516+0000] {warnings.py:112} WARNING - /home/***/.local/lib/python3.12/site-packages/***/task/task_runner/standard_task_runner.py:61: DeprecationWarning: This process (pid=1203) is multi-threaded, use of fork() may lead to deadlocks in the child.
  pid = os.fork()

[2024-08-09T08:59:39.517+0000] {standard_task_runner.py:63} INFO - Started process 1205 to run task
[2024-08-09T08:59:39.518+0000] {standard_task_runner.py:90} INFO - Running: ['***', 'tasks', 'run', 'Scrape_Province', 'customers_group.scd_province_snapshot', 'manual__2024-08-09T08:58:51.742378+00:00', '--job-id', '70', '--raw', '--subdir', 'DAGS_FOLDER/Province_Extraction.py', '--cfg-path', '/tmp/tmpdmnt9u5a']
[2024-08-09T08:59:39.521+0000] {standard_task_runner.py:91} INFO - Job 70: Subtask customers_group.scd_province_snapshot
[2024-08-09T08:59:39.535+0000] {warnings.py:112} WARNING - /home/***/.local/lib/python3.12/site-packages/***/settings.py:195: DeprecationWarning: The sql_alchemy_conn option in [core] has been moved to the sql_alchemy_conn option in [database] - the old setting has been used, but please update your config.
  SQL_ALCHEMY_CONN = conf.get("database", "SQL_ALCHEMY_CONN")

[2024-08-09T08:59:39.567+0000] {task_command.py:426} INFO - Running <TaskInstance: Scrape_Province.customers_group.scd_province_snapshot manual__2024-08-09T08:58:51.742378+00:00 [running]> on host ubuntu
[2024-08-09T08:59:39.670+0000] {taskinstance.py:2648} INFO - Exporting env vars: AIRFLOW_CTX_DAG_OWNER='Ducky' AIRFLOW_CTX_DAG_ID='Scrape_Province' AIRFLOW_CTX_TASK_ID='customers_group.scd_province_snapshot' AIRFLOW_CTX_EXECUTION_DATE='2024-08-09T08:58:51.742378+00:00' AIRFLOW_CTX_TRY_NUMBER='1' AIRFLOW_CTX_DAG_RUN_ID='manual__2024-08-09T08:58:51.742378+00:00'
[2024-08-09T08:59:39.673+0000] {taskinstance.py:430} INFO - ::endgroup::
[2024-08-09T08:59:39.698+0000] {log.py:232} WARNING - [[34m2024-08-09T08:59:39.696+0000[0m] {[34mgraph.py:[0m377} INFO[0m - [35m(astronomer-cosmos)[0m - Trying to parse the dbt project using dbt ls cache cosmos_cache__dbt_dag_filterd__customers_group...[0m
[2024-08-09T08:59:39.698+0000] {log.py:232} WARNING - [[34m2024-08-09T08:59:39.696+0000[0m] {[34mgraph.py:[0m377} INFO[0m - [35m(astronomer-cosmos)[0m - Trying to parse the dbt project using dbt ls cache cosmos_cache__dbt_dag_filterd__customers_group...[0m
[2024-08-09T08:59:39.696+0000] {graph.py:377} INFO - Trying to parse the dbt project using dbt ls cache cosmos_cache__dbt_dag_filterd__customers_group...
[2024-08-09T08:59:39.715+0000] {log.py:232} WARNING - [[34m2024-08-09T08:59:39.714+0000[0m] {[34mcache.py:[0m262} INFO[0m - [35m(astronomer-cosmos)[0m - Cosmos performance: time to calculate cache identifier cosmos_cache__dbt_dag_filterd__customers_group for current version: 0.006131645999630564[0m
[2024-08-09T08:59:39.715+0000] {log.py:232} WARNING - [[34m2024-08-09T08:59:39.714+0000[0m] {[34mcache.py:[0m262} INFO[0m - [35m(astronomer-cosmos)[0m - Cosmos performance: time to calculate cache identifier cosmos_cache__dbt_dag_filterd__customers_group for current version: 0.006131645999630564[0m
[2024-08-09T08:59:39.714+0000] {cache.py:262} INFO - Cosmos performance: time to calculate cache identifier cosmos_cache__dbt_dag_filterd__customers_group for current version: 0.006131645999630564
[2024-08-09T08:59:39.716+0000] {log.py:232} WARNING - [[34m2024-08-09T08:59:39.715+0000[0m] {[34mgraph.py:[0m394} INFO[0m - [35m(astronomer-cosmos)[0m - Cosmos performance [ubuntu|1205]: The cache size for cosmos_cache__dbt_dag_filterd__customers_group is 3094[0m
[2024-08-09T08:59:39.716+0000] {log.py:232} WARNING - [[34m2024-08-09T08:59:39.715+0000[0m] {[34mgraph.py:[0m394} INFO[0m - [35m(astronomer-cosmos)[0m - Cosmos performance [ubuntu|1205]: The cache size for cosmos_cache__dbt_dag_filterd__customers_group is 3094[0m
[2024-08-09T08:59:39.715+0000] {graph.py:394} INFO - Cosmos performance [ubuntu|1205]: The cache size for cosmos_cache__dbt_dag_filterd__customers_group is 3094
[2024-08-09T08:59:39.717+0000] {log.py:232} WARNING - [[34m2024-08-09T08:59:39.717+0000[0m] {[34mgraph.py:[0m402} INFO[0m - [35m(astronomer-cosmos)[0m - Cosmos performance: Cache hit for cosmos_cache__dbt_dag_filterd__customers_group - f0894e22ca1fc514beb9335fa3aa34e2,5f7d44698c4b67134aff532494870c9c[0m
[2024-08-09T08:59:39.717+0000] {log.py:232} WARNING - [[34m2024-08-09T08:59:39.717+0000[0m] {[34mgraph.py:[0m402} INFO[0m - [35m(astronomer-cosmos)[0m - Cosmos performance: Cache hit for cosmos_cache__dbt_dag_filterd__customers_group - f0894e22ca1fc514beb9335fa3aa34e2,5f7d44698c4b67134aff532494870c9c[0m
[2024-08-09T08:59:39.717+0000] {graph.py:402} INFO - Cosmos performance: Cache hit for cosmos_cache__dbt_dag_filterd__customers_group - f0894e22ca1fc514beb9335fa3aa34e2,5f7d44698c4b67134aff532494870c9c
[2024-08-09T08:59:39.718+0000] {log.py:232} WARNING - [[34m2024-08-09T08:59:39.718+0000[0m] {[34mgraph.py:[0m335} INFO[0m - [35m(astronomer-cosmos)[0m - Total nodes: 3[0m
[2024-08-09T08:59:39.718+0000] {log.py:232} WARNING - [[34m2024-08-09T08:59:39.718+0000[0m] {[34mgraph.py:[0m335} INFO[0m - [35m(astronomer-cosmos)[0m - Total nodes: 3[0m
[2024-08-09T08:59:39.718+0000] {graph.py:335} INFO - Total nodes: 3
[2024-08-09T08:59:39.719+0000] {log.py:232} WARNING - [[34m2024-08-09T08:59:39.719+0000[0m] {[34mgraph.py:[0m336} INFO[0m - [35m(astronomer-cosmos)[0m - Total filtered nodes: 3[0m
[2024-08-09T08:59:39.719+0000] {log.py:232} WARNING - [[34m2024-08-09T08:59:39.719+0000[0m] {[34mgraph.py:[0m336} INFO[0m - [35m(astronomer-cosmos)[0m - Total filtered nodes: 3[0m
[2024-08-09T08:59:39.719+0000] {graph.py:336} INFO - Total filtered nodes: 3
[2024-08-09T08:59:39.720+0000] {log.py:232} WARNING - [[34m2024-08-09T08:59:39.720+0000[0m] {[34mconverter.py:[0m251} INFO[0m - [35m(astronomer-cosmos)[0m - Cosmos performance (dbt_dag_filterd__customers_group) -  [ubuntu|1205]: It took 0.0236s to parse the dbt project for DAG using LoadMode.DBT_LS_CACHE[0m
[2024-08-09T08:59:39.720+0000] {log.py:232} WARNING - [[34m2024-08-09T08:59:39.720+0000[0m] {[34mconverter.py:[0m251} INFO[0m - [35m(astronomer-cosmos)[0m - Cosmos performance (dbt_dag_filterd__customers_group) -  [ubuntu|1205]: It took 0.0236s to parse the dbt project for DAG using LoadMode.DBT_LS_CACHE[0m
[2024-08-09T08:59:39.720+0000] {converter.py:251} INFO - Cosmos performance (dbt_dag_filterd__customers_group) -  [ubuntu|1205]: It took 0.0236s to parse the dbt project for DAG using LoadMode.DBT_LS_CACHE
[2024-08-09T08:59:39.722+0000] {log.py:232} WARNING - [[34m2024-08-09T08:59:39.722+0000[0m] {[34mproject.py:[0m35} INFO[0m - [35m(astronomer-cosmos)[0m - Project /opt/***/dags/Data_Marketplace does not have {'packages.yml', 'dependencies.yml'}[0m
[2024-08-09T08:59:39.722+0000] {log.py:232} WARNING - [[34m2024-08-09T08:59:39.722+0000[0m] {[34mproject.py:[0m35} INFO[0m - [35m(astronomer-cosmos)[0m - Project /opt/***/dags/Data_Marketplace does not have {'packages.yml', 'dependencies.yml'}[0m
[2024-08-09T08:59:39.722+0000] {project.py:35} INFO - Project /opt/***/dags/Data_Marketplace does not have {'packages.yml', 'dependencies.yml'}
[2024-08-09T08:59:39.723+0000] {log.py:232} WARNING - [[34m2024-08-09T08:59:39.723+0000[0m] {[34mproject.py:[0m35} INFO[0m - [35m(astronomer-cosmos)[0m - Project /opt/***/dags/Data_Marketplace does not have {'packages.yml', 'dependencies.yml'}[0m
[2024-08-09T08:59:39.724+0000] {log.py:232} WARNING - [[34m2024-08-09T08:59:39.723+0000[0m] {[34mproject.py:[0m35} INFO[0m - [35m(astronomer-cosmos)[0m - Project /opt/***/dags/Data_Marketplace does not have {'packages.yml', 'dependencies.yml'}[0m
[2024-08-09T08:59:39.723+0000] {project.py:35} INFO - Project /opt/***/dags/Data_Marketplace does not have {'packages.yml', 'dependencies.yml'}
[2024-08-09T08:59:39.725+0000] {log.py:232} WARNING - [[34m2024-08-09T08:59:39.725+0000[0m] {[34mproject.py:[0m35} INFO[0m - [35m(astronomer-cosmos)[0m - Project /opt/***/dags/Data_Marketplace does not have {'packages.yml', 'dependencies.yml'}[0m
[2024-08-09T08:59:39.725+0000] {log.py:232} WARNING - [[34m2024-08-09T08:59:39.725+0000[0m] {[34mproject.py:[0m35} INFO[0m - [35m(astronomer-cosmos)[0m - Project /opt/***/dags/Data_Marketplace does not have {'packages.yml', 'dependencies.yml'}[0m
[2024-08-09T08:59:39.725+0000] {project.py:35} INFO - Project /opt/***/dags/Data_Marketplace does not have {'packages.yml', 'dependencies.yml'}
[2024-08-09T08:59:39.726+0000] {log.py:232} WARNING - [[34m2024-08-09T08:59:39.726+0000[0m] {[34mconverter.py:[0m293} INFO[0m - [35m(astronomer-cosmos)[0m - Cosmos performance (dbt_dag_filterd__customers_group) - [ubuntu|1205]: It took 0.00624s to build the Airflow DAG.[0m
[2024-08-09T08:59:39.727+0000] {log.py:232} WARNING - [[34m2024-08-09T08:59:39.726+0000[0m] {[34mconverter.py:[0m293} INFO[0m - [35m(astronomer-cosmos)[0m - Cosmos performance (dbt_dag_filterd__customers_group) - [ubuntu|1205]: It took 0.00624s to build the Airflow DAG.[0m
[2024-08-09T08:59:39.726+0000] {converter.py:293} INFO - Cosmos performance (dbt_dag_filterd__customers_group) - [ubuntu|1205]: It took 0.00624s to build the Airflow DAG.
[2024-08-09T08:59:39.728+0000] {log.py:232} WARNING - [[34m2024-08-09T08:59:39.728+0000[0m] {[34mlocal.py:[0m174} INFO[0m - [35m(astronomer-cosmos)[0m - Could not import dbtRunner. Falling back to subprocess for invoking dbt.[0m
[2024-08-09T08:59:39.728+0000] {log.py:232} WARNING - [[34m2024-08-09T08:59:39.728+0000[0m] {[34mlocal.py:[0m174} INFO[0m - [35m(astronomer-cosmos)[0m - Could not import dbtRunner. Falling back to subprocess for invoking dbt.[0m
[2024-08-09T08:59:39.728+0000] {local.py:174} INFO - Could not import dbtRunner. Falling back to subprocess for invoking dbt.
[2024-08-09T08:59:39.729+0000] {log.py:232} WARNING - [[34m2024-08-09T08:59:39.729+0000[0m] {[34mlocal.py:[0m292} INFO[0m - [35m(astronomer-cosmos)[0m - Cloning project to writable temp directory /tmp/tmpq8bb6san from /opt/***/dags/Data_Marketplace[0m
[2024-08-09T08:59:39.730+0000] {log.py:232} WARNING - [[34m2024-08-09T08:59:39.729+0000[0m] {[34mlocal.py:[0m292} INFO[0m - [35m(astronomer-cosmos)[0m - Cloning project to writable temp directory /tmp/tmpq8bb6san from /opt/***/dags/Data_Marketplace[0m
[2024-08-09T08:59:39.729+0000] {local.py:292} INFO - Cloning project to writable temp directory /tmp/tmpq8bb6san from /opt/airflow/dags/Data_Marketplace
[2024-08-09T08:59:39.731+0000] {log.py:232} WARNING - [[34m2024-08-09T08:59:39.731+0000[0m] {[34mlocal.py:[0m303} INFO[0m - [35m(astronomer-cosmos)[0m - Partial parse is enabled and the latest partial parse file is /tmp/cosmos/Scrape_Province__customers_group/target/partial_parse.msgpack[0m
[2024-08-09T08:59:39.732+0000] {log.py:232} WARNING - [[34m2024-08-09T08:59:39.731+0000[0m] {[34mlocal.py:[0m303} INFO[0m - [35m(astronomer-cosmos)[0m - Partial parse is enabled and the latest partial parse file is /tmp/cosmos/Scrape_Province__customers_group/target/partial_parse.msgpack[0m
[2024-08-09T08:59:39.731+0000] {local.py:303} INFO - Partial parse is enabled and the latest partial parse file is /tmp/cosmos/Scrape_Province__customers_group/target/partial_parse.msgpack
[2024-08-09T08:59:39.742+0000] {log.py:232} WARNING - [[34m2024-08-09T08:59:39.742+0000[0m] {[34mconfig.py:[0m292} INFO[0m - [35m(astronomer-cosmos)[0m - Profile caching is enable.[0m
[2024-08-09T08:59:39.742+0000] {log.py:232} WARNING - [[34m2024-08-09T08:59:39.742+0000[0m] {[34mconfig.py:[0m292} INFO[0m - [35m(astronomer-cosmos)[0m - Profile caching is enable.[0m
[2024-08-09T08:59:39.742+0000] {config.py:292} INFO - Profile caching is enable.
[2024-08-09T08:59:39.755+0000] {base.py:84} INFO - Using connection ID 'snowflake_conn' for task execution.
[2024-08-09T08:59:39.761+0000] {log.py:232} WARNING - [[34m2024-08-09T08:59:39.761+0000[0m] {[34mconfig.py:[0m272} INFO[0m - [35m(astronomer-cosmos)[0m - Profile found in cache using profile: /tmp/cosmos/profile/ec71862f850e9b0839075fe0561d5062ab3dd99ef2a3dac2fe4fc1486f2849d0/profiles.yml.[0m
[2024-08-09T08:59:39.761+0000] {log.py:232} WARNING - [[34m2024-08-09T08:59:39.761+0000[0m] {[34mconfig.py:[0m272} INFO[0m - [35m(astronomer-cosmos)[0m - Profile found in cache using profile: /tmp/cosmos/profile/ec71862f850e9b0839075fe0561d5062ab3dd99ef2a3dac2fe4fc1486f2849d0/profiles.yml.[0m
[2024-08-09T08:59:39.761+0000] {config.py:272} INFO - Profile found in cache using profile: /tmp/cosmos/profile/ec71862f850e9b0839075fe0561d5062ab3dd99ef2a3dac2fe4fc1486f2849d0/profiles.yml.
[2024-08-09T08:59:39.763+0000] {log.py:232} WARNING - [[34m2024-08-09T08:59:39.762+0000[0m] {[34mlocal.py:[0m247} INFO[0m - [35m(astronomer-cosmos)[0m - Trying to run the command:
 ['/opt/***/dbt_venv/bin/dbt', 'snapshot', '--models', 'scd_province', '--project-dir', '/tmp/tmpq8bb6san', '--profiles-dir', '/tmp/cosmos/profile/ec71862f850e9b0839075fe0561d5062ab3dd99ef2a3dac2fe4fc1486f2849d0', '--profile', 'Data_Marketplace', '--target', 'dev']
From /tmp/tmpq8bb6san[0m
[2024-08-09T08:59:39.763+0000] {log.py:232} WARNING - [[34m2024-08-09T08:59:39.762+0000[0m] {[34mlocal.py:[0m247} INFO[0m - [35m(astronomer-cosmos)[0m - Trying to run the command:
 ['/opt/***/dbt_venv/bin/dbt', 'snapshot', '--models', 'scd_province', '--project-dir', '/tmp/tmpq8bb6san', '--profiles-dir', '/tmp/cosmos/profile/ec71862f850e9b0839075fe0561d5062ab3dd99ef2a3dac2fe4fc1486f2849d0', '--profile', 'Data_Marketplace', '--target', 'dev']
From /tmp/tmpq8bb6san[0m
[2024-08-09T08:59:39.762+0000] {local.py:247} INFO - Trying to run the command:
 ['/opt/***/dbt_venv/bin/dbt', 'snapshot', '--models', 'scd_province', '--project-dir', '/tmp/tmpq8bb6san', '--profiles-dir', '/tmp/cosmos/profile/ec71862f850e9b0839075fe0561d5062ab3dd99ef2a3dac2fe4fc1486f2849d0', '--profile', 'Data_Marketplace', '--target', 'dev']
From /tmp/tmpq8bb6san
[2024-08-09T08:59:39.764+0000] {log.py:232} WARNING - [[34m2024-08-09T08:59:39.764+0000[0m] {[34msubprocess.py:[0m60} INFO[0m - [35m(astronomer-cosmos)[0m - Tmp dir root location: 
 /tmp[0m
[2024-08-09T08:59:39.764+0000] {log.py:232} WARNING - [[34m2024-08-09T08:59:39.764+0000[0m] {[34msubprocess.py:[0m60} INFO[0m - [35m(astronomer-cosmos)[0m - Tmp dir root location: 
 /tmp[0m
[2024-08-09T08:59:39.764+0000] {subprocess.py:60} INFO - Tmp dir root location: 
 /tmp
[2024-08-09T08:59:39.765+0000] {log.py:232} WARNING - [[34m2024-08-09T08:59:39.765+0000[0m] {[34msubprocess.py:[0m73} INFO[0m - [35m(astronomer-cosmos)[0m - Running command: ['/opt/***/dbt_venv/bin/dbt', 'snapshot', '--models', 'scd_province', '--project-dir', '/tmp/tmpq8bb6san', '--profiles-dir', '/tmp/cosmos/profile/ec71862f850e9b0839075fe0561d5062ab3dd99ef2a3dac2fe4fc1486f2849d0', '--profile', 'Data_Marketplace', '--target', 'dev'][0m
[2024-08-09T08:59:39.766+0000] {log.py:232} WARNING - [[34m2024-08-09T08:59:39.765+0000[0m] {[34msubprocess.py:[0m73} INFO[0m - [35m(astronomer-cosmos)[0m - Running command: ['/opt/***/dbt_venv/bin/dbt', 'snapshot', '--models', 'scd_province', '--project-dir', '/tmp/tmpq8bb6san', '--profiles-dir', '/tmp/cosmos/profile/ec71862f850e9b0839075fe0561d5062ab3dd99ef2a3dac2fe4fc1486f2849d0', '--profile', 'Data_Marketplace', '--target', 'dev'][0m
[2024-08-09T08:59:39.765+0000] {subprocess.py:73} INFO - Running command: ['/opt/***/dbt_venv/bin/dbt', 'snapshot', '--models', 'scd_province', '--project-dir', '/tmp/tmpq8bb6san', '--profiles-dir', '/tmp/cosmos/profile/ec71862f850e9b0839075fe0561d5062ab3dd99ef2a3dac2fe4fc1486f2849d0', '--profile', 'Data_Marketplace', '--target', 'dev']
[2024-08-09T08:59:39.781+0000] {log.py:232} WARNING - [[34m2024-08-09T08:59:39.780+0000[0m] {[34msubprocess.py:[0m84} INFO[0m - [35m(astronomer-cosmos)[0m - Command output:[0m
[2024-08-09T08:59:39.782+0000] {log.py:232} WARNING - [[34m2024-08-09T08:59:39.780+0000[0m] {[34msubprocess.py:[0m84} INFO[0m - [35m(astronomer-cosmos)[0m - Command output:[0m
[2024-08-09T08:59:39.780+0000] {subprocess.py:84} INFO - Command output:
[2024-08-09T08:59:42.357+0000] {log.py:232} WARNING - [[34m2024-08-09T08:59:42.357+0000[0m] {[34msubprocess.py:[0m94} INFO[0m - [35m(astronomer-cosmos)[0m - [0m08:59:42  Running with dbt=1.8.5[0m
[2024-08-09T08:59:42.358+0000] {log.py:232} WARNING - [[34m2024-08-09T08:59:42.357+0000[0m] {[34msubprocess.py:[0m94} INFO[0m - [35m(astronomer-cosmos)[0m - [0m08:59:42  Running with dbt=1.8.5[0m
[2024-08-09T08:59:42.357+0000] {subprocess.py:94} INFO - [0m08:59:42  Running with dbt=1.8.5
[2024-08-09T08:59:42.973+0000] {log.py:232} WARNING - [[34m2024-08-09T08:59:42.972+0000[0m] {[34msubprocess.py:[0m94} INFO[0m - [35m(astronomer-cosmos)[0m - [0m08:59:42  Registered adapter: snowflake=1.8.3[0m
[2024-08-09T08:59:42.973+0000] {log.py:232} WARNING - [[34m2024-08-09T08:59:42.972+0000[0m] {[34msubprocess.py:[0m94} INFO[0m - [35m(astronomer-cosmos)[0m - [0m08:59:42  Registered adapter: snowflake=1.8.3[0m
[2024-08-09T08:59:42.972+0000] {subprocess.py:94} INFO - [0m08:59:42  Registered adapter: snowflake=1.8.3
[2024-08-09T08:59:43.449+0000] {log.py:232} WARNING - [[34m2024-08-09T08:59:43.449+0000[0m] {[34msubprocess.py:[0m94} INFO[0m - [35m(astronomer-cosmos)[0m - [0m08:59:43  Found 9 models, 2 snapshots, 3 seeds, 2 data tests, 3 sources, 448 macros[0m
[2024-08-09T08:59:43.450+0000] {log.py:232} WARNING - [[34m2024-08-09T08:59:43.449+0000[0m] {[34msubprocess.py:[0m94} INFO[0m - [35m(astronomer-cosmos)[0m - [0m08:59:43  Found 9 models, 2 snapshots, 3 seeds, 2 data tests, 3 sources, 448 macros[0m
[2024-08-09T08:59:43.449+0000] {subprocess.py:94} INFO - [0m08:59:43  Found 9 models, 2 snapshots, 3 seeds, 2 data tests, 3 sources, 448 macros
[2024-08-09T08:59:43.452+0000] {log.py:232} WARNING - [[34m2024-08-09T08:59:43.452+0000[0m] {[34msubprocess.py:[0m94} INFO[0m - [35m(astronomer-cosmos)[0m - [0m08:59:43[0m
[2024-08-09T08:59:43.453+0000] {log.py:232} WARNING - [[34m2024-08-09T08:59:43.452+0000[0m] {[34msubprocess.py:[0m94} INFO[0m - [35m(astronomer-cosmos)[0m - [0m08:59:43[0m
[2024-08-09T08:59:43.452+0000] {subprocess.py:94} INFO - [0m08:59:43
[2024-08-09T08:59:45.957+0000] {log.py:232} WARNING - [[34m2024-08-09T08:59:45.957+0000[0m] {[34msubprocess.py:[0m94} INFO[0m - [35m(astronomer-cosmos)[0m - [0m08:59:45  Concurrency: 1 threads (target='dev')[0m
[2024-08-09T08:59:45.958+0000] {log.py:232} WARNING - [[34m2024-08-09T08:59:45.957+0000[0m] {[34msubprocess.py:[0m94} INFO[0m - [35m(astronomer-cosmos)[0m - [0m08:59:45  Concurrency: 1 threads (target='dev')[0m
[2024-08-09T08:59:45.957+0000] {subprocess.py:94} INFO - [0m08:59:45  Concurrency: 1 threads (target='dev')
[2024-08-09T08:59:45.958+0000] {log.py:232} WARNING - [[34m2024-08-09T08:59:45.958+0000[0m] {[34msubprocess.py:[0m94} INFO[0m - [35m(astronomer-cosmos)[0m - [0m08:59:45[0m
[2024-08-09T08:59:45.960+0000] {log.py:232} WARNING - [[34m2024-08-09T08:59:45.958+0000[0m] {[34msubprocess.py:[0m94} INFO[0m - [35m(astronomer-cosmos)[0m - [0m08:59:45[0m
[2024-08-09T08:59:45.958+0000] {subprocess.py:94} INFO - [0m08:59:45
[2024-08-09T08:59:45.974+0000] {log.py:232} WARNING - [[34m2024-08-09T08:59:45.974+0000[0m] {[34msubprocess.py:[0m94} INFO[0m - [35m(astronomer-cosmos)[0m - [0m08:59:45  1 of 1 START snapshot DWH.scd_province ......................................... [RUN][0m
[2024-08-09T08:59:45.974+0000] {log.py:232} WARNING - [[34m2024-08-09T08:59:45.974+0000[0m] {[34msubprocess.py:[0m94} INFO[0m - [35m(astronomer-cosmos)[0m - [0m08:59:45  1 of 1 START snapshot DWH.scd_province ......................................... [RUN][0m
[2024-08-09T08:59:45.974+0000] {subprocess.py:94} INFO - [0m08:59:45  1 of 1 START snapshot DWH.scd_province ......................................... [RUN]
[2024-08-09T08:59:48.007+0000] {log.py:232} WARNING - [[34m2024-08-09T08:59:48.006+0000[0m] {[34msubprocess.py:[0m94} INFO[0m - [35m(astronomer-cosmos)[0m - [0m08:59:48  1 of 1 OK snapshotted DWH.scd_province ......................................... [[32mSUCCESS 1[0m in 2.03s][0m
[2024-08-09T08:59:48.007+0000] {log.py:232} WARNING - [[34m2024-08-09T08:59:48.006+0000[0m] {[34msubprocess.py:[0m94} INFO[0m - [35m(astronomer-cosmos)[0m - [0m08:59:48  1 of 1 OK snapshotted DWH.scd_province ......................................... [[32mSUCCESS 1[0m in 2.03s][0m
[2024-08-09T08:59:48.006+0000] {subprocess.py:94} INFO - [0m08:59:48  1 of 1 OK snapshotted DWH.scd_province ......................................... [[32mSUCCESS 1[0m in 2.03s]
[2024-08-09T08:59:48.011+0000] {log.py:232} WARNING - [[34m2024-08-09T08:59:48.010+0000[0m] {[34msubprocess.py:[0m94} INFO[0m - [35m(astronomer-cosmos)[0m - [0m08:59:48[0m
[2024-08-09T08:59:48.011+0000] {log.py:232} WARNING - [[34m2024-08-09T08:59:48.010+0000[0m] {[34msubprocess.py:[0m94} INFO[0m - [35m(astronomer-cosmos)[0m - [0m08:59:48[0m
[2024-08-09T08:59:48.010+0000] {subprocess.py:94} INFO - [0m08:59:48
[2024-08-09T08:59:48.012+0000] {log.py:232} WARNING - [[34m2024-08-09T08:59:48.012+0000[0m] {[34msubprocess.py:[0m94} INFO[0m - [35m(astronomer-cosmos)[0m - [0m08:59:48  Finished running 1 snapshot in 0 hours 0 minutes and 4.56 seconds (4.56s).[0m
[2024-08-09T08:59:48.012+0000] {log.py:232} WARNING - [[34m2024-08-09T08:59:48.012+0000[0m] {[34msubprocess.py:[0m94} INFO[0m - [35m(astronomer-cosmos)[0m - [0m08:59:48  Finished running 1 snapshot in 0 hours 0 minutes and 4.56 seconds (4.56s).[0m
[2024-08-09T08:59:48.012+0000] {subprocess.py:94} INFO - [0m08:59:48  Finished running 1 snapshot in 0 hours 0 minutes and 4.56 seconds (4.56s).
[2024-08-09T08:59:48.050+0000] {log.py:232} WARNING - [[34m2024-08-09T08:59:48.049+0000[0m] {[34msubprocess.py:[0m94} INFO[0m - [35m(astronomer-cosmos)[0m - [0m08:59:48[0m
[2024-08-09T08:59:48.050+0000] {log.py:232} WARNING - [[34m2024-08-09T08:59:48.049+0000[0m] {[34msubprocess.py:[0m94} INFO[0m - [35m(astronomer-cosmos)[0m - [0m08:59:48[0m
[2024-08-09T08:59:48.049+0000] {subprocess.py:94} INFO - [0m08:59:48
[2024-08-09T08:59:48.051+0000] {log.py:232} WARNING - [[34m2024-08-09T08:59:48.051+0000[0m] {[34msubprocess.py:[0m94} INFO[0m - [35m(astronomer-cosmos)[0m - [0m08:59:48  [32mCompleted successfully[0m[0m
[2024-08-09T08:59:48.051+0000] {log.py:232} WARNING - [[34m2024-08-09T08:59:48.051+0000[0m] {[34msubprocess.py:[0m94} INFO[0m - [35m(astronomer-cosmos)[0m - [0m08:59:48  [32mCompleted successfully[0m[0m
[2024-08-09T08:59:48.051+0000] {subprocess.py:94} INFO - [0m08:59:48  [32mCompleted successfully[0m
[2024-08-09T08:59:48.054+0000] {log.py:232} WARNING - [[34m2024-08-09T08:59:48.053+0000[0m] {[34msubprocess.py:[0m94} INFO[0m - [35m(astronomer-cosmos)[0m - [0m08:59:48[0m
[2024-08-09T08:59:48.054+0000] {log.py:232} WARNING - [[34m2024-08-09T08:59:48.053+0000[0m] {[34msubprocess.py:[0m94} INFO[0m - [35m(astronomer-cosmos)[0m - [0m08:59:48[0m
[2024-08-09T08:59:48.053+0000] {subprocess.py:94} INFO - [0m08:59:48
[2024-08-09T08:59:48.055+0000] {log.py:232} WARNING - [[34m2024-08-09T08:59:48.054+0000[0m] {[34msubprocess.py:[0m94} INFO[0m - [35m(astronomer-cosmos)[0m - [0m08:59:48  Done. PASS=1 WARN=0 ERROR=0 SKIP=0 TOTAL=1[0m
[2024-08-09T08:59:48.055+0000] {log.py:232} WARNING - [[34m2024-08-09T08:59:48.054+0000[0m] {[34msubprocess.py:[0m94} INFO[0m - [35m(astronomer-cosmos)[0m - [0m08:59:48  Done. PASS=1 WARN=0 ERROR=0 SKIP=0 TOTAL=1[0m
[2024-08-09T08:59:48.054+0000] {subprocess.py:94} INFO - [0m08:59:48  Done. PASS=1 WARN=0 ERROR=0 SKIP=0 TOTAL=1
[2024-08-09T08:59:49.159+0000] {log.py:232} WARNING - [[34m2024-08-09T08:59:49.159+0000[0m] {[34msubprocess.py:[0m98} INFO[0m - [35m(astronomer-cosmos)[0m - Command exited with return code 0[0m
[2024-08-09T08:59:49.160+0000] {log.py:232} WARNING - [[34m2024-08-09T08:59:49.159+0000[0m] {[34msubprocess.py:[0m98} INFO[0m - [35m(astronomer-cosmos)[0m - Command exited with return code 0[0m
[2024-08-09T08:59:49.159+0000] {subprocess.py:98} INFO - Command exited with return code 0
[2024-08-09T08:59:49.161+0000] {log.py:232} WARNING - [[34m2024-08-09T08:59:49.161+0000[0m] {[34mlocal.py:[0m254} INFO[0m - [35m(astronomer-cosmos)[0m - [0m08:59:48  Done. PASS=1 WARN=0 ERROR=0 SKIP=0 TOTAL=1[0m
[2024-08-09T08:59:49.161+0000] {log.py:232} WARNING - [[34m2024-08-09T08:59:49.161+0000[0m] {[34mlocal.py:[0m254} INFO[0m - [35m(astronomer-cosmos)[0m - [0m08:59:48  Done. PASS=1 WARN=0 ERROR=0 SKIP=0 TOTAL=1[0m
[2024-08-09T08:59:49.161+0000] {local.py:254} INFO - [0m08:59:48  Done. PASS=1 WARN=0 ERROR=0 SKIP=0 TOTAL=1
[2024-08-09T08:59:49.174+0000] {local.py:196} WARNING - Artifact schema version: https://schemas.getdbt.com/dbt/manifest/v12.json is above dbt-ol supported version 7. This might cause errors.
[2024-08-09T08:59:49.175+0000] {local.py:196} WARNING - Artifact schema version: https://schemas.getdbt.com/dbt/run-results/v6.json is above dbt-ol supported version 5. This might cause errors.
[2024-08-09T08:59:49.185+0000] {log.py:232} WARNING - [[34m2024-08-09T08:59:49.185+0000[0m] {[34mlocal.py:[0m349} INFO[0m - [35m(astronomer-cosmos)[0m - Inlets: [Dataset(uri='snowflake://uz36730.ap-southeast-1.aws/POC_DATA_MARKETPLACE.DWH.dim_province', extra=None)][0m
[2024-08-09T08:59:49.186+0000] {log.py:232} WARNING - [[34m2024-08-09T08:59:49.185+0000[0m] {[34mlocal.py:[0m349} INFO[0m - [35m(astronomer-cosmos)[0m - Inlets: [Dataset(uri='snowflake://uz36730.ap-southeast-1.aws/POC_DATA_MARKETPLACE.DWH.dim_province', extra=None)][0m
[2024-08-09T08:59:49.185+0000] {local.py:349} INFO - Inlets: [Dataset(uri='snowflake://uz36730.ap-southeast-1.aws/POC_DATA_MARKETPLACE.DWH.dim_province', extra=None)]
[2024-08-09T08:59:49.186+0000] {log.py:232} WARNING - [[34m2024-08-09T08:59:49.186+0000[0m] {[34mlocal.py:[0m350} INFO[0m - [35m(astronomer-cosmos)[0m - Outlets: [Dataset(uri='snowflake://uz36730.ap-southeast-1.aws/POC_DATA_MARKETPLACE.DWH.scd_province', extra=None)][0m
[2024-08-09T08:59:49.187+0000] {log.py:232} WARNING - [[34m2024-08-09T08:59:49.186+0000[0m] {[34mlocal.py:[0m350} INFO[0m - [35m(astronomer-cosmos)[0m - Outlets: [Dataset(uri='snowflake://uz36730.ap-southeast-1.aws/POC_DATA_MARKETPLACE.DWH.scd_province', extra=None)][0m
[2024-08-09T08:59:49.186+0000] {local.py:350} INFO - Outlets: [Dataset(uri='snowflake://uz36730.ap-southeast-1.aws/POC_DATA_MARKETPLACE.DWH.scd_province', extra=None)]
[2024-08-09T08:59:49.187+0000] {dag.py:3096} INFO - Sync 1 DAGs
[2024-08-09T08:59:49.218+0000] {dag.py:3954} INFO - Setting next_dagrun for Scrape_Province to 2024-08-09 00:00:00+00:00, run_after=2024-08-10 00:00:00+00:00
[2024-08-09T08:59:49.259+0000] {taskinstance.py:441} INFO - ::group::Post task execution logs
[2024-08-09T08:59:49.291+0000] {taskinstance.py:1206} INFO - Marking task as SUCCESS. dag_id=Scrape_Province, task_id=customers_group.scd_province_snapshot, run_id=manual__2024-08-09T08:58:51.742378+00:00, execution_date=20240809T085851, start_date=20240809T085939, end_date=20240809T085949
[2024-08-09T08:59:49.341+0000] {local_task_job_runner.py:240} INFO - Task exited with return code 0
[2024-08-09T08:59:49.363+0000] {taskinstance.py:3503} INFO - 1 downstream tasks scheduled from follow-on schedule check
[2024-08-09T08:59:49.364+0000] {local_task_job_runner.py:222} INFO - ::endgroup::
