[2024-08-13T16:07:05.939+0000] {local_task_job_runner.py:120} INFO - ::group::Pre task execution logs
[2024-08-13T16:07:06.000+0000] {taskinstance.py:2076} INFO - Dependencies all met for dep_context=non-requeueable deps ti=<TaskInstance: Weather_Data_Extraction.no_new_data backfill__2024-01-07T00:00:00+00:00 [queued]>
[2024-08-13T16:07:06.310+0000] {taskinstance.py:2076} INFO - Dependencies all met for dep_context=requeueable deps ti=<TaskInstance: Weather_Data_Extraction.no_new_data backfill__2024-01-07T00:00:00+00:00 [queued]>
[2024-08-13T16:07:06.312+0000] {taskinstance.py:2306} INFO - Starting attempt 1 of 1
[2024-08-13T16:07:06.354+0000] {taskinstance.py:2330} INFO - Executing <Task(PythonOperator): no_new_data> on 2024-01-07 00:00:00+00:00
[2024-08-13T16:07:06.368+0000] {warnings.py:112} WARNING - /home/***/.local/lib/python3.12/site-packages/***/task/task_runner/standard_task_runner.py:61: DeprecationWarning: This process (pid=756) is multi-threaded, use of fork() may lead to deadlocks in the child.
  pid = os.fork()

[2024-08-13T16:07:06.372+0000] {standard_task_runner.py:63} INFO - Started process 771 to run task
[2024-08-13T16:07:06.373+0000] {standard_task_runner.py:90} INFO - Running: ['***', 'tasks', 'run', 'Weather_Data_Extraction', 'no_new_data', 'backfill__2024-01-07T00:00:00+00:00', '--job-id', '108', '--pool', 'default_pool', '--raw', '--subdir', 'DAGS_FOLDER/Data_Weather_Extraction.py', '--cfg-path', '/tmp/tmpe4achs99']
[2024-08-13T16:07:06.377+0000] {standard_task_runner.py:91} INFO - Job 108: Subtask no_new_data
[2024-08-13T16:07:06.407+0000] {warnings.py:112} WARNING - /home/***/.local/lib/python3.12/site-packages/***/settings.py:195: DeprecationWarning: The sql_alchemy_conn option in [core] has been moved to the sql_alchemy_conn option in [database] - the old setting has been used, but please update your config.
  SQL_ALCHEMY_CONN = conf.get("database", "SQL_ALCHEMY_CONN")

[2024-08-13T16:07:06.497+0000] {task_command.py:426} INFO - Running <TaskInstance: Weather_Data_Extraction.no_new_data backfill__2024-01-07T00:00:00+00:00 [running]> on host ubuntu
[2024-08-13T16:07:06.704+0000] {taskinstance.py:2648} INFO - Exporting env vars: AIRFLOW_CTX_DAG_OWNER='Ducky' AIRFLOW_CTX_DAG_ID='Weather_Data_Extraction' AIRFLOW_CTX_TASK_ID='no_new_data' AIRFLOW_CTX_EXECUTION_DATE='2024-01-07T00:00:00+00:00' AIRFLOW_CTX_TRY_NUMBER='1' AIRFLOW_CTX_DAG_RUN_ID='backfill__2024-01-07T00:00:00+00:00'
[2024-08-13T16:07:06.715+0000] {taskinstance.py:430} INFO - ::endgroup::
[2024-08-13T16:07:06.747+0000] {logging_mixin.py:188} INFO - Data are inserted, skipping this run
[2024-08-13T16:07:06.748+0000] {python.py:237} INFO - Done. Returned value was: None
[2024-08-13T16:07:06.749+0000] {taskinstance.py:441} INFO - ::group::Post task execution logs
[2024-08-13T16:07:06.768+0000] {taskinstance.py:1206} INFO - Marking task as SUCCESS. dag_id=Weather_Data_Extraction, task_id=no_new_data, run_id=backfill__2024-01-07T00:00:00+00:00, execution_date=20240107T000000, start_date=20240813T160706, end_date=20240813T160706
[2024-08-13T16:07:06.838+0000] {local_task_job_runner.py:240} INFO - Task exited with return code 0
[2024-08-13T16:07:06.882+0000] {taskinstance.py:3503} INFO - 0 downstream tasks scheduled from follow-on schedule check
[2024-08-13T16:07:06.890+0000] {local_task_job_runner.py:222} INFO - ::endgroup::
