[2024-08-13T16:11:01.814+0000] {local_task_job_runner.py:120} INFO - ::group::Pre task execution logs
[2024-08-13T16:11:01.881+0000] {taskinstance.py:2076} INFO - Dependencies all met for dep_context=non-requeueable deps ti=<TaskInstance: Weather_Data_Extraction.generate_output_file backfill__2024-03-10T00:00:00+00:00 [queued]>
[2024-08-13T16:11:02.245+0000] {taskinstance.py:2076} INFO - Dependencies all met for dep_context=requeueable deps ti=<TaskInstance: Weather_Data_Extraction.generate_output_file backfill__2024-03-10T00:00:00+00:00 [queued]>
[2024-08-13T16:11:02.246+0000] {taskinstance.py:2306} INFO - Starting attempt 1 of 1
[2024-08-13T16:11:02.339+0000] {taskinstance.py:2330} INFO - Executing <Task(PythonOperator): generate_output_file> on 2024-03-10 00:00:00+00:00
[2024-08-13T16:11:02.365+0000] {warnings.py:112} WARNING - /home/***/.local/lib/python3.12/site-packages/***/task/task_runner/standard_task_runner.py:61: DeprecationWarning: This process (pid=1278) is multi-threaded, use of fork() may lead to deadlocks in the child.
  pid = os.fork()

[2024-08-13T16:11:02.368+0000] {standard_task_runner.py:63} INFO - Started process 1304 to run task
[2024-08-13T16:11:02.367+0000] {standard_task_runner.py:90} INFO - Running: ['***', 'tasks', 'run', 'Weather_Data_Extraction', 'generate_output_file', 'backfill__2024-03-10T00:00:00+00:00', '--job-id', '271', '--pool', 'default_pool', '--raw', '--subdir', 'DAGS_FOLDER/Data_Weather_Extraction.py', '--cfg-path', '/tmp/tmp0suy0n1_']
[2024-08-13T16:11:02.390+0000] {standard_task_runner.py:91} INFO - Job 271: Subtask generate_output_file
[2024-08-13T16:11:02.472+0000] {warnings.py:112} WARNING - /home/***/.local/lib/python3.12/site-packages/***/settings.py:195: DeprecationWarning: The sql_alchemy_conn option in [core] has been moved to the sql_alchemy_conn option in [database] - the old setting has been used, but please update your config.
  SQL_ALCHEMY_CONN = conf.get("database", "SQL_ALCHEMY_CONN")

[2024-08-13T16:11:02.618+0000] {task_command.py:426} INFO - Running <TaskInstance: Weather_Data_Extraction.generate_output_file backfill__2024-03-10T00:00:00+00:00 [running]> on host ubuntu
[2024-08-13T16:11:02.918+0000] {taskinstance.py:2648} INFO - Exporting env vars: AIRFLOW_CTX_DAG_OWNER='Ducky' AIRFLOW_CTX_DAG_ID='Weather_Data_Extraction' AIRFLOW_CTX_TASK_ID='generate_output_file' AIRFLOW_CTX_EXECUTION_DATE='2024-03-10T00:00:00+00:00' AIRFLOW_CTX_TRY_NUMBER='1' AIRFLOW_CTX_DAG_RUN_ID='backfill__2024-03-10T00:00:00+00:00'
[2024-08-13T16:11:02.934+0000] {taskinstance.py:430} INFO - ::endgroup::
[2024-08-13T16:11:02.975+0000] {logging_mixin.py:188} INFO - Generated output file: Data_Weather-20240310.csv
[2024-08-13T16:11:02.976+0000] {logging_mixin.py:188} INFO - Execution Date: 2024/03/10
[2024-08-13T16:11:03.049+0000] {python.py:237} INFO - Done. Returned value was: None
[2024-08-13T16:11:03.053+0000] {taskinstance.py:441} INFO - ::group::Post task execution logs
[2024-08-13T16:11:03.084+0000] {taskinstance.py:1206} INFO - Marking task as SUCCESS. dag_id=Weather_Data_Extraction, task_id=generate_output_file, run_id=backfill__2024-03-10T00:00:00+00:00, execution_date=20240310T000000, start_date=20240813T161101, end_date=20240813T161103
[2024-08-13T16:11:03.188+0000] {local_task_job_runner.py:240} INFO - Task exited with return code 0
[2024-08-13T16:11:03.295+0000] {taskinstance.py:3503} INFO - 1 downstream tasks scheduled from follow-on schedule check
[2024-08-13T16:11:03.300+0000] {local_task_job_runner.py:222} INFO - ::endgroup::
[2024-08-14T04:47:25.301+0000] {local_task_job_runner.py:120} INFO - ::group::Pre task execution logs
[2024-08-14T04:47:25.318+0000] {taskinstance.py:2076} INFO - Dependencies all met for dep_context=non-requeueable deps ti=<TaskInstance: Weather_Data_Extraction.generate_output_file backfill__2024-03-10T00:00:00+00:00 [queued]>
[2024-08-14T04:47:25.326+0000] {taskinstance.py:2076} INFO - Dependencies all met for dep_context=requeueable deps ti=<TaskInstance: Weather_Data_Extraction.generate_output_file backfill__2024-03-10T00:00:00+00:00 [queued]>
[2024-08-14T04:47:25.326+0000] {taskinstance.py:2306} INFO - Starting attempt 1 of 1
[2024-08-14T04:47:25.489+0000] {taskinstance.py:2330} INFO - Executing <Task(PythonOperator): generate_output_file> on 2024-03-10 00:00:00+00:00
[2024-08-14T04:47:25.496+0000] {warnings.py:112} WARNING - /home/***/.local/lib/python3.12/site-packages/***/task/task_runner/standard_task_runner.py:61: DeprecationWarning: This process (pid=2661) is multi-threaded, use of fork() may lead to deadlocks in the child.
  pid = os.fork()

[2024-08-14T04:47:25.499+0000] {standard_task_runner.py:63} INFO - Started process 2663 to run task
[2024-08-14T04:47:25.498+0000] {standard_task_runner.py:90} INFO - Running: ['***', 'tasks', 'run', 'Weather_Data_Extraction', 'generate_output_file', 'backfill__2024-03-10T00:00:00+00:00', '--job-id', '611', '--pool', 'default_pool', '--raw', '--subdir', 'DAGS_FOLDER/Data_Weather_Extraction.py', '--cfg-path', '/tmp/tmpm966v0z9']
[2024-08-14T04:47:25.501+0000] {standard_task_runner.py:91} INFO - Job 611: Subtask generate_output_file
[2024-08-14T04:47:25.542+0000] {task_command.py:426} INFO - Running <TaskInstance: Weather_Data_Extraction.generate_output_file backfill__2024-03-10T00:00:00+00:00 [running]> on host ubuntu
[2024-08-14T04:47:25.620+0000] {taskinstance.py:2648} INFO - Exporting env vars: AIRFLOW_CTX_DAG_OWNER='Ducky' AIRFLOW_CTX_DAG_ID='Weather_Data_Extraction' AIRFLOW_CTX_TASK_ID='generate_output_file' AIRFLOW_CTX_EXECUTION_DATE='2024-03-10T00:00:00+00:00' AIRFLOW_CTX_TRY_NUMBER='1' AIRFLOW_CTX_DAG_RUN_ID='backfill__2024-03-10T00:00:00+00:00'
[2024-08-14T04:47:25.622+0000] {taskinstance.py:430} INFO - ::endgroup::
[2024-08-14T04:47:25.635+0000] {logging_mixin.py:188} INFO - Generated output file: Data_Weather-20240310.csv
[2024-08-14T04:47:25.636+0000] {logging_mixin.py:188} INFO - Execution Date: 2024/03/10
[2024-08-14T04:47:25.657+0000] {python.py:237} INFO - Done. Returned value was: None
[2024-08-14T04:47:25.658+0000] {taskinstance.py:441} INFO - ::group::Post task execution logs
[2024-08-14T04:47:25.666+0000] {taskinstance.py:1206} INFO - Marking task as SUCCESS. dag_id=Weather_Data_Extraction, task_id=generate_output_file, run_id=backfill__2024-03-10T00:00:00+00:00, execution_date=20240310T000000, start_date=20240814T044725, end_date=20240814T044725
[2024-08-14T04:47:25.713+0000] {local_task_job_runner.py:240} INFO - Task exited with return code 0
[2024-08-14T04:47:25.772+0000] {taskinstance.py:3503} INFO - 1 downstream tasks scheduled from follow-on schedule check
[2024-08-14T04:47:25.776+0000] {local_task_job_runner.py:222} INFO - ::endgroup::
