[2024-08-09T09:02:18.079+0000] {local_task_job_runner.py:120} INFO - ::group::Pre task execution logs
[2024-08-09T09:02:18.276+0000] {taskinstance.py:2076} INFO - Dependencies all met for dep_context=non-requeueable deps ti=<TaskInstance: Scrape_Province.customers_group.scd_province_snapshot scheduled__2024-08-08T00:00:00+00:00 [queued]>
[2024-08-09T09:02:18.285+0000] {taskinstance.py:2076} INFO - Dependencies all met for dep_context=requeueable deps ti=<TaskInstance: Scrape_Province.customers_group.scd_province_snapshot scheduled__2024-08-08T00:00:00+00:00 [queued]>
[2024-08-09T09:02:18.286+0000] {taskinstance.py:2306} INFO - Starting attempt 1 of 3
[2024-08-09T09:02:18.299+0000] {taskinstance.py:2330} INFO - Executing <Task(DbtSnapshotLocalOperator): customers_group.scd_province_snapshot> on 2024-08-08 00:00:00+00:00
[2024-08-09T09:02:18.313+0000] {warnings.py:112} WARNING - /home/***/.local/lib/python3.12/site-packages/***/task/task_runner/standard_task_runner.py:61: DeprecationWarning: This process (pid=1289) is multi-threaded, use of fork() may lead to deadlocks in the child.
  pid = os.fork()

[2024-08-09T09:02:18.318+0000] {standard_task_runner.py:63} INFO - Started process 1298 to run task
[2024-08-09T09:02:18.317+0000] {standard_task_runner.py:90} INFO - Running: ['***', 'tasks', 'run', 'Scrape_Province', 'customers_group.scd_province_snapshot', 'scheduled__2024-08-08T00:00:00+00:00', '--job-id', '80', '--raw', '--subdir', 'DAGS_FOLDER/Province_Extraction.py', '--cfg-path', '/tmp/tmpgwukk5sm']
[2024-08-09T09:02:18.322+0000] {standard_task_runner.py:91} INFO - Job 80: Subtask customers_group.scd_province_snapshot
[2024-08-09T09:02:18.338+0000] {warnings.py:112} WARNING - /home/***/.local/lib/python3.12/site-packages/***/settings.py:195: DeprecationWarning: The sql_alchemy_conn option in [core] has been moved to the sql_alchemy_conn option in [database] - the old setting has been used, but please update your config.
  SQL_ALCHEMY_CONN = conf.get("database", "SQL_ALCHEMY_CONN")

[2024-08-09T09:02:18.381+0000] {task_command.py:426} INFO - Running <TaskInstance: Scrape_Province.customers_group.scd_province_snapshot scheduled__2024-08-08T00:00:00+00:00 [running]> on host ubuntu
[2024-08-09T09:02:18.489+0000] {taskinstance.py:2648} INFO - Exporting env vars: AIRFLOW_CTX_DAG_OWNER='Ducky' AIRFLOW_CTX_DAG_ID='Scrape_Province' AIRFLOW_CTX_TASK_ID='customers_group.scd_province_snapshot' AIRFLOW_CTX_EXECUTION_DATE='2024-08-08T00:00:00+00:00' AIRFLOW_CTX_TRY_NUMBER='1' AIRFLOW_CTX_DAG_RUN_ID='scheduled__2024-08-08T00:00:00+00:00'
[2024-08-09T09:02:18.491+0000] {taskinstance.py:430} INFO - ::endgroup::
[2024-08-09T09:02:18.514+0000] {log.py:232} WARNING - [[34m2024-08-09T09:02:18.513+0000[0m] {[34mgraph.py:[0m377} INFO[0m - [35m(astronomer-cosmos)[0m - Trying to parse the dbt project using dbt ls cache cosmos_cache__dbt_dag_filterd__customers_group...[0m
[2024-08-09T09:02:18.514+0000] {log.py:232} WARNING - [[34m2024-08-09T09:02:18.513+0000[0m] {[34mgraph.py:[0m377} INFO[0m - [35m(astronomer-cosmos)[0m - Trying to parse the dbt project using dbt ls cache cosmos_cache__dbt_dag_filterd__customers_group...[0m
[2024-08-09T09:02:18.513+0000] {graph.py:377} INFO - Trying to parse the dbt project using dbt ls cache cosmos_cache__dbt_dag_filterd__customers_group...
[2024-08-09T09:02:18.533+0000] {log.py:232} WARNING - [[34m2024-08-09T09:02:18.532+0000[0m] {[34mcache.py:[0m262} INFO[0m - [35m(astronomer-cosmos)[0m - Cosmos performance: time to calculate cache identifier cosmos_cache__dbt_dag_filterd__customers_group for current version: 0.006331214000056207[0m
[2024-08-09T09:02:18.533+0000] {log.py:232} WARNING - [[34m2024-08-09T09:02:18.532+0000[0m] {[34mcache.py:[0m262} INFO[0m - [35m(astronomer-cosmos)[0m - Cosmos performance: time to calculate cache identifier cosmos_cache__dbt_dag_filterd__customers_group for current version: 0.006331214000056207[0m
[2024-08-09T09:02:18.532+0000] {cache.py:262} INFO - Cosmos performance: time to calculate cache identifier cosmos_cache__dbt_dag_filterd__customers_group for current version: 0.006331214000056207
[2024-08-09T09:02:18.534+0000] {log.py:232} WARNING - [[34m2024-08-09T09:02:18.533+0000[0m] {[34mgraph.py:[0m394} INFO[0m - [35m(astronomer-cosmos)[0m - Cosmos performance [ubuntu|1298]: The cache size for cosmos_cache__dbt_dag_filterd__customers_group is 3094[0m
[2024-08-09T09:02:18.534+0000] {log.py:232} WARNING - [[34m2024-08-09T09:02:18.533+0000[0m] {[34mgraph.py:[0m394} INFO[0m - [35m(astronomer-cosmos)[0m - Cosmos performance [ubuntu|1298]: The cache size for cosmos_cache__dbt_dag_filterd__customers_group is 3094[0m
[2024-08-09T09:02:18.533+0000] {graph.py:394} INFO - Cosmos performance [ubuntu|1298]: The cache size for cosmos_cache__dbt_dag_filterd__customers_group is 3094
[2024-08-09T09:02:18.535+0000] {log.py:232} WARNING - [[34m2024-08-09T09:02:18.535+0000[0m] {[34mgraph.py:[0m402} INFO[0m - [35m(astronomer-cosmos)[0m - Cosmos performance: Cache hit for cosmos_cache__dbt_dag_filterd__customers_group - f0894e22ca1fc514beb9335fa3aa34e2,5f7d44698c4b67134aff532494870c9c[0m
[2024-08-09T09:02:18.535+0000] {log.py:232} WARNING - [[34m2024-08-09T09:02:18.535+0000[0m] {[34mgraph.py:[0m402} INFO[0m - [35m(astronomer-cosmos)[0m - Cosmos performance: Cache hit for cosmos_cache__dbt_dag_filterd__customers_group - f0894e22ca1fc514beb9335fa3aa34e2,5f7d44698c4b67134aff532494870c9c[0m
[2024-08-09T09:02:18.535+0000] {graph.py:402} INFO - Cosmos performance: Cache hit for cosmos_cache__dbt_dag_filterd__customers_group - f0894e22ca1fc514beb9335fa3aa34e2,5f7d44698c4b67134aff532494870c9c
[2024-08-09T09:02:18.536+0000] {log.py:232} WARNING - [[34m2024-08-09T09:02:18.536+0000[0m] {[34mgraph.py:[0m335} INFO[0m - [35m(astronomer-cosmos)[0m - Total nodes: 3[0m
[2024-08-09T09:02:18.536+0000] {log.py:232} WARNING - [[34m2024-08-09T09:02:18.536+0000[0m] {[34mgraph.py:[0m335} INFO[0m - [35m(astronomer-cosmos)[0m - Total nodes: 3[0m
[2024-08-09T09:02:18.536+0000] {graph.py:335} INFO - Total nodes: 3
[2024-08-09T09:02:18.537+0000] {log.py:232} WARNING - [[34m2024-08-09T09:02:18.537+0000[0m] {[34mgraph.py:[0m336} INFO[0m - [35m(astronomer-cosmos)[0m - Total filtered nodes: 3[0m
[2024-08-09T09:02:18.537+0000] {log.py:232} WARNING - [[34m2024-08-09T09:02:18.537+0000[0m] {[34mgraph.py:[0m336} INFO[0m - [35m(astronomer-cosmos)[0m - Total filtered nodes: 3[0m
[2024-08-09T09:02:18.537+0000] {graph.py:336} INFO - Total filtered nodes: 3
[2024-08-09T09:02:18.538+0000] {log.py:232} WARNING - [[34m2024-08-09T09:02:18.538+0000[0m] {[34mconverter.py:[0m251} INFO[0m - [35m(astronomer-cosmos)[0m - Cosmos performance (dbt_dag_filterd__customers_group) -  [ubuntu|1298]: It took 0.0248s to parse the dbt project for DAG using LoadMode.DBT_LS_CACHE[0m
[2024-08-09T09:02:18.539+0000] {log.py:232} WARNING - [[34m2024-08-09T09:02:18.538+0000[0m] {[34mconverter.py:[0m251} INFO[0m - [35m(astronomer-cosmos)[0m - Cosmos performance (dbt_dag_filterd__customers_group) -  [ubuntu|1298]: It took 0.0248s to parse the dbt project for DAG using LoadMode.DBT_LS_CACHE[0m
[2024-08-09T09:02:18.538+0000] {converter.py:251} INFO - Cosmos performance (dbt_dag_filterd__customers_group) -  [ubuntu|1298]: It took 0.0248s to parse the dbt project for DAG using LoadMode.DBT_LS_CACHE
[2024-08-09T09:02:18.540+0000] {log.py:232} WARNING - [[34m2024-08-09T09:02:18.540+0000[0m] {[34mproject.py:[0m35} INFO[0m - [35m(astronomer-cosmos)[0m - Project /opt/***/dags/Data_Marketplace does not have {'packages.yml', 'dependencies.yml'}[0m
[2024-08-09T09:02:18.540+0000] {log.py:232} WARNING - [[34m2024-08-09T09:02:18.540+0000[0m] {[34mproject.py:[0m35} INFO[0m - [35m(astronomer-cosmos)[0m - Project /opt/***/dags/Data_Marketplace does not have {'packages.yml', 'dependencies.yml'}[0m
[2024-08-09T09:02:18.540+0000] {project.py:35} INFO - Project /opt/***/dags/Data_Marketplace does not have {'packages.yml', 'dependencies.yml'}
[2024-08-09T09:02:18.542+0000] {log.py:232} WARNING - [[34m2024-08-09T09:02:18.542+0000[0m] {[34mproject.py:[0m35} INFO[0m - [35m(astronomer-cosmos)[0m - Project /opt/***/dags/Data_Marketplace does not have {'packages.yml', 'dependencies.yml'}[0m
[2024-08-09T09:02:18.542+0000] {log.py:232} WARNING - [[34m2024-08-09T09:02:18.542+0000[0m] {[34mproject.py:[0m35} INFO[0m - [35m(astronomer-cosmos)[0m - Project /opt/***/dags/Data_Marketplace does not have {'packages.yml', 'dependencies.yml'}[0m
[2024-08-09T09:02:18.542+0000] {project.py:35} INFO - Project /opt/***/dags/Data_Marketplace does not have {'packages.yml', 'dependencies.yml'}
[2024-08-09T09:02:18.543+0000] {log.py:232} WARNING - [[34m2024-08-09T09:02:18.543+0000[0m] {[34mproject.py:[0m35} INFO[0m - [35m(astronomer-cosmos)[0m - Project /opt/***/dags/Data_Marketplace does not have {'packages.yml', 'dependencies.yml'}[0m
[2024-08-09T09:02:18.544+0000] {log.py:232} WARNING - [[34m2024-08-09T09:02:18.543+0000[0m] {[34mproject.py:[0m35} INFO[0m - [35m(astronomer-cosmos)[0m - Project /opt/***/dags/Data_Marketplace does not have {'packages.yml', 'dependencies.yml'}[0m
[2024-08-09T09:02:18.543+0000] {project.py:35} INFO - Project /opt/***/dags/Data_Marketplace does not have {'packages.yml', 'dependencies.yml'}
[2024-08-09T09:02:18.545+0000] {log.py:232} WARNING - [[34m2024-08-09T09:02:18.545+0000[0m] {[34mconverter.py:[0m293} INFO[0m - [35m(astronomer-cosmos)[0m - Cosmos performance (dbt_dag_filterd__customers_group) - [ubuntu|1298]: It took 0.00657s to build the Airflow DAG.[0m
[2024-08-09T09:02:18.545+0000] {log.py:232} WARNING - [[34m2024-08-09T09:02:18.545+0000[0m] {[34mconverter.py:[0m293} INFO[0m - [35m(astronomer-cosmos)[0m - Cosmos performance (dbt_dag_filterd__customers_group) - [ubuntu|1298]: It took 0.00657s to build the Airflow DAG.[0m
[2024-08-09T09:02:18.545+0000] {converter.py:293} INFO - Cosmos performance (dbt_dag_filterd__customers_group) - [ubuntu|1298]: It took 0.00657s to build the Airflow DAG.
[2024-08-09T09:02:18.546+0000] {log.py:232} WARNING - [[34m2024-08-09T09:02:18.546+0000[0m] {[34mlocal.py:[0m174} INFO[0m - [35m(astronomer-cosmos)[0m - Could not import dbtRunner. Falling back to subprocess for invoking dbt.[0m
[2024-08-09T09:02:18.547+0000] {log.py:232} WARNING - [[34m2024-08-09T09:02:18.546+0000[0m] {[34mlocal.py:[0m174} INFO[0m - [35m(astronomer-cosmos)[0m - Could not import dbtRunner. Falling back to subprocess for invoking dbt.[0m
[2024-08-09T09:02:18.546+0000] {local.py:174} INFO - Could not import dbtRunner. Falling back to subprocess for invoking dbt.
[2024-08-09T09:02:18.548+0000] {log.py:232} WARNING - [[34m2024-08-09T09:02:18.548+0000[0m] {[34mlocal.py:[0m292} INFO[0m - [35m(astronomer-cosmos)[0m - Cloning project to writable temp directory /tmp/tmpxcu9296p from /opt/***/dags/Data_Marketplace[0m
[2024-08-09T09:02:18.548+0000] {log.py:232} WARNING - [[34m2024-08-09T09:02:18.548+0000[0m] {[34mlocal.py:[0m292} INFO[0m - [35m(astronomer-cosmos)[0m - Cloning project to writable temp directory /tmp/tmpxcu9296p from /opt/***/dags/Data_Marketplace[0m
[2024-08-09T09:02:18.548+0000] {local.py:292} INFO - Cloning project to writable temp directory /tmp/tmpxcu9296p from /opt/airflow/dags/Data_Marketplace
[2024-08-09T09:02:18.550+0000] {log.py:232} WARNING - [[34m2024-08-09T09:02:18.549+0000[0m] {[34mlocal.py:[0m303} INFO[0m - [35m(astronomer-cosmos)[0m - Partial parse is enabled and the latest partial parse file is /tmp/cosmos/Scrape_Province__customers_group/target/partial_parse.msgpack[0m
[2024-08-09T09:02:18.550+0000] {log.py:232} WARNING - [[34m2024-08-09T09:02:18.549+0000[0m] {[34mlocal.py:[0m303} INFO[0m - [35m(astronomer-cosmos)[0m - Partial parse is enabled and the latest partial parse file is /tmp/cosmos/Scrape_Province__customers_group/target/partial_parse.msgpack[0m
[2024-08-09T09:02:18.549+0000] {local.py:303} INFO - Partial parse is enabled and the latest partial parse file is /tmp/cosmos/Scrape_Province__customers_group/target/partial_parse.msgpack
[2024-08-09T09:02:18.561+0000] {log.py:232} WARNING - [[34m2024-08-09T09:02:18.560+0000[0m] {[34mconfig.py:[0m292} INFO[0m - [35m(astronomer-cosmos)[0m - Profile caching is enable.[0m
[2024-08-09T09:02:18.561+0000] {log.py:232} WARNING - [[34m2024-08-09T09:02:18.560+0000[0m] {[34mconfig.py:[0m292} INFO[0m - [35m(astronomer-cosmos)[0m - Profile caching is enable.[0m
[2024-08-09T09:02:18.560+0000] {config.py:292} INFO - Profile caching is enable.
[2024-08-09T09:02:18.578+0000] {base.py:84} INFO - Using connection ID 'snowflake_conn' for task execution.
[2024-08-09T09:02:18.584+0000] {log.py:232} WARNING - [[34m2024-08-09T09:02:18.584+0000[0m] {[34mconfig.py:[0m272} INFO[0m - [35m(astronomer-cosmos)[0m - Profile found in cache using profile: /tmp/cosmos/profile/ec71862f850e9b0839075fe0561d5062ab3dd99ef2a3dac2fe4fc1486f2849d0/profiles.yml.[0m
[2024-08-09T09:02:18.585+0000] {log.py:232} WARNING - [[34m2024-08-09T09:02:18.584+0000[0m] {[34mconfig.py:[0m272} INFO[0m - [35m(astronomer-cosmos)[0m - Profile found in cache using profile: /tmp/cosmos/profile/ec71862f850e9b0839075fe0561d5062ab3dd99ef2a3dac2fe4fc1486f2849d0/profiles.yml.[0m
[2024-08-09T09:02:18.584+0000] {config.py:272} INFO - Profile found in cache using profile: /tmp/cosmos/profile/ec71862f850e9b0839075fe0561d5062ab3dd99ef2a3dac2fe4fc1486f2849d0/profiles.yml.
[2024-08-09T09:02:18.586+0000] {log.py:232} WARNING - [[34m2024-08-09T09:02:18.586+0000[0m] {[34mlocal.py:[0m247} INFO[0m - [35m(astronomer-cosmos)[0m - Trying to run the command:
 ['/opt/***/dbt_venv/bin/dbt', 'snapshot', '--models', 'scd_province', '--project-dir', '/tmp/tmpxcu9296p', '--profiles-dir', '/tmp/cosmos/profile/ec71862f850e9b0839075fe0561d5062ab3dd99ef2a3dac2fe4fc1486f2849d0', '--profile', 'Data_Marketplace', '--target', 'dev']
From /tmp/tmpxcu9296p[0m
[2024-08-09T09:02:18.587+0000] {log.py:232} WARNING - [[34m2024-08-09T09:02:18.586+0000[0m] {[34mlocal.py:[0m247} INFO[0m - [35m(astronomer-cosmos)[0m - Trying to run the command:
 ['/opt/***/dbt_venv/bin/dbt', 'snapshot', '--models', 'scd_province', '--project-dir', '/tmp/tmpxcu9296p', '--profiles-dir', '/tmp/cosmos/profile/ec71862f850e9b0839075fe0561d5062ab3dd99ef2a3dac2fe4fc1486f2849d0', '--profile', 'Data_Marketplace', '--target', 'dev']
From /tmp/tmpxcu9296p[0m
[2024-08-09T09:02:18.586+0000] {local.py:247} INFO - Trying to run the command:
 ['/opt/***/dbt_venv/bin/dbt', 'snapshot', '--models', 'scd_province', '--project-dir', '/tmp/tmpxcu9296p', '--profiles-dir', '/tmp/cosmos/profile/ec71862f850e9b0839075fe0561d5062ab3dd99ef2a3dac2fe4fc1486f2849d0', '--profile', 'Data_Marketplace', '--target', 'dev']
From /tmp/tmpxcu9296p
[2024-08-09T09:02:18.588+0000] {log.py:232} WARNING - [[34m2024-08-09T09:02:18.588+0000[0m] {[34msubprocess.py:[0m60} INFO[0m - [35m(astronomer-cosmos)[0m - Tmp dir root location: 
 /tmp[0m
[2024-08-09T09:02:18.588+0000] {log.py:232} WARNING - [[34m2024-08-09T09:02:18.588+0000[0m] {[34msubprocess.py:[0m60} INFO[0m - [35m(astronomer-cosmos)[0m - Tmp dir root location: 
 /tmp[0m
[2024-08-09T09:02:18.588+0000] {subprocess.py:60} INFO - Tmp dir root location: 
 /tmp
[2024-08-09T09:02:18.589+0000] {log.py:232} WARNING - [[34m2024-08-09T09:02:18.589+0000[0m] {[34msubprocess.py:[0m73} INFO[0m - [35m(astronomer-cosmos)[0m - Running command: ['/opt/***/dbt_venv/bin/dbt', 'snapshot', '--models', 'scd_province', '--project-dir', '/tmp/tmpxcu9296p', '--profiles-dir', '/tmp/cosmos/profile/ec71862f850e9b0839075fe0561d5062ab3dd99ef2a3dac2fe4fc1486f2849d0', '--profile', 'Data_Marketplace', '--target', 'dev'][0m
[2024-08-09T09:02:18.590+0000] {log.py:232} WARNING - [[34m2024-08-09T09:02:18.589+0000[0m] {[34msubprocess.py:[0m73} INFO[0m - [35m(astronomer-cosmos)[0m - Running command: ['/opt/***/dbt_venv/bin/dbt', 'snapshot', '--models', 'scd_province', '--project-dir', '/tmp/tmpxcu9296p', '--profiles-dir', '/tmp/cosmos/profile/ec71862f850e9b0839075fe0561d5062ab3dd99ef2a3dac2fe4fc1486f2849d0', '--profile', 'Data_Marketplace', '--target', 'dev'][0m
[2024-08-09T09:02:18.589+0000] {subprocess.py:73} INFO - Running command: ['/opt/***/dbt_venv/bin/dbt', 'snapshot', '--models', 'scd_province', '--project-dir', '/tmp/tmpxcu9296p', '--profiles-dir', '/tmp/cosmos/profile/ec71862f850e9b0839075fe0561d5062ab3dd99ef2a3dac2fe4fc1486f2849d0', '--profile', 'Data_Marketplace', '--target', 'dev']
[2024-08-09T09:02:18.609+0000] {log.py:232} WARNING - [[34m2024-08-09T09:02:18.609+0000[0m] {[34msubprocess.py:[0m84} INFO[0m - [35m(astronomer-cosmos)[0m - Command output:[0m
[2024-08-09T09:02:18.610+0000] {log.py:232} WARNING - [[34m2024-08-09T09:02:18.609+0000[0m] {[34msubprocess.py:[0m84} INFO[0m - [35m(astronomer-cosmos)[0m - Command output:[0m
[2024-08-09T09:02:18.609+0000] {subprocess.py:84} INFO - Command output:
[2024-08-09T09:02:21.395+0000] {log.py:232} WARNING - [[34m2024-08-09T09:02:21.395+0000[0m] {[34msubprocess.py:[0m94} INFO[0m - [35m(astronomer-cosmos)[0m - [0m09:02:21  Running with dbt=1.8.5[0m
[2024-08-09T09:02:21.395+0000] {log.py:232} WARNING - [[34m2024-08-09T09:02:21.395+0000[0m] {[34msubprocess.py:[0m94} INFO[0m - [35m(astronomer-cosmos)[0m - [0m09:02:21  Running with dbt=1.8.5[0m
[2024-08-09T09:02:21.395+0000] {subprocess.py:94} INFO - [0m09:02:21  Running with dbt=1.8.5
[2024-08-09T09:02:22.007+0000] {log.py:232} WARNING - [[34m2024-08-09T09:02:22.006+0000[0m] {[34msubprocess.py:[0m94} INFO[0m - [35m(astronomer-cosmos)[0m - [0m09:02:22  Registered adapter: snowflake=1.8.3[0m
[2024-08-09T09:02:22.007+0000] {log.py:232} WARNING - [[34m2024-08-09T09:02:22.006+0000[0m] {[34msubprocess.py:[0m94} INFO[0m - [35m(astronomer-cosmos)[0m - [0m09:02:22  Registered adapter: snowflake=1.8.3[0m
[2024-08-09T09:02:22.006+0000] {subprocess.py:94} INFO - [0m09:02:22  Registered adapter: snowflake=1.8.3
[2024-08-09T09:02:22.489+0000] {log.py:232} WARNING - [[34m2024-08-09T09:02:22.489+0000[0m] {[34msubprocess.py:[0m94} INFO[0m - [35m(astronomer-cosmos)[0m - [0m09:02:22  Found 9 models, 2 snapshots, 3 seeds, 2 data tests, 3 sources, 448 macros[0m
[2024-08-09T09:02:22.490+0000] {log.py:232} WARNING - [[34m2024-08-09T09:02:22.489+0000[0m] {[34msubprocess.py:[0m94} INFO[0m - [35m(astronomer-cosmos)[0m - [0m09:02:22  Found 9 models, 2 snapshots, 3 seeds, 2 data tests, 3 sources, 448 macros[0m
[2024-08-09T09:02:22.489+0000] {subprocess.py:94} INFO - [0m09:02:22  Found 9 models, 2 snapshots, 3 seeds, 2 data tests, 3 sources, 448 macros
[2024-08-09T09:02:22.492+0000] {log.py:232} WARNING - [[34m2024-08-09T09:02:22.492+0000[0m] {[34msubprocess.py:[0m94} INFO[0m - [35m(astronomer-cosmos)[0m - [0m09:02:22[0m
[2024-08-09T09:02:22.493+0000] {log.py:232} WARNING - [[34m2024-08-09T09:02:22.492+0000[0m] {[34msubprocess.py:[0m94} INFO[0m - [35m(astronomer-cosmos)[0m - [0m09:02:22[0m
[2024-08-09T09:02:22.492+0000] {subprocess.py:94} INFO - [0m09:02:22
[2024-08-09T09:02:24.910+0000] {log.py:232} WARNING - [[34m2024-08-09T09:02:24.909+0000[0m] {[34msubprocess.py:[0m94} INFO[0m - [35m(astronomer-cosmos)[0m - [0m09:02:24  Concurrency: 1 threads (target='dev')[0m
[2024-08-09T09:02:24.910+0000] {log.py:232} WARNING - [[34m2024-08-09T09:02:24.909+0000[0m] {[34msubprocess.py:[0m94} INFO[0m - [35m(astronomer-cosmos)[0m - [0m09:02:24  Concurrency: 1 threads (target='dev')[0m
[2024-08-09T09:02:24.909+0000] {subprocess.py:94} INFO - [0m09:02:24  Concurrency: 1 threads (target='dev')
[2024-08-09T09:02:24.911+0000] {log.py:232} WARNING - [[34m2024-08-09T09:02:24.911+0000[0m] {[34msubprocess.py:[0m94} INFO[0m - [35m(astronomer-cosmos)[0m - [0m09:02:24[0m
[2024-08-09T09:02:24.911+0000] {log.py:232} WARNING - [[34m2024-08-09T09:02:24.911+0000[0m] {[34msubprocess.py:[0m94} INFO[0m - [35m(astronomer-cosmos)[0m - [0m09:02:24[0m
[2024-08-09T09:02:24.911+0000] {subprocess.py:94} INFO - [0m09:02:24
[2024-08-09T09:02:24.923+0000] {log.py:232} WARNING - [[34m2024-08-09T09:02:24.923+0000[0m] {[34msubprocess.py:[0m94} INFO[0m - [35m(astronomer-cosmos)[0m - [0m09:02:24  1 of 1 START snapshot DWH.scd_province ......................................... [RUN][0m
[2024-08-09T09:02:24.923+0000] {log.py:232} WARNING - [[34m2024-08-09T09:02:24.923+0000[0m] {[34msubprocess.py:[0m94} INFO[0m - [35m(astronomer-cosmos)[0m - [0m09:02:24  1 of 1 START snapshot DWH.scd_province ......................................... [RUN][0m
[2024-08-09T09:02:24.923+0000] {subprocess.py:94} INFO - [0m09:02:24  1 of 1 START snapshot DWH.scd_province ......................................... [RUN]
[2024-08-09T09:02:29.880+0000] {log.py:232} WARNING - [[34m2024-08-09T09:02:29.880+0000[0m] {[34msubprocess.py:[0m94} INFO[0m - [35m(astronomer-cosmos)[0m - [0m09:02:29  1 of 1 OK snapshotted DWH.scd_province ......................................... [[32mSUCCESS 0[0m in 4.95s][0m
[2024-08-09T09:02:29.881+0000] {log.py:232} WARNING - [[34m2024-08-09T09:02:29.880+0000[0m] {[34msubprocess.py:[0m94} INFO[0m - [35m(astronomer-cosmos)[0m - [0m09:02:29  1 of 1 OK snapshotted DWH.scd_province ......................................... [[32mSUCCESS 0[0m in 4.95s][0m
[2024-08-09T09:02:29.880+0000] {subprocess.py:94} INFO - [0m09:02:29  1 of 1 OK snapshotted DWH.scd_province ......................................... [[32mSUCCESS 0[0m in 4.95s]
[2024-08-09T09:02:29.884+0000] {log.py:232} WARNING - [[34m2024-08-09T09:02:29.884+0000[0m] {[34msubprocess.py:[0m94} INFO[0m - [35m(astronomer-cosmos)[0m - [0m09:02:29[0m
[2024-08-09T09:02:29.885+0000] {log.py:232} WARNING - [[34m2024-08-09T09:02:29.884+0000[0m] {[34msubprocess.py:[0m94} INFO[0m - [35m(astronomer-cosmos)[0m - [0m09:02:29[0m
[2024-08-09T09:02:29.884+0000] {subprocess.py:94} INFO - [0m09:02:29
[2024-08-09T09:02:29.885+0000] {log.py:232} WARNING - [[34m2024-08-09T09:02:29.885+0000[0m] {[34msubprocess.py:[0m94} INFO[0m - [35m(astronomer-cosmos)[0m - [0m09:02:29  Finished running 1 snapshot in 0 hours 0 minutes and 7.39 seconds (7.39s).[0m
[2024-08-09T09:02:29.886+0000] {log.py:232} WARNING - [[34m2024-08-09T09:02:29.885+0000[0m] {[34msubprocess.py:[0m94} INFO[0m - [35m(astronomer-cosmos)[0m - [0m09:02:29  Finished running 1 snapshot in 0 hours 0 minutes and 7.39 seconds (7.39s).[0m
[2024-08-09T09:02:29.885+0000] {subprocess.py:94} INFO - [0m09:02:29  Finished running 1 snapshot in 0 hours 0 minutes and 7.39 seconds (7.39s).
[2024-08-09T09:02:29.925+0000] {log.py:232} WARNING - [[34m2024-08-09T09:02:29.925+0000[0m] {[34msubprocess.py:[0m94} INFO[0m - [35m(astronomer-cosmos)[0m - [0m09:02:29[0m
[2024-08-09T09:02:29.925+0000] {log.py:232} WARNING - [[34m2024-08-09T09:02:29.925+0000[0m] {[34msubprocess.py:[0m94} INFO[0m - [35m(astronomer-cosmos)[0m - [0m09:02:29[0m
[2024-08-09T09:02:29.925+0000] {subprocess.py:94} INFO - [0m09:02:29
[2024-08-09T09:02:29.926+0000] {log.py:232} WARNING - [[34m2024-08-09T09:02:29.926+0000[0m] {[34msubprocess.py:[0m94} INFO[0m - [35m(astronomer-cosmos)[0m - [0m09:02:29  [32mCompleted successfully[0m[0m
[2024-08-09T09:02:29.927+0000] {log.py:232} WARNING - [[34m2024-08-09T09:02:29.926+0000[0m] {[34msubprocess.py:[0m94} INFO[0m - [35m(astronomer-cosmos)[0m - [0m09:02:29  [32mCompleted successfully[0m[0m
[2024-08-09T09:02:29.926+0000] {subprocess.py:94} INFO - [0m09:02:29  [32mCompleted successfully[0m
[2024-08-09T09:02:29.927+0000] {log.py:232} WARNING - [[34m2024-08-09T09:02:29.927+0000[0m] {[34msubprocess.py:[0m94} INFO[0m - [35m(astronomer-cosmos)[0m - [0m09:02:29[0m
[2024-08-09T09:02:29.928+0000] {log.py:232} WARNING - [[34m2024-08-09T09:02:29.927+0000[0m] {[34msubprocess.py:[0m94} INFO[0m - [35m(astronomer-cosmos)[0m - [0m09:02:29[0m
[2024-08-09T09:02:29.927+0000] {subprocess.py:94} INFO - [0m09:02:29
[2024-08-09T09:02:29.928+0000] {log.py:232} WARNING - [[34m2024-08-09T09:02:29.928+0000[0m] {[34msubprocess.py:[0m94} INFO[0m - [35m(astronomer-cosmos)[0m - [0m09:02:29  Done. PASS=1 WARN=0 ERROR=0 SKIP=0 TOTAL=1[0m
[2024-08-09T09:02:29.929+0000] {log.py:232} WARNING - [[34m2024-08-09T09:02:29.928+0000[0m] {[34msubprocess.py:[0m94} INFO[0m - [35m(astronomer-cosmos)[0m - [0m09:02:29  Done. PASS=1 WARN=0 ERROR=0 SKIP=0 TOTAL=1[0m
[2024-08-09T09:02:29.928+0000] {subprocess.py:94} INFO - [0m09:02:29  Done. PASS=1 WARN=0 ERROR=0 SKIP=0 TOTAL=1
[2024-08-09T09:02:32.424+0000] {log.py:232} WARNING - [[34m2024-08-09T09:02:32.423+0000[0m] {[34msubprocess.py:[0m98} INFO[0m - [35m(astronomer-cosmos)[0m - Command exited with return code 0[0m
[2024-08-09T09:02:32.424+0000] {log.py:232} WARNING - [[34m2024-08-09T09:02:32.423+0000[0m] {[34msubprocess.py:[0m98} INFO[0m - [35m(astronomer-cosmos)[0m - Command exited with return code 0[0m
[2024-08-09T09:02:32.423+0000] {subprocess.py:98} INFO - Command exited with return code 0
[2024-08-09T09:02:32.425+0000] {log.py:232} WARNING - [[34m2024-08-09T09:02:32.425+0000[0m] {[34mlocal.py:[0m254} INFO[0m - [35m(astronomer-cosmos)[0m - [0m09:02:29  Done. PASS=1 WARN=0 ERROR=0 SKIP=0 TOTAL=1[0m
[2024-08-09T09:02:32.425+0000] {log.py:232} WARNING - [[34m2024-08-09T09:02:32.425+0000[0m] {[34mlocal.py:[0m254} INFO[0m - [35m(astronomer-cosmos)[0m - [0m09:02:29  Done. PASS=1 WARN=0 ERROR=0 SKIP=0 TOTAL=1[0m
[2024-08-09T09:02:32.425+0000] {local.py:254} INFO - [0m09:02:29  Done. PASS=1 WARN=0 ERROR=0 SKIP=0 TOTAL=1
[2024-08-09T09:02:32.439+0000] {local.py:196} WARNING - Artifact schema version: https://schemas.getdbt.com/dbt/manifest/v12.json is above dbt-ol supported version 7. This might cause errors.
[2024-08-09T09:02:32.439+0000] {local.py:196} WARNING - Artifact schema version: https://schemas.getdbt.com/dbt/run-results/v6.json is above dbt-ol supported version 5. This might cause errors.
[2024-08-09T09:02:32.449+0000] {log.py:232} WARNING - [[34m2024-08-09T09:02:32.449+0000[0m] {[34mlocal.py:[0m349} INFO[0m - [35m(astronomer-cosmos)[0m - Inlets: [Dataset(uri='snowflake://uz36730.ap-southeast-1.aws/POC_DATA_MARKETPLACE.DWH.dim_province', extra=None)][0m
[2024-08-09T09:02:32.450+0000] {log.py:232} WARNING - [[34m2024-08-09T09:02:32.449+0000[0m] {[34mlocal.py:[0m349} INFO[0m - [35m(astronomer-cosmos)[0m - Inlets: [Dataset(uri='snowflake://uz36730.ap-southeast-1.aws/POC_DATA_MARKETPLACE.DWH.dim_province', extra=None)][0m
[2024-08-09T09:02:32.449+0000] {local.py:349} INFO - Inlets: [Dataset(uri='snowflake://uz36730.ap-southeast-1.aws/POC_DATA_MARKETPLACE.DWH.dim_province', extra=None)]
[2024-08-09T09:02:32.450+0000] {log.py:232} WARNING - [[34m2024-08-09T09:02:32.450+0000[0m] {[34mlocal.py:[0m350} INFO[0m - [35m(astronomer-cosmos)[0m - Outlets: [Dataset(uri='snowflake://uz36730.ap-southeast-1.aws/POC_DATA_MARKETPLACE.DWH.scd_province', extra=None)][0m
[2024-08-09T09:02:32.451+0000] {log.py:232} WARNING - [[34m2024-08-09T09:02:32.450+0000[0m] {[34mlocal.py:[0m350} INFO[0m - [35m(astronomer-cosmos)[0m - Outlets: [Dataset(uri='snowflake://uz36730.ap-southeast-1.aws/POC_DATA_MARKETPLACE.DWH.scd_province', extra=None)][0m
[2024-08-09T09:02:32.450+0000] {local.py:350} INFO - Outlets: [Dataset(uri='snowflake://uz36730.ap-southeast-1.aws/POC_DATA_MARKETPLACE.DWH.scd_province', extra=None)]
[2024-08-09T09:02:32.451+0000] {dag.py:3096} INFO - Sync 1 DAGs
[2024-08-09T09:02:32.482+0000] {dag.py:3954} INFO - Setting next_dagrun for Scrape_Province to 2024-08-09 00:00:00+00:00, run_after=2024-08-10 00:00:00+00:00
[2024-08-09T09:02:32.518+0000] {taskinstance.py:441} INFO - ::group::Post task execution logs
[2024-08-09T09:02:32.556+0000] {taskinstance.py:1206} INFO - Marking task as SUCCESS. dag_id=Scrape_Province, task_id=customers_group.scd_province_snapshot, run_id=scheduled__2024-08-08T00:00:00+00:00, execution_date=20240808T000000, start_date=20240809T090218, end_date=20240809T090232
[2024-08-09T09:02:32.624+0000] {local_task_job_runner.py:240} INFO - Task exited with return code 0
[2024-08-09T09:02:32.646+0000] {taskinstance.py:3503} INFO - 1 downstream tasks scheduled from follow-on schedule check
[2024-08-09T09:02:32.650+0000] {local_task_job_runner.py:222} INFO - ::endgroup::
