[2024-08-13T16:10:12.250+0000] {local_task_job_runner.py:120} INFO - ::group::Pre task execution logs
[2024-08-13T16:10:12.318+0000] {taskinstance.py:2076} INFO - Dependencies all met for dep_context=non-requeueable deps ti=<TaskInstance: Weather_Data_Extraction.generate_output_file backfill__2024-02-19T00:00:00+00:00 [queued]>
[2024-08-13T16:10:12.609+0000] {taskinstance.py:2076} INFO - Dependencies all met for dep_context=requeueable deps ti=<TaskInstance: Weather_Data_Extraction.generate_output_file backfill__2024-02-19T00:00:00+00:00 [queued]>
[2024-08-13T16:10:12.609+0000] {taskinstance.py:2306} INFO - Starting attempt 1 of 1
[2024-08-13T16:10:12.642+0000] {taskinstance.py:2330} INFO - Executing <Task(PythonOperator): generate_output_file> on 2024-02-19 00:00:00+00:00
[2024-08-13T16:10:12.657+0000] {warnings.py:112} WARNING - /home/***/.local/lib/python3.12/site-packages/***/task/task_runner/standard_task_runner.py:61: DeprecationWarning: This process (pid=1151) is multi-threaded, use of fork() may lead to deadlocks in the child.
  pid = os.fork()

[2024-08-13T16:10:12.661+0000] {standard_task_runner.py:63} INFO - Started process 1170 to run task
[2024-08-13T16:10:12.681+0000] {standard_task_runner.py:90} INFO - Running: ['***', 'tasks', 'run', 'Weather_Data_Extraction', 'generate_output_file', 'backfill__2024-02-19T00:00:00+00:00', '--job-id', '229', '--pool', 'default_pool', '--raw', '--subdir', 'DAGS_FOLDER/Data_Weather_Extraction.py', '--cfg-path', '/tmp/tmp7eju4hr9']
[2024-08-13T16:10:12.687+0000] {standard_task_runner.py:91} INFO - Job 229: Subtask generate_output_file
[2024-08-13T16:10:12.753+0000] {warnings.py:112} WARNING - /home/***/.local/lib/python3.12/site-packages/***/settings.py:195: DeprecationWarning: The sql_alchemy_conn option in [core] has been moved to the sql_alchemy_conn option in [database] - the old setting has been used, but please update your config.
  SQL_ALCHEMY_CONN = conf.get("database", "SQL_ALCHEMY_CONN")

[2024-08-13T16:10:12.901+0000] {task_command.py:426} INFO - Running <TaskInstance: Weather_Data_Extraction.generate_output_file backfill__2024-02-19T00:00:00+00:00 [running]> on host ubuntu
[2024-08-13T16:10:13.390+0000] {taskinstance.py:2648} INFO - Exporting env vars: AIRFLOW_CTX_DAG_OWNER='Ducky' AIRFLOW_CTX_DAG_ID='Weather_Data_Extraction' AIRFLOW_CTX_TASK_ID='generate_output_file' AIRFLOW_CTX_EXECUTION_DATE='2024-02-19T00:00:00+00:00' AIRFLOW_CTX_TRY_NUMBER='1' AIRFLOW_CTX_DAG_RUN_ID='backfill__2024-02-19T00:00:00+00:00'
[2024-08-13T16:10:13.399+0000] {taskinstance.py:430} INFO - ::endgroup::
[2024-08-13T16:10:13.480+0000] {logging_mixin.py:188} INFO - Generated output file: Data_Weather-20240219.csv
[2024-08-13T16:10:13.483+0000] {logging_mixin.py:188} INFO - Execution Date: 2024/02/19
[2024-08-13T16:10:13.607+0000] {python.py:237} INFO - Done. Returned value was: None
[2024-08-13T16:10:13.611+0000] {taskinstance.py:441} INFO - ::group::Post task execution logs
[2024-08-13T16:10:13.635+0000] {taskinstance.py:1206} INFO - Marking task as SUCCESS. dag_id=Weather_Data_Extraction, task_id=generate_output_file, run_id=backfill__2024-02-19T00:00:00+00:00, execution_date=20240219T000000, start_date=20240813T161012, end_date=20240813T161013
[2024-08-13T16:10:13.712+0000] {local_task_job_runner.py:240} INFO - Task exited with return code 0
[2024-08-13T16:10:13.774+0000] {taskinstance.py:3503} INFO - 1 downstream tasks scheduled from follow-on schedule check
[2024-08-13T16:10:13.778+0000] {local_task_job_runner.py:222} INFO - ::endgroup::
[2024-08-14T04:26:54.955+0000] {local_task_job_runner.py:120} INFO - ::group::Pre task execution logs
[2024-08-14T04:26:54.975+0000] {taskinstance.py:2076} INFO - Dependencies all met for dep_context=non-requeueable deps ti=<TaskInstance: Weather_Data_Extraction.generate_output_file backfill__2024-02-19T00:00:00+00:00 [queued]>
[2024-08-14T04:26:54.984+0000] {taskinstance.py:2076} INFO - Dependencies all met for dep_context=requeueable deps ti=<TaskInstance: Weather_Data_Extraction.generate_output_file backfill__2024-02-19T00:00:00+00:00 [queued]>
[2024-08-14T04:26:54.985+0000] {taskinstance.py:2306} INFO - Starting attempt 1 of 1
[2024-08-14T04:26:55.159+0000] {taskinstance.py:2330} INFO - Executing <Task(PythonOperator): generate_output_file> on 2024-02-19 00:00:00+00:00
[2024-08-14T04:26:55.167+0000] {warnings.py:112} WARNING - /home/***/.local/lib/python3.12/site-packages/***/task/task_runner/standard_task_runner.py:61: DeprecationWarning: This process (pid=2221) is multi-threaded, use of fork() may lead to deadlocks in the child.
  pid = os.fork()

[2024-08-14T04:26:55.168+0000] {standard_task_runner.py:63} INFO - Started process 2223 to run task
[2024-08-14T04:26:55.168+0000] {standard_task_runner.py:90} INFO - Running: ['***', 'tasks', 'run', 'Weather_Data_Extraction', 'generate_output_file', 'backfill__2024-02-19T00:00:00+00:00', '--job-id', '551', '--pool', 'default_pool', '--raw', '--subdir', 'DAGS_FOLDER/Data_Weather_Extraction.py', '--cfg-path', '/tmp/tmp4ua1ehf7']
[2024-08-14T04:26:55.171+0000] {standard_task_runner.py:91} INFO - Job 551: Subtask generate_output_file
[2024-08-14T04:26:55.217+0000] {task_command.py:426} INFO - Running <TaskInstance: Weather_Data_Extraction.generate_output_file backfill__2024-02-19T00:00:00+00:00 [running]> on host ubuntu
[2024-08-14T04:26:55.331+0000] {taskinstance.py:2648} INFO - Exporting env vars: AIRFLOW_CTX_DAG_OWNER='Ducky' AIRFLOW_CTX_DAG_ID='Weather_Data_Extraction' AIRFLOW_CTX_TASK_ID='generate_output_file' AIRFLOW_CTX_EXECUTION_DATE='2024-02-19T00:00:00+00:00' AIRFLOW_CTX_TRY_NUMBER='1' AIRFLOW_CTX_DAG_RUN_ID='backfill__2024-02-19T00:00:00+00:00'
[2024-08-14T04:26:55.333+0000] {taskinstance.py:430} INFO - ::endgroup::
[2024-08-14T04:26:55.349+0000] {logging_mixin.py:188} INFO - Generated output file: Data_Weather-20240219.csv
[2024-08-14T04:26:55.350+0000] {logging_mixin.py:188} INFO - Execution Date: 2024/02/19
[2024-08-14T04:26:55.374+0000] {python.py:237} INFO - Done. Returned value was: None
[2024-08-14T04:26:55.375+0000] {taskinstance.py:441} INFO - ::group::Post task execution logs
[2024-08-14T04:26:55.383+0000] {taskinstance.py:1206} INFO - Marking task as SUCCESS. dag_id=Weather_Data_Extraction, task_id=generate_output_file, run_id=backfill__2024-02-19T00:00:00+00:00, execution_date=20240219T000000, start_date=20240814T042654, end_date=20240814T042655
[2024-08-14T04:26:55.423+0000] {local_task_job_runner.py:240} INFO - Task exited with return code 0
[2024-08-14T04:26:55.448+0000] {taskinstance.py:3503} INFO - 1 downstream tasks scheduled from follow-on schedule check
[2024-08-14T04:26:55.451+0000] {local_task_job_runner.py:222} INFO - ::endgroup::
