[2024-08-09T09:07:41.447+0000] {local_task_job_runner.py:120} INFO - ::group::Pre task execution logs
[2024-08-09T09:07:41.477+0000] {taskinstance.py:2076} INFO - Dependencies all met for dep_context=non-requeueable deps ti=<TaskInstance: Scrape_City.check_s3_file manual__2024-08-09T09:02:35.884717+00:00 [queued]>
[2024-08-09T09:07:41.676+0000] {taskinstance.py:2076} INFO - Dependencies all met for dep_context=requeueable deps ti=<TaskInstance: Scrape_City.check_s3_file manual__2024-08-09T09:02:35.884717+00:00 [queued]>
[2024-08-09T09:07:41.677+0000] {taskinstance.py:2306} INFO - Starting attempt 1 of 1
[2024-08-09T09:07:41.689+0000] {taskinstance.py:2330} INFO - Executing <Task(S3KeySensor): check_s3_file> on 2024-08-09 09:02:35.884717+00:00
[2024-08-09T09:07:41.701+0000] {warnings.py:112} WARNING - /home/***/.local/lib/python3.12/site-packages/***/task/task_runner/standard_task_runner.py:61: DeprecationWarning: This process (pid=1404) is multi-threaded, use of fork() may lead to deadlocks in the child.
  pid = os.fork()

[2024-08-09T09:07:41.702+0000] {standard_task_runner.py:63} INFO - Started process 1406 to run task
[2024-08-09T09:07:41.703+0000] {standard_task_runner.py:90} INFO - Running: ['***', 'tasks', 'run', 'Scrape_City', 'check_s3_file', 'manual__2024-08-09T09:02:35.884717+00:00', '--job-id', '86', '--raw', '--subdir', 'DAGS_FOLDER/City_Extraction.py', '--cfg-path', '/tmp/tmpzwubtuue']
[2024-08-09T09:07:41.706+0000] {standard_task_runner.py:91} INFO - Job 86: Subtask check_s3_file
[2024-08-09T09:07:41.720+0000] {warnings.py:112} WARNING - /home/***/.local/lib/python3.12/site-packages/***/settings.py:195: DeprecationWarning: The sql_alchemy_conn option in [core] has been moved to the sql_alchemy_conn option in [database] - the old setting has been used, but please update your config.
  SQL_ALCHEMY_CONN = conf.get("database", "SQL_ALCHEMY_CONN")

[2024-08-09T09:07:41.756+0000] {task_command.py:426} INFO - Running <TaskInstance: Scrape_City.check_s3_file manual__2024-08-09T09:02:35.884717+00:00 [running]> on host ubuntu
[2024-08-09T09:07:41.855+0000] {taskinstance.py:2648} INFO - Exporting env vars: AIRFLOW_CTX_DAG_OWNER='Ducky' AIRFLOW_CTX_DAG_ID='Scrape_City' AIRFLOW_CTX_TASK_ID='check_s3_file' AIRFLOW_CTX_EXECUTION_DATE='2024-08-09T09:02:35.884717+00:00' AIRFLOW_CTX_TRY_NUMBER='1' AIRFLOW_CTX_DAG_RUN_ID='manual__2024-08-09T09:02:35.884717+00:00'
[2024-08-09T09:07:41.857+0000] {taskinstance.py:430} INFO - ::endgroup::
[2024-08-09T09:07:41.871+0000] {baseoperator.py:400} WARNING - S3KeySensor.execute cannot be called outside TaskInstance!
[2024-08-09T09:07:41.872+0000] {s3.py:117} INFO - Poking for key : s3://s3-poc-data-marketplace/City/city_table-20240808.csv
[2024-08-09T09:07:41.884+0000] {base.py:84} INFO - Using connection ID 'aws_conn_poc' for task execution.
[2024-08-09T09:07:41.885+0000] {connection_wrapper.py:384} INFO - AWS Connection (conn_id='aws_conn_poc', conn_type='aws') credentials retrieved from login and password.
[2024-08-09T09:08:12.538+0000] {s3.py:117} INFO - Poking for key : s3://s3-poc-data-marketplace/City/city_table-20240808.csv
[2024-08-09T09:08:12.622+0000] {base.py:294} INFO - Success criteria met. Exiting.
[2024-08-09T09:08:12.622+0000] {taskinstance.py:441} INFO - ::group::Post task execution logs
[2024-08-09T09:08:12.633+0000] {taskinstance.py:1206} INFO - Marking task as SUCCESS. dag_id=Scrape_City, task_id=check_s3_file, run_id=manual__2024-08-09T09:02:35.884717+00:00, execution_date=20240809T090235, start_date=20240809T090741, end_date=20240809T090812
[2024-08-09T09:08:12.670+0000] {local_task_job_runner.py:240} INFO - Task exited with return code 0
[2024-08-09T09:08:12.707+0000] {taskinstance.py:3503} INFO - 1 downstream tasks scheduled from follow-on schedule check
[2024-08-09T09:08:12.709+0000] {local_task_job_runner.py:222} INFO - ::endgroup::
