[2024-08-13T16:06:36.837+0000] {local_task_job_runner.py:120} INFO - ::group::Pre task execution logs
[2024-08-13T16:06:36.907+0000] {taskinstance.py:2076} INFO - Dependencies all met for dep_context=non-requeueable deps ti=<TaskInstance: Weather_Data_Extraction.generate_output_file backfill__2024-01-02T00:00:00+00:00 [queued]>
[2024-08-13T16:06:36.938+0000] {taskinstance.py:2076} INFO - Dependencies all met for dep_context=requeueable deps ti=<TaskInstance: Weather_Data_Extraction.generate_output_file backfill__2024-01-02T00:00:00+00:00 [queued]>
[2024-08-13T16:06:36.939+0000] {taskinstance.py:2306} INFO - Starting attempt 1 of 1
[2024-08-13T16:06:37.453+0000] {taskinstance.py:2330} INFO - Executing <Task(PythonOperator): generate_output_file> on 2024-01-02 00:00:00+00:00
[2024-08-13T16:06:37.468+0000] {warnings.py:112} WARNING - /home/***/.local/lib/python3.12/site-packages/***/task/task_runner/standard_task_runner.py:61: DeprecationWarning: This process (pid=653) is multi-threaded, use of fork() may lead to deadlocks in the child.
  pid = os.fork()

[2024-08-13T16:06:37.474+0000] {standard_task_runner.py:63} INFO - Started process 680 to run task
[2024-08-13T16:06:37.502+0000] {standard_task_runner.py:90} INFO - Running: ['***', 'tasks', 'run', 'Weather_Data_Extraction', 'generate_output_file', 'backfill__2024-01-02T00:00:00+00:00', '--job-id', '77', '--pool', 'default_pool', '--raw', '--subdir', 'DAGS_FOLDER/Data_Weather_Extraction.py', '--cfg-path', '/tmp/tmpvuzsl23k']
[2024-08-13T16:06:37.508+0000] {standard_task_runner.py:91} INFO - Job 77: Subtask generate_output_file
[2024-08-13T16:06:37.556+0000] {warnings.py:112} WARNING - /home/***/.local/lib/python3.12/site-packages/***/settings.py:195: DeprecationWarning: The sql_alchemy_conn option in [core] has been moved to the sql_alchemy_conn option in [database] - the old setting has been used, but please update your config.
  SQL_ALCHEMY_CONN = conf.get("database", "SQL_ALCHEMY_CONN")

[2024-08-13T16:06:37.688+0000] {task_command.py:426} INFO - Running <TaskInstance: Weather_Data_Extraction.generate_output_file backfill__2024-01-02T00:00:00+00:00 [running]> on host ubuntu
[2024-08-13T16:06:38.016+0000] {taskinstance.py:2648} INFO - Exporting env vars: AIRFLOW_CTX_DAG_OWNER='Ducky' AIRFLOW_CTX_DAG_ID='Weather_Data_Extraction' AIRFLOW_CTX_TASK_ID='generate_output_file' AIRFLOW_CTX_EXECUTION_DATE='2024-01-02T00:00:00+00:00' AIRFLOW_CTX_TRY_NUMBER='1' AIRFLOW_CTX_DAG_RUN_ID='backfill__2024-01-02T00:00:00+00:00'
[2024-08-13T16:06:38.033+0000] {taskinstance.py:430} INFO - ::endgroup::
[2024-08-13T16:06:38.122+0000] {logging_mixin.py:188} INFO - Generated output file: Data_Weather-20240102.csv
[2024-08-13T16:06:38.123+0000] {logging_mixin.py:188} INFO - Execution Date: 2024/01/02
[2024-08-13T16:06:38.350+0000] {python.py:237} INFO - Done. Returned value was: None
[2024-08-13T16:06:38.353+0000] {taskinstance.py:441} INFO - ::group::Post task execution logs
[2024-08-13T16:06:38.394+0000] {taskinstance.py:1206} INFO - Marking task as SUCCESS. dag_id=Weather_Data_Extraction, task_id=generate_output_file, run_id=backfill__2024-01-02T00:00:00+00:00, execution_date=20240102T000000, start_date=20240813T160636, end_date=20240813T160638
[2024-08-13T16:06:38.509+0000] {local_task_job_runner.py:240} INFO - Task exited with return code 0
[2024-08-13T16:06:38.597+0000] {taskinstance.py:3503} INFO - 1 downstream tasks scheduled from follow-on schedule check
[2024-08-13T16:06:38.632+0000] {local_task_job_runner.py:222} INFO - ::endgroup::
[2024-08-14T02:46:04.480+0000] {local_task_job_runner.py:120} INFO - ::group::Pre task execution logs
[2024-08-14T02:46:04.501+0000] {taskinstance.py:2076} INFO - Dependencies all met for dep_context=non-requeueable deps ti=<TaskInstance: Weather_Data_Extraction.generate_output_file backfill__2024-01-02T00:00:00+00:00 [queued]>
[2024-08-14T02:46:04.663+0000] {taskinstance.py:2076} INFO - Dependencies all met for dep_context=requeueable deps ti=<TaskInstance: Weather_Data_Extraction.generate_output_file backfill__2024-01-02T00:00:00+00:00 [queued]>
[2024-08-14T02:46:04.664+0000] {taskinstance.py:2306} INFO - Starting attempt 1 of 1
[2024-08-14T02:46:04.685+0000] {taskinstance.py:2330} INFO - Executing <Task(PythonOperator): generate_output_file> on 2024-01-02 00:00:00+00:00
[2024-08-14T02:46:04.694+0000] {warnings.py:112} WARNING - /home/***/.local/lib/python3.12/site-packages/***/task/task_runner/standard_task_runner.py:61: DeprecationWarning: This process (pid=281) is multi-threaded, use of fork() may lead to deadlocks in the child.
  pid = os.fork()

[2024-08-14T02:46:04.696+0000] {standard_task_runner.py:63} INFO - Started process 283 to run task
[2024-08-14T02:46:04.696+0000] {standard_task_runner.py:90} INFO - Running: ['***', 'tasks', 'run', 'Weather_Data_Extraction', 'generate_output_file', 'backfill__2024-01-02T00:00:00+00:00', '--job-id', '328', '--pool', 'default_pool', '--raw', '--subdir', 'DAGS_FOLDER/Data_Weather_Extraction.py', '--cfg-path', '/tmp/tmpcn5inslo']
[2024-08-14T02:46:04.706+0000] {standard_task_runner.py:91} INFO - Job 328: Subtask generate_output_file
[2024-08-14T02:46:04.751+0000] {task_command.py:426} INFO - Running <TaskInstance: Weather_Data_Extraction.generate_output_file backfill__2024-01-02T00:00:00+00:00 [running]> on host ubuntu
[2024-08-14T02:46:04.849+0000] {taskinstance.py:2648} INFO - Exporting env vars: AIRFLOW_CTX_DAG_OWNER='Ducky' AIRFLOW_CTX_DAG_ID='Weather_Data_Extraction' AIRFLOW_CTX_TASK_ID='generate_output_file' AIRFLOW_CTX_EXECUTION_DATE='2024-01-02T00:00:00+00:00' AIRFLOW_CTX_TRY_NUMBER='1' AIRFLOW_CTX_DAG_RUN_ID='backfill__2024-01-02T00:00:00+00:00'
[2024-08-14T02:46:04.852+0000] {taskinstance.py:430} INFO - ::endgroup::
[2024-08-14T02:46:04.885+0000] {logging_mixin.py:188} INFO - Generated output file: Data_Weather-20240102.csv
[2024-08-14T02:46:04.886+0000] {logging_mixin.py:188} INFO - Execution Date: 2024/01/02
[2024-08-14T02:46:04.940+0000] {python.py:237} INFO - Done. Returned value was: None
[2024-08-14T02:46:04.942+0000] {taskinstance.py:441} INFO - ::group::Post task execution logs
[2024-08-14T02:46:04.963+0000] {taskinstance.py:1206} INFO - Marking task as SUCCESS. dag_id=Weather_Data_Extraction, task_id=generate_output_file, run_id=backfill__2024-01-02T00:00:00+00:00, execution_date=20240102T000000, start_date=20240814T024604, end_date=20240814T024604
[2024-08-14T02:46:05.033+0000] {local_task_job_runner.py:240} INFO - Task exited with return code 0
[2024-08-14T02:46:05.085+0000] {taskinstance.py:3503} INFO - 1 downstream tasks scheduled from follow-on schedule check
[2024-08-14T02:46:05.090+0000] {local_task_job_runner.py:222} INFO - ::endgroup::
