[2024-08-16T09:43:16.270+0000] {local_task_job_runner.py:120} INFO - ::group::Pre task execution logs
[2024-08-16T09:43:16.430+0000] {taskinstance.py:2076} INFO - Dependencies all met for dep_context=non-requeueable deps ti=<TaskInstance: Weather_Data_Extraction.check_s3_file backfill__2024-08-12T00:00:00+00:00 [queued]>
[2024-08-16T09:43:16.442+0000] {taskinstance.py:2076} INFO - Dependencies all met for dep_context=requeueable deps ti=<TaskInstance: Weather_Data_Extraction.check_s3_file backfill__2024-08-12T00:00:00+00:00 [queued]>
[2024-08-16T09:43:16.443+0000] {taskinstance.py:2306} INFO - Starting attempt 1 of 1
[2024-08-16T09:43:16.463+0000] {taskinstance.py:2330} INFO - Executing <Task(S3KeySensor): check_s3_file> on 2024-08-12 00:00:00+00:00
[2024-08-16T09:43:16.472+0000] {warnings.py:112} WARNING - /home/***/.local/lib/python3.12/site-packages/***/task/task_runner/standard_task_runner.py:61: DeprecationWarning: This process (pid=1443) is multi-threaded, use of fork() may lead to deadlocks in the child.
  pid = os.fork()

[2024-08-16T09:43:16.474+0000] {standard_task_runner.py:63} INFO - Started process 1445 to run task
[2024-08-16T09:43:16.475+0000] {standard_task_runner.py:90} INFO - Running: ['***', 'tasks', 'run', 'Weather_Data_Extraction', 'check_s3_file', 'backfill__2024-08-12T00:00:00+00:00', '--job-id', '1168', '--pool', 'default_pool', '--raw', '--subdir', 'DAGS_FOLDER/Data_Weather_Extraction.py', '--cfg-path', '/tmp/tmpbqoj23u9']
[2024-08-16T09:43:16.479+0000] {standard_task_runner.py:91} INFO - Job 1168: Subtask check_s3_file
[2024-08-16T09:43:16.543+0000] {task_command.py:426} INFO - Running <TaskInstance: Weather_Data_Extraction.check_s3_file backfill__2024-08-12T00:00:00+00:00 [running]> on host ubuntu
[2024-08-16T09:43:16.636+0000] {taskinstance.py:2648} INFO - Exporting env vars: AIRFLOW_CTX_DAG_OWNER='Ducky' AIRFLOW_CTX_DAG_ID='Weather_Data_Extraction' AIRFLOW_CTX_TASK_ID='check_s3_file' AIRFLOW_CTX_EXECUTION_DATE='2024-08-12T00:00:00+00:00' AIRFLOW_CTX_TRY_NUMBER='1' AIRFLOW_CTX_DAG_RUN_ID='backfill__2024-08-12T00:00:00+00:00'
[2024-08-16T09:43:16.638+0000] {taskinstance.py:430} INFO - ::endgroup::
[2024-08-16T09:43:16.649+0000] {baseoperator.py:400} WARNING - S3KeySensor.execute cannot be called outside TaskInstance!
[2024-08-16T09:43:16.650+0000] {s3.py:117} INFO - Poking for key : s3://s3-poc-data-marketplace/Weather_Data/Data_Weather-20240812.csv
[2024-08-16T09:43:16.661+0000] {base.py:84} INFO - Using connection ID 'aws_conn_poc' for task execution.
[2024-08-16T09:43:16.663+0000] {connection_wrapper.py:384} INFO - AWS Connection (conn_id='aws_conn_poc', conn_type='aws') credentials retrieved from login and password.
[2024-08-16T09:43:17.609+0000] {base.py:294} INFO - Success criteria met. Exiting.
[2024-08-16T09:43:17.610+0000] {taskinstance.py:441} INFO - ::group::Post task execution logs
[2024-08-16T09:43:17.627+0000] {taskinstance.py:1206} INFO - Marking task as SUCCESS. dag_id=Weather_Data_Extraction, task_id=check_s3_file, run_id=backfill__2024-08-12T00:00:00+00:00, execution_date=20240812T000000, start_date=20240816T094316, end_date=20240816T094317
[2024-08-16T09:43:17.697+0000] {local_task_job_runner.py:240} INFO - Task exited with return code 0
[2024-08-16T09:43:17.743+0000] {taskinstance.py:3503} INFO - 1 downstream tasks scheduled from follow-on schedule check
[2024-08-16T09:43:17.746+0000] {local_task_job_runner.py:222} INFO - ::endgroup::
[2024-08-16T10:06:44.985+0000] {local_task_job_runner.py:120} INFO - ::group::Pre task execution logs
[2024-08-16T10:06:45.138+0000] {taskinstance.py:2076} INFO - Dependencies all met for dep_context=non-requeueable deps ti=<TaskInstance: Weather_Data_Extraction.check_s3_file backfill__2024-08-12T00:00:00+00:00 [queued]>
[2024-08-16T10:06:45.147+0000] {taskinstance.py:2076} INFO - Dependencies all met for dep_context=requeueable deps ti=<TaskInstance: Weather_Data_Extraction.check_s3_file backfill__2024-08-12T00:00:00+00:00 [queued]>
[2024-08-16T10:06:45.148+0000] {taskinstance.py:2306} INFO - Starting attempt 1 of 1
[2024-08-16T10:06:45.164+0000] {taskinstance.py:2330} INFO - Executing <Task(S3KeySensor): check_s3_file> on 2024-08-12 00:00:00+00:00
[2024-08-16T10:06:45.172+0000] {warnings.py:112} WARNING - /home/***/.local/lib/python3.12/site-packages/***/task/task_runner/standard_task_runner.py:61: DeprecationWarning: This process (pid=2208) is multi-threaded, use of fork() may lead to deadlocks in the child.
  pid = os.fork()

[2024-08-16T10:06:45.175+0000] {standard_task_runner.py:63} INFO - Started process 2210 to run task
[2024-08-16T10:06:45.175+0000] {standard_task_runner.py:90} INFO - Running: ['***', 'tasks', 'run', 'Weather_Data_Extraction', 'check_s3_file', 'backfill__2024-08-12T00:00:00+00:00', '--job-id', '1253', '--pool', 'default_pool', '--raw', '--subdir', 'DAGS_FOLDER/Data_Weather_Extraction.py', '--cfg-path', '/tmp/tmpknivezf5']
[2024-08-16T10:06:45.180+0000] {standard_task_runner.py:91} INFO - Job 1253: Subtask check_s3_file
[2024-08-16T10:06:45.240+0000] {task_command.py:426} INFO - Running <TaskInstance: Weather_Data_Extraction.check_s3_file backfill__2024-08-12T00:00:00+00:00 [running]> on host ubuntu
[2024-08-16T10:06:45.356+0000] {taskinstance.py:2648} INFO - Exporting env vars: AIRFLOW_CTX_DAG_OWNER='Ducky' AIRFLOW_CTX_DAG_ID='Weather_Data_Extraction' AIRFLOW_CTX_TASK_ID='check_s3_file' AIRFLOW_CTX_EXECUTION_DATE='2024-08-12T00:00:00+00:00' AIRFLOW_CTX_TRY_NUMBER='1' AIRFLOW_CTX_DAG_RUN_ID='backfill__2024-08-12T00:00:00+00:00'
[2024-08-16T10:06:45.358+0000] {taskinstance.py:430} INFO - ::endgroup::
[2024-08-16T10:06:45.378+0000] {baseoperator.py:400} WARNING - S3KeySensor.execute cannot be called outside TaskInstance!
[2024-08-16T10:06:45.379+0000] {s3.py:117} INFO - Poking for key : s3://s3-poc-data-marketplace/Weather_Data/Data_Weather-20240812.csv
[2024-08-16T10:06:45.394+0000] {base.py:84} INFO - Using connection ID 'aws_conn_poc' for task execution.
[2024-08-16T10:06:45.396+0000] {connection_wrapper.py:384} INFO - AWS Connection (conn_id='aws_conn_poc', conn_type='aws') credentials retrieved from login and password.
[2024-08-16T10:06:50.424+0000] {base.py:294} INFO - Success criteria met. Exiting.
[2024-08-16T10:06:50.424+0000] {taskinstance.py:441} INFO - ::group::Post task execution logs
[2024-08-16T10:06:50.435+0000] {taskinstance.py:1206} INFO - Marking task as SUCCESS. dag_id=Weather_Data_Extraction, task_id=check_s3_file, run_id=backfill__2024-08-12T00:00:00+00:00, execution_date=20240812T000000, start_date=20240816T100645, end_date=20240816T100650
[2024-08-16T10:06:50.492+0000] {local_task_job_runner.py:240} INFO - Task exited with return code 0
[2024-08-16T10:06:50.526+0000] {taskinstance.py:3503} INFO - 1 downstream tasks scheduled from follow-on schedule check
[2024-08-16T10:06:50.530+0000] {local_task_job_runner.py:222} INFO - ::endgroup::
