[2024-08-09T08:46:51.509+0000] {local_task_job_runner.py:120} INFO - ::group::Pre task execution logs
[2024-08-09T08:46:51.534+0000] {taskinstance.py:2076} INFO - Dependencies all met for dep_context=non-requeueable deps ti=<TaskInstance: Weather_Data_Extraction.generate_output_file scheduled__2024-08-08T00:00:00+00:00 [queued]>
[2024-08-09T08:46:51.547+0000] {taskinstance.py:2076} INFO - Dependencies all met for dep_context=requeueable deps ti=<TaskInstance: Weather_Data_Extraction.generate_output_file scheduled__2024-08-08T00:00:00+00:00 [queued]>
[2024-08-09T08:46:51.547+0000] {taskinstance.py:2306} INFO - Starting attempt 1 of 1
[2024-08-09T08:46:51.573+0000] {taskinstance.py:2330} INFO - Executing <Task(PythonOperator): generate_output_file> on 2024-08-08 00:00:00+00:00
[2024-08-09T08:46:51.597+0000] {warnings.py:112} WARNING - /home/***/.local/lib/python3.12/site-packages/***/task/task_runner/standard_task_runner.py:61: DeprecationWarning: This process (pid=935) is multi-threaded, use of fork() may lead to deadlocks in the child.
  pid = os.fork()

[2024-08-09T08:46:51.600+0000] {standard_task_runner.py:63} INFO - Started process 938 to run task
[2024-08-09T08:46:51.610+0000] {standard_task_runner.py:90} INFO - Running: ['***', 'tasks', 'run', 'Weather_Data_Extraction', 'generate_output_file', 'scheduled__2024-08-08T00:00:00+00:00', '--job-id', '40', '--raw', '--subdir', 'DAGS_FOLDER/Data_Weather_Extraction.py', '--cfg-path', '/tmp/tmpweux69mb']
[2024-08-09T08:46:51.619+0000] {standard_task_runner.py:91} INFO - Job 40: Subtask generate_output_file
[2024-08-09T08:46:51.659+0000] {warnings.py:112} WARNING - /home/***/.local/lib/python3.12/site-packages/***/settings.py:195: DeprecationWarning: The sql_alchemy_conn option in [core] has been moved to the sql_alchemy_conn option in [database] - the old setting has been used, but please update your config.
  SQL_ALCHEMY_CONN = conf.get("database", "SQL_ALCHEMY_CONN")

[2024-08-09T08:46:51.794+0000] {task_command.py:426} INFO - Running <TaskInstance: Weather_Data_Extraction.generate_output_file scheduled__2024-08-08T00:00:00+00:00 [running]> on host ubuntu
[2024-08-09T08:46:52.671+0000] {taskinstance.py:2648} INFO - Exporting env vars: AIRFLOW_CTX_DAG_OWNER='Ducky' AIRFLOW_CTX_DAG_ID='Weather_Data_Extraction' AIRFLOW_CTX_TASK_ID='generate_output_file' AIRFLOW_CTX_EXECUTION_DATE='2024-08-08T00:00:00+00:00' AIRFLOW_CTX_TRY_NUMBER='1' AIRFLOW_CTX_DAG_RUN_ID='scheduled__2024-08-08T00:00:00+00:00'
[2024-08-09T08:46:52.672+0000] {taskinstance.py:430} INFO - ::endgroup::
[2024-08-09T08:46:52.692+0000] {logging_mixin.py:188} INFO - Generated output file: Data_Weather-20240808.csv
[2024-08-09T08:46:52.695+0000] {logging_mixin.py:188} INFO - Execution Date: 2024/08/08
[2024-08-09T08:46:52.742+0000] {python.py:237} INFO - Done. Returned value was: None
[2024-08-09T08:46:52.743+0000] {taskinstance.py:441} INFO - ::group::Post task execution logs
[2024-08-09T08:46:52.752+0000] {taskinstance.py:1206} INFO - Marking task as SUCCESS. dag_id=Weather_Data_Extraction, task_id=generate_output_file, run_id=scheduled__2024-08-08T00:00:00+00:00, execution_date=20240808T000000, start_date=20240809T084651, end_date=20240809T084652
[2024-08-09T08:46:52.810+0000] {local_task_job_runner.py:240} INFO - Task exited with return code 0
[2024-08-09T08:46:52.845+0000] {taskinstance.py:3503} INFO - 1 downstream tasks scheduled from follow-on schedule check
[2024-08-09T08:46:52.847+0000] {local_task_job_runner.py:222} INFO - ::endgroup::
