[2024-08-16T09:15:05.399+0000] {local_task_job_runner.py:120} INFO - ::group::Pre task execution logs
[2024-08-16T09:15:05.432+0000] {taskinstance.py:2076} INFO - Dependencies all met for dep_context=non-requeueable deps ti=<TaskInstance: Prediction_Model.weather_data_daily_models.stg_avg_convert_field_run manual__2024-08-16T09:14:58.973822+00:00 [queued]>
[2024-08-16T09:15:05.450+0000] {taskinstance.py:2076} INFO - Dependencies all met for dep_context=requeueable deps ti=<TaskInstance: Prediction_Model.weather_data_daily_models.stg_avg_convert_field_run manual__2024-08-16T09:14:58.973822+00:00 [queued]>
[2024-08-16T09:15:05.452+0000] {taskinstance.py:2306} INFO - Starting attempt 1 of 3
[2024-08-16T09:15:05.477+0000] {taskinstance.py:2330} INFO - Executing <Task(DbtRunLocalOperator): weather_data_daily_models.stg_avg_convert_field_run> on 2024-08-16 09:14:58.973822+00:00
[2024-08-16T09:15:05.487+0000] {warnings.py:112} WARNING - /home/***/.local/lib/python3.12/site-packages/***/task/task_runner/standard_task_runner.py:61: DeprecationWarning: This process (pid=908) is multi-threaded, use of fork() may lead to deadlocks in the child.
  pid = os.fork()

[2024-08-16T09:15:05.489+0000] {standard_task_runner.py:63} INFO - Started process 912 to run task
[2024-08-16T09:15:05.490+0000] {standard_task_runner.py:90} INFO - Running: ['***', 'tasks', 'run', 'Prediction_Model', 'weather_data_daily_models.stg_avg_convert_field_run', 'manual__2024-08-16T09:14:58.973822+00:00', '--job-id', '1139', '--raw', '--subdir', 'DAGS_FOLDER/Prediction_Model.py', '--cfg-path', '/tmp/tmp4xx3ybvj']
[2024-08-16T09:15:05.493+0000] {standard_task_runner.py:91} INFO - Job 1139: Subtask weather_data_daily_models.stg_avg_convert_field_run
[2024-08-16T09:15:05.544+0000] {task_command.py:426} INFO - Running <TaskInstance: Prediction_Model.weather_data_daily_models.stg_avg_convert_field_run manual__2024-08-16T09:14:58.973822+00:00 [running]> on host ubuntu
[2024-08-16T09:15:05.654+0000] {taskinstance.py:2648} INFO - Exporting env vars: AIRFLOW_CTX_DAG_OWNER='Ducky' AIRFLOW_CTX_DAG_ID='Prediction_Model' AIRFLOW_CTX_TASK_ID='weather_data_daily_models.stg_avg_convert_field_run' AIRFLOW_CTX_EXECUTION_DATE='2024-08-16T09:14:58.973822+00:00' AIRFLOW_CTX_TRY_NUMBER='1' AIRFLOW_CTX_DAG_RUN_ID='manual__2024-08-16T09:14:58.973822+00:00'
[2024-08-16T09:15:05.656+0000] {taskinstance.py:430} INFO - ::endgroup::
[2024-08-16T09:15:05.679+0000] {log.py:232} WARNING - [[34m2024-08-16T09:15:05.678+0000[0m] {[34mgraph.py:[0m377} INFO[0m - [35m(astronomer-cosmos)[0m - Trying to parse the dbt project using dbt ls cache cosmos_cache__dbt_dag_filterd__customers_group...[0m
[2024-08-16T09:15:05.679+0000] {log.py:232} WARNING - [[34m2024-08-16T09:15:05.678+0000[0m] {[34mgraph.py:[0m377} INFO[0m - [35m(astronomer-cosmos)[0m - Trying to parse the dbt project using dbt ls cache cosmos_cache__dbt_dag_filterd__customers_group...[0m
[2024-08-16T09:15:05.678+0000] {graph.py:377} INFO - Trying to parse the dbt project using dbt ls cache cosmos_cache__dbt_dag_filterd__customers_group...
[2024-08-16T09:15:05.904+0000] {log.py:232} WARNING - [[34m2024-08-16T09:15:05.903+0000[0m] {[34mcache.py:[0m262} INFO[0m - [35m(astronomer-cosmos)[0m - Cosmos performance: time to calculate cache identifier cosmos_cache__dbt_dag_filterd__customers_group for current version: 0.21490217300015502[0m
[2024-08-16T09:15:05.904+0000] {log.py:232} WARNING - [[34m2024-08-16T09:15:05.903+0000[0m] {[34mcache.py:[0m262} INFO[0m - [35m(astronomer-cosmos)[0m - Cosmos performance: time to calculate cache identifier cosmos_cache__dbt_dag_filterd__customers_group for current version: 0.21490217300015502[0m
[2024-08-16T09:15:05.903+0000] {cache.py:262} INFO - Cosmos performance: time to calculate cache identifier cosmos_cache__dbt_dag_filterd__customers_group for current version: 0.21490217300015502
[2024-08-16T09:15:05.905+0000] {log.py:232} WARNING - [[34m2024-08-16T09:15:05.905+0000[0m] {[34mgraph.py:[0m394} INFO[0m - [35m(astronomer-cosmos)[0m - Cosmos performance [ubuntu|912]: The cache size for cosmos_cache__dbt_dag_filterd__customers_group is 2948[0m
[2024-08-16T09:15:05.905+0000] {log.py:232} WARNING - [[34m2024-08-16T09:15:05.905+0000[0m] {[34mgraph.py:[0m394} INFO[0m - [35m(astronomer-cosmos)[0m - Cosmos performance [ubuntu|912]: The cache size for cosmos_cache__dbt_dag_filterd__customers_group is 2948[0m
[2024-08-16T09:15:05.905+0000] {graph.py:394} INFO - Cosmos performance [ubuntu|912]: The cache size for cosmos_cache__dbt_dag_filterd__customers_group is 2948
[2024-08-16T09:15:05.906+0000] {log.py:232} WARNING - [[34m2024-08-16T09:15:05.906+0000[0m] {[34mgraph.py:[0m402} INFO[0m - [35m(astronomer-cosmos)[0m - Cosmos performance: Cache hit for cosmos_cache__dbt_dag_filterd__customers_group - d3655c99e4b770027e65648437a3d068,5f7d44698c4b67134aff532494870c9c[0m
[2024-08-16T09:15:05.907+0000] {log.py:232} WARNING - [[34m2024-08-16T09:15:05.906+0000[0m] {[34mgraph.py:[0m402} INFO[0m - [35m(astronomer-cosmos)[0m - Cosmos performance: Cache hit for cosmos_cache__dbt_dag_filterd__customers_group - d3655c99e4b770027e65648437a3d068,5f7d44698c4b67134aff532494870c9c[0m
[2024-08-16T09:15:05.906+0000] {graph.py:402} INFO - Cosmos performance: Cache hit for cosmos_cache__dbt_dag_filterd__customers_group - d3655c99e4b770027e65648437a3d068,5f7d44698c4b67134aff532494870c9c
[2024-08-16T09:15:05.908+0000] {log.py:232} WARNING - [[34m2024-08-16T09:15:05.908+0000[0m] {[34mgraph.py:[0m335} INFO[0m - [35m(astronomer-cosmos)[0m - Total nodes: 3[0m
[2024-08-16T09:15:05.908+0000] {log.py:232} WARNING - [[34m2024-08-16T09:15:05.908+0000[0m] {[34mgraph.py:[0m335} INFO[0m - [35m(astronomer-cosmos)[0m - Total nodes: 3[0m
[2024-08-16T09:15:05.908+0000] {graph.py:335} INFO - Total nodes: 3
[2024-08-16T09:15:05.909+0000] {log.py:232} WARNING - [[34m2024-08-16T09:15:05.909+0000[0m] {[34mgraph.py:[0m336} INFO[0m - [35m(astronomer-cosmos)[0m - Total filtered nodes: 3[0m
[2024-08-16T09:15:05.909+0000] {log.py:232} WARNING - [[34m2024-08-16T09:15:05.909+0000[0m] {[34mgraph.py:[0m336} INFO[0m - [35m(astronomer-cosmos)[0m - Total filtered nodes: 3[0m
[2024-08-16T09:15:05.909+0000] {graph.py:336} INFO - Total filtered nodes: 3
[2024-08-16T09:15:05.910+0000] {log.py:232} WARNING - [[34m2024-08-16T09:15:05.910+0000[0m] {[34mconverter.py:[0m251} INFO[0m - [35m(astronomer-cosmos)[0m - Cosmos performance (dbt_dag_filterd__customers_group) -  [ubuntu|912]: It took 0.231s to parse the dbt project for DAG using LoadMode.DBT_LS_CACHE[0m
[2024-08-16T09:15:05.910+0000] {log.py:232} WARNING - [[34m2024-08-16T09:15:05.910+0000[0m] {[34mconverter.py:[0m251} INFO[0m - [35m(astronomer-cosmos)[0m - Cosmos performance (dbt_dag_filterd__customers_group) -  [ubuntu|912]: It took 0.231s to parse the dbt project for DAG using LoadMode.DBT_LS_CACHE[0m
[2024-08-16T09:15:05.910+0000] {converter.py:251} INFO - Cosmos performance (dbt_dag_filterd__customers_group) -  [ubuntu|912]: It took 0.231s to parse the dbt project for DAG using LoadMode.DBT_LS_CACHE
[2024-08-16T09:15:05.913+0000] {log.py:232} WARNING - [[34m2024-08-16T09:15:05.913+0000[0m] {[34mproject.py:[0m35} INFO[0m - [35m(astronomer-cosmos)[0m - Project /opt/***/dags/Data_Marketplace does not have {'dependencies.yml', 'packages.yml'}[0m
[2024-08-16T09:15:05.914+0000] {log.py:232} WARNING - [[34m2024-08-16T09:15:05.913+0000[0m] {[34mproject.py:[0m35} INFO[0m - [35m(astronomer-cosmos)[0m - Project /opt/***/dags/Data_Marketplace does not have {'dependencies.yml', 'packages.yml'}[0m
[2024-08-16T09:15:05.913+0000] {project.py:35} INFO - Project /opt/***/dags/Data_Marketplace does not have {'dependencies.yml', 'packages.yml'}
[2024-08-16T09:15:05.916+0000] {log.py:232} WARNING - [[34m2024-08-16T09:15:05.916+0000[0m] {[34mproject.py:[0m35} INFO[0m - [35m(astronomer-cosmos)[0m - Project /opt/***/dags/Data_Marketplace does not have {'dependencies.yml', 'packages.yml'}[0m
[2024-08-16T09:15:05.917+0000] {log.py:232} WARNING - [[34m2024-08-16T09:15:05.916+0000[0m] {[34mproject.py:[0m35} INFO[0m - [35m(astronomer-cosmos)[0m - Project /opt/***/dags/Data_Marketplace does not have {'dependencies.yml', 'packages.yml'}[0m
[2024-08-16T09:15:05.916+0000] {project.py:35} INFO - Project /opt/***/dags/Data_Marketplace does not have {'dependencies.yml', 'packages.yml'}
[2024-08-16T09:15:05.919+0000] {log.py:232} WARNING - [[34m2024-08-16T09:15:05.919+0000[0m] {[34mproject.py:[0m35} INFO[0m - [35m(astronomer-cosmos)[0m - Project /opt/***/dags/Data_Marketplace does not have {'dependencies.yml', 'packages.yml'}[0m
[2024-08-16T09:15:05.919+0000] {log.py:232} WARNING - [[34m2024-08-16T09:15:05.919+0000[0m] {[34mproject.py:[0m35} INFO[0m - [35m(astronomer-cosmos)[0m - Project /opt/***/dags/Data_Marketplace does not have {'dependencies.yml', 'packages.yml'}[0m
[2024-08-16T09:15:05.919+0000] {project.py:35} INFO - Project /opt/***/dags/Data_Marketplace does not have {'dependencies.yml', 'packages.yml'}
[2024-08-16T09:15:05.920+0000] {log.py:232} WARNING - [[34m2024-08-16T09:15:05.920+0000[0m] {[34mconverter.py:[0m293} INFO[0m - [35m(astronomer-cosmos)[0m - Cosmos performance (dbt_dag_filterd__customers_group) - [ubuntu|912]: It took 0.0106s to build the Airflow DAG.[0m
[2024-08-16T09:15:05.921+0000] {log.py:232} WARNING - [[34m2024-08-16T09:15:05.920+0000[0m] {[34mconverter.py:[0m293} INFO[0m - [35m(astronomer-cosmos)[0m - Cosmos performance (dbt_dag_filterd__customers_group) - [ubuntu|912]: It took 0.0106s to build the Airflow DAG.[0m
[2024-08-16T09:15:05.920+0000] {converter.py:293} INFO - Cosmos performance (dbt_dag_filterd__customers_group) - [ubuntu|912]: It took 0.0106s to build the Airflow DAG.
[2024-08-16T09:15:05.922+0000] {log.py:232} WARNING - [[34m2024-08-16T09:15:05.922+0000[0m] {[34mlocal.py:[0m174} INFO[0m - [35m(astronomer-cosmos)[0m - Could not import dbtRunner. Falling back to subprocess for invoking dbt.[0m
[2024-08-16T09:15:05.923+0000] {log.py:232} WARNING - [[34m2024-08-16T09:15:05.922+0000[0m] {[34mlocal.py:[0m174} INFO[0m - [35m(astronomer-cosmos)[0m - Could not import dbtRunner. Falling back to subprocess for invoking dbt.[0m
[2024-08-16T09:15:05.922+0000] {local.py:174} INFO - Could not import dbtRunner. Falling back to subprocess for invoking dbt.
[2024-08-16T09:15:05.924+0000] {log.py:232} WARNING - [[34m2024-08-16T09:15:05.924+0000[0m] {[34mlocal.py:[0m292} INFO[0m - [35m(astronomer-cosmos)[0m - Cloning project to writable temp directory /tmp/tmpb9l4g97l from /opt/***/dags/Data_Marketplace[0m
[2024-08-16T09:15:05.925+0000] {log.py:232} WARNING - [[34m2024-08-16T09:15:05.924+0000[0m] {[34mlocal.py:[0m292} INFO[0m - [35m(astronomer-cosmos)[0m - Cloning project to writable temp directory /tmp/tmpb9l4g97l from /opt/***/dags/Data_Marketplace[0m
[2024-08-16T09:15:05.924+0000] {local.py:292} INFO - Cloning project to writable temp directory /tmp/tmpb9l4g97l from /opt/airflow/dags/Data_Marketplace
[2024-08-16T09:15:05.930+0000] {log.py:232} WARNING - [[34m2024-08-16T09:15:05.929+0000[0m] {[34mlocal.py:[0m303} INFO[0m - [35m(astronomer-cosmos)[0m - Partial parse is enabled and the latest partial parse file is /opt/***/dags/Data_Marketplace/target/partial_parse.msgpack[0m
[2024-08-16T09:15:05.931+0000] {log.py:232} WARNING - [[34m2024-08-16T09:15:05.929+0000[0m] {[34mlocal.py:[0m303} INFO[0m - [35m(astronomer-cosmos)[0m - Partial parse is enabled and the latest partial parse file is /opt/***/dags/Data_Marketplace/target/partial_parse.msgpack[0m
[2024-08-16T09:15:05.929+0000] {local.py:303} INFO - Partial parse is enabled and the latest partial parse file is /opt/airflow/dags/Data_Marketplace/target/partial_parse.msgpack
[2024-08-16T09:15:05.964+0000] {log.py:232} WARNING - [[34m2024-08-16T09:15:05.963+0000[0m] {[34mconfig.py:[0m292} INFO[0m - [35m(astronomer-cosmos)[0m - Profile caching is enable.[0m
[2024-08-16T09:15:05.965+0000] {log.py:232} WARNING - [[34m2024-08-16T09:15:05.963+0000[0m] {[34mconfig.py:[0m292} INFO[0m - [35m(astronomer-cosmos)[0m - Profile caching is enable.[0m
[2024-08-16T09:15:05.963+0000] {config.py:292} INFO - Profile caching is enable.
[2024-08-16T09:15:05.977+0000] {base.py:84} INFO - Using connection ID 'snowflake_conn' for task execution.
[2024-08-16T09:15:05.982+0000] {log.py:232} WARNING - [[34m2024-08-16T09:15:05.981+0000[0m] {[34mconfig.py:[0m272} INFO[0m - [35m(astronomer-cosmos)[0m - Profile found in cache using profile: /tmp/cosmos/profile/ec71862f850e9b0839075fe0561d5062ab3dd99ef2a3dac2fe4fc1486f2849d0/profiles.yml.[0m
[2024-08-16T09:15:05.982+0000] {log.py:232} WARNING - [[34m2024-08-16T09:15:05.981+0000[0m] {[34mconfig.py:[0m272} INFO[0m - [35m(astronomer-cosmos)[0m - Profile found in cache using profile: /tmp/cosmos/profile/ec71862f850e9b0839075fe0561d5062ab3dd99ef2a3dac2fe4fc1486f2849d0/profiles.yml.[0m
[2024-08-16T09:15:05.981+0000] {config.py:272} INFO - Profile found in cache using profile: /tmp/cosmos/profile/ec71862f850e9b0839075fe0561d5062ab3dd99ef2a3dac2fe4fc1486f2849d0/profiles.yml.
[2024-08-16T09:15:05.984+0000] {log.py:232} WARNING - [[34m2024-08-16T09:15:05.983+0000[0m] {[34mlocal.py:[0m247} INFO[0m - [35m(astronomer-cosmos)[0m - Trying to run the command:
 ['/opt/***/dbt_venv/bin/dbt', 'run', '--models', 'stg_avg_convert_field', '--project-dir', '/tmp/tmpb9l4g97l', '--profiles-dir', '/tmp/cosmos/profile/ec71862f850e9b0839075fe0561d5062ab3dd99ef2a3dac2fe4fc1486f2849d0', '--profile', 'Data_Marketplace', '--target', 'dev']
From /tmp/tmpb9l4g97l[0m
[2024-08-16T09:15:05.984+0000] {log.py:232} WARNING - [[34m2024-08-16T09:15:05.983+0000[0m] {[34mlocal.py:[0m247} INFO[0m - [35m(astronomer-cosmos)[0m - Trying to run the command:
 ['/opt/***/dbt_venv/bin/dbt', 'run', '--models', 'stg_avg_convert_field', '--project-dir', '/tmp/tmpb9l4g97l', '--profiles-dir', '/tmp/cosmos/profile/ec71862f850e9b0839075fe0561d5062ab3dd99ef2a3dac2fe4fc1486f2849d0', '--profile', 'Data_Marketplace', '--target', 'dev']
From /tmp/tmpb9l4g97l[0m
[2024-08-16T09:15:05.983+0000] {local.py:247} INFO - Trying to run the command:
 ['/opt/***/dbt_venv/bin/dbt', 'run', '--models', 'stg_avg_convert_field', '--project-dir', '/tmp/tmpb9l4g97l', '--profiles-dir', '/tmp/cosmos/profile/ec71862f850e9b0839075fe0561d5062ab3dd99ef2a3dac2fe4fc1486f2849d0', '--profile', 'Data_Marketplace', '--target', 'dev']
From /tmp/tmpb9l4g97l
[2024-08-16T09:15:05.985+0000] {log.py:232} WARNING - [[34m2024-08-16T09:15:05.985+0000[0m] {[34msubprocess.py:[0m60} INFO[0m - [35m(astronomer-cosmos)[0m - Tmp dir root location: 
 /tmp[0m
[2024-08-16T09:15:05.986+0000] {log.py:232} WARNING - [[34m2024-08-16T09:15:05.985+0000[0m] {[34msubprocess.py:[0m60} INFO[0m - [35m(astronomer-cosmos)[0m - Tmp dir root location: 
 /tmp[0m
[2024-08-16T09:15:05.985+0000] {subprocess.py:60} INFO - Tmp dir root location: 
 /tmp
[2024-08-16T09:15:05.986+0000] {log.py:232} WARNING - [[34m2024-08-16T09:15:05.986+0000[0m] {[34msubprocess.py:[0m73} INFO[0m - [35m(astronomer-cosmos)[0m - Running command: ['/opt/***/dbt_venv/bin/dbt', 'run', '--models', 'stg_avg_convert_field', '--project-dir', '/tmp/tmpb9l4g97l', '--profiles-dir', '/tmp/cosmos/profile/ec71862f850e9b0839075fe0561d5062ab3dd99ef2a3dac2fe4fc1486f2849d0', '--profile', 'Data_Marketplace', '--target', 'dev'][0m
[2024-08-16T09:15:05.987+0000] {log.py:232} WARNING - [[34m2024-08-16T09:15:05.986+0000[0m] {[34msubprocess.py:[0m73} INFO[0m - [35m(astronomer-cosmos)[0m - Running command: ['/opt/***/dbt_venv/bin/dbt', 'run', '--models', 'stg_avg_convert_field', '--project-dir', '/tmp/tmpb9l4g97l', '--profiles-dir', '/tmp/cosmos/profile/ec71862f850e9b0839075fe0561d5062ab3dd99ef2a3dac2fe4fc1486f2849d0', '--profile', 'Data_Marketplace', '--target', 'dev'][0m
[2024-08-16T09:15:05.986+0000] {subprocess.py:73} INFO - Running command: ['/opt/***/dbt_venv/bin/dbt', 'run', '--models', 'stg_avg_convert_field', '--project-dir', '/tmp/tmpb9l4g97l', '--profiles-dir', '/tmp/cosmos/profile/ec71862f850e9b0839075fe0561d5062ab3dd99ef2a3dac2fe4fc1486f2849d0', '--profile', 'Data_Marketplace', '--target', 'dev']
[2024-08-16T09:15:06.000+0000] {log.py:232} WARNING - [[34m2024-08-16T09:15:06.000+0000[0m] {[34msubprocess.py:[0m84} INFO[0m - [35m(astronomer-cosmos)[0m - Command output:[0m
[2024-08-16T09:15:06.001+0000] {log.py:232} WARNING - [[34m2024-08-16T09:15:06.000+0000[0m] {[34msubprocess.py:[0m84} INFO[0m - [35m(astronomer-cosmos)[0m - Command output:[0m
[2024-08-16T09:15:06.000+0000] {subprocess.py:84} INFO - Command output:
[2024-08-16T09:15:08.327+0000] {log.py:232} WARNING - [[34m2024-08-16T09:15:08.327+0000[0m] {[34msubprocess.py:[0m94} INFO[0m - [35m(astronomer-cosmos)[0m - [0m09:15:08  Running with dbt=1.8.5[0m
[2024-08-16T09:15:08.328+0000] {log.py:232} WARNING - [[34m2024-08-16T09:15:08.327+0000[0m] {[34msubprocess.py:[0m94} INFO[0m - [35m(astronomer-cosmos)[0m - [0m09:15:08  Running with dbt=1.8.5[0m
[2024-08-16T09:15:08.327+0000] {subprocess.py:94} INFO - [0m09:15:08  Running with dbt=1.8.5
[2024-08-16T09:15:08.785+0000] {log.py:232} WARNING - [[34m2024-08-16T09:15:08.784+0000[0m] {[34msubprocess.py:[0m94} INFO[0m - [35m(astronomer-cosmos)[0m - [0m09:15:08  Registered adapter: snowflake=1.8.3[0m
[2024-08-16T09:15:08.786+0000] {log.py:232} WARNING - [[34m2024-08-16T09:15:08.784+0000[0m] {[34msubprocess.py:[0m94} INFO[0m - [35m(astronomer-cosmos)[0m - [0m09:15:08  Registered adapter: snowflake=1.8.3[0m
[2024-08-16T09:15:08.784+0000] {subprocess.py:94} INFO - [0m09:15:08  Registered adapter: snowflake=1.8.3
[2024-08-16T09:15:08.999+0000] {log.py:232} WARNING - [[34m2024-08-16T09:15:08.999+0000[0m] {[34msubprocess.py:[0m94} INFO[0m - [35m(astronomer-cosmos)[0m - [0m09:15:08  Unable to do partial parsing because of a version mismatch[0m
[2024-08-16T09:15:09.000+0000] {log.py:232} WARNING - [[34m2024-08-16T09:15:08.999+0000[0m] {[34msubprocess.py:[0m94} INFO[0m - [35m(astronomer-cosmos)[0m - [0m09:15:08  Unable to do partial parsing because of a version mismatch[0m
[2024-08-16T09:15:08.999+0000] {subprocess.py:94} INFO - [0m09:15:08  Unable to do partial parsing because of a version mismatch
[2024-08-16T09:15:11.538+0000] {log.py:232} WARNING - [[34m2024-08-16T09:15:11.538+0000[0m] {[34msubprocess.py:[0m94} INFO[0m - [35m(astronomer-cosmos)[0m - [0m09:15:11  Found 9 models, 2 snapshots, 3 seeds, 2 data tests, 3 sources, 448 macros[0m
[2024-08-16T09:15:11.539+0000] {log.py:232} WARNING - [[34m2024-08-16T09:15:11.538+0000[0m] {[34msubprocess.py:[0m94} INFO[0m - [35m(astronomer-cosmos)[0m - [0m09:15:11  Found 9 models, 2 snapshots, 3 seeds, 2 data tests, 3 sources, 448 macros[0m
[2024-08-16T09:15:11.538+0000] {subprocess.py:94} INFO - [0m09:15:11  Found 9 models, 2 snapshots, 3 seeds, 2 data tests, 3 sources, 448 macros
[2024-08-16T09:15:11.540+0000] {log.py:232} WARNING - [[34m2024-08-16T09:15:11.540+0000[0m] {[34msubprocess.py:[0m94} INFO[0m - [35m(astronomer-cosmos)[0m - [0m09:15:11[0m
[2024-08-16T09:15:11.541+0000] {log.py:232} WARNING - [[34m2024-08-16T09:15:11.540+0000[0m] {[34msubprocess.py:[0m94} INFO[0m - [35m(astronomer-cosmos)[0m - [0m09:15:11[0m
[2024-08-16T09:15:11.540+0000] {subprocess.py:94} INFO - [0m09:15:11
[2024-08-16T09:15:12.960+0000] {log.py:232} WARNING - [[34m2024-08-16T09:15:12.960+0000[0m] {[34msubprocess.py:[0m94} INFO[0m - [35m(astronomer-cosmos)[0m - [0m09:15:12  Concurrency: 1 threads (target='dev')[0m
[2024-08-16T09:15:12.961+0000] {log.py:232} WARNING - [[34m2024-08-16T09:15:12.960+0000[0m] {[34msubprocess.py:[0m94} INFO[0m - [35m(astronomer-cosmos)[0m - [0m09:15:12  Concurrency: 1 threads (target='dev')[0m
[2024-08-16T09:15:12.960+0000] {subprocess.py:94} INFO - [0m09:15:12  Concurrency: 1 threads (target='dev')
[2024-08-16T09:15:12.962+0000] {log.py:232} WARNING - [[34m2024-08-16T09:15:12.962+0000[0m] {[34msubprocess.py:[0m94} INFO[0m - [35m(astronomer-cosmos)[0m - [0m09:15:12[0m
[2024-08-16T09:15:12.963+0000] {log.py:232} WARNING - [[34m2024-08-16T09:15:12.962+0000[0m] {[34msubprocess.py:[0m94} INFO[0m - [35m(astronomer-cosmos)[0m - [0m09:15:12[0m
[2024-08-16T09:15:12.962+0000] {subprocess.py:94} INFO - [0m09:15:12
[2024-08-16T09:15:12.993+0000] {log.py:232} WARNING - [[34m2024-08-16T09:15:12.992+0000[0m] {[34msubprocess.py:[0m94} INFO[0m - [35m(astronomer-cosmos)[0m - [0m09:15:12[0m
[2024-08-16T09:15:12.993+0000] {log.py:232} WARNING - [[34m2024-08-16T09:15:12.992+0000[0m] {[34msubprocess.py:[0m94} INFO[0m - [35m(astronomer-cosmos)[0m - [0m09:15:12[0m
[2024-08-16T09:15:12.992+0000] {subprocess.py:94} INFO - [0m09:15:12
[2024-08-16T09:15:12.994+0000] {log.py:232} WARNING - [[34m2024-08-16T09:15:12.994+0000[0m] {[34msubprocess.py:[0m94} INFO[0m - [35m(astronomer-cosmos)[0m - [0m09:15:12  Finished running  in 0 hours 0 minutes and 1.45 seconds (1.45s).[0m
[2024-08-16T09:15:12.995+0000] {log.py:232} WARNING - [[34m2024-08-16T09:15:12.994+0000[0m] {[34msubprocess.py:[0m94} INFO[0m - [35m(astronomer-cosmos)[0m - [0m09:15:12  Finished running  in 0 hours 0 minutes and 1.45 seconds (1.45s).[0m
[2024-08-16T09:15:12.994+0000] {subprocess.py:94} INFO - [0m09:15:12  Finished running  in 0 hours 0 minutes and 1.45 seconds (1.45s).
[2024-08-16T09:15:14.560+0000] {log.py:232} WARNING - [[34m2024-08-16T09:15:14.559+0000[0m] {[34msubprocess.py:[0m98} INFO[0m - [35m(astronomer-cosmos)[0m - Command exited with return code 0[0m
[2024-08-16T09:15:14.561+0000] {log.py:232} WARNING - [[34m2024-08-16T09:15:14.559+0000[0m] {[34msubprocess.py:[0m98} INFO[0m - [35m(astronomer-cosmos)[0m - Command exited with return code 0[0m
[2024-08-16T09:15:14.559+0000] {subprocess.py:98} INFO - Command exited with return code 0
[2024-08-16T09:15:14.562+0000] {log.py:232} WARNING - [[34m2024-08-16T09:15:14.562+0000[0m] {[34mlocal.py:[0m254} INFO[0m - [35m(astronomer-cosmos)[0m - [0m09:15:12  Finished running  in 0 hours 0 minutes and 1.45 seconds (1.45s).[0m
[2024-08-16T09:15:14.563+0000] {log.py:232} WARNING - [[34m2024-08-16T09:15:14.562+0000[0m] {[34mlocal.py:[0m254} INFO[0m - [35m(astronomer-cosmos)[0m - [0m09:15:12  Finished running  in 0 hours 0 minutes and 1.45 seconds (1.45s).[0m
[2024-08-16T09:15:14.562+0000] {local.py:254} INFO - [0m09:15:12  Finished running  in 0 hours 0 minutes and 1.45 seconds (1.45s).
[2024-08-16T09:15:14.575+0000] {local.py:196} WARNING - Artifact schema version: https://schemas.getdbt.com/dbt/manifest/v12.json is above dbt-ol supported version 7. This might cause errors.
[2024-08-16T09:15:14.576+0000] {local.py:196} WARNING - Artifact schema version: https://schemas.getdbt.com/dbt/run-results/v6.json is above dbt-ol supported version 5. This might cause errors.
[2024-08-16T09:15:14.581+0000] {log.py:232} WARNING - [[34m2024-08-16T09:15:14.581+0000[0m] {[34mlocal.py:[0m349} INFO[0m - [35m(astronomer-cosmos)[0m - Inlets: [][0m
[2024-08-16T09:15:14.582+0000] {log.py:232} WARNING - [[34m2024-08-16T09:15:14.581+0000[0m] {[34mlocal.py:[0m349} INFO[0m - [35m(astronomer-cosmos)[0m - Inlets: [][0m
[2024-08-16T09:15:14.581+0000] {local.py:349} INFO - Inlets: []
[2024-08-16T09:15:14.583+0000] {log.py:232} WARNING - [[34m2024-08-16T09:15:14.582+0000[0m] {[34mlocal.py:[0m350} INFO[0m - [35m(astronomer-cosmos)[0m - Outlets: [][0m
[2024-08-16T09:15:14.583+0000] {log.py:232} WARNING - [[34m2024-08-16T09:15:14.582+0000[0m] {[34mlocal.py:[0m350} INFO[0m - [35m(astronomer-cosmos)[0m - Outlets: [][0m
[2024-08-16T09:15:14.582+0000] {local.py:350} INFO - Outlets: []
[2024-08-16T09:15:14.584+0000] {dag.py:3096} INFO - Sync 1 DAGs
[2024-08-16T09:15:14.598+0000] {dag.py:3954} INFO - Setting next_dagrun for Prediction_Model to None, run_after=None
[2024-08-16T09:15:14.622+0000] {taskinstance.py:441} INFO - ::group::Post task execution logs
[2024-08-16T09:15:14.631+0000] {taskinstance.py:1206} INFO - Marking task as SUCCESS. dag_id=Prediction_Model, task_id=weather_data_daily_models.stg_avg_convert_field_run, run_id=manual__2024-08-16T09:14:58.973822+00:00, execution_date=20240816T091458, start_date=20240816T091505, end_date=20240816T091514
[2024-08-16T09:15:14.663+0000] {local_task_job_runner.py:240} INFO - Task exited with return code 0
[2024-08-16T09:15:14.690+0000] {taskinstance.py:3503} INFO - 0 downstream tasks scheduled from follow-on schedule check
[2024-08-16T09:15:14.693+0000] {local_task_job_runner.py:222} INFO - ::endgroup::
