[2024-08-16T09:16:51.297+0000] {local_task_job_runner.py:120} INFO - ::group::Pre task execution logs
[2024-08-16T09:16:51.316+0000] {taskinstance.py:2076} INFO - Dependencies all met for dep_context=non-requeueable deps ti=<TaskInstance: Prediction_Model.weather_data_daily_models.fct_weather_data_daily_run manual__2024-08-16T09:16:34.581420+00:00 [queued]>
[2024-08-16T09:16:51.327+0000] {taskinstance.py:2076} INFO - Dependencies all met for dep_context=requeueable deps ti=<TaskInstance: Prediction_Model.weather_data_daily_models.fct_weather_data_daily_run manual__2024-08-16T09:16:34.581420+00:00 [queued]>
[2024-08-16T09:16:51.328+0000] {taskinstance.py:2306} INFO - Starting attempt 1 of 3
[2024-08-16T09:16:51.347+0000] {taskinstance.py:2330} INFO - Executing <Task(DbtRunLocalOperator): weather_data_daily_models.fct_weather_data_daily_run> on 2024-08-16 09:16:34.581420+00:00
[2024-08-16T09:16:51.358+0000] {warnings.py:112} WARNING - /home/***/.local/lib/python3.12/site-packages/***/task/task_runner/standard_task_runner.py:61: DeprecationWarning: This process (pid=1056) is multi-threaded, use of fork() may lead to deadlocks in the child.
  pid = os.fork()

[2024-08-16T09:16:51.361+0000] {standard_task_runner.py:63} INFO - Started process 1059 to run task
[2024-08-16T09:16:51.361+0000] {standard_task_runner.py:90} INFO - Running: ['***', 'tasks', 'run', 'Prediction_Model', 'weather_data_daily_models.fct_weather_data_daily_run', 'manual__2024-08-16T09:16:34.581420+00:00', '--job-id', '1153', '--raw', '--subdir', 'DAGS_FOLDER/Prediction_Model.py', '--cfg-path', '/tmp/tmp89bkuce9']
[2024-08-16T09:16:51.365+0000] {standard_task_runner.py:91} INFO - Job 1153: Subtask weather_data_daily_models.fct_weather_data_daily_run
[2024-08-16T09:16:51.425+0000] {task_command.py:426} INFO - Running <TaskInstance: Prediction_Model.weather_data_daily_models.fct_weather_data_daily_run manual__2024-08-16T09:16:34.581420+00:00 [running]> on host ubuntu
[2024-08-16T09:16:51.534+0000] {taskinstance.py:2648} INFO - Exporting env vars: AIRFLOW_CTX_DAG_OWNER='Ducky' AIRFLOW_CTX_DAG_ID='Prediction_Model' AIRFLOW_CTX_TASK_ID='weather_data_daily_models.fct_weather_data_daily_run' AIRFLOW_CTX_EXECUTION_DATE='2024-08-16T09:16:34.581420+00:00' AIRFLOW_CTX_TRY_NUMBER='1' AIRFLOW_CTX_DAG_RUN_ID='manual__2024-08-16T09:16:34.581420+00:00'
[2024-08-16T09:16:51.535+0000] {taskinstance.py:430} INFO - ::endgroup::
[2024-08-16T09:16:51.558+0000] {log.py:232} WARNING - [[34m2024-08-16T09:16:51.557+0000[0m] {[34mgraph.py:[0m377} INFO[0m - [35m(astronomer-cosmos)[0m - Trying to parse the dbt project using dbt ls cache cosmos_cache__dbt_dag_filterd__customers_group...[0m
[2024-08-16T09:16:51.558+0000] {log.py:232} WARNING - [[34m2024-08-16T09:16:51.557+0000[0m] {[34mgraph.py:[0m377} INFO[0m - [35m(astronomer-cosmos)[0m - Trying to parse the dbt project using dbt ls cache cosmos_cache__dbt_dag_filterd__customers_group...[0m
[2024-08-16T09:16:51.557+0000] {graph.py:377} INFO - Trying to parse the dbt project using dbt ls cache cosmos_cache__dbt_dag_filterd__customers_group...
[2024-08-16T09:16:52.040+0000] {log.py:232} WARNING - [[34m2024-08-16T09:16:52.040+0000[0m] {[34mcache.py:[0m262} INFO[0m - [35m(astronomer-cosmos)[0m - Cosmos performance: time to calculate cache identifier cosmos_cache__dbt_dag_filterd__customers_group for current version: 0.473834915000225[0m
[2024-08-16T09:16:52.041+0000] {log.py:232} WARNING - [[34m2024-08-16T09:16:52.040+0000[0m] {[34mcache.py:[0m262} INFO[0m - [35m(astronomer-cosmos)[0m - Cosmos performance: time to calculate cache identifier cosmos_cache__dbt_dag_filterd__customers_group for current version: 0.473834915000225[0m
[2024-08-16T09:16:52.040+0000] {cache.py:262} INFO - Cosmos performance: time to calculate cache identifier cosmos_cache__dbt_dag_filterd__customers_group for current version: 0.473834915000225
[2024-08-16T09:16:52.042+0000] {log.py:232} WARNING - [[34m2024-08-16T09:16:52.042+0000[0m] {[34mgraph.py:[0m394} INFO[0m - [35m(astronomer-cosmos)[0m - Cosmos performance [ubuntu|1059]: The cache size for cosmos_cache__dbt_dag_filterd__customers_group is 2948[0m
[2024-08-16T09:16:52.043+0000] {log.py:232} WARNING - [[34m2024-08-16T09:16:52.042+0000[0m] {[34mgraph.py:[0m394} INFO[0m - [35m(astronomer-cosmos)[0m - Cosmos performance [ubuntu|1059]: The cache size for cosmos_cache__dbt_dag_filterd__customers_group is 2948[0m
[2024-08-16T09:16:52.042+0000] {graph.py:394} INFO - Cosmos performance [ubuntu|1059]: The cache size for cosmos_cache__dbt_dag_filterd__customers_group is 2948
[2024-08-16T09:16:52.044+0000] {log.py:232} WARNING - [[34m2024-08-16T09:16:52.043+0000[0m] {[34mgraph.py:[0m402} INFO[0m - [35m(astronomer-cosmos)[0m - Cosmos performance: Cache hit for cosmos_cache__dbt_dag_filterd__customers_group - d3655c99e4b770027e65648437a3d068,5f7d44698c4b67134aff532494870c9c[0m
[2024-08-16T09:16:52.044+0000] {log.py:232} WARNING - [[34m2024-08-16T09:16:52.043+0000[0m] {[34mgraph.py:[0m402} INFO[0m - [35m(astronomer-cosmos)[0m - Cosmos performance: Cache hit for cosmos_cache__dbt_dag_filterd__customers_group - d3655c99e4b770027e65648437a3d068,5f7d44698c4b67134aff532494870c9c[0m
[2024-08-16T09:16:52.043+0000] {graph.py:402} INFO - Cosmos performance: Cache hit for cosmos_cache__dbt_dag_filterd__customers_group - d3655c99e4b770027e65648437a3d068,5f7d44698c4b67134aff532494870c9c
[2024-08-16T09:16:52.045+0000] {log.py:232} WARNING - [[34m2024-08-16T09:16:52.045+0000[0m] {[34mgraph.py:[0m335} INFO[0m - [35m(astronomer-cosmos)[0m - Total nodes: 3[0m
[2024-08-16T09:16:52.045+0000] {log.py:232} WARNING - [[34m2024-08-16T09:16:52.045+0000[0m] {[34mgraph.py:[0m335} INFO[0m - [35m(astronomer-cosmos)[0m - Total nodes: 3[0m
[2024-08-16T09:16:52.045+0000] {graph.py:335} INFO - Total nodes: 3
[2024-08-16T09:16:52.047+0000] {log.py:232} WARNING - [[34m2024-08-16T09:16:52.046+0000[0m] {[34mgraph.py:[0m336} INFO[0m - [35m(astronomer-cosmos)[0m - Total filtered nodes: 3[0m
[2024-08-16T09:16:52.047+0000] {log.py:232} WARNING - [[34m2024-08-16T09:16:52.046+0000[0m] {[34mgraph.py:[0m336} INFO[0m - [35m(astronomer-cosmos)[0m - Total filtered nodes: 3[0m
[2024-08-16T09:16:52.046+0000] {graph.py:336} INFO - Total filtered nodes: 3
[2024-08-16T09:16:52.048+0000] {log.py:232} WARNING - [[34m2024-08-16T09:16:52.048+0000[0m] {[34mconverter.py:[0m251} INFO[0m - [35m(astronomer-cosmos)[0m - Cosmos performance (dbt_dag_filterd__customers_group) -  [ubuntu|1059]: It took 0.491s to parse the dbt project for DAG using LoadMode.DBT_LS_CACHE[0m
[2024-08-16T09:16:52.049+0000] {log.py:232} WARNING - [[34m2024-08-16T09:16:52.048+0000[0m] {[34mconverter.py:[0m251} INFO[0m - [35m(astronomer-cosmos)[0m - Cosmos performance (dbt_dag_filterd__customers_group) -  [ubuntu|1059]: It took 0.491s to parse the dbt project for DAG using LoadMode.DBT_LS_CACHE[0m
[2024-08-16T09:16:52.048+0000] {converter.py:251} INFO - Cosmos performance (dbt_dag_filterd__customers_group) -  [ubuntu|1059]: It took 0.491s to parse the dbt project for DAG using LoadMode.DBT_LS_CACHE
[2024-08-16T09:16:52.052+0000] {log.py:232} WARNING - [[34m2024-08-16T09:16:52.051+0000[0m] {[34mproject.py:[0m35} INFO[0m - [35m(astronomer-cosmos)[0m - Project /opt/***/dags/Data_Marketplace does not have {'dependencies.yml', 'packages.yml'}[0m
[2024-08-16T09:16:52.052+0000] {log.py:232} WARNING - [[34m2024-08-16T09:16:52.051+0000[0m] {[34mproject.py:[0m35} INFO[0m - [35m(astronomer-cosmos)[0m - Project /opt/***/dags/Data_Marketplace does not have {'dependencies.yml', 'packages.yml'}[0m
[2024-08-16T09:16:52.051+0000] {project.py:35} INFO - Project /opt/***/dags/Data_Marketplace does not have {'dependencies.yml', 'packages.yml'}
[2024-08-16T09:16:52.056+0000] {log.py:232} WARNING - [[34m2024-08-16T09:16:52.056+0000[0m] {[34mproject.py:[0m35} INFO[0m - [35m(astronomer-cosmos)[0m - Project /opt/***/dags/Data_Marketplace does not have {'dependencies.yml', 'packages.yml'}[0m
[2024-08-16T09:16:52.057+0000] {log.py:232} WARNING - [[34m2024-08-16T09:16:52.056+0000[0m] {[34mproject.py:[0m35} INFO[0m - [35m(astronomer-cosmos)[0m - Project /opt/***/dags/Data_Marketplace does not have {'dependencies.yml', 'packages.yml'}[0m
[2024-08-16T09:16:52.056+0000] {project.py:35} INFO - Project /opt/***/dags/Data_Marketplace does not have {'dependencies.yml', 'packages.yml'}
[2024-08-16T09:16:52.061+0000] {log.py:232} WARNING - [[34m2024-08-16T09:16:52.061+0000[0m] {[34mproject.py:[0m35} INFO[0m - [35m(astronomer-cosmos)[0m - Project /opt/***/dags/Data_Marketplace does not have {'dependencies.yml', 'packages.yml'}[0m
[2024-08-16T09:16:52.063+0000] {log.py:232} WARNING - [[34m2024-08-16T09:16:52.061+0000[0m] {[34mproject.py:[0m35} INFO[0m - [35m(astronomer-cosmos)[0m - Project /opt/***/dags/Data_Marketplace does not have {'dependencies.yml', 'packages.yml'}[0m
[2024-08-16T09:16:52.061+0000] {project.py:35} INFO - Project /opt/***/dags/Data_Marketplace does not have {'dependencies.yml', 'packages.yml'}
[2024-08-16T09:16:52.065+0000] {log.py:232} WARNING - [[34m2024-08-16T09:16:52.065+0000[0m] {[34mconverter.py:[0m293} INFO[0m - [35m(astronomer-cosmos)[0m - Cosmos performance (dbt_dag_filterd__customers_group) - [ubuntu|1059]: It took 0.0167s to build the Airflow DAG.[0m
[2024-08-16T09:16:52.066+0000] {log.py:232} WARNING - [[34m2024-08-16T09:16:52.065+0000[0m] {[34mconverter.py:[0m293} INFO[0m - [35m(astronomer-cosmos)[0m - Cosmos performance (dbt_dag_filterd__customers_group) - [ubuntu|1059]: It took 0.0167s to build the Airflow DAG.[0m
[2024-08-16T09:16:52.065+0000] {converter.py:293} INFO - Cosmos performance (dbt_dag_filterd__customers_group) - [ubuntu|1059]: It took 0.0167s to build the Airflow DAG.
[2024-08-16T09:16:52.070+0000] {log.py:232} WARNING - [[34m2024-08-16T09:16:52.069+0000[0m] {[34mlocal.py:[0m174} INFO[0m - [35m(astronomer-cosmos)[0m - Could not import dbtRunner. Falling back to subprocess for invoking dbt.[0m
[2024-08-16T09:16:52.071+0000] {log.py:232} WARNING - [[34m2024-08-16T09:16:52.069+0000[0m] {[34mlocal.py:[0m174} INFO[0m - [35m(astronomer-cosmos)[0m - Could not import dbtRunner. Falling back to subprocess for invoking dbt.[0m
[2024-08-16T09:16:52.069+0000] {local.py:174} INFO - Could not import dbtRunner. Falling back to subprocess for invoking dbt.
[2024-08-16T09:16:52.074+0000] {log.py:232} WARNING - [[34m2024-08-16T09:16:52.073+0000[0m] {[34mlocal.py:[0m292} INFO[0m - [35m(astronomer-cosmos)[0m - Cloning project to writable temp directory /tmp/tmplm12l9qp from /opt/***/dags/Data_Marketplace[0m
[2024-08-16T09:16:52.075+0000] {log.py:232} WARNING - [[34m2024-08-16T09:16:52.073+0000[0m] {[34mlocal.py:[0m292} INFO[0m - [35m(astronomer-cosmos)[0m - Cloning project to writable temp directory /tmp/tmplm12l9qp from /opt/***/dags/Data_Marketplace[0m
[2024-08-16T09:16:52.073+0000] {local.py:292} INFO - Cloning project to writable temp directory /tmp/tmplm12l9qp from /opt/airflow/dags/Data_Marketplace
[2024-08-16T09:16:52.090+0000] {log.py:232} WARNING - [[34m2024-08-16T09:16:52.089+0000[0m] {[34mlocal.py:[0m303} INFO[0m - [35m(astronomer-cosmos)[0m - Partial parse is enabled and the latest partial parse file is /tmp/cosmos/Prediction_Model__weather_data_daily_models/target/partial_parse.msgpack[0m
[2024-08-16T09:16:52.091+0000] {log.py:232} WARNING - [[34m2024-08-16T09:16:52.089+0000[0m] {[34mlocal.py:[0m303} INFO[0m - [35m(astronomer-cosmos)[0m - Partial parse is enabled and the latest partial parse file is /tmp/cosmos/Prediction_Model__weather_data_daily_models/target/partial_parse.msgpack[0m
[2024-08-16T09:16:52.089+0000] {local.py:303} INFO - Partial parse is enabled and the latest partial parse file is /tmp/cosmos/Prediction_Model__weather_data_daily_models/target/partial_parse.msgpack
[2024-08-16T09:16:52.110+0000] {log.py:232} WARNING - [[34m2024-08-16T09:16:52.110+0000[0m] {[34mconfig.py:[0m292} INFO[0m - [35m(astronomer-cosmos)[0m - Profile caching is enable.[0m
[2024-08-16T09:16:52.112+0000] {log.py:232} WARNING - [[34m2024-08-16T09:16:52.110+0000[0m] {[34mconfig.py:[0m292} INFO[0m - [35m(astronomer-cosmos)[0m - Profile caching is enable.[0m
[2024-08-16T09:16:52.110+0000] {config.py:292} INFO - Profile caching is enable.
[2024-08-16T09:16:52.134+0000] {base.py:84} INFO - Using connection ID 'snowflake_conn' for task execution.
[2024-08-16T09:16:52.145+0000] {log.py:232} WARNING - [[34m2024-08-16T09:16:52.144+0000[0m] {[34mconfig.py:[0m272} INFO[0m - [35m(astronomer-cosmos)[0m - Profile found in cache using profile: /tmp/cosmos/profile/ec71862f850e9b0839075fe0561d5062ab3dd99ef2a3dac2fe4fc1486f2849d0/profiles.yml.[0m
[2024-08-16T09:16:52.147+0000] {log.py:232} WARNING - [[34m2024-08-16T09:16:52.144+0000[0m] {[34mconfig.py:[0m272} INFO[0m - [35m(astronomer-cosmos)[0m - Profile found in cache using profile: /tmp/cosmos/profile/ec71862f850e9b0839075fe0561d5062ab3dd99ef2a3dac2fe4fc1486f2849d0/profiles.yml.[0m
[2024-08-16T09:16:52.144+0000] {config.py:272} INFO - Profile found in cache using profile: /tmp/cosmos/profile/ec71862f850e9b0839075fe0561d5062ab3dd99ef2a3dac2fe4fc1486f2849d0/profiles.yml.
[2024-08-16T09:16:52.150+0000] {log.py:232} WARNING - [[34m2024-08-16T09:16:52.150+0000[0m] {[34mlocal.py:[0m247} INFO[0m - [35m(astronomer-cosmos)[0m - Trying to run the command:
 ['/opt/***/dbt_venv/bin/dbt', 'run', '--models', 'fct_weather_data_daily', '--project-dir', '/tmp/tmplm12l9qp', '--profiles-dir', '/tmp/cosmos/profile/ec71862f850e9b0839075fe0561d5062ab3dd99ef2a3dac2fe4fc1486f2849d0', '--profile', 'Data_Marketplace', '--target', 'dev']
From /tmp/tmplm12l9qp[0m
[2024-08-16T09:16:52.152+0000] {log.py:232} WARNING - [[34m2024-08-16T09:16:52.150+0000[0m] {[34mlocal.py:[0m247} INFO[0m - [35m(astronomer-cosmos)[0m - Trying to run the command:
 ['/opt/***/dbt_venv/bin/dbt', 'run', '--models', 'fct_weather_data_daily', '--project-dir', '/tmp/tmplm12l9qp', '--profiles-dir', '/tmp/cosmos/profile/ec71862f850e9b0839075fe0561d5062ab3dd99ef2a3dac2fe4fc1486f2849d0', '--profile', 'Data_Marketplace', '--target', 'dev']
From /tmp/tmplm12l9qp[0m
[2024-08-16T09:16:52.150+0000] {local.py:247} INFO - Trying to run the command:
 ['/opt/***/dbt_venv/bin/dbt', 'run', '--models', 'fct_weather_data_daily', '--project-dir', '/tmp/tmplm12l9qp', '--profiles-dir', '/tmp/cosmos/profile/ec71862f850e9b0839075fe0561d5062ab3dd99ef2a3dac2fe4fc1486f2849d0', '--profile', 'Data_Marketplace', '--target', 'dev']
From /tmp/tmplm12l9qp
[2024-08-16T09:16:52.155+0000] {log.py:232} WARNING - [[34m2024-08-16T09:16:52.154+0000[0m] {[34msubprocess.py:[0m60} INFO[0m - [35m(astronomer-cosmos)[0m - Tmp dir root location: 
 /tmp[0m
[2024-08-16T09:16:52.156+0000] {log.py:232} WARNING - [[34m2024-08-16T09:16:52.154+0000[0m] {[34msubprocess.py:[0m60} INFO[0m - [35m(astronomer-cosmos)[0m - Tmp dir root location: 
 /tmp[0m
[2024-08-16T09:16:52.154+0000] {subprocess.py:60} INFO - Tmp dir root location: 
 /tmp
[2024-08-16T09:16:52.159+0000] {log.py:232} WARNING - [[34m2024-08-16T09:16:52.159+0000[0m] {[34msubprocess.py:[0m73} INFO[0m - [35m(astronomer-cosmos)[0m - Running command: ['/opt/***/dbt_venv/bin/dbt', 'run', '--models', 'fct_weather_data_daily', '--project-dir', '/tmp/tmplm12l9qp', '--profiles-dir', '/tmp/cosmos/profile/ec71862f850e9b0839075fe0561d5062ab3dd99ef2a3dac2fe4fc1486f2849d0', '--profile', 'Data_Marketplace', '--target', 'dev'][0m
[2024-08-16T09:16:52.161+0000] {log.py:232} WARNING - [[34m2024-08-16T09:16:52.159+0000[0m] {[34msubprocess.py:[0m73} INFO[0m - [35m(astronomer-cosmos)[0m - Running command: ['/opt/***/dbt_venv/bin/dbt', 'run', '--models', 'fct_weather_data_daily', '--project-dir', '/tmp/tmplm12l9qp', '--profiles-dir', '/tmp/cosmos/profile/ec71862f850e9b0839075fe0561d5062ab3dd99ef2a3dac2fe4fc1486f2849d0', '--profile', 'Data_Marketplace', '--target', 'dev'][0m
[2024-08-16T09:16:52.159+0000] {subprocess.py:73} INFO - Running command: ['/opt/***/dbt_venv/bin/dbt', 'run', '--models', 'fct_weather_data_daily', '--project-dir', '/tmp/tmplm12l9qp', '--profiles-dir', '/tmp/cosmos/profile/ec71862f850e9b0839075fe0561d5062ab3dd99ef2a3dac2fe4fc1486f2849d0', '--profile', 'Data_Marketplace', '--target', 'dev']
[2024-08-16T09:16:52.187+0000] {log.py:232} WARNING - [[34m2024-08-16T09:16:52.186+0000[0m] {[34msubprocess.py:[0m84} INFO[0m - [35m(astronomer-cosmos)[0m - Command output:[0m
[2024-08-16T09:16:52.189+0000] {log.py:232} WARNING - [[34m2024-08-16T09:16:52.186+0000[0m] {[34msubprocess.py:[0m84} INFO[0m - [35m(astronomer-cosmos)[0m - Command output:[0m
[2024-08-16T09:16:52.186+0000] {subprocess.py:84} INFO - Command output:
[2024-08-16T09:16:54.619+0000] {log.py:232} WARNING - [[34m2024-08-16T09:16:54.619+0000[0m] {[34msubprocess.py:[0m94} INFO[0m - [35m(astronomer-cosmos)[0m - [0m09:16:54  Running with dbt=1.8.5[0m
[2024-08-16T09:16:54.620+0000] {log.py:232} WARNING - [[34m2024-08-16T09:16:54.619+0000[0m] {[34msubprocess.py:[0m94} INFO[0m - [35m(astronomer-cosmos)[0m - [0m09:16:54  Running with dbt=1.8.5[0m
[2024-08-16T09:16:54.619+0000] {subprocess.py:94} INFO - [0m09:16:54  Running with dbt=1.8.5
[2024-08-16T09:16:55.141+0000] {log.py:232} WARNING - [[34m2024-08-16T09:16:55.141+0000[0m] {[34msubprocess.py:[0m94} INFO[0m - [35m(astronomer-cosmos)[0m - [0m09:16:55  Registered adapter: snowflake=1.8.3[0m
[2024-08-16T09:16:55.142+0000] {log.py:232} WARNING - [[34m2024-08-16T09:16:55.141+0000[0m] {[34msubprocess.py:[0m94} INFO[0m - [35m(astronomer-cosmos)[0m - [0m09:16:55  Registered adapter: snowflake=1.8.3[0m
[2024-08-16T09:16:55.141+0000] {subprocess.py:94} INFO - [0m09:16:55  Registered adapter: snowflake=1.8.3
[2024-08-16T09:16:55.969+0000] {log.py:232} WARNING - [[34m2024-08-16T09:16:55.968+0000[0m] {[34msubprocess.py:[0m94} INFO[0m - [35m(astronomer-cosmos)[0m - [0m09:16:55  Found 9 models, 2 snapshots, 3 seeds, 2 data tests, 3 sources, 448 macros[0m
[2024-08-16T09:16:55.970+0000] {log.py:232} WARNING - [[34m2024-08-16T09:16:55.968+0000[0m] {[34msubprocess.py:[0m94} INFO[0m - [35m(astronomer-cosmos)[0m - [0m09:16:55  Found 9 models, 2 snapshots, 3 seeds, 2 data tests, 3 sources, 448 macros[0m
[2024-08-16T09:16:55.968+0000] {subprocess.py:94} INFO - [0m09:16:55  Found 9 models, 2 snapshots, 3 seeds, 2 data tests, 3 sources, 448 macros
[2024-08-16T09:16:55.973+0000] {log.py:232} WARNING - [[34m2024-08-16T09:16:55.973+0000[0m] {[34msubprocess.py:[0m94} INFO[0m - [35m(astronomer-cosmos)[0m - [0m09:16:55[0m
[2024-08-16T09:16:55.974+0000] {log.py:232} WARNING - [[34m2024-08-16T09:16:55.973+0000[0m] {[34msubprocess.py:[0m94} INFO[0m - [35m(astronomer-cosmos)[0m - [0m09:16:55[0m
[2024-08-16T09:16:55.973+0000] {subprocess.py:94} INFO - [0m09:16:55
[2024-08-16T09:16:59.227+0000] {log.py:232} WARNING - [[34m2024-08-16T09:16:59.227+0000[0m] {[34msubprocess.py:[0m94} INFO[0m - [35m(astronomer-cosmos)[0m - [0m09:16:59  Concurrency: 1 threads (target='dev')[0m
[2024-08-16T09:16:59.229+0000] {log.py:232} WARNING - [[34m2024-08-16T09:16:59.227+0000[0m] {[34msubprocess.py:[0m94} INFO[0m - [35m(astronomer-cosmos)[0m - [0m09:16:59  Concurrency: 1 threads (target='dev')[0m
[2024-08-16T09:16:59.227+0000] {subprocess.py:94} INFO - [0m09:16:59  Concurrency: 1 threads (target='dev')
[2024-08-16T09:16:59.232+0000] {log.py:232} WARNING - [[34m2024-08-16T09:16:59.232+0000[0m] {[34msubprocess.py:[0m94} INFO[0m - [35m(astronomer-cosmos)[0m - [0m09:16:59[0m
[2024-08-16T09:16:59.234+0000] {log.py:232} WARNING - [[34m2024-08-16T09:16:59.232+0000[0m] {[34msubprocess.py:[0m94} INFO[0m - [35m(astronomer-cosmos)[0m - [0m09:16:59[0m
[2024-08-16T09:16:59.232+0000] {subprocess.py:94} INFO - [0m09:16:59
[2024-08-16T09:16:59.256+0000] {log.py:232} WARNING - [[34m2024-08-16T09:16:59.255+0000[0m] {[34msubprocess.py:[0m94} INFO[0m - [35m(astronomer-cosmos)[0m - [0m09:16:59  1 of 1 START sql incremental model DWH.fct_weather_data_daily .................. [RUN][0m
[2024-08-16T09:16:59.258+0000] {log.py:232} WARNING - [[34m2024-08-16T09:16:59.255+0000[0m] {[34msubprocess.py:[0m94} INFO[0m - [35m(astronomer-cosmos)[0m - [0m09:16:59  1 of 1 START sql incremental model DWH.fct_weather_data_daily .................. [RUN][0m
[2024-08-16T09:16:59.255+0000] {subprocess.py:94} INFO - [0m09:16:59  1 of 1 START sql incremental model DWH.fct_weather_data_daily .................. [RUN]
[2024-08-16T09:17:03.269+0000] {log.py:232} WARNING - [[34m2024-08-16T09:17:03.268+0000[0m] {[34msubprocess.py:[0m94} INFO[0m - [35m(astronomer-cosmos)[0m - [0m09:17:03  1 of 1 OK created sql incremental model DWH.fct_weather_data_daily ............. [[32mSUCCESS 0[0m in 4.01s][0m
[2024-08-16T09:17:03.269+0000] {log.py:232} WARNING - [[34m2024-08-16T09:17:03.268+0000[0m] {[34msubprocess.py:[0m94} INFO[0m - [35m(astronomer-cosmos)[0m - [0m09:17:03  1 of 1 OK created sql incremental model DWH.fct_weather_data_daily ............. [[32mSUCCESS 0[0m in 4.01s][0m
[2024-08-16T09:17:03.268+0000] {subprocess.py:94} INFO - [0m09:17:03  1 of 1 OK created sql incremental model DWH.fct_weather_data_daily ............. [[32mSUCCESS 0[0m in 4.01s]
[2024-08-16T09:17:03.274+0000] {log.py:232} WARNING - [[34m2024-08-16T09:17:03.273+0000[0m] {[34msubprocess.py:[0m94} INFO[0m - [35m(astronomer-cosmos)[0m - [0m09:17:03[0m
[2024-08-16T09:17:03.275+0000] {log.py:232} WARNING - [[34m2024-08-16T09:17:03.273+0000[0m] {[34msubprocess.py:[0m94} INFO[0m - [35m(astronomer-cosmos)[0m - [0m09:17:03[0m
[2024-08-16T09:17:03.273+0000] {subprocess.py:94} INFO - [0m09:17:03
[2024-08-16T09:17:03.276+0000] {log.py:232} WARNING - [[34m2024-08-16T09:17:03.276+0000[0m] {[34msubprocess.py:[0m94} INFO[0m - [35m(astronomer-cosmos)[0m - [0m09:17:03  Finished running 1 incremental model in 0 hours 0 minutes and 7.30 seconds (7.30s).[0m
[2024-08-16T09:17:03.277+0000] {log.py:232} WARNING - [[34m2024-08-16T09:17:03.276+0000[0m] {[34msubprocess.py:[0m94} INFO[0m - [35m(astronomer-cosmos)[0m - [0m09:17:03  Finished running 1 incremental model in 0 hours 0 minutes and 7.30 seconds (7.30s).[0m
[2024-08-16T09:17:03.276+0000] {subprocess.py:94} INFO - [0m09:17:03  Finished running 1 incremental model in 0 hours 0 minutes and 7.30 seconds (7.30s).
[2024-08-16T09:17:03.314+0000] {log.py:232} WARNING - [[34m2024-08-16T09:17:03.313+0000[0m] {[34msubprocess.py:[0m94} INFO[0m - [35m(astronomer-cosmos)[0m - [0m09:17:03[0m
[2024-08-16T09:17:03.315+0000] {log.py:232} WARNING - [[34m2024-08-16T09:17:03.313+0000[0m] {[34msubprocess.py:[0m94} INFO[0m - [35m(astronomer-cosmos)[0m - [0m09:17:03[0m
[2024-08-16T09:17:03.313+0000] {subprocess.py:94} INFO - [0m09:17:03
[2024-08-16T09:17:03.317+0000] {log.py:232} WARNING - [[34m2024-08-16T09:17:03.316+0000[0m] {[34msubprocess.py:[0m94} INFO[0m - [35m(astronomer-cosmos)[0m - [0m09:17:03  [32mCompleted successfully[0m[0m
[2024-08-16T09:17:03.318+0000] {log.py:232} WARNING - [[34m2024-08-16T09:17:03.316+0000[0m] {[34msubprocess.py:[0m94} INFO[0m - [35m(astronomer-cosmos)[0m - [0m09:17:03  [32mCompleted successfully[0m[0m
[2024-08-16T09:17:03.316+0000] {subprocess.py:94} INFO - [0m09:17:03  [32mCompleted successfully[0m
[2024-08-16T09:17:03.319+0000] {log.py:232} WARNING - [[34m2024-08-16T09:17:03.319+0000[0m] {[34msubprocess.py:[0m94} INFO[0m - [35m(astronomer-cosmos)[0m - [0m09:17:03[0m
[2024-08-16T09:17:03.320+0000] {log.py:232} WARNING - [[34m2024-08-16T09:17:03.319+0000[0m] {[34msubprocess.py:[0m94} INFO[0m - [35m(astronomer-cosmos)[0m - [0m09:17:03[0m
[2024-08-16T09:17:03.319+0000] {subprocess.py:94} INFO - [0m09:17:03
[2024-08-16T09:17:03.321+0000] {log.py:232} WARNING - [[34m2024-08-16T09:17:03.321+0000[0m] {[34msubprocess.py:[0m94} INFO[0m - [35m(astronomer-cosmos)[0m - [0m09:17:03  Done. PASS=1 WARN=0 ERROR=0 SKIP=0 TOTAL=1[0m
[2024-08-16T09:17:03.322+0000] {log.py:232} WARNING - [[34m2024-08-16T09:17:03.321+0000[0m] {[34msubprocess.py:[0m94} INFO[0m - [35m(astronomer-cosmos)[0m - [0m09:17:03  Done. PASS=1 WARN=0 ERROR=0 SKIP=0 TOTAL=1[0m
[2024-08-16T09:17:03.321+0000] {subprocess.py:94} INFO - [0m09:17:03  Done. PASS=1 WARN=0 ERROR=0 SKIP=0 TOTAL=1
[2024-08-16T09:17:05.100+0000] {log.py:232} WARNING - [[34m2024-08-16T09:17:05.100+0000[0m] {[34msubprocess.py:[0m98} INFO[0m - [35m(astronomer-cosmos)[0m - Command exited with return code 0[0m
[2024-08-16T09:17:05.101+0000] {log.py:232} WARNING - [[34m2024-08-16T09:17:05.100+0000[0m] {[34msubprocess.py:[0m98} INFO[0m - [35m(astronomer-cosmos)[0m - Command exited with return code 0[0m
[2024-08-16T09:17:05.100+0000] {subprocess.py:98} INFO - Command exited with return code 0
[2024-08-16T09:17:05.103+0000] {log.py:232} WARNING - [[34m2024-08-16T09:17:05.103+0000[0m] {[34mlocal.py:[0m254} INFO[0m - [35m(astronomer-cosmos)[0m - [0m09:17:03  Done. PASS=1 WARN=0 ERROR=0 SKIP=0 TOTAL=1[0m
[2024-08-16T09:17:05.104+0000] {log.py:232} WARNING - [[34m2024-08-16T09:17:05.103+0000[0m] {[34mlocal.py:[0m254} INFO[0m - [35m(astronomer-cosmos)[0m - [0m09:17:03  Done. PASS=1 WARN=0 ERROR=0 SKIP=0 TOTAL=1[0m
[2024-08-16T09:17:05.103+0000] {local.py:254} INFO - [0m09:17:03  Done. PASS=1 WARN=0 ERROR=0 SKIP=0 TOTAL=1
[2024-08-16T09:17:05.129+0000] {local.py:196} WARNING - Artifact schema version: https://schemas.getdbt.com/dbt/manifest/v12.json is above dbt-ol supported version 7. This might cause errors.
[2024-08-16T09:17:05.131+0000] {local.py:196} WARNING - Artifact schema version: https://schemas.getdbt.com/dbt/run-results/v6.json is above dbt-ol supported version 5. This might cause errors.
[2024-08-16T09:17:05.142+0000] {log.py:232} WARNING - [[34m2024-08-16T09:17:05.141+0000[0m] {[34mlocal.py:[0m349} INFO[0m - [35m(astronomer-cosmos)[0m - Inlets: [Dataset(uri='snowflake://uz36730.ap-southeast-1.aws/POC_DATA_MARKETPLACE.DWH.stg_avg_convert_field', extra=None), Dataset(uri='snowflake://uz36730.ap-southeast-1.aws/POC_DATA_MARKETPLACE.DWH.stg_wind_speed', extra=None)][0m
[2024-08-16T09:17:05.142+0000] {log.py:232} WARNING - [[34m2024-08-16T09:17:05.141+0000[0m] {[34mlocal.py:[0m349} INFO[0m - [35m(astronomer-cosmos)[0m - Inlets: [Dataset(uri='snowflake://uz36730.ap-southeast-1.aws/POC_DATA_MARKETPLACE.DWH.stg_avg_convert_field', extra=None), Dataset(uri='snowflake://uz36730.ap-southeast-1.aws/POC_DATA_MARKETPLACE.DWH.stg_wind_speed', extra=None)][0m
[2024-08-16T09:17:05.141+0000] {local.py:349} INFO - Inlets: [Dataset(uri='snowflake://uz36730.ap-southeast-1.aws/POC_DATA_MARKETPLACE.DWH.stg_avg_convert_field', extra=None), Dataset(uri='snowflake://uz36730.ap-southeast-1.aws/POC_DATA_MARKETPLACE.DWH.stg_wind_speed', extra=None)]
[2024-08-16T09:17:05.144+0000] {log.py:232} WARNING - [[34m2024-08-16T09:17:05.144+0000[0m] {[34mlocal.py:[0m350} INFO[0m - [35m(astronomer-cosmos)[0m - Outlets: [Dataset(uri='snowflake://uz36730.ap-southeast-1.aws/POC_DATA_MARKETPLACE.DWH.fct_weather_data_daily', extra=None)][0m
[2024-08-16T09:17:05.145+0000] {log.py:232} WARNING - [[34m2024-08-16T09:17:05.144+0000[0m] {[34mlocal.py:[0m350} INFO[0m - [35m(astronomer-cosmos)[0m - Outlets: [Dataset(uri='snowflake://uz36730.ap-southeast-1.aws/POC_DATA_MARKETPLACE.DWH.fct_weather_data_daily', extra=None)][0m
[2024-08-16T09:17:05.144+0000] {local.py:350} INFO - Outlets: [Dataset(uri='snowflake://uz36730.ap-southeast-1.aws/POC_DATA_MARKETPLACE.DWH.fct_weather_data_daily', extra=None)]
[2024-08-16T09:17:05.147+0000] {dag.py:3096} INFO - Sync 1 DAGs
[2024-08-16T09:17:05.169+0000] {dag.py:3954} INFO - Setting next_dagrun for Prediction_Model to None, run_after=None
[2024-08-16T09:17:05.222+0000] {taskinstance.py:441} INFO - ::group::Post task execution logs
[2024-08-16T09:17:05.272+0000] {taskinstance.py:1206} INFO - Marking task as SUCCESS. dag_id=Prediction_Model, task_id=weather_data_daily_models.fct_weather_data_daily_run, run_id=manual__2024-08-16T09:16:34.581420+00:00, execution_date=20240816T091634, start_date=20240816T091651, end_date=20240816T091705
[2024-08-16T09:17:05.332+0000] {local_task_job_runner.py:240} INFO - Task exited with return code 0
[2024-08-16T09:17:05.378+0000] {taskinstance.py:3503} INFO - 1 downstream tasks scheduled from follow-on schedule check
[2024-08-16T09:17:05.383+0000] {local_task_job_runner.py:222} INFO - ::endgroup::
