[2024-08-13T16:08:22.046+0000] {local_task_job_runner.py:120} INFO - ::group::Pre task execution logs
[2024-08-13T16:08:22.142+0000] {taskinstance.py:2076} INFO - Dependencies all met for dep_context=non-requeueable deps ti=<TaskInstance: Weather_Data_Extraction.generate_output_file backfill__2024-01-16T00:00:00+00:00 [queued]>
[2024-08-13T16:08:22.530+0000] {taskinstance.py:2076} INFO - Dependencies all met for dep_context=requeueable deps ti=<TaskInstance: Weather_Data_Extraction.generate_output_file backfill__2024-01-16T00:00:00+00:00 [queued]>
[2024-08-13T16:08:22.533+0000] {taskinstance.py:2306} INFO - Starting attempt 1 of 1
[2024-08-13T16:08:22.590+0000] {taskinstance.py:2330} INFO - Executing <Task(PythonOperator): generate_output_file> on 2024-01-16 00:00:00+00:00
[2024-08-13T16:08:22.620+0000] {warnings.py:112} WARNING - /home/***/.local/lib/python3.12/site-packages/***/task/task_runner/standard_task_runner.py:61: DeprecationWarning: This process (pid=820) is multi-threaded, use of fork() may lead to deadlocks in the child.
  pid = os.fork()

[2024-08-13T16:08:22.623+0000] {standard_task_runner.py:63} INFO - Started process 840 to run task
[2024-08-13T16:08:22.624+0000] {standard_task_runner.py:90} INFO - Running: ['***', 'tasks', 'run', 'Weather_Data_Extraction', 'generate_output_file', 'backfill__2024-01-16T00:00:00+00:00', '--job-id', '127', '--pool', 'default_pool', '--raw', '--subdir', 'DAGS_FOLDER/Data_Weather_Extraction.py', '--cfg-path', '/tmp/tmp8bfyqv72']
[2024-08-13T16:08:22.629+0000] {standard_task_runner.py:91} INFO - Job 127: Subtask generate_output_file
[2024-08-13T16:08:22.701+0000] {warnings.py:112} WARNING - /home/***/.local/lib/python3.12/site-packages/***/settings.py:195: DeprecationWarning: The sql_alchemy_conn option in [core] has been moved to the sql_alchemy_conn option in [database] - the old setting has been used, but please update your config.
  SQL_ALCHEMY_CONN = conf.get("database", "SQL_ALCHEMY_CONN")

[2024-08-13T16:08:22.816+0000] {task_command.py:426} INFO - Running <TaskInstance: Weather_Data_Extraction.generate_output_file backfill__2024-01-16T00:00:00+00:00 [running]> on host ubuntu
[2024-08-13T16:08:23.215+0000] {taskinstance.py:2648} INFO - Exporting env vars: AIRFLOW_CTX_DAG_OWNER='Ducky' AIRFLOW_CTX_DAG_ID='Weather_Data_Extraction' AIRFLOW_CTX_TASK_ID='generate_output_file' AIRFLOW_CTX_EXECUTION_DATE='2024-01-16T00:00:00+00:00' AIRFLOW_CTX_TRY_NUMBER='1' AIRFLOW_CTX_DAG_RUN_ID='backfill__2024-01-16T00:00:00+00:00'
[2024-08-13T16:08:23.221+0000] {taskinstance.py:430} INFO - ::endgroup::
[2024-08-13T16:08:23.268+0000] {logging_mixin.py:188} INFO - Generated output file: Data_Weather-20240116.csv
[2024-08-13T16:08:23.272+0000] {logging_mixin.py:188} INFO - Execution Date: 2024/01/16
[2024-08-13T16:08:23.424+0000] {python.py:237} INFO - Done. Returned value was: None
[2024-08-13T16:08:23.429+0000] {taskinstance.py:441} INFO - ::group::Post task execution logs
[2024-08-13T16:08:23.454+0000] {taskinstance.py:1206} INFO - Marking task as SUCCESS. dag_id=Weather_Data_Extraction, task_id=generate_output_file, run_id=backfill__2024-01-16T00:00:00+00:00, execution_date=20240116T000000, start_date=20240813T160822, end_date=20240813T160823
[2024-08-13T16:08:23.535+0000] {local_task_job_runner.py:240} INFO - Task exited with return code 0
[2024-08-13T16:08:23.630+0000] {taskinstance.py:3503} INFO - 1 downstream tasks scheduled from follow-on schedule check
[2024-08-13T16:08:23.655+0000] {local_task_job_runner.py:222} INFO - ::endgroup::
[2024-08-14T03:07:00.076+0000] {local_task_job_runner.py:120} INFO - ::group::Pre task execution logs
[2024-08-14T03:07:00.095+0000] {taskinstance.py:2076} INFO - Dependencies all met for dep_context=non-requeueable deps ti=<TaskInstance: Weather_Data_Extraction.generate_output_file backfill__2024-01-16T00:00:00+00:00 [queued]>
[2024-08-14T03:07:00.241+0000] {taskinstance.py:2076} INFO - Dependencies all met for dep_context=requeueable deps ti=<TaskInstance: Weather_Data_Extraction.generate_output_file backfill__2024-01-16T00:00:00+00:00 [queued]>
[2024-08-14T03:07:00.242+0000] {taskinstance.py:2306} INFO - Starting attempt 1 of 1
[2024-08-14T03:07:00.257+0000] {taskinstance.py:2330} INFO - Executing <Task(PythonOperator): generate_output_file> on 2024-01-16 00:00:00+00:00
[2024-08-14T03:07:00.264+0000] {warnings.py:112} WARNING - /home/***/.local/lib/python3.12/site-packages/***/task/task_runner/standard_task_runner.py:61: DeprecationWarning: This process (pid=757) is multi-threaded, use of fork() may lead to deadlocks in the child.
  pid = os.fork()

[2024-08-14T03:07:00.266+0000] {standard_task_runner.py:63} INFO - Started process 759 to run task
[2024-08-14T03:07:00.266+0000] {standard_task_runner.py:90} INFO - Running: ['***', 'tasks', 'run', 'Weather_Data_Extraction', 'generate_output_file', 'backfill__2024-01-16T00:00:00+00:00', '--job-id', '399', '--pool', 'default_pool', '--raw', '--subdir', 'DAGS_FOLDER/Data_Weather_Extraction.py', '--cfg-path', '/tmp/tmp__j23fys']
[2024-08-14T03:07:00.269+0000] {standard_task_runner.py:91} INFO - Job 399: Subtask generate_output_file
[2024-08-14T03:07:00.359+0000] {task_command.py:426} INFO - Running <TaskInstance: Weather_Data_Extraction.generate_output_file backfill__2024-01-16T00:00:00+00:00 [running]> on host ubuntu
[2024-08-14T03:07:00.480+0000] {taskinstance.py:2648} INFO - Exporting env vars: AIRFLOW_CTX_DAG_OWNER='Ducky' AIRFLOW_CTX_DAG_ID='Weather_Data_Extraction' AIRFLOW_CTX_TASK_ID='generate_output_file' AIRFLOW_CTX_EXECUTION_DATE='2024-01-16T00:00:00+00:00' AIRFLOW_CTX_TRY_NUMBER='1' AIRFLOW_CTX_DAG_RUN_ID='backfill__2024-01-16T00:00:00+00:00'
[2024-08-14T03:07:00.482+0000] {taskinstance.py:430} INFO - ::endgroup::
[2024-08-14T03:07:00.495+0000] {logging_mixin.py:188} INFO - Generated output file: Data_Weather-20240116.csv
[2024-08-14T03:07:00.496+0000] {logging_mixin.py:188} INFO - Execution Date: 2024/01/16
[2024-08-14T03:07:00.521+0000] {python.py:237} INFO - Done. Returned value was: None
[2024-08-14T03:07:00.523+0000] {taskinstance.py:441} INFO - ::group::Post task execution logs
[2024-08-14T03:07:00.534+0000] {taskinstance.py:1206} INFO - Marking task as SUCCESS. dag_id=Weather_Data_Extraction, task_id=generate_output_file, run_id=backfill__2024-01-16T00:00:00+00:00, execution_date=20240116T000000, start_date=20240814T030700, end_date=20240814T030700
[2024-08-14T03:07:00.563+0000] {local_task_job_runner.py:240} INFO - Task exited with return code 0
[2024-08-14T03:07:00.604+0000] {taskinstance.py:3503} INFO - 1 downstream tasks scheduled from follow-on schedule check
[2024-08-14T03:07:00.609+0000] {local_task_job_runner.py:222} INFO - ::endgroup::
