[2024-08-09T08:46:55.378+0000] {local_task_job_runner.py:120} INFO - ::group::Pre task execution logs
[2024-08-09T08:46:55.400+0000] {taskinstance.py:2076} INFO - Dependencies all met for dep_context=non-requeueable deps ti=<TaskInstance: Scrape_Province.invoke_lambda_task scheduled__2024-08-08T00:00:00+00:00 [queued]>
[2024-08-09T08:46:55.411+0000] {taskinstance.py:2076} INFO - Dependencies all met for dep_context=requeueable deps ti=<TaskInstance: Scrape_Province.invoke_lambda_task scheduled__2024-08-08T00:00:00+00:00 [queued]>
[2024-08-09T08:46:55.411+0000] {taskinstance.py:2306} INFO - Starting attempt 1 of 1
[2024-08-09T08:46:55.607+0000] {taskinstance.py:2330} INFO - Executing <Task(PythonOperator): invoke_lambda_task> on 2024-08-08 00:00:00+00:00
[2024-08-09T08:46:55.620+0000] {warnings.py:112} WARNING - /home/***/.local/lib/python3.12/site-packages/***/task/task_runner/standard_task_runner.py:61: DeprecationWarning: This process (pid=941) is multi-threaded, use of fork() may lead to deadlocks in the child.
  pid = os.fork()

[2024-08-09T08:46:55.621+0000] {standard_task_runner.py:63} INFO - Started process 945 to run task
[2024-08-09T08:46:55.624+0000] {standard_task_runner.py:90} INFO - Running: ['***', 'tasks', 'run', 'Scrape_Province', 'invoke_lambda_task', 'scheduled__2024-08-08T00:00:00+00:00', '--job-id', '43', '--raw', '--subdir', 'DAGS_FOLDER/Province_Extraction.py', '--cfg-path', '/tmp/tmpx_krxtgs']
[2024-08-09T08:46:55.627+0000] {standard_task_runner.py:91} INFO - Job 43: Subtask invoke_lambda_task
[2024-08-09T08:46:55.642+0000] {warnings.py:112} WARNING - /home/***/.local/lib/python3.12/site-packages/***/settings.py:195: DeprecationWarning: The sql_alchemy_conn option in [core] has been moved to the sql_alchemy_conn option in [database] - the old setting has been used, but please update your config.
  SQL_ALCHEMY_CONN = conf.get("database", "SQL_ALCHEMY_CONN")

[2024-08-09T08:46:55.685+0000] {task_command.py:426} INFO - Running <TaskInstance: Scrape_Province.invoke_lambda_task scheduled__2024-08-08T00:00:00+00:00 [running]> on host ubuntu
[2024-08-09T08:46:55.778+0000] {taskinstance.py:2648} INFO - Exporting env vars: AIRFLOW_CTX_DAG_OWNER='Ducky' AIRFLOW_CTX_DAG_ID='Scrape_Province' AIRFLOW_CTX_TASK_ID='invoke_lambda_task' AIRFLOW_CTX_EXECUTION_DATE='2024-08-08T00:00:00+00:00' AIRFLOW_CTX_TRY_NUMBER='1' AIRFLOW_CTX_DAG_RUN_ID='scheduled__2024-08-08T00:00:00+00:00'
[2024-08-09T08:46:55.779+0000] {taskinstance.py:430} INFO - ::endgroup::
[2024-08-09T08:46:55.809+0000] {logging_mixin.py:188} INFO - province_table-20240808.csv
[2024-08-09T08:46:55.809+0000] {logging_mixin.py:188} INFO - {"execution_date": "province_table-20240808.csv"}
[2024-08-09T08:46:55.809+0000] {logging_mixin.py:188} INFO - https://4d1d8hk23f.execute-api.ap-southeast-2.amazonaws.com/dev?execution_date=province_table-20240808.csv
[2024-08-09T08:47:01.240+0000] {logging_mixin.py:188} INFO - Lambda function invoked successfully.
[2024-08-09T08:47:01.240+0000] {logging_mixin.py:188} INFO - Response: {'statusCode': 200, 'body': '{"execution_date": "province_table-20240808.csv"}'}
[2024-08-09T08:47:01.242+0000] {python.py:237} INFO - Done. Returned value was: None
[2024-08-09T08:47:01.242+0000] {taskinstance.py:441} INFO - ::group::Post task execution logs
[2024-08-09T08:47:01.253+0000] {taskinstance.py:1206} INFO - Marking task as SUCCESS. dag_id=Scrape_Province, task_id=invoke_lambda_task, run_id=scheduled__2024-08-08T00:00:00+00:00, execution_date=20240808T000000, start_date=20240809T084655, end_date=20240809T084701
[2024-08-09T08:47:01.305+0000] {local_task_job_runner.py:240} INFO - Task exited with return code 0
[2024-08-09T08:47:01.333+0000] {taskinstance.py:3503} INFO - 1 downstream tasks scheduled from follow-on schedule check
[2024-08-09T08:47:01.335+0000] {local_task_job_runner.py:222} INFO - ::endgroup::
[2024-08-09T08:51:45.721+0000] {local_task_job_runner.py:120} INFO - ::group::Pre task execution logs
[2024-08-09T08:51:45.739+0000] {taskinstance.py:2076} INFO - Dependencies all met for dep_context=non-requeueable deps ti=<TaskInstance: Scrape_Province.invoke_lambda_task scheduled__2024-08-08T00:00:00+00:00 [queued]>
[2024-08-09T08:51:45.749+0000] {taskinstance.py:2076} INFO - Dependencies all met for dep_context=requeueable deps ti=<TaskInstance: Scrape_Province.invoke_lambda_task scheduled__2024-08-08T00:00:00+00:00 [queued]>
[2024-08-09T08:51:45.749+0000] {taskinstance.py:2306} INFO - Starting attempt 1 of 1
[2024-08-09T08:51:45.928+0000] {taskinstance.py:2330} INFO - Executing <Task(PythonOperator): invoke_lambda_task> on 2024-08-08 00:00:00+00:00
[2024-08-09T08:51:45.942+0000] {warnings.py:112} WARNING - /home/***/.local/lib/python3.12/site-packages/***/task/task_runner/standard_task_runner.py:61: DeprecationWarning: This process (pid=1014) is multi-threaded, use of fork() may lead to deadlocks in the child.
  pid = os.fork()

[2024-08-09T08:51:45.944+0000] {standard_task_runner.py:63} INFO - Started process 1016 to run task
[2024-08-09T08:51:45.947+0000] {standard_task_runner.py:90} INFO - Running: ['***', 'tasks', 'run', 'Scrape_Province', 'invoke_lambda_task', 'scheduled__2024-08-08T00:00:00+00:00', '--job-id', '46', '--raw', '--subdir', 'DAGS_FOLDER/Province_Extraction.py', '--cfg-path', '/tmp/tmp8stptvh3']
[2024-08-09T08:51:45.949+0000] {standard_task_runner.py:91} INFO - Job 46: Subtask invoke_lambda_task
[2024-08-09T08:51:45.966+0000] {warnings.py:112} WARNING - /home/***/.local/lib/python3.12/site-packages/***/settings.py:195: DeprecationWarning: The sql_alchemy_conn option in [core] has been moved to the sql_alchemy_conn option in [database] - the old setting has been used, but please update your config.
  SQL_ALCHEMY_CONN = conf.get("database", "SQL_ALCHEMY_CONN")

[2024-08-09T08:51:46.008+0000] {task_command.py:426} INFO - Running <TaskInstance: Scrape_Province.invoke_lambda_task scheduled__2024-08-08T00:00:00+00:00 [running]> on host ubuntu
[2024-08-09T08:51:46.104+0000] {taskinstance.py:2648} INFO - Exporting env vars: AIRFLOW_CTX_DAG_OWNER='Ducky' AIRFLOW_CTX_DAG_ID='Scrape_Province' AIRFLOW_CTX_TASK_ID='invoke_lambda_task' AIRFLOW_CTX_EXECUTION_DATE='2024-08-08T00:00:00+00:00' AIRFLOW_CTX_TRY_NUMBER='1' AIRFLOW_CTX_DAG_RUN_ID='scheduled__2024-08-08T00:00:00+00:00'
[2024-08-09T08:51:46.107+0000] {taskinstance.py:430} INFO - ::endgroup::
[2024-08-09T08:51:46.139+0000] {logging_mixin.py:188} INFO - province_table-20240808.csv
[2024-08-09T08:51:46.139+0000] {logging_mixin.py:188} INFO - {"execution_date": "province_table-20240808.csv"}
[2024-08-09T08:51:46.139+0000] {logging_mixin.py:188} INFO - https://4d1d8hk23f.execute-api.ap-southeast-2.amazonaws.com/dev?execution_date=province_table-20240808.csv
[2024-08-09T08:51:47.657+0000] {logging_mixin.py:188} INFO - Lambda function invoked successfully.
[2024-08-09T08:51:47.658+0000] {logging_mixin.py:188} INFO - Response: {'statusCode': 200, 'body': '{"execution_date": "province_table-20240808.csv"}'}
[2024-08-09T08:51:47.659+0000] {python.py:237} INFO - Done. Returned value was: None
[2024-08-09T08:51:47.660+0000] {taskinstance.py:441} INFO - ::group::Post task execution logs
[2024-08-09T08:51:47.670+0000] {taskinstance.py:1206} INFO - Marking task as SUCCESS. dag_id=Scrape_Province, task_id=invoke_lambda_task, run_id=scheduled__2024-08-08T00:00:00+00:00, execution_date=20240808T000000, start_date=20240809T085145, end_date=20240809T085147
[2024-08-09T08:51:47.725+0000] {local_task_job_runner.py:240} INFO - Task exited with return code 0
[2024-08-09T08:51:47.757+0000] {taskinstance.py:3503} INFO - 1 downstream tasks scheduled from follow-on schedule check
[2024-08-09T08:51:47.759+0000] {local_task_job_runner.py:222} INFO - ::endgroup::
[2024-08-09T08:55:49.357+0000] {local_task_job_runner.py:120} INFO - ::group::Pre task execution logs
[2024-08-09T08:55:49.376+0000] {taskinstance.py:2076} INFO - Dependencies all met for dep_context=non-requeueable deps ti=<TaskInstance: Scrape_Province.invoke_lambda_task scheduled__2024-08-08T00:00:00+00:00 [queued]>
[2024-08-09T08:55:49.386+0000] {taskinstance.py:2076} INFO - Dependencies all met for dep_context=requeueable deps ti=<TaskInstance: Scrape_Province.invoke_lambda_task scheduled__2024-08-08T00:00:00+00:00 [queued]>
[2024-08-09T08:55:49.386+0000] {taskinstance.py:2306} INFO - Starting attempt 1 of 1
[2024-08-09T08:55:49.572+0000] {taskinstance.py:2330} INFO - Executing <Task(PythonOperator): invoke_lambda_task> on 2024-08-08 00:00:00+00:00
[2024-08-09T08:55:49.586+0000] {warnings.py:112} WARNING - /home/***/.local/lib/python3.12/site-packages/***/task/task_runner/standard_task_runner.py:61: DeprecationWarning: This process (pid=1098) is multi-threaded, use of fork() may lead to deadlocks in the child.
  pid = os.fork()

[2024-08-09T08:55:49.591+0000] {standard_task_runner.py:63} INFO - Started process 1100 to run task
[2024-08-09T08:55:49.590+0000] {standard_task_runner.py:90} INFO - Running: ['***', 'tasks', 'run', 'Scrape_Province', 'invoke_lambda_task', 'scheduled__2024-08-08T00:00:00+00:00', '--job-id', '58', '--raw', '--subdir', 'DAGS_FOLDER/Province_Extraction.py', '--cfg-path', '/tmp/tmpri3g16l9']
[2024-08-09T08:55:49.595+0000] {standard_task_runner.py:91} INFO - Job 58: Subtask invoke_lambda_task
[2024-08-09T08:55:49.613+0000] {warnings.py:112} WARNING - /home/***/.local/lib/python3.12/site-packages/***/settings.py:195: DeprecationWarning: The sql_alchemy_conn option in [core] has been moved to the sql_alchemy_conn option in [database] - the old setting has been used, but please update your config.
  SQL_ALCHEMY_CONN = conf.get("database", "SQL_ALCHEMY_CONN")

[2024-08-09T08:55:49.656+0000] {task_command.py:426} INFO - Running <TaskInstance: Scrape_Province.invoke_lambda_task scheduled__2024-08-08T00:00:00+00:00 [running]> on host ubuntu
[2024-08-09T08:55:49.751+0000] {taskinstance.py:2648} INFO - Exporting env vars: AIRFLOW_CTX_DAG_OWNER='Ducky' AIRFLOW_CTX_DAG_ID='Scrape_Province' AIRFLOW_CTX_TASK_ID='invoke_lambda_task' AIRFLOW_CTX_EXECUTION_DATE='2024-08-08T00:00:00+00:00' AIRFLOW_CTX_TRY_NUMBER='1' AIRFLOW_CTX_DAG_RUN_ID='scheduled__2024-08-08T00:00:00+00:00'
[2024-08-09T08:55:49.755+0000] {taskinstance.py:430} INFO - ::endgroup::
[2024-08-09T08:55:49.784+0000] {logging_mixin.py:188} INFO - province_table-20240808.csv
[2024-08-09T08:55:49.784+0000] {logging_mixin.py:188} INFO - {"execution_date": "province_table-20240808.csv"}
[2024-08-09T08:55:49.784+0000] {logging_mixin.py:188} INFO - https://4d1d8hk23f.execute-api.ap-southeast-2.amazonaws.com/dev?execution_date=province_table-20240808.csv
[2024-08-09T08:55:50.595+0000] {logging_mixin.py:188} INFO - Lambda function invoked successfully.
[2024-08-09T08:55:50.595+0000] {logging_mixin.py:188} INFO - Response: {'statusCode': 200, 'body': '{"execution_date": "province_table-20240808.csv"}'}
[2024-08-09T08:55:50.597+0000] {python.py:237} INFO - Done. Returned value was: None
[2024-08-09T08:55:50.598+0000] {taskinstance.py:441} INFO - ::group::Post task execution logs
[2024-08-09T08:55:50.609+0000] {taskinstance.py:1206} INFO - Marking task as SUCCESS. dag_id=Scrape_Province, task_id=invoke_lambda_task, run_id=scheduled__2024-08-08T00:00:00+00:00, execution_date=20240808T000000, start_date=20240809T085549, end_date=20240809T085550
[2024-08-09T08:55:50.658+0000] {local_task_job_runner.py:240} INFO - Task exited with return code 0
[2024-08-09T08:55:50.688+0000] {taskinstance.py:3503} INFO - 1 downstream tasks scheduled from follow-on schedule check
[2024-08-09T08:55:50.690+0000] {local_task_job_runner.py:222} INFO - ::endgroup::
[2024-08-09T09:01:16.246+0000] {local_task_job_runner.py:120} INFO - ::group::Pre task execution logs
[2024-08-09T09:01:16.266+0000] {taskinstance.py:2076} INFO - Dependencies all met for dep_context=non-requeueable deps ti=<TaskInstance: Scrape_Province.invoke_lambda_task scheduled__2024-08-08T00:00:00+00:00 [queued]>
[2024-08-09T09:01:16.447+0000] {taskinstance.py:2076} INFO - Dependencies all met for dep_context=requeueable deps ti=<TaskInstance: Scrape_Province.invoke_lambda_task scheduled__2024-08-08T00:00:00+00:00 [queued]>
[2024-08-09T09:01:16.447+0000] {taskinstance.py:2306} INFO - Starting attempt 1 of 1
[2024-08-09T09:01:16.460+0000] {taskinstance.py:2330} INFO - Executing <Task(PythonOperator): invoke_lambda_task> on 2024-08-08 00:00:00+00:00
[2024-08-09T09:01:16.471+0000] {warnings.py:112} WARNING - /home/***/.local/lib/python3.12/site-packages/***/task/task_runner/standard_task_runner.py:61: DeprecationWarning: This process (pid=1243) is multi-threaded, use of fork() may lead to deadlocks in the child.
  pid = os.fork()

[2024-08-09T09:01:16.473+0000] {standard_task_runner.py:63} INFO - Started process 1245 to run task
[2024-08-09T09:01:16.474+0000] {standard_task_runner.py:90} INFO - Running: ['***', 'tasks', 'run', 'Scrape_Province', 'invoke_lambda_task', 'scheduled__2024-08-08T00:00:00+00:00', '--job-id', '73', '--raw', '--subdir', 'DAGS_FOLDER/Province_Extraction.py', '--cfg-path', '/tmp/tmp31iy4zwy']
[2024-08-09T09:01:16.477+0000] {standard_task_runner.py:91} INFO - Job 73: Subtask invoke_lambda_task
[2024-08-09T09:01:16.490+0000] {warnings.py:112} WARNING - /home/***/.local/lib/python3.12/site-packages/***/settings.py:195: DeprecationWarning: The sql_alchemy_conn option in [core] has been moved to the sql_alchemy_conn option in [database] - the old setting has been used, but please update your config.
  SQL_ALCHEMY_CONN = conf.get("database", "SQL_ALCHEMY_CONN")

[2024-08-09T09:01:16.527+0000] {task_command.py:426} INFO - Running <TaskInstance: Scrape_Province.invoke_lambda_task scheduled__2024-08-08T00:00:00+00:00 [running]> on host ubuntu
[2024-08-09T09:01:16.620+0000] {taskinstance.py:2648} INFO - Exporting env vars: AIRFLOW_CTX_DAG_OWNER='Ducky' AIRFLOW_CTX_DAG_ID='Scrape_Province' AIRFLOW_CTX_TASK_ID='invoke_lambda_task' AIRFLOW_CTX_EXECUTION_DATE='2024-08-08T00:00:00+00:00' AIRFLOW_CTX_TRY_NUMBER='1' AIRFLOW_CTX_DAG_RUN_ID='scheduled__2024-08-08T00:00:00+00:00'
[2024-08-09T09:01:16.621+0000] {taskinstance.py:430} INFO - ::endgroup::
[2024-08-09T09:01:16.649+0000] {logging_mixin.py:188} INFO - province_table-20240808.csv
[2024-08-09T09:01:16.649+0000] {logging_mixin.py:188} INFO - {"execution_date": "province_table-20240808.csv"}
[2024-08-09T09:01:16.649+0000] {logging_mixin.py:188} INFO - https://4d1d8hk23f.execute-api.ap-southeast-2.amazonaws.com/dev?execution_date=province_table-20240808.csv
[2024-08-09T09:01:17.435+0000] {logging_mixin.py:188} INFO - Lambda function invoked successfully.
[2024-08-09T09:01:17.435+0000] {logging_mixin.py:188} INFO - Response: {'statusCode': 200, 'body': '{"execution_date": "province_table-20240808.csv"}'}
[2024-08-09T09:01:17.437+0000] {python.py:237} INFO - Done. Returned value was: None
[2024-08-09T09:01:17.438+0000] {taskinstance.py:441} INFO - ::group::Post task execution logs
[2024-08-09T09:01:17.448+0000] {taskinstance.py:1206} INFO - Marking task as SUCCESS. dag_id=Scrape_Province, task_id=invoke_lambda_task, run_id=scheduled__2024-08-08T00:00:00+00:00, execution_date=20240808T000000, start_date=20240809T090116, end_date=20240809T090117
[2024-08-09T09:01:17.493+0000] {local_task_job_runner.py:240} INFO - Task exited with return code 0
[2024-08-09T09:01:17.526+0000] {taskinstance.py:3503} INFO - 1 downstream tasks scheduled from follow-on schedule check
[2024-08-09T09:01:17.528+0000] {local_task_job_runner.py:222} INFO - ::endgroup::
