[2024-08-13T16:09:15.165+0000] {local_task_job_runner.py:120} INFO - ::group::Pre task execution logs
[2024-08-13T16:09:15.193+0000] {taskinstance.py:2076} INFO - Dependencies all met for dep_context=non-requeueable deps ti=<TaskInstance: Weather_Data_Extraction.generate_output_file backfill__2024-02-01T00:00:00+00:00 [queued]>
[2024-08-13T16:09:15.469+0000] {taskinstance.py:2076} INFO - Dependencies all met for dep_context=requeueable deps ti=<TaskInstance: Weather_Data_Extraction.generate_output_file backfill__2024-02-01T00:00:00+00:00 [queued]>
[2024-08-13T16:09:15.470+0000] {taskinstance.py:2306} INFO - Starting attempt 1 of 1
[2024-08-13T16:09:15.501+0000] {taskinstance.py:2330} INFO - Executing <Task(PythonOperator): generate_output_file> on 2024-02-01 00:00:00+00:00
[2024-08-13T16:09:15.525+0000] {warnings.py:112} WARNING - /home/***/.local/lib/python3.12/site-packages/***/task/task_runner/standard_task_runner.py:61: DeprecationWarning: This process (pid=976) is multi-threaded, use of fork() may lead to deadlocks in the child.
  pid = os.fork()

[2024-08-13T16:09:15.528+0000] {standard_task_runner.py:63} INFO - Started process 992 to run task
[2024-08-13T16:09:15.544+0000] {standard_task_runner.py:90} INFO - Running: ['***', 'tasks', 'run', 'Weather_Data_Extraction', 'generate_output_file', 'backfill__2024-02-01T00:00:00+00:00', '--job-id', '170', '--pool', 'default_pool', '--raw', '--subdir', 'DAGS_FOLDER/Data_Weather_Extraction.py', '--cfg-path', '/tmp/tmpdfth8tqd']
[2024-08-13T16:09:15.548+0000] {standard_task_runner.py:91} INFO - Job 170: Subtask generate_output_file
[2024-08-13T16:09:15.574+0000] {warnings.py:112} WARNING - /home/***/.local/lib/python3.12/site-packages/***/settings.py:195: DeprecationWarning: The sql_alchemy_conn option in [core] has been moved to the sql_alchemy_conn option in [database] - the old setting has been used, but please update your config.
  SQL_ALCHEMY_CONN = conf.get("database", "SQL_ALCHEMY_CONN")

[2024-08-13T16:09:15.678+0000] {task_command.py:426} INFO - Running <TaskInstance: Weather_Data_Extraction.generate_output_file backfill__2024-02-01T00:00:00+00:00 [running]> on host ubuntu
[2024-08-13T16:09:15.924+0000] {taskinstance.py:2648} INFO - Exporting env vars: AIRFLOW_CTX_DAG_OWNER='Ducky' AIRFLOW_CTX_DAG_ID='Weather_Data_Extraction' AIRFLOW_CTX_TASK_ID='generate_output_file' AIRFLOW_CTX_EXECUTION_DATE='2024-02-01T00:00:00+00:00' AIRFLOW_CTX_TRY_NUMBER='1' AIRFLOW_CTX_DAG_RUN_ID='backfill__2024-02-01T00:00:00+00:00'
[2024-08-13T16:09:15.932+0000] {taskinstance.py:430} INFO - ::endgroup::
[2024-08-13T16:09:15.988+0000] {logging_mixin.py:188} INFO - Generated output file: Data_Weather-20240201.csv
[2024-08-13T16:09:15.994+0000] {logging_mixin.py:188} INFO - Execution Date: 2024/02/01
[2024-08-13T16:09:16.068+0000] {python.py:237} INFO - Done. Returned value was: None
[2024-08-13T16:09:16.076+0000] {taskinstance.py:441} INFO - ::group::Post task execution logs
[2024-08-13T16:09:16.131+0000] {taskinstance.py:1206} INFO - Marking task as SUCCESS. dag_id=Weather_Data_Extraction, task_id=generate_output_file, run_id=backfill__2024-02-01T00:00:00+00:00, execution_date=20240201T000000, start_date=20240813T160915, end_date=20240813T160916
[2024-08-13T16:09:16.193+0000] {local_task_job_runner.py:240} INFO - Task exited with return code 0
[2024-08-13T16:09:16.293+0000] {taskinstance.py:3503} INFO - 0 downstream tasks scheduled from follow-on schedule check
[2024-08-13T16:09:16.304+0000] {local_task_job_runner.py:222} INFO - ::endgroup::
[2024-08-14T03:31:01.105+0000] {local_task_job_runner.py:120} INFO - ::group::Pre task execution logs
[2024-08-14T03:31:01.126+0000] {taskinstance.py:2076} INFO - Dependencies all met for dep_context=non-requeueable deps ti=<TaskInstance: Weather_Data_Extraction.generate_output_file backfill__2024-02-01T00:00:00+00:00 [queued]>
[2024-08-14T03:31:01.275+0000] {taskinstance.py:2076} INFO - Dependencies all met for dep_context=requeueable deps ti=<TaskInstance: Weather_Data_Extraction.generate_output_file backfill__2024-02-01T00:00:00+00:00 [queued]>
[2024-08-14T03:31:01.276+0000] {taskinstance.py:2306} INFO - Starting attempt 1 of 1
[2024-08-14T03:31:01.307+0000] {taskinstance.py:2330} INFO - Executing <Task(PythonOperator): generate_output_file> on 2024-02-01 00:00:00+00:00
[2024-08-14T03:31:01.323+0000] {warnings.py:112} WARNING - /home/***/.local/lib/python3.12/site-packages/***/task/task_runner/standard_task_runner.py:61: DeprecationWarning: This process (pid=1305) is multi-threaded, use of fork() may lead to deadlocks in the child.
  pid = os.fork()

[2024-08-14T03:31:01.327+0000] {standard_task_runner.py:63} INFO - Started process 1307 to run task
[2024-08-14T03:31:01.328+0000] {standard_task_runner.py:90} INFO - Running: ['***', 'tasks', 'run', 'Weather_Data_Extraction', 'generate_output_file', 'backfill__2024-02-01T00:00:00+00:00', '--job-id', '479', '--pool', 'default_pool', '--raw', '--subdir', 'DAGS_FOLDER/Data_Weather_Extraction.py', '--cfg-path', '/tmp/tmptt_ogrrs']
[2024-08-14T03:31:01.336+0000] {standard_task_runner.py:91} INFO - Job 479: Subtask generate_output_file
[2024-08-14T03:31:01.445+0000] {task_command.py:426} INFO - Running <TaskInstance: Weather_Data_Extraction.generate_output_file backfill__2024-02-01T00:00:00+00:00 [running]> on host ubuntu
[2024-08-14T03:31:01.580+0000] {taskinstance.py:2648} INFO - Exporting env vars: AIRFLOW_CTX_DAG_OWNER='Ducky' AIRFLOW_CTX_DAG_ID='Weather_Data_Extraction' AIRFLOW_CTX_TASK_ID='generate_output_file' AIRFLOW_CTX_EXECUTION_DATE='2024-02-01T00:00:00+00:00' AIRFLOW_CTX_TRY_NUMBER='1' AIRFLOW_CTX_DAG_RUN_ID='backfill__2024-02-01T00:00:00+00:00'
[2024-08-14T03:31:01.582+0000] {taskinstance.py:430} INFO - ::endgroup::
[2024-08-14T03:31:01.600+0000] {logging_mixin.py:188} INFO - Generated output file: Data_Weather-20240201.csv
[2024-08-14T03:31:01.602+0000] {logging_mixin.py:188} INFO - Execution Date: 2024/02/01
[2024-08-14T03:31:01.634+0000] {python.py:237} INFO - Done. Returned value was: None
[2024-08-14T03:31:01.635+0000] {taskinstance.py:441} INFO - ::group::Post task execution logs
[2024-08-14T03:31:01.647+0000] {taskinstance.py:1206} INFO - Marking task as SUCCESS. dag_id=Weather_Data_Extraction, task_id=generate_output_file, run_id=backfill__2024-02-01T00:00:00+00:00, execution_date=20240201T000000, start_date=20240814T033101, end_date=20240814T033101
[2024-08-14T03:31:01.706+0000] {local_task_job_runner.py:240} INFO - Task exited with return code 0
[2024-08-14T03:31:01.735+0000] {taskinstance.py:3503} INFO - 1 downstream tasks scheduled from follow-on schedule check
[2024-08-14T03:31:01.738+0000] {local_task_job_runner.py:222} INFO - ::endgroup::
