[2024-08-16T09:52:49.112+0000] {local_task_job_runner.py:120} INFO - ::group::Pre task execution logs
[2024-08-16T09:52:49.275+0000] {taskinstance.py:2076} INFO - Dependencies all met for dep_context=non-requeueable deps ti=<TaskInstance: Scrape_City.sleep_for_10_seconds manual__2024-08-16T09:51:52.623438+00:00 [queued]>
[2024-08-16T09:52:49.289+0000] {taskinstance.py:2076} INFO - Dependencies all met for dep_context=requeueable deps ti=<TaskInstance: Scrape_City.sleep_for_10_seconds manual__2024-08-16T09:51:52.623438+00:00 [queued]>
[2024-08-16T09:52:49.290+0000] {taskinstance.py:2306} INFO - Starting attempt 1 of 1
[2024-08-16T09:52:49.310+0000] {taskinstance.py:2330} INFO - Executing <Task(BashOperator): sleep_for_10_seconds> on 2024-08-16 09:51:52.623438+00:00
[2024-08-16T09:52:49.318+0000] {warnings.py:112} WARNING - /home/***/.local/lib/python3.12/site-packages/***/task/task_runner/standard_task_runner.py:61: DeprecationWarning: This process (pid=1784) is multi-threaded, use of fork() may lead to deadlocks in the child.
  pid = os.fork()

[2024-08-16T09:52:49.320+0000] {standard_task_runner.py:63} INFO - Started process 1786 to run task
[2024-08-16T09:52:49.322+0000] {standard_task_runner.py:90} INFO - Running: ['***', 'tasks', 'run', 'Scrape_City', 'sleep_for_10_seconds', 'manual__2024-08-16T09:51:52.623438+00:00', '--job-id', '1208', '--raw', '--subdir', 'DAGS_FOLDER/City_Extraction.py', '--cfg-path', '/tmp/tmp516lhdda']
[2024-08-16T09:52:49.327+0000] {standard_task_runner.py:91} INFO - Job 1208: Subtask sleep_for_10_seconds
[2024-08-16T09:52:49.384+0000] {task_command.py:426} INFO - Running <TaskInstance: Scrape_City.sleep_for_10_seconds manual__2024-08-16T09:51:52.623438+00:00 [running]> on host ubuntu
[2024-08-16T09:52:49.476+0000] {taskinstance.py:2648} INFO - Exporting env vars: AIRFLOW_CTX_DAG_OWNER='Ducky' AIRFLOW_CTX_DAG_ID='Scrape_City' AIRFLOW_CTX_TASK_ID='sleep_for_10_seconds' AIRFLOW_CTX_EXECUTION_DATE='2024-08-16T09:51:52.623438+00:00' AIRFLOW_CTX_TRY_NUMBER='1' AIRFLOW_CTX_DAG_RUN_ID='manual__2024-08-16T09:51:52.623438+00:00'
[2024-08-16T09:52:49.477+0000] {taskinstance.py:430} INFO - ::endgroup::
[2024-08-16T09:52:49.489+0000] {subprocess.py:63} INFO - Tmp dir root location: /tmp
[2024-08-16T09:52:49.490+0000] {subprocess.py:75} INFO - Running command: ['/usr/bin/bash', '-c', 'sleep 10']
[2024-08-16T09:52:49.501+0000] {subprocess.py:86} INFO - Output:
[2024-08-16T09:52:59.504+0000] {subprocess.py:97} INFO - Command exited with return code 0
[2024-08-16T09:52:59.507+0000] {taskinstance.py:441} INFO - ::group::Post task execution logs
[2024-08-16T09:52:59.558+0000] {taskinstance.py:1206} INFO - Marking task as SUCCESS. dag_id=Scrape_City, task_id=sleep_for_10_seconds, run_id=manual__2024-08-16T09:51:52.623438+00:00, execution_date=20240816T095152, start_date=20240816T095249, end_date=20240816T095259
[2024-08-16T09:52:59.640+0000] {local_task_job_runner.py:240} INFO - Task exited with return code 0
[2024-08-16T09:52:59.702+0000] {taskinstance.py:3503} INFO - 1 downstream tasks scheduled from follow-on schedule check
[2024-08-16T09:52:59.708+0000] {local_task_job_runner.py:222} INFO - ::endgroup::
