[2024-08-09T08:06:44.596+0000] {local_task_job_runner.py:120} INFO - ::group::Pre task execution logs
[2024-08-09T08:06:44.703+0000] {taskinstance.py:2076} INFO - Dependencies all met for dep_context=non-requeueable deps ti=<TaskInstance: dbt_dag.stg_avg_convert_field_run scheduled__2024-08-08T00:00:00+00:00 [queued]>
[2024-08-09T08:06:44.769+0000] {taskinstance.py:2076} INFO - Dependencies all met for dep_context=requeueable deps ti=<TaskInstance: dbt_dag.stg_avg_convert_field_run scheduled__2024-08-08T00:00:00+00:00 [queued]>
[2024-08-09T08:06:44.769+0000] {taskinstance.py:2306} INFO - Starting attempt 1 of 1
[2024-08-09T08:06:44.867+0000] {taskinstance.py:2330} INFO - Executing <Task(DbtRunLocalOperator): stg_avg_convert_field_run> on 2024-08-08 00:00:00+00:00
[2024-08-09T08:06:44.914+0000] {warnings.py:112} WARNING - /home/***/.local/lib/python3.12/site-packages/***/task/task_runner/standard_task_runner.py:61: DeprecationWarning: This process (pid=177) is multi-threaded, use of fork() may lead to deadlocks in the child.
  pid = os.fork()

[2024-08-09T08:06:44.925+0000] {standard_task_runner.py:63} INFO - Started process 186 to run task
[2024-08-09T08:06:44.923+0000] {standard_task_runner.py:90} INFO - Running: ['***', 'tasks', 'run', 'dbt_dag', 'stg_avg_convert_field_run', 'scheduled__2024-08-08T00:00:00+00:00', '--job-id', '19', '--raw', '--subdir', 'DAGS_FOLDER/dbt.py', '--cfg-path', '/tmp/tmp4mv8w71t']
[2024-08-09T08:06:44.936+0000] {standard_task_runner.py:91} INFO - Job 19: Subtask stg_avg_convert_field_run
[2024-08-09T08:06:45.006+0000] {warnings.py:112} WARNING - /home/***/.local/lib/python3.12/site-packages/***/settings.py:195: DeprecationWarning: The sql_alchemy_conn option in [core] has been moved to the sql_alchemy_conn option in [database] - the old setting has been used, but please update your config.
  SQL_ALCHEMY_CONN = conf.get("database", "SQL_ALCHEMY_CONN")

[2024-08-09T08:06:45.194+0000] {task_command.py:426} INFO - Running <TaskInstance: dbt_dag.stg_avg_convert_field_run scheduled__2024-08-08T00:00:00+00:00 [running]> on host ubuntu
[2024-08-09T08:06:45.626+0000] {taskinstance.py:2648} INFO - Exporting env vars: AIRFLOW_CTX_DAG_OWNER='***' AIRFLOW_CTX_DAG_ID='dbt_dag' AIRFLOW_CTX_TASK_ID='stg_avg_convert_field_run' AIRFLOW_CTX_EXECUTION_DATE='2024-08-08T00:00:00+00:00' AIRFLOW_CTX_TRY_NUMBER='1' AIRFLOW_CTX_DAG_RUN_ID='scheduled__2024-08-08T00:00:00+00:00'
[2024-08-09T08:06:45.629+0000] {taskinstance.py:430} INFO - ::endgroup::
[2024-08-09T08:06:45.743+0000] {log.py:232} WARNING - [[34m2024-08-09T08:06:45.743+0000[0m] {[34mgraph.py:[0m377} INFO[0m - [35m(astronomer-cosmos)[0m - Trying to parse the dbt project using dbt ls cache cosmos_cache__dbt_dag...[0m
[2024-08-09T08:06:45.750+0000] {log.py:232} WARNING - [[34m2024-08-09T08:06:45.743+0000[0m] {[34mgraph.py:[0m377} INFO[0m - [35m(astronomer-cosmos)[0m - Trying to parse the dbt project using dbt ls cache cosmos_cache__dbt_dag...[0m
[2024-08-09T08:06:45.743+0000] {graph.py:377} INFO - Trying to parse the dbt project using dbt ls cache cosmos_cache__dbt_dag...
[2024-08-09T08:06:45.834+0000] {log.py:232} WARNING - [[34m2024-08-09T08:06:45.834+0000[0m] {[34mcache.py:[0m262} INFO[0m - [35m(astronomer-cosmos)[0m - Cosmos performance: time to calculate cache identifier cosmos_cache__dbt_dag for current version: 0.037265096999817615[0m
[2024-08-09T08:06:45.834+0000] {log.py:232} WARNING - [[34m2024-08-09T08:06:45.834+0000[0m] {[34mcache.py:[0m262} INFO[0m - [35m(astronomer-cosmos)[0m - Cosmos performance: time to calculate cache identifier cosmos_cache__dbt_dag for current version: 0.037265096999817615[0m
[2024-08-09T08:06:45.834+0000] {cache.py:262} INFO - Cosmos performance: time to calculate cache identifier cosmos_cache__dbt_dag for current version: 0.037265096999817615
[2024-08-09T08:06:45.849+0000] {log.py:232} WARNING - [[34m2024-08-09T08:06:45.849+0000[0m] {[34mgraph.py:[0m394} INFO[0m - [35m(astronomer-cosmos)[0m - Cosmos performance [ubuntu|186]: The cache size for cosmos_cache__dbt_dag is 14843[0m
[2024-08-09T08:06:45.850+0000] {log.py:232} WARNING - [[34m2024-08-09T08:06:45.849+0000[0m] {[34mgraph.py:[0m394} INFO[0m - [35m(astronomer-cosmos)[0m - Cosmos performance [ubuntu|186]: The cache size for cosmos_cache__dbt_dag is 14843[0m
[2024-08-09T08:06:45.849+0000] {graph.py:394} INFO - Cosmos performance [ubuntu|186]: The cache size for cosmos_cache__dbt_dag is 14843
[2024-08-09T08:06:45.863+0000] {log.py:232} WARNING - [[34m2024-08-09T08:06:45.863+0000[0m] {[34mgraph.py:[0m402} INFO[0m - [35m(astronomer-cosmos)[0m - Cosmos performance: Cache hit for cosmos_cache__dbt_dag - f0894e22ca1fc514beb9335fa3aa34e2,d41d8cd98f00b204e9800998ecf8427e[0m
[2024-08-09T08:06:45.871+0000] {log.py:232} WARNING - [[34m2024-08-09T08:06:45.863+0000[0m] {[34mgraph.py:[0m402} INFO[0m - [35m(astronomer-cosmos)[0m - Cosmos performance: Cache hit for cosmos_cache__dbt_dag - f0894e22ca1fc514beb9335fa3aa34e2,d41d8cd98f00b204e9800998ecf8427e[0m
[2024-08-09T08:06:45.863+0000] {graph.py:402} INFO - Cosmos performance: Cache hit for cosmos_cache__dbt_dag - f0894e22ca1fc514beb9335fa3aa34e2,d41d8cd98f00b204e9800998ecf8427e
[2024-08-09T08:06:45.874+0000] {log.py:232} WARNING - [[34m2024-08-09T08:06:45.871+0000[0m] {[34mgraph.py:[0m335} INFO[0m - [35m(astronomer-cosmos)[0m - Total nodes: 19[0m
[2024-08-09T08:06:45.874+0000] {log.py:232} WARNING - [[34m2024-08-09T08:06:45.871+0000[0m] {[34mgraph.py:[0m335} INFO[0m - [35m(astronomer-cosmos)[0m - Total nodes: 19[0m
[2024-08-09T08:06:45.871+0000] {graph.py:335} INFO - Total nodes: 19
[2024-08-09T08:06:45.879+0000] {log.py:232} WARNING - [[34m2024-08-09T08:06:45.879+0000[0m] {[34mgraph.py:[0m336} INFO[0m - [35m(astronomer-cosmos)[0m - Total filtered nodes: 19[0m
[2024-08-09T08:06:45.879+0000] {log.py:232} WARNING - [[34m2024-08-09T08:06:45.879+0000[0m] {[34mgraph.py:[0m336} INFO[0m - [35m(astronomer-cosmos)[0m - Total filtered nodes: 19[0m
[2024-08-09T08:06:45.879+0000] {graph.py:336} INFO - Total filtered nodes: 19
[2024-08-09T08:06:45.882+0000] {log.py:232} WARNING - [[34m2024-08-09T08:06:45.882+0000[0m] {[34mconverter.py:[0m251} INFO[0m - [35m(astronomer-cosmos)[0m - Cosmos performance (dbt_dag) -  [ubuntu|186]: It took 0.139s to parse the dbt project for DAG using LoadMode.DBT_LS_CACHE[0m
[2024-08-09T08:06:45.887+0000] {log.py:232} WARNING - [[34m2024-08-09T08:06:45.882+0000[0m] {[34mconverter.py:[0m251} INFO[0m - [35m(astronomer-cosmos)[0m - Cosmos performance (dbt_dag) -  [ubuntu|186]: It took 0.139s to parse the dbt project for DAG using LoadMode.DBT_LS_CACHE[0m
[2024-08-09T08:06:45.882+0000] {converter.py:251} INFO - Cosmos performance (dbt_dag) -  [ubuntu|186]: It took 0.139s to parse the dbt project for DAG using LoadMode.DBT_LS_CACHE
[2024-08-09T08:06:45.894+0000] {log.py:232} WARNING - [[34m2024-08-09T08:06:45.890+0000[0m] {[34mproject.py:[0m35} INFO[0m - [35m(astronomer-cosmos)[0m - Project /usr/local/***/dags/Data_Marketplace does not have {'packages.yml', 'dependencies.yml'}[0m
[2024-08-09T08:06:45.894+0000] {log.py:232} WARNING - [[34m2024-08-09T08:06:45.890+0000[0m] {[34mproject.py:[0m35} INFO[0m - [35m(astronomer-cosmos)[0m - Project /usr/local/***/dags/Data_Marketplace does not have {'packages.yml', 'dependencies.yml'}[0m
[2024-08-09T08:06:45.890+0000] {project.py:35} INFO - Project /usr/local/***/dags/Data_Marketplace does not have {'packages.yml', 'dependencies.yml'}
[2024-08-09T08:06:45.902+0000] {log.py:232} WARNING - [[34m2024-08-09T08:06:45.902+0000[0m] {[34mproject.py:[0m35} INFO[0m - [35m(astronomer-cosmos)[0m - Project /usr/local/***/dags/Data_Marketplace does not have {'packages.yml', 'dependencies.yml'}[0m
[2024-08-09T08:06:45.902+0000] {log.py:232} WARNING - [[34m2024-08-09T08:06:45.902+0000[0m] {[34mproject.py:[0m35} INFO[0m - [35m(astronomer-cosmos)[0m - Project /usr/local/***/dags/Data_Marketplace does not have {'packages.yml', 'dependencies.yml'}[0m
[2024-08-09T08:06:45.902+0000] {project.py:35} INFO - Project /usr/local/***/dags/Data_Marketplace does not have {'packages.yml', 'dependencies.yml'}
[2024-08-09T08:06:45.911+0000] {log.py:232} WARNING - [[34m2024-08-09T08:06:45.911+0000[0m] {[34mproject.py:[0m35} INFO[0m - [35m(astronomer-cosmos)[0m - Project /usr/local/***/dags/Data_Marketplace does not have {'packages.yml', 'dependencies.yml'}[0m
[2024-08-09T08:06:45.912+0000] {log.py:232} WARNING - [[34m2024-08-09T08:06:45.911+0000[0m] {[34mproject.py:[0m35} INFO[0m - [35m(astronomer-cosmos)[0m - Project /usr/local/***/dags/Data_Marketplace does not have {'packages.yml', 'dependencies.yml'}[0m
[2024-08-09T08:06:45.911+0000] {project.py:35} INFO - Project /usr/local/***/dags/Data_Marketplace does not have {'packages.yml', 'dependencies.yml'}
[2024-08-09T08:06:45.918+0000] {log.py:232} WARNING - [[34m2024-08-09T08:06:45.918+0000[0m] {[34mproject.py:[0m35} INFO[0m - [35m(astronomer-cosmos)[0m - Project /usr/local/***/dags/Data_Marketplace does not have {'packages.yml', 'dependencies.yml'}[0m
[2024-08-09T08:06:45.919+0000] {log.py:232} WARNING - [[34m2024-08-09T08:06:45.918+0000[0m] {[34mproject.py:[0m35} INFO[0m - [35m(astronomer-cosmos)[0m - Project /usr/local/***/dags/Data_Marketplace does not have {'packages.yml', 'dependencies.yml'}[0m
[2024-08-09T08:06:45.918+0000] {project.py:35} INFO - Project /usr/local/***/dags/Data_Marketplace does not have {'packages.yml', 'dependencies.yml'}
[2024-08-09T08:06:45.927+0000] {log.py:232} WARNING - [[34m2024-08-09T08:06:45.926+0000[0m] {[34mproject.py:[0m35} INFO[0m - [35m(astronomer-cosmos)[0m - Project /usr/local/***/dags/Data_Marketplace does not have {'packages.yml', 'dependencies.yml'}[0m
[2024-08-09T08:06:45.927+0000] {log.py:232} WARNING - [[34m2024-08-09T08:06:45.926+0000[0m] {[34mproject.py:[0m35} INFO[0m - [35m(astronomer-cosmos)[0m - Project /usr/local/***/dags/Data_Marketplace does not have {'packages.yml', 'dependencies.yml'}[0m
[2024-08-09T08:06:45.926+0000] {project.py:35} INFO - Project /usr/local/***/dags/Data_Marketplace does not have {'packages.yml', 'dependencies.yml'}
[2024-08-09T08:06:45.936+0000] {log.py:232} WARNING - [[34m2024-08-09T08:06:45.935+0000[0m] {[34mproject.py:[0m35} INFO[0m - [35m(astronomer-cosmos)[0m - Project /usr/local/***/dags/Data_Marketplace does not have {'packages.yml', 'dependencies.yml'}[0m
[2024-08-09T08:06:45.936+0000] {log.py:232} WARNING - [[34m2024-08-09T08:06:45.935+0000[0m] {[34mproject.py:[0m35} INFO[0m - [35m(astronomer-cosmos)[0m - Project /usr/local/***/dags/Data_Marketplace does not have {'packages.yml', 'dependencies.yml'}[0m
[2024-08-09T08:06:45.935+0000] {project.py:35} INFO - Project /usr/local/***/dags/Data_Marketplace does not have {'packages.yml', 'dependencies.yml'}
[2024-08-09T08:06:45.944+0000] {log.py:232} WARNING - [[34m2024-08-09T08:06:45.944+0000[0m] {[34mproject.py:[0m35} INFO[0m - [35m(astronomer-cosmos)[0m - Project /usr/local/***/dags/Data_Marketplace does not have {'packages.yml', 'dependencies.yml'}[0m
[2024-08-09T08:06:45.944+0000] {log.py:232} WARNING - [[34m2024-08-09T08:06:45.944+0000[0m] {[34mproject.py:[0m35} INFO[0m - [35m(astronomer-cosmos)[0m - Project /usr/local/***/dags/Data_Marketplace does not have {'packages.yml', 'dependencies.yml'}[0m
[2024-08-09T08:06:45.944+0000] {project.py:35} INFO - Project /usr/local/***/dags/Data_Marketplace does not have {'packages.yml', 'dependencies.yml'}
[2024-08-09T08:06:45.951+0000] {log.py:232} WARNING - [[34m2024-08-09T08:06:45.951+0000[0m] {[34mproject.py:[0m35} INFO[0m - [35m(astronomer-cosmos)[0m - Project /usr/local/***/dags/Data_Marketplace does not have {'packages.yml', 'dependencies.yml'}[0m
[2024-08-09T08:06:45.951+0000] {log.py:232} WARNING - [[34m2024-08-09T08:06:45.951+0000[0m] {[34mproject.py:[0m35} INFO[0m - [35m(astronomer-cosmos)[0m - Project /usr/local/***/dags/Data_Marketplace does not have {'packages.yml', 'dependencies.yml'}[0m
[2024-08-09T08:06:45.951+0000] {project.py:35} INFO - Project /usr/local/***/dags/Data_Marketplace does not have {'packages.yml', 'dependencies.yml'}
[2024-08-09T08:06:45.959+0000] {log.py:232} WARNING - [[34m2024-08-09T08:06:45.959+0000[0m] {[34mproject.py:[0m35} INFO[0m - [35m(astronomer-cosmos)[0m - Project /usr/local/***/dags/Data_Marketplace does not have {'packages.yml', 'dependencies.yml'}[0m
[2024-08-09T08:06:45.959+0000] {log.py:232} WARNING - [[34m2024-08-09T08:06:45.959+0000[0m] {[34mproject.py:[0m35} INFO[0m - [35m(astronomer-cosmos)[0m - Project /usr/local/***/dags/Data_Marketplace does not have {'packages.yml', 'dependencies.yml'}[0m
[2024-08-09T08:06:45.959+0000] {project.py:35} INFO - Project /usr/local/***/dags/Data_Marketplace does not have {'packages.yml', 'dependencies.yml'}
[2024-08-09T08:06:45.968+0000] {log.py:232} WARNING - [[34m2024-08-09T08:06:45.968+0000[0m] {[34mproject.py:[0m35} INFO[0m - [35m(astronomer-cosmos)[0m - Project /usr/local/***/dags/Data_Marketplace does not have {'packages.yml', 'dependencies.yml'}[0m
[2024-08-09T08:06:45.968+0000] {log.py:232} WARNING - [[34m2024-08-09T08:06:45.968+0000[0m] {[34mproject.py:[0m35} INFO[0m - [35m(astronomer-cosmos)[0m - Project /usr/local/***/dags/Data_Marketplace does not have {'packages.yml', 'dependencies.yml'}[0m
[2024-08-09T08:06:45.968+0000] {project.py:35} INFO - Project /usr/local/***/dags/Data_Marketplace does not have {'packages.yml', 'dependencies.yml'}
[2024-08-09T08:06:45.975+0000] {log.py:232} WARNING - [[34m2024-08-09T08:06:45.975+0000[0m] {[34mproject.py:[0m35} INFO[0m - [35m(astronomer-cosmos)[0m - Project /usr/local/***/dags/Data_Marketplace does not have {'packages.yml', 'dependencies.yml'}[0m
[2024-08-09T08:06:45.975+0000] {log.py:232} WARNING - [[34m2024-08-09T08:06:45.975+0000[0m] {[34mproject.py:[0m35} INFO[0m - [35m(astronomer-cosmos)[0m - Project /usr/local/***/dags/Data_Marketplace does not have {'packages.yml', 'dependencies.yml'}[0m
[2024-08-09T08:06:45.975+0000] {project.py:35} INFO - Project /usr/local/***/dags/Data_Marketplace does not have {'packages.yml', 'dependencies.yml'}
[2024-08-09T08:06:45.983+0000] {log.py:232} WARNING - [[34m2024-08-09T08:06:45.983+0000[0m] {[34mproject.py:[0m35} INFO[0m - [35m(astronomer-cosmos)[0m - Project /usr/local/***/dags/Data_Marketplace does not have {'packages.yml', 'dependencies.yml'}[0m
[2024-08-09T08:06:45.983+0000] {log.py:232} WARNING - [[34m2024-08-09T08:06:45.983+0000[0m] {[34mproject.py:[0m35} INFO[0m - [35m(astronomer-cosmos)[0m - Project /usr/local/***/dags/Data_Marketplace does not have {'packages.yml', 'dependencies.yml'}[0m
[2024-08-09T08:06:45.983+0000] {project.py:35} INFO - Project /usr/local/***/dags/Data_Marketplace does not have {'packages.yml', 'dependencies.yml'}
[2024-08-09T08:06:45.994+0000] {log.py:232} WARNING - [[34m2024-08-09T08:06:45.994+0000[0m] {[34mproject.py:[0m35} INFO[0m - [35m(astronomer-cosmos)[0m - Project /usr/local/***/dags/Data_Marketplace does not have {'packages.yml', 'dependencies.yml'}[0m
[2024-08-09T08:06:45.999+0000] {log.py:232} WARNING - [[34m2024-08-09T08:06:45.994+0000[0m] {[34mproject.py:[0m35} INFO[0m - [35m(astronomer-cosmos)[0m - Project /usr/local/***/dags/Data_Marketplace does not have {'packages.yml', 'dependencies.yml'}[0m
[2024-08-09T08:06:45.994+0000] {project.py:35} INFO - Project /usr/local/***/dags/Data_Marketplace does not have {'packages.yml', 'dependencies.yml'}
[2024-08-09T08:06:46.000+0000] {log.py:232} WARNING - [[34m2024-08-09T08:06:46.000+0000[0m] {[34mproject.py:[0m35} INFO[0m - [35m(astronomer-cosmos)[0m - Project /usr/local/***/dags/Data_Marketplace does not have {'packages.yml', 'dependencies.yml'}[0m
[2024-08-09T08:06:46.006+0000] {log.py:232} WARNING - [[34m2024-08-09T08:06:46.000+0000[0m] {[34mproject.py:[0m35} INFO[0m - [35m(astronomer-cosmos)[0m - Project /usr/local/***/dags/Data_Marketplace does not have {'packages.yml', 'dependencies.yml'}[0m
[2024-08-09T08:06:46.000+0000] {project.py:35} INFO - Project /usr/local/***/dags/Data_Marketplace does not have {'packages.yml', 'dependencies.yml'}
[2024-08-09T08:06:46.007+0000] {log.py:232} WARNING - [[34m2024-08-09T08:06:46.007+0000[0m] {[34mproject.py:[0m35} INFO[0m - [35m(astronomer-cosmos)[0m - Project /usr/local/***/dags/Data_Marketplace does not have {'packages.yml', 'dependencies.yml'}[0m
[2024-08-09T08:06:46.007+0000] {log.py:232} WARNING - [[34m2024-08-09T08:06:46.007+0000[0m] {[34mproject.py:[0m35} INFO[0m - [35m(astronomer-cosmos)[0m - Project /usr/local/***/dags/Data_Marketplace does not have {'packages.yml', 'dependencies.yml'}[0m
[2024-08-09T08:06:46.007+0000] {project.py:35} INFO - Project /usr/local/***/dags/Data_Marketplace does not have {'packages.yml', 'dependencies.yml'}
[2024-08-09T08:06:46.018+0000] {log.py:232} WARNING - [[34m2024-08-09T08:06:46.017+0000[0m] {[34mgraph.py:[0m173} WARNING[0m - [35m(astronomer-cosmos)[0m - Unavailable conversion function for <DbtResourceType.SOURCE> (node <source.Data_Marketplace.Raw.City>). Define a converter function using render_config.node_converters.[0m
[2024-08-09T08:06:46.018+0000] {log.py:232} WARNING - [[34m2024-08-09T08:06:46.017+0000[0m] {[34mgraph.py:[0m173} WARNING[0m - [35m(astronomer-cosmos)[0m - Unavailable conversion function for <DbtResourceType.SOURCE> (node <source.Data_Marketplace.Raw.City>). Define a converter function using render_config.node_converters.[0m
[2024-08-09T08:06:46.017+0000] {graph.py:173} WARNING - Unavailable conversion function for <DbtResourceType.SOURCE> (node <source.Data_Marketplace.Raw.City>). Define a converter function using render_config.node_converters.
[2024-08-09T08:06:46.025+0000] {log.py:232} WARNING - [[34m2024-08-09T08:06:46.018+0000[0m] {[34mgraph.py:[0m173} WARNING[0m - [35m(astronomer-cosmos)[0m - Unavailable conversion function for <DbtResourceType.SOURCE> (node <source.Data_Marketplace.Raw.Province>). Define a converter function using render_config.node_converters.[0m
[2024-08-09T08:06:46.025+0000] {log.py:232} WARNING - [[34m2024-08-09T08:06:46.018+0000[0m] {[34mgraph.py:[0m173} WARNING[0m - [35m(astronomer-cosmos)[0m - Unavailable conversion function for <DbtResourceType.SOURCE> (node <source.Data_Marketplace.Raw.Province>). Define a converter function using render_config.node_converters.[0m
[2024-08-09T08:06:46.018+0000] {graph.py:173} WARNING - Unavailable conversion function for <DbtResourceType.SOURCE> (node <source.Data_Marketplace.Raw.Province>). Define a converter function using render_config.node_converters.
[2024-08-09T08:06:46.026+0000] {log.py:232} WARNING - [[34m2024-08-09T08:06:46.026+0000[0m] {[34mgraph.py:[0m173} WARNING[0m - [35m(astronomer-cosmos)[0m - Unavailable conversion function for <DbtResourceType.SOURCE> (node <source.Data_Marketplace.Raw.Weather_Data>). Define a converter function using render_config.node_converters.[0m
[2024-08-09T08:06:46.026+0000] {log.py:232} WARNING - [[34m2024-08-09T08:06:46.026+0000[0m] {[34mgraph.py:[0m173} WARNING[0m - [35m(astronomer-cosmos)[0m - Unavailable conversion function for <DbtResourceType.SOURCE> (node <source.Data_Marketplace.Raw.Weather_Data>). Define a converter function using render_config.node_converters.[0m
[2024-08-09T08:06:46.026+0000] {graph.py:173} WARNING - Unavailable conversion function for <DbtResourceType.SOURCE> (node <source.Data_Marketplace.Raw.Weather_Data>). Define a converter function using render_config.node_converters.
[2024-08-09T08:06:46.034+0000] {log.py:232} WARNING - [[34m2024-08-09T08:06:46.034+0000[0m] {[34mconverter.py:[0m293} INFO[0m - [35m(astronomer-cosmos)[0m - Cosmos performance (dbt_dag) - [ubuntu|186]: It took 0.152s to build the Airflow DAG.[0m
[2024-08-09T08:06:46.034+0000] {log.py:232} WARNING - [[34m2024-08-09T08:06:46.034+0000[0m] {[34mconverter.py:[0m293} INFO[0m - [35m(astronomer-cosmos)[0m - Cosmos performance (dbt_dag) - [ubuntu|186]: It took 0.152s to build the Airflow DAG.[0m
[2024-08-09T08:06:46.034+0000] {converter.py:293} INFO - Cosmos performance (dbt_dag) - [ubuntu|186]: It took 0.152s to build the Airflow DAG.
[2024-08-09T08:06:46.041+0000] {log.py:232} WARNING - [[34m2024-08-09T08:06:46.041+0000[0m] {[34mlocal.py:[0m174} INFO[0m - [35m(astronomer-cosmos)[0m - Could not import dbtRunner. Falling back to subprocess for invoking dbt.[0m
[2024-08-09T08:06:46.042+0000] {log.py:232} WARNING - [[34m2024-08-09T08:06:46.041+0000[0m] {[34mlocal.py:[0m174} INFO[0m - [35m(astronomer-cosmos)[0m - Could not import dbtRunner. Falling back to subprocess for invoking dbt.[0m
[2024-08-09T08:06:46.041+0000] {local.py:174} INFO - Could not import dbtRunner. Falling back to subprocess for invoking dbt.
[2024-08-09T08:06:46.049+0000] {log.py:232} WARNING - [[34m2024-08-09T08:06:46.049+0000[0m] {[34mlocal.py:[0m292} INFO[0m - [35m(astronomer-cosmos)[0m - Cloning project to writable temp directory /tmp/tmpysqkqmje from /usr/local/***/dags/Data_Marketplace[0m
[2024-08-09T08:06:46.050+0000] {log.py:232} WARNING - [[34m2024-08-09T08:06:46.049+0000[0m] {[34mlocal.py:[0m292} INFO[0m - [35m(astronomer-cosmos)[0m - Cloning project to writable temp directory /tmp/tmpysqkqmje from /usr/local/***/dags/Data_Marketplace[0m
[2024-08-09T08:06:46.049+0000] {local.py:292} INFO - Cloning project to writable temp directory /tmp/tmpysqkqmje from /usr/local/airflow/dags/Data_Marketplace
[2024-08-09T08:06:46.059+0000] {log.py:232} WARNING - [[34m2024-08-09T08:06:46.055+0000[0m] {[34mlocal.py:[0m303} INFO[0m - [35m(astronomer-cosmos)[0m - Partial parse is enabled and the latest partial parse file is /tmp/cosmos/dbt_dag/target/partial_parse.msgpack[0m
[2024-08-09T08:06:46.059+0000] {log.py:232} WARNING - [[34m2024-08-09T08:06:46.055+0000[0m] {[34mlocal.py:[0m303} INFO[0m - [35m(astronomer-cosmos)[0m - Partial parse is enabled and the latest partial parse file is /tmp/cosmos/dbt_dag/target/partial_parse.msgpack[0m
[2024-08-09T08:06:46.055+0000] {local.py:303} INFO - Partial parse is enabled and the latest partial parse file is /tmp/cosmos/dbt_dag/target/partial_parse.msgpack
[2024-08-09T08:06:46.111+0000] {log.py:232} WARNING - [[34m2024-08-09T08:06:46.108+0000[0m] {[34mconfig.py:[0m292} INFO[0m - [35m(astronomer-cosmos)[0m - Profile caching is enable.[0m
[2024-08-09T08:06:46.111+0000] {log.py:232} WARNING - [[34m2024-08-09T08:06:46.108+0000[0m] {[34mconfig.py:[0m292} INFO[0m - [35m(astronomer-cosmos)[0m - Profile caching is enable.[0m
[2024-08-09T08:06:46.108+0000] {config.py:292} INFO - Profile caching is enable.
[2024-08-09T08:06:46.161+0000] {base.py:84} INFO - Using connection ID 'snowflake_conn' for task execution.
[2024-08-09T08:06:46.192+0000] {log.py:232} WARNING - [[34m2024-08-09T08:06:46.189+0000[0m] {[34mconfig.py:[0m272} INFO[0m - [35m(astronomer-cosmos)[0m - Profile found in cache using profile: /tmp/cosmos/profile/ec71862f850e9b0839075fe0561d5062ab3dd99ef2a3dac2fe4fc1486f2849d0/profiles.yml.[0m
[2024-08-09T08:06:46.192+0000] {log.py:232} WARNING - [[34m2024-08-09T08:06:46.189+0000[0m] {[34mconfig.py:[0m272} INFO[0m - [35m(astronomer-cosmos)[0m - Profile found in cache using profile: /tmp/cosmos/profile/ec71862f850e9b0839075fe0561d5062ab3dd99ef2a3dac2fe4fc1486f2849d0/profiles.yml.[0m
[2024-08-09T08:06:46.189+0000] {config.py:272} INFO - Profile found in cache using profile: /tmp/cosmos/profile/ec71862f850e9b0839075fe0561d5062ab3dd99ef2a3dac2fe4fc1486f2849d0/profiles.yml.
[2024-08-09T08:06:46.198+0000] {log.py:232} WARNING - [[34m2024-08-09T08:06:46.198+0000[0m] {[34mlocal.py:[0m247} INFO[0m - [35m(astronomer-cosmos)[0m - Trying to run the command:
 ['/opt/***/dbt_venv/bin/dbt', 'run', '--models', 'stg_avg_convert_field', '--project-dir', '/tmp/tmpysqkqmje', '--profiles-dir', '/tmp/cosmos/profile/ec71862f850e9b0839075fe0561d5062ab3dd99ef2a3dac2fe4fc1486f2849d0', '--profile', 'Data_Marketplace', '--target', 'dev']
From /tmp/tmpysqkqmje[0m
[2024-08-09T08:06:46.202+0000] {log.py:232} WARNING - [[34m2024-08-09T08:06:46.198+0000[0m] {[34mlocal.py:[0m247} INFO[0m - [35m(astronomer-cosmos)[0m - Trying to run the command:
 ['/opt/***/dbt_venv/bin/dbt', 'run', '--models', 'stg_avg_convert_field', '--project-dir', '/tmp/tmpysqkqmje', '--profiles-dir', '/tmp/cosmos/profile/ec71862f850e9b0839075fe0561d5062ab3dd99ef2a3dac2fe4fc1486f2849d0', '--profile', 'Data_Marketplace', '--target', 'dev']
From /tmp/tmpysqkqmje[0m
[2024-08-09T08:06:46.198+0000] {local.py:247} INFO - Trying to run the command:
 ['/opt/***/dbt_venv/bin/dbt', 'run', '--models', 'stg_avg_convert_field', '--project-dir', '/tmp/tmpysqkqmje', '--profiles-dir', '/tmp/cosmos/profile/ec71862f850e9b0839075fe0561d5062ab3dd99ef2a3dac2fe4fc1486f2849d0', '--profile', 'Data_Marketplace', '--target', 'dev']
From /tmp/tmpysqkqmje
[2024-08-09T08:06:46.204+0000] {log.py:232} WARNING - [[34m2024-08-09T08:06:46.204+0000[0m] {[34msubprocess.py:[0m60} INFO[0m - [35m(astronomer-cosmos)[0m - Tmp dir root location: 
 /tmp[0m
[2024-08-09T08:06:46.204+0000] {log.py:232} WARNING - [[34m2024-08-09T08:06:46.204+0000[0m] {[34msubprocess.py:[0m60} INFO[0m - [35m(astronomer-cosmos)[0m - Tmp dir root location: 
 /tmp[0m
[2024-08-09T08:06:46.204+0000] {subprocess.py:60} INFO - Tmp dir root location: 
 /tmp
[2024-08-09T08:06:46.211+0000] {log.py:232} WARNING - [[34m2024-08-09T08:06:46.211+0000[0m] {[34msubprocess.py:[0m73} INFO[0m - [35m(astronomer-cosmos)[0m - Running command: ['/opt/***/dbt_venv/bin/dbt', 'run', '--models', 'stg_avg_convert_field', '--project-dir', '/tmp/tmpysqkqmje', '--profiles-dir', '/tmp/cosmos/profile/ec71862f850e9b0839075fe0561d5062ab3dd99ef2a3dac2fe4fc1486f2849d0', '--profile', 'Data_Marketplace', '--target', 'dev'][0m
[2024-08-09T08:06:46.212+0000] {log.py:232} WARNING - [[34m2024-08-09T08:06:46.211+0000[0m] {[34msubprocess.py:[0m73} INFO[0m - [35m(astronomer-cosmos)[0m - Running command: ['/opt/***/dbt_venv/bin/dbt', 'run', '--models', 'stg_avg_convert_field', '--project-dir', '/tmp/tmpysqkqmje', '--profiles-dir', '/tmp/cosmos/profile/ec71862f850e9b0839075fe0561d5062ab3dd99ef2a3dac2fe4fc1486f2849d0', '--profile', 'Data_Marketplace', '--target', 'dev'][0m
[2024-08-09T08:06:46.211+0000] {subprocess.py:73} INFO - Running command: ['/opt/***/dbt_venv/bin/dbt', 'run', '--models', 'stg_avg_convert_field', '--project-dir', '/tmp/tmpysqkqmje', '--profiles-dir', '/tmp/cosmos/profile/ec71862f850e9b0839075fe0561d5062ab3dd99ef2a3dac2fe4fc1486f2849d0', '--profile', 'Data_Marketplace', '--target', 'dev']
[2024-08-09T08:06:46.294+0000] {log.py:232} WARNING - [[34m2024-08-09T08:06:46.294+0000[0m] {[34msubprocess.py:[0m84} INFO[0m - [35m(astronomer-cosmos)[0m - Command output:[0m
[2024-08-09T08:06:46.295+0000] {log.py:232} WARNING - [[34m2024-08-09T08:06:46.294+0000[0m] {[34msubprocess.py:[0m84} INFO[0m - [35m(astronomer-cosmos)[0m - Command output:[0m
[2024-08-09T08:06:46.294+0000] {subprocess.py:84} INFO - Command output:
[2024-08-09T08:07:02.957+0000] {log.py:232} WARNING - [[34m2024-08-09T08:07:02.957+0000[0m] {[34msubprocess.py:[0m94} INFO[0m - [35m(astronomer-cosmos)[0m - [0m08:07:02  Running with dbt=1.8.5[0m
[2024-08-09T08:07:02.957+0000] {log.py:232} WARNING - [[34m2024-08-09T08:07:02.957+0000[0m] {[34msubprocess.py:[0m94} INFO[0m - [35m(astronomer-cosmos)[0m - [0m08:07:02  Running with dbt=1.8.5[0m
[2024-08-09T08:07:02.957+0000] {subprocess.py:94} INFO - [0m08:07:02  Running with dbt=1.8.5
[2024-08-09T08:07:06.820+0000] {log.py:232} WARNING - [[34m2024-08-09T08:07:06.820+0000[0m] {[34msubprocess.py:[0m94} INFO[0m - [35m(astronomer-cosmos)[0m - [0m08:07:06  Registered adapter: snowflake=1.8.3[0m
[2024-08-09T08:07:06.821+0000] {log.py:232} WARNING - [[34m2024-08-09T08:07:06.820+0000[0m] {[34msubprocess.py:[0m94} INFO[0m - [35m(astronomer-cosmos)[0m - [0m08:07:06  Registered adapter: snowflake=1.8.3[0m
[2024-08-09T08:07:06.820+0000] {subprocess.py:94} INFO - [0m08:07:06  Registered adapter: snowflake=1.8.3
[2024-08-09T08:07:09.720+0000] {log.py:232} WARNING - [[34m2024-08-09T08:07:09.720+0000[0m] {[34msubprocess.py:[0m94} INFO[0m - [35m(astronomer-cosmos)[0m - [0m08:07:09  Found 9 models, 2 snapshots, 3 seeds, 2 data tests, 3 sources, 448 macros[0m
[2024-08-09T08:07:09.721+0000] {log.py:232} WARNING - [[34m2024-08-09T08:07:09.720+0000[0m] {[34msubprocess.py:[0m94} INFO[0m - [35m(astronomer-cosmos)[0m - [0m08:07:09  Found 9 models, 2 snapshots, 3 seeds, 2 data tests, 3 sources, 448 macros[0m
[2024-08-09T08:07:09.720+0000] {subprocess.py:94} INFO - [0m08:07:09  Found 9 models, 2 snapshots, 3 seeds, 2 data tests, 3 sources, 448 macros
[2024-08-09T08:07:09.736+0000] {log.py:232} WARNING - [[34m2024-08-09T08:07:09.736+0000[0m] {[34msubprocess.py:[0m94} INFO[0m - [35m(astronomer-cosmos)[0m - [0m08:07:09[0m
[2024-08-09T08:07:09.736+0000] {log.py:232} WARNING - [[34m2024-08-09T08:07:09.736+0000[0m] {[34msubprocess.py:[0m94} INFO[0m - [35m(astronomer-cosmos)[0m - [0m08:07:09[0m
[2024-08-09T08:07:09.736+0000] {subprocess.py:94} INFO - [0m08:07:09
[2024-08-09T08:07:12.622+0000] {log.py:232} WARNING - [[34m2024-08-09T08:07:12.622+0000[0m] {[34msubprocess.py:[0m94} INFO[0m - [35m(astronomer-cosmos)[0m - [0m08:07:12  Concurrency: 1 threads (target='dev')[0m
[2024-08-09T08:07:12.623+0000] {log.py:232} WARNING - [[34m2024-08-09T08:07:12.622+0000[0m] {[34msubprocess.py:[0m94} INFO[0m - [35m(astronomer-cosmos)[0m - [0m08:07:12  Concurrency: 1 threads (target='dev')[0m
[2024-08-09T08:07:12.622+0000] {subprocess.py:94} INFO - [0m08:07:12  Concurrency: 1 threads (target='dev')
[2024-08-09T08:07:12.625+0000] {log.py:232} WARNING - [[34m2024-08-09T08:07:12.625+0000[0m] {[34msubprocess.py:[0m94} INFO[0m - [35m(astronomer-cosmos)[0m - [0m08:07:12[0m
[2024-08-09T08:07:12.632+0000] {log.py:232} WARNING - [[34m2024-08-09T08:07:12.625+0000[0m] {[34msubprocess.py:[0m94} INFO[0m - [35m(astronomer-cosmos)[0m - [0m08:07:12[0m
[2024-08-09T08:07:12.625+0000] {subprocess.py:94} INFO - [0m08:07:12
[2024-08-09T08:07:12.826+0000] {log.py:232} WARNING - [[34m2024-08-09T08:07:12.826+0000[0m] {[34msubprocess.py:[0m94} INFO[0m - [35m(astronomer-cosmos)[0m - [0m08:07:12[0m
[2024-08-09T08:07:12.826+0000] {log.py:232} WARNING - [[34m2024-08-09T08:07:12.826+0000[0m] {[34msubprocess.py:[0m94} INFO[0m - [35m(astronomer-cosmos)[0m - [0m08:07:12[0m
[2024-08-09T08:07:12.826+0000] {subprocess.py:94} INFO - [0m08:07:12
[2024-08-09T08:07:12.829+0000] {log.py:232} WARNING - [[34m2024-08-09T08:07:12.829+0000[0m] {[34msubprocess.py:[0m94} INFO[0m - [35m(astronomer-cosmos)[0m - [0m08:07:12  Finished running  in 0 hours 0 minutes and 3.08 seconds (3.08s).[0m
[2024-08-09T08:07:12.838+0000] {log.py:232} WARNING - [[34m2024-08-09T08:07:12.829+0000[0m] {[34msubprocess.py:[0m94} INFO[0m - [35m(astronomer-cosmos)[0m - [0m08:07:12  Finished running  in 0 hours 0 minutes and 3.08 seconds (3.08s).[0m
[2024-08-09T08:07:12.829+0000] {subprocess.py:94} INFO - [0m08:07:12  Finished running  in 0 hours 0 minutes and 3.08 seconds (3.08s).
[2024-08-09T08:07:16.273+0000] {log.py:232} WARNING - [[34m2024-08-09T08:07:16.273+0000[0m] {[34msubprocess.py:[0m98} INFO[0m - [35m(astronomer-cosmos)[0m - Command exited with return code 0[0m
[2024-08-09T08:07:16.274+0000] {log.py:232} WARNING - [[34m2024-08-09T08:07:16.273+0000[0m] {[34msubprocess.py:[0m98} INFO[0m - [35m(astronomer-cosmos)[0m - Command exited with return code 0[0m
[2024-08-09T08:07:16.273+0000] {subprocess.py:98} INFO - Command exited with return code 0
[2024-08-09T08:07:16.274+0000] {log.py:232} WARNING - [[34m2024-08-09T08:07:16.274+0000[0m] {[34mlocal.py:[0m254} INFO[0m - [35m(astronomer-cosmos)[0m - [0m08:07:12  Finished running  in 0 hours 0 minutes and 3.08 seconds (3.08s).[0m
[2024-08-09T08:07:16.281+0000] {log.py:232} WARNING - [[34m2024-08-09T08:07:16.274+0000[0m] {[34mlocal.py:[0m254} INFO[0m - [35m(astronomer-cosmos)[0m - [0m08:07:12  Finished running  in 0 hours 0 minutes and 3.08 seconds (3.08s).[0m
[2024-08-09T08:07:16.274+0000] {local.py:254} INFO - [0m08:07:12  Finished running  in 0 hours 0 minutes and 3.08 seconds (3.08s).
[2024-08-09T08:07:16.349+0000] {local.py:196} WARNING - Artifact schema version: https://schemas.getdbt.com/dbt/manifest/v12.json is above dbt-ol supported version 7. This might cause errors.
[2024-08-09T08:07:16.357+0000] {local.py:196} WARNING - Artifact schema version: https://schemas.getdbt.com/dbt/run-results/v6.json is above dbt-ol supported version 5. This might cause errors.
[2024-08-09T08:07:16.381+0000] {log.py:232} WARNING - [[34m2024-08-09T08:07:16.381+0000[0m] {[34mlocal.py:[0m349} INFO[0m - [35m(astronomer-cosmos)[0m - Inlets: [][0m
[2024-08-09T08:07:16.393+0000] {log.py:232} WARNING - [[34m2024-08-09T08:07:16.381+0000[0m] {[34mlocal.py:[0m349} INFO[0m - [35m(astronomer-cosmos)[0m - Inlets: [][0m
[2024-08-09T08:07:16.381+0000] {local.py:349} INFO - Inlets: []
[2024-08-09T08:07:16.394+0000] {log.py:232} WARNING - [[34m2024-08-09T08:07:16.394+0000[0m] {[34mlocal.py:[0m350} INFO[0m - [35m(astronomer-cosmos)[0m - Outlets: [][0m
[2024-08-09T08:07:16.394+0000] {log.py:232} WARNING - [[34m2024-08-09T08:07:16.394+0000[0m] {[34mlocal.py:[0m350} INFO[0m - [35m(astronomer-cosmos)[0m - Outlets: [][0m
[2024-08-09T08:07:16.394+0000] {local.py:350} INFO - Outlets: []
[2024-08-09T08:07:16.399+0000] {dag.py:3096} INFO - Sync 1 DAGs
[2024-08-09T08:07:16.551+0000] {dag.py:3954} INFO - Setting next_dagrun for dbt_dag to 2024-08-09 00:00:00+00:00, run_after=2024-08-10 00:00:00+00:00
[2024-08-09T08:07:16.673+0000] {taskinstance.py:441} INFO - ::group::Post task execution logs
[2024-08-09T08:07:16.700+0000] {taskinstance.py:1206} INFO - Marking task as SUCCESS. dag_id=dbt_dag, task_id=stg_avg_convert_field_run, run_id=scheduled__2024-08-08T00:00:00+00:00, execution_date=20240808T000000, start_date=20240809T080644, end_date=20240809T080716
[2024-08-09T08:07:16.782+0000] {local_task_job_runner.py:240} INFO - Task exited with return code 0
[2024-08-09T08:07:16.889+0000] {taskinstance.py:3503} INFO - 1 downstream tasks scheduled from follow-on schedule check
[2024-08-09T08:07:16.898+0000] {local_task_job_runner.py:222} INFO - ::endgroup::
