[2024-08-16T08:26:42.337+0000] {local_task_job_runner.py:120} INFO - ::group::Pre task execution logs
[2024-08-16T08:26:42.505+0000] {taskinstance.py:2076} INFO - Dependencies all met for dep_context=non-requeueable deps ti=<TaskInstance: Scrape_Province.province_models.dim_province_run scheduled__2024-08-15T00:00:00+00:00 [queued]>
[2024-08-16T08:26:42.514+0000] {taskinstance.py:2076} INFO - Dependencies all met for dep_context=requeueable deps ti=<TaskInstance: Scrape_Province.province_models.dim_province_run scheduled__2024-08-15T00:00:00+00:00 [queued]>
[2024-08-16T08:26:42.515+0000] {taskinstance.py:2306} INFO - Starting attempt 1 of 3
[2024-08-16T08:26:42.539+0000] {taskinstance.py:2330} INFO - Executing <Task(DbtRunLocalOperator): province_models.dim_province_run> on 2024-08-15 00:00:00+00:00
[2024-08-16T08:26:42.546+0000] {warnings.py:112} WARNING - /home/***/.local/lib/python3.12/site-packages/***/task/task_runner/standard_task_runner.py:61: DeprecationWarning: This process (pid=100) is multi-threaded, use of fork() may lead to deadlocks in the child.
  pid = os.fork()

[2024-08-16T08:26:42.547+0000] {standard_task_runner.py:63} INFO - Started process 102 to run task
[2024-08-16T08:26:42.548+0000] {standard_task_runner.py:90} INFO - Running: ['***', 'tasks', 'run', 'Scrape_Province', 'province_models.dim_province_run', 'scheduled__2024-08-15T00:00:00+00:00', '--job-id', '1091', '--raw', '--subdir', 'DAGS_FOLDER/Province_Extraction.py', '--cfg-path', '/tmp/tmp0824aacw']
[2024-08-16T08:26:42.552+0000] {standard_task_runner.py:91} INFO - Job 1091: Subtask province_models.dim_province_run
[2024-08-16T08:26:42.601+0000] {task_command.py:426} INFO - Running <TaskInstance: Scrape_Province.province_models.dim_province_run scheduled__2024-08-15T00:00:00+00:00 [running]> on host ubuntu
[2024-08-16T08:26:42.709+0000] {taskinstance.py:2648} INFO - Exporting env vars: AIRFLOW_CTX_DAG_OWNER='Ducky' AIRFLOW_CTX_DAG_ID='Scrape_Province' AIRFLOW_CTX_TASK_ID='province_models.dim_province_run' AIRFLOW_CTX_EXECUTION_DATE='2024-08-15T00:00:00+00:00' AIRFLOW_CTX_TRY_NUMBER='1' AIRFLOW_CTX_DAG_RUN_ID='scheduled__2024-08-15T00:00:00+00:00'
[2024-08-16T08:26:42.711+0000] {taskinstance.py:430} INFO - ::endgroup::
[2024-08-16T08:26:42.737+0000] {log.py:232} WARNING - [[34m2024-08-16T08:26:42.736+0000[0m] {[34mgraph.py:[0m377} INFO[0m - [35m(astronomer-cosmos)[0m - Trying to parse the dbt project using dbt ls cache cosmos_cache__dbt_dag_filterd__customers_group...[0m
[2024-08-16T08:26:42.737+0000] {log.py:232} WARNING - [[34m2024-08-16T08:26:42.736+0000[0m] {[34mgraph.py:[0m377} INFO[0m - [35m(astronomer-cosmos)[0m - Trying to parse the dbt project using dbt ls cache cosmos_cache__dbt_dag_filterd__customers_group...[0m
[2024-08-16T08:26:42.736+0000] {graph.py:377} INFO - Trying to parse the dbt project using dbt ls cache cosmos_cache__dbt_dag_filterd__customers_group...
[2024-08-16T08:26:43.007+0000] {log.py:232} WARNING - [[34m2024-08-16T08:26:43.007+0000[0m] {[34mcache.py:[0m262} INFO[0m - [35m(astronomer-cosmos)[0m - Cosmos performance: time to calculate cache identifier cosmos_cache__dbt_dag_filterd__customers_group for current version: 0.2601044890000139[0m
[2024-08-16T08:26:43.007+0000] {log.py:232} WARNING - [[34m2024-08-16T08:26:43.007+0000[0m] {[34mcache.py:[0m262} INFO[0m - [35m(astronomer-cosmos)[0m - Cosmos performance: time to calculate cache identifier cosmos_cache__dbt_dag_filterd__customers_group for current version: 0.2601044890000139[0m
[2024-08-16T08:26:43.007+0000] {cache.py:262} INFO - Cosmos performance: time to calculate cache identifier cosmos_cache__dbt_dag_filterd__customers_group for current version: 0.2601044890000139
[2024-08-16T08:26:43.008+0000] {log.py:232} WARNING - [[34m2024-08-16T08:26:43.008+0000[0m] {[34mgraph.py:[0m394} INFO[0m - [35m(astronomer-cosmos)[0m - Cosmos performance [ubuntu|102]: The cache size for cosmos_cache__dbt_dag_filterd__customers_group is 2948[0m
[2024-08-16T08:26:43.009+0000] {log.py:232} WARNING - [[34m2024-08-16T08:26:43.008+0000[0m] {[34mgraph.py:[0m394} INFO[0m - [35m(astronomer-cosmos)[0m - Cosmos performance [ubuntu|102]: The cache size for cosmos_cache__dbt_dag_filterd__customers_group is 2948[0m
[2024-08-16T08:26:43.008+0000] {graph.py:394} INFO - Cosmos performance [ubuntu|102]: The cache size for cosmos_cache__dbt_dag_filterd__customers_group is 2948
[2024-08-16T08:26:43.018+0000] {log.py:232} WARNING - [[34m2024-08-16T08:26:43.017+0000[0m] {[34mgraph.py:[0m402} INFO[0m - [35m(astronomer-cosmos)[0m - Cosmos performance: Cache hit for cosmos_cache__dbt_dag_filterd__customers_group - d3655c99e4b770027e65648437a3d068,5f7d44698c4b67134aff532494870c9c[0m
[2024-08-16T08:26:43.019+0000] {log.py:232} WARNING - [[34m2024-08-16T08:26:43.017+0000[0m] {[34mgraph.py:[0m402} INFO[0m - [35m(astronomer-cosmos)[0m - Cosmos performance: Cache hit for cosmos_cache__dbt_dag_filterd__customers_group - d3655c99e4b770027e65648437a3d068,5f7d44698c4b67134aff532494870c9c[0m
[2024-08-16T08:26:43.017+0000] {graph.py:402} INFO - Cosmos performance: Cache hit for cosmos_cache__dbt_dag_filterd__customers_group - d3655c99e4b770027e65648437a3d068,5f7d44698c4b67134aff532494870c9c
[2024-08-16T08:26:43.019+0000] {log.py:232} WARNING - [[34m2024-08-16T08:26:43.019+0000[0m] {[34mgraph.py:[0m335} INFO[0m - [35m(astronomer-cosmos)[0m - Total nodes: 3[0m
[2024-08-16T08:26:43.020+0000] {log.py:232} WARNING - [[34m2024-08-16T08:26:43.019+0000[0m] {[34mgraph.py:[0m335} INFO[0m - [35m(astronomer-cosmos)[0m - Total nodes: 3[0m
[2024-08-16T08:26:43.019+0000] {graph.py:335} INFO - Total nodes: 3
[2024-08-16T08:26:43.021+0000] {log.py:232} WARNING - [[34m2024-08-16T08:26:43.020+0000[0m] {[34mgraph.py:[0m336} INFO[0m - [35m(astronomer-cosmos)[0m - Total filtered nodes: 3[0m
[2024-08-16T08:26:43.021+0000] {log.py:232} WARNING - [[34m2024-08-16T08:26:43.020+0000[0m] {[34mgraph.py:[0m336} INFO[0m - [35m(astronomer-cosmos)[0m - Total filtered nodes: 3[0m
[2024-08-16T08:26:43.020+0000] {graph.py:336} INFO - Total filtered nodes: 3
[2024-08-16T08:26:43.022+0000] {log.py:232} WARNING - [[34m2024-08-16T08:26:43.022+0000[0m] {[34mconverter.py:[0m251} INFO[0m - [35m(astronomer-cosmos)[0m - Cosmos performance (dbt_dag_filterd__customers_group) -  [ubuntu|102]: It took 0.285s to parse the dbt project for DAG using LoadMode.DBT_LS_CACHE[0m
[2024-08-16T08:26:43.022+0000] {log.py:232} WARNING - [[34m2024-08-16T08:26:43.022+0000[0m] {[34mconverter.py:[0m251} INFO[0m - [35m(astronomer-cosmos)[0m - Cosmos performance (dbt_dag_filterd__customers_group) -  [ubuntu|102]: It took 0.285s to parse the dbt project for DAG using LoadMode.DBT_LS_CACHE[0m
[2024-08-16T08:26:43.022+0000] {converter.py:251} INFO - Cosmos performance (dbt_dag_filterd__customers_group) -  [ubuntu|102]: It took 0.285s to parse the dbt project for DAG using LoadMode.DBT_LS_CACHE
[2024-08-16T08:26:43.025+0000] {log.py:232} WARNING - [[34m2024-08-16T08:26:43.025+0000[0m] {[34mproject.py:[0m35} INFO[0m - [35m(astronomer-cosmos)[0m - Project /opt/***/dags/Data_Marketplace does not have {'dependencies.yml', 'packages.yml'}[0m
[2024-08-16T08:26:43.026+0000] {log.py:232} WARNING - [[34m2024-08-16T08:26:43.025+0000[0m] {[34mproject.py:[0m35} INFO[0m - [35m(astronomer-cosmos)[0m - Project /opt/***/dags/Data_Marketplace does not have {'dependencies.yml', 'packages.yml'}[0m
[2024-08-16T08:26:43.025+0000] {project.py:35} INFO - Project /opt/***/dags/Data_Marketplace does not have {'dependencies.yml', 'packages.yml'}
[2024-08-16T08:26:43.028+0000] {log.py:232} WARNING - [[34m2024-08-16T08:26:43.028+0000[0m] {[34mproject.py:[0m35} INFO[0m - [35m(astronomer-cosmos)[0m - Project /opt/***/dags/Data_Marketplace does not have {'dependencies.yml', 'packages.yml'}[0m
[2024-08-16T08:26:43.028+0000] {log.py:232} WARNING - [[34m2024-08-16T08:26:43.028+0000[0m] {[34mproject.py:[0m35} INFO[0m - [35m(astronomer-cosmos)[0m - Project /opt/***/dags/Data_Marketplace does not have {'dependencies.yml', 'packages.yml'}[0m
[2024-08-16T08:26:43.028+0000] {project.py:35} INFO - Project /opt/***/dags/Data_Marketplace does not have {'dependencies.yml', 'packages.yml'}
[2024-08-16T08:26:43.031+0000] {log.py:232} WARNING - [[34m2024-08-16T08:26:43.031+0000[0m] {[34mproject.py:[0m35} INFO[0m - [35m(astronomer-cosmos)[0m - Project /opt/***/dags/Data_Marketplace does not have {'dependencies.yml', 'packages.yml'}[0m
[2024-08-16T08:26:43.031+0000] {log.py:232} WARNING - [[34m2024-08-16T08:26:43.031+0000[0m] {[34mproject.py:[0m35} INFO[0m - [35m(astronomer-cosmos)[0m - Project /opt/***/dags/Data_Marketplace does not have {'dependencies.yml', 'packages.yml'}[0m
[2024-08-16T08:26:43.031+0000] {project.py:35} INFO - Project /opt/***/dags/Data_Marketplace does not have {'dependencies.yml', 'packages.yml'}
[2024-08-16T08:26:43.032+0000] {log.py:232} WARNING - [[34m2024-08-16T08:26:43.032+0000[0m] {[34mconverter.py:[0m293} INFO[0m - [35m(astronomer-cosmos)[0m - Cosmos performance (dbt_dag_filterd__customers_group) - [ubuntu|102]: It took 0.0106s to build the Airflow DAG.[0m
[2024-08-16T08:26:43.033+0000] {log.py:232} WARNING - [[34m2024-08-16T08:26:43.032+0000[0m] {[34mconverter.py:[0m293} INFO[0m - [35m(astronomer-cosmos)[0m - Cosmos performance (dbt_dag_filterd__customers_group) - [ubuntu|102]: It took 0.0106s to build the Airflow DAG.[0m
[2024-08-16T08:26:43.032+0000] {converter.py:293} INFO - Cosmos performance (dbt_dag_filterd__customers_group) - [ubuntu|102]: It took 0.0106s to build the Airflow DAG.
[2024-08-16T08:26:43.034+0000] {log.py:232} WARNING - [[34m2024-08-16T08:26:43.034+0000[0m] {[34mlocal.py:[0m174} INFO[0m - [35m(astronomer-cosmos)[0m - Could not import dbtRunner. Falling back to subprocess for invoking dbt.[0m
[2024-08-16T08:26:43.035+0000] {log.py:232} WARNING - [[34m2024-08-16T08:26:43.034+0000[0m] {[34mlocal.py:[0m174} INFO[0m - [35m(astronomer-cosmos)[0m - Could not import dbtRunner. Falling back to subprocess for invoking dbt.[0m
[2024-08-16T08:26:43.034+0000] {local.py:174} INFO - Could not import dbtRunner. Falling back to subprocess for invoking dbt.
[2024-08-16T08:26:43.036+0000] {log.py:232} WARNING - [[34m2024-08-16T08:26:43.036+0000[0m] {[34mlocal.py:[0m292} INFO[0m - [35m(astronomer-cosmos)[0m - Cloning project to writable temp directory /tmp/tmp25fy7tcf from /opt/***/dags/Data_Marketplace[0m
[2024-08-16T08:26:43.037+0000] {log.py:232} WARNING - [[34m2024-08-16T08:26:43.036+0000[0m] {[34mlocal.py:[0m292} INFO[0m - [35m(astronomer-cosmos)[0m - Cloning project to writable temp directory /tmp/tmp25fy7tcf from /opt/***/dags/Data_Marketplace[0m
[2024-08-16T08:26:43.036+0000] {local.py:292} INFO - Cloning project to writable temp directory /tmp/tmp25fy7tcf from /opt/airflow/dags/Data_Marketplace
[2024-08-16T08:26:43.042+0000] {log.py:232} WARNING - [[34m2024-08-16T08:26:43.041+0000[0m] {[34mlocal.py:[0m303} INFO[0m - [35m(astronomer-cosmos)[0m - Partial parse is enabled and the latest partial parse file is /tmp/cosmos/Scrape_Province__province_models/target/partial_parse.msgpack[0m
[2024-08-16T08:26:43.042+0000] {log.py:232} WARNING - [[34m2024-08-16T08:26:43.041+0000[0m] {[34mlocal.py:[0m303} INFO[0m - [35m(astronomer-cosmos)[0m - Partial parse is enabled and the latest partial parse file is /tmp/cosmos/Scrape_Province__province_models/target/partial_parse.msgpack[0m
[2024-08-16T08:26:43.041+0000] {local.py:303} INFO - Partial parse is enabled and the latest partial parse file is /tmp/cosmos/Scrape_Province__province_models/target/partial_parse.msgpack
[2024-08-16T08:26:43.052+0000] {log.py:232} WARNING - [[34m2024-08-16T08:26:43.051+0000[0m] {[34mconfig.py:[0m292} INFO[0m - [35m(astronomer-cosmos)[0m - Profile caching is enable.[0m
[2024-08-16T08:26:43.052+0000] {log.py:232} WARNING - [[34m2024-08-16T08:26:43.051+0000[0m] {[34mconfig.py:[0m292} INFO[0m - [35m(astronomer-cosmos)[0m - Profile caching is enable.[0m
[2024-08-16T08:26:43.051+0000] {config.py:292} INFO - Profile caching is enable.
[2024-08-16T08:26:43.067+0000] {base.py:84} INFO - Using connection ID 'snowflake_conn' for task execution.
[2024-08-16T08:26:43.072+0000] {log.py:232} WARNING - [[34m2024-08-16T08:26:43.072+0000[0m] {[34mconfig.py:[0m272} INFO[0m - [35m(astronomer-cosmos)[0m - Profile found in cache using profile: /tmp/cosmos/profile/ec71862f850e9b0839075fe0561d5062ab3dd99ef2a3dac2fe4fc1486f2849d0/profiles.yml.[0m
[2024-08-16T08:26:43.073+0000] {log.py:232} WARNING - [[34m2024-08-16T08:26:43.072+0000[0m] {[34mconfig.py:[0m272} INFO[0m - [35m(astronomer-cosmos)[0m - Profile found in cache using profile: /tmp/cosmos/profile/ec71862f850e9b0839075fe0561d5062ab3dd99ef2a3dac2fe4fc1486f2849d0/profiles.yml.[0m
[2024-08-16T08:26:43.072+0000] {config.py:272} INFO - Profile found in cache using profile: /tmp/cosmos/profile/ec71862f850e9b0839075fe0561d5062ab3dd99ef2a3dac2fe4fc1486f2849d0/profiles.yml.
[2024-08-16T08:26:43.075+0000] {log.py:232} WARNING - [[34m2024-08-16T08:26:43.074+0000[0m] {[34mlocal.py:[0m247} INFO[0m - [35m(astronomer-cosmos)[0m - Trying to run the command:
 ['/opt/***/dbt_venv/bin/dbt', 'run', '--models', 'dim_province', '--project-dir', '/tmp/tmp25fy7tcf', '--profiles-dir', '/tmp/cosmos/profile/ec71862f850e9b0839075fe0561d5062ab3dd99ef2a3dac2fe4fc1486f2849d0', '--profile', 'Data_Marketplace', '--target', 'dev']
From /tmp/tmp25fy7tcf[0m
[2024-08-16T08:26:43.075+0000] {log.py:232} WARNING - [[34m2024-08-16T08:26:43.074+0000[0m] {[34mlocal.py:[0m247} INFO[0m - [35m(astronomer-cosmos)[0m - Trying to run the command:
 ['/opt/***/dbt_venv/bin/dbt', 'run', '--models', 'dim_province', '--project-dir', '/tmp/tmp25fy7tcf', '--profiles-dir', '/tmp/cosmos/profile/ec71862f850e9b0839075fe0561d5062ab3dd99ef2a3dac2fe4fc1486f2849d0', '--profile', 'Data_Marketplace', '--target', 'dev']
From /tmp/tmp25fy7tcf[0m
[2024-08-16T08:26:43.074+0000] {local.py:247} INFO - Trying to run the command:
 ['/opt/***/dbt_venv/bin/dbt', 'run', '--models', 'dim_province', '--project-dir', '/tmp/tmp25fy7tcf', '--profiles-dir', '/tmp/cosmos/profile/ec71862f850e9b0839075fe0561d5062ab3dd99ef2a3dac2fe4fc1486f2849d0', '--profile', 'Data_Marketplace', '--target', 'dev']
From /tmp/tmp25fy7tcf
[2024-08-16T08:26:43.076+0000] {log.py:232} WARNING - [[34m2024-08-16T08:26:43.076+0000[0m] {[34msubprocess.py:[0m60} INFO[0m - [35m(astronomer-cosmos)[0m - Tmp dir root location: 
 /tmp[0m
[2024-08-16T08:26:43.077+0000] {log.py:232} WARNING - [[34m2024-08-16T08:26:43.076+0000[0m] {[34msubprocess.py:[0m60} INFO[0m - [35m(astronomer-cosmos)[0m - Tmp dir root location: 
 /tmp[0m
[2024-08-16T08:26:43.076+0000] {subprocess.py:60} INFO - Tmp dir root location: 
 /tmp
[2024-08-16T08:26:43.078+0000] {log.py:232} WARNING - [[34m2024-08-16T08:26:43.078+0000[0m] {[34msubprocess.py:[0m73} INFO[0m - [35m(astronomer-cosmos)[0m - Running command: ['/opt/***/dbt_venv/bin/dbt', 'run', '--models', 'dim_province', '--project-dir', '/tmp/tmp25fy7tcf', '--profiles-dir', '/tmp/cosmos/profile/ec71862f850e9b0839075fe0561d5062ab3dd99ef2a3dac2fe4fc1486f2849d0', '--profile', 'Data_Marketplace', '--target', 'dev'][0m
[2024-08-16T08:26:43.078+0000] {log.py:232} WARNING - [[34m2024-08-16T08:26:43.078+0000[0m] {[34msubprocess.py:[0m73} INFO[0m - [35m(astronomer-cosmos)[0m - Running command: ['/opt/***/dbt_venv/bin/dbt', 'run', '--models', 'dim_province', '--project-dir', '/tmp/tmp25fy7tcf', '--profiles-dir', '/tmp/cosmos/profile/ec71862f850e9b0839075fe0561d5062ab3dd99ef2a3dac2fe4fc1486f2849d0', '--profile', 'Data_Marketplace', '--target', 'dev'][0m
[2024-08-16T08:26:43.078+0000] {subprocess.py:73} INFO - Running command: ['/opt/***/dbt_venv/bin/dbt', 'run', '--models', 'dim_province', '--project-dir', '/tmp/tmp25fy7tcf', '--profiles-dir', '/tmp/cosmos/profile/ec71862f850e9b0839075fe0561d5062ab3dd99ef2a3dac2fe4fc1486f2849d0', '--profile', 'Data_Marketplace', '--target', 'dev']
[2024-08-16T08:26:43.093+0000] {log.py:232} WARNING - [[34m2024-08-16T08:26:43.092+0000[0m] {[34msubprocess.py:[0m84} INFO[0m - [35m(astronomer-cosmos)[0m - Command output:[0m
[2024-08-16T08:26:43.094+0000] {log.py:232} WARNING - [[34m2024-08-16T08:26:43.092+0000[0m] {[34msubprocess.py:[0m84} INFO[0m - [35m(astronomer-cosmos)[0m - Command output:[0m
[2024-08-16T08:26:43.092+0000] {subprocess.py:84} INFO - Command output:
[2024-08-16T08:26:45.153+0000] {log.py:232} WARNING - [[34m2024-08-16T08:26:45.153+0000[0m] {[34msubprocess.py:[0m94} INFO[0m - [35m(astronomer-cosmos)[0m - [0m08:26:45  Running with dbt=1.8.5[0m
[2024-08-16T08:26:45.154+0000] {log.py:232} WARNING - [[34m2024-08-16T08:26:45.153+0000[0m] {[34msubprocess.py:[0m94} INFO[0m - [35m(astronomer-cosmos)[0m - [0m08:26:45  Running with dbt=1.8.5[0m
[2024-08-16T08:26:45.153+0000] {subprocess.py:94} INFO - [0m08:26:45  Running with dbt=1.8.5
[2024-08-16T08:26:45.676+0000] {log.py:232} WARNING - [[34m2024-08-16T08:26:45.675+0000[0m] {[34msubprocess.py:[0m94} INFO[0m - [35m(astronomer-cosmos)[0m - [0m08:26:45  Registered adapter: snowflake=1.8.3[0m
[2024-08-16T08:26:45.679+0000] {log.py:232} WARNING - [[34m2024-08-16T08:26:45.675+0000[0m] {[34msubprocess.py:[0m94} INFO[0m - [35m(astronomer-cosmos)[0m - [0m08:26:45  Registered adapter: snowflake=1.8.3[0m
[2024-08-16T08:26:45.675+0000] {subprocess.py:94} INFO - [0m08:26:45  Registered adapter: snowflake=1.8.3
[2024-08-16T08:26:46.520+0000] {log.py:232} WARNING - [[34m2024-08-16T08:26:46.519+0000[0m] {[34msubprocess.py:[0m94} INFO[0m - [35m(astronomer-cosmos)[0m - [0m08:26:46  Found 9 models, 2 snapshots, 3 seeds, 2 data tests, 3 sources, 448 macros[0m
[2024-08-16T08:26:46.521+0000] {log.py:232} WARNING - [[34m2024-08-16T08:26:46.519+0000[0m] {[34msubprocess.py:[0m94} INFO[0m - [35m(astronomer-cosmos)[0m - [0m08:26:46  Found 9 models, 2 snapshots, 3 seeds, 2 data tests, 3 sources, 448 macros[0m
[2024-08-16T08:26:46.519+0000] {subprocess.py:94} INFO - [0m08:26:46  Found 9 models, 2 snapshots, 3 seeds, 2 data tests, 3 sources, 448 macros
[2024-08-16T08:26:46.524+0000] {log.py:232} WARNING - [[34m2024-08-16T08:26:46.524+0000[0m] {[34msubprocess.py:[0m94} INFO[0m - [35m(astronomer-cosmos)[0m - [0m08:26:46[0m
[2024-08-16T08:26:46.525+0000] {log.py:232} WARNING - [[34m2024-08-16T08:26:46.524+0000[0m] {[34msubprocess.py:[0m94} INFO[0m - [35m(astronomer-cosmos)[0m - [0m08:26:46[0m
[2024-08-16T08:26:46.524+0000] {subprocess.py:94} INFO - [0m08:26:46
[2024-08-16T08:26:49.350+0000] {log.py:232} WARNING - [[34m2024-08-16T08:26:49.350+0000[0m] {[34msubprocess.py:[0m94} INFO[0m - [35m(astronomer-cosmos)[0m - [0m08:26:49  Concurrency: 1 threads (target='dev')[0m
[2024-08-16T08:26:49.352+0000] {log.py:232} WARNING - [[34m2024-08-16T08:26:49.350+0000[0m] {[34msubprocess.py:[0m94} INFO[0m - [35m(astronomer-cosmos)[0m - [0m08:26:49  Concurrency: 1 threads (target='dev')[0m
[2024-08-16T08:26:49.350+0000] {subprocess.py:94} INFO - [0m08:26:49  Concurrency: 1 threads (target='dev')
[2024-08-16T08:26:49.354+0000] {log.py:232} WARNING - [[34m2024-08-16T08:26:49.353+0000[0m] {[34msubprocess.py:[0m94} INFO[0m - [35m(astronomer-cosmos)[0m - [0m08:26:49[0m
[2024-08-16T08:26:49.355+0000] {log.py:232} WARNING - [[34m2024-08-16T08:26:49.353+0000[0m] {[34msubprocess.py:[0m94} INFO[0m - [35m(astronomer-cosmos)[0m - [0m08:26:49[0m
[2024-08-16T08:26:49.353+0000] {subprocess.py:94} INFO - [0m08:26:49
[2024-08-16T08:26:49.373+0000] {log.py:232} WARNING - [[34m2024-08-16T08:26:49.372+0000[0m] {[34msubprocess.py:[0m94} INFO[0m - [35m(astronomer-cosmos)[0m - [0m08:26:49  1 of 1 START sql view model DWH.dim_province ................................... [RUN][0m
[2024-08-16T08:26:49.374+0000] {log.py:232} WARNING - [[34m2024-08-16T08:26:49.372+0000[0m] {[34msubprocess.py:[0m94} INFO[0m - [35m(astronomer-cosmos)[0m - [0m08:26:49  1 of 1 START sql view model DWH.dim_province ................................... [RUN][0m
[2024-08-16T08:26:49.372+0000] {subprocess.py:94} INFO - [0m08:26:49  1 of 1 START sql view model DWH.dim_province ................................... [RUN]
[2024-08-16T08:26:50.794+0000] {log.py:232} WARNING - [[34m2024-08-16T08:26:50.794+0000[0m] {[34msubprocess.py:[0m94} INFO[0m - [35m(astronomer-cosmos)[0m - [0m08:26:50  1 of 1 OK created sql view model DWH.dim_province .............................. [[32mSUCCESS 1[0m in 1.42s][0m
[2024-08-16T08:26:50.795+0000] {log.py:232} WARNING - [[34m2024-08-16T08:26:50.794+0000[0m] {[34msubprocess.py:[0m94} INFO[0m - [35m(astronomer-cosmos)[0m - [0m08:26:50  1 of 1 OK created sql view model DWH.dim_province .............................. [[32mSUCCESS 1[0m in 1.42s][0m
[2024-08-16T08:26:50.794+0000] {subprocess.py:94} INFO - [0m08:26:50  1 of 1 OK created sql view model DWH.dim_province .............................. [[32mSUCCESS 1[0m in 1.42s]
[2024-08-16T08:26:50.798+0000] {log.py:232} WARNING - [[34m2024-08-16T08:26:50.798+0000[0m] {[34msubprocess.py:[0m94} INFO[0m - [35m(astronomer-cosmos)[0m - [0m08:26:50[0m
[2024-08-16T08:26:50.799+0000] {log.py:232} WARNING - [[34m2024-08-16T08:26:50.798+0000[0m] {[34msubprocess.py:[0m94} INFO[0m - [35m(astronomer-cosmos)[0m - [0m08:26:50[0m
[2024-08-16T08:26:50.798+0000] {subprocess.py:94} INFO - [0m08:26:50
[2024-08-16T08:26:50.801+0000] {log.py:232} WARNING - [[34m2024-08-16T08:26:50.800+0000[0m] {[34msubprocess.py:[0m94} INFO[0m - [35m(astronomer-cosmos)[0m - [0m08:26:50  Finished running 1 view model in 0 hours 0 minutes and 4.27 seconds (4.27s).[0m
[2024-08-16T08:26:50.801+0000] {log.py:232} WARNING - [[34m2024-08-16T08:26:50.800+0000[0m] {[34msubprocess.py:[0m94} INFO[0m - [35m(astronomer-cosmos)[0m - [0m08:26:50  Finished running 1 view model in 0 hours 0 minutes and 4.27 seconds (4.27s).[0m
[2024-08-16T08:26:50.800+0000] {subprocess.py:94} INFO - [0m08:26:50  Finished running 1 view model in 0 hours 0 minutes and 4.27 seconds (4.27s).
[2024-08-16T08:26:50.835+0000] {log.py:232} WARNING - [[34m2024-08-16T08:26:50.834+0000[0m] {[34msubprocess.py:[0m94} INFO[0m - [35m(astronomer-cosmos)[0m - [0m08:26:50[0m
[2024-08-16T08:26:50.835+0000] {log.py:232} WARNING - [[34m2024-08-16T08:26:50.834+0000[0m] {[34msubprocess.py:[0m94} INFO[0m - [35m(astronomer-cosmos)[0m - [0m08:26:50[0m
[2024-08-16T08:26:50.834+0000] {subprocess.py:94} INFO - [0m08:26:50
[2024-08-16T08:26:50.837+0000] {log.py:232} WARNING - [[34m2024-08-16T08:26:50.836+0000[0m] {[34msubprocess.py:[0m94} INFO[0m - [35m(astronomer-cosmos)[0m - [0m08:26:50  [32mCompleted successfully[0m[0m
[2024-08-16T08:26:50.837+0000] {log.py:232} WARNING - [[34m2024-08-16T08:26:50.836+0000[0m] {[34msubprocess.py:[0m94} INFO[0m - [35m(astronomer-cosmos)[0m - [0m08:26:50  [32mCompleted successfully[0m[0m
[2024-08-16T08:26:50.836+0000] {subprocess.py:94} INFO - [0m08:26:50  [32mCompleted successfully[0m
[2024-08-16T08:26:50.838+0000] {log.py:232} WARNING - [[34m2024-08-16T08:26:50.838+0000[0m] {[34msubprocess.py:[0m94} INFO[0m - [35m(astronomer-cosmos)[0m - [0m08:26:50[0m
[2024-08-16T08:26:50.839+0000] {log.py:232} WARNING - [[34m2024-08-16T08:26:50.838+0000[0m] {[34msubprocess.py:[0m94} INFO[0m - [35m(astronomer-cosmos)[0m - [0m08:26:50[0m
[2024-08-16T08:26:50.838+0000] {subprocess.py:94} INFO - [0m08:26:50
[2024-08-16T08:26:50.840+0000] {log.py:232} WARNING - [[34m2024-08-16T08:26:50.840+0000[0m] {[34msubprocess.py:[0m94} INFO[0m - [35m(astronomer-cosmos)[0m - [0m08:26:50  Done. PASS=1 WARN=0 ERROR=0 SKIP=0 TOTAL=1[0m
[2024-08-16T08:26:50.841+0000] {log.py:232} WARNING - [[34m2024-08-16T08:26:50.840+0000[0m] {[34msubprocess.py:[0m94} INFO[0m - [35m(astronomer-cosmos)[0m - [0m08:26:50  Done. PASS=1 WARN=0 ERROR=0 SKIP=0 TOTAL=1[0m
[2024-08-16T08:26:50.840+0000] {subprocess.py:94} INFO - [0m08:26:50  Done. PASS=1 WARN=0 ERROR=0 SKIP=0 TOTAL=1
[2024-08-16T08:26:52.578+0000] {log.py:232} WARNING - [[34m2024-08-16T08:26:52.577+0000[0m] {[34msubprocess.py:[0m98} INFO[0m - [35m(astronomer-cosmos)[0m - Command exited with return code 0[0m
[2024-08-16T08:26:52.579+0000] {log.py:232} WARNING - [[34m2024-08-16T08:26:52.577+0000[0m] {[34msubprocess.py:[0m98} INFO[0m - [35m(astronomer-cosmos)[0m - Command exited with return code 0[0m
[2024-08-16T08:26:52.577+0000] {subprocess.py:98} INFO - Command exited with return code 0
[2024-08-16T08:26:52.580+0000] {log.py:232} WARNING - [[34m2024-08-16T08:26:52.580+0000[0m] {[34mlocal.py:[0m254} INFO[0m - [35m(astronomer-cosmos)[0m - [0m08:26:50  Done. PASS=1 WARN=0 ERROR=0 SKIP=0 TOTAL=1[0m
[2024-08-16T08:26:52.581+0000] {log.py:232} WARNING - [[34m2024-08-16T08:26:52.580+0000[0m] {[34mlocal.py:[0m254} INFO[0m - [35m(astronomer-cosmos)[0m - [0m08:26:50  Done. PASS=1 WARN=0 ERROR=0 SKIP=0 TOTAL=1[0m
[2024-08-16T08:26:52.580+0000] {local.py:254} INFO - [0m08:26:50  Done. PASS=1 WARN=0 ERROR=0 SKIP=0 TOTAL=1
[2024-08-16T08:26:52.596+0000] {local.py:196} WARNING - Artifact schema version: https://schemas.getdbt.com/dbt/manifest/v12.json is above dbt-ol supported version 7. This might cause errors.
[2024-08-16T08:26:52.597+0000] {local.py:196} WARNING - Artifact schema version: https://schemas.getdbt.com/dbt/run-results/v6.json is above dbt-ol supported version 5. This might cause errors.
[2024-08-16T08:26:52.612+0000] {log.py:232} WARNING - [[34m2024-08-16T08:26:52.612+0000[0m] {[34mlocal.py:[0m349} INFO[0m - [35m(astronomer-cosmos)[0m - Inlets: [Dataset(uri='snowflake://uz36730.ap-southeast-1.aws/POC_DATA_MARKETPLACE.DWH.stg_province', extra=None)][0m
[2024-08-16T08:26:52.613+0000] {log.py:232} WARNING - [[34m2024-08-16T08:26:52.612+0000[0m] {[34mlocal.py:[0m349} INFO[0m - [35m(astronomer-cosmos)[0m - Inlets: [Dataset(uri='snowflake://uz36730.ap-southeast-1.aws/POC_DATA_MARKETPLACE.DWH.stg_province', extra=None)][0m
[2024-08-16T08:26:52.612+0000] {local.py:349} INFO - Inlets: [Dataset(uri='snowflake://uz36730.ap-southeast-1.aws/POC_DATA_MARKETPLACE.DWH.stg_province', extra=None)]
[2024-08-16T08:26:52.613+0000] {log.py:232} WARNING - [[34m2024-08-16T08:26:52.613+0000[0m] {[34mlocal.py:[0m350} INFO[0m - [35m(astronomer-cosmos)[0m - Outlets: [Dataset(uri='snowflake://uz36730.ap-southeast-1.aws/POC_DATA_MARKETPLACE.DWH.dim_province', extra=None)][0m
[2024-08-16T08:26:52.614+0000] {log.py:232} WARNING - [[34m2024-08-16T08:26:52.613+0000[0m] {[34mlocal.py:[0m350} INFO[0m - [35m(astronomer-cosmos)[0m - Outlets: [Dataset(uri='snowflake://uz36730.ap-southeast-1.aws/POC_DATA_MARKETPLACE.DWH.dim_province', extra=None)][0m
[2024-08-16T08:26:52.613+0000] {local.py:350} INFO - Outlets: [Dataset(uri='snowflake://uz36730.ap-southeast-1.aws/POC_DATA_MARKETPLACE.DWH.dim_province', extra=None)]
[2024-08-16T08:26:52.615+0000] {dag.py:3096} INFO - Sync 1 DAGs
[2024-08-16T08:26:52.674+0000] {taskinstance.py:441} INFO - ::group::Post task execution logs
[2024-08-16T08:26:52.706+0000] {taskinstance.py:1206} INFO - Marking task as SUCCESS. dag_id=Scrape_Province, task_id=province_models.dim_province_run, run_id=scheduled__2024-08-15T00:00:00+00:00, execution_date=20240815T000000, start_date=20240816T082642, end_date=20240816T082652
[2024-08-16T08:26:52.774+0000] {local_task_job_runner.py:240} INFO - Task exited with return code 0
[2024-08-16T08:26:52.839+0000] {taskinstance.py:3503} INFO - 1 downstream tasks scheduled from follow-on schedule check
[2024-08-16T08:26:52.844+0000] {local_task_job_runner.py:222} INFO - ::endgroup::
