[2024-08-09T08:58:54.560+0000] {local_task_job_runner.py:120} INFO - ::group::Pre task execution logs
[2024-08-09T08:58:54.747+0000] {taskinstance.py:2076} INFO - Dependencies all met for dep_context=non-requeueable deps ti=<TaskInstance: Scrape_Province.generate_output_file manual__2024-08-09T08:58:51.742378+00:00 [queued]>
[2024-08-09T08:58:54.755+0000] {taskinstance.py:2076} INFO - Dependencies all met for dep_context=requeueable deps ti=<TaskInstance: Scrape_Province.generate_output_file manual__2024-08-09T08:58:51.742378+00:00 [queued]>
[2024-08-09T08:58:54.756+0000] {taskinstance.py:2306} INFO - Starting attempt 1 of 1
[2024-08-09T08:58:54.769+0000] {taskinstance.py:2330} INFO - Executing <Task(PythonOperator): generate_output_file> on 2024-08-09 08:58:51.742378+00:00
[2024-08-09T08:58:54.781+0000] {warnings.py:112} WARNING - /home/***/.local/lib/python3.12/site-packages/***/task/task_runner/standard_task_runner.py:61: DeprecationWarning: This process (pid=1149) is multi-threaded, use of fork() may lead to deadlocks in the child.
  pid = os.fork()

[2024-08-09T08:58:54.782+0000] {standard_task_runner.py:63} INFO - Started process 1151 to run task
[2024-08-09T08:58:54.783+0000] {standard_task_runner.py:90} INFO - Running: ['***', 'tasks', 'run', 'Scrape_Province', 'generate_output_file', 'manual__2024-08-09T08:58:51.742378+00:00', '--job-id', '63', '--raw', '--subdir', 'DAGS_FOLDER/Province_Extraction.py', '--cfg-path', '/tmp/tmpqx6ssf7m']
[2024-08-09T08:58:54.786+0000] {standard_task_runner.py:91} INFO - Job 63: Subtask generate_output_file
[2024-08-09T08:58:54.800+0000] {warnings.py:112} WARNING - /home/***/.local/lib/python3.12/site-packages/***/settings.py:195: DeprecationWarning: The sql_alchemy_conn option in [core] has been moved to the sql_alchemy_conn option in [database] - the old setting has been used, but please update your config.
  SQL_ALCHEMY_CONN = conf.get("database", "SQL_ALCHEMY_CONN")

[2024-08-09T08:58:54.835+0000] {task_command.py:426} INFO - Running <TaskInstance: Scrape_Province.generate_output_file manual__2024-08-09T08:58:51.742378+00:00 [running]> on host ubuntu
[2024-08-09T08:58:54.933+0000] {taskinstance.py:2648} INFO - Exporting env vars: AIRFLOW_CTX_DAG_OWNER='Ducky' AIRFLOW_CTX_DAG_ID='Scrape_Province' AIRFLOW_CTX_TASK_ID='generate_output_file' AIRFLOW_CTX_EXECUTION_DATE='2024-08-09T08:58:51.742378+00:00' AIRFLOW_CTX_TRY_NUMBER='1' AIRFLOW_CTX_DAG_RUN_ID='manual__2024-08-09T08:58:51.742378+00:00'
[2024-08-09T08:58:54.935+0000] {taskinstance.py:430} INFO - ::endgroup::
[2024-08-09T08:58:54.951+0000] {logging_mixin.py:188} INFO - Generated output file: province_table-20240808.csv
[2024-08-09T08:58:54.951+0000] {python.py:237} INFO - Done. Returned value was: province_table-20240808.csv
[2024-08-09T08:58:54.951+0000] {taskinstance.py:441} INFO - ::group::Post task execution logs
[2024-08-09T08:58:54.974+0000] {taskinstance.py:1206} INFO - Marking task as SUCCESS. dag_id=Scrape_Province, task_id=generate_output_file, run_id=manual__2024-08-09T08:58:51.742378+00:00, execution_date=20240809T085851, start_date=20240809T085854, end_date=20240809T085854
[2024-08-09T08:58:54.998+0000] {local_task_job_runner.py:240} INFO - Task exited with return code 0
[2024-08-09T08:58:55.031+0000] {taskinstance.py:3503} INFO - 1 downstream tasks scheduled from follow-on schedule check
[2024-08-09T08:58:55.033+0000] {local_task_job_runner.py:222} INFO - ::endgroup::
