[2024-08-09T08:05:52.697+0000] {local_task_job_runner.py:120} INFO - ::group::Pre task execution logs
[2024-08-09T08:05:52.745+0000] {taskinstance.py:2076} INFO - Dependencies all met for dep_context=non-requeueable deps ti=<TaskInstance: dbt_dag.stg_province_run manual__2024-08-09T08:00:42.008960+00:00 [queued]>
[2024-08-09T08:05:52.773+0000] {taskinstance.py:2076} INFO - Dependencies all met for dep_context=requeueable deps ti=<TaskInstance: dbt_dag.stg_province_run manual__2024-08-09T08:00:42.008960+00:00 [queued]>
[2024-08-09T08:05:52.773+0000] {taskinstance.py:2306} INFO - Starting attempt 1 of 1
[2024-08-09T08:05:52.844+0000] {taskinstance.py:2330} INFO - Executing <Task(DbtRunLocalOperator): stg_province_run> on 2024-08-09 08:00:42.008960+00:00
[2024-08-09T08:05:52.930+0000] {warnings.py:112} WARNING - /home/***/.local/lib/python3.12/site-packages/***/task/task_runner/standard_task_runner.py:61: DeprecationWarning: This process (pid=67) is multi-threaded, use of fork() may lead to deadlocks in the child.
  pid = os.fork()

[2024-08-09T08:05:52.964+0000] {standard_task_runner.py:63} INFO - Started process 83 to run task
[2024-08-09T08:05:52.965+0000] {standard_task_runner.py:90} INFO - Running: ['***', 'tasks', 'run', 'dbt_dag', 'stg_province_run', 'manual__2024-08-09T08:00:42.008960+00:00', '--job-id', '14', '--raw', '--subdir', 'DAGS_FOLDER/dbt.py', '--cfg-path', '/tmp/tmpp0r36ahx']
[2024-08-09T08:05:52.980+0000] {standard_task_runner.py:91} INFO - Job 14: Subtask stg_province_run
[2024-08-09T08:05:53.056+0000] {warnings.py:112} WARNING - /home/***/.local/lib/python3.12/site-packages/***/settings.py:195: DeprecationWarning: The sql_alchemy_conn option in [core] has been moved to the sql_alchemy_conn option in [database] - the old setting has been used, but please update your config.
  SQL_ALCHEMY_CONN = conf.get("database", "SQL_ALCHEMY_CONN")

[2024-08-09T08:05:53.288+0000] {task_command.py:426} INFO - Running <TaskInstance: dbt_dag.stg_province_run manual__2024-08-09T08:00:42.008960+00:00 [running]> on host ubuntu
[2024-08-09T08:05:53.891+0000] {taskinstance.py:2648} INFO - Exporting env vars: AIRFLOW_CTX_DAG_OWNER='***' AIRFLOW_CTX_DAG_ID='dbt_dag' AIRFLOW_CTX_TASK_ID='stg_province_run' AIRFLOW_CTX_EXECUTION_DATE='2024-08-09T08:00:42.008960+00:00' AIRFLOW_CTX_TRY_NUMBER='1' AIRFLOW_CTX_DAG_RUN_ID='manual__2024-08-09T08:00:42.008960+00:00'
[2024-08-09T08:05:53.908+0000] {taskinstance.py:430} INFO - ::endgroup::
[2024-08-09T08:05:54.034+0000] {log.py:232} WARNING - [[34m2024-08-09T08:05:54.025+0000[0m] {[34mgraph.py:[0m377} INFO[0m - [35m(astronomer-cosmos)[0m - Trying to parse the dbt project using dbt ls cache cosmos_cache__dbt_dag...[0m
[2024-08-09T08:05:54.034+0000] {log.py:232} WARNING - [[34m2024-08-09T08:05:54.025+0000[0m] {[34mgraph.py:[0m377} INFO[0m - [35m(astronomer-cosmos)[0m - Trying to parse the dbt project using dbt ls cache cosmos_cache__dbt_dag...[0m
[2024-08-09T08:05:54.025+0000] {graph.py:377} INFO - Trying to parse the dbt project using dbt ls cache cosmos_cache__dbt_dag...
[2024-08-09T08:05:54.149+0000] {log.py:232} WARNING - [[34m2024-08-09T08:05:54.148+0000[0m] {[34mcache.py:[0m262} INFO[0m - [35m(astronomer-cosmos)[0m - Cosmos performance: time to calculate cache identifier cosmos_cache__dbt_dag for current version: 0.06749274799994964[0m
[2024-08-09T08:05:54.149+0000] {log.py:232} WARNING - [[34m2024-08-09T08:05:54.148+0000[0m] {[34mcache.py:[0m262} INFO[0m - [35m(astronomer-cosmos)[0m - Cosmos performance: time to calculate cache identifier cosmos_cache__dbt_dag for current version: 0.06749274799994964[0m
[2024-08-09T08:05:54.148+0000] {cache.py:262} INFO - Cosmos performance: time to calculate cache identifier cosmos_cache__dbt_dag for current version: 0.06749274799994964
[2024-08-09T08:05:54.150+0000] {log.py:232} WARNING - [[34m2024-08-09T08:05:54.150+0000[0m] {[34mgraph.py:[0m394} INFO[0m - [35m(astronomer-cosmos)[0m - Cosmos performance [ubuntu|83]: The cache size for cosmos_cache__dbt_dag is 14843[0m
[2024-08-09T08:05:54.150+0000] {log.py:232} WARNING - [[34m2024-08-09T08:05:54.150+0000[0m] {[34mgraph.py:[0m394} INFO[0m - [35m(astronomer-cosmos)[0m - Cosmos performance [ubuntu|83]: The cache size for cosmos_cache__dbt_dag is 14843[0m
[2024-08-09T08:05:54.150+0000] {graph.py:394} INFO - Cosmos performance [ubuntu|83]: The cache size for cosmos_cache__dbt_dag is 14843
[2024-08-09T08:05:54.175+0000] {log.py:232} WARNING - [[34m2024-08-09T08:05:54.175+0000[0m] {[34mgraph.py:[0m402} INFO[0m - [35m(astronomer-cosmos)[0m - Cosmos performance: Cache hit for cosmos_cache__dbt_dag - f0894e22ca1fc514beb9335fa3aa34e2,d41d8cd98f00b204e9800998ecf8427e[0m
[2024-08-09T08:05:54.175+0000] {log.py:232} WARNING - [[34m2024-08-09T08:05:54.175+0000[0m] {[34mgraph.py:[0m402} INFO[0m - [35m(astronomer-cosmos)[0m - Cosmos performance: Cache hit for cosmos_cache__dbt_dag - f0894e22ca1fc514beb9335fa3aa34e2,d41d8cd98f00b204e9800998ecf8427e[0m
[2024-08-09T08:05:54.175+0000] {graph.py:402} INFO - Cosmos performance: Cache hit for cosmos_cache__dbt_dag - f0894e22ca1fc514beb9335fa3aa34e2,d41d8cd98f00b204e9800998ecf8427e
[2024-08-09T08:05:54.176+0000] {log.py:232} WARNING - [[34m2024-08-09T08:05:54.176+0000[0m] {[34mgraph.py:[0m335} INFO[0m - [35m(astronomer-cosmos)[0m - Total nodes: 19[0m
[2024-08-09T08:05:54.176+0000] {log.py:232} WARNING - [[34m2024-08-09T08:05:54.176+0000[0m] {[34mgraph.py:[0m335} INFO[0m - [35m(astronomer-cosmos)[0m - Total nodes: 19[0m
[2024-08-09T08:05:54.176+0000] {graph.py:335} INFO - Total nodes: 19
[2024-08-09T08:05:54.185+0000] {log.py:232} WARNING - [[34m2024-08-09T08:05:54.185+0000[0m] {[34mgraph.py:[0m336} INFO[0m - [35m(astronomer-cosmos)[0m - Total filtered nodes: 19[0m
[2024-08-09T08:05:54.186+0000] {log.py:232} WARNING - [[34m2024-08-09T08:05:54.185+0000[0m] {[34mgraph.py:[0m336} INFO[0m - [35m(astronomer-cosmos)[0m - Total filtered nodes: 19[0m
[2024-08-09T08:05:54.185+0000] {graph.py:336} INFO - Total filtered nodes: 19
[2024-08-09T08:05:54.194+0000] {log.py:232} WARNING - [[34m2024-08-09T08:05:54.186+0000[0m] {[34mconverter.py:[0m251} INFO[0m - [35m(astronomer-cosmos)[0m - Cosmos performance (dbt_dag) -  [ubuntu|83]: It took 0.161s to parse the dbt project for DAG using LoadMode.DBT_LS_CACHE[0m
[2024-08-09T08:05:54.194+0000] {log.py:232} WARNING - [[34m2024-08-09T08:05:54.186+0000[0m] {[34mconverter.py:[0m251} INFO[0m - [35m(astronomer-cosmos)[0m - Cosmos performance (dbt_dag) -  [ubuntu|83]: It took 0.161s to parse the dbt project for DAG using LoadMode.DBT_LS_CACHE[0m
[2024-08-09T08:05:54.186+0000] {converter.py:251} INFO - Cosmos performance (dbt_dag) -  [ubuntu|83]: It took 0.161s to parse the dbt project for DAG using LoadMode.DBT_LS_CACHE
[2024-08-09T08:05:54.203+0000] {log.py:232} WARNING - [[34m2024-08-09T08:05:54.203+0000[0m] {[34mproject.py:[0m35} INFO[0m - [35m(astronomer-cosmos)[0m - Project /usr/local/***/dags/Data_Marketplace does not have {'packages.yml', 'dependencies.yml'}[0m
[2024-08-09T08:05:54.203+0000] {log.py:232} WARNING - [[34m2024-08-09T08:05:54.203+0000[0m] {[34mproject.py:[0m35} INFO[0m - [35m(astronomer-cosmos)[0m - Project /usr/local/***/dags/Data_Marketplace does not have {'packages.yml', 'dependencies.yml'}[0m
[2024-08-09T08:05:54.203+0000] {project.py:35} INFO - Project /usr/local/***/dags/Data_Marketplace does not have {'packages.yml', 'dependencies.yml'}
[2024-08-09T08:05:54.213+0000] {log.py:232} WARNING - [[34m2024-08-09T08:05:54.204+0000[0m] {[34mproject.py:[0m35} INFO[0m - [35m(astronomer-cosmos)[0m - Project /usr/local/***/dags/Data_Marketplace does not have {'packages.yml', 'dependencies.yml'}[0m
[2024-08-09T08:05:54.213+0000] {log.py:232} WARNING - [[34m2024-08-09T08:05:54.204+0000[0m] {[34mproject.py:[0m35} INFO[0m - [35m(astronomer-cosmos)[0m - Project /usr/local/***/dags/Data_Marketplace does not have {'packages.yml', 'dependencies.yml'}[0m
[2024-08-09T08:05:54.204+0000] {project.py:35} INFO - Project /usr/local/***/dags/Data_Marketplace does not have {'packages.yml', 'dependencies.yml'}
[2024-08-09T08:05:54.221+0000] {log.py:232} WARNING - [[34m2024-08-09T08:05:54.214+0000[0m] {[34mproject.py:[0m35} INFO[0m - [35m(astronomer-cosmos)[0m - Project /usr/local/***/dags/Data_Marketplace does not have {'packages.yml', 'dependencies.yml'}[0m
[2024-08-09T08:05:54.221+0000] {log.py:232} WARNING - [[34m2024-08-09T08:05:54.214+0000[0m] {[34mproject.py:[0m35} INFO[0m - [35m(astronomer-cosmos)[0m - Project /usr/local/***/dags/Data_Marketplace does not have {'packages.yml', 'dependencies.yml'}[0m
[2024-08-09T08:05:54.214+0000] {project.py:35} INFO - Project /usr/local/***/dags/Data_Marketplace does not have {'packages.yml', 'dependencies.yml'}
[2024-08-09T08:05:54.241+0000] {log.py:232} WARNING - [[34m2024-08-09T08:05:54.222+0000[0m] {[34mproject.py:[0m35} INFO[0m - [35m(astronomer-cosmos)[0m - Project /usr/local/***/dags/Data_Marketplace does not have {'packages.yml', 'dependencies.yml'}[0m
[2024-08-09T08:05:54.241+0000] {log.py:232} WARNING - [[34m2024-08-09T08:05:54.222+0000[0m] {[34mproject.py:[0m35} INFO[0m - [35m(astronomer-cosmos)[0m - Project /usr/local/***/dags/Data_Marketplace does not have {'packages.yml', 'dependencies.yml'}[0m
[2024-08-09T08:05:54.222+0000] {project.py:35} INFO - Project /usr/local/***/dags/Data_Marketplace does not have {'packages.yml', 'dependencies.yml'}
[2024-08-09T08:05:54.263+0000] {log.py:232} WARNING - [[34m2024-08-09T08:05:54.253+0000[0m] {[34mproject.py:[0m35} INFO[0m - [35m(astronomer-cosmos)[0m - Project /usr/local/***/dags/Data_Marketplace does not have {'packages.yml', 'dependencies.yml'}[0m
[2024-08-09T08:05:54.263+0000] {log.py:232} WARNING - [[34m2024-08-09T08:05:54.253+0000[0m] {[34mproject.py:[0m35} INFO[0m - [35m(astronomer-cosmos)[0m - Project /usr/local/***/dags/Data_Marketplace does not have {'packages.yml', 'dependencies.yml'}[0m
[2024-08-09T08:05:54.253+0000] {project.py:35} INFO - Project /usr/local/***/dags/Data_Marketplace does not have {'packages.yml', 'dependencies.yml'}
[2024-08-09T08:05:54.277+0000] {log.py:232} WARNING - [[34m2024-08-09T08:05:54.273+0000[0m] {[34mproject.py:[0m35} INFO[0m - [35m(astronomer-cosmos)[0m - Project /usr/local/***/dags/Data_Marketplace does not have {'packages.yml', 'dependencies.yml'}[0m
[2024-08-09T08:05:54.287+0000] {log.py:232} WARNING - [[34m2024-08-09T08:05:54.273+0000[0m] {[34mproject.py:[0m35} INFO[0m - [35m(astronomer-cosmos)[0m - Project /usr/local/***/dags/Data_Marketplace does not have {'packages.yml', 'dependencies.yml'}[0m
[2024-08-09T08:05:54.273+0000] {project.py:35} INFO - Project /usr/local/***/dags/Data_Marketplace does not have {'packages.yml', 'dependencies.yml'}
[2024-08-09T08:05:54.295+0000] {log.py:232} WARNING - [[34m2024-08-09T08:05:54.295+0000[0m] {[34mproject.py:[0m35} INFO[0m - [35m(astronomer-cosmos)[0m - Project /usr/local/***/dags/Data_Marketplace does not have {'packages.yml', 'dependencies.yml'}[0m
[2024-08-09T08:05:54.305+0000] {log.py:232} WARNING - [[34m2024-08-09T08:05:54.295+0000[0m] {[34mproject.py:[0m35} INFO[0m - [35m(astronomer-cosmos)[0m - Project /usr/local/***/dags/Data_Marketplace does not have {'packages.yml', 'dependencies.yml'}[0m
[2024-08-09T08:05:54.295+0000] {project.py:35} INFO - Project /usr/local/***/dags/Data_Marketplace does not have {'packages.yml', 'dependencies.yml'}
[2024-08-09T08:05:54.306+0000] {log.py:232} WARNING - [[34m2024-08-09T08:05:54.306+0000[0m] {[34mproject.py:[0m35} INFO[0m - [35m(astronomer-cosmos)[0m - Project /usr/local/***/dags/Data_Marketplace does not have {'packages.yml', 'dependencies.yml'}[0m
[2024-08-09T08:05:54.316+0000] {log.py:232} WARNING - [[34m2024-08-09T08:05:54.306+0000[0m] {[34mproject.py:[0m35} INFO[0m - [35m(astronomer-cosmos)[0m - Project /usr/local/***/dags/Data_Marketplace does not have {'packages.yml', 'dependencies.yml'}[0m
[2024-08-09T08:05:54.306+0000] {project.py:35} INFO - Project /usr/local/***/dags/Data_Marketplace does not have {'packages.yml', 'dependencies.yml'}
[2024-08-09T08:05:54.317+0000] {log.py:232} WARNING - [[34m2024-08-09T08:05:54.317+0000[0m] {[34mproject.py:[0m35} INFO[0m - [35m(astronomer-cosmos)[0m - Project /usr/local/***/dags/Data_Marketplace does not have {'packages.yml', 'dependencies.yml'}[0m
[2024-08-09T08:05:54.324+0000] {log.py:232} WARNING - [[34m2024-08-09T08:05:54.317+0000[0m] {[34mproject.py:[0m35} INFO[0m - [35m(astronomer-cosmos)[0m - Project /usr/local/***/dags/Data_Marketplace does not have {'packages.yml', 'dependencies.yml'}[0m
[2024-08-09T08:05:54.317+0000] {project.py:35} INFO - Project /usr/local/***/dags/Data_Marketplace does not have {'packages.yml', 'dependencies.yml'}
[2024-08-09T08:05:54.325+0000] {log.py:232} WARNING - [[34m2024-08-09T08:05:54.325+0000[0m] {[34mproject.py:[0m35} INFO[0m - [35m(astronomer-cosmos)[0m - Project /usr/local/***/dags/Data_Marketplace does not have {'packages.yml', 'dependencies.yml'}[0m
[2024-08-09T08:05:54.333+0000] {log.py:232} WARNING - [[34m2024-08-09T08:05:54.325+0000[0m] {[34mproject.py:[0m35} INFO[0m - [35m(astronomer-cosmos)[0m - Project /usr/local/***/dags/Data_Marketplace does not have {'packages.yml', 'dependencies.yml'}[0m
[2024-08-09T08:05:54.325+0000] {project.py:35} INFO - Project /usr/local/***/dags/Data_Marketplace does not have {'packages.yml', 'dependencies.yml'}
[2024-08-09T08:05:54.334+0000] {log.py:232} WARNING - [[34m2024-08-09T08:05:54.334+0000[0m] {[34mproject.py:[0m35} INFO[0m - [35m(astronomer-cosmos)[0m - Project /usr/local/***/dags/Data_Marketplace does not have {'packages.yml', 'dependencies.yml'}[0m
[2024-08-09T08:05:54.334+0000] {log.py:232} WARNING - [[34m2024-08-09T08:05:54.334+0000[0m] {[34mproject.py:[0m35} INFO[0m - [35m(astronomer-cosmos)[0m - Project /usr/local/***/dags/Data_Marketplace does not have {'packages.yml', 'dependencies.yml'}[0m
[2024-08-09T08:05:54.334+0000] {project.py:35} INFO - Project /usr/local/***/dags/Data_Marketplace does not have {'packages.yml', 'dependencies.yml'}
[2024-08-09T08:05:54.345+0000] {log.py:232} WARNING - [[34m2024-08-09T08:05:54.345+0000[0m] {[34mproject.py:[0m35} INFO[0m - [35m(astronomer-cosmos)[0m - Project /usr/local/***/dags/Data_Marketplace does not have {'packages.yml', 'dependencies.yml'}[0m
[2024-08-09T08:05:54.345+0000] {log.py:232} WARNING - [[34m2024-08-09T08:05:54.345+0000[0m] {[34mproject.py:[0m35} INFO[0m - [35m(astronomer-cosmos)[0m - Project /usr/local/***/dags/Data_Marketplace does not have {'packages.yml', 'dependencies.yml'}[0m
[2024-08-09T08:05:54.345+0000] {project.py:35} INFO - Project /usr/local/***/dags/Data_Marketplace does not have {'packages.yml', 'dependencies.yml'}
[2024-08-09T08:05:54.355+0000] {log.py:232} WARNING - [[34m2024-08-09T08:05:54.355+0000[0m] {[34mproject.py:[0m35} INFO[0m - [35m(astronomer-cosmos)[0m - Project /usr/local/***/dags/Data_Marketplace does not have {'packages.yml', 'dependencies.yml'}[0m
[2024-08-09T08:05:54.355+0000] {log.py:232} WARNING - [[34m2024-08-09T08:05:54.355+0000[0m] {[34mproject.py:[0m35} INFO[0m - [35m(astronomer-cosmos)[0m - Project /usr/local/***/dags/Data_Marketplace does not have {'packages.yml', 'dependencies.yml'}[0m
[2024-08-09T08:05:54.355+0000] {project.py:35} INFO - Project /usr/local/***/dags/Data_Marketplace does not have {'packages.yml', 'dependencies.yml'}
[2024-08-09T08:05:54.363+0000] {log.py:232} WARNING - [[34m2024-08-09T08:05:54.363+0000[0m] {[34mproject.py:[0m35} INFO[0m - [35m(astronomer-cosmos)[0m - Project /usr/local/***/dags/Data_Marketplace does not have {'packages.yml', 'dependencies.yml'}[0m
[2024-08-09T08:05:54.363+0000] {log.py:232} WARNING - [[34m2024-08-09T08:05:54.363+0000[0m] {[34mproject.py:[0m35} INFO[0m - [35m(astronomer-cosmos)[0m - Project /usr/local/***/dags/Data_Marketplace does not have {'packages.yml', 'dependencies.yml'}[0m
[2024-08-09T08:05:54.363+0000] {project.py:35} INFO - Project /usr/local/***/dags/Data_Marketplace does not have {'packages.yml', 'dependencies.yml'}
[2024-08-09T08:05:54.371+0000] {log.py:232} WARNING - [[34m2024-08-09T08:05:54.370+0000[0m] {[34mproject.py:[0m35} INFO[0m - [35m(astronomer-cosmos)[0m - Project /usr/local/***/dags/Data_Marketplace does not have {'packages.yml', 'dependencies.yml'}[0m
[2024-08-09T08:05:54.371+0000] {log.py:232} WARNING - [[34m2024-08-09T08:05:54.370+0000[0m] {[34mproject.py:[0m35} INFO[0m - [35m(astronomer-cosmos)[0m - Project /usr/local/***/dags/Data_Marketplace does not have {'packages.yml', 'dependencies.yml'}[0m
[2024-08-09T08:05:54.370+0000] {project.py:35} INFO - Project /usr/local/***/dags/Data_Marketplace does not have {'packages.yml', 'dependencies.yml'}
[2024-08-09T08:05:54.377+0000] {log.py:232} WARNING - [[34m2024-08-09T08:05:54.377+0000[0m] {[34mgraph.py:[0m173} WARNING[0m - [35m(astronomer-cosmos)[0m - Unavailable conversion function for <DbtResourceType.SOURCE> (node <source.Data_Marketplace.Raw.City>). Define a converter function using render_config.node_converters.[0m
[2024-08-09T08:05:54.378+0000] {log.py:232} WARNING - [[34m2024-08-09T08:05:54.377+0000[0m] {[34mgraph.py:[0m173} WARNING[0m - [35m(astronomer-cosmos)[0m - Unavailable conversion function for <DbtResourceType.SOURCE> (node <source.Data_Marketplace.Raw.City>). Define a converter function using render_config.node_converters.[0m
[2024-08-09T08:05:54.377+0000] {graph.py:173} WARNING - Unavailable conversion function for <DbtResourceType.SOURCE> (node <source.Data_Marketplace.Raw.City>). Define a converter function using render_config.node_converters.
[2024-08-09T08:05:54.379+0000] {log.py:232} WARNING - [[34m2024-08-09T08:05:54.379+0000[0m] {[34mgraph.py:[0m173} WARNING[0m - [35m(astronomer-cosmos)[0m - Unavailable conversion function for <DbtResourceType.SOURCE> (node <source.Data_Marketplace.Raw.Province>). Define a converter function using render_config.node_converters.[0m
[2024-08-09T08:05:54.379+0000] {log.py:232} WARNING - [[34m2024-08-09T08:05:54.379+0000[0m] {[34mgraph.py:[0m173} WARNING[0m - [35m(astronomer-cosmos)[0m - Unavailable conversion function for <DbtResourceType.SOURCE> (node <source.Data_Marketplace.Raw.Province>). Define a converter function using render_config.node_converters.[0m
[2024-08-09T08:05:54.379+0000] {graph.py:173} WARNING - Unavailable conversion function for <DbtResourceType.SOURCE> (node <source.Data_Marketplace.Raw.Province>). Define a converter function using render_config.node_converters.
[2024-08-09T08:05:54.387+0000] {log.py:232} WARNING - [[34m2024-08-09T08:05:54.379+0000[0m] {[34mgraph.py:[0m173} WARNING[0m - [35m(astronomer-cosmos)[0m - Unavailable conversion function for <DbtResourceType.SOURCE> (node <source.Data_Marketplace.Raw.Weather_Data>). Define a converter function using render_config.node_converters.[0m
[2024-08-09T08:05:54.387+0000] {log.py:232} WARNING - [[34m2024-08-09T08:05:54.379+0000[0m] {[34mgraph.py:[0m173} WARNING[0m - [35m(astronomer-cosmos)[0m - Unavailable conversion function for <DbtResourceType.SOURCE> (node <source.Data_Marketplace.Raw.Weather_Data>). Define a converter function using render_config.node_converters.[0m
[2024-08-09T08:05:54.379+0000] {graph.py:173} WARNING - Unavailable conversion function for <DbtResourceType.SOURCE> (node <source.Data_Marketplace.Raw.Weather_Data>). Define a converter function using render_config.node_converters.
[2024-08-09T08:05:54.394+0000] {log.py:232} WARNING - [[34m2024-08-09T08:05:54.388+0000[0m] {[34mconverter.py:[0m293} INFO[0m - [35m(astronomer-cosmos)[0m - Cosmos performance (dbt_dag) - [ubuntu|83]: It took 0.202s to build the Airflow DAG.[0m
[2024-08-09T08:05:54.394+0000] {log.py:232} WARNING - [[34m2024-08-09T08:05:54.388+0000[0m] {[34mconverter.py:[0m293} INFO[0m - [35m(astronomer-cosmos)[0m - Cosmos performance (dbt_dag) - [ubuntu|83]: It took 0.202s to build the Airflow DAG.[0m
[2024-08-09T08:05:54.388+0000] {converter.py:293} INFO - Cosmos performance (dbt_dag) - [ubuntu|83]: It took 0.202s to build the Airflow DAG.
[2024-08-09T08:05:54.396+0000] {log.py:232} WARNING - [[34m2024-08-09T08:05:54.396+0000[0m] {[34mlocal.py:[0m174} INFO[0m - [35m(astronomer-cosmos)[0m - Could not import dbtRunner. Falling back to subprocess for invoking dbt.[0m
[2024-08-09T08:05:54.396+0000] {log.py:232} WARNING - [[34m2024-08-09T08:05:54.396+0000[0m] {[34mlocal.py:[0m174} INFO[0m - [35m(astronomer-cosmos)[0m - Could not import dbtRunner. Falling back to subprocess for invoking dbt.[0m
[2024-08-09T08:05:54.396+0000] {local.py:174} INFO - Could not import dbtRunner. Falling back to subprocess for invoking dbt.
[2024-08-09T08:05:54.404+0000] {log.py:232} WARNING - [[34m2024-08-09T08:05:54.403+0000[0m] {[34mlocal.py:[0m292} INFO[0m - [35m(astronomer-cosmos)[0m - Cloning project to writable temp directory /tmp/tmpishqr0pa from /usr/local/***/dags/Data_Marketplace[0m
[2024-08-09T08:05:54.404+0000] {log.py:232} WARNING - [[34m2024-08-09T08:05:54.403+0000[0m] {[34mlocal.py:[0m292} INFO[0m - [35m(astronomer-cosmos)[0m - Cloning project to writable temp directory /tmp/tmpishqr0pa from /usr/local/***/dags/Data_Marketplace[0m
[2024-08-09T08:05:54.403+0000] {local.py:292} INFO - Cloning project to writable temp directory /tmp/tmpishqr0pa from /usr/local/airflow/dags/Data_Marketplace
[2024-08-09T08:05:54.412+0000] {log.py:232} WARNING - [[34m2024-08-09T08:05:54.411+0000[0m] {[34mlocal.py:[0m303} INFO[0m - [35m(astronomer-cosmos)[0m - Partial parse is enabled and the latest partial parse file is /usr/local/***/dags/Data_Marketplace/target/partial_parse.msgpack[0m
[2024-08-09T08:05:54.419+0000] {log.py:232} WARNING - [[34m2024-08-09T08:05:54.411+0000[0m] {[34mlocal.py:[0m303} INFO[0m - [35m(astronomer-cosmos)[0m - Partial parse is enabled and the latest partial parse file is /usr/local/***/dags/Data_Marketplace/target/partial_parse.msgpack[0m
[2024-08-09T08:05:54.411+0000] {local.py:303} INFO - Partial parse is enabled and the latest partial parse file is /usr/local/airflow/dags/Data_Marketplace/target/partial_parse.msgpack
[2024-08-09T08:05:54.472+0000] {log.py:232} WARNING - [[34m2024-08-09T08:05:54.471+0000[0m] {[34mconfig.py:[0m292} INFO[0m - [35m(astronomer-cosmos)[0m - Profile caching is enable.[0m
[2024-08-09T08:05:54.472+0000] {log.py:232} WARNING - [[34m2024-08-09T08:05:54.471+0000[0m] {[34mconfig.py:[0m292} INFO[0m - [35m(astronomer-cosmos)[0m - Profile caching is enable.[0m
[2024-08-09T08:05:54.471+0000] {config.py:292} INFO - Profile caching is enable.
[2024-08-09T08:05:54.535+0000] {base.py:84} INFO - Using connection ID 'snowflake_conn' for task execution.
[2024-08-09T08:05:54.586+0000] {log.py:232} WARNING - [[34m2024-08-09T08:05:54.586+0000[0m] {[34mconfig.py:[0m272} INFO[0m - [35m(astronomer-cosmos)[0m - Profile found in cache using profile: /tmp/cosmos/profile/ec71862f850e9b0839075fe0561d5062ab3dd99ef2a3dac2fe4fc1486f2849d0/profiles.yml.[0m
[2024-08-09T08:05:54.586+0000] {log.py:232} WARNING - [[34m2024-08-09T08:05:54.586+0000[0m] {[34mconfig.py:[0m272} INFO[0m - [35m(astronomer-cosmos)[0m - Profile found in cache using profile: /tmp/cosmos/profile/ec71862f850e9b0839075fe0561d5062ab3dd99ef2a3dac2fe4fc1486f2849d0/profiles.yml.[0m
[2024-08-09T08:05:54.586+0000] {config.py:272} INFO - Profile found in cache using profile: /tmp/cosmos/profile/ec71862f850e9b0839075fe0561d5062ab3dd99ef2a3dac2fe4fc1486f2849d0/profiles.yml.
[2024-08-09T08:05:54.597+0000] {log.py:232} WARNING - [[34m2024-08-09T08:05:54.597+0000[0m] {[34mlocal.py:[0m247} INFO[0m - [35m(astronomer-cosmos)[0m - Trying to run the command:
 ['/opt/***/dbt_venv/bin/dbt', 'run', '--models', 'stg_province', '--project-dir', '/tmp/tmpishqr0pa', '--profiles-dir', '/tmp/cosmos/profile/ec71862f850e9b0839075fe0561d5062ab3dd99ef2a3dac2fe4fc1486f2849d0', '--profile', 'Data_Marketplace', '--target', 'dev']
From /tmp/tmpishqr0pa[0m
[2024-08-09T08:05:54.611+0000] {log.py:232} WARNING - [[34m2024-08-09T08:05:54.597+0000[0m] {[34mlocal.py:[0m247} INFO[0m - [35m(astronomer-cosmos)[0m - Trying to run the command:
 ['/opt/***/dbt_venv/bin/dbt', 'run', '--models', 'stg_province', '--project-dir', '/tmp/tmpishqr0pa', '--profiles-dir', '/tmp/cosmos/profile/ec71862f850e9b0839075fe0561d5062ab3dd99ef2a3dac2fe4fc1486f2849d0', '--profile', 'Data_Marketplace', '--target', 'dev']
From /tmp/tmpishqr0pa[0m
[2024-08-09T08:05:54.597+0000] {local.py:247} INFO - Trying to run the command:
 ['/opt/***/dbt_venv/bin/dbt', 'run', '--models', 'stg_province', '--project-dir', '/tmp/tmpishqr0pa', '--profiles-dir', '/tmp/cosmos/profile/ec71862f850e9b0839075fe0561d5062ab3dd99ef2a3dac2fe4fc1486f2849d0', '--profile', 'Data_Marketplace', '--target', 'dev']
From /tmp/tmpishqr0pa
[2024-08-09T08:05:54.612+0000] {log.py:232} WARNING - [[34m2024-08-09T08:05:54.612+0000[0m] {[34msubprocess.py:[0m60} INFO[0m - [35m(astronomer-cosmos)[0m - Tmp dir root location: 
 /tmp[0m
[2024-08-09T08:05:54.612+0000] {log.py:232} WARNING - [[34m2024-08-09T08:05:54.612+0000[0m] {[34msubprocess.py:[0m60} INFO[0m - [35m(astronomer-cosmos)[0m - Tmp dir root location: 
 /tmp[0m
[2024-08-09T08:05:54.612+0000] {subprocess.py:60} INFO - Tmp dir root location: 
 /tmp
[2024-08-09T08:05:54.623+0000] {log.py:232} WARNING - [[34m2024-08-09T08:05:54.623+0000[0m] {[34msubprocess.py:[0m73} INFO[0m - [35m(astronomer-cosmos)[0m - Running command: ['/opt/***/dbt_venv/bin/dbt', 'run', '--models', 'stg_province', '--project-dir', '/tmp/tmpishqr0pa', '--profiles-dir', '/tmp/cosmos/profile/ec71862f850e9b0839075fe0561d5062ab3dd99ef2a3dac2fe4fc1486f2849d0', '--profile', 'Data_Marketplace', '--target', 'dev'][0m
[2024-08-09T08:05:54.624+0000] {log.py:232} WARNING - [[34m2024-08-09T08:05:54.623+0000[0m] {[34msubprocess.py:[0m73} INFO[0m - [35m(astronomer-cosmos)[0m - Running command: ['/opt/***/dbt_venv/bin/dbt', 'run', '--models', 'stg_province', '--project-dir', '/tmp/tmpishqr0pa', '--profiles-dir', '/tmp/cosmos/profile/ec71862f850e9b0839075fe0561d5062ab3dd99ef2a3dac2fe4fc1486f2849d0', '--profile', 'Data_Marketplace', '--target', 'dev'][0m
[2024-08-09T08:05:54.623+0000] {subprocess.py:73} INFO - Running command: ['/opt/***/dbt_venv/bin/dbt', 'run', '--models', 'stg_province', '--project-dir', '/tmp/tmpishqr0pa', '--profiles-dir', '/tmp/cosmos/profile/ec71862f850e9b0839075fe0561d5062ab3dd99ef2a3dac2fe4fc1486f2849d0', '--profile', 'Data_Marketplace', '--target', 'dev']
[2024-08-09T08:05:54.717+0000] {log.py:232} WARNING - [[34m2024-08-09T08:05:54.716+0000[0m] {[34msubprocess.py:[0m84} INFO[0m - [35m(astronomer-cosmos)[0m - Command output:[0m
[2024-08-09T08:05:54.727+0000] {log.py:232} WARNING - [[34m2024-08-09T08:05:54.716+0000[0m] {[34msubprocess.py:[0m84} INFO[0m - [35m(astronomer-cosmos)[0m - Command output:[0m
[2024-08-09T08:05:54.716+0000] {subprocess.py:84} INFO - Command output:
[2024-08-09T08:06:09.546+0000] {log.py:232} WARNING - [[34m2024-08-09T08:06:09.545+0000[0m] {[34msubprocess.py:[0m94} INFO[0m - [35m(astronomer-cosmos)[0m - [0m08:06:09  Running with dbt=1.8.5[0m
[2024-08-09T08:06:09.555+0000] {log.py:232} WARNING - [[34m2024-08-09T08:06:09.545+0000[0m] {[34msubprocess.py:[0m94} INFO[0m - [35m(astronomer-cosmos)[0m - [0m08:06:09  Running with dbt=1.8.5[0m
[2024-08-09T08:06:09.545+0000] {subprocess.py:94} INFO - [0m08:06:09  Running with dbt=1.8.5
[2024-08-09T08:06:13.084+0000] {log.py:232} WARNING - [[34m2024-08-09T08:06:13.084+0000[0m] {[34msubprocess.py:[0m94} INFO[0m - [35m(astronomer-cosmos)[0m - [0m08:06:13  Registered adapter: snowflake=1.8.3[0m
[2024-08-09T08:06:13.085+0000] {log.py:232} WARNING - [[34m2024-08-09T08:06:13.084+0000[0m] {[34msubprocess.py:[0m94} INFO[0m - [35m(astronomer-cosmos)[0m - [0m08:06:13  Registered adapter: snowflake=1.8.3[0m
[2024-08-09T08:06:13.084+0000] {subprocess.py:94} INFO - [0m08:06:13  Registered adapter: snowflake=1.8.3
[2024-08-09T08:06:15.172+0000] {log.py:232} WARNING - [[34m2024-08-09T08:06:15.172+0000[0m] {[34msubprocess.py:[0m94} INFO[0m - [35m(astronomer-cosmos)[0m - [0m08:06:15  Unable to do partial parsing because config vars, config profile, or config target have changed[0m
[2024-08-09T08:06:15.173+0000] {log.py:232} WARNING - [[34m2024-08-09T08:06:15.172+0000[0m] {[34msubprocess.py:[0m94} INFO[0m - [35m(astronomer-cosmos)[0m - [0m08:06:15  Unable to do partial parsing because config vars, config profile, or config target have changed[0m
[2024-08-09T08:06:15.172+0000] {subprocess.py:94} INFO - [0m08:06:15  Unable to do partial parsing because config vars, config profile, or config target have changed
[2024-08-09T08:06:32.082+0000] {log.py:232} WARNING - [[34m2024-08-09T08:06:32.082+0000[0m] {[34msubprocess.py:[0m94} INFO[0m - [35m(astronomer-cosmos)[0m - [0m08:06:32  Found 9 models, 2 snapshots, 3 seeds, 2 data tests, 3 sources, 448 macros[0m
[2024-08-09T08:06:32.083+0000] {log.py:232} WARNING - [[34m2024-08-09T08:06:32.082+0000[0m] {[34msubprocess.py:[0m94} INFO[0m - [35m(astronomer-cosmos)[0m - [0m08:06:32  Found 9 models, 2 snapshots, 3 seeds, 2 data tests, 3 sources, 448 macros[0m
[2024-08-09T08:06:32.082+0000] {subprocess.py:94} INFO - [0m08:06:32  Found 9 models, 2 snapshots, 3 seeds, 2 data tests, 3 sources, 448 macros
[2024-08-09T08:06:32.106+0000] {log.py:232} WARNING - [[34m2024-08-09T08:06:32.106+0000[0m] {[34msubprocess.py:[0m94} INFO[0m - [35m(astronomer-cosmos)[0m - [0m08:06:32[0m
[2024-08-09T08:06:32.107+0000] {log.py:232} WARNING - [[34m2024-08-09T08:06:32.106+0000[0m] {[34msubprocess.py:[0m94} INFO[0m - [35m(astronomer-cosmos)[0m - [0m08:06:32[0m
[2024-08-09T08:06:32.106+0000] {subprocess.py:94} INFO - [0m08:06:32
[2024-08-09T08:06:35.242+0000] {log.py:232} WARNING - [[34m2024-08-09T08:06:35.242+0000[0m] {[34msubprocess.py:[0m94} INFO[0m - [35m(astronomer-cosmos)[0m - [0m08:06:35  Concurrency: 1 threads (target='dev')[0m
[2024-08-09T08:06:35.243+0000] {log.py:232} WARNING - [[34m2024-08-09T08:06:35.242+0000[0m] {[34msubprocess.py:[0m94} INFO[0m - [35m(astronomer-cosmos)[0m - [0m08:06:35  Concurrency: 1 threads (target='dev')[0m
[2024-08-09T08:06:35.242+0000] {subprocess.py:94} INFO - [0m08:06:35  Concurrency: 1 threads (target='dev')
[2024-08-09T08:06:35.249+0000] {log.py:232} WARNING - [[34m2024-08-09T08:06:35.249+0000[0m] {[34msubprocess.py:[0m94} INFO[0m - [35m(astronomer-cosmos)[0m - [0m08:06:35[0m
[2024-08-09T08:06:35.249+0000] {log.py:232} WARNING - [[34m2024-08-09T08:06:35.249+0000[0m] {[34msubprocess.py:[0m94} INFO[0m - [35m(astronomer-cosmos)[0m - [0m08:06:35[0m
[2024-08-09T08:06:35.249+0000] {subprocess.py:94} INFO - [0m08:06:35
[2024-08-09T08:06:35.315+0000] {log.py:232} WARNING - [[34m2024-08-09T08:06:35.315+0000[0m] {[34msubprocess.py:[0m94} INFO[0m - [35m(astronomer-cosmos)[0m - [0m08:06:35[0m
[2024-08-09T08:06:35.316+0000] {log.py:232} WARNING - [[34m2024-08-09T08:06:35.315+0000[0m] {[34msubprocess.py:[0m94} INFO[0m - [35m(astronomer-cosmos)[0m - [0m08:06:35[0m
[2024-08-09T08:06:35.315+0000] {subprocess.py:94} INFO - [0m08:06:35
[2024-08-09T08:06:35.316+0000] {log.py:232} WARNING - [[34m2024-08-09T08:06:35.316+0000[0m] {[34msubprocess.py:[0m94} INFO[0m - [35m(astronomer-cosmos)[0m - [0m08:06:35  Finished running  in 0 hours 0 minutes and 3.22 seconds (3.22s).[0m
[2024-08-09T08:06:35.319+0000] {log.py:232} WARNING - [[34m2024-08-09T08:06:35.316+0000[0m] {[34msubprocess.py:[0m94} INFO[0m - [35m(astronomer-cosmos)[0m - [0m08:06:35  Finished running  in 0 hours 0 minutes and 3.22 seconds (3.22s).[0m
[2024-08-09T08:06:35.316+0000] {subprocess.py:94} INFO - [0m08:06:35  Finished running  in 0 hours 0 minutes and 3.22 seconds (3.22s).
[2024-08-09T08:06:38.101+0000] {log.py:232} WARNING - [[34m2024-08-09T08:06:38.101+0000[0m] {[34msubprocess.py:[0m98} INFO[0m - [35m(astronomer-cosmos)[0m - Command exited with return code 0[0m
[2024-08-09T08:06:38.110+0000] {log.py:232} WARNING - [[34m2024-08-09T08:06:38.101+0000[0m] {[34msubprocess.py:[0m98} INFO[0m - [35m(astronomer-cosmos)[0m - Command exited with return code 0[0m
[2024-08-09T08:06:38.101+0000] {subprocess.py:98} INFO - Command exited with return code 0
[2024-08-09T08:06:38.111+0000] {log.py:232} WARNING - [[34m2024-08-09T08:06:38.110+0000[0m] {[34mlocal.py:[0m254} INFO[0m - [35m(astronomer-cosmos)[0m - [0m08:06:35  Finished running  in 0 hours 0 minutes and 3.22 seconds (3.22s).[0m
[2024-08-09T08:06:38.111+0000] {log.py:232} WARNING - [[34m2024-08-09T08:06:38.110+0000[0m] {[34mlocal.py:[0m254} INFO[0m - [35m(astronomer-cosmos)[0m - [0m08:06:35  Finished running  in 0 hours 0 minutes and 3.22 seconds (3.22s).[0m
[2024-08-09T08:06:38.110+0000] {local.py:254} INFO - [0m08:06:35  Finished running  in 0 hours 0 minutes and 3.22 seconds (3.22s).
[2024-08-09T08:06:38.218+0000] {local.py:196} WARNING - Artifact schema version: https://schemas.getdbt.com/dbt/manifest/v12.json is above dbt-ol supported version 7. This might cause errors.
[2024-08-09T08:06:38.218+0000] {local.py:196} WARNING - Artifact schema version: https://schemas.getdbt.com/dbt/run-results/v6.json is above dbt-ol supported version 5. This might cause errors.
[2024-08-09T08:06:38.262+0000] {log.py:232} WARNING - [[34m2024-08-09T08:06:38.261+0000[0m] {[34mlocal.py:[0m349} INFO[0m - [35m(astronomer-cosmos)[0m - Inlets: [][0m
[2024-08-09T08:06:38.262+0000] {log.py:232} WARNING - [[34m2024-08-09T08:06:38.261+0000[0m] {[34mlocal.py:[0m349} INFO[0m - [35m(astronomer-cosmos)[0m - Inlets: [][0m
[2024-08-09T08:06:38.261+0000] {local.py:349} INFO - Inlets: []
[2024-08-09T08:06:38.267+0000] {log.py:232} WARNING - [[34m2024-08-09T08:06:38.267+0000[0m] {[34mlocal.py:[0m350} INFO[0m - [35m(astronomer-cosmos)[0m - Outlets: [][0m
[2024-08-09T08:06:38.267+0000] {log.py:232} WARNING - [[34m2024-08-09T08:06:38.267+0000[0m] {[34mlocal.py:[0m350} INFO[0m - [35m(astronomer-cosmos)[0m - Outlets: [][0m
[2024-08-09T08:06:38.267+0000] {local.py:350} INFO - Outlets: []
[2024-08-09T08:06:38.268+0000] {dag.py:3096} INFO - Sync 1 DAGs
[2024-08-09T08:06:38.408+0000] {dag.py:3954} INFO - Setting next_dagrun for dbt_dag to 2024-08-09 00:00:00+00:00, run_after=2024-08-10 00:00:00+00:00
[2024-08-09T08:06:38.492+0000] {taskinstance.py:441} INFO - ::group::Post task execution logs
[2024-08-09T08:06:38.526+0000] {taskinstance.py:1206} INFO - Marking task as SUCCESS. dag_id=dbt_dag, task_id=stg_province_run, run_id=manual__2024-08-09T08:00:42.008960+00:00, execution_date=20240809T080042, start_date=20240809T080552, end_date=20240809T080638
[2024-08-09T08:06:38.601+0000] {local_task_job_runner.py:240} INFO - Task exited with return code 0
[2024-08-09T08:06:38.704+0000] {taskinstance.py:3503} INFO - 0 downstream tasks scheduled from follow-on schedule check
[2024-08-09T08:06:38.709+0000] {local_task_job_runner.py:222} INFO - ::endgroup::
