[2024-08-16T09:57:41.681+0000] {local_task_job_runner.py:120} INFO - ::group::Pre task execution logs
[2024-08-16T09:57:42.058+0000] {taskinstance.py:2076} INFO - Dependencies all met for dep_context=non-requeueable deps ti=<TaskInstance: Weather_Data_Extraction.weather_data_models.fct_weather_data.run scheduled__2024-08-15T00:00:00+00:00 [queued]>
[2024-08-16T09:57:42.072+0000] {taskinstance.py:2076} INFO - Dependencies all met for dep_context=requeueable deps ti=<TaskInstance: Weather_Data_Extraction.weather_data_models.fct_weather_data.run scheduled__2024-08-15T00:00:00+00:00 [queued]>
[2024-08-16T09:57:42.073+0000] {taskinstance.py:2306} INFO - Starting attempt 1 of 3
[2024-08-16T09:57:42.090+0000] {taskinstance.py:2330} INFO - Executing <Task(DbtRunLocalOperator): weather_data_models.fct_weather_data.run> on 2024-08-15 00:00:00+00:00
[2024-08-16T09:57:42.100+0000] {warnings.py:112} WARNING - /home/***/.local/lib/python3.12/site-packages/***/task/task_runner/standard_task_runner.py:61: DeprecationWarning: This process (pid=1927) is multi-threaded, use of fork() may lead to deadlocks in the child.
  pid = os.fork()

[2024-08-16T09:57:42.101+0000] {standard_task_runner.py:63} INFO - Started process 1929 to run task
[2024-08-16T09:57:42.102+0000] {standard_task_runner.py:90} INFO - Running: ['***', 'tasks', 'run', 'Weather_Data_Extraction', 'weather_data_models.fct_weather_data.run', 'scheduled__2024-08-15T00:00:00+00:00', '--job-id', '1220', '--raw', '--subdir', 'DAGS_FOLDER/Data_Weather_Extraction.py', '--cfg-path', '/tmp/tmpqp0fzly0']
[2024-08-16T09:57:42.104+0000] {standard_task_runner.py:91} INFO - Job 1220: Subtask weather_data_models.fct_weather_data.run
[2024-08-16T09:57:42.180+0000] {task_command.py:426} INFO - Running <TaskInstance: Weather_Data_Extraction.weather_data_models.fct_weather_data.run scheduled__2024-08-15T00:00:00+00:00 [running]> on host ubuntu
[2024-08-16T09:57:42.277+0000] {taskinstance.py:2648} INFO - Exporting env vars: AIRFLOW_CTX_DAG_OWNER='Ducky' AIRFLOW_CTX_DAG_ID='Weather_Data_Extraction' AIRFLOW_CTX_TASK_ID='weather_data_models.fct_weather_data.run' AIRFLOW_CTX_EXECUTION_DATE='2024-08-15T00:00:00+00:00' AIRFLOW_CTX_TRY_NUMBER='1' AIRFLOW_CTX_DAG_RUN_ID='scheduled__2024-08-15T00:00:00+00:00'
[2024-08-16T09:57:42.279+0000] {taskinstance.py:430} INFO - ::endgroup::
[2024-08-16T09:57:42.302+0000] {log.py:232} WARNING - [[34m2024-08-16T09:57:42.302+0000[0m] {[34mgraph.py:[0m377} INFO[0m - [35m(astronomer-cosmos)[0m - Trying to parse the dbt project using dbt ls cache cosmos_cache__dbt_dag_filterd__customers_group...[0m
[2024-08-16T09:57:42.303+0000] {log.py:232} WARNING - [[34m2024-08-16T09:57:42.302+0000[0m] {[34mgraph.py:[0m377} INFO[0m - [35m(astronomer-cosmos)[0m - Trying to parse the dbt project using dbt ls cache cosmos_cache__dbt_dag_filterd__customers_group...[0m
[2024-08-16T09:57:42.302+0000] {graph.py:377} INFO - Trying to parse the dbt project using dbt ls cache cosmos_cache__dbt_dag_filterd__customers_group...
[2024-08-16T09:57:42.516+0000] {log.py:232} WARNING - [[34m2024-08-16T09:57:42.516+0000[0m] {[34mcache.py:[0m262} INFO[0m - [35m(astronomer-cosmos)[0m - Cosmos performance: time to calculate cache identifier cosmos_cache__dbt_dag_filterd__customers_group for current version: 0.20379620299991075[0m
[2024-08-16T09:57:42.517+0000] {log.py:232} WARNING - [[34m2024-08-16T09:57:42.516+0000[0m] {[34mcache.py:[0m262} INFO[0m - [35m(astronomer-cosmos)[0m - Cosmos performance: time to calculate cache identifier cosmos_cache__dbt_dag_filterd__customers_group for current version: 0.20379620299991075[0m
[2024-08-16T09:57:42.516+0000] {cache.py:262} INFO - Cosmos performance: time to calculate cache identifier cosmos_cache__dbt_dag_filterd__customers_group for current version: 0.20379620299991075
[2024-08-16T09:57:42.518+0000] {log.py:232} WARNING - [[34m2024-08-16T09:57:42.518+0000[0m] {[34mgraph.py:[0m394} INFO[0m - [35m(astronomer-cosmos)[0m - Cosmos performance [ubuntu|1929]: The cache size for cosmos_cache__dbt_dag_filterd__customers_group is 2948[0m
[2024-08-16T09:57:42.518+0000] {log.py:232} WARNING - [[34m2024-08-16T09:57:42.518+0000[0m] {[34mgraph.py:[0m394} INFO[0m - [35m(astronomer-cosmos)[0m - Cosmos performance [ubuntu|1929]: The cache size for cosmos_cache__dbt_dag_filterd__customers_group is 2948[0m
[2024-08-16T09:57:42.518+0000] {graph.py:394} INFO - Cosmos performance [ubuntu|1929]: The cache size for cosmos_cache__dbt_dag_filterd__customers_group is 2948
[2024-08-16T09:57:42.519+0000] {log.py:232} WARNING - [[34m2024-08-16T09:57:42.519+0000[0m] {[34mgraph.py:[0m402} INFO[0m - [35m(astronomer-cosmos)[0m - Cosmos performance: Cache hit for cosmos_cache__dbt_dag_filterd__customers_group - d3655c99e4b770027e65648437a3d068,5f7d44698c4b67134aff532494870c9c[0m
[2024-08-16T09:57:42.520+0000] {log.py:232} WARNING - [[34m2024-08-16T09:57:42.519+0000[0m] {[34mgraph.py:[0m402} INFO[0m - [35m(astronomer-cosmos)[0m - Cosmos performance: Cache hit for cosmos_cache__dbt_dag_filterd__customers_group - d3655c99e4b770027e65648437a3d068,5f7d44698c4b67134aff532494870c9c[0m
[2024-08-16T09:57:42.519+0000] {graph.py:402} INFO - Cosmos performance: Cache hit for cosmos_cache__dbt_dag_filterd__customers_group - d3655c99e4b770027e65648437a3d068,5f7d44698c4b67134aff532494870c9c
[2024-08-16T09:57:42.520+0000] {log.py:232} WARNING - [[34m2024-08-16T09:57:42.520+0000[0m] {[34mgraph.py:[0m335} INFO[0m - [35m(astronomer-cosmos)[0m - Total nodes: 3[0m
[2024-08-16T09:57:42.521+0000] {log.py:232} WARNING - [[34m2024-08-16T09:57:42.520+0000[0m] {[34mgraph.py:[0m335} INFO[0m - [35m(astronomer-cosmos)[0m - Total nodes: 3[0m
[2024-08-16T09:57:42.520+0000] {graph.py:335} INFO - Total nodes: 3
[2024-08-16T09:57:42.521+0000] {log.py:232} WARNING - [[34m2024-08-16T09:57:42.521+0000[0m] {[34mgraph.py:[0m336} INFO[0m - [35m(astronomer-cosmos)[0m - Total filtered nodes: 3[0m
[2024-08-16T09:57:42.522+0000] {log.py:232} WARNING - [[34m2024-08-16T09:57:42.521+0000[0m] {[34mgraph.py:[0m336} INFO[0m - [35m(astronomer-cosmos)[0m - Total filtered nodes: 3[0m
[2024-08-16T09:57:42.521+0000] {graph.py:336} INFO - Total filtered nodes: 3
[2024-08-16T09:57:42.523+0000] {log.py:232} WARNING - [[34m2024-08-16T09:57:42.522+0000[0m] {[34mconverter.py:[0m251} INFO[0m - [35m(astronomer-cosmos)[0m - Cosmos performance (dbt_dag_filterd__customers_group) -  [ubuntu|1929]: It took 0.221s to parse the dbt project for DAG using LoadMode.DBT_LS_CACHE[0m
[2024-08-16T09:57:42.523+0000] {log.py:232} WARNING - [[34m2024-08-16T09:57:42.522+0000[0m] {[34mconverter.py:[0m251} INFO[0m - [35m(astronomer-cosmos)[0m - Cosmos performance (dbt_dag_filterd__customers_group) -  [ubuntu|1929]: It took 0.221s to parse the dbt project for DAG using LoadMode.DBT_LS_CACHE[0m
[2024-08-16T09:57:42.522+0000] {converter.py:251} INFO - Cosmos performance (dbt_dag_filterd__customers_group) -  [ubuntu|1929]: It took 0.221s to parse the dbt project for DAG using LoadMode.DBT_LS_CACHE
[2024-08-16T09:57:42.525+0000] {log.py:232} WARNING - [[34m2024-08-16T09:57:42.525+0000[0m] {[34mproject.py:[0m35} INFO[0m - [35m(astronomer-cosmos)[0m - Project /opt/***/dags/Data_Marketplace does not have {'dependencies.yml', 'packages.yml'}[0m
[2024-08-16T09:57:42.526+0000] {log.py:232} WARNING - [[34m2024-08-16T09:57:42.525+0000[0m] {[34mproject.py:[0m35} INFO[0m - [35m(astronomer-cosmos)[0m - Project /opt/***/dags/Data_Marketplace does not have {'dependencies.yml', 'packages.yml'}[0m
[2024-08-16T09:57:42.525+0000] {project.py:35} INFO - Project /opt/***/dags/Data_Marketplace does not have {'dependencies.yml', 'packages.yml'}
[2024-08-16T09:57:42.528+0000] {log.py:232} WARNING - [[34m2024-08-16T09:57:42.528+0000[0m] {[34mproject.py:[0m35} INFO[0m - [35m(astronomer-cosmos)[0m - Project /opt/***/dags/Data_Marketplace does not have {'dependencies.yml', 'packages.yml'}[0m
[2024-08-16T09:57:42.529+0000] {log.py:232} WARNING - [[34m2024-08-16T09:57:42.528+0000[0m] {[34mproject.py:[0m35} INFO[0m - [35m(astronomer-cosmos)[0m - Project /opt/***/dags/Data_Marketplace does not have {'dependencies.yml', 'packages.yml'}[0m
[2024-08-16T09:57:42.528+0000] {project.py:35} INFO - Project /opt/***/dags/Data_Marketplace does not have {'dependencies.yml', 'packages.yml'}
[2024-08-16T09:57:42.531+0000] {log.py:232} WARNING - [[34m2024-08-16T09:57:42.531+0000[0m] {[34mproject.py:[0m35} INFO[0m - [35m(astronomer-cosmos)[0m - Project /opt/***/dags/Data_Marketplace does not have {'dependencies.yml', 'packages.yml'}[0m
[2024-08-16T09:57:42.531+0000] {log.py:232} WARNING - [[34m2024-08-16T09:57:42.531+0000[0m] {[34mproject.py:[0m35} INFO[0m - [35m(astronomer-cosmos)[0m - Project /opt/***/dags/Data_Marketplace does not have {'dependencies.yml', 'packages.yml'}[0m
[2024-08-16T09:57:42.531+0000] {project.py:35} INFO - Project /opt/***/dags/Data_Marketplace does not have {'dependencies.yml', 'packages.yml'}
[2024-08-16T09:57:42.532+0000] {log.py:232} WARNING - [[34m2024-08-16T09:57:42.532+0000[0m] {[34mconverter.py:[0m293} INFO[0m - [35m(astronomer-cosmos)[0m - Cosmos performance (dbt_dag_filterd__customers_group) - [ubuntu|1929]: It took 0.00957s to build the Airflow DAG.[0m
[2024-08-16T09:57:42.532+0000] {log.py:232} WARNING - [[34m2024-08-16T09:57:42.532+0000[0m] {[34mconverter.py:[0m293} INFO[0m - [35m(astronomer-cosmos)[0m - Cosmos performance (dbt_dag_filterd__customers_group) - [ubuntu|1929]: It took 0.00957s to build the Airflow DAG.[0m
[2024-08-16T09:57:42.532+0000] {converter.py:293} INFO - Cosmos performance (dbt_dag_filterd__customers_group) - [ubuntu|1929]: It took 0.00957s to build the Airflow DAG.
[2024-08-16T09:57:42.534+0000] {log.py:232} WARNING - [[34m2024-08-16T09:57:42.533+0000[0m] {[34mlocal.py:[0m174} INFO[0m - [35m(astronomer-cosmos)[0m - Could not import dbtRunner. Falling back to subprocess for invoking dbt.[0m
[2024-08-16T09:57:42.534+0000] {log.py:232} WARNING - [[34m2024-08-16T09:57:42.533+0000[0m] {[34mlocal.py:[0m174} INFO[0m - [35m(astronomer-cosmos)[0m - Could not import dbtRunner. Falling back to subprocess for invoking dbt.[0m
[2024-08-16T09:57:42.533+0000] {local.py:174} INFO - Could not import dbtRunner. Falling back to subprocess for invoking dbt.
[2024-08-16T09:57:42.535+0000] {log.py:232} WARNING - [[34m2024-08-16T09:57:42.535+0000[0m] {[34mlocal.py:[0m292} INFO[0m - [35m(astronomer-cosmos)[0m - Cloning project to writable temp directory /tmp/tmpcnuzm_ry from /opt/***/dags/Data_Marketplace[0m
[2024-08-16T09:57:42.535+0000] {log.py:232} WARNING - [[34m2024-08-16T09:57:42.535+0000[0m] {[34mlocal.py:[0m292} INFO[0m - [35m(astronomer-cosmos)[0m - Cloning project to writable temp directory /tmp/tmpcnuzm_ry from /opt/***/dags/Data_Marketplace[0m
[2024-08-16T09:57:42.535+0000] {local.py:292} INFO - Cloning project to writable temp directory /tmp/tmpcnuzm_ry from /opt/airflow/dags/Data_Marketplace
[2024-08-16T09:57:42.539+0000] {log.py:232} WARNING - [[34m2024-08-16T09:57:42.539+0000[0m] {[34mlocal.py:[0m303} INFO[0m - [35m(astronomer-cosmos)[0m - Partial parse is enabled and the latest partial parse file is /tmp/cosmos/Weather_Data_Extraction__weather_data_models/target/partial_parse.msgpack[0m
[2024-08-16T09:57:42.540+0000] {log.py:232} WARNING - [[34m2024-08-16T09:57:42.539+0000[0m] {[34mlocal.py:[0m303} INFO[0m - [35m(astronomer-cosmos)[0m - Partial parse is enabled and the latest partial parse file is /tmp/cosmos/Weather_Data_Extraction__weather_data_models/target/partial_parse.msgpack[0m
[2024-08-16T09:57:42.539+0000] {local.py:303} INFO - Partial parse is enabled and the latest partial parse file is /tmp/cosmos/Weather_Data_Extraction__weather_data_models/target/partial_parse.msgpack
[2024-08-16T09:57:42.548+0000] {log.py:232} WARNING - [[34m2024-08-16T09:57:42.547+0000[0m] {[34mconfig.py:[0m292} INFO[0m - [35m(astronomer-cosmos)[0m - Profile caching is enable.[0m
[2024-08-16T09:57:42.548+0000] {log.py:232} WARNING - [[34m2024-08-16T09:57:42.547+0000[0m] {[34mconfig.py:[0m292} INFO[0m - [35m(astronomer-cosmos)[0m - Profile caching is enable.[0m
[2024-08-16T09:57:42.547+0000] {config.py:292} INFO - Profile caching is enable.
[2024-08-16T09:57:42.559+0000] {base.py:84} INFO - Using connection ID 'snowflake_conn' for task execution.
[2024-08-16T09:57:42.563+0000] {log.py:232} WARNING - [[34m2024-08-16T09:57:42.563+0000[0m] {[34mconfig.py:[0m272} INFO[0m - [35m(astronomer-cosmos)[0m - Profile found in cache using profile: /tmp/cosmos/profile/ec71862f850e9b0839075fe0561d5062ab3dd99ef2a3dac2fe4fc1486f2849d0/profiles.yml.[0m
[2024-08-16T09:57:42.564+0000] {log.py:232} WARNING - [[34m2024-08-16T09:57:42.563+0000[0m] {[34mconfig.py:[0m272} INFO[0m - [35m(astronomer-cosmos)[0m - Profile found in cache using profile: /tmp/cosmos/profile/ec71862f850e9b0839075fe0561d5062ab3dd99ef2a3dac2fe4fc1486f2849d0/profiles.yml.[0m
[2024-08-16T09:57:42.563+0000] {config.py:272} INFO - Profile found in cache using profile: /tmp/cosmos/profile/ec71862f850e9b0839075fe0561d5062ab3dd99ef2a3dac2fe4fc1486f2849d0/profiles.yml.
[2024-08-16T09:57:42.566+0000] {log.py:232} WARNING - [[34m2024-08-16T09:57:42.566+0000[0m] {[34mlocal.py:[0m247} INFO[0m - [35m(astronomer-cosmos)[0m - Trying to run the command:
 ['/opt/***/dbt_venv/bin/dbt', 'run', '--models', 'fct_weather_data', '--project-dir', '/tmp/tmpcnuzm_ry', '--profiles-dir', '/tmp/cosmos/profile/ec71862f850e9b0839075fe0561d5062ab3dd99ef2a3dac2fe4fc1486f2849d0', '--profile', 'Data_Marketplace', '--target', 'dev']
From /tmp/tmpcnuzm_ry[0m
[2024-08-16T09:57:42.567+0000] {log.py:232} WARNING - [[34m2024-08-16T09:57:42.566+0000[0m] {[34mlocal.py:[0m247} INFO[0m - [35m(astronomer-cosmos)[0m - Trying to run the command:
 ['/opt/***/dbt_venv/bin/dbt', 'run', '--models', 'fct_weather_data', '--project-dir', '/tmp/tmpcnuzm_ry', '--profiles-dir', '/tmp/cosmos/profile/ec71862f850e9b0839075fe0561d5062ab3dd99ef2a3dac2fe4fc1486f2849d0', '--profile', 'Data_Marketplace', '--target', 'dev']
From /tmp/tmpcnuzm_ry[0m
[2024-08-16T09:57:42.566+0000] {local.py:247} INFO - Trying to run the command:
 ['/opt/***/dbt_venv/bin/dbt', 'run', '--models', 'fct_weather_data', '--project-dir', '/tmp/tmpcnuzm_ry', '--profiles-dir', '/tmp/cosmos/profile/ec71862f850e9b0839075fe0561d5062ab3dd99ef2a3dac2fe4fc1486f2849d0', '--profile', 'Data_Marketplace', '--target', 'dev']
From /tmp/tmpcnuzm_ry
[2024-08-16T09:57:42.569+0000] {log.py:232} WARNING - [[34m2024-08-16T09:57:42.569+0000[0m] {[34msubprocess.py:[0m60} INFO[0m - [35m(astronomer-cosmos)[0m - Tmp dir root location: 
 /tmp[0m
[2024-08-16T09:57:42.570+0000] {log.py:232} WARNING - [[34m2024-08-16T09:57:42.569+0000[0m] {[34msubprocess.py:[0m60} INFO[0m - [35m(astronomer-cosmos)[0m - Tmp dir root location: 
 /tmp[0m
[2024-08-16T09:57:42.569+0000] {subprocess.py:60} INFO - Tmp dir root location: 
 /tmp
[2024-08-16T09:57:42.571+0000] {log.py:232} WARNING - [[34m2024-08-16T09:57:42.571+0000[0m] {[34msubprocess.py:[0m73} INFO[0m - [35m(astronomer-cosmos)[0m - Running command: ['/opt/***/dbt_venv/bin/dbt', 'run', '--models', 'fct_weather_data', '--project-dir', '/tmp/tmpcnuzm_ry', '--profiles-dir', '/tmp/cosmos/profile/ec71862f850e9b0839075fe0561d5062ab3dd99ef2a3dac2fe4fc1486f2849d0', '--profile', 'Data_Marketplace', '--target', 'dev'][0m
[2024-08-16T09:57:42.572+0000] {log.py:232} WARNING - [[34m2024-08-16T09:57:42.571+0000[0m] {[34msubprocess.py:[0m73} INFO[0m - [35m(astronomer-cosmos)[0m - Running command: ['/opt/***/dbt_venv/bin/dbt', 'run', '--models', 'fct_weather_data', '--project-dir', '/tmp/tmpcnuzm_ry', '--profiles-dir', '/tmp/cosmos/profile/ec71862f850e9b0839075fe0561d5062ab3dd99ef2a3dac2fe4fc1486f2849d0', '--profile', 'Data_Marketplace', '--target', 'dev'][0m
[2024-08-16T09:57:42.571+0000] {subprocess.py:73} INFO - Running command: ['/opt/***/dbt_venv/bin/dbt', 'run', '--models', 'fct_weather_data', '--project-dir', '/tmp/tmpcnuzm_ry', '--profiles-dir', '/tmp/cosmos/profile/ec71862f850e9b0839075fe0561d5062ab3dd99ef2a3dac2fe4fc1486f2849d0', '--profile', 'Data_Marketplace', '--target', 'dev']
[2024-08-16T09:57:42.589+0000] {log.py:232} WARNING - [[34m2024-08-16T09:57:42.589+0000[0m] {[34msubprocess.py:[0m84} INFO[0m - [35m(astronomer-cosmos)[0m - Command output:[0m
[2024-08-16T09:57:42.590+0000] {log.py:232} WARNING - [[34m2024-08-16T09:57:42.589+0000[0m] {[34msubprocess.py:[0m84} INFO[0m - [35m(astronomer-cosmos)[0m - Command output:[0m
[2024-08-16T09:57:42.589+0000] {subprocess.py:84} INFO - Command output:
[2024-08-16T09:57:44.757+0000] {log.py:232} WARNING - [[34m2024-08-16T09:57:44.757+0000[0m] {[34msubprocess.py:[0m94} INFO[0m - [35m(astronomer-cosmos)[0m - [0m09:57:44  Running with dbt=1.8.5[0m
[2024-08-16T09:57:44.758+0000] {log.py:232} WARNING - [[34m2024-08-16T09:57:44.757+0000[0m] {[34msubprocess.py:[0m94} INFO[0m - [35m(astronomer-cosmos)[0m - [0m09:57:44  Running with dbt=1.8.5[0m
[2024-08-16T09:57:44.757+0000] {subprocess.py:94} INFO - [0m09:57:44  Running with dbt=1.8.5
[2024-08-16T09:57:45.267+0000] {log.py:232} WARNING - [[34m2024-08-16T09:57:45.266+0000[0m] {[34msubprocess.py:[0m94} INFO[0m - [35m(astronomer-cosmos)[0m - [0m09:57:45  Registered adapter: snowflake=1.8.3[0m
[2024-08-16T09:57:45.267+0000] {log.py:232} WARNING - [[34m2024-08-16T09:57:45.266+0000[0m] {[34msubprocess.py:[0m94} INFO[0m - [35m(astronomer-cosmos)[0m - [0m09:57:45  Registered adapter: snowflake=1.8.3[0m
[2024-08-16T09:57:45.266+0000] {subprocess.py:94} INFO - [0m09:57:45  Registered adapter: snowflake=1.8.3
[2024-08-16T09:57:46.017+0000] {log.py:232} WARNING - [[34m2024-08-16T09:57:46.016+0000[0m] {[34msubprocess.py:[0m94} INFO[0m - [35m(astronomer-cosmos)[0m - [0m09:57:46  Found 9 models, 2 snapshots, 3 seeds, 2 data tests, 3 sources, 448 macros[0m
[2024-08-16T09:57:46.018+0000] {log.py:232} WARNING - [[34m2024-08-16T09:57:46.016+0000[0m] {[34msubprocess.py:[0m94} INFO[0m - [35m(astronomer-cosmos)[0m - [0m09:57:46  Found 9 models, 2 snapshots, 3 seeds, 2 data tests, 3 sources, 448 macros[0m
[2024-08-16T09:57:46.016+0000] {subprocess.py:94} INFO - [0m09:57:46  Found 9 models, 2 snapshots, 3 seeds, 2 data tests, 3 sources, 448 macros
[2024-08-16T09:57:46.019+0000] {log.py:232} WARNING - [[34m2024-08-16T09:57:46.019+0000[0m] {[34msubprocess.py:[0m94} INFO[0m - [35m(astronomer-cosmos)[0m - [0m09:57:46[0m
[2024-08-16T09:57:46.028+0000] {log.py:232} WARNING - [[34m2024-08-16T09:57:46.019+0000[0m] {[34msubprocess.py:[0m94} INFO[0m - [35m(astronomer-cosmos)[0m - [0m09:57:46[0m
[2024-08-16T09:57:46.019+0000] {subprocess.py:94} INFO - [0m09:57:46
[2024-08-16T09:57:49.416+0000] {log.py:232} WARNING - [[34m2024-08-16T09:57:49.415+0000[0m] {[34msubprocess.py:[0m94} INFO[0m - [35m(astronomer-cosmos)[0m - [0m09:57:49  Concurrency: 1 threads (target='dev')[0m
[2024-08-16T09:57:49.417+0000] {log.py:232} WARNING - [[34m2024-08-16T09:57:49.415+0000[0m] {[34msubprocess.py:[0m94} INFO[0m - [35m(astronomer-cosmos)[0m - [0m09:57:49  Concurrency: 1 threads (target='dev')[0m
[2024-08-16T09:57:49.415+0000] {subprocess.py:94} INFO - [0m09:57:49  Concurrency: 1 threads (target='dev')
[2024-08-16T09:57:49.419+0000] {log.py:232} WARNING - [[34m2024-08-16T09:57:49.419+0000[0m] {[34msubprocess.py:[0m94} INFO[0m - [35m(astronomer-cosmos)[0m - [0m09:57:49[0m
[2024-08-16T09:57:49.420+0000] {log.py:232} WARNING - [[34m2024-08-16T09:57:49.419+0000[0m] {[34msubprocess.py:[0m94} INFO[0m - [35m(astronomer-cosmos)[0m - [0m09:57:49[0m
[2024-08-16T09:57:49.419+0000] {subprocess.py:94} INFO - [0m09:57:49
[2024-08-16T09:57:49.434+0000] {log.py:232} WARNING - [[34m2024-08-16T09:57:49.434+0000[0m] {[34msubprocess.py:[0m94} INFO[0m - [35m(astronomer-cosmos)[0m - [0m09:57:49  1 of 1 START sql incremental model DWH.fct_weather_data ........................ [RUN][0m
[2024-08-16T09:57:49.435+0000] {log.py:232} WARNING - [[34m2024-08-16T09:57:49.434+0000[0m] {[34msubprocess.py:[0m94} INFO[0m - [35m(astronomer-cosmos)[0m - [0m09:57:49  1 of 1 START sql incremental model DWH.fct_weather_data ........................ [RUN][0m
[2024-08-16T09:57:49.434+0000] {subprocess.py:94} INFO - [0m09:57:49  1 of 1 START sql incremental model DWH.fct_weather_data ........................ [RUN]
[2024-08-16T09:57:53.048+0000] {log.py:232} WARNING - [[34m2024-08-16T09:57:53.048+0000[0m] {[34msubprocess.py:[0m94} INFO[0m - [35m(astronomer-cosmos)[0m - [0m09:57:53  1 of 1 OK created sql incremental model DWH.fct_weather_data ................... [[32mSUCCESS 864[0m in 3.61s][0m
[2024-08-16T09:57:53.049+0000] {log.py:232} WARNING - [[34m2024-08-16T09:57:53.048+0000[0m] {[34msubprocess.py:[0m94} INFO[0m - [35m(astronomer-cosmos)[0m - [0m09:57:53  1 of 1 OK created sql incremental model DWH.fct_weather_data ................... [[32mSUCCESS 864[0m in 3.61s][0m
[2024-08-16T09:57:53.048+0000] {subprocess.py:94} INFO - [0m09:57:53  1 of 1 OK created sql incremental model DWH.fct_weather_data ................... [[32mSUCCESS 864[0m in 3.61s]
[2024-08-16T09:57:53.052+0000] {log.py:232} WARNING - [[34m2024-08-16T09:57:53.052+0000[0m] {[34msubprocess.py:[0m94} INFO[0m - [35m(astronomer-cosmos)[0m - [0m09:57:53[0m
[2024-08-16T09:57:53.053+0000] {log.py:232} WARNING - [[34m2024-08-16T09:57:53.052+0000[0m] {[34msubprocess.py:[0m94} INFO[0m - [35m(astronomer-cosmos)[0m - [0m09:57:53[0m
[2024-08-16T09:57:53.052+0000] {subprocess.py:94} INFO - [0m09:57:53
[2024-08-16T09:57:53.054+0000] {log.py:232} WARNING - [[34m2024-08-16T09:57:53.054+0000[0m] {[34msubprocess.py:[0m94} INFO[0m - [35m(astronomer-cosmos)[0m - [0m09:57:53  Finished running 1 incremental model in 0 hours 0 minutes and 7.03 seconds (7.03s).[0m
[2024-08-16T09:57:53.055+0000] {log.py:232} WARNING - [[34m2024-08-16T09:57:53.054+0000[0m] {[34msubprocess.py:[0m94} INFO[0m - [35m(astronomer-cosmos)[0m - [0m09:57:53  Finished running 1 incremental model in 0 hours 0 minutes and 7.03 seconds (7.03s).[0m
[2024-08-16T09:57:53.054+0000] {subprocess.py:94} INFO - [0m09:57:53  Finished running 1 incremental model in 0 hours 0 minutes and 7.03 seconds (7.03s).
[2024-08-16T09:57:53.095+0000] {log.py:232} WARNING - [[34m2024-08-16T09:57:53.095+0000[0m] {[34msubprocess.py:[0m94} INFO[0m - [35m(astronomer-cosmos)[0m - [0m09:57:53[0m
[2024-08-16T09:57:53.096+0000] {log.py:232} WARNING - [[34m2024-08-16T09:57:53.095+0000[0m] {[34msubprocess.py:[0m94} INFO[0m - [35m(astronomer-cosmos)[0m - [0m09:57:53[0m
[2024-08-16T09:57:53.095+0000] {subprocess.py:94} INFO - [0m09:57:53
[2024-08-16T09:57:53.097+0000] {log.py:232} WARNING - [[34m2024-08-16T09:57:53.097+0000[0m] {[34msubprocess.py:[0m94} INFO[0m - [35m(astronomer-cosmos)[0m - [0m09:57:53  [32mCompleted successfully[0m[0m
[2024-08-16T09:57:53.098+0000] {log.py:232} WARNING - [[34m2024-08-16T09:57:53.097+0000[0m] {[34msubprocess.py:[0m94} INFO[0m - [35m(astronomer-cosmos)[0m - [0m09:57:53  [32mCompleted successfully[0m[0m
[2024-08-16T09:57:53.097+0000] {subprocess.py:94} INFO - [0m09:57:53  [32mCompleted successfully[0m
[2024-08-16T09:57:53.099+0000] {log.py:232} WARNING - [[34m2024-08-16T09:57:53.099+0000[0m] {[34msubprocess.py:[0m94} INFO[0m - [35m(astronomer-cosmos)[0m - [0m09:57:53[0m
[2024-08-16T09:57:53.100+0000] {log.py:232} WARNING - [[34m2024-08-16T09:57:53.099+0000[0m] {[34msubprocess.py:[0m94} INFO[0m - [35m(astronomer-cosmos)[0m - [0m09:57:53[0m
[2024-08-16T09:57:53.099+0000] {subprocess.py:94} INFO - [0m09:57:53
[2024-08-16T09:57:53.101+0000] {log.py:232} WARNING - [[34m2024-08-16T09:57:53.101+0000[0m] {[34msubprocess.py:[0m94} INFO[0m - [35m(astronomer-cosmos)[0m - [0m09:57:53  Done. PASS=1 WARN=0 ERROR=0 SKIP=0 TOTAL=1[0m
[2024-08-16T09:57:53.101+0000] {log.py:232} WARNING - [[34m2024-08-16T09:57:53.101+0000[0m] {[34msubprocess.py:[0m94} INFO[0m - [35m(astronomer-cosmos)[0m - [0m09:57:53  Done. PASS=1 WARN=0 ERROR=0 SKIP=0 TOTAL=1[0m
[2024-08-16T09:57:53.101+0000] {subprocess.py:94} INFO - [0m09:57:53  Done. PASS=1 WARN=0 ERROR=0 SKIP=0 TOTAL=1
[2024-08-16T09:57:54.832+0000] {log.py:232} WARNING - [[34m2024-08-16T09:57:54.832+0000[0m] {[34msubprocess.py:[0m98} INFO[0m - [35m(astronomer-cosmos)[0m - Command exited with return code 0[0m
[2024-08-16T09:57:54.834+0000] {log.py:232} WARNING - [[34m2024-08-16T09:57:54.832+0000[0m] {[34msubprocess.py:[0m98} INFO[0m - [35m(astronomer-cosmos)[0m - Command exited with return code 0[0m
[2024-08-16T09:57:54.832+0000] {subprocess.py:98} INFO - Command exited with return code 0
[2024-08-16T09:57:54.835+0000] {log.py:232} WARNING - [[34m2024-08-16T09:57:54.835+0000[0m] {[34mlocal.py:[0m254} INFO[0m - [35m(astronomer-cosmos)[0m - [0m09:57:53  Done. PASS=1 WARN=0 ERROR=0 SKIP=0 TOTAL=1[0m
[2024-08-16T09:57:54.836+0000] {log.py:232} WARNING - [[34m2024-08-16T09:57:54.835+0000[0m] {[34mlocal.py:[0m254} INFO[0m - [35m(astronomer-cosmos)[0m - [0m09:57:53  Done. PASS=1 WARN=0 ERROR=0 SKIP=0 TOTAL=1[0m
[2024-08-16T09:57:54.835+0000] {local.py:254} INFO - [0m09:57:53  Done. PASS=1 WARN=0 ERROR=0 SKIP=0 TOTAL=1
[2024-08-16T09:57:54.863+0000] {local.py:196} WARNING - Artifact schema version: https://schemas.getdbt.com/dbt/manifest/v12.json is above dbt-ol supported version 7. This might cause errors.
[2024-08-16T09:57:54.864+0000] {local.py:196} WARNING - Artifact schema version: https://schemas.getdbt.com/dbt/run-results/v6.json is above dbt-ol supported version 5. This might cause errors.
[2024-08-16T09:57:54.884+0000] {log.py:232} WARNING - [[34m2024-08-16T09:57:54.883+0000[0m] {[34mlocal.py:[0m349} INFO[0m - [35m(astronomer-cosmos)[0m - Inlets: [Dataset(uri='snowflake://uz36730.ap-southeast-1.aws/POC_DATA_MARKETPLACE.DWH.stg_weather_data', extra=None)][0m
[2024-08-16T09:57:54.886+0000] {log.py:232} WARNING - [[34m2024-08-16T09:57:54.883+0000[0m] {[34mlocal.py:[0m349} INFO[0m - [35m(astronomer-cosmos)[0m - Inlets: [Dataset(uri='snowflake://uz36730.ap-southeast-1.aws/POC_DATA_MARKETPLACE.DWH.stg_weather_data', extra=None)][0m
[2024-08-16T09:57:54.883+0000] {local.py:349} INFO - Inlets: [Dataset(uri='snowflake://uz36730.ap-southeast-1.aws/POC_DATA_MARKETPLACE.DWH.stg_weather_data', extra=None)]
[2024-08-16T09:57:54.890+0000] {log.py:232} WARNING - [[34m2024-08-16T09:57:54.889+0000[0m] {[34mlocal.py:[0m350} INFO[0m - [35m(astronomer-cosmos)[0m - Outlets: [Dataset(uri='snowflake://uz36730.ap-southeast-1.aws/POC_DATA_MARKETPLACE.DWH.fct_weather_data', extra=None)][0m
[2024-08-16T09:57:54.891+0000] {log.py:232} WARNING - [[34m2024-08-16T09:57:54.889+0000[0m] {[34mlocal.py:[0m350} INFO[0m - [35m(astronomer-cosmos)[0m - Outlets: [Dataset(uri='snowflake://uz36730.ap-southeast-1.aws/POC_DATA_MARKETPLACE.DWH.fct_weather_data', extra=None)][0m
[2024-08-16T09:57:54.889+0000] {local.py:350} INFO - Outlets: [Dataset(uri='snowflake://uz36730.ap-southeast-1.aws/POC_DATA_MARKETPLACE.DWH.fct_weather_data', extra=None)]
[2024-08-16T09:57:54.894+0000] {dag.py:3096} INFO - Sync 1 DAGs
[2024-08-16T09:57:54.991+0000] {taskinstance.py:441} INFO - ::group::Post task execution logs
[2024-08-16T09:57:55.028+0000] {taskinstance.py:1206} INFO - Marking task as SUCCESS. dag_id=Weather_Data_Extraction, task_id=weather_data_models.fct_weather_data.run, run_id=scheduled__2024-08-15T00:00:00+00:00, execution_date=20240815T000000, start_date=20240816T095742, end_date=20240816T095755
[2024-08-16T09:57:55.086+0000] {local_task_job_runner.py:240} INFO - Task exited with return code 0
[2024-08-16T09:57:55.115+0000] {taskinstance.py:3503} INFO - 1 downstream tasks scheduled from follow-on schedule check
[2024-08-16T09:57:55.117+0000] {local_task_job_runner.py:222} INFO - ::endgroup::
