[2024-08-14T07:06:34.656+0000] {local_task_job_runner.py:120} INFO - ::group::Pre task execution logs
[2024-08-14T07:06:34.691+0000] {taskinstance.py:2076} INFO - Dependencies all met for dep_context=non-requeueable deps ti=<TaskInstance: Weather_Data_Extraction.generate_output_file backfill__2024-07-22T00:00:00+00:00 [queued]>
[2024-08-14T07:06:34.709+0000] {taskinstance.py:2076} INFO - Dependencies all met for dep_context=requeueable deps ti=<TaskInstance: Weather_Data_Extraction.generate_output_file backfill__2024-07-22T00:00:00+00:00 [queued]>
[2024-08-14T07:06:34.711+0000] {taskinstance.py:2306} INFO - Starting attempt 1 of 1
[2024-08-14T07:06:34.901+0000] {taskinstance.py:2330} INFO - Executing <Task(PythonOperator): generate_output_file> on 2024-07-22 00:00:00+00:00
[2024-08-14T07:06:34.908+0000] {warnings.py:112} WARNING - /home/***/.local/lib/python3.12/site-packages/***/task/task_runner/standard_task_runner.py:61: DeprecationWarning: This process (pid=5649) is multi-threaded, use of fork() may lead to deadlocks in the child.
  pid = os.fork()

[2024-08-14T07:06:34.910+0000] {standard_task_runner.py:63} INFO - Started process 5651 to run task
[2024-08-14T07:06:34.910+0000] {standard_task_runner.py:90} INFO - Running: ['***', 'tasks', 'run', 'Weather_Data_Extraction', 'generate_output_file', 'backfill__2024-07-22T00:00:00+00:00', '--job-id', '1013', '--pool', 'default_pool', '--raw', '--subdir', 'DAGS_FOLDER/Data_Weather_Extraction.py', '--cfg-path', '/tmp/tmpnxkcrcrd']
[2024-08-14T07:06:34.913+0000] {standard_task_runner.py:91} INFO - Job 1013: Subtask generate_output_file
[2024-08-14T07:06:34.972+0000] {task_command.py:426} INFO - Running <TaskInstance: Weather_Data_Extraction.generate_output_file backfill__2024-07-22T00:00:00+00:00 [running]> on host ubuntu
[2024-08-14T07:06:35.114+0000] {taskinstance.py:2648} INFO - Exporting env vars: AIRFLOW_CTX_DAG_OWNER='Ducky' AIRFLOW_CTX_DAG_ID='Weather_Data_Extraction' AIRFLOW_CTX_TASK_ID='generate_output_file' AIRFLOW_CTX_EXECUTION_DATE='2024-07-22T00:00:00+00:00' AIRFLOW_CTX_TRY_NUMBER='1' AIRFLOW_CTX_DAG_RUN_ID='backfill__2024-07-22T00:00:00+00:00'
[2024-08-14T07:06:35.117+0000] {taskinstance.py:430} INFO - ::endgroup::
[2024-08-14T07:06:35.136+0000] {logging_mixin.py:188} INFO - Generated output file: Data_Weather-20240722.csv
[2024-08-14T07:06:35.137+0000] {logging_mixin.py:188} INFO - Execution Date: 2024/07/22
[2024-08-14T07:06:35.171+0000] {python.py:237} INFO - Done. Returned value was: None
[2024-08-14T07:06:35.173+0000] {taskinstance.py:441} INFO - ::group::Post task execution logs
[2024-08-14T07:06:35.187+0000] {taskinstance.py:1206} INFO - Marking task as SUCCESS. dag_id=Weather_Data_Extraction, task_id=generate_output_file, run_id=backfill__2024-07-22T00:00:00+00:00, execution_date=20240722T000000, start_date=20240814T070634, end_date=20240814T070635
[2024-08-14T07:06:35.246+0000] {local_task_job_runner.py:240} INFO - Task exited with return code 0
[2024-08-14T07:06:35.303+0000] {taskinstance.py:3503} INFO - 1 downstream tasks scheduled from follow-on schedule check
[2024-08-14T07:06:35.310+0000] {local_task_job_runner.py:222} INFO - ::endgroup::
