[2024-08-09T09:30:43.562+0000] {local_task_job_runner.py:120} INFO - ::group::Pre task execution logs
[2024-08-09T09:30:43.761+0000] {taskinstance.py:2076} INFO - Dependencies all met for dep_context=non-requeueable deps ti=<TaskInstance: Weather_Data_Extraction.invoke_lambda_task manual__2024-08-09T09:30:32.932742+00:00 [queued]>
[2024-08-09T09:30:43.771+0000] {taskinstance.py:2076} INFO - Dependencies all met for dep_context=requeueable deps ti=<TaskInstance: Weather_Data_Extraction.invoke_lambda_task manual__2024-08-09T09:30:32.932742+00:00 [queued]>
[2024-08-09T09:30:43.772+0000] {taskinstance.py:2306} INFO - Starting attempt 1 of 1
[2024-08-09T09:30:43.785+0000] {taskinstance.py:2330} INFO - Executing <Task(PythonOperator): invoke_lambda_task> on 2024-08-09 09:30:32.932742+00:00
[2024-08-09T09:30:43.797+0000] {warnings.py:112} WARNING - /home/***/.local/lib/python3.12/site-packages/***/task/task_runner/standard_task_runner.py:61: DeprecationWarning: This process (pid=1964) is multi-threaded, use of fork() may lead to deadlocks in the child.
  pid = os.fork()

[2024-08-09T09:30:43.798+0000] {standard_task_runner.py:63} INFO - Started process 1966 to run task
[2024-08-09T09:30:43.799+0000] {standard_task_runner.py:90} INFO - Running: ['***', 'tasks', 'run', 'Weather_Data_Extraction', 'invoke_lambda_task', 'manual__2024-08-09T09:30:32.932742+00:00', '--job-id', '131', '--raw', '--subdir', 'DAGS_FOLDER/Data_Weather_Extraction.py', '--cfg-path', '/tmp/tmpgnzegiqj']
[2024-08-09T09:30:43.802+0000] {standard_task_runner.py:91} INFO - Job 131: Subtask invoke_lambda_task
[2024-08-09T09:30:43.818+0000] {warnings.py:112} WARNING - /home/***/.local/lib/python3.12/site-packages/***/settings.py:195: DeprecationWarning: The sql_alchemy_conn option in [core] has been moved to the sql_alchemy_conn option in [database] - the old setting has been used, but please update your config.
  SQL_ALCHEMY_CONN = conf.get("database", "SQL_ALCHEMY_CONN")

[2024-08-09T09:30:43.860+0000] {task_command.py:426} INFO - Running <TaskInstance: Weather_Data_Extraction.invoke_lambda_task manual__2024-08-09T09:30:32.932742+00:00 [running]> on host ubuntu
[2024-08-09T09:30:43.963+0000] {taskinstance.py:2648} INFO - Exporting env vars: AIRFLOW_CTX_DAG_OWNER='Ducky' AIRFLOW_CTX_DAG_ID='Weather_Data_Extraction' AIRFLOW_CTX_TASK_ID='invoke_lambda_task' AIRFLOW_CTX_EXECUTION_DATE='2024-08-09T09:30:32.932742+00:00' AIRFLOW_CTX_TRY_NUMBER='1' AIRFLOW_CTX_DAG_RUN_ID='manual__2024-08-09T09:30:32.932742+00:00'
[2024-08-09T09:30:43.964+0000] {taskinstance.py:430} INFO - ::endgroup::
[2024-08-09T09:30:43.997+0000] {logging_mixin.py:188} INFO - Data_Weather-20240808.csv
[2024-08-09T09:30:43.997+0000] {logging_mixin.py:188} INFO - 2024/08/08
[2024-08-09T09:30:43.997+0000] {logging_mixin.py:188} INFO - {"execution_date": "2024/08/08", "file_name": "Data_Weather-20240808.csv"}
[2024-08-09T09:30:43.998+0000] {logging_mixin.py:188} INFO - https://eyzyhdwl8l.execute-api.ap-southeast-2.amazonaws.com/dev?execution_date=2024/08/08&file_name=Data_Weather-20240808.csv
[2024-08-09T09:31:13.062+0000] {logging_mixin.py:188} INFO - Failed to invoke Lambda function.
[2024-08-09T09:31:13.063+0000] {logging_mixin.py:188} INFO - Response: {"message": "Endpoint request timed out"}
[2024-08-09T09:31:13.064+0000] {python.py:237} INFO - Done. Returned value was: None
[2024-08-09T09:31:13.065+0000] {taskinstance.py:441} INFO - ::group::Post task execution logs
[2024-08-09T09:31:13.076+0000] {taskinstance.py:1206} INFO - Marking task as SUCCESS. dag_id=Weather_Data_Extraction, task_id=invoke_lambda_task, run_id=manual__2024-08-09T09:30:32.932742+00:00, execution_date=20240809T093032, start_date=20240809T093043, end_date=20240809T093113
[2024-08-09T09:31:13.136+0000] {local_task_job_runner.py:240} INFO - Task exited with return code 0
[2024-08-09T09:31:13.169+0000] {taskinstance.py:3503} INFO - 1 downstream tasks scheduled from follow-on schedule check
[2024-08-09T09:31:13.170+0000] {local_task_job_runner.py:222} INFO - ::endgroup::
