[2024-08-13T16:10:11.998+0000] {local_task_job_runner.py:120} INFO - ::group::Pre task execution logs
[2024-08-13T16:10:12.059+0000] {taskinstance.py:2076} INFO - Dependencies all met for dep_context=non-requeueable deps ti=<TaskInstance: Weather_Data_Extraction.generate_output_file backfill__2024-03-01T00:00:00+00:00 [queued]>
[2024-08-13T16:10:12.342+0000] {taskinstance.py:2076} INFO - Dependencies all met for dep_context=requeueable deps ti=<TaskInstance: Weather_Data_Extraction.generate_output_file backfill__2024-03-01T00:00:00+00:00 [queued]>
[2024-08-13T16:10:12.345+0000] {taskinstance.py:2306} INFO - Starting attempt 1 of 1
[2024-08-13T16:10:12.382+0000] {taskinstance.py:2330} INFO - Executing <Task(PythonOperator): generate_output_file> on 2024-03-01 00:00:00+00:00
[2024-08-13T16:10:12.401+0000] {warnings.py:112} WARNING - /home/***/.local/lib/python3.12/site-packages/***/task/task_runner/standard_task_runner.py:61: DeprecationWarning: This process (pid=1152) is multi-threaded, use of fork() may lead to deadlocks in the child.
  pid = os.fork()

[2024-08-13T16:10:12.404+0000] {standard_task_runner.py:63} INFO - Started process 1167 to run task
[2024-08-13T16:10:12.413+0000] {standard_task_runner.py:90} INFO - Running: ['***', 'tasks', 'run', 'Weather_Data_Extraction', 'generate_output_file', 'backfill__2024-03-01T00:00:00+00:00', '--job-id', '226', '--pool', 'default_pool', '--raw', '--subdir', 'DAGS_FOLDER/Data_Weather_Extraction.py', '--cfg-path', '/tmp/tmpuclpu2i5']
[2024-08-13T16:10:12.419+0000] {standard_task_runner.py:91} INFO - Job 226: Subtask generate_output_file
[2024-08-13T16:10:12.475+0000] {warnings.py:112} WARNING - /home/***/.local/lib/python3.12/site-packages/***/settings.py:195: DeprecationWarning: The sql_alchemy_conn option in [core] has been moved to the sql_alchemy_conn option in [database] - the old setting has been used, but please update your config.
  SQL_ALCHEMY_CONN = conf.get("database", "SQL_ALCHEMY_CONN")

[2024-08-13T16:10:12.592+0000] {task_command.py:426} INFO - Running <TaskInstance: Weather_Data_Extraction.generate_output_file backfill__2024-03-01T00:00:00+00:00 [running]> on host ubuntu
[2024-08-13T16:10:12.880+0000] {taskinstance.py:2648} INFO - Exporting env vars: AIRFLOW_CTX_DAG_OWNER='Ducky' AIRFLOW_CTX_DAG_ID='Weather_Data_Extraction' AIRFLOW_CTX_TASK_ID='generate_output_file' AIRFLOW_CTX_EXECUTION_DATE='2024-03-01T00:00:00+00:00' AIRFLOW_CTX_TRY_NUMBER='1' AIRFLOW_CTX_DAG_RUN_ID='backfill__2024-03-01T00:00:00+00:00'
[2024-08-13T16:10:12.895+0000] {taskinstance.py:430} INFO - ::endgroup::
[2024-08-13T16:10:12.992+0000] {logging_mixin.py:188} INFO - Generated output file: Data_Weather-20240301.csv
[2024-08-13T16:10:12.995+0000] {logging_mixin.py:188} INFO - Execution Date: 2024/03/01
[2024-08-13T16:10:13.157+0000] {python.py:237} INFO - Done. Returned value was: None
[2024-08-13T16:10:13.161+0000] {taskinstance.py:441} INFO - ::group::Post task execution logs
[2024-08-13T16:10:13.203+0000] {taskinstance.py:1206} INFO - Marking task as SUCCESS. dag_id=Weather_Data_Extraction, task_id=generate_output_file, run_id=backfill__2024-03-01T00:00:00+00:00, execution_date=20240301T000000, start_date=20240813T161012, end_date=20240813T161013
[2024-08-13T16:10:13.337+0000] {local_task_job_runner.py:240} INFO - Task exited with return code 0
[2024-08-13T16:10:13.490+0000] {taskinstance.py:3503} INFO - 1 downstream tasks scheduled from follow-on schedule check
[2024-08-13T16:10:13.495+0000] {local_task_job_runner.py:222} INFO - ::endgroup::
[2024-08-14T04:38:09.906+0000] {local_task_job_runner.py:120} INFO - ::group::Pre task execution logs
[2024-08-14T04:38:09.934+0000] {taskinstance.py:2076} INFO - Dependencies all met for dep_context=non-requeueable deps ti=<TaskInstance: Weather_Data_Extraction.generate_output_file backfill__2024-03-01T00:00:00+00:00 [queued]>
[2024-08-14T04:38:09.950+0000] {taskinstance.py:2076} INFO - Dependencies all met for dep_context=requeueable deps ti=<TaskInstance: Weather_Data_Extraction.generate_output_file backfill__2024-03-01T00:00:00+00:00 [queued]>
[2024-08-14T04:38:09.951+0000] {taskinstance.py:2306} INFO - Starting attempt 1 of 1
[2024-08-14T04:38:10.146+0000] {taskinstance.py:2330} INFO - Executing <Task(PythonOperator): generate_output_file> on 2024-03-01 00:00:00+00:00
[2024-08-14T04:38:10.154+0000] {warnings.py:112} WARNING - /home/***/.local/lib/python3.12/site-packages/***/task/task_runner/standard_task_runner.py:61: DeprecationWarning: This process (pid=2461) is multi-threaded, use of fork() may lead to deadlocks in the child.
  pid = os.fork()

[2024-08-14T04:38:10.156+0000] {standard_task_runner.py:63} INFO - Started process 2463 to run task
[2024-08-14T04:38:10.156+0000] {standard_task_runner.py:90} INFO - Running: ['***', 'tasks', 'run', 'Weather_Data_Extraction', 'generate_output_file', 'backfill__2024-03-01T00:00:00+00:00', '--job-id', '584', '--pool', 'default_pool', '--raw', '--subdir', 'DAGS_FOLDER/Data_Weather_Extraction.py', '--cfg-path', '/tmp/tmp6t4qnzkp']
[2024-08-14T04:38:10.160+0000] {standard_task_runner.py:91} INFO - Job 584: Subtask generate_output_file
[2024-08-14T04:38:10.245+0000] {task_command.py:426} INFO - Running <TaskInstance: Weather_Data_Extraction.generate_output_file backfill__2024-03-01T00:00:00+00:00 [running]> on host ubuntu
[2024-08-14T04:38:10.336+0000] {taskinstance.py:2648} INFO - Exporting env vars: AIRFLOW_CTX_DAG_OWNER='Ducky' AIRFLOW_CTX_DAG_ID='Weather_Data_Extraction' AIRFLOW_CTX_TASK_ID='generate_output_file' AIRFLOW_CTX_EXECUTION_DATE='2024-03-01T00:00:00+00:00' AIRFLOW_CTX_TRY_NUMBER='1' AIRFLOW_CTX_DAG_RUN_ID='backfill__2024-03-01T00:00:00+00:00'
[2024-08-14T04:38:10.338+0000] {taskinstance.py:430} INFO - ::endgroup::
[2024-08-14T04:38:10.358+0000] {logging_mixin.py:188} INFO - Generated output file: Data_Weather-20240301.csv
[2024-08-14T04:38:10.359+0000] {logging_mixin.py:188} INFO - Execution Date: 2024/03/01
[2024-08-14T04:38:10.394+0000] {python.py:237} INFO - Done. Returned value was: None
[2024-08-14T04:38:10.396+0000] {taskinstance.py:441} INFO - ::group::Post task execution logs
[2024-08-14T04:38:10.412+0000] {taskinstance.py:1206} INFO - Marking task as SUCCESS. dag_id=Weather_Data_Extraction, task_id=generate_output_file, run_id=backfill__2024-03-01T00:00:00+00:00, execution_date=20240301T000000, start_date=20240814T043809, end_date=20240814T043810
[2024-08-14T04:38:10.451+0000] {local_task_job_runner.py:240} INFO - Task exited with return code 0
[2024-08-14T04:38:10.502+0000] {taskinstance.py:3503} INFO - 1 downstream tasks scheduled from follow-on schedule check
[2024-08-14T04:38:10.507+0000] {local_task_job_runner.py:222} INFO - ::endgroup::
