[2024-08-09T08:46:51.557+0000] {local_task_job_runner.py:120} INFO - ::group::Pre task execution logs
[2024-08-09T08:46:51.595+0000] {taskinstance.py:2076} INFO - Dependencies all met for dep_context=non-requeueable deps ti=<TaskInstance: Scrape_Province.generate_output_file scheduled__2024-08-08T00:00:00+00:00 [queued]>
[2024-08-09T08:46:51.610+0000] {taskinstance.py:2076} INFO - Dependencies all met for dep_context=requeueable deps ti=<TaskInstance: Scrape_Province.generate_output_file scheduled__2024-08-08T00:00:00+00:00 [queued]>
[2024-08-09T08:46:51.611+0000] {taskinstance.py:2306} INFO - Starting attempt 1 of 1
[2024-08-09T08:46:52.019+0000] {taskinstance.py:2330} INFO - Executing <Task(PythonOperator): generate_output_file> on 2024-08-08 00:00:00+00:00
[2024-08-09T08:46:52.041+0000] {warnings.py:112} WARNING - /home/***/.local/lib/python3.12/site-packages/***/task/task_runner/standard_task_runner.py:61: DeprecationWarning: This process (pid=934) is multi-threaded, use of fork() may lead to deadlocks in the child.
  pid = os.fork()

[2024-08-09T08:46:52.047+0000] {standard_task_runner.py:63} INFO - Started process 939 to run task
[2024-08-09T08:46:52.049+0000] {standard_task_runner.py:90} INFO - Running: ['***', 'tasks', 'run', 'Scrape_Province', 'generate_output_file', 'scheduled__2024-08-08T00:00:00+00:00', '--job-id', '41', '--raw', '--subdir', 'DAGS_FOLDER/Province_Extraction.py', '--cfg-path', '/tmp/tmp5ynpg_rg']
[2024-08-09T08:46:52.058+0000] {standard_task_runner.py:91} INFO - Job 41: Subtask generate_output_file
[2024-08-09T08:46:52.092+0000] {warnings.py:112} WARNING - /home/***/.local/lib/python3.12/site-packages/***/settings.py:195: DeprecationWarning: The sql_alchemy_conn option in [core] has been moved to the sql_alchemy_conn option in [database] - the old setting has been used, but please update your config.
  SQL_ALCHEMY_CONN = conf.get("database", "SQL_ALCHEMY_CONN")

[2024-08-09T08:46:52.187+0000] {task_command.py:426} INFO - Running <TaskInstance: Scrape_Province.generate_output_file scheduled__2024-08-08T00:00:00+00:00 [running]> on host ubuntu
[2024-08-09T08:46:52.404+0000] {taskinstance.py:2648} INFO - Exporting env vars: AIRFLOW_CTX_DAG_OWNER='Ducky' AIRFLOW_CTX_DAG_ID='Scrape_Province' AIRFLOW_CTX_TASK_ID='generate_output_file' AIRFLOW_CTX_EXECUTION_DATE='2024-08-08T00:00:00+00:00' AIRFLOW_CTX_TRY_NUMBER='1' AIRFLOW_CTX_DAG_RUN_ID='scheduled__2024-08-08T00:00:00+00:00'
[2024-08-09T08:46:52.413+0000] {taskinstance.py:430} INFO - ::endgroup::
[2024-08-09T08:46:52.464+0000] {logging_mixin.py:188} INFO - Generated output file: province_table-20240808.csv
[2024-08-09T08:46:52.464+0000] {python.py:237} INFO - Done. Returned value was: province_table-20240808.csv
[2024-08-09T08:46:52.464+0000] {taskinstance.py:441} INFO - ::group::Post task execution logs
[2024-08-09T08:46:52.511+0000] {taskinstance.py:1206} INFO - Marking task as SUCCESS. dag_id=Scrape_Province, task_id=generate_output_file, run_id=scheduled__2024-08-08T00:00:00+00:00, execution_date=20240808T000000, start_date=20240809T084651, end_date=20240809T084652
[2024-08-09T08:46:52.599+0000] {local_task_job_runner.py:240} INFO - Task exited with return code 0
[2024-08-09T08:46:52.649+0000] {taskinstance.py:3503} INFO - 1 downstream tasks scheduled from follow-on schedule check
[2024-08-09T08:46:52.655+0000] {local_task_job_runner.py:222} INFO - ::endgroup::
[2024-08-09T08:51:42.534+0000] {local_task_job_runner.py:120} INFO - ::group::Pre task execution logs
[2024-08-09T08:51:42.551+0000] {taskinstance.py:2076} INFO - Dependencies all met for dep_context=non-requeueable deps ti=<TaskInstance: Scrape_Province.generate_output_file scheduled__2024-08-08T00:00:00+00:00 [queued]>
[2024-08-09T08:51:42.561+0000] {taskinstance.py:2076} INFO - Dependencies all met for dep_context=requeueable deps ti=<TaskInstance: Scrape_Province.generate_output_file scheduled__2024-08-08T00:00:00+00:00 [queued]>
[2024-08-09T08:51:42.562+0000] {taskinstance.py:2306} INFO - Starting attempt 1 of 1
[2024-08-09T08:51:42.757+0000] {taskinstance.py:2330} INFO - Executing <Task(PythonOperator): generate_output_file> on 2024-08-08 00:00:00+00:00
[2024-08-09T08:51:42.768+0000] {warnings.py:112} WARNING - /home/***/.local/lib/python3.12/site-packages/***/task/task_runner/standard_task_runner.py:61: DeprecationWarning: This process (pid=1011) is multi-threaded, use of fork() may lead to deadlocks in the child.
  pid = os.fork()

[2024-08-09T08:51:42.769+0000] {standard_task_runner.py:63} INFO - Started process 1013 to run task
[2024-08-09T08:51:42.770+0000] {standard_task_runner.py:90} INFO - Running: ['***', 'tasks', 'run', 'Scrape_Province', 'generate_output_file', 'scheduled__2024-08-08T00:00:00+00:00', '--job-id', '45', '--raw', '--subdir', 'DAGS_FOLDER/Province_Extraction.py', '--cfg-path', '/tmp/tmpi4_18v5r']
[2024-08-09T08:51:42.773+0000] {standard_task_runner.py:91} INFO - Job 45: Subtask generate_output_file
[2024-08-09T08:51:42.786+0000] {warnings.py:112} WARNING - /home/***/.local/lib/python3.12/site-packages/***/settings.py:195: DeprecationWarning: The sql_alchemy_conn option in [core] has been moved to the sql_alchemy_conn option in [database] - the old setting has been used, but please update your config.
  SQL_ALCHEMY_CONN = conf.get("database", "SQL_ALCHEMY_CONN")

[2024-08-09T08:51:42.823+0000] {task_command.py:426} INFO - Running <TaskInstance: Scrape_Province.generate_output_file scheduled__2024-08-08T00:00:00+00:00 [running]> on host ubuntu
[2024-08-09T08:51:42.910+0000] {taskinstance.py:2648} INFO - Exporting env vars: AIRFLOW_CTX_DAG_OWNER='Ducky' AIRFLOW_CTX_DAG_ID='Scrape_Province' AIRFLOW_CTX_TASK_ID='generate_output_file' AIRFLOW_CTX_EXECUTION_DATE='2024-08-08T00:00:00+00:00' AIRFLOW_CTX_TRY_NUMBER='1' AIRFLOW_CTX_DAG_RUN_ID='scheduled__2024-08-08T00:00:00+00:00'
[2024-08-09T08:51:42.912+0000] {taskinstance.py:430} INFO - ::endgroup::
[2024-08-09T08:51:42.929+0000] {logging_mixin.py:188} INFO - Generated output file: province_table-20240808.csv
[2024-08-09T08:51:42.929+0000] {python.py:237} INFO - Done. Returned value was: province_table-20240808.csv
[2024-08-09T08:51:42.929+0000] {taskinstance.py:441} INFO - ::group::Post task execution logs
[2024-08-09T08:51:42.952+0000] {taskinstance.py:1206} INFO - Marking task as SUCCESS. dag_id=Scrape_Province, task_id=generate_output_file, run_id=scheduled__2024-08-08T00:00:00+00:00, execution_date=20240808T000000, start_date=20240809T085142, end_date=20240809T085142
[2024-08-09T08:51:42.984+0000] {local_task_job_runner.py:240} INFO - Task exited with return code 0
[2024-08-09T08:51:43.015+0000] {taskinstance.py:3503} INFO - 1 downstream tasks scheduled from follow-on schedule check
[2024-08-09T08:51:43.017+0000] {local_task_job_runner.py:222} INFO - ::endgroup::
[2024-08-09T08:55:45.924+0000] {local_task_job_runner.py:120} INFO - ::group::Pre task execution logs
[2024-08-09T08:55:45.943+0000] {taskinstance.py:2076} INFO - Dependencies all met for dep_context=non-requeueable deps ti=<TaskInstance: Scrape_Province.generate_output_file scheduled__2024-08-08T00:00:00+00:00 [queued]>
[2024-08-09T08:55:45.952+0000] {taskinstance.py:2076} INFO - Dependencies all met for dep_context=requeueable deps ti=<TaskInstance: Scrape_Province.generate_output_file scheduled__2024-08-08T00:00:00+00:00 [queued]>
[2024-08-09T08:55:45.953+0000] {taskinstance.py:2306} INFO - Starting attempt 1 of 1
[2024-08-09T08:55:46.136+0000] {taskinstance.py:2330} INFO - Executing <Task(PythonOperator): generate_output_file> on 2024-08-08 00:00:00+00:00
[2024-08-09T08:55:46.146+0000] {warnings.py:112} WARNING - /home/***/.local/lib/python3.12/site-packages/***/task/task_runner/standard_task_runner.py:61: DeprecationWarning: This process (pid=1095) is multi-threaded, use of fork() may lead to deadlocks in the child.
  pid = os.fork()

[2024-08-09T08:55:46.148+0000] {standard_task_runner.py:63} INFO - Started process 1097 to run task
[2024-08-09T08:55:46.149+0000] {standard_task_runner.py:90} INFO - Running: ['***', 'tasks', 'run', 'Scrape_Province', 'generate_output_file', 'scheduled__2024-08-08T00:00:00+00:00', '--job-id', '57', '--raw', '--subdir', 'DAGS_FOLDER/Province_Extraction.py', '--cfg-path', '/tmp/tmp8x0j9upe']
[2024-08-09T08:55:46.152+0000] {standard_task_runner.py:91} INFO - Job 57: Subtask generate_output_file
[2024-08-09T08:55:46.166+0000] {warnings.py:112} WARNING - /home/***/.local/lib/python3.12/site-packages/***/settings.py:195: DeprecationWarning: The sql_alchemy_conn option in [core] has been moved to the sql_alchemy_conn option in [database] - the old setting has been used, but please update your config.
  SQL_ALCHEMY_CONN = conf.get("database", "SQL_ALCHEMY_CONN")

[2024-08-09T08:55:46.203+0000] {task_command.py:426} INFO - Running <TaskInstance: Scrape_Province.generate_output_file scheduled__2024-08-08T00:00:00+00:00 [running]> on host ubuntu
[2024-08-09T08:55:46.295+0000] {taskinstance.py:2648} INFO - Exporting env vars: AIRFLOW_CTX_DAG_OWNER='Ducky' AIRFLOW_CTX_DAG_ID='Scrape_Province' AIRFLOW_CTX_TASK_ID='generate_output_file' AIRFLOW_CTX_EXECUTION_DATE='2024-08-08T00:00:00+00:00' AIRFLOW_CTX_TRY_NUMBER='1' AIRFLOW_CTX_DAG_RUN_ID='scheduled__2024-08-08T00:00:00+00:00'
[2024-08-09T08:55:46.296+0000] {taskinstance.py:430} INFO - ::endgroup::
[2024-08-09T08:55:46.314+0000] {logging_mixin.py:188} INFO - Generated output file: province_table-20240808.csv
[2024-08-09T08:55:46.314+0000] {python.py:237} INFO - Done. Returned value was: province_table-20240808.csv
[2024-08-09T08:55:46.314+0000] {taskinstance.py:441} INFO - ::group::Post task execution logs
[2024-08-09T08:55:46.338+0000] {taskinstance.py:1206} INFO - Marking task as SUCCESS. dag_id=Scrape_Province, task_id=generate_output_file, run_id=scheduled__2024-08-08T00:00:00+00:00, execution_date=20240808T000000, start_date=20240809T085545, end_date=20240809T085546
[2024-08-09T08:55:46.362+0000] {local_task_job_runner.py:240} INFO - Task exited with return code 0
[2024-08-09T08:55:46.392+0000] {taskinstance.py:3503} INFO - 1 downstream tasks scheduled from follow-on schedule check
[2024-08-09T08:55:46.394+0000] {local_task_job_runner.py:222} INFO - ::endgroup::
[2024-08-09T09:01:12.936+0000] {local_task_job_runner.py:120} INFO - ::group::Pre task execution logs
[2024-08-09T09:01:12.957+0000] {taskinstance.py:2076} INFO - Dependencies all met for dep_context=non-requeueable deps ti=<TaskInstance: Scrape_Province.generate_output_file scheduled__2024-08-08T00:00:00+00:00 [queued]>
[2024-08-09T09:01:13.180+0000] {taskinstance.py:2076} INFO - Dependencies all met for dep_context=requeueable deps ti=<TaskInstance: Scrape_Province.generate_output_file scheduled__2024-08-08T00:00:00+00:00 [queued]>
[2024-08-09T09:01:13.181+0000] {taskinstance.py:2306} INFO - Starting attempt 1 of 1
[2024-08-09T09:01:13.197+0000] {taskinstance.py:2330} INFO - Executing <Task(PythonOperator): generate_output_file> on 2024-08-08 00:00:00+00:00
[2024-08-09T09:01:13.211+0000] {warnings.py:112} WARNING - /home/***/.local/lib/python3.12/site-packages/***/task/task_runner/standard_task_runner.py:61: DeprecationWarning: This process (pid=1240) is multi-threaded, use of fork() may lead to deadlocks in the child.
  pid = os.fork()

[2024-08-09T09:01:13.216+0000] {standard_task_runner.py:63} INFO - Started process 1242 to run task
[2024-08-09T09:01:13.215+0000] {standard_task_runner.py:90} INFO - Running: ['***', 'tasks', 'run', 'Scrape_Province', 'generate_output_file', 'scheduled__2024-08-08T00:00:00+00:00', '--job-id', '72', '--raw', '--subdir', 'DAGS_FOLDER/Province_Extraction.py', '--cfg-path', '/tmp/tmpnipzdtux']
[2024-08-09T09:01:13.220+0000] {standard_task_runner.py:91} INFO - Job 72: Subtask generate_output_file
[2024-08-09T09:01:13.237+0000] {warnings.py:112} WARNING - /home/***/.local/lib/python3.12/site-packages/***/settings.py:195: DeprecationWarning: The sql_alchemy_conn option in [core] has been moved to the sql_alchemy_conn option in [database] - the old setting has been used, but please update your config.
  SQL_ALCHEMY_CONN = conf.get("database", "SQL_ALCHEMY_CONN")

[2024-08-09T09:01:13.279+0000] {task_command.py:426} INFO - Running <TaskInstance: Scrape_Province.generate_output_file scheduled__2024-08-08T00:00:00+00:00 [running]> on host ubuntu
[2024-08-09T09:01:13.380+0000] {taskinstance.py:2648} INFO - Exporting env vars: AIRFLOW_CTX_DAG_OWNER='Ducky' AIRFLOW_CTX_DAG_ID='Scrape_Province' AIRFLOW_CTX_TASK_ID='generate_output_file' AIRFLOW_CTX_EXECUTION_DATE='2024-08-08T00:00:00+00:00' AIRFLOW_CTX_TRY_NUMBER='1' AIRFLOW_CTX_DAG_RUN_ID='scheduled__2024-08-08T00:00:00+00:00'
[2024-08-09T09:01:13.384+0000] {taskinstance.py:430} INFO - ::endgroup::
[2024-08-09T09:01:13.400+0000] {logging_mixin.py:188} INFO - Generated output file: province_table-20240808.csv
[2024-08-09T09:01:13.400+0000] {python.py:237} INFO - Done. Returned value was: province_table-20240808.csv
[2024-08-09T09:01:13.400+0000] {taskinstance.py:441} INFO - ::group::Post task execution logs
[2024-08-09T09:01:13.426+0000] {taskinstance.py:1206} INFO - Marking task as SUCCESS. dag_id=Scrape_Province, task_id=generate_output_file, run_id=scheduled__2024-08-08T00:00:00+00:00, execution_date=20240808T000000, start_date=20240809T090112, end_date=20240809T090113
[2024-08-09T09:01:13.473+0000] {local_task_job_runner.py:240} INFO - Task exited with return code 0
[2024-08-09T09:01:13.508+0000] {taskinstance.py:3503} INFO - 1 downstream tasks scheduled from follow-on schedule check
[2024-08-09T09:01:13.509+0000] {local_task_job_runner.py:222} INFO - ::endgroup::
