[2024-08-19T03:15:27.588+0000] {local_task_job_runner.py:120} INFO - ::group::Pre task execution logs
[2024-08-19T03:15:27.795+0000] {taskinstance.py:2076} INFO - Dependencies all met for dep_context=non-requeueable deps ti=<TaskInstance: Weather_Data_Extraction.check_s3_file backfill__2024-08-16T00:00:00+00:00 [queued]>
[2024-08-19T03:15:27.812+0000] {taskinstance.py:2076} INFO - Dependencies all met for dep_context=requeueable deps ti=<TaskInstance: Weather_Data_Extraction.check_s3_file backfill__2024-08-16T00:00:00+00:00 [queued]>
[2024-08-19T03:15:27.813+0000] {taskinstance.py:2306} INFO - Starting attempt 1 of 1
[2024-08-19T03:15:27.839+0000] {taskinstance.py:2330} INFO - Executing <Task(S3KeySensor): check_s3_file> on 2024-08-16 00:00:00+00:00
[2024-08-19T03:15:27.849+0000] {warnings.py:112} WARNING - /home/***/.local/lib/python3.12/site-packages/***/task/task_runner/standard_task_runner.py:61: DeprecationWarning: This process (pid=148) is multi-threaded, use of fork() may lead to deadlocks in the child.
  pid = os.fork()

[2024-08-19T03:15:27.851+0000] {standard_task_runner.py:63} INFO - Started process 150 to run task
[2024-08-19T03:15:27.852+0000] {standard_task_runner.py:90} INFO - Running: ['***', 'tasks', 'run', 'Weather_Data_Extraction', 'check_s3_file', 'backfill__2024-08-16T00:00:00+00:00', '--job-id', '1309', '--pool', 'default_pool', '--raw', '--subdir', 'DAGS_FOLDER/Data_Weather_Extraction.py', '--cfg-path', '/tmp/tmpqfwsuac8']
[2024-08-19T03:15:27.857+0000] {standard_task_runner.py:91} INFO - Job 1309: Subtask check_s3_file
[2024-08-19T03:15:27.949+0000] {task_command.py:426} INFO - Running <TaskInstance: Weather_Data_Extraction.check_s3_file backfill__2024-08-16T00:00:00+00:00 [running]> on host ubuntu
[2024-08-19T03:15:28.156+0000] {taskinstance.py:2648} INFO - Exporting env vars: AIRFLOW_CTX_DAG_OWNER='Ducky' AIRFLOW_CTX_DAG_ID='Weather_Data_Extraction' AIRFLOW_CTX_TASK_ID='check_s3_file' AIRFLOW_CTX_EXECUTION_DATE='2024-08-16T00:00:00+00:00' AIRFLOW_CTX_TRY_NUMBER='1' AIRFLOW_CTX_DAG_RUN_ID='backfill__2024-08-16T00:00:00+00:00'
[2024-08-19T03:15:28.160+0000] {taskinstance.py:430} INFO - ::endgroup::
[2024-08-19T03:15:28.179+0000] {baseoperator.py:400} WARNING - S3KeySensor.execute cannot be called outside TaskInstance!
[2024-08-19T03:15:28.180+0000] {s3.py:117} INFO - Poking for key : s3://s3-poc-data-marketplace/Weather_Data/Data_Weather-20240816.csv
[2024-08-19T03:15:28.192+0000] {base.py:84} INFO - Using connection ID 'aws_conn_poc' for task execution.
[2024-08-19T03:15:28.193+0000] {connection_wrapper.py:384} INFO - AWS Connection (conn_id='aws_conn_poc', conn_type='aws') credentials retrieved from login and password.
[2024-08-19T03:15:59.811+0000] {s3.py:117} INFO - Poking for key : s3://s3-poc-data-marketplace/Weather_Data/Data_Weather-20240816.csv
[2024-08-19T03:16:00.554+0000] {base.py:294} INFO - Success criteria met. Exiting.
[2024-08-19T03:16:00.556+0000] {taskinstance.py:441} INFO - ::group::Post task execution logs
[2024-08-19T03:16:00.575+0000] {taskinstance.py:1206} INFO - Marking task as SUCCESS. dag_id=Weather_Data_Extraction, task_id=check_s3_file, run_id=backfill__2024-08-16T00:00:00+00:00, execution_date=20240816T000000, start_date=20240819T031527, end_date=20240819T031600
[2024-08-19T03:16:00.628+0000] {local_task_job_runner.py:240} INFO - Task exited with return code 0
[2024-08-19T03:16:00.674+0000] {taskinstance.py:3503} INFO - 1 downstream tasks scheduled from follow-on schedule check
[2024-08-19T03:16:00.677+0000] {local_task_job_runner.py:222} INFO - ::endgroup::
