[2024-08-13T16:08:22.269+0000] {local_task_job_runner.py:120} INFO - ::group::Pre task execution logs
[2024-08-13T16:08:22.326+0000] {taskinstance.py:2076} INFO - Dependencies all met for dep_context=non-requeueable deps ti=<TaskInstance: Weather_Data_Extraction.generate_output_file backfill__2024-01-28T00:00:00+00:00 [queued]>
[2024-08-13T16:08:22.683+0000] {taskinstance.py:2076} INFO - Dependencies all met for dep_context=requeueable deps ti=<TaskInstance: Weather_Data_Extraction.generate_output_file backfill__2024-01-28T00:00:00+00:00 [queued]>
[2024-08-13T16:08:22.684+0000] {taskinstance.py:2306} INFO - Starting attempt 1 of 1
[2024-08-13T16:08:22.731+0000] {taskinstance.py:2330} INFO - Executing <Task(PythonOperator): generate_output_file> on 2024-01-28 00:00:00+00:00
[2024-08-13T16:08:22.744+0000] {warnings.py:112} WARNING - /home/***/.local/lib/python3.12/site-packages/***/task/task_runner/standard_task_runner.py:61: DeprecationWarning: This process (pid=825) is multi-threaded, use of fork() may lead to deadlocks in the child.
  pid = os.fork()

[2024-08-13T16:08:22.748+0000] {standard_task_runner.py:63} INFO - Started process 849 to run task
[2024-08-13T16:08:22.749+0000] {standard_task_runner.py:90} INFO - Running: ['***', 'tasks', 'run', 'Weather_Data_Extraction', 'generate_output_file', 'backfill__2024-01-28T00:00:00+00:00', '--job-id', '129', '--pool', 'default_pool', '--raw', '--subdir', 'DAGS_FOLDER/Data_Weather_Extraction.py', '--cfg-path', '/tmp/tmp8y99mhmv']
[2024-08-13T16:08:22.761+0000] {standard_task_runner.py:91} INFO - Job 129: Subtask generate_output_file
[2024-08-13T16:08:22.808+0000] {warnings.py:112} WARNING - /home/***/.local/lib/python3.12/site-packages/***/settings.py:195: DeprecationWarning: The sql_alchemy_conn option in [core] has been moved to the sql_alchemy_conn option in [database] - the old setting has been used, but please update your config.
  SQL_ALCHEMY_CONN = conf.get("database", "SQL_ALCHEMY_CONN")

[2024-08-13T16:08:23.050+0000] {task_command.py:426} INFO - Running <TaskInstance: Weather_Data_Extraction.generate_output_file backfill__2024-01-28T00:00:00+00:00 [running]> on host ubuntu
[2024-08-13T16:08:23.534+0000] {taskinstance.py:2648} INFO - Exporting env vars: AIRFLOW_CTX_DAG_OWNER='Ducky' AIRFLOW_CTX_DAG_ID='Weather_Data_Extraction' AIRFLOW_CTX_TASK_ID='generate_output_file' AIRFLOW_CTX_EXECUTION_DATE='2024-01-28T00:00:00+00:00' AIRFLOW_CTX_TRY_NUMBER='1' AIRFLOW_CTX_DAG_RUN_ID='backfill__2024-01-28T00:00:00+00:00'
[2024-08-13T16:08:23.539+0000] {taskinstance.py:430} INFO - ::endgroup::
[2024-08-13T16:08:23.569+0000] {logging_mixin.py:188} INFO - Generated output file: Data_Weather-20240128.csv
[2024-08-13T16:08:23.570+0000] {logging_mixin.py:188} INFO - Execution Date: 2024/01/28
[2024-08-13T16:08:23.663+0000] {python.py:237} INFO - Done. Returned value was: None
[2024-08-13T16:08:23.670+0000] {taskinstance.py:441} INFO - ::group::Post task execution logs
[2024-08-13T16:08:23.693+0000] {taskinstance.py:1206} INFO - Marking task as SUCCESS. dag_id=Weather_Data_Extraction, task_id=generate_output_file, run_id=backfill__2024-01-28T00:00:00+00:00, execution_date=20240128T000000, start_date=20240813T160822, end_date=20240813T160823
[2024-08-13T16:08:23.778+0000] {local_task_job_runner.py:240} INFO - Task exited with return code 0
[2024-08-13T16:08:23.946+0000] {taskinstance.py:3503} INFO - 1 downstream tasks scheduled from follow-on schedule check
[2024-08-13T16:08:23.957+0000] {local_task_job_runner.py:222} INFO - ::endgroup::
[2024-08-14T03:24:10.747+0000] {local_task_job_runner.py:120} INFO - ::group::Pre task execution logs
[2024-08-14T03:24:10.761+0000] {taskinstance.py:2076} INFO - Dependencies all met for dep_context=non-requeueable deps ti=<TaskInstance: Weather_Data_Extraction.generate_output_file backfill__2024-01-28T00:00:00+00:00 [queued]>
[2024-08-14T03:24:10.908+0000] {taskinstance.py:2076} INFO - Dependencies all met for dep_context=requeueable deps ti=<TaskInstance: Weather_Data_Extraction.generate_output_file backfill__2024-01-28T00:00:00+00:00 [queued]>
[2024-08-14T03:24:10.908+0000] {taskinstance.py:2306} INFO - Starting attempt 1 of 1
[2024-08-14T03:24:10.924+0000] {taskinstance.py:2330} INFO - Executing <Task(PythonOperator): generate_output_file> on 2024-01-28 00:00:00+00:00
[2024-08-14T03:24:10.931+0000] {warnings.py:112} WARNING - /home/***/.local/lib/python3.12/site-packages/***/task/task_runner/standard_task_runner.py:61: DeprecationWarning: This process (pid=1154) is multi-threaded, use of fork() may lead to deadlocks in the child.
  pid = os.fork()

[2024-08-14T03:24:10.933+0000] {standard_task_runner.py:63} INFO - Started process 1156 to run task
[2024-08-14T03:24:10.933+0000] {standard_task_runner.py:90} INFO - Running: ['***', 'tasks', 'run', 'Weather_Data_Extraction', 'generate_output_file', 'backfill__2024-01-28T00:00:00+00:00', '--job-id', '459', '--pool', 'default_pool', '--raw', '--subdir', 'DAGS_FOLDER/Data_Weather_Extraction.py', '--cfg-path', '/tmp/tmpn619vopk']
[2024-08-14T03:24:10.936+0000] {standard_task_runner.py:91} INFO - Job 459: Subtask generate_output_file
[2024-08-14T03:24:10.982+0000] {task_command.py:426} INFO - Running <TaskInstance: Weather_Data_Extraction.generate_output_file backfill__2024-01-28T00:00:00+00:00 [running]> on host ubuntu
[2024-08-14T03:24:11.064+0000] {taskinstance.py:2648} INFO - Exporting env vars: AIRFLOW_CTX_DAG_OWNER='Ducky' AIRFLOW_CTX_DAG_ID='Weather_Data_Extraction' AIRFLOW_CTX_TASK_ID='generate_output_file' AIRFLOW_CTX_EXECUTION_DATE='2024-01-28T00:00:00+00:00' AIRFLOW_CTX_TRY_NUMBER='1' AIRFLOW_CTX_DAG_RUN_ID='backfill__2024-01-28T00:00:00+00:00'
[2024-08-14T03:24:11.066+0000] {taskinstance.py:430} INFO - ::endgroup::
[2024-08-14T03:24:11.080+0000] {logging_mixin.py:188} INFO - Generated output file: Data_Weather-20240128.csv
[2024-08-14T03:24:11.080+0000] {logging_mixin.py:188} INFO - Execution Date: 2024/01/28
[2024-08-14T03:24:11.102+0000] {python.py:237} INFO - Done. Returned value was: None
[2024-08-14T03:24:11.103+0000] {taskinstance.py:441} INFO - ::group::Post task execution logs
[2024-08-14T03:24:11.110+0000] {taskinstance.py:1206} INFO - Marking task as SUCCESS. dag_id=Weather_Data_Extraction, task_id=generate_output_file, run_id=backfill__2024-01-28T00:00:00+00:00, execution_date=20240128T000000, start_date=20240814T032410, end_date=20240814T032411
[2024-08-14T03:24:11.147+0000] {local_task_job_runner.py:240} INFO - Task exited with return code 0
[2024-08-14T03:24:11.171+0000] {taskinstance.py:3503} INFO - 1 downstream tasks scheduled from follow-on schedule check
[2024-08-14T03:24:11.174+0000] {local_task_job_runner.py:222} INFO - ::endgroup::
