[2024-08-14T04:29:19.991+0000] {local_task_job_runner.py:120} INFO - ::group::Pre task execution logs
[2024-08-14T04:29:20.189+0000] {taskinstance.py:2076} INFO - Dependencies all met for dep_context=non-requeueable deps ti=<TaskInstance: Weather_Data_Extraction.invoke_lambda_task backfill__2024-02-21T00:00:00+00:00 [queued]>
[2024-08-14T04:29:20.223+0000] {taskinstance.py:2076} INFO - Dependencies all met for dep_context=requeueable deps ti=<TaskInstance: Weather_Data_Extraction.invoke_lambda_task backfill__2024-02-21T00:00:00+00:00 [queued]>
[2024-08-14T04:29:20.225+0000] {taskinstance.py:2306} INFO - Starting attempt 1 of 1
[2024-08-14T04:29:20.259+0000] {taskinstance.py:2330} INFO - Executing <Task(PythonOperator): invoke_lambda_task> on 2024-02-21 00:00:00+00:00
[2024-08-14T04:29:20.276+0000] {warnings.py:112} WARNING - /home/***/.local/lib/python3.12/site-packages/***/task/task_runner/standard_task_runner.py:61: DeprecationWarning: This process (pid=2273) is multi-threaded, use of fork() may lead to deadlocks in the child.
  pid = os.fork()

[2024-08-14T04:29:20.281+0000] {standard_task_runner.py:63} INFO - Started process 2275 to run task
[2024-08-14T04:29:20.282+0000] {standard_task_runner.py:90} INFO - Running: ['***', 'tasks', 'run', 'Weather_Data_Extraction', 'invoke_lambda_task', 'backfill__2024-02-21T00:00:00+00:00', '--job-id', '559', '--pool', 'default_pool', '--raw', '--subdir', 'DAGS_FOLDER/Data_Weather_Extraction.py', '--cfg-path', '/tmp/tmphm5vwgk6']
[2024-08-14T04:29:20.287+0000] {standard_task_runner.py:91} INFO - Job 559: Subtask invoke_lambda_task
[2024-08-14T04:29:20.387+0000] {task_command.py:426} INFO - Running <TaskInstance: Weather_Data_Extraction.invoke_lambda_task backfill__2024-02-21T00:00:00+00:00 [running]> on host ubuntu
[2024-08-14T04:29:20.621+0000] {taskinstance.py:2648} INFO - Exporting env vars: AIRFLOW_CTX_DAG_OWNER='Ducky' AIRFLOW_CTX_DAG_ID='Weather_Data_Extraction' AIRFLOW_CTX_TASK_ID='invoke_lambda_task' AIRFLOW_CTX_EXECUTION_DATE='2024-02-21T00:00:00+00:00' AIRFLOW_CTX_TRY_NUMBER='1' AIRFLOW_CTX_DAG_RUN_ID='backfill__2024-02-21T00:00:00+00:00'
[2024-08-14T04:29:20.625+0000] {taskinstance.py:430} INFO - ::endgroup::
[2024-08-14T04:29:20.684+0000] {logging_mixin.py:188} INFO - Data_Weather-20240221.csv
[2024-08-14T04:29:20.686+0000] {logging_mixin.py:188} INFO - 2024/02/21
[2024-08-14T04:29:20.687+0000] {logging_mixin.py:188} INFO - {"execution_date": "2024/02/21", "file_name": "Data_Weather-20240221.csv"}
[2024-08-14T04:29:20.688+0000] {logging_mixin.py:188} INFO - https://eyzyhdwl8l.execute-api.ap-southeast-2.amazonaws.com/dev?execution_date=2024/02/21&file_name=Data_Weather-20240221.csv
[2024-08-14T04:29:50.412+0000] {logging_mixin.py:188} INFO - Failed to invoke Lambda function.
[2024-08-14T04:29:50.414+0000] {logging_mixin.py:188} INFO - Response: {"message": "Endpoint request timed out"}
[2024-08-14T04:29:50.420+0000] {python.py:237} INFO - Done. Returned value was: None
[2024-08-14T04:29:50.422+0000] {taskinstance.py:441} INFO - ::group::Post task execution logs
[2024-08-14T04:29:50.443+0000] {taskinstance.py:1206} INFO - Marking task as SUCCESS. dag_id=Weather_Data_Extraction, task_id=invoke_lambda_task, run_id=backfill__2024-02-21T00:00:00+00:00, execution_date=20240221T000000, start_date=20240814T042920, end_date=20240814T042950
[2024-08-14T04:29:50.493+0000] {local_task_job_runner.py:240} INFO - Task exited with return code 0
[2024-08-14T04:29:50.530+0000] {taskinstance.py:3503} INFO - 0 downstream tasks scheduled from follow-on schedule check
[2024-08-14T04:29:50.536+0000] {local_task_job_runner.py:222} INFO - ::endgroup::
