[2024-08-09T09:32:28.941+0000] {local_task_job_runner.py:120} INFO - ::group::Pre task execution logs
[2024-08-09T09:32:29.133+0000] {taskinstance.py:2076} INFO - Dependencies all met for dep_context=non-requeueable deps ti=<TaskInstance: Weather_Data_Extraction.sleep_for_10_seconds_2 manual__2024-08-09T09:30:32.932742+00:00 [queued]>
[2024-08-09T09:32:29.142+0000] {taskinstance.py:2076} INFO - Dependencies all met for dep_context=requeueable deps ti=<TaskInstance: Weather_Data_Extraction.sleep_for_10_seconds_2 manual__2024-08-09T09:30:32.932742+00:00 [queued]>
[2024-08-09T09:32:29.143+0000] {taskinstance.py:2306} INFO - Starting attempt 1 of 1
[2024-08-09T09:32:29.157+0000] {taskinstance.py:2330} INFO - Executing <Task(BashOperator): sleep_for_10_seconds_2> on 2024-08-09 09:30:32.932742+00:00
[2024-08-09T09:32:29.169+0000] {warnings.py:112} WARNING - /home/***/.local/lib/python3.12/site-packages/***/task/task_runner/standard_task_runner.py:61: DeprecationWarning: This process (pid=2038) is multi-threaded, use of fork() may lead to deadlocks in the child.
  pid = os.fork()

[2024-08-09T09:32:29.171+0000] {standard_task_runner.py:63} INFO - Started process 2040 to run task
[2024-08-09T09:32:29.172+0000] {standard_task_runner.py:90} INFO - Running: ['***', 'tasks', 'run', 'Weather_Data_Extraction', 'sleep_for_10_seconds_2', 'manual__2024-08-09T09:30:32.932742+00:00', '--job-id', '138', '--raw', '--subdir', 'DAGS_FOLDER/Data_Weather_Extraction.py', '--cfg-path', '/tmp/tmpcmfqt4wh']
[2024-08-09T09:32:29.175+0000] {standard_task_runner.py:91} INFO - Job 138: Subtask sleep_for_10_seconds_2
[2024-08-09T09:32:29.189+0000] {warnings.py:112} WARNING - /home/***/.local/lib/python3.12/site-packages/***/settings.py:195: DeprecationWarning: The sql_alchemy_conn option in [core] has been moved to the sql_alchemy_conn option in [database] - the old setting has been used, but please update your config.
  SQL_ALCHEMY_CONN = conf.get("database", "SQL_ALCHEMY_CONN")

[2024-08-09T09:32:29.223+0000] {task_command.py:426} INFO - Running <TaskInstance: Weather_Data_Extraction.sleep_for_10_seconds_2 manual__2024-08-09T09:30:32.932742+00:00 [running]> on host ubuntu
[2024-08-09T09:32:29.328+0000] {taskinstance.py:2648} INFO - Exporting env vars: AIRFLOW_CTX_DAG_OWNER='Ducky' AIRFLOW_CTX_DAG_ID='Weather_Data_Extraction' AIRFLOW_CTX_TASK_ID='sleep_for_10_seconds_2' AIRFLOW_CTX_EXECUTION_DATE='2024-08-09T09:30:32.932742+00:00' AIRFLOW_CTX_TRY_NUMBER='1' AIRFLOW_CTX_DAG_RUN_ID='manual__2024-08-09T09:30:32.932742+00:00'
[2024-08-09T09:32:29.329+0000] {taskinstance.py:430} INFO - ::endgroup::
[2024-08-09T09:32:29.345+0000] {subprocess.py:63} INFO - Tmp dir root location: /tmp
[2024-08-09T09:32:29.346+0000] {subprocess.py:75} INFO - Running command: ['/usr/bin/bash', '-c', 'sleep 10']
[2024-08-09T09:32:29.367+0000] {subprocess.py:86} INFO - Output:
[2024-08-09T09:32:39.371+0000] {subprocess.py:97} INFO - Command exited with return code 0
[2024-08-09T09:32:39.372+0000] {taskinstance.py:441} INFO - ::group::Post task execution logs
[2024-08-09T09:32:39.399+0000] {taskinstance.py:1206} INFO - Marking task as SUCCESS. dag_id=Weather_Data_Extraction, task_id=sleep_for_10_seconds_2, run_id=manual__2024-08-09T09:30:32.932742+00:00, execution_date=20240809T093032, start_date=20240809T093229, end_date=20240809T093239
[2024-08-09T09:32:39.452+0000] {local_task_job_runner.py:240} INFO - Task exited with return code 0
[2024-08-09T09:32:39.486+0000] {taskinstance.py:3503} INFO - 2 downstream tasks scheduled from follow-on schedule check
[2024-08-09T09:32:39.487+0000] {local_task_job_runner.py:222} INFO - ::endgroup::
