[2024-08-13T16:06:36.862+0000] {local_task_job_runner.py:120} INFO - ::group::Pre task execution logs
[2024-08-13T16:06:36.901+0000] {taskinstance.py:2076} INFO - Dependencies all met for dep_context=non-requeueable deps ti=<TaskInstance: Weather_Data_Extraction.generate_output_file backfill__2024-01-12T00:00:00+00:00 [queued]>
[2024-08-13T16:06:36.953+0000] {taskinstance.py:2076} INFO - Dependencies all met for dep_context=requeueable deps ti=<TaskInstance: Weather_Data_Extraction.generate_output_file backfill__2024-01-12T00:00:00+00:00 [queued]>
[2024-08-13T16:06:36.955+0000] {taskinstance.py:2306} INFO - Starting attempt 1 of 1
[2024-08-13T16:06:37.476+0000] {taskinstance.py:2330} INFO - Executing <Task(PythonOperator): generate_output_file> on 2024-01-12 00:00:00+00:00
[2024-08-13T16:06:37.489+0000] {warnings.py:112} WARNING - /home/***/.local/lib/python3.12/site-packages/***/task/task_runner/standard_task_runner.py:61: DeprecationWarning: This process (pid=656) is multi-threaded, use of fork() may lead to deadlocks in the child.
  pid = os.fork()

[2024-08-13T16:06:37.496+0000] {standard_task_runner.py:63} INFO - Started process 681 to run task
[2024-08-13T16:06:37.506+0000] {standard_task_runner.py:90} INFO - Running: ['***', 'tasks', 'run', 'Weather_Data_Extraction', 'generate_output_file', 'backfill__2024-01-12T00:00:00+00:00', '--job-id', '78', '--pool', 'default_pool', '--raw', '--subdir', 'DAGS_FOLDER/Data_Weather_Extraction.py', '--cfg-path', '/tmp/tmpaon37lo3']
[2024-08-13T16:06:37.520+0000] {standard_task_runner.py:91} INFO - Job 78: Subtask generate_output_file
[2024-08-13T16:06:37.611+0000] {warnings.py:112} WARNING - /home/***/.local/lib/python3.12/site-packages/***/settings.py:195: DeprecationWarning: The sql_alchemy_conn option in [core] has been moved to the sql_alchemy_conn option in [database] - the old setting has been used, but please update your config.
  SQL_ALCHEMY_CONN = conf.get("database", "SQL_ALCHEMY_CONN")

[2024-08-13T16:06:37.746+0000] {task_command.py:426} INFO - Running <TaskInstance: Weather_Data_Extraction.generate_output_file backfill__2024-01-12T00:00:00+00:00 [running]> on host ubuntu
[2024-08-13T16:06:38.089+0000] {taskinstance.py:2648} INFO - Exporting env vars: AIRFLOW_CTX_DAG_OWNER='Ducky' AIRFLOW_CTX_DAG_ID='Weather_Data_Extraction' AIRFLOW_CTX_TASK_ID='generate_output_file' AIRFLOW_CTX_EXECUTION_DATE='2024-01-12T00:00:00+00:00' AIRFLOW_CTX_TRY_NUMBER='1' AIRFLOW_CTX_DAG_RUN_ID='backfill__2024-01-12T00:00:00+00:00'
[2024-08-13T16:06:38.097+0000] {taskinstance.py:430} INFO - ::endgroup::
[2024-08-13T16:06:38.293+0000] {logging_mixin.py:188} INFO - Generated output file: Data_Weather-20240112.csv
[2024-08-13T16:06:38.300+0000] {logging_mixin.py:188} INFO - Execution Date: 2024/01/12
[2024-08-13T16:06:38.428+0000] {python.py:237} INFO - Done. Returned value was: None
[2024-08-13T16:06:38.431+0000] {taskinstance.py:441} INFO - ::group::Post task execution logs
[2024-08-13T16:06:38.494+0000] {taskinstance.py:1206} INFO - Marking task as SUCCESS. dag_id=Weather_Data_Extraction, task_id=generate_output_file, run_id=backfill__2024-01-12T00:00:00+00:00, execution_date=20240112T000000, start_date=20240813T160636, end_date=20240813T160638
[2024-08-13T16:06:38.615+0000] {local_task_job_runner.py:240} INFO - Task exited with return code 0
[2024-08-13T16:06:38.772+0000] {taskinstance.py:3503} INFO - 1 downstream tasks scheduled from follow-on schedule check
[2024-08-13T16:06:38.798+0000] {local_task_job_runner.py:222} INFO - ::endgroup::
[2024-08-14T03:01:20.205+0000] {local_task_job_runner.py:120} INFO - ::group::Pre task execution logs
[2024-08-14T03:01:20.228+0000] {taskinstance.py:2076} INFO - Dependencies all met for dep_context=non-requeueable deps ti=<TaskInstance: Weather_Data_Extraction.generate_output_file backfill__2024-01-12T00:00:00+00:00 [queued]>
[2024-08-14T03:01:20.376+0000] {taskinstance.py:2076} INFO - Dependencies all met for dep_context=requeueable deps ti=<TaskInstance: Weather_Data_Extraction.generate_output_file backfill__2024-01-12T00:00:00+00:00 [queued]>
[2024-08-14T03:01:20.376+0000] {taskinstance.py:2306} INFO - Starting attempt 1 of 1
[2024-08-14T03:01:20.392+0000] {taskinstance.py:2330} INFO - Executing <Task(PythonOperator): generate_output_file> on 2024-01-12 00:00:00+00:00
[2024-08-14T03:01:20.399+0000] {warnings.py:112} WARNING - /home/***/.local/lib/python3.12/site-packages/***/task/task_runner/standard_task_runner.py:61: DeprecationWarning: This process (pid=627) is multi-threaded, use of fork() may lead to deadlocks in the child.
  pid = os.fork()

[2024-08-14T03:01:20.401+0000] {standard_task_runner.py:63} INFO - Started process 629 to run task
[2024-08-14T03:01:20.402+0000] {standard_task_runner.py:90} INFO - Running: ['***', 'tasks', 'run', 'Weather_Data_Extraction', 'generate_output_file', 'backfill__2024-01-12T00:00:00+00:00', '--job-id', '379', '--pool', 'default_pool', '--raw', '--subdir', 'DAGS_FOLDER/Data_Weather_Extraction.py', '--cfg-path', '/tmp/tmppwwvp3kp']
[2024-08-14T03:01:20.406+0000] {standard_task_runner.py:91} INFO - Job 379: Subtask generate_output_file
[2024-08-14T03:01:20.466+0000] {task_command.py:426} INFO - Running <TaskInstance: Weather_Data_Extraction.generate_output_file backfill__2024-01-12T00:00:00+00:00 [running]> on host ubuntu
[2024-08-14T03:01:20.580+0000] {taskinstance.py:2648} INFO - Exporting env vars: AIRFLOW_CTX_DAG_OWNER='Ducky' AIRFLOW_CTX_DAG_ID='Weather_Data_Extraction' AIRFLOW_CTX_TASK_ID='generate_output_file' AIRFLOW_CTX_EXECUTION_DATE='2024-01-12T00:00:00+00:00' AIRFLOW_CTX_TRY_NUMBER='1' AIRFLOW_CTX_DAG_RUN_ID='backfill__2024-01-12T00:00:00+00:00'
[2024-08-14T03:01:20.582+0000] {taskinstance.py:430} INFO - ::endgroup::
[2024-08-14T03:01:20.621+0000] {logging_mixin.py:188} INFO - Generated output file: Data_Weather-20240112.csv
[2024-08-14T03:01:20.622+0000] {logging_mixin.py:188} INFO - Execution Date: 2024/01/12
[2024-08-14T03:01:20.667+0000] {python.py:237} INFO - Done. Returned value was: None
[2024-08-14T03:01:20.669+0000] {taskinstance.py:441} INFO - ::group::Post task execution logs
[2024-08-14T03:01:20.684+0000] {taskinstance.py:1206} INFO - Marking task as SUCCESS. dag_id=Weather_Data_Extraction, task_id=generate_output_file, run_id=backfill__2024-01-12T00:00:00+00:00, execution_date=20240112T000000, start_date=20240814T030120, end_date=20240814T030120
[2024-08-14T03:01:20.736+0000] {local_task_job_runner.py:240} INFO - Task exited with return code 0
[2024-08-14T03:01:20.786+0000] {taskinstance.py:3503} INFO - 1 downstream tasks scheduled from follow-on schedule check
[2024-08-14T03:01:20.790+0000] {local_task_job_runner.py:222} INFO - ::endgroup::
