[2024-08-09T09:11:34.296+0000] {local_task_job_runner.py:120} INFO - ::group::Pre task execution logs
[2024-08-09T09:11:34.492+0000] {taskinstance.py:2076} INFO - Dependencies all met for dep_context=non-requeueable deps ti=<TaskInstance: Scrape_City.sleep_for_10_seconds manual__2024-08-09T09:10:46.597523+00:00 [queued]>
[2024-08-09T09:11:34.501+0000] {taskinstance.py:2076} INFO - Dependencies all met for dep_context=requeueable deps ti=<TaskInstance: Scrape_City.sleep_for_10_seconds manual__2024-08-09T09:10:46.597523+00:00 [queued]>
[2024-08-09T09:11:34.501+0000] {taskinstance.py:2306} INFO - Starting attempt 1 of 1
[2024-08-09T09:11:34.515+0000] {taskinstance.py:2330} INFO - Executing <Task(BashOperator): sleep_for_10_seconds> on 2024-08-09 09:10:46.597523+00:00
[2024-08-09T09:11:34.531+0000] {warnings.py:112} WARNING - /home/***/.local/lib/python3.12/site-packages/***/task/task_runner/standard_task_runner.py:61: DeprecationWarning: This process (pid=1480) is multi-threaded, use of fork() may lead to deadlocks in the child.
  pid = os.fork()

[2024-08-09T09:11:34.532+0000] {standard_task_runner.py:63} INFO - Started process 1482 to run task
[2024-08-09T09:11:34.534+0000] {standard_task_runner.py:90} INFO - Running: ['***', 'tasks', 'run', 'Scrape_City', 'sleep_for_10_seconds', 'manual__2024-08-09T09:10:46.597523+00:00', '--job-id', '95', '--raw', '--subdir', 'DAGS_FOLDER/City_Extraction.py', '--cfg-path', '/tmp/tmpp91u3b7u']
[2024-08-09T09:11:34.538+0000] {standard_task_runner.py:91} INFO - Job 95: Subtask sleep_for_10_seconds
[2024-08-09T09:11:34.554+0000] {warnings.py:112} WARNING - /home/***/.local/lib/python3.12/site-packages/***/settings.py:195: DeprecationWarning: The sql_alchemy_conn option in [core] has been moved to the sql_alchemy_conn option in [database] - the old setting has been used, but please update your config.
  SQL_ALCHEMY_CONN = conf.get("database", "SQL_ALCHEMY_CONN")

[2024-08-09T09:11:34.597+0000] {task_command.py:426} INFO - Running <TaskInstance: Scrape_City.sleep_for_10_seconds manual__2024-08-09T09:10:46.597523+00:00 [running]> on host ubuntu
[2024-08-09T09:11:34.738+0000] {taskinstance.py:2648} INFO - Exporting env vars: AIRFLOW_CTX_DAG_OWNER='Ducky' AIRFLOW_CTX_DAG_ID='Scrape_City' AIRFLOW_CTX_TASK_ID='sleep_for_10_seconds' AIRFLOW_CTX_EXECUTION_DATE='2024-08-09T09:10:46.597523+00:00' AIRFLOW_CTX_TRY_NUMBER='1' AIRFLOW_CTX_DAG_RUN_ID='manual__2024-08-09T09:10:46.597523+00:00'
[2024-08-09T09:11:34.741+0000] {taskinstance.py:430} INFO - ::endgroup::
[2024-08-09T09:11:34.766+0000] {subprocess.py:63} INFO - Tmp dir root location: /tmp
[2024-08-09T09:11:34.767+0000] {subprocess.py:75} INFO - Running command: ['/usr/bin/bash', '-c', 'sleep 10']
[2024-08-09T09:11:34.788+0000] {subprocess.py:86} INFO - Output:
[2024-08-09T09:11:44.791+0000] {subprocess.py:97} INFO - Command exited with return code 0
[2024-08-09T09:11:44.792+0000] {taskinstance.py:441} INFO - ::group::Post task execution logs
[2024-08-09T09:11:44.819+0000] {taskinstance.py:1206} INFO - Marking task as SUCCESS. dag_id=Scrape_City, task_id=sleep_for_10_seconds, run_id=manual__2024-08-09T09:10:46.597523+00:00, execution_date=20240809T091046, start_date=20240809T091134, end_date=20240809T091144
[2024-08-09T09:11:44.865+0000] {local_task_job_runner.py:240} INFO - Task exited with return code 0
[2024-08-09T09:11:44.894+0000] {taskinstance.py:3503} INFO - 1 downstream tasks scheduled from follow-on schedule check
[2024-08-09T09:11:44.895+0000] {local_task_job_runner.py:222} INFO - ::endgroup::
