[2024-08-09T08:59:15.073+0000] {local_task_job_runner.py:120} INFO - ::group::Pre task execution logs
[2024-08-09T08:59:15.263+0000] {taskinstance.py:2076} INFO - Dependencies all met for dep_context=non-requeueable deps ti=<TaskInstance: Scrape_Province.customers_group.stg_province_run manual__2024-08-09T08:58:51.742378+00:00 [queued]>
[2024-08-09T08:59:15.272+0000] {taskinstance.py:2076} INFO - Dependencies all met for dep_context=requeueable deps ti=<TaskInstance: Scrape_Province.customers_group.stg_province_run manual__2024-08-09T08:58:51.742378+00:00 [queued]>
[2024-08-09T08:59:15.273+0000] {taskinstance.py:2306} INFO - Starting attempt 1 of 3
[2024-08-09T08:59:15.286+0000] {taskinstance.py:2330} INFO - Executing <Task(DbtRunLocalOperator): customers_group.stg_province_run> on 2024-08-09 08:58:51.742378+00:00
[2024-08-09T08:59:15.297+0000] {warnings.py:112} WARNING - /home/***/.local/lib/python3.12/site-packages/***/task/task_runner/standard_task_runner.py:61: DeprecationWarning: This process (pid=1171) is multi-threaded, use of fork() may lead to deadlocks in the child.
  pid = os.fork()

[2024-08-09T08:59:15.299+0000] {standard_task_runner.py:63} INFO - Started process 1173 to run task
[2024-08-09T08:59:15.299+0000] {standard_task_runner.py:90} INFO - Running: ['***', 'tasks', 'run', 'Scrape_Province', 'customers_group.stg_province_run', 'manual__2024-08-09T08:58:51.742378+00:00', '--job-id', '68', '--raw', '--subdir', 'DAGS_FOLDER/Province_Extraction.py', '--cfg-path', '/tmp/tmpa_7rkmoy']
[2024-08-09T08:59:15.302+0000] {standard_task_runner.py:91} INFO - Job 68: Subtask customers_group.stg_province_run
[2024-08-09T08:59:15.317+0000] {warnings.py:112} WARNING - /home/***/.local/lib/python3.12/site-packages/***/settings.py:195: DeprecationWarning: The sql_alchemy_conn option in [core] has been moved to the sql_alchemy_conn option in [database] - the old setting has been used, but please update your config.
  SQL_ALCHEMY_CONN = conf.get("database", "SQL_ALCHEMY_CONN")

[2024-08-09T08:59:15.351+0000] {task_command.py:426} INFO - Running <TaskInstance: Scrape_Province.customers_group.stg_province_run manual__2024-08-09T08:58:51.742378+00:00 [running]> on host ubuntu
[2024-08-09T08:59:15.446+0000] {taskinstance.py:2648} INFO - Exporting env vars: AIRFLOW_CTX_DAG_OWNER='Ducky' AIRFLOW_CTX_DAG_ID='Scrape_Province' AIRFLOW_CTX_TASK_ID='customers_group.stg_province_run' AIRFLOW_CTX_EXECUTION_DATE='2024-08-09T08:58:51.742378+00:00' AIRFLOW_CTX_TRY_NUMBER='1' AIRFLOW_CTX_DAG_RUN_ID='manual__2024-08-09T08:58:51.742378+00:00'
[2024-08-09T08:59:15.448+0000] {taskinstance.py:430} INFO - ::endgroup::
[2024-08-09T08:59:15.468+0000] {log.py:232} WARNING - [[34m2024-08-09T08:59:15.468+0000[0m] {[34mgraph.py:[0m377} INFO[0m - [35m(astronomer-cosmos)[0m - Trying to parse the dbt project using dbt ls cache cosmos_cache__dbt_dag_filterd__customers_group...[0m
[2024-08-09T08:59:15.468+0000] {log.py:232} WARNING - [[34m2024-08-09T08:59:15.468+0000[0m] {[34mgraph.py:[0m377} INFO[0m - [35m(astronomer-cosmos)[0m - Trying to parse the dbt project using dbt ls cache cosmos_cache__dbt_dag_filterd__customers_group...[0m
[2024-08-09T08:59:15.468+0000] {graph.py:377} INFO - Trying to parse the dbt project using dbt ls cache cosmos_cache__dbt_dag_filterd__customers_group...
[2024-08-09T08:59:15.485+0000] {log.py:232} WARNING - [[34m2024-08-09T08:59:15.484+0000[0m] {[34mcache.py:[0m262} INFO[0m - [35m(astronomer-cosmos)[0m - Cosmos performance: time to calculate cache identifier cosmos_cache__dbt_dag_filterd__customers_group for current version: 0.006234122999558167[0m
[2024-08-09T08:59:15.485+0000] {log.py:232} WARNING - [[34m2024-08-09T08:59:15.484+0000[0m] {[34mcache.py:[0m262} INFO[0m - [35m(astronomer-cosmos)[0m - Cosmos performance: time to calculate cache identifier cosmos_cache__dbt_dag_filterd__customers_group for current version: 0.006234122999558167[0m
[2024-08-09T08:59:15.484+0000] {cache.py:262} INFO - Cosmos performance: time to calculate cache identifier cosmos_cache__dbt_dag_filterd__customers_group for current version: 0.006234122999558167
[2024-08-09T08:59:15.486+0000] {log.py:232} WARNING - [[34m2024-08-09T08:59:15.486+0000[0m] {[34mgraph.py:[0m394} INFO[0m - [35m(astronomer-cosmos)[0m - Cosmos performance [ubuntu|1173]: The cache size for cosmos_cache__dbt_dag_filterd__customers_group is 3094[0m
[2024-08-09T08:59:15.486+0000] {log.py:232} WARNING - [[34m2024-08-09T08:59:15.486+0000[0m] {[34mgraph.py:[0m394} INFO[0m - [35m(astronomer-cosmos)[0m - Cosmos performance [ubuntu|1173]: The cache size for cosmos_cache__dbt_dag_filterd__customers_group is 3094[0m
[2024-08-09T08:59:15.486+0000] {graph.py:394} INFO - Cosmos performance [ubuntu|1173]: The cache size for cosmos_cache__dbt_dag_filterd__customers_group is 3094
[2024-08-09T08:59:15.487+0000] {log.py:232} WARNING - [[34m2024-08-09T08:59:15.487+0000[0m] {[34mgraph.py:[0m402} INFO[0m - [35m(astronomer-cosmos)[0m - Cosmos performance: Cache hit for cosmos_cache__dbt_dag_filterd__customers_group - f0894e22ca1fc514beb9335fa3aa34e2,5f7d44698c4b67134aff532494870c9c[0m
[2024-08-09T08:59:15.487+0000] {log.py:232} WARNING - [[34m2024-08-09T08:59:15.487+0000[0m] {[34mgraph.py:[0m402} INFO[0m - [35m(astronomer-cosmos)[0m - Cosmos performance: Cache hit for cosmos_cache__dbt_dag_filterd__customers_group - f0894e22ca1fc514beb9335fa3aa34e2,5f7d44698c4b67134aff532494870c9c[0m
[2024-08-09T08:59:15.487+0000] {graph.py:402} INFO - Cosmos performance: Cache hit for cosmos_cache__dbt_dag_filterd__customers_group - f0894e22ca1fc514beb9335fa3aa34e2,5f7d44698c4b67134aff532494870c9c
[2024-08-09T08:59:15.488+0000] {log.py:232} WARNING - [[34m2024-08-09T08:59:15.488+0000[0m] {[34mgraph.py:[0m335} INFO[0m - [35m(astronomer-cosmos)[0m - Total nodes: 3[0m
[2024-08-09T08:59:15.488+0000] {log.py:232} WARNING - [[34m2024-08-09T08:59:15.488+0000[0m] {[34mgraph.py:[0m335} INFO[0m - [35m(astronomer-cosmos)[0m - Total nodes: 3[0m
[2024-08-09T08:59:15.488+0000] {graph.py:335} INFO - Total nodes: 3
[2024-08-09T08:59:15.489+0000] {log.py:232} WARNING - [[34m2024-08-09T08:59:15.489+0000[0m] {[34mgraph.py:[0m336} INFO[0m - [35m(astronomer-cosmos)[0m - Total filtered nodes: 3[0m
[2024-08-09T08:59:15.489+0000] {log.py:232} WARNING - [[34m2024-08-09T08:59:15.489+0000[0m] {[34mgraph.py:[0m336} INFO[0m - [35m(astronomer-cosmos)[0m - Total filtered nodes: 3[0m
[2024-08-09T08:59:15.489+0000] {graph.py:336} INFO - Total filtered nodes: 3
[2024-08-09T08:59:15.490+0000] {log.py:232} WARNING - [[34m2024-08-09T08:59:15.490+0000[0m] {[34mconverter.py:[0m251} INFO[0m - [35m(astronomer-cosmos)[0m - Cosmos performance (dbt_dag_filterd__customers_group) -  [ubuntu|1173]: It took 0.0224s to parse the dbt project for DAG using LoadMode.DBT_LS_CACHE[0m
[2024-08-09T08:59:15.490+0000] {log.py:232} WARNING - [[34m2024-08-09T08:59:15.490+0000[0m] {[34mconverter.py:[0m251} INFO[0m - [35m(astronomer-cosmos)[0m - Cosmos performance (dbt_dag_filterd__customers_group) -  [ubuntu|1173]: It took 0.0224s to parse the dbt project for DAG using LoadMode.DBT_LS_CACHE[0m
[2024-08-09T08:59:15.490+0000] {converter.py:251} INFO - Cosmos performance (dbt_dag_filterd__customers_group) -  [ubuntu|1173]: It took 0.0224s to parse the dbt project for DAG using LoadMode.DBT_LS_CACHE
[2024-08-09T08:59:15.492+0000] {log.py:232} WARNING - [[34m2024-08-09T08:59:15.492+0000[0m] {[34mproject.py:[0m35} INFO[0m - [35m(astronomer-cosmos)[0m - Project /opt/***/dags/Data_Marketplace does not have {'packages.yml', 'dependencies.yml'}[0m
[2024-08-09T08:59:15.492+0000] {log.py:232} WARNING - [[34m2024-08-09T08:59:15.492+0000[0m] {[34mproject.py:[0m35} INFO[0m - [35m(astronomer-cosmos)[0m - Project /opt/***/dags/Data_Marketplace does not have {'packages.yml', 'dependencies.yml'}[0m
[2024-08-09T08:59:15.492+0000] {project.py:35} INFO - Project /opt/***/dags/Data_Marketplace does not have {'packages.yml', 'dependencies.yml'}
[2024-08-09T08:59:15.494+0000] {log.py:232} WARNING - [[34m2024-08-09T08:59:15.493+0000[0m] {[34mproject.py:[0m35} INFO[0m - [35m(astronomer-cosmos)[0m - Project /opt/***/dags/Data_Marketplace does not have {'packages.yml', 'dependencies.yml'}[0m
[2024-08-09T08:59:15.494+0000] {log.py:232} WARNING - [[34m2024-08-09T08:59:15.493+0000[0m] {[34mproject.py:[0m35} INFO[0m - [35m(astronomer-cosmos)[0m - Project /opt/***/dags/Data_Marketplace does not have {'packages.yml', 'dependencies.yml'}[0m
[2024-08-09T08:59:15.493+0000] {project.py:35} INFO - Project /opt/***/dags/Data_Marketplace does not have {'packages.yml', 'dependencies.yml'}
[2024-08-09T08:59:15.495+0000] {log.py:232} WARNING - [[34m2024-08-09T08:59:15.495+0000[0m] {[34mproject.py:[0m35} INFO[0m - [35m(astronomer-cosmos)[0m - Project /opt/***/dags/Data_Marketplace does not have {'packages.yml', 'dependencies.yml'}[0m
[2024-08-09T08:59:15.495+0000] {log.py:232} WARNING - [[34m2024-08-09T08:59:15.495+0000[0m] {[34mproject.py:[0m35} INFO[0m - [35m(astronomer-cosmos)[0m - Project /opt/***/dags/Data_Marketplace does not have {'packages.yml', 'dependencies.yml'}[0m
[2024-08-09T08:59:15.495+0000] {project.py:35} INFO - Project /opt/***/dags/Data_Marketplace does not have {'packages.yml', 'dependencies.yml'}
[2024-08-09T08:59:15.496+0000] {log.py:232} WARNING - [[34m2024-08-09T08:59:15.496+0000[0m] {[34mconverter.py:[0m293} INFO[0m - [35m(astronomer-cosmos)[0m - Cosmos performance (dbt_dag_filterd__customers_group) - [ubuntu|1173]: It took 0.00622s to build the Airflow DAG.[0m
[2024-08-09T08:59:15.497+0000] {log.py:232} WARNING - [[34m2024-08-09T08:59:15.496+0000[0m] {[34mconverter.py:[0m293} INFO[0m - [35m(astronomer-cosmos)[0m - Cosmos performance (dbt_dag_filterd__customers_group) - [ubuntu|1173]: It took 0.00622s to build the Airflow DAG.[0m
[2024-08-09T08:59:15.496+0000] {converter.py:293} INFO - Cosmos performance (dbt_dag_filterd__customers_group) - [ubuntu|1173]: It took 0.00622s to build the Airflow DAG.
[2024-08-09T08:59:15.498+0000] {log.py:232} WARNING - [[34m2024-08-09T08:59:15.498+0000[0m] {[34mlocal.py:[0m174} INFO[0m - [35m(astronomer-cosmos)[0m - Could not import dbtRunner. Falling back to subprocess for invoking dbt.[0m
[2024-08-09T08:59:15.498+0000] {log.py:232} WARNING - [[34m2024-08-09T08:59:15.498+0000[0m] {[34mlocal.py:[0m174} INFO[0m - [35m(astronomer-cosmos)[0m - Could not import dbtRunner. Falling back to subprocess for invoking dbt.[0m
[2024-08-09T08:59:15.498+0000] {local.py:174} INFO - Could not import dbtRunner. Falling back to subprocess for invoking dbt.
[2024-08-09T08:59:15.499+0000] {log.py:232} WARNING - [[34m2024-08-09T08:59:15.499+0000[0m] {[34mlocal.py:[0m292} INFO[0m - [35m(astronomer-cosmos)[0m - Cloning project to writable temp directory /tmp/tmpi82hbsop from /opt/***/dags/Data_Marketplace[0m
[2024-08-09T08:59:15.500+0000] {log.py:232} WARNING - [[34m2024-08-09T08:59:15.499+0000[0m] {[34mlocal.py:[0m292} INFO[0m - [35m(astronomer-cosmos)[0m - Cloning project to writable temp directory /tmp/tmpi82hbsop from /opt/***/dags/Data_Marketplace[0m
[2024-08-09T08:59:15.499+0000] {local.py:292} INFO - Cloning project to writable temp directory /tmp/tmpi82hbsop from /opt/airflow/dags/Data_Marketplace
[2024-08-09T08:59:15.501+0000] {log.py:232} WARNING - [[34m2024-08-09T08:59:15.501+0000[0m] {[34mlocal.py:[0m303} INFO[0m - [35m(astronomer-cosmos)[0m - Partial parse is enabled and the latest partial parse file is /opt/***/dags/Data_Marketplace/target/partial_parse.msgpack[0m
[2024-08-09T08:59:15.502+0000] {log.py:232} WARNING - [[34m2024-08-09T08:59:15.501+0000[0m] {[34mlocal.py:[0m303} INFO[0m - [35m(astronomer-cosmos)[0m - Partial parse is enabled and the latest partial parse file is /opt/***/dags/Data_Marketplace/target/partial_parse.msgpack[0m
[2024-08-09T08:59:15.501+0000] {local.py:303} INFO - Partial parse is enabled and the latest partial parse file is /opt/airflow/dags/Data_Marketplace/target/partial_parse.msgpack
[2024-08-09T08:59:15.512+0000] {log.py:232} WARNING - [[34m2024-08-09T08:59:15.512+0000[0m] {[34mconfig.py:[0m292} INFO[0m - [35m(astronomer-cosmos)[0m - Profile caching is enable.[0m
[2024-08-09T08:59:15.512+0000] {log.py:232} WARNING - [[34m2024-08-09T08:59:15.512+0000[0m] {[34mconfig.py:[0m292} INFO[0m - [35m(astronomer-cosmos)[0m - Profile caching is enable.[0m
[2024-08-09T08:59:15.512+0000] {config.py:292} INFO - Profile caching is enable.
[2024-08-09T08:59:15.525+0000] {base.py:84} INFO - Using connection ID 'snowflake_conn' for task execution.
[2024-08-09T08:59:15.531+0000] {log.py:232} WARNING - [[34m2024-08-09T08:59:15.531+0000[0m] {[34mconfig.py:[0m272} INFO[0m - [35m(astronomer-cosmos)[0m - Profile found in cache using profile: /tmp/cosmos/profile/ec71862f850e9b0839075fe0561d5062ab3dd99ef2a3dac2fe4fc1486f2849d0/profiles.yml.[0m
[2024-08-09T08:59:15.532+0000] {log.py:232} WARNING - [[34m2024-08-09T08:59:15.531+0000[0m] {[34mconfig.py:[0m272} INFO[0m - [35m(astronomer-cosmos)[0m - Profile found in cache using profile: /tmp/cosmos/profile/ec71862f850e9b0839075fe0561d5062ab3dd99ef2a3dac2fe4fc1486f2849d0/profiles.yml.[0m
[2024-08-09T08:59:15.531+0000] {config.py:272} INFO - Profile found in cache using profile: /tmp/cosmos/profile/ec71862f850e9b0839075fe0561d5062ab3dd99ef2a3dac2fe4fc1486f2849d0/profiles.yml.
[2024-08-09T08:59:15.533+0000] {log.py:232} WARNING - [[34m2024-08-09T08:59:15.533+0000[0m] {[34mlocal.py:[0m247} INFO[0m - [35m(astronomer-cosmos)[0m - Trying to run the command:
 ['/opt/***/dbt_venv/bin/dbt', 'run', '--models', 'stg_province', '--project-dir', '/tmp/tmpi82hbsop', '--profiles-dir', '/tmp/cosmos/profile/ec71862f850e9b0839075fe0561d5062ab3dd99ef2a3dac2fe4fc1486f2849d0', '--profile', 'Data_Marketplace', '--target', 'dev']
From /tmp/tmpi82hbsop[0m
[2024-08-09T08:59:15.533+0000] {log.py:232} WARNING - [[34m2024-08-09T08:59:15.533+0000[0m] {[34mlocal.py:[0m247} INFO[0m - [35m(astronomer-cosmos)[0m - Trying to run the command:
 ['/opt/***/dbt_venv/bin/dbt', 'run', '--models', 'stg_province', '--project-dir', '/tmp/tmpi82hbsop', '--profiles-dir', '/tmp/cosmos/profile/ec71862f850e9b0839075fe0561d5062ab3dd99ef2a3dac2fe4fc1486f2849d0', '--profile', 'Data_Marketplace', '--target', 'dev']
From /tmp/tmpi82hbsop[0m
[2024-08-09T08:59:15.533+0000] {local.py:247} INFO - Trying to run the command:
 ['/opt/***/dbt_venv/bin/dbt', 'run', '--models', 'stg_province', '--project-dir', '/tmp/tmpi82hbsop', '--profiles-dir', '/tmp/cosmos/profile/ec71862f850e9b0839075fe0561d5062ab3dd99ef2a3dac2fe4fc1486f2849d0', '--profile', 'Data_Marketplace', '--target', 'dev']
From /tmp/tmpi82hbsop
[2024-08-09T08:59:15.534+0000] {log.py:232} WARNING - [[34m2024-08-09T08:59:15.534+0000[0m] {[34msubprocess.py:[0m60} INFO[0m - [35m(astronomer-cosmos)[0m - Tmp dir root location: 
 /tmp[0m
[2024-08-09T08:59:15.535+0000] {log.py:232} WARNING - [[34m2024-08-09T08:59:15.534+0000[0m] {[34msubprocess.py:[0m60} INFO[0m - [35m(astronomer-cosmos)[0m - Tmp dir root location: 
 /tmp[0m
[2024-08-09T08:59:15.534+0000] {subprocess.py:60} INFO - Tmp dir root location: 
 /tmp
[2024-08-09T08:59:15.535+0000] {log.py:232} WARNING - [[34m2024-08-09T08:59:15.535+0000[0m] {[34msubprocess.py:[0m73} INFO[0m - [35m(astronomer-cosmos)[0m - Running command: ['/opt/***/dbt_venv/bin/dbt', 'run', '--models', 'stg_province', '--project-dir', '/tmp/tmpi82hbsop', '--profiles-dir', '/tmp/cosmos/profile/ec71862f850e9b0839075fe0561d5062ab3dd99ef2a3dac2fe4fc1486f2849d0', '--profile', 'Data_Marketplace', '--target', 'dev'][0m
[2024-08-09T08:59:15.536+0000] {log.py:232} WARNING - [[34m2024-08-09T08:59:15.535+0000[0m] {[34msubprocess.py:[0m73} INFO[0m - [35m(astronomer-cosmos)[0m - Running command: ['/opt/***/dbt_venv/bin/dbt', 'run', '--models', 'stg_province', '--project-dir', '/tmp/tmpi82hbsop', '--profiles-dir', '/tmp/cosmos/profile/ec71862f850e9b0839075fe0561d5062ab3dd99ef2a3dac2fe4fc1486f2849d0', '--profile', 'Data_Marketplace', '--target', 'dev'][0m
[2024-08-09T08:59:15.535+0000] {subprocess.py:73} INFO - Running command: ['/opt/***/dbt_venv/bin/dbt', 'run', '--models', 'stg_province', '--project-dir', '/tmp/tmpi82hbsop', '--profiles-dir', '/tmp/cosmos/profile/ec71862f850e9b0839075fe0561d5062ab3dd99ef2a3dac2fe4fc1486f2849d0', '--profile', 'Data_Marketplace', '--target', 'dev']
[2024-08-09T08:59:15.553+0000] {log.py:232} WARNING - [[34m2024-08-09T08:59:15.553+0000[0m] {[34msubprocess.py:[0m84} INFO[0m - [35m(astronomer-cosmos)[0m - Command output:[0m
[2024-08-09T08:59:15.554+0000] {log.py:232} WARNING - [[34m2024-08-09T08:59:15.553+0000[0m] {[34msubprocess.py:[0m84} INFO[0m - [35m(astronomer-cosmos)[0m - Command output:[0m
[2024-08-09T08:59:15.553+0000] {subprocess.py:84} INFO - Command output:
[2024-08-09T08:59:18.201+0000] {log.py:232} WARNING - [[34m2024-08-09T08:59:18.200+0000[0m] {[34msubprocess.py:[0m94} INFO[0m - [35m(astronomer-cosmos)[0m - [0m08:59:18  Running with dbt=1.8.5[0m
[2024-08-09T08:59:18.201+0000] {log.py:232} WARNING - [[34m2024-08-09T08:59:18.200+0000[0m] {[34msubprocess.py:[0m94} INFO[0m - [35m(astronomer-cosmos)[0m - [0m08:59:18  Running with dbt=1.8.5[0m
[2024-08-09T08:59:18.200+0000] {subprocess.py:94} INFO - [0m08:59:18  Running with dbt=1.8.5
[2024-08-09T08:59:18.805+0000] {log.py:232} WARNING - [[34m2024-08-09T08:59:18.805+0000[0m] {[34msubprocess.py:[0m94} INFO[0m - [35m(astronomer-cosmos)[0m - [0m08:59:18  Registered adapter: snowflake=1.8.3[0m
[2024-08-09T08:59:18.805+0000] {log.py:232} WARNING - [[34m2024-08-09T08:59:18.805+0000[0m] {[34msubprocess.py:[0m94} INFO[0m - [35m(astronomer-cosmos)[0m - [0m08:59:18  Registered adapter: snowflake=1.8.3[0m
[2024-08-09T08:59:18.805+0000] {subprocess.py:94} INFO - [0m08:59:18  Registered adapter: snowflake=1.8.3
[2024-08-09T08:59:19.027+0000] {log.py:232} WARNING - [[34m2024-08-09T08:59:19.026+0000[0m] {[34msubprocess.py:[0m94} INFO[0m - [35m(astronomer-cosmos)[0m - [0m08:59:19  Unable to do partial parsing because config vars, config profile, or config target have changed[0m
[2024-08-09T08:59:19.027+0000] {log.py:232} WARNING - [[34m2024-08-09T08:59:19.026+0000[0m] {[34msubprocess.py:[0m94} INFO[0m - [35m(astronomer-cosmos)[0m - [0m08:59:19  Unable to do partial parsing because config vars, config profile, or config target have changed[0m
[2024-08-09T08:59:19.026+0000] {subprocess.py:94} INFO - [0m08:59:19  Unable to do partial parsing because config vars, config profile, or config target have changed
[2024-08-09T08:59:21.557+0000] {log.py:232} WARNING - [[34m2024-08-09T08:59:21.557+0000[0m] {[34msubprocess.py:[0m94} INFO[0m - [35m(astronomer-cosmos)[0m - [0m08:59:21  Found 9 models, 2 snapshots, 3 seeds, 2 data tests, 3 sources, 448 macros[0m
[2024-08-09T08:59:21.558+0000] {log.py:232} WARNING - [[34m2024-08-09T08:59:21.557+0000[0m] {[34msubprocess.py:[0m94} INFO[0m - [35m(astronomer-cosmos)[0m - [0m08:59:21  Found 9 models, 2 snapshots, 3 seeds, 2 data tests, 3 sources, 448 macros[0m
[2024-08-09T08:59:21.557+0000] {subprocess.py:94} INFO - [0m08:59:21  Found 9 models, 2 snapshots, 3 seeds, 2 data tests, 3 sources, 448 macros
[2024-08-09T08:59:21.560+0000] {log.py:232} WARNING - [[34m2024-08-09T08:59:21.560+0000[0m] {[34msubprocess.py:[0m94} INFO[0m - [35m(astronomer-cosmos)[0m - [0m08:59:21[0m
[2024-08-09T08:59:21.561+0000] {log.py:232} WARNING - [[34m2024-08-09T08:59:21.560+0000[0m] {[34msubprocess.py:[0m94} INFO[0m - [35m(astronomer-cosmos)[0m - [0m08:59:21[0m
[2024-08-09T08:59:21.560+0000] {subprocess.py:94} INFO - [0m08:59:21
[2024-08-09T08:59:23.013+0000] {log.py:232} WARNING - [[34m2024-08-09T08:59:23.012+0000[0m] {[34msubprocess.py:[0m94} INFO[0m - [35m(astronomer-cosmos)[0m - [0m08:59:23  Concurrency: 1 threads (target='dev')[0m
[2024-08-09T08:59:23.013+0000] {log.py:232} WARNING - [[34m2024-08-09T08:59:23.012+0000[0m] {[34msubprocess.py:[0m94} INFO[0m - [35m(astronomer-cosmos)[0m - [0m08:59:23  Concurrency: 1 threads (target='dev')[0m
[2024-08-09T08:59:23.012+0000] {subprocess.py:94} INFO - [0m08:59:23  Concurrency: 1 threads (target='dev')
[2024-08-09T08:59:23.014+0000] {log.py:232} WARNING - [[34m2024-08-09T08:59:23.014+0000[0m] {[34msubprocess.py:[0m94} INFO[0m - [35m(astronomer-cosmos)[0m - [0m08:59:23[0m
[2024-08-09T08:59:23.014+0000] {log.py:232} WARNING - [[34m2024-08-09T08:59:23.014+0000[0m] {[34msubprocess.py:[0m94} INFO[0m - [35m(astronomer-cosmos)[0m - [0m08:59:23[0m
[2024-08-09T08:59:23.014+0000] {subprocess.py:94} INFO - [0m08:59:23
[2024-08-09T08:59:23.043+0000] {log.py:232} WARNING - [[34m2024-08-09T08:59:23.042+0000[0m] {[34msubprocess.py:[0m94} INFO[0m - [35m(astronomer-cosmos)[0m - [0m08:59:23[0m
[2024-08-09T08:59:23.043+0000] {log.py:232} WARNING - [[34m2024-08-09T08:59:23.042+0000[0m] {[34msubprocess.py:[0m94} INFO[0m - [35m(astronomer-cosmos)[0m - [0m08:59:23[0m
[2024-08-09T08:59:23.042+0000] {subprocess.py:94} INFO - [0m08:59:23
[2024-08-09T08:59:23.044+0000] {log.py:232} WARNING - [[34m2024-08-09T08:59:23.044+0000[0m] {[34msubprocess.py:[0m94} INFO[0m - [35m(astronomer-cosmos)[0m - [0m08:59:23  Finished running  in 0 hours 0 minutes and 1.48 seconds (1.48s).[0m
[2024-08-09T08:59:23.044+0000] {log.py:232} WARNING - [[34m2024-08-09T08:59:23.044+0000[0m] {[34msubprocess.py:[0m94} INFO[0m - [35m(astronomer-cosmos)[0m - [0m08:59:23  Finished running  in 0 hours 0 minutes and 1.48 seconds (1.48s).[0m
[2024-08-09T08:59:23.044+0000] {subprocess.py:94} INFO - [0m08:59:23  Finished running  in 0 hours 0 minutes and 1.48 seconds (1.48s).
[2024-08-09T08:59:24.187+0000] {log.py:232} WARNING - [[34m2024-08-09T08:59:24.186+0000[0m] {[34msubprocess.py:[0m98} INFO[0m - [35m(astronomer-cosmos)[0m - Command exited with return code 0[0m
[2024-08-09T08:59:24.187+0000] {log.py:232} WARNING - [[34m2024-08-09T08:59:24.186+0000[0m] {[34msubprocess.py:[0m98} INFO[0m - [35m(astronomer-cosmos)[0m - Command exited with return code 0[0m
[2024-08-09T08:59:24.186+0000] {subprocess.py:98} INFO - Command exited with return code 0
[2024-08-09T08:59:24.188+0000] {log.py:232} WARNING - [[34m2024-08-09T08:59:24.188+0000[0m] {[34mlocal.py:[0m254} INFO[0m - [35m(astronomer-cosmos)[0m - [0m08:59:23  Finished running  in 0 hours 0 minutes and 1.48 seconds (1.48s).[0m
[2024-08-09T08:59:24.188+0000] {log.py:232} WARNING - [[34m2024-08-09T08:59:24.188+0000[0m] {[34mlocal.py:[0m254} INFO[0m - [35m(astronomer-cosmos)[0m - [0m08:59:23  Finished running  in 0 hours 0 minutes and 1.48 seconds (1.48s).[0m
[2024-08-09T08:59:24.188+0000] {local.py:254} INFO - [0m08:59:23  Finished running  in 0 hours 0 minutes and 1.48 seconds (1.48s).
[2024-08-09T08:59:24.202+0000] {local.py:196} WARNING - Artifact schema version: https://schemas.getdbt.com/dbt/manifest/v12.json is above dbt-ol supported version 7. This might cause errors.
[2024-08-09T08:59:24.202+0000] {local.py:196} WARNING - Artifact schema version: https://schemas.getdbt.com/dbt/run-results/v6.json is above dbt-ol supported version 5. This might cause errors.
[2024-08-09T08:59:24.208+0000] {log.py:232} WARNING - [[34m2024-08-09T08:59:24.208+0000[0m] {[34mlocal.py:[0m349} INFO[0m - [35m(astronomer-cosmos)[0m - Inlets: [][0m
[2024-08-09T08:59:24.209+0000] {log.py:232} WARNING - [[34m2024-08-09T08:59:24.208+0000[0m] {[34mlocal.py:[0m349} INFO[0m - [35m(astronomer-cosmos)[0m - Inlets: [][0m
[2024-08-09T08:59:24.208+0000] {local.py:349} INFO - Inlets: []
[2024-08-09T08:59:24.209+0000] {log.py:232} WARNING - [[34m2024-08-09T08:59:24.209+0000[0m] {[34mlocal.py:[0m350} INFO[0m - [35m(astronomer-cosmos)[0m - Outlets: [][0m
[2024-08-09T08:59:24.210+0000] {log.py:232} WARNING - [[34m2024-08-09T08:59:24.209+0000[0m] {[34mlocal.py:[0m350} INFO[0m - [35m(astronomer-cosmos)[0m - Outlets: [][0m
[2024-08-09T08:59:24.209+0000] {local.py:350} INFO - Outlets: []
[2024-08-09T08:59:24.210+0000] {dag.py:3096} INFO - Sync 1 DAGs
[2024-08-09T08:59:24.241+0000] {dag.py:3954} INFO - Setting next_dagrun for Scrape_Province to 2024-08-09 00:00:00+00:00, run_after=2024-08-10 00:00:00+00:00
[2024-08-09T08:59:24.264+0000] {taskinstance.py:441} INFO - ::group::Post task execution logs
[2024-08-09T08:59:24.275+0000] {taskinstance.py:1206} INFO - Marking task as SUCCESS. dag_id=Scrape_Province, task_id=customers_group.stg_province_run, run_id=manual__2024-08-09T08:58:51.742378+00:00, execution_date=20240809T085851, start_date=20240809T085915, end_date=20240809T085924
[2024-08-09T08:59:24.324+0000] {local_task_job_runner.py:240} INFO - Task exited with return code 0
[2024-08-09T08:59:24.352+0000] {taskinstance.py:3503} INFO - 1 downstream tasks scheduled from follow-on schedule check
[2024-08-09T08:59:24.354+0000] {local_task_job_runner.py:222} INFO - ::endgroup::
