[2024-08-13T15:04:10.940+0000] {local_task_job_runner.py:120} INFO - ::group::Pre task execution logs
[2024-08-13T15:04:10.979+0000] {taskinstance.py:2076} INFO - Dependencies all met for dep_context=non-requeueable deps ti=<TaskInstance: Scrape_Province.generate_output_file manual__2024-08-13T15:04:06.150699+00:00 [queued]>
[2024-08-13T15:04:11.234+0000] {taskinstance.py:2076} INFO - Dependencies all met for dep_context=requeueable deps ti=<TaskInstance: Scrape_Province.generate_output_file manual__2024-08-13T15:04:06.150699+00:00 [queued]>
[2024-08-13T15:04:11.235+0000] {taskinstance.py:2306} INFO - Starting attempt 1 of 1
[2024-08-13T15:04:11.261+0000] {taskinstance.py:2330} INFO - Executing <Task(PythonOperator): generate_output_file> on 2024-08-13 15:04:06.150699+00:00
[2024-08-13T15:04:11.277+0000] {warnings.py:112} WARNING - /home/***/.local/lib/python3.12/site-packages/***/task/task_runner/standard_task_runner.py:61: DeprecationWarning: This process (pid=136) is multi-threaded, use of fork() may lead to deadlocks in the child.
  pid = os.fork()

[2024-08-13T15:04:11.282+0000] {standard_task_runner.py:63} INFO - Started process 138 to run task
[2024-08-13T15:04:11.282+0000] {standard_task_runner.py:90} INFO - Running: ['***', 'tasks', 'run', 'Scrape_Province', 'generate_output_file', 'manual__2024-08-13T15:04:06.150699+00:00', '--job-id', '6', '--raw', '--subdir', 'DAGS_FOLDER/Province_Extraction.py', '--cfg-path', '/tmp/tmpfjiyw8sj']
[2024-08-13T15:04:11.289+0000] {standard_task_runner.py:91} INFO - Job 6: Subtask generate_output_file
[2024-08-13T15:04:11.318+0000] {warnings.py:112} WARNING - /home/***/.local/lib/python3.12/site-packages/***/settings.py:195: DeprecationWarning: The sql_alchemy_conn option in [core] has been moved to the sql_alchemy_conn option in [database] - the old setting has been used, but please update your config.
  SQL_ALCHEMY_CONN = conf.get("database", "SQL_ALCHEMY_CONN")

[2024-08-13T15:04:11.395+0000] {task_command.py:426} INFO - Running <TaskInstance: Scrape_Province.generate_output_file manual__2024-08-13T15:04:06.150699+00:00 [running]> on host ubuntu
[2024-08-13T15:04:11.559+0000] {taskinstance.py:2648} INFO - Exporting env vars: AIRFLOW_CTX_DAG_OWNER='Ducky' AIRFLOW_CTX_DAG_ID='Scrape_Province' AIRFLOW_CTX_TASK_ID='generate_output_file' AIRFLOW_CTX_EXECUTION_DATE='2024-08-13T15:04:06.150699+00:00' AIRFLOW_CTX_TRY_NUMBER='1' AIRFLOW_CTX_DAG_RUN_ID='manual__2024-08-13T15:04:06.150699+00:00'
[2024-08-13T15:04:11.565+0000] {taskinstance.py:430} INFO - ::endgroup::
[2024-08-13T15:04:11.590+0000] {logging_mixin.py:188} INFO - Generated output file: province_table-20240812.csv
[2024-08-13T15:04:11.591+0000] {python.py:237} INFO - Done. Returned value was: province_table-20240812.csv
[2024-08-13T15:04:11.592+0000] {taskinstance.py:441} INFO - ::group::Post task execution logs
[2024-08-13T15:04:11.633+0000] {taskinstance.py:1206} INFO - Marking task as SUCCESS. dag_id=Scrape_Province, task_id=generate_output_file, run_id=manual__2024-08-13T15:04:06.150699+00:00, execution_date=20240813T150406, start_date=20240813T150410, end_date=20240813T150411
[2024-08-13T15:04:11.700+0000] {local_task_job_runner.py:240} INFO - Task exited with return code 0
[2024-08-13T15:04:11.715+0000] {local_task_job_runner.py:222} INFO - ::endgroup::
