[2024-08-13T16:08:22.086+0000] {local_task_job_runner.py:120} INFO - ::group::Pre task execution logs
[2024-08-13T16:08:22.139+0000] {taskinstance.py:2076} INFO - Dependencies all met for dep_context=non-requeueable deps ti=<TaskInstance: Weather_Data_Extraction.generate_output_file backfill__2024-01-17T00:00:00+00:00 [queued]>
[2024-08-13T16:08:22.195+0000] {taskinstance.py:2076} INFO - Dependencies all met for dep_context=requeueable deps ti=<TaskInstance: Weather_Data_Extraction.generate_output_file backfill__2024-01-17T00:00:00+00:00 [queued]>
[2024-08-13T16:08:22.197+0000] {taskinstance.py:2306} INFO - Starting attempt 1 of 1
[2024-08-13T16:08:22.684+0000] {taskinstance.py:2330} INFO - Executing <Task(PythonOperator): generate_output_file> on 2024-01-17 00:00:00+00:00
[2024-08-13T16:08:22.716+0000] {standard_task_runner.py:90} INFO - Running: ['***', 'tasks', 'run', 'Weather_Data_Extraction', 'generate_output_file', 'backfill__2024-01-17T00:00:00+00:00', '--job-id', '128', '--pool', 'default_pool', '--raw', '--subdir', 'DAGS_FOLDER/Data_Weather_Extraction.py', '--cfg-path', '/tmp/tmp_biimfjh']
[2024-08-13T16:08:22.722+0000] {standard_task_runner.py:91} INFO - Job 128: Subtask generate_output_file
[2024-08-13T16:08:22.710+0000] {warnings.py:112} WARNING - /home/***/.local/lib/python3.12/site-packages/***/task/task_runner/standard_task_runner.py:61: DeprecationWarning: This process (pid=821) is multi-threaded, use of fork() may lead to deadlocks in the child.
  pid = os.fork()

[2024-08-13T16:08:22.728+0000] {standard_task_runner.py:63} INFO - Started process 848 to run task
[2024-08-13T16:08:22.758+0000] {warnings.py:112} WARNING - /home/***/.local/lib/python3.12/site-packages/***/settings.py:195: DeprecationWarning: The sql_alchemy_conn option in [core] has been moved to the sql_alchemy_conn option in [database] - the old setting has been used, but please update your config.
  SQL_ALCHEMY_CONN = conf.get("database", "SQL_ALCHEMY_CONN")

[2024-08-13T16:08:22.840+0000] {task_command.py:426} INFO - Running <TaskInstance: Weather_Data_Extraction.generate_output_file backfill__2024-01-17T00:00:00+00:00 [running]> on host ubuntu
[2024-08-13T16:08:23.171+0000] {taskinstance.py:2648} INFO - Exporting env vars: AIRFLOW_CTX_DAG_OWNER='Ducky' AIRFLOW_CTX_DAG_ID='Weather_Data_Extraction' AIRFLOW_CTX_TASK_ID='generate_output_file' AIRFLOW_CTX_EXECUTION_DATE='2024-01-17T00:00:00+00:00' AIRFLOW_CTX_TRY_NUMBER='1' AIRFLOW_CTX_DAG_RUN_ID='backfill__2024-01-17T00:00:00+00:00'
[2024-08-13T16:08:23.173+0000] {taskinstance.py:430} INFO - ::endgroup::
[2024-08-13T16:08:23.223+0000] {logging_mixin.py:188} INFO - Generated output file: Data_Weather-20240117.csv
[2024-08-13T16:08:23.224+0000] {logging_mixin.py:188} INFO - Execution Date: 2024/01/17
[2024-08-13T16:08:23.306+0000] {python.py:237} INFO - Done. Returned value was: None
[2024-08-13T16:08:23.312+0000] {taskinstance.py:441} INFO - ::group::Post task execution logs
[2024-08-13T16:08:23.389+0000] {taskinstance.py:1206} INFO - Marking task as SUCCESS. dag_id=Weather_Data_Extraction, task_id=generate_output_file, run_id=backfill__2024-01-17T00:00:00+00:00, execution_date=20240117T000000, start_date=20240813T160822, end_date=20240813T160823
[2024-08-13T16:08:23.481+0000] {local_task_job_runner.py:240} INFO - Task exited with return code 0
[2024-08-13T16:08:23.555+0000] {taskinstance.py:3503} INFO - 1 downstream tasks scheduled from follow-on schedule check
[2024-08-13T16:08:23.571+0000] {local_task_job_runner.py:222} INFO - ::endgroup::
[2024-08-14T03:08:25.208+0000] {local_task_job_runner.py:120} INFO - ::group::Pre task execution logs
[2024-08-14T03:08:25.232+0000] {taskinstance.py:2076} INFO - Dependencies all met for dep_context=non-requeueable deps ti=<TaskInstance: Weather_Data_Extraction.generate_output_file backfill__2024-01-17T00:00:00+00:00 [queued]>
[2024-08-14T03:08:25.390+0000] {taskinstance.py:2076} INFO - Dependencies all met for dep_context=requeueable deps ti=<TaskInstance: Weather_Data_Extraction.generate_output_file backfill__2024-01-17T00:00:00+00:00 [queued]>
[2024-08-14T03:08:25.391+0000] {taskinstance.py:2306} INFO - Starting attempt 1 of 1
[2024-08-14T03:08:25.414+0000] {taskinstance.py:2330} INFO - Executing <Task(PythonOperator): generate_output_file> on 2024-01-17 00:00:00+00:00
[2024-08-14T03:08:25.420+0000] {warnings.py:112} WARNING - /home/***/.local/lib/python3.12/site-packages/***/task/task_runner/standard_task_runner.py:61: DeprecationWarning: This process (pid=793) is multi-threaded, use of fork() may lead to deadlocks in the child.
  pid = os.fork()

[2024-08-14T03:08:25.422+0000] {standard_task_runner.py:63} INFO - Started process 795 to run task
[2024-08-14T03:08:25.422+0000] {standard_task_runner.py:90} INFO - Running: ['***', 'tasks', 'run', 'Weather_Data_Extraction', 'generate_output_file', 'backfill__2024-01-17T00:00:00+00:00', '--job-id', '404', '--pool', 'default_pool', '--raw', '--subdir', 'DAGS_FOLDER/Data_Weather_Extraction.py', '--cfg-path', '/tmp/tmpcsybb6g5']
[2024-08-14T03:08:25.425+0000] {standard_task_runner.py:91} INFO - Job 404: Subtask generate_output_file
[2024-08-14T03:08:25.496+0000] {task_command.py:426} INFO - Running <TaskInstance: Weather_Data_Extraction.generate_output_file backfill__2024-01-17T00:00:00+00:00 [running]> on host ubuntu
[2024-08-14T03:08:25.609+0000] {taskinstance.py:2648} INFO - Exporting env vars: AIRFLOW_CTX_DAG_OWNER='Ducky' AIRFLOW_CTX_DAG_ID='Weather_Data_Extraction' AIRFLOW_CTX_TASK_ID='generate_output_file' AIRFLOW_CTX_EXECUTION_DATE='2024-01-17T00:00:00+00:00' AIRFLOW_CTX_TRY_NUMBER='1' AIRFLOW_CTX_DAG_RUN_ID='backfill__2024-01-17T00:00:00+00:00'
[2024-08-14T03:08:25.611+0000] {taskinstance.py:430} INFO - ::endgroup::
[2024-08-14T03:08:25.626+0000] {logging_mixin.py:188} INFO - Generated output file: Data_Weather-20240117.csv
[2024-08-14T03:08:25.627+0000] {logging_mixin.py:188} INFO - Execution Date: 2024/01/17
[2024-08-14T03:08:25.659+0000] {python.py:237} INFO - Done. Returned value was: None
[2024-08-14T03:08:25.660+0000] {taskinstance.py:441} INFO - ::group::Post task execution logs
[2024-08-14T03:08:25.673+0000] {taskinstance.py:1206} INFO - Marking task as SUCCESS. dag_id=Weather_Data_Extraction, task_id=generate_output_file, run_id=backfill__2024-01-17T00:00:00+00:00, execution_date=20240117T000000, start_date=20240814T030825, end_date=20240814T030825
[2024-08-14T03:08:25.718+0000] {local_task_job_runner.py:240} INFO - Task exited with return code 0
[2024-08-14T03:08:25.752+0000] {taskinstance.py:3503} INFO - 1 downstream tasks scheduled from follow-on schedule check
[2024-08-14T03:08:25.759+0000] {local_task_job_runner.py:222} INFO - ::endgroup::
