[2024-08-14T02:17:49.685+0000] {local_task_job_runner.py:120} INFO - ::group::Pre task execution logs
[2024-08-14T02:17:49.854+0000] {taskinstance.py:2076} INFO - Dependencies all met for dep_context=non-requeueable deps ti=<TaskInstance: Scrape_City.city_models.dim_city_run manual__2024-08-14T02:15:24.784776+00:00 [queued]>
[2024-08-14T02:17:49.864+0000] {taskinstance.py:2076} INFO - Dependencies all met for dep_context=requeueable deps ti=<TaskInstance: Scrape_City.city_models.dim_city_run manual__2024-08-14T02:15:24.784776+00:00 [queued]>
[2024-08-14T02:17:49.865+0000] {taskinstance.py:2306} INFO - Starting attempt 1 of 3
[2024-08-14T02:17:49.888+0000] {taskinstance.py:2330} INFO - Executing <Task(DbtRunLocalOperator): city_models.dim_city_run> on 2024-08-14 02:15:24.784776+00:00
[2024-08-14T02:17:49.901+0000] {warnings.py:112} WARNING - /home/***/.local/lib/python3.12/site-packages/***/task/task_runner/standard_task_runner.py:61: DeprecationWarning: This process (pid=215) is multi-threaded, use of fork() may lead to deadlocks in the child.
  pid = os.fork()

[2024-08-14T02:17:49.903+0000] {standard_task_runner.py:63} INFO - Started process 217 to run task
[2024-08-14T02:17:49.904+0000] {standard_task_runner.py:90} INFO - Running: ['***', 'tasks', 'run', 'Scrape_City', 'city_models.dim_city_run', 'manual__2024-08-14T02:15:24.784776+00:00', '--job-id', '314', '--raw', '--subdir', 'DAGS_FOLDER/City_Extraction.py', '--cfg-path', '/tmp/tmpyyael_d4']
[2024-08-14T02:17:49.908+0000] {standard_task_runner.py:91} INFO - Job 314: Subtask city_models.dim_city_run
[2024-08-14T02:17:49.932+0000] {warnings.py:112} WARNING - /home/***/.local/lib/python3.12/site-packages/***/settings.py:195: DeprecationWarning: The sql_alchemy_conn option in [core] has been moved to the sql_alchemy_conn option in [database] - the old setting has been used, but please update your config.
  SQL_ALCHEMY_CONN = conf.get("database", "SQL_ALCHEMY_CONN")

[2024-08-14T02:17:49.983+0000] {task_command.py:426} INFO - Running <TaskInstance: Scrape_City.city_models.dim_city_run manual__2024-08-14T02:15:24.784776+00:00 [running]> on host ubuntu
[2024-08-14T02:17:50.100+0000] {taskinstance.py:2648} INFO - Exporting env vars: AIRFLOW_CTX_DAG_OWNER='Ducky' AIRFLOW_CTX_DAG_ID='Scrape_City' AIRFLOW_CTX_TASK_ID='city_models.dim_city_run' AIRFLOW_CTX_EXECUTION_DATE='2024-08-14T02:15:24.784776+00:00' AIRFLOW_CTX_TRY_NUMBER='1' AIRFLOW_CTX_DAG_RUN_ID='manual__2024-08-14T02:15:24.784776+00:00'
[2024-08-14T02:17:50.111+0000] {taskinstance.py:430} INFO - ::endgroup::
[2024-08-14T02:17:50.146+0000] {log.py:232} WARNING - [[34m2024-08-14T02:17:50.145+0000[0m] {[34mgraph.py:[0m377} INFO[0m - [35m(astronomer-cosmos)[0m - Trying to parse the dbt project using dbt ls cache cosmos_cache__dbt_dag_filterd__customers_group...[0m
[2024-08-14T02:17:50.147+0000] {log.py:232} WARNING - [[34m2024-08-14T02:17:50.145+0000[0m] {[34mgraph.py:[0m377} INFO[0m - [35m(astronomer-cosmos)[0m - Trying to parse the dbt project using dbt ls cache cosmos_cache__dbt_dag_filterd__customers_group...[0m
[2024-08-14T02:17:50.145+0000] {graph.py:377} INFO - Trying to parse the dbt project using dbt ls cache cosmos_cache__dbt_dag_filterd__customers_group...
[2024-08-14T02:17:50.485+0000] {log.py:232} WARNING - [[34m2024-08-14T02:17:50.485+0000[0m] {[34mcache.py:[0m262} INFO[0m - [35m(astronomer-cosmos)[0m - Cosmos performance: time to calculate cache identifier cosmos_cache__dbt_dag_filterd__customers_group for current version: 0.32583609600010277[0m
[2024-08-14T02:17:50.486+0000] {log.py:232} WARNING - [[34m2024-08-14T02:17:50.485+0000[0m] {[34mcache.py:[0m262} INFO[0m - [35m(astronomer-cosmos)[0m - Cosmos performance: time to calculate cache identifier cosmos_cache__dbt_dag_filterd__customers_group for current version: 0.32583609600010277[0m
[2024-08-14T02:17:50.485+0000] {cache.py:262} INFO - Cosmos performance: time to calculate cache identifier cosmos_cache__dbt_dag_filterd__customers_group for current version: 0.32583609600010277
[2024-08-14T02:17:50.487+0000] {log.py:232} WARNING - [[34m2024-08-14T02:17:50.486+0000[0m] {[34mgraph.py:[0m394} INFO[0m - [35m(astronomer-cosmos)[0m - Cosmos performance [ubuntu|217]: The cache size for cosmos_cache__dbt_dag_filterd__customers_group is 3021[0m
[2024-08-14T02:17:50.487+0000] {log.py:232} WARNING - [[34m2024-08-14T02:17:50.486+0000[0m] {[34mgraph.py:[0m394} INFO[0m - [35m(astronomer-cosmos)[0m - Cosmos performance [ubuntu|217]: The cache size for cosmos_cache__dbt_dag_filterd__customers_group is 3021[0m
[2024-08-14T02:17:50.486+0000] {graph.py:394} INFO - Cosmos performance [ubuntu|217]: The cache size for cosmos_cache__dbt_dag_filterd__customers_group is 3021
[2024-08-14T02:17:50.488+0000] {log.py:232} WARNING - [[34m2024-08-14T02:17:50.488+0000[0m] {[34mgraph.py:[0m402} INFO[0m - [35m(astronomer-cosmos)[0m - Cosmos performance: Cache hit for cosmos_cache__dbt_dag_filterd__customers_group - e817fdfdc4cadaa2fe870bd62a4c3e2e,5f7d44698c4b67134aff532494870c9c[0m
[2024-08-14T02:17:50.488+0000] {log.py:232} WARNING - [[34m2024-08-14T02:17:50.488+0000[0m] {[34mgraph.py:[0m402} INFO[0m - [35m(astronomer-cosmos)[0m - Cosmos performance: Cache hit for cosmos_cache__dbt_dag_filterd__customers_group - e817fdfdc4cadaa2fe870bd62a4c3e2e,5f7d44698c4b67134aff532494870c9c[0m
[2024-08-14T02:17:50.488+0000] {graph.py:402} INFO - Cosmos performance: Cache hit for cosmos_cache__dbt_dag_filterd__customers_group - e817fdfdc4cadaa2fe870bd62a4c3e2e,5f7d44698c4b67134aff532494870c9c
[2024-08-14T02:17:50.489+0000] {log.py:232} WARNING - [[34m2024-08-14T02:17:50.489+0000[0m] {[34mgraph.py:[0m335} INFO[0m - [35m(astronomer-cosmos)[0m - Total nodes: 3[0m
[2024-08-14T02:17:50.489+0000] {log.py:232} WARNING - [[34m2024-08-14T02:17:50.489+0000[0m] {[34mgraph.py:[0m335} INFO[0m - [35m(astronomer-cosmos)[0m - Total nodes: 3[0m
[2024-08-14T02:17:50.489+0000] {graph.py:335} INFO - Total nodes: 3
[2024-08-14T02:17:50.490+0000] {log.py:232} WARNING - [[34m2024-08-14T02:17:50.490+0000[0m] {[34mgraph.py:[0m336} INFO[0m - [35m(astronomer-cosmos)[0m - Total filtered nodes: 3[0m
[2024-08-14T02:17:50.490+0000] {log.py:232} WARNING - [[34m2024-08-14T02:17:50.490+0000[0m] {[34mgraph.py:[0m336} INFO[0m - [35m(astronomer-cosmos)[0m - Total filtered nodes: 3[0m
[2024-08-14T02:17:50.490+0000] {graph.py:336} INFO - Total filtered nodes: 3
[2024-08-14T02:17:50.491+0000] {log.py:232} WARNING - [[34m2024-08-14T02:17:50.491+0000[0m] {[34mconverter.py:[0m251} INFO[0m - [35m(astronomer-cosmos)[0m - Cosmos performance (dbt_dag_filterd__customers_group) -  [ubuntu|217]: It took 0.346s to parse the dbt project for DAG using LoadMode.DBT_LS_CACHE[0m
[2024-08-14T02:17:50.491+0000] {log.py:232} WARNING - [[34m2024-08-14T02:17:50.491+0000[0m] {[34mconverter.py:[0m251} INFO[0m - [35m(astronomer-cosmos)[0m - Cosmos performance (dbt_dag_filterd__customers_group) -  [ubuntu|217]: It took 0.346s to parse the dbt project for DAG using LoadMode.DBT_LS_CACHE[0m
[2024-08-14T02:17:50.491+0000] {converter.py:251} INFO - Cosmos performance (dbt_dag_filterd__customers_group) -  [ubuntu|217]: It took 0.346s to parse the dbt project for DAG using LoadMode.DBT_LS_CACHE
[2024-08-14T02:17:50.494+0000] {log.py:232} WARNING - [[34m2024-08-14T02:17:50.494+0000[0m] {[34mproject.py:[0m35} INFO[0m - [35m(astronomer-cosmos)[0m - Project /opt/***/dags/Data_Marketplace does not have {'dependencies.yml', 'packages.yml'}[0m
[2024-08-14T02:17:50.495+0000] {log.py:232} WARNING - [[34m2024-08-14T02:17:50.494+0000[0m] {[34mproject.py:[0m35} INFO[0m - [35m(astronomer-cosmos)[0m - Project /opt/***/dags/Data_Marketplace does not have {'dependencies.yml', 'packages.yml'}[0m
[2024-08-14T02:17:50.494+0000] {project.py:35} INFO - Project /opt/***/dags/Data_Marketplace does not have {'dependencies.yml', 'packages.yml'}
[2024-08-14T02:17:50.497+0000] {log.py:232} WARNING - [[34m2024-08-14T02:17:50.497+0000[0m] {[34mproject.py:[0m35} INFO[0m - [35m(astronomer-cosmos)[0m - Project /opt/***/dags/Data_Marketplace does not have {'dependencies.yml', 'packages.yml'}[0m
[2024-08-14T02:17:50.497+0000] {log.py:232} WARNING - [[34m2024-08-14T02:17:50.497+0000[0m] {[34mproject.py:[0m35} INFO[0m - [35m(astronomer-cosmos)[0m - Project /opt/***/dags/Data_Marketplace does not have {'dependencies.yml', 'packages.yml'}[0m
[2024-08-14T02:17:50.497+0000] {project.py:35} INFO - Project /opt/***/dags/Data_Marketplace does not have {'dependencies.yml', 'packages.yml'}
[2024-08-14T02:17:50.499+0000] {log.py:232} WARNING - [[34m2024-08-14T02:17:50.499+0000[0m] {[34mproject.py:[0m35} INFO[0m - [35m(astronomer-cosmos)[0m - Project /opt/***/dags/Data_Marketplace does not have {'dependencies.yml', 'packages.yml'}[0m
[2024-08-14T02:17:50.500+0000] {log.py:232} WARNING - [[34m2024-08-14T02:17:50.499+0000[0m] {[34mproject.py:[0m35} INFO[0m - [35m(astronomer-cosmos)[0m - Project /opt/***/dags/Data_Marketplace does not have {'dependencies.yml', 'packages.yml'}[0m
[2024-08-14T02:17:50.499+0000] {project.py:35} INFO - Project /opt/***/dags/Data_Marketplace does not have {'dependencies.yml', 'packages.yml'}
[2024-08-14T02:17:50.501+0000] {log.py:232} WARNING - [[34m2024-08-14T02:17:50.501+0000[0m] {[34mconverter.py:[0m293} INFO[0m - [35m(astronomer-cosmos)[0m - Cosmos performance (dbt_dag_filterd__customers_group) - [ubuntu|217]: It took 0.01s to build the Airflow DAG.[0m
[2024-08-14T02:17:50.501+0000] {log.py:232} WARNING - [[34m2024-08-14T02:17:50.501+0000[0m] {[34mconverter.py:[0m293} INFO[0m - [35m(astronomer-cosmos)[0m - Cosmos performance (dbt_dag_filterd__customers_group) - [ubuntu|217]: It took 0.01s to build the Airflow DAG.[0m
[2024-08-14T02:17:50.501+0000] {converter.py:293} INFO - Cosmos performance (dbt_dag_filterd__customers_group) - [ubuntu|217]: It took 0.01s to build the Airflow DAG.
[2024-08-14T02:17:50.503+0000] {log.py:232} WARNING - [[34m2024-08-14T02:17:50.503+0000[0m] {[34mlocal.py:[0m174} INFO[0m - [35m(astronomer-cosmos)[0m - Could not import dbtRunner. Falling back to subprocess for invoking dbt.[0m
[2024-08-14T02:17:50.503+0000] {log.py:232} WARNING - [[34m2024-08-14T02:17:50.503+0000[0m] {[34mlocal.py:[0m174} INFO[0m - [35m(astronomer-cosmos)[0m - Could not import dbtRunner. Falling back to subprocess for invoking dbt.[0m
[2024-08-14T02:17:50.503+0000] {local.py:174} INFO - Could not import dbtRunner. Falling back to subprocess for invoking dbt.
[2024-08-14T02:17:50.504+0000] {log.py:232} WARNING - [[34m2024-08-14T02:17:50.504+0000[0m] {[34mlocal.py:[0m292} INFO[0m - [35m(astronomer-cosmos)[0m - Cloning project to writable temp directory /tmp/tmpssc2o3b8 from /opt/***/dags/Data_Marketplace[0m
[2024-08-14T02:17:50.505+0000] {log.py:232} WARNING - [[34m2024-08-14T02:17:50.504+0000[0m] {[34mlocal.py:[0m292} INFO[0m - [35m(astronomer-cosmos)[0m - Cloning project to writable temp directory /tmp/tmpssc2o3b8 from /opt/***/dags/Data_Marketplace[0m
[2024-08-14T02:17:50.504+0000] {local.py:292} INFO - Cloning project to writable temp directory /tmp/tmpssc2o3b8 from /opt/airflow/dags/Data_Marketplace
[2024-08-14T02:17:50.509+0000] {log.py:232} WARNING - [[34m2024-08-14T02:17:50.508+0000[0m] {[34mlocal.py:[0m303} INFO[0m - [35m(astronomer-cosmos)[0m - Partial parse is enabled and the latest partial parse file is /tmp/cosmos/Scrape_City__city_models/target/partial_parse.msgpack[0m
[2024-08-14T02:17:50.509+0000] {log.py:232} WARNING - [[34m2024-08-14T02:17:50.508+0000[0m] {[34mlocal.py:[0m303} INFO[0m - [35m(astronomer-cosmos)[0m - Partial parse is enabled and the latest partial parse file is /tmp/cosmos/Scrape_City__city_models/target/partial_parse.msgpack[0m
[2024-08-14T02:17:50.508+0000] {local.py:303} INFO - Partial parse is enabled and the latest partial parse file is /tmp/cosmos/Scrape_City__city_models/target/partial_parse.msgpack
[2024-08-14T02:17:50.518+0000] {log.py:232} WARNING - [[34m2024-08-14T02:17:50.517+0000[0m] {[34mconfig.py:[0m292} INFO[0m - [35m(astronomer-cosmos)[0m - Profile caching is enable.[0m
[2024-08-14T02:17:50.518+0000] {log.py:232} WARNING - [[34m2024-08-14T02:17:50.517+0000[0m] {[34mconfig.py:[0m292} INFO[0m - [35m(astronomer-cosmos)[0m - Profile caching is enable.[0m
[2024-08-14T02:17:50.517+0000] {config.py:292} INFO - Profile caching is enable.
[2024-08-14T02:17:50.529+0000] {base.py:84} INFO - Using connection ID 'snowflake_conn' for task execution.
[2024-08-14T02:17:50.533+0000] {log.py:232} WARNING - [[34m2024-08-14T02:17:50.533+0000[0m] {[34mconfig.py:[0m272} INFO[0m - [35m(astronomer-cosmos)[0m - Profile found in cache using profile: /tmp/cosmos/profile/ec71862f850e9b0839075fe0561d5062ab3dd99ef2a3dac2fe4fc1486f2849d0/profiles.yml.[0m
[2024-08-14T02:17:50.534+0000] {log.py:232} WARNING - [[34m2024-08-14T02:17:50.533+0000[0m] {[34mconfig.py:[0m272} INFO[0m - [35m(astronomer-cosmos)[0m - Profile found in cache using profile: /tmp/cosmos/profile/ec71862f850e9b0839075fe0561d5062ab3dd99ef2a3dac2fe4fc1486f2849d0/profiles.yml.[0m
[2024-08-14T02:17:50.533+0000] {config.py:272} INFO - Profile found in cache using profile: /tmp/cosmos/profile/ec71862f850e9b0839075fe0561d5062ab3dd99ef2a3dac2fe4fc1486f2849d0/profiles.yml.
[2024-08-14T02:17:50.535+0000] {log.py:232} WARNING - [[34m2024-08-14T02:17:50.535+0000[0m] {[34mlocal.py:[0m247} INFO[0m - [35m(astronomer-cosmos)[0m - Trying to run the command:
 ['/opt/***/dbt_venv/bin/dbt', 'run', '--models', 'dim_city', '--project-dir', '/tmp/tmpssc2o3b8', '--profiles-dir', '/tmp/cosmos/profile/ec71862f850e9b0839075fe0561d5062ab3dd99ef2a3dac2fe4fc1486f2849d0', '--profile', 'Data_Marketplace', '--target', 'dev']
From /tmp/tmpssc2o3b8[0m
[2024-08-14T02:17:50.535+0000] {log.py:232} WARNING - [[34m2024-08-14T02:17:50.535+0000[0m] {[34mlocal.py:[0m247} INFO[0m - [35m(astronomer-cosmos)[0m - Trying to run the command:
 ['/opt/***/dbt_venv/bin/dbt', 'run', '--models', 'dim_city', '--project-dir', '/tmp/tmpssc2o3b8', '--profiles-dir', '/tmp/cosmos/profile/ec71862f850e9b0839075fe0561d5062ab3dd99ef2a3dac2fe4fc1486f2849d0', '--profile', 'Data_Marketplace', '--target', 'dev']
From /tmp/tmpssc2o3b8[0m
[2024-08-14T02:17:50.535+0000] {local.py:247} INFO - Trying to run the command:
 ['/opt/***/dbt_venv/bin/dbt', 'run', '--models', 'dim_city', '--project-dir', '/tmp/tmpssc2o3b8', '--profiles-dir', '/tmp/cosmos/profile/ec71862f850e9b0839075fe0561d5062ab3dd99ef2a3dac2fe4fc1486f2849d0', '--profile', 'Data_Marketplace', '--target', 'dev']
From /tmp/tmpssc2o3b8
[2024-08-14T02:17:50.536+0000] {log.py:232} WARNING - [[34m2024-08-14T02:17:50.536+0000[0m] {[34msubprocess.py:[0m60} INFO[0m - [35m(astronomer-cosmos)[0m - Tmp dir root location: 
 /tmp[0m
[2024-08-14T02:17:50.537+0000] {log.py:232} WARNING - [[34m2024-08-14T02:17:50.536+0000[0m] {[34msubprocess.py:[0m60} INFO[0m - [35m(astronomer-cosmos)[0m - Tmp dir root location: 
 /tmp[0m
[2024-08-14T02:17:50.536+0000] {subprocess.py:60} INFO - Tmp dir root location: 
 /tmp
[2024-08-14T02:17:50.537+0000] {log.py:232} WARNING - [[34m2024-08-14T02:17:50.537+0000[0m] {[34msubprocess.py:[0m73} INFO[0m - [35m(astronomer-cosmos)[0m - Running command: ['/opt/***/dbt_venv/bin/dbt', 'run', '--models', 'dim_city', '--project-dir', '/tmp/tmpssc2o3b8', '--profiles-dir', '/tmp/cosmos/profile/ec71862f850e9b0839075fe0561d5062ab3dd99ef2a3dac2fe4fc1486f2849d0', '--profile', 'Data_Marketplace', '--target', 'dev'][0m
[2024-08-14T02:17:50.538+0000] {log.py:232} WARNING - [[34m2024-08-14T02:17:50.537+0000[0m] {[34msubprocess.py:[0m73} INFO[0m - [35m(astronomer-cosmos)[0m - Running command: ['/opt/***/dbt_venv/bin/dbt', 'run', '--models', 'dim_city', '--project-dir', '/tmp/tmpssc2o3b8', '--profiles-dir', '/tmp/cosmos/profile/ec71862f850e9b0839075fe0561d5062ab3dd99ef2a3dac2fe4fc1486f2849d0', '--profile', 'Data_Marketplace', '--target', 'dev'][0m
[2024-08-14T02:17:50.537+0000] {subprocess.py:73} INFO - Running command: ['/opt/***/dbt_venv/bin/dbt', 'run', '--models', 'dim_city', '--project-dir', '/tmp/tmpssc2o3b8', '--profiles-dir', '/tmp/cosmos/profile/ec71862f850e9b0839075fe0561d5062ab3dd99ef2a3dac2fe4fc1486f2849d0', '--profile', 'Data_Marketplace', '--target', 'dev']
[2024-08-14T02:17:50.553+0000] {log.py:232} WARNING - [[34m2024-08-14T02:17:50.552+0000[0m] {[34msubprocess.py:[0m84} INFO[0m - [35m(astronomer-cosmos)[0m - Command output:[0m
[2024-08-14T02:17:50.553+0000] {log.py:232} WARNING - [[34m2024-08-14T02:17:50.552+0000[0m] {[34msubprocess.py:[0m84} INFO[0m - [35m(astronomer-cosmos)[0m - Command output:[0m
[2024-08-14T02:17:50.552+0000] {subprocess.py:84} INFO - Command output:
[2024-08-14T02:17:52.372+0000] {log.py:232} WARNING - [[34m2024-08-14T02:17:52.371+0000[0m] {[34msubprocess.py:[0m94} INFO[0m - [35m(astronomer-cosmos)[0m - [0m02:17:52  Running with dbt=1.8.5[0m
[2024-08-14T02:17:52.373+0000] {log.py:232} WARNING - [[34m2024-08-14T02:17:52.371+0000[0m] {[34msubprocess.py:[0m94} INFO[0m - [35m(astronomer-cosmos)[0m - [0m02:17:52  Running with dbt=1.8.5[0m
[2024-08-14T02:17:52.371+0000] {subprocess.py:94} INFO - [0m02:17:52  Running with dbt=1.8.5
[2024-08-14T02:17:52.838+0000] {log.py:232} WARNING - [[34m2024-08-14T02:17:52.838+0000[0m] {[34msubprocess.py:[0m94} INFO[0m - [35m(astronomer-cosmos)[0m - [0m02:17:52  Registered adapter: snowflake=1.8.3[0m
[2024-08-14T02:17:52.839+0000] {log.py:232} WARNING - [[34m2024-08-14T02:17:52.838+0000[0m] {[34msubprocess.py:[0m94} INFO[0m - [35m(astronomer-cosmos)[0m - [0m02:17:52  Registered adapter: snowflake=1.8.3[0m
[2024-08-14T02:17:52.838+0000] {subprocess.py:94} INFO - [0m02:17:52  Registered adapter: snowflake=1.8.3
[2024-08-14T02:17:53.465+0000] {log.py:232} WARNING - [[34m2024-08-14T02:17:53.464+0000[0m] {[34msubprocess.py:[0m94} INFO[0m - [35m(astronomer-cosmos)[0m - [0m02:17:53  Found 9 models, 2 snapshots, 3 seeds, 2 data tests, 3 sources, 448 macros[0m
[2024-08-14T02:17:53.465+0000] {log.py:232} WARNING - [[34m2024-08-14T02:17:53.464+0000[0m] {[34msubprocess.py:[0m94} INFO[0m - [35m(astronomer-cosmos)[0m - [0m02:17:53  Found 9 models, 2 snapshots, 3 seeds, 2 data tests, 3 sources, 448 macros[0m
[2024-08-14T02:17:53.464+0000] {subprocess.py:94} INFO - [0m02:17:53  Found 9 models, 2 snapshots, 3 seeds, 2 data tests, 3 sources, 448 macros
[2024-08-14T02:17:53.467+0000] {log.py:232} WARNING - [[34m2024-08-14T02:17:53.467+0000[0m] {[34msubprocess.py:[0m94} INFO[0m - [35m(astronomer-cosmos)[0m - [0m02:17:53[0m
[2024-08-14T02:17:53.468+0000] {log.py:232} WARNING - [[34m2024-08-14T02:17:53.467+0000[0m] {[34msubprocess.py:[0m94} INFO[0m - [35m(astronomer-cosmos)[0m - [0m02:17:53[0m
[2024-08-14T02:17:53.467+0000] {subprocess.py:94} INFO - [0m02:17:53
[2024-08-14T02:18:00.170+0000] {log.py:232} WARNING - [[34m2024-08-14T02:18:00.168+0000[0m] {[34msubprocess.py:[0m94} INFO[0m - [35m(astronomer-cosmos)[0m - [0m02:18:00  Concurrency: 1 threads (target='dev')[0m
[2024-08-14T02:18:00.172+0000] {log.py:232} WARNING - [[34m2024-08-14T02:18:00.168+0000[0m] {[34msubprocess.py:[0m94} INFO[0m - [35m(astronomer-cosmos)[0m - [0m02:18:00  Concurrency: 1 threads (target='dev')[0m
[2024-08-14T02:18:00.168+0000] {subprocess.py:94} INFO - [0m02:18:00  Concurrency: 1 threads (target='dev')
[2024-08-14T02:18:00.175+0000] {log.py:232} WARNING - [[34m2024-08-14T02:18:00.174+0000[0m] {[34msubprocess.py:[0m94} INFO[0m - [35m(astronomer-cosmos)[0m - [0m02:18:00[0m
[2024-08-14T02:18:00.176+0000] {log.py:232} WARNING - [[34m2024-08-14T02:18:00.174+0000[0m] {[34msubprocess.py:[0m94} INFO[0m - [35m(astronomer-cosmos)[0m - [0m02:18:00[0m
[2024-08-14T02:18:00.174+0000] {subprocess.py:94} INFO - [0m02:18:00
[2024-08-14T02:18:00.194+0000] {log.py:232} WARNING - [[34m2024-08-14T02:18:00.194+0000[0m] {[34msubprocess.py:[0m94} INFO[0m - [35m(astronomer-cosmos)[0m - [0m02:18:00  1 of 1 START sql view model DWH.dim_city ....................................... [RUN][0m
[2024-08-14T02:18:00.196+0000] {log.py:232} WARNING - [[34m2024-08-14T02:18:00.194+0000[0m] {[34msubprocess.py:[0m94} INFO[0m - [35m(astronomer-cosmos)[0m - [0m02:18:00  1 of 1 START sql view model DWH.dim_city ....................................... [RUN][0m
[2024-08-14T02:18:00.194+0000] {subprocess.py:94} INFO - [0m02:18:00  1 of 1 START sql view model DWH.dim_city ....................................... [RUN]
[2024-08-14T02:18:01.569+0000] {log.py:232} WARNING - [[34m2024-08-14T02:18:01.568+0000[0m] {[34msubprocess.py:[0m94} INFO[0m - [35m(astronomer-cosmos)[0m - [0m02:18:01  1 of 1 OK created sql view model DWH.dim_city .................................. [[32mSUCCESS 1[0m in 1.37s][0m
[2024-08-14T02:18:01.570+0000] {log.py:232} WARNING - [[34m2024-08-14T02:18:01.568+0000[0m] {[34msubprocess.py:[0m94} INFO[0m - [35m(astronomer-cosmos)[0m - [0m02:18:01  1 of 1 OK created sql view model DWH.dim_city .................................. [[32mSUCCESS 1[0m in 1.37s][0m
[2024-08-14T02:18:01.568+0000] {subprocess.py:94} INFO - [0m02:18:01  1 of 1 OK created sql view model DWH.dim_city .................................. [[32mSUCCESS 1[0m in 1.37s]
[2024-08-14T02:18:01.573+0000] {log.py:232} WARNING - [[34m2024-08-14T02:18:01.573+0000[0m] {[34msubprocess.py:[0m94} INFO[0m - [35m(astronomer-cosmos)[0m - [0m02:18:01[0m
[2024-08-14T02:18:01.574+0000] {log.py:232} WARNING - [[34m2024-08-14T02:18:01.573+0000[0m] {[34msubprocess.py:[0m94} INFO[0m - [35m(astronomer-cosmos)[0m - [0m02:18:01[0m
[2024-08-14T02:18:01.573+0000] {subprocess.py:94} INFO - [0m02:18:01
[2024-08-14T02:18:01.575+0000] {log.py:232} WARNING - [[34m2024-08-14T02:18:01.575+0000[0m] {[34msubprocess.py:[0m94} INFO[0m - [35m(astronomer-cosmos)[0m - [0m02:18:01  Finished running 1 view model in 0 hours 0 minutes and 8.11 seconds (8.11s).[0m
[2024-08-14T02:18:01.575+0000] {log.py:232} WARNING - [[34m2024-08-14T02:18:01.575+0000[0m] {[34msubprocess.py:[0m94} INFO[0m - [35m(astronomer-cosmos)[0m - [0m02:18:01  Finished running 1 view model in 0 hours 0 minutes and 8.11 seconds (8.11s).[0m
[2024-08-14T02:18:01.575+0000] {subprocess.py:94} INFO - [0m02:18:01  Finished running 1 view model in 0 hours 0 minutes and 8.11 seconds (8.11s).
[2024-08-14T02:18:01.610+0000] {log.py:232} WARNING - [[34m2024-08-14T02:18:01.610+0000[0m] {[34msubprocess.py:[0m94} INFO[0m - [35m(astronomer-cosmos)[0m - [0m02:18:01[0m
[2024-08-14T02:18:01.611+0000] {log.py:232} WARNING - [[34m2024-08-14T02:18:01.610+0000[0m] {[34msubprocess.py:[0m94} INFO[0m - [35m(astronomer-cosmos)[0m - [0m02:18:01[0m
[2024-08-14T02:18:01.610+0000] {subprocess.py:94} INFO - [0m02:18:01
[2024-08-14T02:18:01.612+0000] {log.py:232} WARNING - [[34m2024-08-14T02:18:01.612+0000[0m] {[34msubprocess.py:[0m94} INFO[0m - [35m(astronomer-cosmos)[0m - [0m02:18:01  [32mCompleted successfully[0m[0m
[2024-08-14T02:18:01.613+0000] {log.py:232} WARNING - [[34m2024-08-14T02:18:01.612+0000[0m] {[34msubprocess.py:[0m94} INFO[0m - [35m(astronomer-cosmos)[0m - [0m02:18:01  [32mCompleted successfully[0m[0m
[2024-08-14T02:18:01.612+0000] {subprocess.py:94} INFO - [0m02:18:01  [32mCompleted successfully[0m
[2024-08-14T02:18:01.614+0000] {log.py:232} WARNING - [[34m2024-08-14T02:18:01.613+0000[0m] {[34msubprocess.py:[0m94} INFO[0m - [35m(astronomer-cosmos)[0m - [0m02:18:01[0m
[2024-08-14T02:18:01.614+0000] {log.py:232} WARNING - [[34m2024-08-14T02:18:01.613+0000[0m] {[34msubprocess.py:[0m94} INFO[0m - [35m(astronomer-cosmos)[0m - [0m02:18:01[0m
[2024-08-14T02:18:01.613+0000] {subprocess.py:94} INFO - [0m02:18:01
[2024-08-14T02:18:01.615+0000] {log.py:232} WARNING - [[34m2024-08-14T02:18:01.615+0000[0m] {[34msubprocess.py:[0m94} INFO[0m - [35m(astronomer-cosmos)[0m - [0m02:18:01  Done. PASS=1 WARN=0 ERROR=0 SKIP=0 TOTAL=1[0m
[2024-08-14T02:18:01.616+0000] {log.py:232} WARNING - [[34m2024-08-14T02:18:01.615+0000[0m] {[34msubprocess.py:[0m94} INFO[0m - [35m(astronomer-cosmos)[0m - [0m02:18:01  Done. PASS=1 WARN=0 ERROR=0 SKIP=0 TOTAL=1[0m
[2024-08-14T02:18:01.615+0000] {subprocess.py:94} INFO - [0m02:18:01  Done. PASS=1 WARN=0 ERROR=0 SKIP=0 TOTAL=1
[2024-08-14T02:18:04.325+0000] {log.py:232} WARNING - [[34m2024-08-14T02:18:04.325+0000[0m] {[34msubprocess.py:[0m98} INFO[0m - [35m(astronomer-cosmos)[0m - Command exited with return code 0[0m
[2024-08-14T02:18:04.326+0000] {log.py:232} WARNING - [[34m2024-08-14T02:18:04.325+0000[0m] {[34msubprocess.py:[0m98} INFO[0m - [35m(astronomer-cosmos)[0m - Command exited with return code 0[0m
[2024-08-14T02:18:04.325+0000] {subprocess.py:98} INFO - Command exited with return code 0
[2024-08-14T02:18:04.327+0000] {log.py:232} WARNING - [[34m2024-08-14T02:18:04.327+0000[0m] {[34mlocal.py:[0m254} INFO[0m - [35m(astronomer-cosmos)[0m - [0m02:18:01  Done. PASS=1 WARN=0 ERROR=0 SKIP=0 TOTAL=1[0m
[2024-08-14T02:18:04.328+0000] {log.py:232} WARNING - [[34m2024-08-14T02:18:04.327+0000[0m] {[34mlocal.py:[0m254} INFO[0m - [35m(astronomer-cosmos)[0m - [0m02:18:01  Done. PASS=1 WARN=0 ERROR=0 SKIP=0 TOTAL=1[0m
[2024-08-14T02:18:04.327+0000] {local.py:254} INFO - [0m02:18:01  Done. PASS=1 WARN=0 ERROR=0 SKIP=0 TOTAL=1
[2024-08-14T02:18:04.346+0000] {local.py:196} WARNING - Artifact schema version: https://schemas.getdbt.com/dbt/manifest/v12.json is above dbt-ol supported version 7. This might cause errors.
[2024-08-14T02:18:04.347+0000] {local.py:196} WARNING - Artifact schema version: https://schemas.getdbt.com/dbt/run-results/v6.json is above dbt-ol supported version 5. This might cause errors.
[2024-08-14T02:18:04.358+0000] {log.py:232} WARNING - [[34m2024-08-14T02:18:04.358+0000[0m] {[34mlocal.py:[0m349} INFO[0m - [35m(astronomer-cosmos)[0m - Inlets: [Dataset(uri='snowflake://uz36730.ap-southeast-1.aws/POC_DATA_MARKETPLACE.DWH.stg_city', extra=None)][0m
[2024-08-14T02:18:04.359+0000] {log.py:232} WARNING - [[34m2024-08-14T02:18:04.358+0000[0m] {[34mlocal.py:[0m349} INFO[0m - [35m(astronomer-cosmos)[0m - Inlets: [Dataset(uri='snowflake://uz36730.ap-southeast-1.aws/POC_DATA_MARKETPLACE.DWH.stg_city', extra=None)][0m
[2024-08-14T02:18:04.358+0000] {local.py:349} INFO - Inlets: [Dataset(uri='snowflake://uz36730.ap-southeast-1.aws/POC_DATA_MARKETPLACE.DWH.stg_city', extra=None)]
[2024-08-14T02:18:04.361+0000] {log.py:232} WARNING - [[34m2024-08-14T02:18:04.361+0000[0m] {[34mlocal.py:[0m350} INFO[0m - [35m(astronomer-cosmos)[0m - Outlets: [Dataset(uri='snowflake://uz36730.ap-southeast-1.aws/POC_DATA_MARKETPLACE.DWH.dim_city', extra=None)][0m
[2024-08-14T02:18:04.362+0000] {log.py:232} WARNING - [[34m2024-08-14T02:18:04.361+0000[0m] {[34mlocal.py:[0m350} INFO[0m - [35m(astronomer-cosmos)[0m - Outlets: [Dataset(uri='snowflake://uz36730.ap-southeast-1.aws/POC_DATA_MARKETPLACE.DWH.dim_city', extra=None)][0m
[2024-08-14T02:18:04.361+0000] {local.py:350} INFO - Outlets: [Dataset(uri='snowflake://uz36730.ap-southeast-1.aws/POC_DATA_MARKETPLACE.DWH.dim_city', extra=None)]
[2024-08-14T02:18:04.363+0000] {dag.py:3096} INFO - Sync 1 DAGs
[2024-08-14T02:18:04.387+0000] {dag.py:3954} INFO - Setting next_dagrun for Scrape_City to None, run_after=None
[2024-08-14T02:18:04.421+0000] {taskinstance.py:441} INFO - ::group::Post task execution logs
[2024-08-14T02:18:04.459+0000] {taskinstance.py:1206} INFO - Marking task as SUCCESS. dag_id=Scrape_City, task_id=city_models.dim_city_run, run_id=manual__2024-08-14T02:15:24.784776+00:00, execution_date=20240814T021524, start_date=20240814T021749, end_date=20240814T021804
[2024-08-14T02:18:04.507+0000] {local_task_job_runner.py:240} INFO - Task exited with return code 0
[2024-08-14T02:18:04.538+0000] {taskinstance.py:3503} INFO - 1 downstream tasks scheduled from follow-on schedule check
[2024-08-14T02:18:04.541+0000] {local_task_job_runner.py:222} INFO - ::endgroup::
