[2024-08-13T15:55:09.334+0000] {local_task_job_runner.py:120} INFO - ::group::Pre task execution logs
[2024-08-13T15:55:09.574+0000] {taskinstance.py:2076} INFO - Dependencies all met for dep_context=non-requeueable deps ti=<TaskInstance: Weather_Data_Extraction.weather_data_daily_models.stg_wind_speed_run manual__2024-08-13T15:52:30.060035+00:00 [queued]>
[2024-08-13T15:55:09.590+0000] {taskinstance.py:2076} INFO - Dependencies all met for dep_context=requeueable deps ti=<TaskInstance: Weather_Data_Extraction.weather_data_daily_models.stg_wind_speed_run manual__2024-08-13T15:52:30.060035+00:00 [queued]>
[2024-08-13T15:55:09.594+0000] {taskinstance.py:2306} INFO - Starting attempt 1 of 3
[2024-08-13T15:55:09.632+0000] {taskinstance.py:2330} INFO - Executing <Task(DbtRunLocalOperator): weather_data_daily_models.stg_wind_speed_run> on 2024-08-13 15:52:30.060035+00:00
[2024-08-13T15:55:09.645+0000] {warnings.py:112} WARNING - /home/***/.local/lib/python3.12/site-packages/***/task/task_runner/standard_task_runner.py:61: DeprecationWarning: This process (pid=456) is multi-threaded, use of fork() may lead to deadlocks in the child.
  pid = os.fork()

[2024-08-13T15:55:09.649+0000] {standard_task_runner.py:63} INFO - Started process 460 to run task
[2024-08-13T15:55:09.648+0000] {standard_task_runner.py:90} INFO - Running: ['***', 'tasks', 'run', 'Weather_Data_Extraction', 'weather_data_daily_models.stg_wind_speed_run', 'manual__2024-08-13T15:52:30.060035+00:00', '--job-id', '64', '--raw', '--subdir', 'DAGS_FOLDER/Data_Weather_Extraction.py', '--cfg-path', '/tmp/tmpcf_n8xha']
[2024-08-13T15:55:09.654+0000] {standard_task_runner.py:91} INFO - Job 64: Subtask weather_data_daily_models.stg_wind_speed_run
[2024-08-13T15:55:09.676+0000] {warnings.py:112} WARNING - /home/***/.local/lib/python3.12/site-packages/***/settings.py:195: DeprecationWarning: The sql_alchemy_conn option in [core] has been moved to the sql_alchemy_conn option in [database] - the old setting has been used, but please update your config.
  SQL_ALCHEMY_CONN = conf.get("database", "SQL_ALCHEMY_CONN")

[2024-08-13T15:55:09.733+0000] {task_command.py:426} INFO - Running <TaskInstance: Weather_Data_Extraction.weather_data_daily_models.stg_wind_speed_run manual__2024-08-13T15:52:30.060035+00:00 [running]> on host ubuntu
[2024-08-13T15:55:09.881+0000] {taskinstance.py:2648} INFO - Exporting env vars: AIRFLOW_CTX_DAG_OWNER='Ducky' AIRFLOW_CTX_DAG_ID='Weather_Data_Extraction' AIRFLOW_CTX_TASK_ID='weather_data_daily_models.stg_wind_speed_run' AIRFLOW_CTX_EXECUTION_DATE='2024-08-13T15:52:30.060035+00:00' AIRFLOW_CTX_TRY_NUMBER='1' AIRFLOW_CTX_DAG_RUN_ID='manual__2024-08-13T15:52:30.060035+00:00'
[2024-08-13T15:55:09.885+0000] {taskinstance.py:430} INFO - ::endgroup::
[2024-08-13T15:55:09.946+0000] {log.py:232} WARNING - [[34m2024-08-13T15:55:09.945+0000[0m] {[34mgraph.py:[0m377} INFO[0m - [35m(astronomer-cosmos)[0m - Trying to parse the dbt project using dbt ls cache cosmos_cache__dbt_dag_filterd__customers_group...[0m
[2024-08-13T15:55:09.947+0000] {log.py:232} WARNING - [[34m2024-08-13T15:55:09.945+0000[0m] {[34mgraph.py:[0m377} INFO[0m - [35m(astronomer-cosmos)[0m - Trying to parse the dbt project using dbt ls cache cosmos_cache__dbt_dag_filterd__customers_group...[0m
[2024-08-13T15:55:09.945+0000] {graph.py:377} INFO - Trying to parse the dbt project using dbt ls cache cosmos_cache__dbt_dag_filterd__customers_group...
[2024-08-13T15:55:10.272+0000] {log.py:232} WARNING - [[34m2024-08-13T15:55:10.271+0000[0m] {[34mcache.py:[0m262} INFO[0m - [35m(astronomer-cosmos)[0m - Cosmos performance: time to calculate cache identifier cosmos_cache__dbt_dag_filterd__customers_group for current version: 0.2912917660000858[0m
[2024-08-13T15:55:10.273+0000] {log.py:232} WARNING - [[34m2024-08-13T15:55:10.271+0000[0m] {[34mcache.py:[0m262} INFO[0m - [35m(astronomer-cosmos)[0m - Cosmos performance: time to calculate cache identifier cosmos_cache__dbt_dag_filterd__customers_group for current version: 0.2912917660000858[0m
[2024-08-13T15:55:10.271+0000] {cache.py:262} INFO - Cosmos performance: time to calculate cache identifier cosmos_cache__dbt_dag_filterd__customers_group for current version: 0.2912917660000858
[2024-08-13T15:55:10.274+0000] {log.py:232} WARNING - [[34m2024-08-13T15:55:10.274+0000[0m] {[34mgraph.py:[0m394} INFO[0m - [35m(astronomer-cosmos)[0m - Cosmos performance [ubuntu|460]: The cache size for cosmos_cache__dbt_dag_filterd__customers_group is 3021[0m
[2024-08-13T15:55:10.275+0000] {log.py:232} WARNING - [[34m2024-08-13T15:55:10.274+0000[0m] {[34mgraph.py:[0m394} INFO[0m - [35m(astronomer-cosmos)[0m - Cosmos performance [ubuntu|460]: The cache size for cosmos_cache__dbt_dag_filterd__customers_group is 3021[0m
[2024-08-13T15:55:10.274+0000] {graph.py:394} INFO - Cosmos performance [ubuntu|460]: The cache size for cosmos_cache__dbt_dag_filterd__customers_group is 3021
[2024-08-13T15:55:10.276+0000] {log.py:232} WARNING - [[34m2024-08-13T15:55:10.276+0000[0m] {[34mgraph.py:[0m402} INFO[0m - [35m(astronomer-cosmos)[0m - Cosmos performance: Cache hit for cosmos_cache__dbt_dag_filterd__customers_group - e817fdfdc4cadaa2fe870bd62a4c3e2e,5f7d44698c4b67134aff532494870c9c[0m
[2024-08-13T15:55:10.277+0000] {log.py:232} WARNING - [[34m2024-08-13T15:55:10.276+0000[0m] {[34mgraph.py:[0m402} INFO[0m - [35m(astronomer-cosmos)[0m - Cosmos performance: Cache hit for cosmos_cache__dbt_dag_filterd__customers_group - e817fdfdc4cadaa2fe870bd62a4c3e2e,5f7d44698c4b67134aff532494870c9c[0m
[2024-08-13T15:55:10.276+0000] {graph.py:402} INFO - Cosmos performance: Cache hit for cosmos_cache__dbt_dag_filterd__customers_group - e817fdfdc4cadaa2fe870bd62a4c3e2e,5f7d44698c4b67134aff532494870c9c
[2024-08-13T15:55:10.278+0000] {log.py:232} WARNING - [[34m2024-08-13T15:55:10.278+0000[0m] {[34mgraph.py:[0m335} INFO[0m - [35m(astronomer-cosmos)[0m - Total nodes: 3[0m
[2024-08-13T15:55:10.279+0000] {log.py:232} WARNING - [[34m2024-08-13T15:55:10.278+0000[0m] {[34mgraph.py:[0m335} INFO[0m - [35m(astronomer-cosmos)[0m - Total nodes: 3[0m
[2024-08-13T15:55:10.278+0000] {graph.py:335} INFO - Total nodes: 3
[2024-08-13T15:55:10.280+0000] {log.py:232} WARNING - [[34m2024-08-13T15:55:10.280+0000[0m] {[34mgraph.py:[0m336} INFO[0m - [35m(astronomer-cosmos)[0m - Total filtered nodes: 3[0m
[2024-08-13T15:55:10.281+0000] {log.py:232} WARNING - [[34m2024-08-13T15:55:10.280+0000[0m] {[34mgraph.py:[0m336} INFO[0m - [35m(astronomer-cosmos)[0m - Total filtered nodes: 3[0m
[2024-08-13T15:55:10.280+0000] {graph.py:336} INFO - Total filtered nodes: 3
[2024-08-13T15:55:10.282+0000] {log.py:232} WARNING - [[34m2024-08-13T15:55:10.282+0000[0m] {[34mconverter.py:[0m251} INFO[0m - [35m(astronomer-cosmos)[0m - Cosmos performance (dbt_dag_filterd__customers_group) -  [ubuntu|460]: It took 0.337s to parse the dbt project for DAG using LoadMode.DBT_LS_CACHE[0m
[2024-08-13T15:55:10.283+0000] {log.py:232} WARNING - [[34m2024-08-13T15:55:10.282+0000[0m] {[34mconverter.py:[0m251} INFO[0m - [35m(astronomer-cosmos)[0m - Cosmos performance (dbt_dag_filterd__customers_group) -  [ubuntu|460]: It took 0.337s to parse the dbt project for DAG using LoadMode.DBT_LS_CACHE[0m
[2024-08-13T15:55:10.282+0000] {converter.py:251} INFO - Cosmos performance (dbt_dag_filterd__customers_group) -  [ubuntu|460]: It took 0.337s to parse the dbt project for DAG using LoadMode.DBT_LS_CACHE
[2024-08-13T15:55:10.287+0000] {log.py:232} WARNING - [[34m2024-08-13T15:55:10.287+0000[0m] {[34mproject.py:[0m35} INFO[0m - [35m(astronomer-cosmos)[0m - Project /opt/***/dags/Data_Marketplace does not have {'packages.yml', 'dependencies.yml'}[0m
[2024-08-13T15:55:10.289+0000] {log.py:232} WARNING - [[34m2024-08-13T15:55:10.287+0000[0m] {[34mproject.py:[0m35} INFO[0m - [35m(astronomer-cosmos)[0m - Project /opt/***/dags/Data_Marketplace does not have {'packages.yml', 'dependencies.yml'}[0m
[2024-08-13T15:55:10.287+0000] {project.py:35} INFO - Project /opt/***/dags/Data_Marketplace does not have {'packages.yml', 'dependencies.yml'}
[2024-08-13T15:55:10.294+0000] {log.py:232} WARNING - [[34m2024-08-13T15:55:10.293+0000[0m] {[34mproject.py:[0m35} INFO[0m - [35m(astronomer-cosmos)[0m - Project /opt/***/dags/Data_Marketplace does not have {'packages.yml', 'dependencies.yml'}[0m
[2024-08-13T15:55:10.294+0000] {log.py:232} WARNING - [[34m2024-08-13T15:55:10.293+0000[0m] {[34mproject.py:[0m35} INFO[0m - [35m(astronomer-cosmos)[0m - Project /opt/***/dags/Data_Marketplace does not have {'packages.yml', 'dependencies.yml'}[0m
[2024-08-13T15:55:10.293+0000] {project.py:35} INFO - Project /opt/***/dags/Data_Marketplace does not have {'packages.yml', 'dependencies.yml'}
[2024-08-13T15:55:10.298+0000] {log.py:232} WARNING - [[34m2024-08-13T15:55:10.298+0000[0m] {[34mproject.py:[0m35} INFO[0m - [35m(astronomer-cosmos)[0m - Project /opt/***/dags/Data_Marketplace does not have {'packages.yml', 'dependencies.yml'}[0m
[2024-08-13T15:55:10.299+0000] {log.py:232} WARNING - [[34m2024-08-13T15:55:10.298+0000[0m] {[34mproject.py:[0m35} INFO[0m - [35m(astronomer-cosmos)[0m - Project /opt/***/dags/Data_Marketplace does not have {'packages.yml', 'dependencies.yml'}[0m
[2024-08-13T15:55:10.298+0000] {project.py:35} INFO - Project /opt/***/dags/Data_Marketplace does not have {'packages.yml', 'dependencies.yml'}
[2024-08-13T15:55:10.301+0000] {log.py:232} WARNING - [[34m2024-08-13T15:55:10.301+0000[0m] {[34mconverter.py:[0m293} INFO[0m - [35m(astronomer-cosmos)[0m - Cosmos performance (dbt_dag_filterd__customers_group) - [ubuntu|460]: It took 0.0188s to build the Airflow DAG.[0m
[2024-08-13T15:55:10.302+0000] {log.py:232} WARNING - [[34m2024-08-13T15:55:10.301+0000[0m] {[34mconverter.py:[0m293} INFO[0m - [35m(astronomer-cosmos)[0m - Cosmos performance (dbt_dag_filterd__customers_group) - [ubuntu|460]: It took 0.0188s to build the Airflow DAG.[0m
[2024-08-13T15:55:10.301+0000] {converter.py:293} INFO - Cosmos performance (dbt_dag_filterd__customers_group) - [ubuntu|460]: It took 0.0188s to build the Airflow DAG.
[2024-08-13T15:55:10.304+0000] {log.py:232} WARNING - [[34m2024-08-13T15:55:10.304+0000[0m] {[34mlocal.py:[0m174} INFO[0m - [35m(astronomer-cosmos)[0m - Could not import dbtRunner. Falling back to subprocess for invoking dbt.[0m
[2024-08-13T15:55:10.304+0000] {log.py:232} WARNING - [[34m2024-08-13T15:55:10.304+0000[0m] {[34mlocal.py:[0m174} INFO[0m - [35m(astronomer-cosmos)[0m - Could not import dbtRunner. Falling back to subprocess for invoking dbt.[0m
[2024-08-13T15:55:10.304+0000] {local.py:174} INFO - Could not import dbtRunner. Falling back to subprocess for invoking dbt.
[2024-08-13T15:55:10.306+0000] {log.py:232} WARNING - [[34m2024-08-13T15:55:10.306+0000[0m] {[34mlocal.py:[0m292} INFO[0m - [35m(astronomer-cosmos)[0m - Cloning project to writable temp directory /tmp/tmpoybct8hp from /opt/***/dags/Data_Marketplace[0m
[2024-08-13T15:55:10.307+0000] {log.py:232} WARNING - [[34m2024-08-13T15:55:10.306+0000[0m] {[34mlocal.py:[0m292} INFO[0m - [35m(astronomer-cosmos)[0m - Cloning project to writable temp directory /tmp/tmpoybct8hp from /opt/***/dags/Data_Marketplace[0m
[2024-08-13T15:55:10.306+0000] {local.py:292} INFO - Cloning project to writable temp directory /tmp/tmpoybct8hp from /opt/airflow/dags/Data_Marketplace
[2024-08-13T15:55:10.316+0000] {log.py:232} WARNING - [[34m2024-08-13T15:55:10.315+0000[0m] {[34mlocal.py:[0m303} INFO[0m - [35m(astronomer-cosmos)[0m - Partial parse is enabled and the latest partial parse file is /opt/***/dags/Data_Marketplace/target/partial_parse.msgpack[0m
[2024-08-13T15:55:10.317+0000] {log.py:232} WARNING - [[34m2024-08-13T15:55:10.315+0000[0m] {[34mlocal.py:[0m303} INFO[0m - [35m(astronomer-cosmos)[0m - Partial parse is enabled and the latest partial parse file is /opt/***/dags/Data_Marketplace/target/partial_parse.msgpack[0m
[2024-08-13T15:55:10.315+0000] {local.py:303} INFO - Partial parse is enabled and the latest partial parse file is /opt/airflow/dags/Data_Marketplace/target/partial_parse.msgpack
[2024-08-13T15:55:10.359+0000] {log.py:232} WARNING - [[34m2024-08-13T15:55:10.359+0000[0m] {[34mconfig.py:[0m292} INFO[0m - [35m(astronomer-cosmos)[0m - Profile caching is enable.[0m
[2024-08-13T15:55:10.360+0000] {log.py:232} WARNING - [[34m2024-08-13T15:55:10.359+0000[0m] {[34mconfig.py:[0m292} INFO[0m - [35m(astronomer-cosmos)[0m - Profile caching is enable.[0m
[2024-08-13T15:55:10.359+0000] {config.py:292} INFO - Profile caching is enable.
[2024-08-13T15:55:10.380+0000] {base.py:84} INFO - Using connection ID 'snowflake_conn' for task execution.
[2024-08-13T15:55:10.393+0000] {log.py:232} WARNING - [[34m2024-08-13T15:55:10.392+0000[0m] {[34mconfig.py:[0m272} INFO[0m - [35m(astronomer-cosmos)[0m - Profile found in cache using profile: /tmp/cosmos/profile/ec71862f850e9b0839075fe0561d5062ab3dd99ef2a3dac2fe4fc1486f2849d0/profiles.yml.[0m
[2024-08-13T15:55:10.394+0000] {log.py:232} WARNING - [[34m2024-08-13T15:55:10.392+0000[0m] {[34mconfig.py:[0m272} INFO[0m - [35m(astronomer-cosmos)[0m - Profile found in cache using profile: /tmp/cosmos/profile/ec71862f850e9b0839075fe0561d5062ab3dd99ef2a3dac2fe4fc1486f2849d0/profiles.yml.[0m
[2024-08-13T15:55:10.392+0000] {config.py:272} INFO - Profile found in cache using profile: /tmp/cosmos/profile/ec71862f850e9b0839075fe0561d5062ab3dd99ef2a3dac2fe4fc1486f2849d0/profiles.yml.
[2024-08-13T15:55:10.396+0000] {log.py:232} WARNING - [[34m2024-08-13T15:55:10.396+0000[0m] {[34mlocal.py:[0m247} INFO[0m - [35m(astronomer-cosmos)[0m - Trying to run the command:
 ['/opt/***/dbt_venv/bin/dbt', 'run', '--models', 'stg_wind_speed', '--project-dir', '/tmp/tmpoybct8hp', '--profiles-dir', '/tmp/cosmos/profile/ec71862f850e9b0839075fe0561d5062ab3dd99ef2a3dac2fe4fc1486f2849d0', '--profile', 'Data_Marketplace', '--target', 'dev']
From /tmp/tmpoybct8hp[0m
[2024-08-13T15:55:10.397+0000] {log.py:232} WARNING - [[34m2024-08-13T15:55:10.396+0000[0m] {[34mlocal.py:[0m247} INFO[0m - [35m(astronomer-cosmos)[0m - Trying to run the command:
 ['/opt/***/dbt_venv/bin/dbt', 'run', '--models', 'stg_wind_speed', '--project-dir', '/tmp/tmpoybct8hp', '--profiles-dir', '/tmp/cosmos/profile/ec71862f850e9b0839075fe0561d5062ab3dd99ef2a3dac2fe4fc1486f2849d0', '--profile', 'Data_Marketplace', '--target', 'dev']
From /tmp/tmpoybct8hp[0m
[2024-08-13T15:55:10.396+0000] {local.py:247} INFO - Trying to run the command:
 ['/opt/***/dbt_venv/bin/dbt', 'run', '--models', 'stg_wind_speed', '--project-dir', '/tmp/tmpoybct8hp', '--profiles-dir', '/tmp/cosmos/profile/ec71862f850e9b0839075fe0561d5062ab3dd99ef2a3dac2fe4fc1486f2849d0', '--profile', 'Data_Marketplace', '--target', 'dev']
From /tmp/tmpoybct8hp
[2024-08-13T15:55:10.400+0000] {log.py:232} WARNING - [[34m2024-08-13T15:55:10.399+0000[0m] {[34msubprocess.py:[0m60} INFO[0m - [35m(astronomer-cosmos)[0m - Tmp dir root location: 
 /tmp[0m
[2024-08-13T15:55:10.401+0000] {log.py:232} WARNING - [[34m2024-08-13T15:55:10.399+0000[0m] {[34msubprocess.py:[0m60} INFO[0m - [35m(astronomer-cosmos)[0m - Tmp dir root location: 
 /tmp[0m
[2024-08-13T15:55:10.399+0000] {subprocess.py:60} INFO - Tmp dir root location: 
 /tmp
[2024-08-13T15:55:10.403+0000] {log.py:232} WARNING - [[34m2024-08-13T15:55:10.402+0000[0m] {[34msubprocess.py:[0m73} INFO[0m - [35m(astronomer-cosmos)[0m - Running command: ['/opt/***/dbt_venv/bin/dbt', 'run', '--models', 'stg_wind_speed', '--project-dir', '/tmp/tmpoybct8hp', '--profiles-dir', '/tmp/cosmos/profile/ec71862f850e9b0839075fe0561d5062ab3dd99ef2a3dac2fe4fc1486f2849d0', '--profile', 'Data_Marketplace', '--target', 'dev'][0m
[2024-08-13T15:55:10.403+0000] {log.py:232} WARNING - [[34m2024-08-13T15:55:10.402+0000[0m] {[34msubprocess.py:[0m73} INFO[0m - [35m(astronomer-cosmos)[0m - Running command: ['/opt/***/dbt_venv/bin/dbt', 'run', '--models', 'stg_wind_speed', '--project-dir', '/tmp/tmpoybct8hp', '--profiles-dir', '/tmp/cosmos/profile/ec71862f850e9b0839075fe0561d5062ab3dd99ef2a3dac2fe4fc1486f2849d0', '--profile', 'Data_Marketplace', '--target', 'dev'][0m
[2024-08-13T15:55:10.402+0000] {subprocess.py:73} INFO - Running command: ['/opt/***/dbt_venv/bin/dbt', 'run', '--models', 'stg_wind_speed', '--project-dir', '/tmp/tmpoybct8hp', '--profiles-dir', '/tmp/cosmos/profile/ec71862f850e9b0839075fe0561d5062ab3dd99ef2a3dac2fe4fc1486f2849d0', '--profile', 'Data_Marketplace', '--target', 'dev']
[2024-08-13T15:55:10.424+0000] {log.py:232} WARNING - [[34m2024-08-13T15:55:10.423+0000[0m] {[34msubprocess.py:[0m84} INFO[0m - [35m(astronomer-cosmos)[0m - Command output:[0m
[2024-08-13T15:55:10.425+0000] {log.py:232} WARNING - [[34m2024-08-13T15:55:10.423+0000[0m] {[34msubprocess.py:[0m84} INFO[0m - [35m(astronomer-cosmos)[0m - Command output:[0m
[2024-08-13T15:55:10.423+0000] {subprocess.py:84} INFO - Command output:
[2024-08-13T15:55:14.337+0000] {log.py:232} WARNING - [[34m2024-08-13T15:55:14.337+0000[0m] {[34msubprocess.py:[0m94} INFO[0m - [35m(astronomer-cosmos)[0m - [0m15:55:14  Running with dbt=1.8.5[0m
[2024-08-13T15:55:14.339+0000] {log.py:232} WARNING - [[34m2024-08-13T15:55:14.337+0000[0m] {[34msubprocess.py:[0m94} INFO[0m - [35m(astronomer-cosmos)[0m - [0m15:55:14  Running with dbt=1.8.5[0m
[2024-08-13T15:55:14.337+0000] {subprocess.py:94} INFO - [0m15:55:14  Running with dbt=1.8.5
[2024-08-13T15:55:15.126+0000] {log.py:232} WARNING - [[34m2024-08-13T15:55:15.126+0000[0m] {[34msubprocess.py:[0m94} INFO[0m - [35m(astronomer-cosmos)[0m - [0m15:55:15  Registered adapter: snowflake=1.8.3[0m
[2024-08-13T15:55:15.128+0000] {log.py:232} WARNING - [[34m2024-08-13T15:55:15.126+0000[0m] {[34msubprocess.py:[0m94} INFO[0m - [35m(astronomer-cosmos)[0m - [0m15:55:15  Registered adapter: snowflake=1.8.3[0m
[2024-08-13T15:55:15.126+0000] {subprocess.py:94} INFO - [0m15:55:15  Registered adapter: snowflake=1.8.3
[2024-08-13T15:55:15.587+0000] {log.py:232} WARNING - [[34m2024-08-13T15:55:15.586+0000[0m] {[34msubprocess.py:[0m94} INFO[0m - [35m(astronomer-cosmos)[0m - [0m15:55:15  Unable to do partial parsing because of a version mismatch[0m
[2024-08-13T15:55:15.588+0000] {log.py:232} WARNING - [[34m2024-08-13T15:55:15.586+0000[0m] {[34msubprocess.py:[0m94} INFO[0m - [35m(astronomer-cosmos)[0m - [0m15:55:15  Unable to do partial parsing because of a version mismatch[0m
[2024-08-13T15:55:15.586+0000] {subprocess.py:94} INFO - [0m15:55:15  Unable to do partial parsing because of a version mismatch
[2024-08-13T15:55:20.180+0000] {log.py:232} WARNING - [[34m2024-08-13T15:55:20.179+0000[0m] {[34msubprocess.py:[0m94} INFO[0m - [35m(astronomer-cosmos)[0m - [0m15:55:20  Found 9 models, 2 snapshots, 3 seeds, 2 data tests, 3 sources, 448 macros[0m
[2024-08-13T15:55:20.181+0000] {log.py:232} WARNING - [[34m2024-08-13T15:55:20.179+0000[0m] {[34msubprocess.py:[0m94} INFO[0m - [35m(astronomer-cosmos)[0m - [0m15:55:20  Found 9 models, 2 snapshots, 3 seeds, 2 data tests, 3 sources, 448 macros[0m
[2024-08-13T15:55:20.179+0000] {subprocess.py:94} INFO - [0m15:55:20  Found 9 models, 2 snapshots, 3 seeds, 2 data tests, 3 sources, 448 macros
[2024-08-13T15:55:20.188+0000] {log.py:232} WARNING - [[34m2024-08-13T15:55:20.187+0000[0m] {[34msubprocess.py:[0m94} INFO[0m - [35m(astronomer-cosmos)[0m - [0m15:55:20[0m
[2024-08-13T15:55:20.189+0000] {log.py:232} WARNING - [[34m2024-08-13T15:55:20.187+0000[0m] {[34msubprocess.py:[0m94} INFO[0m - [35m(astronomer-cosmos)[0m - [0m15:55:20[0m
[2024-08-13T15:55:20.187+0000] {subprocess.py:94} INFO - [0m15:55:20
[2024-08-13T15:55:21.820+0000] {log.py:232} WARNING - [[34m2024-08-13T15:55:21.820+0000[0m] {[34msubprocess.py:[0m94} INFO[0m - [35m(astronomer-cosmos)[0m - [0m15:55:21  Concurrency: 1 threads (target='dev')[0m
[2024-08-13T15:55:21.823+0000] {log.py:232} WARNING - [[34m2024-08-13T15:55:21.820+0000[0m] {[34msubprocess.py:[0m94} INFO[0m - [35m(astronomer-cosmos)[0m - [0m15:55:21  Concurrency: 1 threads (target='dev')[0m
[2024-08-13T15:55:21.820+0000] {subprocess.py:94} INFO - [0m15:55:21  Concurrency: 1 threads (target='dev')
[2024-08-13T15:55:21.828+0000] {log.py:232} WARNING - [[34m2024-08-13T15:55:21.827+0000[0m] {[34msubprocess.py:[0m94} INFO[0m - [35m(astronomer-cosmos)[0m - [0m15:55:21[0m
[2024-08-13T15:55:21.830+0000] {log.py:232} WARNING - [[34m2024-08-13T15:55:21.827+0000[0m] {[34msubprocess.py:[0m94} INFO[0m - [35m(astronomer-cosmos)[0m - [0m15:55:21[0m
[2024-08-13T15:55:21.827+0000] {subprocess.py:94} INFO - [0m15:55:21
[2024-08-13T15:55:21.920+0000] {log.py:232} WARNING - [[34m2024-08-13T15:55:21.919+0000[0m] {[34msubprocess.py:[0m94} INFO[0m - [35m(astronomer-cosmos)[0m - [0m15:55:21[0m
[2024-08-13T15:55:21.922+0000] {log.py:232} WARNING - [[34m2024-08-13T15:55:21.919+0000[0m] {[34msubprocess.py:[0m94} INFO[0m - [35m(astronomer-cosmos)[0m - [0m15:55:21[0m
[2024-08-13T15:55:21.919+0000] {subprocess.py:94} INFO - [0m15:55:21
[2024-08-13T15:55:21.926+0000] {log.py:232} WARNING - [[34m2024-08-13T15:55:21.925+0000[0m] {[34msubprocess.py:[0m94} INFO[0m - [35m(astronomer-cosmos)[0m - [0m15:55:21  Finished running  in 0 hours 0 minutes and 1.73 seconds (1.73s).[0m
[2024-08-13T15:55:21.927+0000] {log.py:232} WARNING - [[34m2024-08-13T15:55:21.925+0000[0m] {[34msubprocess.py:[0m94} INFO[0m - [35m(astronomer-cosmos)[0m - [0m15:55:21  Finished running  in 0 hours 0 minutes and 1.73 seconds (1.73s).[0m
[2024-08-13T15:55:21.925+0000] {subprocess.py:94} INFO - [0m15:55:21  Finished running  in 0 hours 0 minutes and 1.73 seconds (1.73s).
[2024-08-13T15:55:23.991+0000] {log.py:232} WARNING - [[34m2024-08-13T15:55:23.990+0000[0m] {[34msubprocess.py:[0m98} INFO[0m - [35m(astronomer-cosmos)[0m - Command exited with return code 0[0m
[2024-08-13T15:55:23.992+0000] {log.py:232} WARNING - [[34m2024-08-13T15:55:23.990+0000[0m] {[34msubprocess.py:[0m98} INFO[0m - [35m(astronomer-cosmos)[0m - Command exited with return code 0[0m
[2024-08-13T15:55:23.990+0000] {subprocess.py:98} INFO - Command exited with return code 0
[2024-08-13T15:55:23.994+0000] {log.py:232} WARNING - [[34m2024-08-13T15:55:23.993+0000[0m] {[34mlocal.py:[0m254} INFO[0m - [35m(astronomer-cosmos)[0m - [0m15:55:21  Finished running  in 0 hours 0 minutes and 1.73 seconds (1.73s).[0m
[2024-08-13T15:55:23.995+0000] {log.py:232} WARNING - [[34m2024-08-13T15:55:23.993+0000[0m] {[34mlocal.py:[0m254} INFO[0m - [35m(astronomer-cosmos)[0m - [0m15:55:21  Finished running  in 0 hours 0 minutes and 1.73 seconds (1.73s).[0m
[2024-08-13T15:55:23.993+0000] {local.py:254} INFO - [0m15:55:21  Finished running  in 0 hours 0 minutes and 1.73 seconds (1.73s).
[2024-08-13T15:55:24.016+0000] {local.py:196} WARNING - Artifact schema version: https://schemas.getdbt.com/dbt/manifest/v12.json is above dbt-ol supported version 7. This might cause errors.
[2024-08-13T15:55:24.018+0000] {local.py:196} WARNING - Artifact schema version: https://schemas.getdbt.com/dbt/run-results/v6.json is above dbt-ol supported version 5. This might cause errors.
[2024-08-13T15:55:24.025+0000] {log.py:232} WARNING - [[34m2024-08-13T15:55:24.024+0000[0m] {[34mlocal.py:[0m349} INFO[0m - [35m(astronomer-cosmos)[0m - Inlets: [][0m
[2024-08-13T15:55:24.028+0000] {log.py:232} WARNING - [[34m2024-08-13T15:55:24.024+0000[0m] {[34mlocal.py:[0m349} INFO[0m - [35m(astronomer-cosmos)[0m - Inlets: [][0m
[2024-08-13T15:55:24.024+0000] {local.py:349} INFO - Inlets: []
[2024-08-13T15:55:24.030+0000] {log.py:232} WARNING - [[34m2024-08-13T15:55:24.029+0000[0m] {[34mlocal.py:[0m350} INFO[0m - [35m(astronomer-cosmos)[0m - Outlets: [][0m
[2024-08-13T15:55:24.031+0000] {log.py:232} WARNING - [[34m2024-08-13T15:55:24.029+0000[0m] {[34mlocal.py:[0m350} INFO[0m - [35m(astronomer-cosmos)[0m - Outlets: [][0m
[2024-08-13T15:55:24.029+0000] {local.py:350} INFO - Outlets: []
[2024-08-13T15:55:24.033+0000] {dag.py:3096} INFO - Sync 1 DAGs
[2024-08-13T15:55:24.060+0000] {dag.py:3954} INFO - Setting next_dagrun for Weather_Data_Extraction to None, run_after=None
[2024-08-13T15:55:24.105+0000] {taskinstance.py:441} INFO - ::group::Post task execution logs
[2024-08-13T15:55:24.131+0000] {taskinstance.py:1206} INFO - Marking task as SUCCESS. dag_id=Weather_Data_Extraction, task_id=weather_data_daily_models.stg_wind_speed_run, run_id=manual__2024-08-13T15:52:30.060035+00:00, execution_date=20240813T155230, start_date=20240813T155509, end_date=20240813T155524
[2024-08-13T15:55:24.195+0000] {local_task_job_runner.py:240} INFO - Task exited with return code 0
[2024-08-13T15:55:24.260+0000] {taskinstance.py:3503} INFO - 0 downstream tasks scheduled from follow-on schedule check
[2024-08-13T15:55:24.268+0000] {local_task_job_runner.py:222} INFO - ::endgroup::
