[2024-08-14T07:26:35.161+0000] {local_task_job_runner.py:120} INFO - ::group::Pre task execution logs
[2024-08-14T07:26:35.179+0000] {taskinstance.py:2076} INFO - Dependencies all met for dep_context=non-requeueable deps ti=<TaskInstance: Weather_Data_Extraction.check_inserted backfill__2024-08-10T00:00:00+00:00 [queued]>
[2024-08-14T07:26:35.189+0000] {taskinstance.py:2076} INFO - Dependencies all met for dep_context=requeueable deps ti=<TaskInstance: Weather_Data_Extraction.check_inserted backfill__2024-08-10T00:00:00+00:00 [queued]>
[2024-08-14T07:26:35.196+0000] {taskinstance.py:2306} INFO - Starting attempt 1 of 1
[2024-08-14T07:26:35.379+0000] {taskinstance.py:2330} INFO - Executing <Task(BranchPythonOperator): check_inserted> on 2024-08-10 00:00:00+00:00
[2024-08-14T07:26:35.386+0000] {warnings.py:112} WARNING - /home/***/.local/lib/python3.12/site-packages/***/task/task_runner/standard_task_runner.py:61: DeprecationWarning: This process (pid=6076) is multi-threaded, use of fork() may lead to deadlocks in the child.
  pid = os.fork()

[2024-08-14T07:26:35.388+0000] {standard_task_runner.py:63} INFO - Started process 6078 to run task
[2024-08-14T07:26:35.388+0000] {standard_task_runner.py:90} INFO - Running: ['***', 'tasks', 'run', 'Weather_Data_Extraction', 'check_inserted', 'backfill__2024-08-10T00:00:00+00:00', '--job-id', '1071', '--pool', 'default_pool', '--raw', '--subdir', 'DAGS_FOLDER/Data_Weather_Extraction.py', '--cfg-path', '/tmp/tmpeskr2qr7']
[2024-08-14T07:26:35.391+0000] {standard_task_runner.py:91} INFO - Job 1071: Subtask check_inserted
[2024-08-14T07:26:35.450+0000] {task_command.py:426} INFO - Running <TaskInstance: Weather_Data_Extraction.check_inserted backfill__2024-08-10T00:00:00+00:00 [running]> on host ubuntu
[2024-08-14T07:26:35.566+0000] {taskinstance.py:2648} INFO - Exporting env vars: AIRFLOW_CTX_DAG_OWNER='Ducky' AIRFLOW_CTX_DAG_ID='Weather_Data_Extraction' AIRFLOW_CTX_TASK_ID='check_inserted' AIRFLOW_CTX_EXECUTION_DATE='2024-08-10T00:00:00+00:00' AIRFLOW_CTX_TRY_NUMBER='1' AIRFLOW_CTX_DAG_RUN_ID='backfill__2024-08-10T00:00:00+00:00'
[2024-08-14T07:26:35.568+0000] {taskinstance.py:430} INFO - ::endgroup::
[2024-08-14T07:26:35.581+0000] {baseoperator.py:400} WARNING - BranchPythonOperator.execute cannot be called outside TaskInstance!
[2024-08-14T07:26:35.582+0000] {logging_mixin.py:188} INFO - 2024-08-10
[2024-08-14T07:26:35.583+0000] {logging_mixin.py:188} INFO - <class 'pendulum.date.Date'>
[2024-08-14T07:26:35.598+0000] {base.py:84} INFO - Using connection ID 'snowflake_conn_raw' for task execution.
[2024-08-14T07:26:35.599+0000] {connection.py:399} INFO - Snowflake Connector for Python Version: 3.10.1, Python Version: 3.12.4, Platform: Linux-5.15.153.1-microsoft-standard-WSL2-x86_64-with-glibc2.36
[2024-08-14T07:26:35.601+0000] {connection.py:1239} INFO - This connection is in OCSP Fail Open Mode. TLS Certificates would be checked for validity and revocation status. Any other Certificate Revocation related exceptions or OCSP Responder failures would be disregarded in favor of connectivity.
[2024-08-14T07:26:36.861+0000] {logging_mixin.py:188} INFO - Connected Successfully!
[2024-08-14T07:26:36.862+0000] {logging_mixin.py:188} INFO - 
        SELECT MAX(INPUT_DATE) FROM RAW_WEATHER_DATA;
    
[2024-08-14T07:26:37.011+0000] {cursor.py:1149} INFO - Number of results in first chunk: 1
[2024-08-14T07:26:37.013+0000] {logging_mixin.py:188} INFO - 2024-02-08
[2024-08-14T07:26:37.015+0000] {logging_mixin.py:188} INFO - <class 'pendulum.date.Date'>
[2024-08-14T07:26:37.016+0000] {connection.py:762} INFO - closed
[2024-08-14T07:26:37.111+0000] {connection.py:768} INFO - No async queries seem to be running, deleting session
[2024-08-14T07:26:37.229+0000] {logging_mixin.py:188} INFO - invoke_lambda_task task will execute
[2024-08-14T07:26:37.232+0000] {python.py:237} INFO - Done. Returned value was: invoke_lambda_task
[2024-08-14T07:26:37.233+0000] {branch.py:36} INFO - Branch into invoke_lambda_task
[2024-08-14T07:26:37.234+0000] {skipmixin.py:178} INFO - Following branch invoke_lambda_task
[2024-08-14T07:26:37.272+0000] {skipmixin.py:246} INFO - Skipping tasks [('no_new_data', -1)]
[2024-08-14T07:26:37.333+0000] {taskinstance.py:441} INFO - ::group::Post task execution logs
[2024-08-14T07:26:37.379+0000] {taskinstance.py:1206} INFO - Marking task as SUCCESS. dag_id=Weather_Data_Extraction, task_id=check_inserted, run_id=backfill__2024-08-10T00:00:00+00:00, execution_date=20240810T000000, start_date=20240814T072635, end_date=20240814T072637
[2024-08-14T07:26:37.454+0000] {local_task_job_runner.py:240} INFO - Task exited with return code 0
[2024-08-14T07:26:37.498+0000] {taskinstance.py:3503} INFO - 1 downstream tasks scheduled from follow-on schedule check
[2024-08-14T07:26:37.503+0000] {local_task_job_runner.py:222} INFO - ::endgroup::
