[2024-08-16T10:11:55.044+0000] {local_task_job_runner.py:120} INFO - ::group::Pre task execution logs
[2024-08-16T10:11:55.064+0000] {taskinstance.py:2076} INFO - Dependencies all met for dep_context=non-requeueable deps ti=<TaskInstance: Prediction_Model.weather_data_daily_models.stg_avg_convert_field_run manual__2024-08-16T10:11:47.973046+00:00 [queued]>
[2024-08-16T10:11:55.074+0000] {taskinstance.py:2076} INFO - Dependencies all met for dep_context=requeueable deps ti=<TaskInstance: Prediction_Model.weather_data_daily_models.stg_avg_convert_field_run manual__2024-08-16T10:11:47.973046+00:00 [queued]>
[2024-08-16T10:11:55.075+0000] {taskinstance.py:2306} INFO - Starting attempt 1 of 3
[2024-08-16T10:11:55.092+0000] {taskinstance.py:2330} INFO - Executing <Task(DbtRunLocalOperator): weather_data_daily_models.stg_avg_convert_field_run> on 2024-08-16 10:11:47.973046+00:00
[2024-08-16T10:11:55.104+0000] {warnings.py:112} WARNING - /home/***/.local/lib/python3.12/site-packages/***/task/task_runner/standard_task_runner.py:61: DeprecationWarning: This process (pid=2426) is multi-threaded, use of fork() may lead to deadlocks in the child.
  pid = os.fork()

[2024-08-16T10:11:55.106+0000] {standard_task_runner.py:63} INFO - Started process 2430 to run task
[2024-08-16T10:11:55.105+0000] {standard_task_runner.py:90} INFO - Running: ['***', 'tasks', 'run', 'Prediction_Model', 'weather_data_daily_models.stg_avg_convert_field_run', 'manual__2024-08-16T10:11:47.973046+00:00', '--job-id', '1278', '--raw', '--subdir', 'DAGS_FOLDER/Prediction_Model.py', '--cfg-path', '/tmp/tmpyrmec0c1']
[2024-08-16T10:11:55.114+0000] {standard_task_runner.py:91} INFO - Job 1278: Subtask weather_data_daily_models.stg_avg_convert_field_run
[2024-08-16T10:11:55.261+0000] {task_command.py:426} INFO - Running <TaskInstance: Prediction_Model.weather_data_daily_models.stg_avg_convert_field_run manual__2024-08-16T10:11:47.973046+00:00 [running]> on host ubuntu
[2024-08-16T10:11:55.433+0000] {taskinstance.py:2648} INFO - Exporting env vars: AIRFLOW_CTX_DAG_OWNER='Ducky' AIRFLOW_CTX_DAG_ID='Prediction_Model' AIRFLOW_CTX_TASK_ID='weather_data_daily_models.stg_avg_convert_field_run' AIRFLOW_CTX_EXECUTION_DATE='2024-08-16T10:11:47.973046+00:00' AIRFLOW_CTX_TRY_NUMBER='1' AIRFLOW_CTX_DAG_RUN_ID='manual__2024-08-16T10:11:47.973046+00:00'
[2024-08-16T10:11:55.435+0000] {taskinstance.py:430} INFO - ::endgroup::
[2024-08-16T10:11:55.458+0000] {log.py:232} WARNING - [[34m2024-08-16T10:11:55.458+0000[0m] {[34mgraph.py:[0m377} INFO[0m - [35m(astronomer-cosmos)[0m - Trying to parse the dbt project using dbt ls cache cosmos_cache__dbt_dag_filterd__customers_group...[0m
[2024-08-16T10:11:55.459+0000] {log.py:232} WARNING - [[34m2024-08-16T10:11:55.458+0000[0m] {[34mgraph.py:[0m377} INFO[0m - [35m(astronomer-cosmos)[0m - Trying to parse the dbt project using dbt ls cache cosmos_cache__dbt_dag_filterd__customers_group...[0m
[2024-08-16T10:11:55.458+0000] {graph.py:377} INFO - Trying to parse the dbt project using dbt ls cache cosmos_cache__dbt_dag_filterd__customers_group...
[2024-08-16T10:11:55.675+0000] {log.py:232} WARNING - [[34m2024-08-16T10:11:55.675+0000[0m] {[34mcache.py:[0m262} INFO[0m - [35m(astronomer-cosmos)[0m - Cosmos performance: time to calculate cache identifier cosmos_cache__dbt_dag_filterd__customers_group for current version: 0.20744765200015536[0m
[2024-08-16T10:11:55.676+0000] {log.py:232} WARNING - [[34m2024-08-16T10:11:55.675+0000[0m] {[34mcache.py:[0m262} INFO[0m - [35m(astronomer-cosmos)[0m - Cosmos performance: time to calculate cache identifier cosmos_cache__dbt_dag_filterd__customers_group for current version: 0.20744765200015536[0m
[2024-08-16T10:11:55.675+0000] {cache.py:262} INFO - Cosmos performance: time to calculate cache identifier cosmos_cache__dbt_dag_filterd__customers_group for current version: 0.20744765200015536
[2024-08-16T10:11:55.677+0000] {log.py:232} WARNING - [[34m2024-08-16T10:11:55.676+0000[0m] {[34mgraph.py:[0m394} INFO[0m - [35m(astronomer-cosmos)[0m - Cosmos performance [ubuntu|2430]: The cache size for cosmos_cache__dbt_dag_filterd__customers_group is 2948[0m
[2024-08-16T10:11:55.677+0000] {log.py:232} WARNING - [[34m2024-08-16T10:11:55.676+0000[0m] {[34mgraph.py:[0m394} INFO[0m - [35m(astronomer-cosmos)[0m - Cosmos performance [ubuntu|2430]: The cache size for cosmos_cache__dbt_dag_filterd__customers_group is 2948[0m
[2024-08-16T10:11:55.676+0000] {graph.py:394} INFO - Cosmos performance [ubuntu|2430]: The cache size for cosmos_cache__dbt_dag_filterd__customers_group is 2948
[2024-08-16T10:11:55.678+0000] {log.py:232} WARNING - [[34m2024-08-16T10:11:55.678+0000[0m] {[34mgraph.py:[0m402} INFO[0m - [35m(astronomer-cosmos)[0m - Cosmos performance: Cache hit for cosmos_cache__dbt_dag_filterd__customers_group - d3655c99e4b770027e65648437a3d068,5f7d44698c4b67134aff532494870c9c[0m
[2024-08-16T10:11:55.679+0000] {log.py:232} WARNING - [[34m2024-08-16T10:11:55.678+0000[0m] {[34mgraph.py:[0m402} INFO[0m - [35m(astronomer-cosmos)[0m - Cosmos performance: Cache hit for cosmos_cache__dbt_dag_filterd__customers_group - d3655c99e4b770027e65648437a3d068,5f7d44698c4b67134aff532494870c9c[0m
[2024-08-16T10:11:55.678+0000] {graph.py:402} INFO - Cosmos performance: Cache hit for cosmos_cache__dbt_dag_filterd__customers_group - d3655c99e4b770027e65648437a3d068,5f7d44698c4b67134aff532494870c9c
[2024-08-16T10:11:55.680+0000] {log.py:232} WARNING - [[34m2024-08-16T10:11:55.679+0000[0m] {[34mgraph.py:[0m335} INFO[0m - [35m(astronomer-cosmos)[0m - Total nodes: 3[0m
[2024-08-16T10:11:55.680+0000] {log.py:232} WARNING - [[34m2024-08-16T10:11:55.679+0000[0m] {[34mgraph.py:[0m335} INFO[0m - [35m(astronomer-cosmos)[0m - Total nodes: 3[0m
[2024-08-16T10:11:55.679+0000] {graph.py:335} INFO - Total nodes: 3
[2024-08-16T10:11:55.681+0000] {log.py:232} WARNING - [[34m2024-08-16T10:11:55.680+0000[0m] {[34mgraph.py:[0m336} INFO[0m - [35m(astronomer-cosmos)[0m - Total filtered nodes: 3[0m
[2024-08-16T10:11:55.681+0000] {log.py:232} WARNING - [[34m2024-08-16T10:11:55.680+0000[0m] {[34mgraph.py:[0m336} INFO[0m - [35m(astronomer-cosmos)[0m - Total filtered nodes: 3[0m
[2024-08-16T10:11:55.680+0000] {graph.py:336} INFO - Total filtered nodes: 3
[2024-08-16T10:11:55.682+0000] {log.py:232} WARNING - [[34m2024-08-16T10:11:55.682+0000[0m] {[34mconverter.py:[0m251} INFO[0m - [35m(astronomer-cosmos)[0m - Cosmos performance (dbt_dag_filterd__customers_group) -  [ubuntu|2430]: It took 0.224s to parse the dbt project for DAG using LoadMode.DBT_LS_CACHE[0m
[2024-08-16T10:11:55.682+0000] {log.py:232} WARNING - [[34m2024-08-16T10:11:55.682+0000[0m] {[34mconverter.py:[0m251} INFO[0m - [35m(astronomer-cosmos)[0m - Cosmos performance (dbt_dag_filterd__customers_group) -  [ubuntu|2430]: It took 0.224s to parse the dbt project for DAG using LoadMode.DBT_LS_CACHE[0m
[2024-08-16T10:11:55.682+0000] {converter.py:251} INFO - Cosmos performance (dbt_dag_filterd__customers_group) -  [ubuntu|2430]: It took 0.224s to parse the dbt project for DAG using LoadMode.DBT_LS_CACHE
[2024-08-16T10:11:55.686+0000] {log.py:232} WARNING - [[34m2024-08-16T10:11:55.686+0000[0m] {[34mproject.py:[0m35} INFO[0m - [35m(astronomer-cosmos)[0m - Project /opt/***/dags/Data_Marketplace does not have {'dependencies.yml', 'packages.yml'}[0m
[2024-08-16T10:11:55.686+0000] {log.py:232} WARNING - [[34m2024-08-16T10:11:55.686+0000[0m] {[34mproject.py:[0m35} INFO[0m - [35m(astronomer-cosmos)[0m - Project /opt/***/dags/Data_Marketplace does not have {'dependencies.yml', 'packages.yml'}[0m
[2024-08-16T10:11:55.686+0000] {project.py:35} INFO - Project /opt/***/dags/Data_Marketplace does not have {'dependencies.yml', 'packages.yml'}
[2024-08-16T10:11:55.689+0000] {log.py:232} WARNING - [[34m2024-08-16T10:11:55.689+0000[0m] {[34mproject.py:[0m35} INFO[0m - [35m(astronomer-cosmos)[0m - Project /opt/***/dags/Data_Marketplace does not have {'dependencies.yml', 'packages.yml'}[0m
[2024-08-16T10:11:55.689+0000] {log.py:232} WARNING - [[34m2024-08-16T10:11:55.689+0000[0m] {[34mproject.py:[0m35} INFO[0m - [35m(astronomer-cosmos)[0m - Project /opt/***/dags/Data_Marketplace does not have {'dependencies.yml', 'packages.yml'}[0m
[2024-08-16T10:11:55.689+0000] {project.py:35} INFO - Project /opt/***/dags/Data_Marketplace does not have {'dependencies.yml', 'packages.yml'}
[2024-08-16T10:11:55.691+0000] {log.py:232} WARNING - [[34m2024-08-16T10:11:55.691+0000[0m] {[34mproject.py:[0m35} INFO[0m - [35m(astronomer-cosmos)[0m - Project /opt/***/dags/Data_Marketplace does not have {'dependencies.yml', 'packages.yml'}[0m
[2024-08-16T10:11:55.692+0000] {log.py:232} WARNING - [[34m2024-08-16T10:11:55.691+0000[0m] {[34mproject.py:[0m35} INFO[0m - [35m(astronomer-cosmos)[0m - Project /opt/***/dags/Data_Marketplace does not have {'dependencies.yml', 'packages.yml'}[0m
[2024-08-16T10:11:55.691+0000] {project.py:35} INFO - Project /opt/***/dags/Data_Marketplace does not have {'dependencies.yml', 'packages.yml'}
[2024-08-16T10:11:55.693+0000] {log.py:232} WARNING - [[34m2024-08-16T10:11:55.693+0000[0m] {[34mconverter.py:[0m293} INFO[0m - [35m(astronomer-cosmos)[0m - Cosmos performance (dbt_dag_filterd__customers_group) - [ubuntu|2430]: It took 0.011s to build the Airflow DAG.[0m
[2024-08-16T10:11:55.693+0000] {log.py:232} WARNING - [[34m2024-08-16T10:11:55.693+0000[0m] {[34mconverter.py:[0m293} INFO[0m - [35m(astronomer-cosmos)[0m - Cosmos performance (dbt_dag_filterd__customers_group) - [ubuntu|2430]: It took 0.011s to build the Airflow DAG.[0m
[2024-08-16T10:11:55.693+0000] {converter.py:293} INFO - Cosmos performance (dbt_dag_filterd__customers_group) - [ubuntu|2430]: It took 0.011s to build the Airflow DAG.
[2024-08-16T10:11:55.694+0000] {log.py:232} WARNING - [[34m2024-08-16T10:11:55.694+0000[0m] {[34mlocal.py:[0m174} INFO[0m - [35m(astronomer-cosmos)[0m - Could not import dbtRunner. Falling back to subprocess for invoking dbt.[0m
[2024-08-16T10:11:55.695+0000] {log.py:232} WARNING - [[34m2024-08-16T10:11:55.694+0000[0m] {[34mlocal.py:[0m174} INFO[0m - [35m(astronomer-cosmos)[0m - Could not import dbtRunner. Falling back to subprocess for invoking dbt.[0m
[2024-08-16T10:11:55.694+0000] {local.py:174} INFO - Could not import dbtRunner. Falling back to subprocess for invoking dbt.
[2024-08-16T10:11:55.699+0000] {log.py:232} WARNING - [[34m2024-08-16T10:11:55.699+0000[0m] {[34mlocal.py:[0m292} INFO[0m - [35m(astronomer-cosmos)[0m - Cloning project to writable temp directory /tmp/tmpvv9kl_ly from /opt/***/dags/Data_Marketplace[0m
[2024-08-16T10:11:55.700+0000] {log.py:232} WARNING - [[34m2024-08-16T10:11:55.699+0000[0m] {[34mlocal.py:[0m292} INFO[0m - [35m(astronomer-cosmos)[0m - Cloning project to writable temp directory /tmp/tmpvv9kl_ly from /opt/***/dags/Data_Marketplace[0m
[2024-08-16T10:11:55.699+0000] {local.py:292} INFO - Cloning project to writable temp directory /tmp/tmpvv9kl_ly from /opt/airflow/dags/Data_Marketplace
[2024-08-16T10:11:55.707+0000] {log.py:232} WARNING - [[34m2024-08-16T10:11:55.706+0000[0m] {[34mlocal.py:[0m303} INFO[0m - [35m(astronomer-cosmos)[0m - Partial parse is enabled and the latest partial parse file is /tmp/cosmos/Prediction_Model__weather_data_daily_models/target/partial_parse.msgpack[0m
[2024-08-16T10:11:55.708+0000] {log.py:232} WARNING - [[34m2024-08-16T10:11:55.706+0000[0m] {[34mlocal.py:[0m303} INFO[0m - [35m(astronomer-cosmos)[0m - Partial parse is enabled and the latest partial parse file is /tmp/cosmos/Prediction_Model__weather_data_daily_models/target/partial_parse.msgpack[0m
[2024-08-16T10:11:55.706+0000] {local.py:303} INFO - Partial parse is enabled and the latest partial parse file is /tmp/cosmos/Prediction_Model__weather_data_daily_models/target/partial_parse.msgpack
[2024-08-16T10:11:55.720+0000] {log.py:232} WARNING - [[34m2024-08-16T10:11:55.720+0000[0m] {[34mconfig.py:[0m292} INFO[0m - [35m(astronomer-cosmos)[0m - Profile caching is enable.[0m
[2024-08-16T10:11:55.721+0000] {log.py:232} WARNING - [[34m2024-08-16T10:11:55.720+0000[0m] {[34mconfig.py:[0m292} INFO[0m - [35m(astronomer-cosmos)[0m - Profile caching is enable.[0m
[2024-08-16T10:11:55.720+0000] {config.py:292} INFO - Profile caching is enable.
[2024-08-16T10:11:55.739+0000] {base.py:84} INFO - Using connection ID 'snowflake_conn' for task execution.
[2024-08-16T10:11:55.749+0000] {log.py:232} WARNING - [[34m2024-08-16T10:11:55.749+0000[0m] {[34mconfig.py:[0m272} INFO[0m - [35m(astronomer-cosmos)[0m - Profile found in cache using profile: /tmp/cosmos/profile/ec71862f850e9b0839075fe0561d5062ab3dd99ef2a3dac2fe4fc1486f2849d0/profiles.yml.[0m
[2024-08-16T10:11:55.750+0000] {log.py:232} WARNING - [[34m2024-08-16T10:11:55.749+0000[0m] {[34mconfig.py:[0m272} INFO[0m - [35m(astronomer-cosmos)[0m - Profile found in cache using profile: /tmp/cosmos/profile/ec71862f850e9b0839075fe0561d5062ab3dd99ef2a3dac2fe4fc1486f2849d0/profiles.yml.[0m
[2024-08-16T10:11:55.749+0000] {config.py:272} INFO - Profile found in cache using profile: /tmp/cosmos/profile/ec71862f850e9b0839075fe0561d5062ab3dd99ef2a3dac2fe4fc1486f2849d0/profiles.yml.
[2024-08-16T10:11:55.755+0000] {log.py:232} WARNING - [[34m2024-08-16T10:11:55.754+0000[0m] {[34mlocal.py:[0m247} INFO[0m - [35m(astronomer-cosmos)[0m - Trying to run the command:
 ['/opt/***/dbt_venv/bin/dbt', 'run', '--models', 'stg_avg_convert_field', '--project-dir', '/tmp/tmpvv9kl_ly', '--profiles-dir', '/tmp/cosmos/profile/ec71862f850e9b0839075fe0561d5062ab3dd99ef2a3dac2fe4fc1486f2849d0', '--profile', 'Data_Marketplace', '--target', 'dev']
From /tmp/tmpvv9kl_ly[0m
[2024-08-16T10:11:55.756+0000] {log.py:232} WARNING - [[34m2024-08-16T10:11:55.754+0000[0m] {[34mlocal.py:[0m247} INFO[0m - [35m(astronomer-cosmos)[0m - Trying to run the command:
 ['/opt/***/dbt_venv/bin/dbt', 'run', '--models', 'stg_avg_convert_field', '--project-dir', '/tmp/tmpvv9kl_ly', '--profiles-dir', '/tmp/cosmos/profile/ec71862f850e9b0839075fe0561d5062ab3dd99ef2a3dac2fe4fc1486f2849d0', '--profile', 'Data_Marketplace', '--target', 'dev']
From /tmp/tmpvv9kl_ly[0m
[2024-08-16T10:11:55.754+0000] {local.py:247} INFO - Trying to run the command:
 ['/opt/***/dbt_venv/bin/dbt', 'run', '--models', 'stg_avg_convert_field', '--project-dir', '/tmp/tmpvv9kl_ly', '--profiles-dir', '/tmp/cosmos/profile/ec71862f850e9b0839075fe0561d5062ab3dd99ef2a3dac2fe4fc1486f2849d0', '--profile', 'Data_Marketplace', '--target', 'dev']
From /tmp/tmpvv9kl_ly
[2024-08-16T10:11:55.759+0000] {log.py:232} WARNING - [[34m2024-08-16T10:11:55.759+0000[0m] {[34msubprocess.py:[0m60} INFO[0m - [35m(astronomer-cosmos)[0m - Tmp dir root location: 
 /tmp[0m
[2024-08-16T10:11:55.760+0000] {log.py:232} WARNING - [[34m2024-08-16T10:11:55.759+0000[0m] {[34msubprocess.py:[0m60} INFO[0m - [35m(astronomer-cosmos)[0m - Tmp dir root location: 
 /tmp[0m
[2024-08-16T10:11:55.759+0000] {subprocess.py:60} INFO - Tmp dir root location: 
 /tmp
[2024-08-16T10:11:55.762+0000] {log.py:232} WARNING - [[34m2024-08-16T10:11:55.762+0000[0m] {[34msubprocess.py:[0m73} INFO[0m - [35m(astronomer-cosmos)[0m - Running command: ['/opt/***/dbt_venv/bin/dbt', 'run', '--models', 'stg_avg_convert_field', '--project-dir', '/tmp/tmpvv9kl_ly', '--profiles-dir', '/tmp/cosmos/profile/ec71862f850e9b0839075fe0561d5062ab3dd99ef2a3dac2fe4fc1486f2849d0', '--profile', 'Data_Marketplace', '--target', 'dev'][0m
[2024-08-16T10:11:55.763+0000] {log.py:232} WARNING - [[34m2024-08-16T10:11:55.762+0000[0m] {[34msubprocess.py:[0m73} INFO[0m - [35m(astronomer-cosmos)[0m - Running command: ['/opt/***/dbt_venv/bin/dbt', 'run', '--models', 'stg_avg_convert_field', '--project-dir', '/tmp/tmpvv9kl_ly', '--profiles-dir', '/tmp/cosmos/profile/ec71862f850e9b0839075fe0561d5062ab3dd99ef2a3dac2fe4fc1486f2849d0', '--profile', 'Data_Marketplace', '--target', 'dev'][0m
[2024-08-16T10:11:55.762+0000] {subprocess.py:73} INFO - Running command: ['/opt/***/dbt_venv/bin/dbt', 'run', '--models', 'stg_avg_convert_field', '--project-dir', '/tmp/tmpvv9kl_ly', '--profiles-dir', '/tmp/cosmos/profile/ec71862f850e9b0839075fe0561d5062ab3dd99ef2a3dac2fe4fc1486f2849d0', '--profile', 'Data_Marketplace', '--target', 'dev']
[2024-08-16T10:11:55.786+0000] {log.py:232} WARNING - [[34m2024-08-16T10:11:55.785+0000[0m] {[34msubprocess.py:[0m84} INFO[0m - [35m(astronomer-cosmos)[0m - Command output:[0m
[2024-08-16T10:11:55.788+0000] {log.py:232} WARNING - [[34m2024-08-16T10:11:55.785+0000[0m] {[34msubprocess.py:[0m84} INFO[0m - [35m(astronomer-cosmos)[0m - Command output:[0m
[2024-08-16T10:11:55.785+0000] {subprocess.py:84} INFO - Command output:
[2024-08-16T10:11:58.744+0000] {log.py:232} WARNING - [[34m2024-08-16T10:11:58.743+0000[0m] {[34msubprocess.py:[0m94} INFO[0m - [35m(astronomer-cosmos)[0m - [0m10:11:58  Running with dbt=1.8.5[0m
[2024-08-16T10:11:58.744+0000] {log.py:232} WARNING - [[34m2024-08-16T10:11:58.743+0000[0m] {[34msubprocess.py:[0m94} INFO[0m - [35m(astronomer-cosmos)[0m - [0m10:11:58  Running with dbt=1.8.5[0m
[2024-08-16T10:11:58.743+0000] {subprocess.py:94} INFO - [0m10:11:58  Running with dbt=1.8.5
[2024-08-16T10:11:59.488+0000] {log.py:232} WARNING - [[34m2024-08-16T10:11:59.487+0000[0m] {[34msubprocess.py:[0m94} INFO[0m - [35m(astronomer-cosmos)[0m - [0m10:11:59  Registered adapter: snowflake=1.8.3[0m
[2024-08-16T10:11:59.489+0000] {log.py:232} WARNING - [[34m2024-08-16T10:11:59.487+0000[0m] {[34msubprocess.py:[0m94} INFO[0m - [35m(astronomer-cosmos)[0m - [0m10:11:59  Registered adapter: snowflake=1.8.3[0m
[2024-08-16T10:11:59.487+0000] {subprocess.py:94} INFO - [0m10:11:59  Registered adapter: snowflake=1.8.3
[2024-08-16T10:12:00.252+0000] {log.py:232} WARNING - [[34m2024-08-16T10:12:00.252+0000[0m] {[34msubprocess.py:[0m94} INFO[0m - [35m(astronomer-cosmos)[0m - [0m10:12:00  Found 9 models, 2 snapshots, 3 seeds, 2 data tests, 3 sources, 448 macros[0m
[2024-08-16T10:12:00.253+0000] {log.py:232} WARNING - [[34m2024-08-16T10:12:00.252+0000[0m] {[34msubprocess.py:[0m94} INFO[0m - [35m(astronomer-cosmos)[0m - [0m10:12:00  Found 9 models, 2 snapshots, 3 seeds, 2 data tests, 3 sources, 448 macros[0m
[2024-08-16T10:12:00.252+0000] {subprocess.py:94} INFO - [0m10:12:00  Found 9 models, 2 snapshots, 3 seeds, 2 data tests, 3 sources, 448 macros
[2024-08-16T10:12:00.255+0000] {log.py:232} WARNING - [[34m2024-08-16T10:12:00.255+0000[0m] {[34msubprocess.py:[0m94} INFO[0m - [35m(astronomer-cosmos)[0m - [0m10:12:00[0m
[2024-08-16T10:12:00.256+0000] {log.py:232} WARNING - [[34m2024-08-16T10:12:00.255+0000[0m] {[34msubprocess.py:[0m94} INFO[0m - [35m(astronomer-cosmos)[0m - [0m10:12:00[0m
[2024-08-16T10:12:00.255+0000] {subprocess.py:94} INFO - [0m10:12:00
[2024-08-16T10:12:01.782+0000] {log.py:232} WARNING - [[34m2024-08-16T10:12:01.781+0000[0m] {[34msubprocess.py:[0m94} INFO[0m - [35m(astronomer-cosmos)[0m - [0m10:12:01  Concurrency: 1 threads (target='dev')[0m
[2024-08-16T10:12:01.783+0000] {log.py:232} WARNING - [[34m2024-08-16T10:12:01.781+0000[0m] {[34msubprocess.py:[0m94} INFO[0m - [35m(astronomer-cosmos)[0m - [0m10:12:01  Concurrency: 1 threads (target='dev')[0m
[2024-08-16T10:12:01.781+0000] {subprocess.py:94} INFO - [0m10:12:01  Concurrency: 1 threads (target='dev')
[2024-08-16T10:12:01.784+0000] {log.py:232} WARNING - [[34m2024-08-16T10:12:01.784+0000[0m] {[34msubprocess.py:[0m94} INFO[0m - [35m(astronomer-cosmos)[0m - [0m10:12:01[0m
[2024-08-16T10:12:01.785+0000] {log.py:232} WARNING - [[34m2024-08-16T10:12:01.784+0000[0m] {[34msubprocess.py:[0m94} INFO[0m - [35m(astronomer-cosmos)[0m - [0m10:12:01[0m
[2024-08-16T10:12:01.784+0000] {subprocess.py:94} INFO - [0m10:12:01
[2024-08-16T10:12:01.826+0000] {log.py:232} WARNING - [[34m2024-08-16T10:12:01.825+0000[0m] {[34msubprocess.py:[0m94} INFO[0m - [35m(astronomer-cosmos)[0m - [0m10:12:01[0m
[2024-08-16T10:12:01.828+0000] {log.py:232} WARNING - [[34m2024-08-16T10:12:01.825+0000[0m] {[34msubprocess.py:[0m94} INFO[0m - [35m(astronomer-cosmos)[0m - [0m10:12:01[0m
[2024-08-16T10:12:01.825+0000] {subprocess.py:94} INFO - [0m10:12:01
[2024-08-16T10:12:01.830+0000] {log.py:232} WARNING - [[34m2024-08-16T10:12:01.830+0000[0m] {[34msubprocess.py:[0m94} INFO[0m - [35m(astronomer-cosmos)[0m - [0m10:12:01  Finished running  in 0 hours 0 minutes and 1.57 seconds (1.57s).[0m
[2024-08-16T10:12:01.831+0000] {log.py:232} WARNING - [[34m2024-08-16T10:12:01.830+0000[0m] {[34msubprocess.py:[0m94} INFO[0m - [35m(astronomer-cosmos)[0m - [0m10:12:01  Finished running  in 0 hours 0 minutes and 1.57 seconds (1.57s).[0m
[2024-08-16T10:12:01.830+0000] {subprocess.py:94} INFO - [0m10:12:01  Finished running  in 0 hours 0 minutes and 1.57 seconds (1.57s).
[2024-08-16T10:12:03.580+0000] {log.py:232} WARNING - [[34m2024-08-16T10:12:03.580+0000[0m] {[34msubprocess.py:[0m98} INFO[0m - [35m(astronomer-cosmos)[0m - Command exited with return code 0[0m
[2024-08-16T10:12:03.581+0000] {log.py:232} WARNING - [[34m2024-08-16T10:12:03.580+0000[0m] {[34msubprocess.py:[0m98} INFO[0m - [35m(astronomer-cosmos)[0m - Command exited with return code 0[0m
[2024-08-16T10:12:03.580+0000] {subprocess.py:98} INFO - Command exited with return code 0
[2024-08-16T10:12:03.582+0000] {log.py:232} WARNING - [[34m2024-08-16T10:12:03.582+0000[0m] {[34mlocal.py:[0m254} INFO[0m - [35m(astronomer-cosmos)[0m - [0m10:12:01  Finished running  in 0 hours 0 minutes and 1.57 seconds (1.57s).[0m
[2024-08-16T10:12:03.583+0000] {log.py:232} WARNING - [[34m2024-08-16T10:12:03.582+0000[0m] {[34mlocal.py:[0m254} INFO[0m - [35m(astronomer-cosmos)[0m - [0m10:12:01  Finished running  in 0 hours 0 minutes and 1.57 seconds (1.57s).[0m
[2024-08-16T10:12:03.582+0000] {local.py:254} INFO - [0m10:12:01  Finished running  in 0 hours 0 minutes and 1.57 seconds (1.57s).
[2024-08-16T10:12:03.603+0000] {local.py:196} WARNING - Artifact schema version: https://schemas.getdbt.com/dbt/manifest/v12.json is above dbt-ol supported version 7. This might cause errors.
[2024-08-16T10:12:03.604+0000] {local.py:196} WARNING - Artifact schema version: https://schemas.getdbt.com/dbt/run-results/v6.json is above dbt-ol supported version 5. This might cause errors.
[2024-08-16T10:12:03.615+0000] {log.py:232} WARNING - [[34m2024-08-16T10:12:03.614+0000[0m] {[34mlocal.py:[0m349} INFO[0m - [35m(astronomer-cosmos)[0m - Inlets: [][0m
[2024-08-16T10:12:03.615+0000] {log.py:232} WARNING - [[34m2024-08-16T10:12:03.614+0000[0m] {[34mlocal.py:[0m349} INFO[0m - [35m(astronomer-cosmos)[0m - Inlets: [][0m
[2024-08-16T10:12:03.614+0000] {local.py:349} INFO - Inlets: []
[2024-08-16T10:12:03.618+0000] {log.py:232} WARNING - [[34m2024-08-16T10:12:03.617+0000[0m] {[34mlocal.py:[0m350} INFO[0m - [35m(astronomer-cosmos)[0m - Outlets: [][0m
[2024-08-16T10:12:03.619+0000] {log.py:232} WARNING - [[34m2024-08-16T10:12:03.617+0000[0m] {[34mlocal.py:[0m350} INFO[0m - [35m(astronomer-cosmos)[0m - Outlets: [][0m
[2024-08-16T10:12:03.617+0000] {local.py:350} INFO - Outlets: []
[2024-08-16T10:12:03.621+0000] {dag.py:3096} INFO - Sync 1 DAGs
[2024-08-16T10:12:03.669+0000] {dag.py:3954} INFO - Setting next_dagrun for Prediction_Model to None, run_after=None
[2024-08-16T10:12:03.713+0000] {taskinstance.py:441} INFO - ::group::Post task execution logs
[2024-08-16T10:12:03.729+0000] {taskinstance.py:1206} INFO - Marking task as SUCCESS. dag_id=Prediction_Model, task_id=weather_data_daily_models.stg_avg_convert_field_run, run_id=manual__2024-08-16T10:11:47.973046+00:00, execution_date=20240816T101147, start_date=20240816T101155, end_date=20240816T101203
[2024-08-16T10:12:03.791+0000] {local_task_job_runner.py:240} INFO - Task exited with return code 0
[2024-08-16T10:12:03.820+0000] {taskinstance.py:3503} INFO - 0 downstream tasks scheduled from follow-on schedule check
[2024-08-16T10:12:03.823+0000] {local_task_job_runner.py:222} INFO - ::endgroup::
