[2024-08-19T03:08:44.616+0000] {local_task_job_runner.py:120} INFO - ::group::Pre task execution logs
[2024-08-19T03:08:44.638+0000] {taskinstance.py:2076} INFO - Dependencies all met for dep_context=non-requeueable deps ti=<TaskInstance: Weather_Data_Extraction.generate_output_file scheduled__2024-08-18T00:00:00+00:00 [queued]>
[2024-08-19T03:08:44.660+0000] {taskinstance.py:2076} INFO - Dependencies all met for dep_context=requeueable deps ti=<TaskInstance: Weather_Data_Extraction.generate_output_file scheduled__2024-08-18T00:00:00+00:00 [queued]>
[2024-08-19T03:08:44.661+0000] {taskinstance.py:2306} INFO - Starting attempt 1 of 1
[2024-08-19T03:08:44.690+0000] {taskinstance.py:2330} INFO - Executing <Task(PythonOperator): generate_output_file> on 2024-08-18 00:00:00+00:00
[2024-08-19T03:08:44.701+0000] {warnings.py:112} WARNING - /home/***/.local/lib/python3.12/site-packages/***/task/task_runner/standard_task_runner.py:61: DeprecationWarning: This process (pid=48) is multi-threaded, use of fork() may lead to deadlocks in the child.
  pid = os.fork()

[2024-08-19T03:08:44.704+0000] {standard_task_runner.py:63} INFO - Started process 50 to run task
[2024-08-19T03:08:44.705+0000] {standard_task_runner.py:90} INFO - Running: ['***', 'tasks', 'run', 'Weather_Data_Extraction', 'generate_output_file', 'scheduled__2024-08-18T00:00:00+00:00', '--job-id', '1303', '--raw', '--subdir', 'DAGS_FOLDER/Data_Weather_Extraction.py', '--cfg-path', '/tmp/tmphv1kq5kn']
[2024-08-19T03:08:44.711+0000] {standard_task_runner.py:91} INFO - Job 1303: Subtask generate_output_file
[2024-08-19T03:08:44.766+0000] {task_command.py:426} INFO - Running <TaskInstance: Weather_Data_Extraction.generate_output_file scheduled__2024-08-18T00:00:00+00:00 [running]> on host ubuntu
[2024-08-19T03:08:44.860+0000] {taskinstance.py:2648} INFO - Exporting env vars: AIRFLOW_CTX_DAG_OWNER='Ducky' AIRFLOW_CTX_DAG_ID='Weather_Data_Extraction' AIRFLOW_CTX_TASK_ID='generate_output_file' AIRFLOW_CTX_EXECUTION_DATE='2024-08-18T00:00:00+00:00' AIRFLOW_CTX_TRY_NUMBER='1' AIRFLOW_CTX_DAG_RUN_ID='scheduled__2024-08-18T00:00:00+00:00'
[2024-08-19T03:08:44.862+0000] {taskinstance.py:430} INFO - ::endgroup::
[2024-08-19T03:08:44.931+0000] {logging_mixin.py:188} INFO - Generated output file: Data_Weather-20240818.csv
[2024-08-19T03:08:44.933+0000] {logging_mixin.py:188} INFO - Execution Date: 2024/08/18
[2024-08-19T03:08:44.991+0000] {python.py:237} INFO - Done. Returned value was: None
[2024-08-19T03:08:44.993+0000] {taskinstance.py:441} INFO - ::group::Post task execution logs
[2024-08-19T03:08:45.014+0000] {taskinstance.py:1206} INFO - Marking task as SUCCESS. dag_id=Weather_Data_Extraction, task_id=generate_output_file, run_id=scheduled__2024-08-18T00:00:00+00:00, execution_date=20240818T000000, start_date=20240819T030844, end_date=20240819T030845
[2024-08-19T03:08:45.081+0000] {local_task_job_runner.py:240} INFO - Task exited with return code 0
[2024-08-19T03:08:45.104+0000] {dagrun.py:940} ERROR - Failed to get task for ti <TaskInstance: Weather_Data_Extraction.invoke_lambda_task scheduled__2024-08-18T00:00:00+00:00 [None]>. Marking it as removed.
[2024-08-19T03:08:45.108+0000] {dagrun.py:940} ERROR - Failed to get task for ti <TaskInstance: Weather_Data_Extraction.check_s3_file scheduled__2024-08-18T00:00:00+00:00 [None]>. Marking it as removed.
[2024-08-19T03:08:45.110+0000] {dagrun.py:940} ERROR - Failed to get task for ti <TaskInstance: Weather_Data_Extraction.copy_csv_to_table scheduled__2024-08-18T00:00:00+00:00 [None]>. Marking it as removed.
[2024-08-19T03:08:45.112+0000] {dagrun.py:940} ERROR - Failed to get task for ti <TaskInstance: Weather_Data_Extraction.sleep_for_10_seconds scheduled__2024-08-18T00:00:00+00:00 [None]>. Marking it as removed.
[2024-08-19T03:08:45.114+0000] {dagrun.py:940} ERROR - Failed to get task for ti <TaskInstance: Weather_Data_Extraction.weather_data_models.fct_weather_data.run scheduled__2024-08-18T00:00:00+00:00 [None]>. Marking it as removed.
[2024-08-19T03:08:45.116+0000] {dagrun.py:940} ERROR - Failed to get task for ti <TaskInstance: Weather_Data_Extraction.weather_data_models.fct_weather_data.test scheduled__2024-08-18T00:00:00+00:00 [None]>. Marking it as removed.
[2024-08-19T03:08:45.118+0000] {dagrun.py:940} ERROR - Failed to get task for ti <TaskInstance: Weather_Data_Extraction.weather_data_models.stg_weather_data_run scheduled__2024-08-18T00:00:00+00:00 [None]>. Marking it as removed.
[2024-08-19T03:08:45.120+0000] {dagrun.py:940} ERROR - Failed to get task for ti <TaskInstance: Weather_Data_Extraction.Trigger_DAG_Prediction_Model scheduled__2024-08-18T00:00:00+00:00 [None]>. Marking it as removed.
[2024-08-19T03:08:45.130+0000] {taskinstance.py:3503} INFO - 1 downstream tasks scheduled from follow-on schedule check
[2024-08-19T03:08:45.133+0000] {local_task_job_runner.py:222} INFO - ::endgroup::
