[2024-08-13T16:08:21.782+0000] {local_task_job_runner.py:120} INFO - ::group::Pre task execution logs
[2024-08-13T16:08:21.845+0000] {taskinstance.py:2076} INFO - Dependencies all met for dep_context=non-requeueable deps ti=<TaskInstance: Weather_Data_Extraction.generate_output_file backfill__2024-01-18T00:00:00+00:00 [queued]>
[2024-08-13T16:08:22.285+0000] {taskinstance.py:2076} INFO - Dependencies all met for dep_context=requeueable deps ti=<TaskInstance: Weather_Data_Extraction.generate_output_file backfill__2024-01-18T00:00:00+00:00 [queued]>
[2024-08-13T16:08:22.287+0000] {taskinstance.py:2306} INFO - Starting attempt 1 of 1
[2024-08-13T16:08:22.373+0000] {taskinstance.py:2330} INFO - Executing <Task(PythonOperator): generate_output_file> on 2024-01-18 00:00:00+00:00
[2024-08-13T16:08:22.422+0000] {warnings.py:112} WARNING - /home/***/.local/lib/python3.12/site-packages/***/task/task_runner/standard_task_runner.py:61: DeprecationWarning: This process (pid=824) is multi-threaded, use of fork() may lead to deadlocks in the child.
  pid = os.fork()

[2024-08-13T16:08:22.443+0000] {standard_task_runner.py:63} INFO - Started process 838 to run task
[2024-08-13T16:08:22.439+0000] {standard_task_runner.py:90} INFO - Running: ['***', 'tasks', 'run', 'Weather_Data_Extraction', 'generate_output_file', 'backfill__2024-01-18T00:00:00+00:00', '--job-id', '123', '--pool', 'default_pool', '--raw', '--subdir', 'DAGS_FOLDER/Data_Weather_Extraction.py', '--cfg-path', '/tmp/tmp5_lqclk9']
[2024-08-13T16:08:22.450+0000] {standard_task_runner.py:91} INFO - Job 123: Subtask generate_output_file
[2024-08-13T16:08:22.525+0000] {warnings.py:112} WARNING - /home/***/.local/lib/python3.12/site-packages/***/settings.py:195: DeprecationWarning: The sql_alchemy_conn option in [core] has been moved to the sql_alchemy_conn option in [database] - the old setting has been used, but please update your config.
  SQL_ALCHEMY_CONN = conf.get("database", "SQL_ALCHEMY_CONN")

[2024-08-13T16:08:22.661+0000] {task_command.py:426} INFO - Running <TaskInstance: Weather_Data_Extraction.generate_output_file backfill__2024-01-18T00:00:00+00:00 [running]> on host ubuntu
[2024-08-13T16:08:22.875+0000] {taskinstance.py:2648} INFO - Exporting env vars: AIRFLOW_CTX_DAG_OWNER='Ducky' AIRFLOW_CTX_DAG_ID='Weather_Data_Extraction' AIRFLOW_CTX_TASK_ID='generate_output_file' AIRFLOW_CTX_EXECUTION_DATE='2024-01-18T00:00:00+00:00' AIRFLOW_CTX_TRY_NUMBER='1' AIRFLOW_CTX_DAG_RUN_ID='backfill__2024-01-18T00:00:00+00:00'
[2024-08-13T16:08:22.880+0000] {taskinstance.py:430} INFO - ::endgroup::
[2024-08-13T16:08:22.916+0000] {logging_mixin.py:188} INFO - Generated output file: Data_Weather-20240118.csv
[2024-08-13T16:08:22.918+0000] {logging_mixin.py:188} INFO - Execution Date: 2024/01/18
[2024-08-13T16:08:23.090+0000] {python.py:237} INFO - Done. Returned value was: None
[2024-08-13T16:08:23.092+0000] {taskinstance.py:441} INFO - ::group::Post task execution logs
[2024-08-13T16:08:23.189+0000] {taskinstance.py:1206} INFO - Marking task as SUCCESS. dag_id=Weather_Data_Extraction, task_id=generate_output_file, run_id=backfill__2024-01-18T00:00:00+00:00, execution_date=20240118T000000, start_date=20240813T160821, end_date=20240813T160823
[2024-08-13T16:08:23.260+0000] {local_task_job_runner.py:240} INFO - Task exited with return code 0
[2024-08-13T16:08:23.333+0000] {taskinstance.py:3503} INFO - 1 downstream tasks scheduled from follow-on schedule check
[2024-08-13T16:08:23.395+0000] {local_task_job_runner.py:222} INFO - ::endgroup::
[2024-08-14T03:09:45.380+0000] {local_task_job_runner.py:120} INFO - ::group::Pre task execution logs
[2024-08-14T03:09:45.408+0000] {taskinstance.py:2076} INFO - Dependencies all met for dep_context=non-requeueable deps ti=<TaskInstance: Weather_Data_Extraction.generate_output_file backfill__2024-01-18T00:00:00+00:00 [queued]>
[2024-08-14T03:09:45.550+0000] {taskinstance.py:2076} INFO - Dependencies all met for dep_context=requeueable deps ti=<TaskInstance: Weather_Data_Extraction.generate_output_file backfill__2024-01-18T00:00:00+00:00 [queued]>
[2024-08-14T03:09:45.551+0000] {taskinstance.py:2306} INFO - Starting attempt 1 of 1
[2024-08-14T03:09:45.571+0000] {taskinstance.py:2330} INFO - Executing <Task(PythonOperator): generate_output_file> on 2024-01-18 00:00:00+00:00
[2024-08-14T03:09:45.578+0000] {warnings.py:112} WARNING - /home/***/.local/lib/python3.12/site-packages/***/task/task_runner/standard_task_runner.py:61: DeprecationWarning: This process (pid=822) is multi-threaded, use of fork() may lead to deadlocks in the child.
  pid = os.fork()

[2024-08-14T03:09:45.579+0000] {standard_task_runner.py:63} INFO - Started process 824 to run task
[2024-08-14T03:09:45.580+0000] {standard_task_runner.py:90} INFO - Running: ['***', 'tasks', 'run', 'Weather_Data_Extraction', 'generate_output_file', 'backfill__2024-01-18T00:00:00+00:00', '--job-id', '409', '--pool', 'default_pool', '--raw', '--subdir', 'DAGS_FOLDER/Data_Weather_Extraction.py', '--cfg-path', '/tmp/tmphqjtxl3m']
[2024-08-14T03:09:45.583+0000] {standard_task_runner.py:91} INFO - Job 409: Subtask generate_output_file
[2024-08-14T03:09:45.662+0000] {task_command.py:426} INFO - Running <TaskInstance: Weather_Data_Extraction.generate_output_file backfill__2024-01-18T00:00:00+00:00 [running]> on host ubuntu
[2024-08-14T03:09:45.755+0000] {taskinstance.py:2648} INFO - Exporting env vars: AIRFLOW_CTX_DAG_OWNER='Ducky' AIRFLOW_CTX_DAG_ID='Weather_Data_Extraction' AIRFLOW_CTX_TASK_ID='generate_output_file' AIRFLOW_CTX_EXECUTION_DATE='2024-01-18T00:00:00+00:00' AIRFLOW_CTX_TRY_NUMBER='1' AIRFLOW_CTX_DAG_RUN_ID='backfill__2024-01-18T00:00:00+00:00'
[2024-08-14T03:09:45.757+0000] {taskinstance.py:430} INFO - ::endgroup::
[2024-08-14T03:09:45.780+0000] {logging_mixin.py:188} INFO - Generated output file: Data_Weather-20240118.csv
[2024-08-14T03:09:45.781+0000] {logging_mixin.py:188} INFO - Execution Date: 2024/01/18
[2024-08-14T03:09:45.825+0000] {python.py:237} INFO - Done. Returned value was: None
[2024-08-14T03:09:45.827+0000] {taskinstance.py:441} INFO - ::group::Post task execution logs
[2024-08-14T03:09:45.847+0000] {taskinstance.py:1206} INFO - Marking task as SUCCESS. dag_id=Weather_Data_Extraction, task_id=generate_output_file, run_id=backfill__2024-01-18T00:00:00+00:00, execution_date=20240118T000000, start_date=20240814T030945, end_date=20240814T030945
[2024-08-14T03:09:45.916+0000] {local_task_job_runner.py:240} INFO - Task exited with return code 0
[2024-08-14T03:09:45.974+0000] {taskinstance.py:3503} INFO - 1 downstream tasks scheduled from follow-on schedule check
[2024-08-14T03:09:45.981+0000] {local_task_job_runner.py:222} INFO - ::endgroup::
