[2024-08-14T05:32:46.574+0000] {local_task_job_runner.py:120} INFO - ::group::Pre task execution logs
[2024-08-14T05:32:46.599+0000] {taskinstance.py:2076} INFO - Dependencies all met for dep_context=non-requeueable deps ti=<TaskInstance: Weather_Data_Extraction.generate_output_file backfill__2024-04-23T00:00:00+00:00 [queued]>
[2024-08-14T05:32:46.612+0000] {taskinstance.py:2076} INFO - Dependencies all met for dep_context=requeueable deps ti=<TaskInstance: Weather_Data_Extraction.generate_output_file backfill__2024-04-23T00:00:00+00:00 [queued]>
[2024-08-14T05:32:46.614+0000] {taskinstance.py:2306} INFO - Starting attempt 1 of 1
[2024-08-14T05:32:46.765+0000] {taskinstance.py:2330} INFO - Executing <Task(PythonOperator): generate_output_file> on 2024-04-23 00:00:00+00:00
[2024-08-14T05:32:46.773+0000] {warnings.py:112} WARNING - /home/***/.local/lib/python3.12/site-packages/***/task/task_runner/standard_task_runner.py:61: DeprecationWarning: This process (pid=3635) is multi-threaded, use of fork() may lead to deadlocks in the child.
  pid = os.fork()

[2024-08-14T05:32:46.774+0000] {standard_task_runner.py:63} INFO - Started process 3637 to run task
[2024-08-14T05:32:46.775+0000] {standard_task_runner.py:90} INFO - Running: ['***', 'tasks', 'run', 'Weather_Data_Extraction', 'generate_output_file', 'backfill__2024-04-23T00:00:00+00:00', '--job-id', '743', '--pool', 'default_pool', '--raw', '--subdir', 'DAGS_FOLDER/Data_Weather_Extraction.py', '--cfg-path', '/tmp/tmpz2508iwt']
[2024-08-14T05:32:46.778+0000] {standard_task_runner.py:91} INFO - Job 743: Subtask generate_output_file
[2024-08-14T05:32:46.859+0000] {task_command.py:426} INFO - Running <TaskInstance: Weather_Data_Extraction.generate_output_file backfill__2024-04-23T00:00:00+00:00 [running]> on host ubuntu
[2024-08-14T05:32:46.973+0000] {taskinstance.py:2648} INFO - Exporting env vars: AIRFLOW_CTX_DAG_OWNER='Ducky' AIRFLOW_CTX_DAG_ID='Weather_Data_Extraction' AIRFLOW_CTX_TASK_ID='generate_output_file' AIRFLOW_CTX_EXECUTION_DATE='2024-04-23T00:00:00+00:00' AIRFLOW_CTX_TRY_NUMBER='1' AIRFLOW_CTX_DAG_RUN_ID='backfill__2024-04-23T00:00:00+00:00'
[2024-08-14T05:32:46.975+0000] {taskinstance.py:430} INFO - ::endgroup::
[2024-08-14T05:32:46.988+0000] {logging_mixin.py:188} INFO - Generated output file: Data_Weather-20240423.csv
[2024-08-14T05:32:46.989+0000] {logging_mixin.py:188} INFO - Execution Date: 2024/04/23
[2024-08-14T05:32:47.015+0000] {python.py:237} INFO - Done. Returned value was: None
[2024-08-14T05:32:47.016+0000] {taskinstance.py:441} INFO - ::group::Post task execution logs
[2024-08-14T05:32:47.027+0000] {taskinstance.py:1206} INFO - Marking task as SUCCESS. dag_id=Weather_Data_Extraction, task_id=generate_output_file, run_id=backfill__2024-04-23T00:00:00+00:00, execution_date=20240423T000000, start_date=20240814T053246, end_date=20240814T053247
[2024-08-14T05:32:47.070+0000] {local_task_job_runner.py:240} INFO - Task exited with return code 0
[2024-08-14T05:32:47.115+0000] {taskinstance.py:3503} INFO - 1 downstream tasks scheduled from follow-on schedule check
[2024-08-14T05:32:47.123+0000] {local_task_job_runner.py:222} INFO - ::endgroup::
