[2024-08-13T14:59:10.456+0000] {local_task_job_runner.py:120} INFO - ::group::Pre task execution logs
[2024-08-13T14:59:10.491+0000] {taskinstance.py:2076} INFO - Dependencies all met for dep_context=non-requeueable deps ti=<TaskInstance: Scrape_Province.invoke_lambda_task scheduled__2024-08-12T00:00:00+00:00 [queued]>
[2024-08-13T14:59:10.774+0000] {taskinstance.py:2076} INFO - Dependencies all met for dep_context=requeueable deps ti=<TaskInstance: Scrape_Province.invoke_lambda_task scheduled__2024-08-12T00:00:00+00:00 [queued]>
[2024-08-13T14:59:10.776+0000] {taskinstance.py:2306} INFO - Starting attempt 1 of 1
[2024-08-13T14:59:10.829+0000] {taskinstance.py:2330} INFO - Executing <Task(PythonOperator): invoke_lambda_task> on 2024-08-12 00:00:00+00:00
[2024-08-13T14:59:10.851+0000] {warnings.py:112} WARNING - /home/***/.local/lib/python3.12/site-packages/***/task/task_runner/standard_task_runner.py:61: DeprecationWarning: This process (pid=66) is multi-threaded, use of fork() may lead to deadlocks in the child.
  pid = os.fork()

[2024-08-13T14:59:10.857+0000] {standard_task_runner.py:63} INFO - Started process 75 to run task
[2024-08-13T14:59:10.856+0000] {standard_task_runner.py:90} INFO - Running: ['***', 'tasks', 'run', 'Scrape_Province', 'invoke_lambda_task', 'scheduled__2024-08-12T00:00:00+00:00', '--job-id', '4', '--raw', '--subdir', 'DAGS_FOLDER/Province_Extraction.py', '--cfg-path', '/tmp/tmpcq7ujkw0']
[2024-08-13T14:59:10.863+0000] {standard_task_runner.py:91} INFO - Job 4: Subtask invoke_lambda_task
[2024-08-13T14:59:10.883+0000] {warnings.py:112} WARNING - /home/***/.local/lib/python3.12/site-packages/***/settings.py:195: DeprecationWarning: The sql_alchemy_conn option in [core] has been moved to the sql_alchemy_conn option in [database] - the old setting has been used, but please update your config.
  SQL_ALCHEMY_CONN = conf.get("database", "SQL_ALCHEMY_CONN")

[2024-08-13T14:59:10.937+0000] {task_command.py:426} INFO - Running <TaskInstance: Scrape_Province.invoke_lambda_task scheduled__2024-08-12T00:00:00+00:00 [running]> on host ubuntu
[2024-08-13T14:59:11.096+0000] {taskinstance.py:2648} INFO - Exporting env vars: AIRFLOW_CTX_DAG_OWNER='Ducky' AIRFLOW_CTX_DAG_ID='Scrape_Province' AIRFLOW_CTX_TASK_ID='invoke_lambda_task' AIRFLOW_CTX_EXECUTION_DATE='2024-08-12T00:00:00+00:00' AIRFLOW_CTX_TRY_NUMBER='1' AIRFLOW_CTX_DAG_RUN_ID='scheduled__2024-08-12T00:00:00+00:00'
[2024-08-13T14:59:11.103+0000] {taskinstance.py:430} INFO - ::endgroup::
[2024-08-13T14:59:11.139+0000] {logging_mixin.py:188} INFO - province_table-20240812.csv
[2024-08-13T14:59:11.140+0000] {logging_mixin.py:188} INFO - {"execution_date": "province_table-20240812.csv"}
[2024-08-13T14:59:11.141+0000] {logging_mixin.py:188} INFO - https://4d1d8hk23f.execute-api.ap-southeast-2.amazonaws.com/dev?execution_date=province_table-20240812.csv
[2024-08-13T14:59:17.649+0000] {logging_mixin.py:188} INFO - Lambda function invoked successfully.
[2024-08-13T14:59:17.652+0000] {logging_mixin.py:188} INFO - Response: {'statusCode': 200, 'body': '{"execution_date": "province_table-20240812.csv"}'}
[2024-08-13T14:59:17.659+0000] {python.py:237} INFO - Done. Returned value was: None
[2024-08-13T14:59:17.666+0000] {taskinstance.py:441} INFO - ::group::Post task execution logs
[2024-08-13T14:59:17.688+0000] {taskinstance.py:1206} INFO - Marking task as SUCCESS. dag_id=Scrape_Province, task_id=invoke_lambda_task, run_id=scheduled__2024-08-12T00:00:00+00:00, execution_date=20240812T000000, start_date=20240813T145910, end_date=20240813T145917
[2024-08-13T14:59:17.765+0000] {local_task_job_runner.py:240} INFO - Task exited with return code 0
[2024-08-13T14:59:17.836+0000] {taskinstance.py:3503} INFO - 1 downstream tasks scheduled from follow-on schedule check
[2024-08-13T14:59:17.847+0000] {local_task_job_runner.py:222} INFO - ::endgroup::
[2024-08-13T15:44:02.868+0000] {local_task_job_runner.py:120} INFO - ::group::Pre task execution logs
[2024-08-13T15:44:03.120+0000] {taskinstance.py:2076} INFO - Dependencies all met for dep_context=non-requeueable deps ti=<TaskInstance: Scrape_Province.invoke_lambda_task scheduled__2024-08-12T00:00:00+00:00 [queued]>
[2024-08-13T15:44:03.156+0000] {taskinstance.py:2076} INFO - Dependencies all met for dep_context=requeueable deps ti=<TaskInstance: Scrape_Province.invoke_lambda_task scheduled__2024-08-12T00:00:00+00:00 [queued]>
[2024-08-13T15:44:03.158+0000] {taskinstance.py:2306} INFO - Starting attempt 1 of 1
[2024-08-13T15:44:03.202+0000] {taskinstance.py:2330} INFO - Executing <Task(PythonOperator): invoke_lambda_task> on 2024-08-12 00:00:00+00:00
[2024-08-13T15:44:03.219+0000] {warnings.py:112} WARNING - /home/***/.local/lib/python3.12/site-packages/***/task/task_runner/standard_task_runner.py:61: DeprecationWarning: This process (pid=106) is multi-threaded, use of fork() may lead to deadlocks in the child.
  pid = os.fork()

[2024-08-13T15:44:03.223+0000] {standard_task_runner.py:63} INFO - Started process 108 to run task
[2024-08-13T15:44:03.224+0000] {standard_task_runner.py:90} INFO - Running: ['***', 'tasks', 'run', 'Scrape_Province', 'invoke_lambda_task', 'scheduled__2024-08-12T00:00:00+00:00', '--job-id', '27', '--raw', '--subdir', 'DAGS_FOLDER/Province_Extraction.py', '--cfg-path', '/tmp/tmpbnh112sk']
[2024-08-13T15:44:03.232+0000] {standard_task_runner.py:91} INFO - Job 27: Subtask invoke_lambda_task
[2024-08-13T15:44:03.269+0000] {warnings.py:112} WARNING - /home/***/.local/lib/python3.12/site-packages/***/settings.py:195: DeprecationWarning: The sql_alchemy_conn option in [core] has been moved to the sql_alchemy_conn option in [database] - the old setting has been used, but please update your config.
  SQL_ALCHEMY_CONN = conf.get("database", "SQL_ALCHEMY_CONN")

[2024-08-13T15:44:03.387+0000] {task_command.py:426} INFO - Running <TaskInstance: Scrape_Province.invoke_lambda_task scheduled__2024-08-12T00:00:00+00:00 [running]> on host ubuntu
[2024-08-13T15:44:03.605+0000] {taskinstance.py:2648} INFO - Exporting env vars: AIRFLOW_CTX_DAG_OWNER='Ducky' AIRFLOW_CTX_DAG_ID='Scrape_Province' AIRFLOW_CTX_TASK_ID='invoke_lambda_task' AIRFLOW_CTX_EXECUTION_DATE='2024-08-12T00:00:00+00:00' AIRFLOW_CTX_TRY_NUMBER='1' AIRFLOW_CTX_DAG_RUN_ID='scheduled__2024-08-12T00:00:00+00:00'
[2024-08-13T15:44:03.609+0000] {taskinstance.py:430} INFO - ::endgroup::
[2024-08-13T15:44:03.676+0000] {logging_mixin.py:188} INFO - province_table-20240812.csv
[2024-08-13T15:44:03.678+0000] {logging_mixin.py:188} INFO - {"execution_date": "province_table-20240812.csv"}
[2024-08-13T15:44:03.680+0000] {logging_mixin.py:188} INFO - https://4d1d8hk23f.execute-api.ap-southeast-2.amazonaws.com/dev?execution_date=province_table-20240812.csv
[2024-08-13T15:44:04.965+0000] {logging_mixin.py:188} INFO - Lambda function invoked successfully.
[2024-08-13T15:44:04.966+0000] {logging_mixin.py:188} INFO - Response: {'statusCode': 200, 'body': '{"execution_date": "province_table-20240812.csv"}'}
[2024-08-13T15:44:04.969+0000] {python.py:237} INFO - Done. Returned value was: None
[2024-08-13T15:44:04.971+0000] {taskinstance.py:441} INFO - ::group::Post task execution logs
[2024-08-13T15:44:04.988+0000] {taskinstance.py:1206} INFO - Marking task as SUCCESS. dag_id=Scrape_Province, task_id=invoke_lambda_task, run_id=scheduled__2024-08-12T00:00:00+00:00, execution_date=20240812T000000, start_date=20240813T154403, end_date=20240813T154404
[2024-08-13T15:44:05.053+0000] {local_task_job_runner.py:240} INFO - Task exited with return code 0
[2024-08-13T15:44:05.103+0000] {taskinstance.py:3503} INFO - 1 downstream tasks scheduled from follow-on schedule check
[2024-08-13T15:44:05.107+0000] {local_task_job_runner.py:222} INFO - ::endgroup::
[2024-08-13T15:48:14.379+0000] {local_task_job_runner.py:120} INFO - ::group::Pre task execution logs
[2024-08-13T15:48:14.618+0000] {taskinstance.py:2076} INFO - Dependencies all met for dep_context=non-requeueable deps ti=<TaskInstance: Scrape_Province.invoke_lambda_task scheduled__2024-08-12T00:00:00+00:00 [queued]>
[2024-08-13T15:48:14.632+0000] {taskinstance.py:2076} INFO - Dependencies all met for dep_context=requeueable deps ti=<TaskInstance: Scrape_Province.invoke_lambda_task scheduled__2024-08-12T00:00:00+00:00 [queued]>
[2024-08-13T15:48:14.633+0000] {taskinstance.py:2306} INFO - Starting attempt 1 of 1
[2024-08-13T15:48:14.681+0000] {taskinstance.py:2330} INFO - Executing <Task(PythonOperator): invoke_lambda_task> on 2024-08-12 00:00:00+00:00
[2024-08-13T15:48:14.700+0000] {warnings.py:112} WARNING - /home/***/.local/lib/python3.12/site-packages/***/task/task_runner/standard_task_runner.py:61: DeprecationWarning: This process (pid=179) is multi-threaded, use of fork() may lead to deadlocks in the child.
  pid = os.fork()

[2024-08-13T15:48:14.703+0000] {standard_task_runner.py:63} INFO - Started process 181 to run task
[2024-08-13T15:48:14.705+0000] {standard_task_runner.py:90} INFO - Running: ['***', 'tasks', 'run', 'Scrape_Province', 'invoke_lambda_task', 'scheduled__2024-08-12T00:00:00+00:00', '--job-id', '34', '--raw', '--subdir', 'DAGS_FOLDER/Province_Extraction.py', '--cfg-path', '/tmp/tmpw8ygd9ig']
[2024-08-13T15:48:14.713+0000] {standard_task_runner.py:91} INFO - Job 34: Subtask invoke_lambda_task
[2024-08-13T15:48:14.739+0000] {warnings.py:112} WARNING - /home/***/.local/lib/python3.12/site-packages/***/settings.py:195: DeprecationWarning: The sql_alchemy_conn option in [core] has been moved to the sql_alchemy_conn option in [database] - the old setting has been used, but please update your config.
  SQL_ALCHEMY_CONN = conf.get("database", "SQL_ALCHEMY_CONN")

[2024-08-13T15:48:14.819+0000] {task_command.py:426} INFO - Running <TaskInstance: Scrape_Province.invoke_lambda_task scheduled__2024-08-12T00:00:00+00:00 [running]> on host ubuntu
[2024-08-13T15:48:14.969+0000] {taskinstance.py:2648} INFO - Exporting env vars: AIRFLOW_CTX_DAG_OWNER='Ducky' AIRFLOW_CTX_DAG_ID='Scrape_Province' AIRFLOW_CTX_TASK_ID='invoke_lambda_task' AIRFLOW_CTX_EXECUTION_DATE='2024-08-12T00:00:00+00:00' AIRFLOW_CTX_TRY_NUMBER='1' AIRFLOW_CTX_DAG_RUN_ID='scheduled__2024-08-12T00:00:00+00:00'
[2024-08-13T15:48:14.971+0000] {taskinstance.py:430} INFO - ::endgroup::
[2024-08-13T15:48:15.008+0000] {logging_mixin.py:188} INFO - province_table-20240812.csv
[2024-08-13T15:48:15.009+0000] {logging_mixin.py:188} INFO - {"execution_date": "province_table-20240812.csv"}
[2024-08-13T15:48:15.010+0000] {logging_mixin.py:188} INFO - https://4d1d8hk23f.execute-api.ap-southeast-2.amazonaws.com/dev?execution_date=province_table-20240812.csv
[2024-08-13T15:48:17.191+0000] {logging_mixin.py:188} INFO - Lambda function invoked successfully.
[2024-08-13T15:48:17.192+0000] {logging_mixin.py:188} INFO - Response: {'statusCode': 200, 'body': '{"execution_date": "province_table-20240812.csv"}'}
[2024-08-13T15:48:17.197+0000] {python.py:237} INFO - Done. Returned value was: None
[2024-08-13T15:48:17.199+0000] {taskinstance.py:441} INFO - ::group::Post task execution logs
[2024-08-13T15:48:17.213+0000] {taskinstance.py:1206} INFO - Marking task as SUCCESS. dag_id=Scrape_Province, task_id=invoke_lambda_task, run_id=scheduled__2024-08-12T00:00:00+00:00, execution_date=20240812T000000, start_date=20240813T154814, end_date=20240813T154817
[2024-08-13T15:48:17.260+0000] {local_task_job_runner.py:240} INFO - Task exited with return code 0
[2024-08-13T15:48:17.304+0000] {taskinstance.py:3503} INFO - 0 downstream tasks scheduled from follow-on schedule check
[2024-08-13T15:48:17.311+0000] {local_task_job_runner.py:222} INFO - ::endgroup::
