[2024-08-13T16:11:08.373+0000] {local_task_job_runner.py:120} INFO - ::group::Pre task execution logs
[2024-08-13T16:11:08.415+0000] {taskinstance.py:2076} INFO - Dependencies all met for dep_context=non-requeueable deps ti=<TaskInstance: Weather_Data_Extraction.generate_output_file backfill__2024-03-15T00:00:00+00:00 [queued]>
[2024-08-13T16:11:08.473+0000] {taskinstance.py:2076} INFO - Dependencies all met for dep_context=requeueable deps ti=<TaskInstance: Weather_Data_Extraction.generate_output_file backfill__2024-03-15T00:00:00+00:00 [queued]>
[2024-08-13T16:11:08.475+0000] {taskinstance.py:2306} INFO - Starting attempt 1 of 1
[2024-08-13T16:11:08.850+0000] {taskinstance.py:2330} INFO - Executing <Task(PythonOperator): generate_output_file> on 2024-03-15 00:00:00+00:00
[2024-08-13T16:11:08.883+0000] {warnings.py:112} WARNING - /home/***/.local/lib/python3.12/site-packages/***/task/task_runner/standard_task_runner.py:61: DeprecationWarning: This process (pid=1309) is multi-threaded, use of fork() may lead to deadlocks in the child.
  pid = os.fork()

[2024-08-13T16:11:08.893+0000] {standard_task_runner.py:63} INFO - Started process 1326 to run task
[2024-08-13T16:11:08.897+0000] {standard_task_runner.py:90} INFO - Running: ['***', 'tasks', 'run', 'Weather_Data_Extraction', 'generate_output_file', 'backfill__2024-03-15T00:00:00+00:00', '--job-id', '275', '--pool', 'default_pool', '--raw', '--subdir', 'DAGS_FOLDER/Data_Weather_Extraction.py', '--cfg-path', '/tmp/tmpo5af19ds']
[2024-08-13T16:11:08.904+0000] {standard_task_runner.py:91} INFO - Job 275: Subtask generate_output_file
[2024-08-13T16:11:08.959+0000] {warnings.py:112} WARNING - /home/***/.local/lib/python3.12/site-packages/***/settings.py:195: DeprecationWarning: The sql_alchemy_conn option in [core] has been moved to the sql_alchemy_conn option in [database] - the old setting has been used, but please update your config.
  SQL_ALCHEMY_CONN = conf.get("database", "SQL_ALCHEMY_CONN")

[2024-08-13T16:11:09.074+0000] {task_command.py:426} INFO - Running <TaskInstance: Weather_Data_Extraction.generate_output_file backfill__2024-03-15T00:00:00+00:00 [running]> on host ubuntu
[2024-08-13T16:11:09.323+0000] {taskinstance.py:2648} INFO - Exporting env vars: AIRFLOW_CTX_DAG_OWNER='Ducky' AIRFLOW_CTX_DAG_ID='Weather_Data_Extraction' AIRFLOW_CTX_TASK_ID='generate_output_file' AIRFLOW_CTX_EXECUTION_DATE='2024-03-15T00:00:00+00:00' AIRFLOW_CTX_TRY_NUMBER='1' AIRFLOW_CTX_DAG_RUN_ID='backfill__2024-03-15T00:00:00+00:00'
[2024-08-13T16:11:09.326+0000] {taskinstance.py:430} INFO - ::endgroup::
[2024-08-13T16:11:09.360+0000] {logging_mixin.py:188} INFO - Generated output file: Data_Weather-20240315.csv
[2024-08-13T16:11:09.362+0000] {logging_mixin.py:188} INFO - Execution Date: 2024/03/15
[2024-08-13T16:11:09.411+0000] {python.py:237} INFO - Done. Returned value was: None
[2024-08-13T16:11:09.413+0000] {taskinstance.py:441} INFO - ::group::Post task execution logs
[2024-08-13T16:11:09.434+0000] {taskinstance.py:1206} INFO - Marking task as SUCCESS. dag_id=Weather_Data_Extraction, task_id=generate_output_file, run_id=backfill__2024-03-15T00:00:00+00:00, execution_date=20240315T000000, start_date=20240813T161108, end_date=20240813T161109
[2024-08-13T16:11:09.514+0000] {local_task_job_runner.py:240} INFO - Task exited with return code 0
[2024-08-13T16:11:09.641+0000] {taskinstance.py:3503} INFO - 1 downstream tasks scheduled from follow-on schedule check
[2024-08-13T16:11:09.645+0000] {local_task_job_runner.py:222} INFO - ::endgroup::
[2024-08-14T04:52:30.472+0000] {local_task_job_runner.py:120} INFO - ::group::Pre task execution logs
[2024-08-14T04:52:30.510+0000] {taskinstance.py:2076} INFO - Dependencies all met for dep_context=non-requeueable deps ti=<TaskInstance: Weather_Data_Extraction.generate_output_file backfill__2024-03-15T00:00:00+00:00 [queued]>
[2024-08-14T04:52:30.525+0000] {taskinstance.py:2076} INFO - Dependencies all met for dep_context=requeueable deps ti=<TaskInstance: Weather_Data_Extraction.generate_output_file backfill__2024-03-15T00:00:00+00:00 [queued]>
[2024-08-14T04:52:30.526+0000] {taskinstance.py:2306} INFO - Starting attempt 1 of 1
[2024-08-14T04:52:30.692+0000] {taskinstance.py:2330} INFO - Executing <Task(PythonOperator): generate_output_file> on 2024-03-15 00:00:00+00:00
[2024-08-14T04:52:30.699+0000] {warnings.py:112} WARNING - /home/***/.local/lib/python3.12/site-packages/***/task/task_runner/standard_task_runner.py:61: DeprecationWarning: This process (pid=2770) is multi-threaded, use of fork() may lead to deadlocks in the child.
  pid = os.fork()

[2024-08-14T04:52:30.701+0000] {standard_task_runner.py:63} INFO - Started process 2772 to run task
[2024-08-14T04:52:30.701+0000] {standard_task_runner.py:90} INFO - Running: ['***', 'tasks', 'run', 'Weather_Data_Extraction', 'generate_output_file', 'backfill__2024-03-15T00:00:00+00:00', '--job-id', '626', '--pool', 'default_pool', '--raw', '--subdir', 'DAGS_FOLDER/Data_Weather_Extraction.py', '--cfg-path', '/tmp/tmpcpgs67hc']
[2024-08-14T04:52:30.703+0000] {standard_task_runner.py:91} INFO - Job 626: Subtask generate_output_file
[2024-08-14T04:52:30.745+0000] {task_command.py:426} INFO - Running <TaskInstance: Weather_Data_Extraction.generate_output_file backfill__2024-03-15T00:00:00+00:00 [running]> on host ubuntu
[2024-08-14T04:52:30.828+0000] {taskinstance.py:2648} INFO - Exporting env vars: AIRFLOW_CTX_DAG_OWNER='Ducky' AIRFLOW_CTX_DAG_ID='Weather_Data_Extraction' AIRFLOW_CTX_TASK_ID='generate_output_file' AIRFLOW_CTX_EXECUTION_DATE='2024-03-15T00:00:00+00:00' AIRFLOW_CTX_TRY_NUMBER='1' AIRFLOW_CTX_DAG_RUN_ID='backfill__2024-03-15T00:00:00+00:00'
[2024-08-14T04:52:30.829+0000] {taskinstance.py:430} INFO - ::endgroup::
[2024-08-14T04:52:30.842+0000] {logging_mixin.py:188} INFO - Generated output file: Data_Weather-20240315.csv
[2024-08-14T04:52:30.842+0000] {logging_mixin.py:188} INFO - Execution Date: 2024/03/15
[2024-08-14T04:52:30.864+0000] {python.py:237} INFO - Done. Returned value was: None
[2024-08-14T04:52:30.865+0000] {taskinstance.py:441} INFO - ::group::Post task execution logs
[2024-08-14T04:52:30.873+0000] {taskinstance.py:1206} INFO - Marking task as SUCCESS. dag_id=Weather_Data_Extraction, task_id=generate_output_file, run_id=backfill__2024-03-15T00:00:00+00:00, execution_date=20240315T000000, start_date=20240814T045230, end_date=20240814T045230
[2024-08-14T04:52:30.915+0000] {local_task_job_runner.py:240} INFO - Task exited with return code 0
[2024-08-14T04:52:30.941+0000] {taskinstance.py:3503} INFO - 1 downstream tasks scheduled from follow-on schedule check
[2024-08-14T04:52:30.943+0000] {local_task_job_runner.py:222} INFO - ::endgroup::
