[2024-08-16T08:51:05.603+0000] {local_task_job_runner.py:120} INFO - ::group::Pre task execution logs
[2024-08-16T08:51:05.628+0000] {taskinstance.py:2076} INFO - Dependencies all met for dep_context=non-requeueable deps ti=<TaskInstance: Prediction_Model.generate_output_file manual__2024-08-16T08:51:02.927453+00:00 [queued]>
[2024-08-16T08:51:05.641+0000] {taskinstance.py:2076} INFO - Dependencies all met for dep_context=requeueable deps ti=<TaskInstance: Prediction_Model.generate_output_file manual__2024-08-16T08:51:02.927453+00:00 [queued]>
[2024-08-16T08:51:05.642+0000] {taskinstance.py:2306} INFO - Starting attempt 1 of 1
[2024-08-16T08:51:05.663+0000] {taskinstance.py:2330} INFO - Executing <Task(PythonOperator): generate_output_file> on 2024-08-16 08:51:02.927453+00:00
[2024-08-16T08:51:05.674+0000] {warnings.py:112} WARNING - /home/***/.local/lib/python3.12/site-packages/***/task/task_runner/standard_task_runner.py:61: DeprecationWarning: This process (pid=492) is multi-threaded, use of fork() may lead to deadlocks in the child.
  pid = os.fork()

[2024-08-16T08:51:05.677+0000] {standard_task_runner.py:63} INFO - Started process 501 to run task
[2024-08-16T08:51:05.677+0000] {standard_task_runner.py:90} INFO - Running: ['***', 'tasks', 'run', 'Prediction_Model', 'generate_output_file', 'manual__2024-08-16T08:51:02.927453+00:00', '--job-id', '1114', '--raw', '--subdir', 'DAGS_FOLDER/Prediction_Model.py', '--cfg-path', '/tmp/tmpdam1dzte']
[2024-08-16T08:51:05.680+0000] {standard_task_runner.py:91} INFO - Job 1114: Subtask generate_output_file
[2024-08-16T08:51:05.760+0000] {task_command.py:426} INFO - Running <TaskInstance: Prediction_Model.generate_output_file manual__2024-08-16T08:51:02.927453+00:00 [running]> on host ubuntu
[2024-08-16T08:51:05.955+0000] {taskinstance.py:2648} INFO - Exporting env vars: AIRFLOW_CTX_DAG_OWNER='Ducky' AIRFLOW_CTX_DAG_ID='Prediction_Model' AIRFLOW_CTX_TASK_ID='generate_output_file' AIRFLOW_CTX_EXECUTION_DATE='2024-08-16T08:51:02.927453+00:00' AIRFLOW_CTX_TRY_NUMBER='1' AIRFLOW_CTX_DAG_RUN_ID='manual__2024-08-16T08:51:02.927453+00:00'
[2024-08-16T08:51:05.958+0000] {taskinstance.py:430} INFO - ::endgroup::
[2024-08-16T08:51:05.973+0000] {logging_mixin.py:188} INFO - Generated output file: Data_Weather-20240815.csv
[2024-08-16T08:51:05.974+0000] {logging_mixin.py:188} INFO - Execution Date: 2024-08-15 08:51:02.927453+00:00
[2024-08-16T08:51:05.975+0000] {logging_mixin.py:188} INFO - <class 'pendulum.datetime.DateTime'>
[2024-08-16T08:51:06.002+0000] {python.py:237} INFO - Done. Returned value was: None
[2024-08-16T08:51:06.003+0000] {taskinstance.py:441} INFO - ::group::Post task execution logs
[2024-08-16T08:51:06.012+0000] {taskinstance.py:1206} INFO - Marking task as SUCCESS. dag_id=Prediction_Model, task_id=generate_output_file, run_id=manual__2024-08-16T08:51:02.927453+00:00, execution_date=20240816T085102, start_date=20240816T085105, end_date=20240816T085106
[2024-08-16T08:51:06.053+0000] {local_task_job_runner.py:240} INFO - Task exited with return code 0
[2024-08-16T08:51:06.083+0000] {taskinstance.py:3503} INFO - 1 downstream tasks scheduled from follow-on schedule check
[2024-08-16T08:51:06.086+0000] {local_task_job_runner.py:222} INFO - ::endgroup::
