[2024-08-14T04:59:05.831+0000] {local_task_job_runner.py:120} INFO - ::group::Pre task execution logs
[2024-08-14T04:59:06.024+0000] {taskinstance.py:2076} INFO - Dependencies all met for dep_context=non-requeueable deps ti=<TaskInstance: Weather_Data_Extraction.invoke_lambda_task backfill__2024-03-21T00:00:00+00:00 [queued]>
[2024-08-14T04:59:06.038+0000] {taskinstance.py:2076} INFO - Dependencies all met for dep_context=requeueable deps ti=<TaskInstance: Weather_Data_Extraction.invoke_lambda_task backfill__2024-03-21T00:00:00+00:00 [queued]>
[2024-08-14T04:59:06.038+0000] {taskinstance.py:2306} INFO - Starting attempt 1 of 1
[2024-08-14T04:59:06.056+0000] {taskinstance.py:2330} INFO - Executing <Task(PythonOperator): invoke_lambda_task> on 2024-03-21 00:00:00+00:00
[2024-08-14T04:59:06.066+0000] {warnings.py:112} WARNING - /home/***/.local/lib/python3.12/site-packages/***/task/task_runner/standard_task_runner.py:61: DeprecationWarning: This process (pid=2914) is multi-threaded, use of fork() may lead to deadlocks in the child.
  pid = os.fork()

[2024-08-14T04:59:06.068+0000] {standard_task_runner.py:63} INFO - Started process 2916 to run task
[2024-08-14T04:59:06.068+0000] {standard_task_runner.py:90} INFO - Running: ['***', 'tasks', 'run', 'Weather_Data_Extraction', 'invoke_lambda_task', 'backfill__2024-03-21T00:00:00+00:00', '--job-id', '646', '--pool', 'default_pool', '--raw', '--subdir', 'DAGS_FOLDER/Data_Weather_Extraction.py', '--cfg-path', '/tmp/tmpoyrpskp7']
[2024-08-14T04:59:06.071+0000] {standard_task_runner.py:91} INFO - Job 646: Subtask invoke_lambda_task
[2024-08-14T04:59:06.123+0000] {task_command.py:426} INFO - Running <TaskInstance: Weather_Data_Extraction.invoke_lambda_task backfill__2024-03-21T00:00:00+00:00 [running]> on host ubuntu
[2024-08-14T04:59:06.236+0000] {taskinstance.py:2648} INFO - Exporting env vars: AIRFLOW_CTX_DAG_OWNER='Ducky' AIRFLOW_CTX_DAG_ID='Weather_Data_Extraction' AIRFLOW_CTX_TASK_ID='invoke_lambda_task' AIRFLOW_CTX_EXECUTION_DATE='2024-03-21T00:00:00+00:00' AIRFLOW_CTX_TRY_NUMBER='1' AIRFLOW_CTX_DAG_RUN_ID='backfill__2024-03-21T00:00:00+00:00'
[2024-08-14T04:59:06.238+0000] {taskinstance.py:430} INFO - ::endgroup::
[2024-08-14T04:59:06.270+0000] {logging_mixin.py:188} INFO - Data_Weather-20240321.csv
[2024-08-14T04:59:06.271+0000] {logging_mixin.py:188} INFO - 2024/03/21
[2024-08-14T04:59:06.272+0000] {logging_mixin.py:188} INFO - {"execution_date": "2024/03/21", "file_name": "Data_Weather-20240321.csv"}
[2024-08-14T04:59:06.272+0000] {logging_mixin.py:188} INFO - https://eyzyhdwl8l.execute-api.ap-southeast-2.amazonaws.com/dev?execution_date=2024/03/21&file_name=Data_Weather-20240321.csv
[2024-08-14T04:59:35.953+0000] {logging_mixin.py:188} INFO - Failed to invoke Lambda function.
[2024-08-14T04:59:35.954+0000] {logging_mixin.py:188} INFO - Response: {"message": "Endpoint request timed out"}
[2024-08-14T04:59:35.958+0000] {python.py:237} INFO - Done. Returned value was: None
[2024-08-14T04:59:35.959+0000] {taskinstance.py:441} INFO - ::group::Post task execution logs
[2024-08-14T04:59:35.978+0000] {taskinstance.py:1206} INFO - Marking task as SUCCESS. dag_id=Weather_Data_Extraction, task_id=invoke_lambda_task, run_id=backfill__2024-03-21T00:00:00+00:00, execution_date=20240321T000000, start_date=20240814T045906, end_date=20240814T045935
[2024-08-14T04:59:36.024+0000] {local_task_job_runner.py:240} INFO - Task exited with return code 0
[2024-08-14T04:59:36.040+0000] {taskinstance.py:3503} INFO - 0 downstream tasks scheduled from follow-on schedule check
[2024-08-14T04:59:36.043+0000] {local_task_job_runner.py:222} INFO - ::endgroup::
