[2024-08-19T03:20:02.396+0000] {local_task_job_runner.py:120} INFO - ::group::Pre task execution logs
[2024-08-19T03:20:02.569+0000] {taskinstance.py:2076} INFO - Dependencies all met for dep_context=non-requeueable deps ti=<TaskInstance: Weather_Data_Extraction.weather_data_models.fct_weather_data.run backfill__2024-08-17T00:00:00+00:00 [queued]>
[2024-08-19T03:20:02.579+0000] {taskinstance.py:2076} INFO - Dependencies all met for dep_context=requeueable deps ti=<TaskInstance: Weather_Data_Extraction.weather_data_models.fct_weather_data.run backfill__2024-08-17T00:00:00+00:00 [queued]>
[2024-08-19T03:20:02.580+0000] {taskinstance.py:2306} INFO - Starting attempt 1 of 3
[2024-08-19T03:20:02.597+0000] {taskinstance.py:2330} INFO - Executing <Task(DbtRunLocalOperator): weather_data_models.fct_weather_data.run> on 2024-08-17 00:00:00+00:00
[2024-08-19T03:20:02.607+0000] {warnings.py:112} WARNING - /home/***/.local/lib/python3.12/site-packages/***/task/task_runner/standard_task_runner.py:61: DeprecationWarning: This process (pid=352) is multi-threaded, use of fork() may lead to deadlocks in the child.
  pid = os.fork()

[2024-08-19T03:20:02.610+0000] {standard_task_runner.py:63} INFO - Started process 354 to run task
[2024-08-19T03:20:02.610+0000] {standard_task_runner.py:90} INFO - Running: ['***', 'tasks', 'run', 'Weather_Data_Extraction', 'weather_data_models.fct_weather_data.run', 'backfill__2024-08-17T00:00:00+00:00', '--job-id', '1330', '--pool', 'default_pool', '--raw', '--subdir', 'DAGS_FOLDER/Data_Weather_Extraction.py', '--cfg-path', '/tmp/tmpkr4y3enm']
[2024-08-19T03:20:02.613+0000] {standard_task_runner.py:91} INFO - Job 1330: Subtask weather_data_models.fct_weather_data.run
[2024-08-19T03:20:02.672+0000] {task_command.py:426} INFO - Running <TaskInstance: Weather_Data_Extraction.weather_data_models.fct_weather_data.run backfill__2024-08-17T00:00:00+00:00 [running]> on host ubuntu
[2024-08-19T03:20:02.782+0000] {taskinstance.py:2648} INFO - Exporting env vars: AIRFLOW_CTX_DAG_OWNER='Ducky' AIRFLOW_CTX_DAG_ID='Weather_Data_Extraction' AIRFLOW_CTX_TASK_ID='weather_data_models.fct_weather_data.run' AIRFLOW_CTX_EXECUTION_DATE='2024-08-17T00:00:00+00:00' AIRFLOW_CTX_TRY_NUMBER='1' AIRFLOW_CTX_DAG_RUN_ID='backfill__2024-08-17T00:00:00+00:00'
[2024-08-19T03:20:02.786+0000] {taskinstance.py:430} INFO - ::endgroup::
[2024-08-19T03:20:02.833+0000] {log.py:232} WARNING - [[34m2024-08-19T03:20:02.831+0000[0m] {[34mgraph.py:[0m377} INFO[0m - [35m(astronomer-cosmos)[0m - Trying to parse the dbt project using dbt ls cache cosmos_cache__dbt_dag_filterd__customers_group...[0m
[2024-08-19T03:20:02.834+0000] {log.py:232} WARNING - [[34m2024-08-19T03:20:02.831+0000[0m] {[34mgraph.py:[0m377} INFO[0m - [35m(astronomer-cosmos)[0m - Trying to parse the dbt project using dbt ls cache cosmos_cache__dbt_dag_filterd__customers_group...[0m
[2024-08-19T03:20:02.831+0000] {graph.py:377} INFO - Trying to parse the dbt project using dbt ls cache cosmos_cache__dbt_dag_filterd__customers_group...
[2024-08-19T03:20:03.385+0000] {log.py:232} WARNING - [[34m2024-08-19T03:20:03.384+0000[0m] {[34mcache.py:[0m262} INFO[0m - [35m(astronomer-cosmos)[0m - Cosmos performance: time to calculate cache identifier cosmos_cache__dbt_dag_filterd__customers_group for current version: 0.5314136529999587[0m
[2024-08-19T03:20:03.386+0000] {log.py:232} WARNING - [[34m2024-08-19T03:20:03.384+0000[0m] {[34mcache.py:[0m262} INFO[0m - [35m(astronomer-cosmos)[0m - Cosmos performance: time to calculate cache identifier cosmos_cache__dbt_dag_filterd__customers_group for current version: 0.5314136529999587[0m
[2024-08-19T03:20:03.384+0000] {cache.py:262} INFO - Cosmos performance: time to calculate cache identifier cosmos_cache__dbt_dag_filterd__customers_group for current version: 0.5314136529999587
[2024-08-19T03:20:03.387+0000] {log.py:232} WARNING - [[34m2024-08-19T03:20:03.387+0000[0m] {[34mgraph.py:[0m394} INFO[0m - [35m(astronomer-cosmos)[0m - Cosmos performance [ubuntu|354]: The cache size for cosmos_cache__dbt_dag_filterd__customers_group is 2948[0m
[2024-08-19T03:20:03.387+0000] {log.py:232} WARNING - [[34m2024-08-19T03:20:03.387+0000[0m] {[34mgraph.py:[0m394} INFO[0m - [35m(astronomer-cosmos)[0m - Cosmos performance [ubuntu|354]: The cache size for cosmos_cache__dbt_dag_filterd__customers_group is 2948[0m
[2024-08-19T03:20:03.387+0000] {graph.py:394} INFO - Cosmos performance [ubuntu|354]: The cache size for cosmos_cache__dbt_dag_filterd__customers_group is 2948
[2024-08-19T03:20:03.389+0000] {log.py:232} WARNING - [[34m2024-08-19T03:20:03.389+0000[0m] {[34mgraph.py:[0m402} INFO[0m - [35m(astronomer-cosmos)[0m - Cosmos performance: Cache hit for cosmos_cache__dbt_dag_filterd__customers_group - d3655c99e4b770027e65648437a3d068,5f7d44698c4b67134aff532494870c9c[0m
[2024-08-19T03:20:03.389+0000] {log.py:232} WARNING - [[34m2024-08-19T03:20:03.389+0000[0m] {[34mgraph.py:[0m402} INFO[0m - [35m(astronomer-cosmos)[0m - Cosmos performance: Cache hit for cosmos_cache__dbt_dag_filterd__customers_group - d3655c99e4b770027e65648437a3d068,5f7d44698c4b67134aff532494870c9c[0m
[2024-08-19T03:20:03.389+0000] {graph.py:402} INFO - Cosmos performance: Cache hit for cosmos_cache__dbt_dag_filterd__customers_group - d3655c99e4b770027e65648437a3d068,5f7d44698c4b67134aff532494870c9c
[2024-08-19T03:20:03.390+0000] {log.py:232} WARNING - [[34m2024-08-19T03:20:03.390+0000[0m] {[34mgraph.py:[0m335} INFO[0m - [35m(astronomer-cosmos)[0m - Total nodes: 3[0m
[2024-08-19T03:20:03.390+0000] {log.py:232} WARNING - [[34m2024-08-19T03:20:03.390+0000[0m] {[34mgraph.py:[0m335} INFO[0m - [35m(astronomer-cosmos)[0m - Total nodes: 3[0m
[2024-08-19T03:20:03.390+0000] {graph.py:335} INFO - Total nodes: 3
[2024-08-19T03:20:03.391+0000] {log.py:232} WARNING - [[34m2024-08-19T03:20:03.391+0000[0m] {[34mgraph.py:[0m336} INFO[0m - [35m(astronomer-cosmos)[0m - Total filtered nodes: 3[0m
[2024-08-19T03:20:03.392+0000] {log.py:232} WARNING - [[34m2024-08-19T03:20:03.391+0000[0m] {[34mgraph.py:[0m336} INFO[0m - [35m(astronomer-cosmos)[0m - Total filtered nodes: 3[0m
[2024-08-19T03:20:03.391+0000] {graph.py:336} INFO - Total filtered nodes: 3
[2024-08-19T03:20:03.393+0000] {log.py:232} WARNING - [[34m2024-08-19T03:20:03.393+0000[0m] {[34mconverter.py:[0m251} INFO[0m - [35m(astronomer-cosmos)[0m - Cosmos performance (dbt_dag_filterd__customers_group) -  [ubuntu|354]: It took 0.562s to parse the dbt project for DAG using LoadMode.DBT_LS_CACHE[0m
[2024-08-19T03:20:03.393+0000] {log.py:232} WARNING - [[34m2024-08-19T03:20:03.393+0000[0m] {[34mconverter.py:[0m251} INFO[0m - [35m(astronomer-cosmos)[0m - Cosmos performance (dbt_dag_filterd__customers_group) -  [ubuntu|354]: It took 0.562s to parse the dbt project for DAG using LoadMode.DBT_LS_CACHE[0m
[2024-08-19T03:20:03.393+0000] {converter.py:251} INFO - Cosmos performance (dbt_dag_filterd__customers_group) -  [ubuntu|354]: It took 0.562s to parse the dbt project for DAG using LoadMode.DBT_LS_CACHE
[2024-08-19T03:20:03.396+0000] {log.py:232} WARNING - [[34m2024-08-19T03:20:03.396+0000[0m] {[34mproject.py:[0m35} INFO[0m - [35m(astronomer-cosmos)[0m - Project /opt/***/dags/Data_Marketplace does not have {'dependencies.yml', 'packages.yml'}[0m
[2024-08-19T03:20:03.397+0000] {log.py:232} WARNING - [[34m2024-08-19T03:20:03.396+0000[0m] {[34mproject.py:[0m35} INFO[0m - [35m(astronomer-cosmos)[0m - Project /opt/***/dags/Data_Marketplace does not have {'dependencies.yml', 'packages.yml'}[0m
[2024-08-19T03:20:03.396+0000] {project.py:35} INFO - Project /opt/***/dags/Data_Marketplace does not have {'dependencies.yml', 'packages.yml'}
[2024-08-19T03:20:03.400+0000] {log.py:232} WARNING - [[34m2024-08-19T03:20:03.399+0000[0m] {[34mproject.py:[0m35} INFO[0m - [35m(astronomer-cosmos)[0m - Project /opt/***/dags/Data_Marketplace does not have {'dependencies.yml', 'packages.yml'}[0m
[2024-08-19T03:20:03.400+0000] {log.py:232} WARNING - [[34m2024-08-19T03:20:03.399+0000[0m] {[34mproject.py:[0m35} INFO[0m - [35m(astronomer-cosmos)[0m - Project /opt/***/dags/Data_Marketplace does not have {'dependencies.yml', 'packages.yml'}[0m
[2024-08-19T03:20:03.399+0000] {project.py:35} INFO - Project /opt/***/dags/Data_Marketplace does not have {'dependencies.yml', 'packages.yml'}
[2024-08-19T03:20:03.403+0000] {log.py:232} WARNING - [[34m2024-08-19T03:20:03.402+0000[0m] {[34mproject.py:[0m35} INFO[0m - [35m(astronomer-cosmos)[0m - Project /opt/***/dags/Data_Marketplace does not have {'dependencies.yml', 'packages.yml'}[0m
[2024-08-19T03:20:03.403+0000] {log.py:232} WARNING - [[34m2024-08-19T03:20:03.402+0000[0m] {[34mproject.py:[0m35} INFO[0m - [35m(astronomer-cosmos)[0m - Project /opt/***/dags/Data_Marketplace does not have {'dependencies.yml', 'packages.yml'}[0m
[2024-08-19T03:20:03.402+0000] {project.py:35} INFO - Project /opt/***/dags/Data_Marketplace does not have {'dependencies.yml', 'packages.yml'}
[2024-08-19T03:20:03.404+0000] {log.py:232} WARNING - [[34m2024-08-19T03:20:03.404+0000[0m] {[34mconverter.py:[0m293} INFO[0m - [35m(astronomer-cosmos)[0m - Cosmos performance (dbt_dag_filterd__customers_group) - [ubuntu|354]: It took 0.0116s to build the Airflow DAG.[0m
[2024-08-19T03:20:03.405+0000] {log.py:232} WARNING - [[34m2024-08-19T03:20:03.404+0000[0m] {[34mconverter.py:[0m293} INFO[0m - [35m(astronomer-cosmos)[0m - Cosmos performance (dbt_dag_filterd__customers_group) - [ubuntu|354]: It took 0.0116s to build the Airflow DAG.[0m
[2024-08-19T03:20:03.404+0000] {converter.py:293} INFO - Cosmos performance (dbt_dag_filterd__customers_group) - [ubuntu|354]: It took 0.0116s to build the Airflow DAG.
[2024-08-19T03:20:03.406+0000] {log.py:232} WARNING - [[34m2024-08-19T03:20:03.406+0000[0m] {[34mlocal.py:[0m174} INFO[0m - [35m(astronomer-cosmos)[0m - Could not import dbtRunner. Falling back to subprocess for invoking dbt.[0m
[2024-08-19T03:20:03.407+0000] {log.py:232} WARNING - [[34m2024-08-19T03:20:03.406+0000[0m] {[34mlocal.py:[0m174} INFO[0m - [35m(astronomer-cosmos)[0m - Could not import dbtRunner. Falling back to subprocess for invoking dbt.[0m
[2024-08-19T03:20:03.406+0000] {local.py:174} INFO - Could not import dbtRunner. Falling back to subprocess for invoking dbt.
[2024-08-19T03:20:03.409+0000] {log.py:232} WARNING - [[34m2024-08-19T03:20:03.408+0000[0m] {[34mlocal.py:[0m292} INFO[0m - [35m(astronomer-cosmos)[0m - Cloning project to writable temp directory /tmp/tmpdl3mv_s6 from /opt/***/dags/Data_Marketplace[0m
[2024-08-19T03:20:03.409+0000] {log.py:232} WARNING - [[34m2024-08-19T03:20:03.408+0000[0m] {[34mlocal.py:[0m292} INFO[0m - [35m(astronomer-cosmos)[0m - Cloning project to writable temp directory /tmp/tmpdl3mv_s6 from /opt/***/dags/Data_Marketplace[0m
[2024-08-19T03:20:03.408+0000] {local.py:292} INFO - Cloning project to writable temp directory /tmp/tmpdl3mv_s6 from /opt/airflow/dags/Data_Marketplace
[2024-08-19T03:20:03.415+0000] {log.py:232} WARNING - [[34m2024-08-19T03:20:03.414+0000[0m] {[34mlocal.py:[0m303} INFO[0m - [35m(astronomer-cosmos)[0m - Partial parse is enabled and the latest partial parse file is /tmp/cosmos/Weather_Data_Extraction__weather_data_models/target/partial_parse.msgpack[0m
[2024-08-19T03:20:03.415+0000] {log.py:232} WARNING - [[34m2024-08-19T03:20:03.414+0000[0m] {[34mlocal.py:[0m303} INFO[0m - [35m(astronomer-cosmos)[0m - Partial parse is enabled and the latest partial parse file is /tmp/cosmos/Weather_Data_Extraction__weather_data_models/target/partial_parse.msgpack[0m
[2024-08-19T03:20:03.414+0000] {local.py:303} INFO - Partial parse is enabled and the latest partial parse file is /tmp/cosmos/Weather_Data_Extraction__weather_data_models/target/partial_parse.msgpack
[2024-08-19T03:20:03.426+0000] {log.py:232} WARNING - [[34m2024-08-19T03:20:03.425+0000[0m] {[34mconfig.py:[0m292} INFO[0m - [35m(astronomer-cosmos)[0m - Profile caching is enable.[0m
[2024-08-19T03:20:03.427+0000] {log.py:232} WARNING - [[34m2024-08-19T03:20:03.425+0000[0m] {[34mconfig.py:[0m292} INFO[0m - [35m(astronomer-cosmos)[0m - Profile caching is enable.[0m
[2024-08-19T03:20:03.425+0000] {config.py:292} INFO - Profile caching is enable.
[2024-08-19T03:20:03.439+0000] {base.py:84} INFO - Using connection ID 'snowflake_conn' for task execution.
[2024-08-19T03:20:03.443+0000] {log.py:232} WARNING - [[34m2024-08-19T03:20:03.443+0000[0m] {[34mconfig.py:[0m272} INFO[0m - [35m(astronomer-cosmos)[0m - Profile found in cache using profile: /tmp/cosmos/profile/ec71862f850e9b0839075fe0561d5062ab3dd99ef2a3dac2fe4fc1486f2849d0/profiles.yml.[0m
[2024-08-19T03:20:03.444+0000] {log.py:232} WARNING - [[34m2024-08-19T03:20:03.443+0000[0m] {[34mconfig.py:[0m272} INFO[0m - [35m(astronomer-cosmos)[0m - Profile found in cache using profile: /tmp/cosmos/profile/ec71862f850e9b0839075fe0561d5062ab3dd99ef2a3dac2fe4fc1486f2849d0/profiles.yml.[0m
[2024-08-19T03:20:03.443+0000] {config.py:272} INFO - Profile found in cache using profile: /tmp/cosmos/profile/ec71862f850e9b0839075fe0561d5062ab3dd99ef2a3dac2fe4fc1486f2849d0/profiles.yml.
[2024-08-19T03:20:03.446+0000] {log.py:232} WARNING - [[34m2024-08-19T03:20:03.445+0000[0m] {[34mlocal.py:[0m247} INFO[0m - [35m(astronomer-cosmos)[0m - Trying to run the command:
 ['/opt/***/dbt_venv/bin/dbt', 'run', '--models', 'fct_weather_data', '--project-dir', '/tmp/tmpdl3mv_s6', '--profiles-dir', '/tmp/cosmos/profile/ec71862f850e9b0839075fe0561d5062ab3dd99ef2a3dac2fe4fc1486f2849d0', '--profile', 'Data_Marketplace', '--target', 'dev']
From /tmp/tmpdl3mv_s6[0m
[2024-08-19T03:20:03.447+0000] {log.py:232} WARNING - [[34m2024-08-19T03:20:03.445+0000[0m] {[34mlocal.py:[0m247} INFO[0m - [35m(astronomer-cosmos)[0m - Trying to run the command:
 ['/opt/***/dbt_venv/bin/dbt', 'run', '--models', 'fct_weather_data', '--project-dir', '/tmp/tmpdl3mv_s6', '--profiles-dir', '/tmp/cosmos/profile/ec71862f850e9b0839075fe0561d5062ab3dd99ef2a3dac2fe4fc1486f2849d0', '--profile', 'Data_Marketplace', '--target', 'dev']
From /tmp/tmpdl3mv_s6[0m
[2024-08-19T03:20:03.445+0000] {local.py:247} INFO - Trying to run the command:
 ['/opt/***/dbt_venv/bin/dbt', 'run', '--models', 'fct_weather_data', '--project-dir', '/tmp/tmpdl3mv_s6', '--profiles-dir', '/tmp/cosmos/profile/ec71862f850e9b0839075fe0561d5062ab3dd99ef2a3dac2fe4fc1486f2849d0', '--profile', 'Data_Marketplace', '--target', 'dev']
From /tmp/tmpdl3mv_s6
[2024-08-19T03:20:03.448+0000] {log.py:232} WARNING - [[34m2024-08-19T03:20:03.447+0000[0m] {[34msubprocess.py:[0m60} INFO[0m - [35m(astronomer-cosmos)[0m - Tmp dir root location: 
 /tmp[0m
[2024-08-19T03:20:03.448+0000] {log.py:232} WARNING - [[34m2024-08-19T03:20:03.447+0000[0m] {[34msubprocess.py:[0m60} INFO[0m - [35m(astronomer-cosmos)[0m - Tmp dir root location: 
 /tmp[0m
[2024-08-19T03:20:03.447+0000] {subprocess.py:60} INFO - Tmp dir root location: 
 /tmp
[2024-08-19T03:20:03.449+0000] {log.py:232} WARNING - [[34m2024-08-19T03:20:03.449+0000[0m] {[34msubprocess.py:[0m73} INFO[0m - [35m(astronomer-cosmos)[0m - Running command: ['/opt/***/dbt_venv/bin/dbt', 'run', '--models', 'fct_weather_data', '--project-dir', '/tmp/tmpdl3mv_s6', '--profiles-dir', '/tmp/cosmos/profile/ec71862f850e9b0839075fe0561d5062ab3dd99ef2a3dac2fe4fc1486f2849d0', '--profile', 'Data_Marketplace', '--target', 'dev'][0m
[2024-08-19T03:20:03.450+0000] {log.py:232} WARNING - [[34m2024-08-19T03:20:03.449+0000[0m] {[34msubprocess.py:[0m73} INFO[0m - [35m(astronomer-cosmos)[0m - Running command: ['/opt/***/dbt_venv/bin/dbt', 'run', '--models', 'fct_weather_data', '--project-dir', '/tmp/tmpdl3mv_s6', '--profiles-dir', '/tmp/cosmos/profile/ec71862f850e9b0839075fe0561d5062ab3dd99ef2a3dac2fe4fc1486f2849d0', '--profile', 'Data_Marketplace', '--target', 'dev'][0m
[2024-08-19T03:20:03.449+0000] {subprocess.py:73} INFO - Running command: ['/opt/***/dbt_venv/bin/dbt', 'run', '--models', 'fct_weather_data', '--project-dir', '/tmp/tmpdl3mv_s6', '--profiles-dir', '/tmp/cosmos/profile/ec71862f850e9b0839075fe0561d5062ab3dd99ef2a3dac2fe4fc1486f2849d0', '--profile', 'Data_Marketplace', '--target', 'dev']
[2024-08-19T03:20:03.464+0000] {log.py:232} WARNING - [[34m2024-08-19T03:20:03.463+0000[0m] {[34msubprocess.py:[0m84} INFO[0m - [35m(astronomer-cosmos)[0m - Command output:[0m
[2024-08-19T03:20:03.465+0000] {log.py:232} WARNING - [[34m2024-08-19T03:20:03.463+0000[0m] {[34msubprocess.py:[0m84} INFO[0m - [35m(astronomer-cosmos)[0m - Command output:[0m
[2024-08-19T03:20:03.463+0000] {subprocess.py:84} INFO - Command output:
[2024-08-19T03:20:06.079+0000] {log.py:232} WARNING - [[34m2024-08-19T03:20:06.079+0000[0m] {[34msubprocess.py:[0m94} INFO[0m - [35m(astronomer-cosmos)[0m - [0m03:20:06  Running with dbt=1.8.5[0m
[2024-08-19T03:20:06.081+0000] {log.py:232} WARNING - [[34m2024-08-19T03:20:06.079+0000[0m] {[34msubprocess.py:[0m94} INFO[0m - [35m(astronomer-cosmos)[0m - [0m03:20:06  Running with dbt=1.8.5[0m
[2024-08-19T03:20:06.079+0000] {subprocess.py:94} INFO - [0m03:20:06  Running with dbt=1.8.5
[2024-08-19T03:20:06.796+0000] {log.py:232} WARNING - [[34m2024-08-19T03:20:06.796+0000[0m] {[34msubprocess.py:[0m94} INFO[0m - [35m(astronomer-cosmos)[0m - [0m03:20:06  Registered adapter: snowflake=1.8.3[0m
[2024-08-19T03:20:06.797+0000] {log.py:232} WARNING - [[34m2024-08-19T03:20:06.796+0000[0m] {[34msubprocess.py:[0m94} INFO[0m - [35m(astronomer-cosmos)[0m - [0m03:20:06  Registered adapter: snowflake=1.8.3[0m
[2024-08-19T03:20:06.796+0000] {subprocess.py:94} INFO - [0m03:20:06  Registered adapter: snowflake=1.8.3
[2024-08-19T03:20:07.678+0000] {log.py:232} WARNING - [[34m2024-08-19T03:20:07.678+0000[0m] {[34msubprocess.py:[0m94} INFO[0m - [35m(astronomer-cosmos)[0m - [0m03:20:07  Found 9 models, 2 snapshots, 3 seeds, 2 data tests, 3 sources, 448 macros[0m
[2024-08-19T03:20:07.679+0000] {log.py:232} WARNING - [[34m2024-08-19T03:20:07.678+0000[0m] {[34msubprocess.py:[0m94} INFO[0m - [35m(astronomer-cosmos)[0m - [0m03:20:07  Found 9 models, 2 snapshots, 3 seeds, 2 data tests, 3 sources, 448 macros[0m
[2024-08-19T03:20:07.678+0000] {subprocess.py:94} INFO - [0m03:20:07  Found 9 models, 2 snapshots, 3 seeds, 2 data tests, 3 sources, 448 macros
[2024-08-19T03:20:07.681+0000] {log.py:232} WARNING - [[34m2024-08-19T03:20:07.681+0000[0m] {[34msubprocess.py:[0m94} INFO[0m - [35m(astronomer-cosmos)[0m - [0m03:20:07[0m
[2024-08-19T03:20:07.682+0000] {log.py:232} WARNING - [[34m2024-08-19T03:20:07.681+0000[0m] {[34msubprocess.py:[0m94} INFO[0m - [35m(astronomer-cosmos)[0m - [0m03:20:07[0m
[2024-08-19T03:20:07.681+0000] {subprocess.py:94} INFO - [0m03:20:07
[2024-08-19T03:20:10.272+0000] {log.py:232} WARNING - [[34m2024-08-19T03:20:10.272+0000[0m] {[34msubprocess.py:[0m94} INFO[0m - [35m(astronomer-cosmos)[0m - [0m03:20:10  Concurrency: 1 threads (target='dev')[0m
[2024-08-19T03:20:10.274+0000] {log.py:232} WARNING - [[34m2024-08-19T03:20:10.272+0000[0m] {[34msubprocess.py:[0m94} INFO[0m - [35m(astronomer-cosmos)[0m - [0m03:20:10  Concurrency: 1 threads (target='dev')[0m
[2024-08-19T03:20:10.272+0000] {subprocess.py:94} INFO - [0m03:20:10  Concurrency: 1 threads (target='dev')
[2024-08-19T03:20:10.276+0000] {log.py:232} WARNING - [[34m2024-08-19T03:20:10.276+0000[0m] {[34msubprocess.py:[0m94} INFO[0m - [35m(astronomer-cosmos)[0m - [0m03:20:10[0m
[2024-08-19T03:20:10.277+0000] {log.py:232} WARNING - [[34m2024-08-19T03:20:10.276+0000[0m] {[34msubprocess.py:[0m94} INFO[0m - [35m(astronomer-cosmos)[0m - [0m03:20:10[0m
[2024-08-19T03:20:10.276+0000] {subprocess.py:94} INFO - [0m03:20:10
[2024-08-19T03:20:10.296+0000] {log.py:232} WARNING - [[34m2024-08-19T03:20:10.296+0000[0m] {[34msubprocess.py:[0m94} INFO[0m - [35m(astronomer-cosmos)[0m - [0m03:20:10  1 of 1 START sql incremental model DWH.fct_weather_data ........................ [RUN][0m
[2024-08-19T03:20:10.298+0000] {log.py:232} WARNING - [[34m2024-08-19T03:20:10.296+0000[0m] {[34msubprocess.py:[0m94} INFO[0m - [35m(astronomer-cosmos)[0m - [0m03:20:10  1 of 1 START sql incremental model DWH.fct_weather_data ........................ [RUN][0m
[2024-08-19T03:20:10.296+0000] {subprocess.py:94} INFO - [0m03:20:10  1 of 1 START sql incremental model DWH.fct_weather_data ........................ [RUN]
[2024-08-19T03:20:13.803+0000] {log.py:232} WARNING - [[34m2024-08-19T03:20:13.803+0000[0m] {[34msubprocess.py:[0m94} INFO[0m - [35m(astronomer-cosmos)[0m - [0m03:20:13  1 of 1 OK created sql incremental model DWH.fct_weather_data ................... [[32mSUCCESS 864[0m in 3.50s][0m
[2024-08-19T03:20:13.804+0000] {log.py:232} WARNING - [[34m2024-08-19T03:20:13.803+0000[0m] {[34msubprocess.py:[0m94} INFO[0m - [35m(astronomer-cosmos)[0m - [0m03:20:13  1 of 1 OK created sql incremental model DWH.fct_weather_data ................... [[32mSUCCESS 864[0m in 3.50s][0m
[2024-08-19T03:20:13.803+0000] {subprocess.py:94} INFO - [0m03:20:13  1 of 1 OK created sql incremental model DWH.fct_weather_data ................... [[32mSUCCESS 864[0m in 3.50s]
[2024-08-19T03:20:13.807+0000] {log.py:232} WARNING - [[34m2024-08-19T03:20:13.807+0000[0m] {[34msubprocess.py:[0m94} INFO[0m - [35m(astronomer-cosmos)[0m - [0m03:20:13[0m
[2024-08-19T03:20:13.808+0000] {log.py:232} WARNING - [[34m2024-08-19T03:20:13.807+0000[0m] {[34msubprocess.py:[0m94} INFO[0m - [35m(astronomer-cosmos)[0m - [0m03:20:13[0m
[2024-08-19T03:20:13.807+0000] {subprocess.py:94} INFO - [0m03:20:13
[2024-08-19T03:20:13.809+0000] {log.py:232} WARNING - [[34m2024-08-19T03:20:13.809+0000[0m] {[34msubprocess.py:[0m94} INFO[0m - [35m(astronomer-cosmos)[0m - [0m03:20:13  Finished running 1 incremental model in 0 hours 0 minutes and 6.13 seconds (6.13s).[0m
[2024-08-19T03:20:13.810+0000] {log.py:232} WARNING - [[34m2024-08-19T03:20:13.809+0000[0m] {[34msubprocess.py:[0m94} INFO[0m - [35m(astronomer-cosmos)[0m - [0m03:20:13  Finished running 1 incremental model in 0 hours 0 minutes and 6.13 seconds (6.13s).[0m
[2024-08-19T03:20:13.809+0000] {subprocess.py:94} INFO - [0m03:20:13  Finished running 1 incremental model in 0 hours 0 minutes and 6.13 seconds (6.13s).
[2024-08-19T03:20:13.843+0000] {log.py:232} WARNING - [[34m2024-08-19T03:20:13.843+0000[0m] {[34msubprocess.py:[0m94} INFO[0m - [35m(astronomer-cosmos)[0m - [0m03:20:13[0m
[2024-08-19T03:20:13.844+0000] {log.py:232} WARNING - [[34m2024-08-19T03:20:13.843+0000[0m] {[34msubprocess.py:[0m94} INFO[0m - [35m(astronomer-cosmos)[0m - [0m03:20:13[0m
[2024-08-19T03:20:13.843+0000] {subprocess.py:94} INFO - [0m03:20:13
[2024-08-19T03:20:13.845+0000] {log.py:232} WARNING - [[34m2024-08-19T03:20:13.845+0000[0m] {[34msubprocess.py:[0m94} INFO[0m - [35m(astronomer-cosmos)[0m - [0m03:20:13  [32mCompleted successfully[0m[0m
[2024-08-19T03:20:13.846+0000] {log.py:232} WARNING - [[34m2024-08-19T03:20:13.845+0000[0m] {[34msubprocess.py:[0m94} INFO[0m - [35m(astronomer-cosmos)[0m - [0m03:20:13  [32mCompleted successfully[0m[0m
[2024-08-19T03:20:13.845+0000] {subprocess.py:94} INFO - [0m03:20:13  [32mCompleted successfully[0m
[2024-08-19T03:20:13.847+0000] {log.py:232} WARNING - [[34m2024-08-19T03:20:13.847+0000[0m] {[34msubprocess.py:[0m94} INFO[0m - [35m(astronomer-cosmos)[0m - [0m03:20:13[0m
[2024-08-19T03:20:13.848+0000] {log.py:232} WARNING - [[34m2024-08-19T03:20:13.847+0000[0m] {[34msubprocess.py:[0m94} INFO[0m - [35m(astronomer-cosmos)[0m - [0m03:20:13[0m
[2024-08-19T03:20:13.847+0000] {subprocess.py:94} INFO - [0m03:20:13
[2024-08-19T03:20:13.849+0000] {log.py:232} WARNING - [[34m2024-08-19T03:20:13.849+0000[0m] {[34msubprocess.py:[0m94} INFO[0m - [35m(astronomer-cosmos)[0m - [0m03:20:13  Done. PASS=1 WARN=0 ERROR=0 SKIP=0 TOTAL=1[0m
[2024-08-19T03:20:13.850+0000] {log.py:232} WARNING - [[34m2024-08-19T03:20:13.849+0000[0m] {[34msubprocess.py:[0m94} INFO[0m - [35m(astronomer-cosmos)[0m - [0m03:20:13  Done. PASS=1 WARN=0 ERROR=0 SKIP=0 TOTAL=1[0m
[2024-08-19T03:20:13.849+0000] {subprocess.py:94} INFO - [0m03:20:13  Done. PASS=1 WARN=0 ERROR=0 SKIP=0 TOTAL=1
[2024-08-19T03:20:15.648+0000] {log.py:232} WARNING - [[34m2024-08-19T03:20:15.648+0000[0m] {[34msubprocess.py:[0m98} INFO[0m - [35m(astronomer-cosmos)[0m - Command exited with return code 0[0m
[2024-08-19T03:20:15.650+0000] {log.py:232} WARNING - [[34m2024-08-19T03:20:15.648+0000[0m] {[34msubprocess.py:[0m98} INFO[0m - [35m(astronomer-cosmos)[0m - Command exited with return code 0[0m
[2024-08-19T03:20:15.648+0000] {subprocess.py:98} INFO - Command exited with return code 0
[2024-08-19T03:20:15.651+0000] {log.py:232} WARNING - [[34m2024-08-19T03:20:15.651+0000[0m] {[34mlocal.py:[0m254} INFO[0m - [35m(astronomer-cosmos)[0m - [0m03:20:13  Done. PASS=1 WARN=0 ERROR=0 SKIP=0 TOTAL=1[0m
[2024-08-19T03:20:15.652+0000] {log.py:232} WARNING - [[34m2024-08-19T03:20:15.651+0000[0m] {[34mlocal.py:[0m254} INFO[0m - [35m(astronomer-cosmos)[0m - [0m03:20:13  Done. PASS=1 WARN=0 ERROR=0 SKIP=0 TOTAL=1[0m
[2024-08-19T03:20:15.651+0000] {local.py:254} INFO - [0m03:20:13  Done. PASS=1 WARN=0 ERROR=0 SKIP=0 TOTAL=1
[2024-08-19T03:20:15.667+0000] {local.py:196} WARNING - Artifact schema version: https://schemas.getdbt.com/dbt/manifest/v12.json is above dbt-ol supported version 7. This might cause errors.
[2024-08-19T03:20:15.668+0000] {local.py:196} WARNING - Artifact schema version: https://schemas.getdbt.com/dbt/run-results/v6.json is above dbt-ol supported version 5. This might cause errors.
[2024-08-19T03:20:15.676+0000] {log.py:232} WARNING - [[34m2024-08-19T03:20:15.676+0000[0m] {[34mlocal.py:[0m349} INFO[0m - [35m(astronomer-cosmos)[0m - Inlets: [Dataset(uri='snowflake://uz36730.ap-southeast-1.aws/POC_DATA_MARKETPLACE.DWH.stg_weather_data', extra=None)][0m
[2024-08-19T03:20:15.677+0000] {log.py:232} WARNING - [[34m2024-08-19T03:20:15.676+0000[0m] {[34mlocal.py:[0m349} INFO[0m - [35m(astronomer-cosmos)[0m - Inlets: [Dataset(uri='snowflake://uz36730.ap-southeast-1.aws/POC_DATA_MARKETPLACE.DWH.stg_weather_data', extra=None)][0m
[2024-08-19T03:20:15.676+0000] {local.py:349} INFO - Inlets: [Dataset(uri='snowflake://uz36730.ap-southeast-1.aws/POC_DATA_MARKETPLACE.DWH.stg_weather_data', extra=None)]
[2024-08-19T03:20:15.678+0000] {log.py:232} WARNING - [[34m2024-08-19T03:20:15.678+0000[0m] {[34mlocal.py:[0m350} INFO[0m - [35m(astronomer-cosmos)[0m - Outlets: [Dataset(uri='snowflake://uz36730.ap-southeast-1.aws/POC_DATA_MARKETPLACE.DWH.fct_weather_data', extra=None)][0m
[2024-08-19T03:20:15.678+0000] {log.py:232} WARNING - [[34m2024-08-19T03:20:15.678+0000[0m] {[34mlocal.py:[0m350} INFO[0m - [35m(astronomer-cosmos)[0m - Outlets: [Dataset(uri='snowflake://uz36730.ap-southeast-1.aws/POC_DATA_MARKETPLACE.DWH.fct_weather_data', extra=None)][0m
[2024-08-19T03:20:15.678+0000] {local.py:350} INFO - Outlets: [Dataset(uri='snowflake://uz36730.ap-southeast-1.aws/POC_DATA_MARKETPLACE.DWH.fct_weather_data', extra=None)]
[2024-08-19T03:20:15.680+0000] {dag.py:3096} INFO - Sync 1 DAGs
[2024-08-19T03:20:15.740+0000] {taskinstance.py:441} INFO - ::group::Post task execution logs
[2024-08-19T03:20:15.780+0000] {taskinstance.py:1206} INFO - Marking task as SUCCESS. dag_id=Weather_Data_Extraction, task_id=weather_data_models.fct_weather_data.run, run_id=backfill__2024-08-17T00:00:00+00:00, execution_date=20240817T000000, start_date=20240819T032002, end_date=20240819T032015
[2024-08-19T03:20:15.843+0000] {local_task_job_runner.py:240} INFO - Task exited with return code 0
[2024-08-19T03:20:15.880+0000] {taskinstance.py:3503} INFO - 1 downstream tasks scheduled from follow-on schedule check
[2024-08-19T03:20:15.883+0000] {local_task_job_runner.py:222} INFO - ::endgroup::
