[2024-08-13T15:06:38.820+0000] {local_task_job_runner.py:120} INFO - ::group::Pre task execution logs
[2024-08-13T15:06:39.073+0000] {taskinstance.py:2076} INFO - Dependencies all met for dep_context=non-requeueable deps ti=<TaskInstance: Scrape_Province.sleep_for_10_seconds manual__2024-08-13T15:05:58.590829+00:00 [queued]>
[2024-08-13T15:06:39.086+0000] {taskinstance.py:2076} INFO - Dependencies all met for dep_context=requeueable deps ti=<TaskInstance: Scrape_Province.sleep_for_10_seconds manual__2024-08-13T15:05:58.590829+00:00 [queued]>
[2024-08-13T15:06:39.087+0000] {taskinstance.py:2306} INFO - Starting attempt 1 of 1
[2024-08-13T15:06:39.111+0000] {taskinstance.py:2330} INFO - Executing <Task(BashOperator): sleep_for_10_seconds> on 2024-08-13 15:05:58.590829+00:00
[2024-08-13T15:06:39.124+0000] {warnings.py:112} WARNING - /home/***/.local/lib/python3.12/site-packages/***/task/task_runner/standard_task_runner.py:61: DeprecationWarning: This process (pid=188) is multi-threaded, use of fork() may lead to deadlocks in the child.
  pid = os.fork()

[2024-08-13T15:06:39.126+0000] {standard_task_runner.py:63} INFO - Started process 190 to run task
[2024-08-13T15:06:39.127+0000] {standard_task_runner.py:90} INFO - Running: ['***', 'tasks', 'run', 'Scrape_Province', 'sleep_for_10_seconds', 'manual__2024-08-13T15:05:58.590829+00:00', '--job-id', '14', '--raw', '--subdir', 'DAGS_FOLDER/Province_Extraction.py', '--cfg-path', '/tmp/tmpj__u232e']
[2024-08-13T15:06:39.131+0000] {standard_task_runner.py:91} INFO - Job 14: Subtask sleep_for_10_seconds
[2024-08-13T15:06:39.153+0000] {warnings.py:112} WARNING - /home/***/.local/lib/python3.12/site-packages/***/settings.py:195: DeprecationWarning: The sql_alchemy_conn option in [core] has been moved to the sql_alchemy_conn option in [database] - the old setting has been used, but please update your config.
  SQL_ALCHEMY_CONN = conf.get("database", "SQL_ALCHEMY_CONN")

[2024-08-13T15:06:39.212+0000] {task_command.py:426} INFO - Running <TaskInstance: Scrape_Province.sleep_for_10_seconds manual__2024-08-13T15:05:58.590829+00:00 [running]> on host ubuntu
[2024-08-13T15:06:39.375+0000] {taskinstance.py:2648} INFO - Exporting env vars: AIRFLOW_CTX_DAG_OWNER='Ducky' AIRFLOW_CTX_DAG_ID='Scrape_Province' AIRFLOW_CTX_TASK_ID='sleep_for_10_seconds' AIRFLOW_CTX_EXECUTION_DATE='2024-08-13T15:05:58.590829+00:00' AIRFLOW_CTX_TRY_NUMBER='1' AIRFLOW_CTX_DAG_RUN_ID='manual__2024-08-13T15:05:58.590829+00:00'
[2024-08-13T15:06:39.378+0000] {taskinstance.py:430} INFO - ::endgroup::
[2024-08-13T15:06:39.407+0000] {subprocess.py:63} INFO - Tmp dir root location: /tmp
[2024-08-13T15:06:39.410+0000] {subprocess.py:75} INFO - Running command: ['/usr/bin/bash', '-c', 'sleep 10']
[2024-08-13T15:06:39.434+0000] {subprocess.py:86} INFO - Output:
[2024-08-13T15:06:49.455+0000] {subprocess.py:97} INFO - Command exited with return code 0
[2024-08-13T15:06:49.458+0000] {taskinstance.py:441} INFO - ::group::Post task execution logs
[2024-08-13T15:06:49.521+0000] {taskinstance.py:1206} INFO - Marking task as SUCCESS. dag_id=Scrape_Province, task_id=sleep_for_10_seconds, run_id=manual__2024-08-13T15:05:58.590829+00:00, execution_date=20240813T150558, start_date=20240813T150639, end_date=20240813T150649
[2024-08-13T15:06:49.587+0000] {local_task_job_runner.py:240} INFO - Task exited with return code 0
[2024-08-13T15:06:49.636+0000] {taskinstance.py:3503} INFO - 1 downstream tasks scheduled from follow-on schedule check
[2024-08-13T15:06:49.641+0000] {local_task_job_runner.py:222} INFO - ::endgroup::
