[2024-08-14T05:42:16.838+0000] {local_task_job_runner.py:120} INFO - ::group::Pre task execution logs
[2024-08-14T05:42:17.009+0000] {taskinstance.py:2076} INFO - Dependencies all met for dep_context=non-requeueable deps ti=<TaskInstance: Weather_Data_Extraction.invoke_lambda_task backfill__2024-05-02T00:00:00+00:00 [queued]>
[2024-08-14T05:42:17.025+0000] {taskinstance.py:2076} INFO - Dependencies all met for dep_context=requeueable deps ti=<TaskInstance: Weather_Data_Extraction.invoke_lambda_task backfill__2024-05-02T00:00:00+00:00 [queued]>
[2024-08-14T05:42:17.028+0000] {taskinstance.py:2306} INFO - Starting attempt 1 of 1
[2024-08-14T05:42:17.059+0000] {taskinstance.py:2330} INFO - Executing <Task(PythonOperator): invoke_lambda_task> on 2024-05-02 00:00:00+00:00
[2024-08-14T05:42:17.071+0000] {warnings.py:112} WARNING - /home/***/.local/lib/python3.12/site-packages/***/task/task_runner/standard_task_runner.py:61: DeprecationWarning: This process (pid=3849) is multi-threaded, use of fork() may lead to deadlocks in the child.
  pid = os.fork()

[2024-08-14T05:42:17.073+0000] {standard_task_runner.py:63} INFO - Started process 3851 to run task
[2024-08-14T05:42:17.073+0000] {standard_task_runner.py:90} INFO - Running: ['***', 'tasks', 'run', 'Weather_Data_Extraction', 'invoke_lambda_task', 'backfill__2024-05-02T00:00:00+00:00', '--job-id', '772', '--pool', 'default_pool', '--raw', '--subdir', 'DAGS_FOLDER/Data_Weather_Extraction.py', '--cfg-path', '/tmp/tmp6itio01z']
[2024-08-14T05:42:17.076+0000] {standard_task_runner.py:91} INFO - Job 772: Subtask invoke_lambda_task
[2024-08-14T05:42:17.132+0000] {task_command.py:426} INFO - Running <TaskInstance: Weather_Data_Extraction.invoke_lambda_task backfill__2024-05-02T00:00:00+00:00 [running]> on host ubuntu
[2024-08-14T05:42:17.214+0000] {taskinstance.py:2648} INFO - Exporting env vars: AIRFLOW_CTX_DAG_OWNER='Ducky' AIRFLOW_CTX_DAG_ID='Weather_Data_Extraction' AIRFLOW_CTX_TASK_ID='invoke_lambda_task' AIRFLOW_CTX_EXECUTION_DATE='2024-05-02T00:00:00+00:00' AIRFLOW_CTX_TRY_NUMBER='1' AIRFLOW_CTX_DAG_RUN_ID='backfill__2024-05-02T00:00:00+00:00'
[2024-08-14T05:42:17.216+0000] {taskinstance.py:430} INFO - ::endgroup::
[2024-08-14T05:42:17.241+0000] {logging_mixin.py:188} INFO - Data_Weather-20240502.csv
[2024-08-14T05:42:17.241+0000] {logging_mixin.py:188} INFO - 2024/05/02
[2024-08-14T05:42:17.242+0000] {logging_mixin.py:188} INFO - {"execution_date": "2024/05/02", "file_name": "Data_Weather-20240502.csv"}
[2024-08-14T05:42:17.242+0000] {logging_mixin.py:188} INFO - https://eyzyhdwl8l.execute-api.ap-southeast-2.amazonaws.com/dev?execution_date=2024/05/02&file_name=Data_Weather-20240502.csv
[2024-08-14T05:42:46.799+0000] {logging_mixin.py:188} INFO - Failed to invoke Lambda function.
[2024-08-14T05:42:46.801+0000] {logging_mixin.py:188} INFO - Response: {"message": "Endpoint request timed out"}
[2024-08-14T05:42:46.806+0000] {python.py:237} INFO - Done. Returned value was: None
[2024-08-14T05:42:46.809+0000] {taskinstance.py:441} INFO - ::group::Post task execution logs
[2024-08-14T05:42:46.831+0000] {taskinstance.py:1206} INFO - Marking task as SUCCESS. dag_id=Weather_Data_Extraction, task_id=invoke_lambda_task, run_id=backfill__2024-05-02T00:00:00+00:00, execution_date=20240502T000000, start_date=20240814T054217, end_date=20240814T054246
[2024-08-14T05:42:46.896+0000] {local_task_job_runner.py:240} INFO - Task exited with return code 0
[2024-08-14T05:42:46.926+0000] {taskinstance.py:3503} INFO - 0 downstream tasks scheduled from follow-on schedule check
[2024-08-14T05:42:46.931+0000] {local_task_job_runner.py:222} INFO - ::endgroup::
