[2024-08-16T09:13:28.739+0000] {local_task_job_runner.py:120} INFO - ::group::Pre task execution logs
[2024-08-16T09:13:28.933+0000] {taskinstance.py:2076} INFO - Dependencies all met for dep_context=non-requeueable deps ti=<TaskInstance: Weather_Data_Extraction.sleep_for_10_seconds scheduled__2024-08-12T00:00:00+00:00 [queued]>
[2024-08-16T09:13:28.947+0000] {taskinstance.py:2076} INFO - Dependencies all met for dep_context=requeueable deps ti=<TaskInstance: Weather_Data_Extraction.sleep_for_10_seconds scheduled__2024-08-12T00:00:00+00:00 [queued]>
[2024-08-16T09:13:28.948+0000] {taskinstance.py:2306} INFO - Starting attempt 1 of 1
[2024-08-16T09:13:28.972+0000] {taskinstance.py:2330} INFO - Executing <Task(BashOperator): sleep_for_10_seconds> on 2024-08-12 00:00:00+00:00
[2024-08-16T09:13:28.983+0000] {warnings.py:112} WARNING - /home/***/.local/lib/python3.12/site-packages/***/task/task_runner/standard_task_runner.py:61: DeprecationWarning: This process (pid=834) is multi-threaded, use of fork() may lead to deadlocks in the child.
  pid = os.fork()

[2024-08-16T09:13:28.986+0000] {standard_task_runner.py:63} INFO - Started process 836 to run task
[2024-08-16T09:13:28.987+0000] {standard_task_runner.py:90} INFO - Running: ['***', 'tasks', 'run', 'Weather_Data_Extraction', 'sleep_for_10_seconds', 'scheduled__2024-08-12T00:00:00+00:00', '--job-id', '1132', '--pool', 'default_pool', '--raw', '--subdir', 'DAGS_FOLDER/Data_Weather_Extraction.py', '--cfg-path', '/tmp/tmpdjm85god']
[2024-08-16T09:13:28.995+0000] {standard_task_runner.py:91} INFO - Job 1132: Subtask sleep_for_10_seconds
[2024-08-16T09:13:29.116+0000] {task_command.py:426} INFO - Running <TaskInstance: Weather_Data_Extraction.sleep_for_10_seconds scheduled__2024-08-12T00:00:00+00:00 [running]> on host ubuntu
[2024-08-16T09:13:29.332+0000] {taskinstance.py:2648} INFO - Exporting env vars: AIRFLOW_CTX_DAG_OWNER='Ducky' AIRFLOW_CTX_DAG_ID='Weather_Data_Extraction' AIRFLOW_CTX_TASK_ID='sleep_for_10_seconds' AIRFLOW_CTX_EXECUTION_DATE='2024-08-12T00:00:00+00:00' AIRFLOW_CTX_TRY_NUMBER='1' AIRFLOW_CTX_DAG_RUN_ID='scheduled__2024-08-12T00:00:00+00:00'
[2024-08-16T09:13:29.336+0000] {taskinstance.py:430} INFO - ::endgroup::
[2024-08-16T09:13:29.360+0000] {subprocess.py:63} INFO - Tmp dir root location: /tmp
[2024-08-16T09:13:29.362+0000] {subprocess.py:75} INFO - Running command: ['/usr/bin/bash', '-c', 'sleep 10']
[2024-08-16T09:13:29.377+0000] {subprocess.py:86} INFO - Output:
[2024-08-16T09:13:39.383+0000] {subprocess.py:97} INFO - Command exited with return code 0
[2024-08-16T09:13:39.387+0000] {taskinstance.py:441} INFO - ::group::Post task execution logs
[2024-08-16T09:13:39.462+0000] {taskinstance.py:1206} INFO - Marking task as SUCCESS. dag_id=Weather_Data_Extraction, task_id=sleep_for_10_seconds, run_id=scheduled__2024-08-12T00:00:00+00:00, execution_date=20240812T000000, start_date=20240816T091328, end_date=20240816T091339
[2024-08-16T09:13:39.535+0000] {local_task_job_runner.py:240} INFO - Task exited with return code 0
[2024-08-16T09:13:39.566+0000] {taskinstance.py:3503} INFO - 1 downstream tasks scheduled from follow-on schedule check
[2024-08-16T09:13:39.570+0000] {local_task_job_runner.py:222} INFO - ::endgroup::
