[2024-08-14T07:10:54.420+0000] {local_task_job_runner.py:120} INFO - ::group::Pre task execution logs
[2024-08-14T07:10:54.438+0000] {taskinstance.py:2076} INFO - Dependencies all met for dep_context=non-requeueable deps ti=<TaskInstance: Weather_Data_Extraction.generate_output_file backfill__2024-07-26T00:00:00+00:00 [queued]>
[2024-08-14T07:10:54.447+0000] {taskinstance.py:2076} INFO - Dependencies all met for dep_context=requeueable deps ti=<TaskInstance: Weather_Data_Extraction.generate_output_file backfill__2024-07-26T00:00:00+00:00 [queued]>
[2024-08-14T07:10:54.448+0000] {taskinstance.py:2306} INFO - Starting attempt 1 of 1
[2024-08-14T07:10:54.603+0000] {taskinstance.py:2330} INFO - Executing <Task(PythonOperator): generate_output_file> on 2024-07-26 00:00:00+00:00
[2024-08-14T07:10:54.611+0000] {warnings.py:112} WARNING - /home/***/.local/lib/python3.12/site-packages/***/task/task_runner/standard_task_runner.py:61: DeprecationWarning: This process (pid=5741) is multi-threaded, use of fork() may lead to deadlocks in the child.
  pid = os.fork()

[2024-08-14T07:10:54.613+0000] {standard_task_runner.py:63} INFO - Started process 5743 to run task
[2024-08-14T07:10:54.613+0000] {standard_task_runner.py:90} INFO - Running: ['***', 'tasks', 'run', 'Weather_Data_Extraction', 'generate_output_file', 'backfill__2024-07-26T00:00:00+00:00', '--job-id', '1025', '--pool', 'default_pool', '--raw', '--subdir', 'DAGS_FOLDER/Data_Weather_Extraction.py', '--cfg-path', '/tmp/tmp18obpbmy']
[2024-08-14T07:10:54.616+0000] {standard_task_runner.py:91} INFO - Job 1025: Subtask generate_output_file
[2024-08-14T07:10:54.671+0000] {task_command.py:426} INFO - Running <TaskInstance: Weather_Data_Extraction.generate_output_file backfill__2024-07-26T00:00:00+00:00 [running]> on host ubuntu
[2024-08-14T07:10:54.762+0000] {taskinstance.py:2648} INFO - Exporting env vars: AIRFLOW_CTX_DAG_OWNER='Ducky' AIRFLOW_CTX_DAG_ID='Weather_Data_Extraction' AIRFLOW_CTX_TASK_ID='generate_output_file' AIRFLOW_CTX_EXECUTION_DATE='2024-07-26T00:00:00+00:00' AIRFLOW_CTX_TRY_NUMBER='1' AIRFLOW_CTX_DAG_RUN_ID='backfill__2024-07-26T00:00:00+00:00'
[2024-08-14T07:10:54.764+0000] {taskinstance.py:430} INFO - ::endgroup::
[2024-08-14T07:10:54.779+0000] {logging_mixin.py:188} INFO - Generated output file: Data_Weather-20240726.csv
[2024-08-14T07:10:54.780+0000] {logging_mixin.py:188} INFO - Execution Date: 2024/07/26
[2024-08-14T07:10:54.807+0000] {python.py:237} INFO - Done. Returned value was: None
[2024-08-14T07:10:54.808+0000] {taskinstance.py:441} INFO - ::group::Post task execution logs
[2024-08-14T07:10:54.821+0000] {taskinstance.py:1206} INFO - Marking task as SUCCESS. dag_id=Weather_Data_Extraction, task_id=generate_output_file, run_id=backfill__2024-07-26T00:00:00+00:00, execution_date=20240726T000000, start_date=20240814T071054, end_date=20240814T071054
[2024-08-14T07:10:54.869+0000] {local_task_job_runner.py:240} INFO - Task exited with return code 0
[2024-08-14T07:10:54.910+0000] {taskinstance.py:3503} INFO - 1 downstream tasks scheduled from follow-on schedule check
[2024-08-14T07:10:54.914+0000] {local_task_job_runner.py:222} INFO - ::endgroup::
