[2024-08-09T09:23:32.201+0000] {local_task_job_runner.py:120} INFO - ::group::Pre task execution logs
[2024-08-09T09:23:32.397+0000] {taskinstance.py:2076} INFO - Dependencies all met for dep_context=non-requeueable deps ti=<TaskInstance: Weather_Data_Extraction.sleep_for_10_seconds_2 manual__2024-08-09T09:21:51.094913+00:00 [queued]>
[2024-08-09T09:23:32.406+0000] {taskinstance.py:2076} INFO - Dependencies all met for dep_context=requeueable deps ti=<TaskInstance: Weather_Data_Extraction.sleep_for_10_seconds_2 manual__2024-08-09T09:21:51.094913+00:00 [queued]>
[2024-08-09T09:23:32.407+0000] {taskinstance.py:2306} INFO - Starting attempt 1 of 1
[2024-08-09T09:23:32.421+0000] {taskinstance.py:2330} INFO - Executing <Task(BashOperator): sleep_for_10_seconds_2> on 2024-08-09 09:21:51.094913+00:00
[2024-08-09T09:23:32.433+0000] {warnings.py:112} WARNING - /home/***/.local/lib/python3.12/site-packages/***/task/task_runner/standard_task_runner.py:61: DeprecationWarning: This process (pid=1829) is multi-threaded, use of fork() may lead to deadlocks in the child.
  pid = os.fork()

[2024-08-09T09:23:32.434+0000] {standard_task_runner.py:63} INFO - Started process 1831 to run task
[2024-08-09T09:23:32.435+0000] {standard_task_runner.py:90} INFO - Running: ['***', 'tasks', 'run', 'Weather_Data_Extraction', 'sleep_for_10_seconds_2', 'manual__2024-08-09T09:21:51.094913+00:00', '--job-id', '125', '--raw', '--subdir', 'DAGS_FOLDER/Data_Weather_Extraction.py', '--cfg-path', '/tmp/tmp72puysrq']
[2024-08-09T09:23:32.438+0000] {standard_task_runner.py:91} INFO - Job 125: Subtask sleep_for_10_seconds_2
[2024-08-09T09:23:32.453+0000] {warnings.py:112} WARNING - /home/***/.local/lib/python3.12/site-packages/***/settings.py:195: DeprecationWarning: The sql_alchemy_conn option in [core] has been moved to the sql_alchemy_conn option in [database] - the old setting has been used, but please update your config.
  SQL_ALCHEMY_CONN = conf.get("database", "SQL_ALCHEMY_CONN")

[2024-08-09T09:23:32.486+0000] {task_command.py:426} INFO - Running <TaskInstance: Weather_Data_Extraction.sleep_for_10_seconds_2 manual__2024-08-09T09:21:51.094913+00:00 [running]> on host ubuntu
[2024-08-09T09:23:32.583+0000] {taskinstance.py:2648} INFO - Exporting env vars: AIRFLOW_CTX_DAG_OWNER='Ducky' AIRFLOW_CTX_DAG_ID='Weather_Data_Extraction' AIRFLOW_CTX_TASK_ID='sleep_for_10_seconds_2' AIRFLOW_CTX_EXECUTION_DATE='2024-08-09T09:21:51.094913+00:00' AIRFLOW_CTX_TRY_NUMBER='1' AIRFLOW_CTX_DAG_RUN_ID='manual__2024-08-09T09:21:51.094913+00:00'
[2024-08-09T09:23:32.584+0000] {taskinstance.py:430} INFO - ::endgroup::
[2024-08-09T09:23:32.600+0000] {subprocess.py:63} INFO - Tmp dir root location: /tmp
[2024-08-09T09:23:32.600+0000] {subprocess.py:75} INFO - Running command: ['/usr/bin/bash', '-c', 'sleep 10']
[2024-08-09T09:23:32.616+0000] {subprocess.py:86} INFO - Output:
[2024-08-09T09:23:42.620+0000] {subprocess.py:97} INFO - Command exited with return code 0
[2024-08-09T09:23:42.621+0000] {taskinstance.py:441} INFO - ::group::Post task execution logs
[2024-08-09T09:23:42.649+0000] {taskinstance.py:1206} INFO - Marking task as SUCCESS. dag_id=Weather_Data_Extraction, task_id=sleep_for_10_seconds_2, run_id=manual__2024-08-09T09:21:51.094913+00:00, execution_date=20240809T092151, start_date=20240809T092332, end_date=20240809T092342
[2024-08-09T09:23:42.676+0000] {local_task_job_runner.py:240} INFO - Task exited with return code 0
[2024-08-09T09:23:42.710+0000] {taskinstance.py:3503} INFO - 2 downstream tasks scheduled from follow-on schedule check
[2024-08-09T09:23:42.712+0000] {local_task_job_runner.py:222} INFO - ::endgroup::
