[2024-08-13T16:08:29.864+0000] {local_task_job_runner.py:120} INFO - ::group::Pre task execution logs
[2024-08-13T16:08:29.959+0000] {taskinstance.py:2076} INFO - Dependencies all met for dep_context=non-requeueable deps ti=<TaskInstance: Weather_Data_Extraction.generate_output_file backfill__2024-01-24T00:00:00+00:00 [queued]>
[2024-08-13T16:08:30.354+0000] {taskinstance.py:2076} INFO - Dependencies all met for dep_context=requeueable deps ti=<TaskInstance: Weather_Data_Extraction.generate_output_file backfill__2024-01-24T00:00:00+00:00 [queued]>
[2024-08-13T16:08:30.363+0000] {taskinstance.py:2306} INFO - Starting attempt 1 of 1
[2024-08-13T16:08:30.476+0000] {taskinstance.py:2330} INFO - Executing <Task(PythonOperator): generate_output_file> on 2024-01-24 00:00:00+00:00
[2024-08-13T16:08:30.529+0000] {warnings.py:112} WARNING - /home/***/.local/lib/python3.12/site-packages/***/task/task_runner/standard_task_runner.py:61: DeprecationWarning: This process (pid=857) is multi-threaded, use of fork() may lead to deadlocks in the child.
  pid = os.fork()

[2024-08-13T16:08:30.579+0000] {standard_task_runner.py:63} INFO - Started process 870 to run task
[2024-08-13T16:08:30.572+0000] {standard_task_runner.py:90} INFO - Running: ['***', 'tasks', 'run', 'Weather_Data_Extraction', 'generate_output_file', 'backfill__2024-01-24T00:00:00+00:00', '--job-id', '135', '--pool', 'default_pool', '--raw', '--subdir', 'DAGS_FOLDER/Data_Weather_Extraction.py', '--cfg-path', '/tmp/tmpb5wxh9ht']
[2024-08-13T16:08:30.613+0000] {standard_task_runner.py:91} INFO - Job 135: Subtask generate_output_file
[2024-08-13T16:08:30.838+0000] {warnings.py:112} WARNING - /home/***/.local/lib/python3.12/site-packages/***/settings.py:195: DeprecationWarning: The sql_alchemy_conn option in [core] has been moved to the sql_alchemy_conn option in [database] - the old setting has been used, but please update your config.
  SQL_ALCHEMY_CONN = conf.get("database", "SQL_ALCHEMY_CONN")

[2024-08-13T16:08:31.337+0000] {task_command.py:426} INFO - Running <TaskInstance: Weather_Data_Extraction.generate_output_file backfill__2024-01-24T00:00:00+00:00 [running]> on host ubuntu
[2024-08-13T16:08:32.364+0000] {taskinstance.py:2648} INFO - Exporting env vars: AIRFLOW_CTX_DAG_OWNER='Ducky' AIRFLOW_CTX_DAG_ID='Weather_Data_Extraction' AIRFLOW_CTX_TASK_ID='generate_output_file' AIRFLOW_CTX_EXECUTION_DATE='2024-01-24T00:00:00+00:00' AIRFLOW_CTX_TRY_NUMBER='1' AIRFLOW_CTX_DAG_RUN_ID='backfill__2024-01-24T00:00:00+00:00'
[2024-08-13T16:08:32.375+0000] {taskinstance.py:430} INFO - ::endgroup::
[2024-08-13T16:08:32.497+0000] {logging_mixin.py:188} INFO - Generated output file: Data_Weather-20240124.csv
[2024-08-13T16:08:32.503+0000] {logging_mixin.py:188} INFO - Execution Date: 2024/01/24
[2024-08-13T16:08:32.604+0000] {python.py:237} INFO - Done. Returned value was: None
[2024-08-13T16:08:32.614+0000] {taskinstance.py:441} INFO - ::group::Post task execution logs
[2024-08-13T16:08:32.661+0000] {taskinstance.py:1206} INFO - Marking task as SUCCESS. dag_id=Weather_Data_Extraction, task_id=generate_output_file, run_id=backfill__2024-01-24T00:00:00+00:00, execution_date=20240124T000000, start_date=20240813T160829, end_date=20240813T160832
[2024-08-13T16:08:32.787+0000] {local_task_job_runner.py:240} INFO - Task exited with return code 0
[2024-08-13T16:08:32.925+0000] {taskinstance.py:3503} INFO - 1 downstream tasks scheduled from follow-on schedule check
[2024-08-13T16:08:32.933+0000] {local_task_job_runner.py:222} INFO - ::endgroup::
[2024-08-14T03:18:20.826+0000] {local_task_job_runner.py:120} INFO - ::group::Pre task execution logs
[2024-08-14T03:18:20.858+0000] {taskinstance.py:2076} INFO - Dependencies all met for dep_context=non-requeueable deps ti=<TaskInstance: Weather_Data_Extraction.generate_output_file backfill__2024-01-24T00:00:00+00:00 [queued]>
[2024-08-14T03:18:21.035+0000] {taskinstance.py:2076} INFO - Dependencies all met for dep_context=requeueable deps ti=<TaskInstance: Weather_Data_Extraction.generate_output_file backfill__2024-01-24T00:00:00+00:00 [queued]>
[2024-08-14T03:18:21.036+0000] {taskinstance.py:2306} INFO - Starting attempt 1 of 1
[2024-08-14T03:18:21.052+0000] {taskinstance.py:2330} INFO - Executing <Task(PythonOperator): generate_output_file> on 2024-01-24 00:00:00+00:00
[2024-08-14T03:18:21.060+0000] {warnings.py:112} WARNING - /home/***/.local/lib/python3.12/site-packages/***/task/task_runner/standard_task_runner.py:61: DeprecationWarning: This process (pid=1024) is multi-threaded, use of fork() may lead to deadlocks in the child.
  pid = os.fork()

[2024-08-14T03:18:21.062+0000] {standard_task_runner.py:63} INFO - Started process 1026 to run task
[2024-08-14T03:18:21.062+0000] {standard_task_runner.py:90} INFO - Running: ['***', 'tasks', 'run', 'Weather_Data_Extraction', 'generate_output_file', 'backfill__2024-01-24T00:00:00+00:00', '--job-id', '439', '--pool', 'default_pool', '--raw', '--subdir', 'DAGS_FOLDER/Data_Weather_Extraction.py', '--cfg-path', '/tmp/tmp2a1op1q2']
[2024-08-14T03:18:21.065+0000] {standard_task_runner.py:91} INFO - Job 439: Subtask generate_output_file
[2024-08-14T03:18:21.131+0000] {task_command.py:426} INFO - Running <TaskInstance: Weather_Data_Extraction.generate_output_file backfill__2024-01-24T00:00:00+00:00 [running]> on host ubuntu
[2024-08-14T03:18:21.302+0000] {taskinstance.py:2648} INFO - Exporting env vars: AIRFLOW_CTX_DAG_OWNER='Ducky' AIRFLOW_CTX_DAG_ID='Weather_Data_Extraction' AIRFLOW_CTX_TASK_ID='generate_output_file' AIRFLOW_CTX_EXECUTION_DATE='2024-01-24T00:00:00+00:00' AIRFLOW_CTX_TRY_NUMBER='1' AIRFLOW_CTX_DAG_RUN_ID='backfill__2024-01-24T00:00:00+00:00'
[2024-08-14T03:18:21.306+0000] {taskinstance.py:430} INFO - ::endgroup::
[2024-08-14T03:18:21.347+0000] {logging_mixin.py:188} INFO - Generated output file: Data_Weather-20240124.csv
[2024-08-14T03:18:21.349+0000] {logging_mixin.py:188} INFO - Execution Date: 2024/01/24
[2024-08-14T03:18:21.398+0000] {python.py:237} INFO - Done. Returned value was: None
[2024-08-14T03:18:21.400+0000] {taskinstance.py:441} INFO - ::group::Post task execution logs
[2024-08-14T03:18:21.415+0000] {taskinstance.py:1206} INFO - Marking task as SUCCESS. dag_id=Weather_Data_Extraction, task_id=generate_output_file, run_id=backfill__2024-01-24T00:00:00+00:00, execution_date=20240124T000000, start_date=20240814T031820, end_date=20240814T031821
[2024-08-14T03:18:21.478+0000] {local_task_job_runner.py:240} INFO - Task exited with return code 0
[2024-08-14T03:18:21.508+0000] {taskinstance.py:3503} INFO - 1 downstream tasks scheduled from follow-on schedule check
[2024-08-14T03:18:21.511+0000] {local_task_job_runner.py:222} INFO - ::endgroup::
