[2024-08-09T09:06:56.775+0000] {local_task_job_runner.py:120} INFO - ::group::Pre task execution logs
[2024-08-09T09:06:56.845+0000] {taskinstance.py:2076} INFO - Dependencies all met for dep_context=non-requeueable deps ti=<TaskInstance: Scrape_City.invoke_lambda_task manual__2024-08-09T08:56:07.666043+00:00 [queued]>
[2024-08-09T09:06:57.399+0000] {taskinstance.py:2076} INFO - Dependencies all met for dep_context=requeueable deps ti=<TaskInstance: Scrape_City.invoke_lambda_task manual__2024-08-09T08:56:07.666043+00:00 [queued]>
[2024-08-09T09:06:57.400+0000] {taskinstance.py:2306} INFO - Starting attempt 1 of 1
[2024-08-09T09:06:57.442+0000] {taskinstance.py:2330} INFO - Executing <Task(PythonOperator): invoke_lambda_task> on 2024-08-09 08:56:07.666043+00:00
[2024-08-09T09:06:57.475+0000] {warnings.py:112} WARNING - /home/***/.local/lib/python3.12/site-packages/***/task/task_runner/standard_task_runner.py:61: DeprecationWarning: This process (pid=1378) is multi-threaded, use of fork() may lead to deadlocks in the child.
  pid = os.fork()

[2024-08-09T09:06:57.481+0000] {standard_task_runner.py:63} INFO - Started process 1383 to run task
[2024-08-09T09:06:57.483+0000] {standard_task_runner.py:90} INFO - Running: ['***', 'tasks', 'run', 'Scrape_City', 'invoke_lambda_task', 'manual__2024-08-09T08:56:07.666043+00:00', '--job-id', '83', '--raw', '--subdir', 'DAGS_FOLDER/City_Extraction.py', '--cfg-path', '/tmp/tmpq9m0wc_r']
[2024-08-09T09:06:57.493+0000] {standard_task_runner.py:91} INFO - Job 83: Subtask invoke_lambda_task
[2024-08-09T09:06:57.518+0000] {warnings.py:112} WARNING - /home/***/.local/lib/python3.12/site-packages/***/settings.py:195: DeprecationWarning: The sql_alchemy_conn option in [core] has been moved to the sql_alchemy_conn option in [database] - the old setting has been used, but please update your config.
  SQL_ALCHEMY_CONN = conf.get("database", "SQL_ALCHEMY_CONN")

[2024-08-09T09:06:57.612+0000] {task_command.py:426} INFO - Running <TaskInstance: Scrape_City.invoke_lambda_task manual__2024-08-09T08:56:07.666043+00:00 [running]> on host ubuntu
[2024-08-09T09:06:57.898+0000] {taskinstance.py:2648} INFO - Exporting env vars: AIRFLOW_CTX_DAG_OWNER='Ducky' AIRFLOW_CTX_DAG_ID='Scrape_City' AIRFLOW_CTX_TASK_ID='invoke_lambda_task' AIRFLOW_CTX_EXECUTION_DATE='2024-08-09T08:56:07.666043+00:00' AIRFLOW_CTX_TRY_NUMBER='1' AIRFLOW_CTX_DAG_RUN_ID='manual__2024-08-09T08:56:07.666043+00:00'
[2024-08-09T09:06:57.899+0000] {taskinstance.py:430} INFO - ::endgroup::
[2024-08-09T09:06:57.961+0000] {logging_mixin.py:188} INFO - city_table-20240808.csv
[2024-08-09T09:06:57.961+0000] {logging_mixin.py:188} INFO - {"execution_date": "city_table-20240808.csv"}
[2024-08-09T09:06:57.962+0000] {logging_mixin.py:188} INFO - https://dql87wyic7.execute-api.ap-southeast-2.amazonaws.com/dev?execution_date=city_table-20240808.csv
[2024-08-09T09:07:12.740+0000] {local_task_job_runner.py:310} WARNING - State of this instance has been externally set to None. Terminating instance.
[2024-08-09T09:07:12.743+0000] {local_task_job_runner.py:222} INFO - ::endgroup::
[2024-08-09T09:07:12.745+0000] {process_utils.py:132} INFO - Sending 15 to group 1383. PIDs of all processes in the group: [1383]
[2024-08-09T09:07:12.746+0000] {process_utils.py:87} INFO - Sending the signal 15 to group 1383
[2024-08-09T09:07:12.748+0000] {taskinstance.py:2611} ERROR - Received SIGTERM. Terminating subprocesses.
[2024-08-09T09:07:12.749+0000] {taskinstance.py:441} INFO - ::group::Post task execution logs
[2024-08-09T09:07:12.761+0000] {taskinstance.py:2905} ERROR - Task failed with exception
Traceback (most recent call last):
  File "/home/airflow/.local/lib/python3.12/site-packages/airflow/models/taskinstance.py", line 465, in _execute_task
    result = _execute_callable(context=context, **execute_callable_kwargs)
             ^^^^^^^^^^^^^^^^^^^^^^^^^^^^^^^^^^^^^^^^^^^^^^^^^^^^^^^^^^^^^
  File "/home/airflow/.local/lib/python3.12/site-packages/airflow/models/taskinstance.py", line 432, in _execute_callable
    return execute_callable(context=context, **execute_callable_kwargs)
           ^^^^^^^^^^^^^^^^^^^^^^^^^^^^^^^^^^^^^^^^^^^^^^^^^^^^^^^^^^^^
  File "/home/airflow/.local/lib/python3.12/site-packages/airflow/models/baseoperator.py", line 401, in wrapper
    return func(self, *args, **kwargs)
           ^^^^^^^^^^^^^^^^^^^^^^^^^^^
  File "/home/airflow/.local/lib/python3.12/site-packages/airflow/operators/python.py", line 235, in execute
    return_value = self.execute_callable()
                   ^^^^^^^^^^^^^^^^^^^^^^^
  File "/home/airflow/.local/lib/python3.12/site-packages/airflow/operators/python.py", line 252, in execute_callable
    return self.python_callable(*self.op_args, **self.op_kwargs)
           ^^^^^^^^^^^^^^^^^^^^^^^^^^^^^^^^^^^^^^^^^^^^^^^^^^^^^
  File "/opt/airflow/dags/City_Extraction.py", line 37, in invoke_lambda
    response = requests.post(api_url, data=json.dumps(json_payload), headers=headers, timeout=300)
               ^^^^^^^^^^^^^^^^^^^^^^^^^^^^^^^^^^^^^^^^^^^^^^^^^^^^^^^^^^^^^^^^^^^^^^^^^^^^^^^^^^^
  File "/home/airflow/.local/lib/python3.12/site-packages/requests/api.py", line 115, in post
    return request("post", url, data=data, json=json, **kwargs)
           ^^^^^^^^^^^^^^^^^^^^^^^^^^^^^^^^^^^^^^^^^^^^^^^^^^^^
  File "/home/airflow/.local/lib/python3.12/site-packages/requests/api.py", line 59, in request
    return session.request(method=method, url=url, **kwargs)
           ^^^^^^^^^^^^^^^^^^^^^^^^^^^^^^^^^^^^^^^^^^^^^^^^^
  File "/home/airflow/.local/lib/python3.12/site-packages/requests/sessions.py", line 589, in request
    resp = self.send(prep, **send_kwargs)
           ^^^^^^^^^^^^^^^^^^^^^^^^^^^^^^
  File "/home/airflow/.local/lib/python3.12/site-packages/requests/sessions.py", line 703, in send
    r = adapter.send(request, **kwargs)
        ^^^^^^^^^^^^^^^^^^^^^^^^^^^^^^^
  File "/home/airflow/.local/lib/python3.12/site-packages/requests/adapters.py", line 486, in send
    resp = conn.urlopen(
           ^^^^^^^^^^^^^
  File "/home/airflow/.local/lib/python3.12/site-packages/urllib3/connectionpool.py", line 793, in urlopen
    response = self._make_request(
               ^^^^^^^^^^^^^^^^^^^
  File "/home/airflow/.local/lib/python3.12/site-packages/urllib3/connectionpool.py", line 537, in _make_request
    response = conn.getresponse()
               ^^^^^^^^^^^^^^^^^^
  File "/home/airflow/.local/lib/python3.12/site-packages/urllib3/connection.py", line 466, in getresponse
    httplib_response = super().getresponse()
                       ^^^^^^^^^^^^^^^^^^^^^
  File "/usr/local/lib/python3.12/http/client.py", line 1428, in getresponse
    response.begin()
  File "/usr/local/lib/python3.12/http/client.py", line 331, in begin
    version, status, reason = self._read_status()
                              ^^^^^^^^^^^^^^^^^^^
  File "/usr/local/lib/python3.12/http/client.py", line 292, in _read_status
    line = str(self.fp.readline(_MAXLINE + 1), "iso-8859-1")
               ^^^^^^^^^^^^^^^^^^^^^^^^^^^^^^
  File "/usr/local/lib/python3.12/socket.py", line 708, in readinto
    return self._sock.recv_into(b)
           ^^^^^^^^^^^^^^^^^^^^^^^
  File "/usr/local/lib/python3.12/ssl.py", line 1252, in recv_into
    return self.read(nbytes, buffer)
           ^^^^^^^^^^^^^^^^^^^^^^^^^
  File "/usr/local/lib/python3.12/ssl.py", line 1104, in read
    return self._sslobj.read(len, buffer)
           ^^^^^^^^^^^^^^^^^^^^^^^^^^^^^^
  File "/home/airflow/.local/lib/python3.12/site-packages/airflow/models/taskinstance.py", line 2613, in signal_handler
    raise AirflowTaskTerminated("Task received SIGTERM signal")
airflow.exceptions.AirflowTaskTerminated: Task received SIGTERM signal
[2024-08-09T09:07:12.769+0000] {taskinstance.py:1206} INFO - Marking task as FAILED. dag_id=Scrape_City, task_id=invoke_lambda_task, run_id=manual__2024-08-09T08:56:07.666043+00:00, execution_date=20240809T085607, start_date=20240809T090656, end_date=20240809T090712
[2024-08-09T09:07:12.783+0000] {standard_task_runner.py:110} ERROR - Failed to execute job 83 for task invoke_lambda_task ((psycopg2.errors.ForeignKeyViolation) insert or update on table "task_fail" violates foreign key constraint "task_fail_ti_fkey"
DETAIL:  Key (dag_id, task_id, run_id, map_index)=(Scrape_City, invoke_lambda_task, manual__2024-08-09T08:56:07.666043+00:00, -1) is not present in table "task_instance".

[SQL: INSERT INTO task_fail (task_id, dag_id, run_id, map_index, start_date, end_date, duration) VALUES (%(task_id)s, %(dag_id)s, %(run_id)s, %(map_index)s, %(start_date)s, %(end_date)s, %(duration)s) RETURNING task_fail.id]
[parameters: {'task_id': 'invoke_lambda_task', 'dag_id': 'Scrape_City', 'run_id': 'manual__2024-08-09T08:56:07.666043+00:00', 'map_index': -1, 'start_date': datetime.datetime(2024, 8, 9, 9, 6, 56, 845787, tzinfo=Timezone('UTC')), 'end_date': datetime.datetime(2024, 8, 9, 9, 7, 12, 768512, tzinfo=Timezone('UTC')), 'duration': 15}]
(Background on this error at: https://sqlalche.me/e/14/gkpj); 1383)
[2024-08-09T09:07:12.801+0000] {process_utils.py:80} INFO - Process psutil.Process(pid=1383, status='terminated', exitcode=1, started='09:06:56') (1383) terminated with exit code 1
