[2024-08-16T09:16:00.267+0000] {local_task_job_runner.py:120} INFO - ::group::Pre task execution logs
[2024-08-16T09:16:00.282+0000] {taskinstance.py:2076} INFO - Dependencies all met for dep_context=non-requeueable deps ti=<TaskInstance: Prediction_Model.Call_MERGE_DATA_PRODUCT_Procedure manual__2024-08-16T09:14:58.973822+00:00 [queued]>
[2024-08-16T09:16:00.290+0000] {taskinstance.py:2076} INFO - Dependencies all met for dep_context=requeueable deps ti=<TaskInstance: Prediction_Model.Call_MERGE_DATA_PRODUCT_Procedure manual__2024-08-16T09:14:58.973822+00:00 [queued]>
[2024-08-16T09:16:00.291+0000] {taskinstance.py:2306} INFO - Starting attempt 1 of 1
[2024-08-16T09:16:00.304+0000] {taskinstance.py:2330} INFO - Executing <Task(PythonOperator): Call_MERGE_DATA_PRODUCT_Procedure> on 2024-08-16 09:14:58.973822+00:00
[2024-08-16T09:16:00.312+0000] {warnings.py:112} WARNING - /home/***/.local/lib/python3.12/site-packages/***/task/task_runner/standard_task_runner.py:61: DeprecationWarning: This process (pid=997) is multi-threaded, use of fork() may lead to deadlocks in the child.
  pid = os.fork()

[2024-08-16T09:16:00.313+0000] {standard_task_runner.py:63} INFO - Started process 999 to run task
[2024-08-16T09:16:00.314+0000] {standard_task_runner.py:90} INFO - Running: ['***', 'tasks', 'run', 'Prediction_Model', 'Call_MERGE_DATA_PRODUCT_Procedure', 'manual__2024-08-16T09:14:58.973822+00:00', '--job-id', '1146', '--raw', '--subdir', 'DAGS_FOLDER/Prediction_Model.py', '--cfg-path', '/tmp/tmp0x3hufwh']
[2024-08-16T09:16:00.316+0000] {standard_task_runner.py:91} INFO - Job 1146: Subtask Call_MERGE_DATA_PRODUCT_Procedure
[2024-08-16T09:16:00.356+0000] {task_command.py:426} INFO - Running <TaskInstance: Prediction_Model.Call_MERGE_DATA_PRODUCT_Procedure manual__2024-08-16T09:14:58.973822+00:00 [running]> on host ubuntu
[2024-08-16T09:16:00.437+0000] {taskinstance.py:2648} INFO - Exporting env vars: AIRFLOW_CTX_DAG_OWNER='Ducky' AIRFLOW_CTX_DAG_ID='Prediction_Model' AIRFLOW_CTX_TASK_ID='Call_MERGE_DATA_PRODUCT_Procedure' AIRFLOW_CTX_EXECUTION_DATE='2024-08-16T09:14:58.973822+00:00' AIRFLOW_CTX_TRY_NUMBER='1' AIRFLOW_CTX_DAG_RUN_ID='manual__2024-08-16T09:14:58.973822+00:00'
[2024-08-16T09:16:00.438+0000] {taskinstance.py:430} INFO - ::endgroup::
[2024-08-16T09:16:00.462+0000] {base.py:84} INFO - Using connection ID 'snowflake_conn_public' for task execution.
[2024-08-16T09:16:00.464+0000] {connection.py:399} INFO - Snowflake Connector for Python Version: 3.10.1, Python Version: 3.12.4, Platform: Linux-5.15.153.1-microsoft-standard-WSL2-x86_64-with-glibc2.36
[2024-08-16T09:16:00.465+0000] {connection.py:1239} INFO - This connection is in OCSP Fail Open Mode. TLS Certificates would be checked for validity and revocation status. Any other Certificate Revocation related exceptions or OCSP Responder failures would be disregarded in favor of connectivity.
[2024-08-16T09:16:01.688+0000] {cursor.py:1149} INFO - Number of results in first chunk: 1
[2024-08-16T09:16:01.688+0000] {sql.py:487} INFO - Running statement: CALL MERGE_DATA_PRODUCT();, parameters: None
[2024-08-16T09:16:02.937+0000] {connection.py:762} INFO - closed
[2024-08-16T09:16:03.035+0000] {connection.py:768} INFO - No async queries seem to be running, deleting session
[2024-08-16T09:16:03.151+0000] {taskinstance.py:441} INFO - ::group::Post task execution logs
[2024-08-16T09:16:03.153+0000] {taskinstance.py:2905} ERROR - Task failed with exception
Traceback (most recent call last):
  File "/home/airflow/.local/lib/python3.12/site-packages/airflow/models/taskinstance.py", line 465, in _execute_task
    result = _execute_callable(context=context, **execute_callable_kwargs)
             ^^^^^^^^^^^^^^^^^^^^^^^^^^^^^^^^^^^^^^^^^^^^^^^^^^^^^^^^^^^^^
  File "/home/airflow/.local/lib/python3.12/site-packages/airflow/models/taskinstance.py", line 432, in _execute_callable
    return execute_callable(context=context, **execute_callable_kwargs)
           ^^^^^^^^^^^^^^^^^^^^^^^^^^^^^^^^^^^^^^^^^^^^^^^^^^^^^^^^^^^^
  File "/home/airflow/.local/lib/python3.12/site-packages/airflow/models/baseoperator.py", line 401, in wrapper
    return func(self, *args, **kwargs)
           ^^^^^^^^^^^^^^^^^^^^^^^^^^^
  File "/home/airflow/.local/lib/python3.12/site-packages/airflow/operators/python.py", line 235, in execute
    return_value = self.execute_callable()
                   ^^^^^^^^^^^^^^^^^^^^^^^
  File "/home/airflow/.local/lib/python3.12/site-packages/airflow/operators/python.py", line 252, in execute_callable
    return self.python_callable(*self.op_args, **self.op_kwargs)
           ^^^^^^^^^^^^^^^^^^^^^^^^^^^^^^^^^^^^^^^^^^^^^^^^^^^^^
  File "/opt/airflow/dags/Prediction_Model.py", line 31, in call_snowflake_procedure
    hook.run(sql_query)
  File "/home/airflow/.local/lib/python3.12/site-packages/airflow/providers/snowflake/hooks/snowflake.py", line 398, in run
    self._run_command(cur, sql_statement, parameters)  # type: ignore[attr-defined]
    ^^^^^^^^^^^^^^^^^^^^^^^^^^^^^^^^^^^^^^^^^^^^^^^^^
  File "/home/airflow/.local/lib/python3.12/site-packages/airflow/providers/common/sql/hooks/sql.py", line 492, in _run_command
    cur.execute(sql_statement)
  File "/home/airflow/.local/lib/python3.12/site-packages/snowflake/connector/cursor.py", line 1080, in execute
    Error.errorhandler_wrapper(self.connection, self, error_class, errvalue)
  File "/home/airflow/.local/lib/python3.12/site-packages/snowflake/connector/errors.py", line 290, in errorhandler_wrapper
    handed_over = Error.hand_to_other_handler(
                  ^^^^^^^^^^^^^^^^^^^^^^^^^^^^
  File "/home/airflow/.local/lib/python3.12/site-packages/snowflake/connector/errors.py", line 345, in hand_to_other_handler
    cursor.errorhandler(connection, cursor, error_class, error_value)
  File "/home/airflow/.local/lib/python3.12/site-packages/snowflake/connector/errors.py", line 221, in default_errorhandler
    raise error_class(
snowflake.connector.errors.ProgrammingError: 090232 (25000): 01b6628c-3201-2e07-0009-3646000b5632: Stored procedure execution error: Scoped transaction started in stored procedure is incomplete and it was rolled back.
[2024-08-16T09:16:03.171+0000] {taskinstance.py:1206} INFO - Marking task as FAILED. dag_id=Prediction_Model, task_id=Call_MERGE_DATA_PRODUCT_Procedure, run_id=manual__2024-08-16T09:14:58.973822+00:00, execution_date=20240816T091458, start_date=20240816T091600, end_date=20240816T091603
[2024-08-16T09:16:03.199+0000] {standard_task_runner.py:110} ERROR - Failed to execute job 1146 for task Call_MERGE_DATA_PRODUCT_Procedure (090232 (25000): 01b6628c-3201-2e07-0009-3646000b5632: Stored procedure execution error: Scoped transaction started in stored procedure is incomplete and it was rolled back.; 999)
[2024-08-16T09:16:03.226+0000] {local_task_job_runner.py:240} INFO - Task exited with return code 1
[2024-08-16T09:16:03.278+0000] {taskinstance.py:3503} INFO - 0 downstream tasks scheduled from follow-on schedule check
[2024-08-16T09:16:03.291+0000] {local_task_job_runner.py:222} INFO - ::endgroup::
