[2024-08-13T16:06:37.602+0000] {local_task_job_runner.py:120} INFO - ::group::Pre task execution logs
[2024-08-13T16:06:37.664+0000] {taskinstance.py:2076} INFO - Dependencies all met for dep_context=non-requeueable deps ti=<TaskInstance: Weather_Data_Extraction.generate_output_file backfill__2024-01-10T00:00:00+00:00 [queued]>
[2024-08-13T16:06:37.712+0000] {taskinstance.py:2076} INFO - Dependencies all met for dep_context=requeueable deps ti=<TaskInstance: Weather_Data_Extraction.generate_output_file backfill__2024-01-10T00:00:00+00:00 [queued]>
[2024-08-13T16:06:37.714+0000] {taskinstance.py:2306} INFO - Starting attempt 1 of 1
[2024-08-13T16:06:38.179+0000] {taskinstance.py:2330} INFO - Executing <Task(PythonOperator): generate_output_file> on 2024-01-10 00:00:00+00:00
[2024-08-13T16:06:38.243+0000] {warnings.py:112} WARNING - /home/***/.local/lib/python3.12/site-packages/***/task/task_runner/standard_task_runner.py:61: DeprecationWarning: This process (pid=655) is multi-threaded, use of fork() may lead to deadlocks in the child.
  pid = os.fork()

[2024-08-13T16:06:38.265+0000] {standard_task_runner.py:63} INFO - Started process 683 to run task
[2024-08-13T16:06:38.277+0000] {standard_task_runner.py:90} INFO - Running: ['***', 'tasks', 'run', 'Weather_Data_Extraction', 'generate_output_file', 'backfill__2024-01-10T00:00:00+00:00', '--job-id', '80', '--pool', 'default_pool', '--raw', '--subdir', 'DAGS_FOLDER/Data_Weather_Extraction.py', '--cfg-path', '/tmp/tmph9im0zd5']
[2024-08-13T16:06:38.296+0000] {standard_task_runner.py:91} INFO - Job 80: Subtask generate_output_file
[2024-08-13T16:06:38.357+0000] {warnings.py:112} WARNING - /home/***/.local/lib/python3.12/site-packages/***/settings.py:195: DeprecationWarning: The sql_alchemy_conn option in [core] has been moved to the sql_alchemy_conn option in [database] - the old setting has been used, but please update your config.
  SQL_ALCHEMY_CONN = conf.get("database", "SQL_ALCHEMY_CONN")

[2024-08-13T16:06:38.517+0000] {task_command.py:426} INFO - Running <TaskInstance: Weather_Data_Extraction.generate_output_file backfill__2024-01-10T00:00:00+00:00 [running]> on host ubuntu
[2024-08-13T16:06:38.950+0000] {taskinstance.py:2648} INFO - Exporting env vars: AIRFLOW_CTX_DAG_OWNER='Ducky' AIRFLOW_CTX_DAG_ID='Weather_Data_Extraction' AIRFLOW_CTX_TASK_ID='generate_output_file' AIRFLOW_CTX_EXECUTION_DATE='2024-01-10T00:00:00+00:00' AIRFLOW_CTX_TRY_NUMBER='1' AIRFLOW_CTX_DAG_RUN_ID='backfill__2024-01-10T00:00:00+00:00'
[2024-08-13T16:06:38.954+0000] {taskinstance.py:430} INFO - ::endgroup::
[2024-08-13T16:06:39.030+0000] {logging_mixin.py:188} INFO - Generated output file: Data_Weather-20240110.csv
[2024-08-13T16:06:39.030+0000] {logging_mixin.py:188} INFO - Execution Date: 2024/01/10
[2024-08-13T16:06:39.188+0000] {python.py:237} INFO - Done. Returned value was: None
[2024-08-13T16:06:39.192+0000] {taskinstance.py:441} INFO - ::group::Post task execution logs
[2024-08-13T16:06:39.239+0000] {taskinstance.py:1206} INFO - Marking task as SUCCESS. dag_id=Weather_Data_Extraction, task_id=generate_output_file, run_id=backfill__2024-01-10T00:00:00+00:00, execution_date=20240110T000000, start_date=20240813T160637, end_date=20240813T160639
[2024-08-13T16:06:39.356+0000] {local_task_job_runner.py:240} INFO - Task exited with return code 0
[2024-08-13T16:06:39.406+0000] {taskinstance.py:3503} INFO - 1 downstream tasks scheduled from follow-on schedule check
[2024-08-13T16:06:39.415+0000] {local_task_job_runner.py:222} INFO - ::endgroup::
[2024-08-14T02:58:34.929+0000] {local_task_job_runner.py:120} INFO - ::group::Pre task execution logs
[2024-08-14T02:58:34.944+0000] {taskinstance.py:2076} INFO - Dependencies all met for dep_context=non-requeueable deps ti=<TaskInstance: Weather_Data_Extraction.generate_output_file backfill__2024-01-10T00:00:00+00:00 [queued]>
[2024-08-14T02:58:35.081+0000] {taskinstance.py:2076} INFO - Dependencies all met for dep_context=requeueable deps ti=<TaskInstance: Weather_Data_Extraction.generate_output_file backfill__2024-01-10T00:00:00+00:00 [queued]>
[2024-08-14T02:58:35.082+0000] {taskinstance.py:2306} INFO - Starting attempt 1 of 1
[2024-08-14T02:58:35.095+0000] {taskinstance.py:2330} INFO - Executing <Task(PythonOperator): generate_output_file> on 2024-01-10 00:00:00+00:00
[2024-08-14T02:58:35.101+0000] {warnings.py:112} WARNING - /home/***/.local/lib/python3.12/site-packages/***/task/task_runner/standard_task_runner.py:61: DeprecationWarning: This process (pid=562) is multi-threaded, use of fork() may lead to deadlocks in the child.
  pid = os.fork()

[2024-08-14T02:58:35.102+0000] {standard_task_runner.py:63} INFO - Started process 564 to run task
[2024-08-14T02:58:35.102+0000] {standard_task_runner.py:90} INFO - Running: ['***', 'tasks', 'run', 'Weather_Data_Extraction', 'generate_output_file', 'backfill__2024-01-10T00:00:00+00:00', '--job-id', '369', '--pool', 'default_pool', '--raw', '--subdir', 'DAGS_FOLDER/Data_Weather_Extraction.py', '--cfg-path', '/tmp/tmpxnvxrw2c']
[2024-08-14T02:58:35.105+0000] {standard_task_runner.py:91} INFO - Job 369: Subtask generate_output_file
[2024-08-14T02:58:35.145+0000] {task_command.py:426} INFO - Running <TaskInstance: Weather_Data_Extraction.generate_output_file backfill__2024-01-10T00:00:00+00:00 [running]> on host ubuntu
[2024-08-14T02:58:35.221+0000] {taskinstance.py:2648} INFO - Exporting env vars: AIRFLOW_CTX_DAG_OWNER='Ducky' AIRFLOW_CTX_DAG_ID='Weather_Data_Extraction' AIRFLOW_CTX_TASK_ID='generate_output_file' AIRFLOW_CTX_EXECUTION_DATE='2024-01-10T00:00:00+00:00' AIRFLOW_CTX_TRY_NUMBER='1' AIRFLOW_CTX_DAG_RUN_ID='backfill__2024-01-10T00:00:00+00:00'
[2024-08-14T02:58:35.223+0000] {taskinstance.py:430} INFO - ::endgroup::
[2024-08-14T02:58:35.235+0000] {logging_mixin.py:188} INFO - Generated output file: Data_Weather-20240110.csv
[2024-08-14T02:58:35.236+0000] {logging_mixin.py:188} INFO - Execution Date: 2024/01/10
[2024-08-14T02:58:35.256+0000] {python.py:237} INFO - Done. Returned value was: None
[2024-08-14T02:58:35.257+0000] {taskinstance.py:441} INFO - ::group::Post task execution logs
[2024-08-14T02:58:35.264+0000] {taskinstance.py:1206} INFO - Marking task as SUCCESS. dag_id=Weather_Data_Extraction, task_id=generate_output_file, run_id=backfill__2024-01-10T00:00:00+00:00, execution_date=20240110T000000, start_date=20240814T025834, end_date=20240814T025835
[2024-08-14T02:58:35.316+0000] {local_task_job_runner.py:240} INFO - Task exited with return code 0
[2024-08-14T02:58:35.377+0000] {taskinstance.py:3503} INFO - 1 downstream tasks scheduled from follow-on schedule check
[2024-08-14T02:58:35.382+0000] {local_task_job_runner.py:222} INFO - ::endgroup::
