[2024-08-09T08:33:05.935+0000] {local_task_job_runner.py:120} INFO - ::group::Pre task execution logs
[2024-08-09T08:33:05.966+0000] {taskinstance.py:2076} INFO - Dependencies all met for dep_context=non-requeueable deps ti=<TaskInstance: dbt_dag_filterd.customers_group.stg_wind_speed_run manual__2024-08-09T08:33:02.820628+00:00 [queued]>
[2024-08-09T08:33:05.975+0000] {taskinstance.py:2076} INFO - Dependencies all met for dep_context=requeueable deps ti=<TaskInstance: dbt_dag_filterd.customers_group.stg_wind_speed_run manual__2024-08-09T08:33:02.820628+00:00 [queued]>
[2024-08-09T08:33:05.976+0000] {taskinstance.py:2306} INFO - Starting attempt 1 of 3
[2024-08-09T08:33:05.991+0000] {taskinstance.py:2330} INFO - Executing <Task(DbtRunLocalOperator): customers_group.stg_wind_speed_run> on 2024-08-09 08:33:02.820628+00:00
[2024-08-09T08:33:06.004+0000] {warnings.py:112} WARNING - /home/***/.local/lib/python3.12/site-packages/***/task/task_runner/standard_task_runner.py:61: DeprecationWarning: This process (pid=728) is multi-threaded, use of fork() may lead to deadlocks in the child.
  pid = os.fork()

[2024-08-09T08:33:06.010+0000] {standard_task_runner.py:63} INFO - Started process 731 to run task
[2024-08-09T08:33:06.008+0000] {standard_task_runner.py:90} INFO - Running: ['***', 'tasks', 'run', 'dbt_dag_filterd', 'customers_group.stg_wind_speed_run', 'manual__2024-08-09T08:33:02.820628+00:00', '--job-id', '38', '--raw', '--subdir', 'DAGS_FOLDER/dbt.py', '--cfg-path', '/tmp/tmppo9zbtvt']
[2024-08-09T08:33:06.013+0000] {standard_task_runner.py:91} INFO - Job 38: Subtask customers_group.stg_wind_speed_run
[2024-08-09T08:33:06.030+0000] {warnings.py:112} WARNING - /home/***/.local/lib/python3.12/site-packages/***/settings.py:195: DeprecationWarning: The sql_alchemy_conn option in [core] has been moved to the sql_alchemy_conn option in [database] - the old setting has been used, but please update your config.
  SQL_ALCHEMY_CONN = conf.get("database", "SQL_ALCHEMY_CONN")

[2024-08-09T08:33:06.071+0000] {task_command.py:426} INFO - Running <TaskInstance: dbt_dag_filterd.customers_group.stg_wind_speed_run manual__2024-08-09T08:33:02.820628+00:00 [running]> on host ubuntu
[2024-08-09T08:33:06.221+0000] {taskinstance.py:2648} INFO - Exporting env vars: AIRFLOW_CTX_DAG_OWNER='***' AIRFLOW_CTX_DAG_ID='dbt_dag_filterd' AIRFLOW_CTX_TASK_ID='customers_group.stg_wind_speed_run' AIRFLOW_CTX_EXECUTION_DATE='2024-08-09T08:33:02.820628+00:00' AIRFLOW_CTX_TRY_NUMBER='1' AIRFLOW_CTX_DAG_RUN_ID='manual__2024-08-09T08:33:02.820628+00:00'
[2024-08-09T08:33:06.222+0000] {taskinstance.py:430} INFO - ::endgroup::
[2024-08-09T08:33:06.244+0000] {log.py:232} WARNING - [[34m2024-08-09T08:33:06.243+0000[0m] {[34mgraph.py:[0m377} INFO[0m - [35m(astronomer-cosmos)[0m - Trying to parse the dbt project using dbt ls cache cosmos_cache__dbt_dag_filterd__customers_group...[0m
[2024-08-09T08:33:06.244+0000] {log.py:232} WARNING - [[34m2024-08-09T08:33:06.243+0000[0m] {[34mgraph.py:[0m377} INFO[0m - [35m(astronomer-cosmos)[0m - Trying to parse the dbt project using dbt ls cache cosmos_cache__dbt_dag_filterd__customers_group...[0m
[2024-08-09T08:33:06.243+0000] {graph.py:377} INFO - Trying to parse the dbt project using dbt ls cache cosmos_cache__dbt_dag_filterd__customers_group...
[2024-08-09T08:33:06.262+0000] {log.py:232} WARNING - [[34m2024-08-09T08:33:06.262+0000[0m] {[34mcache.py:[0m262} INFO[0m - [35m(astronomer-cosmos)[0m - Cosmos performance: time to calculate cache identifier cosmos_cache__dbt_dag_filterd__customers_group for current version: 0.005907722999836551[0m
[2024-08-09T08:33:06.263+0000] {log.py:232} WARNING - [[34m2024-08-09T08:33:06.262+0000[0m] {[34mcache.py:[0m262} INFO[0m - [35m(astronomer-cosmos)[0m - Cosmos performance: time to calculate cache identifier cosmos_cache__dbt_dag_filterd__customers_group for current version: 0.005907722999836551[0m
[2024-08-09T08:33:06.262+0000] {cache.py:262} INFO - Cosmos performance: time to calculate cache identifier cosmos_cache__dbt_dag_filterd__customers_group for current version: 0.005907722999836551
[2024-08-09T08:33:06.264+0000] {log.py:232} WARNING - [[34m2024-08-09T08:33:06.263+0000[0m] {[34mgraph.py:[0m394} INFO[0m - [35m(astronomer-cosmos)[0m - Cosmos performance [ubuntu|731]: The cache size for cosmos_cache__dbt_dag_filterd__customers_group is 3094[0m
[2024-08-09T08:33:06.264+0000] {log.py:232} WARNING - [[34m2024-08-09T08:33:06.263+0000[0m] {[34mgraph.py:[0m394} INFO[0m - [35m(astronomer-cosmos)[0m - Cosmos performance [ubuntu|731]: The cache size for cosmos_cache__dbt_dag_filterd__customers_group is 3094[0m
[2024-08-09T08:33:06.263+0000] {graph.py:394} INFO - Cosmos performance [ubuntu|731]: The cache size for cosmos_cache__dbt_dag_filterd__customers_group is 3094
[2024-08-09T08:33:06.265+0000] {log.py:232} WARNING - [[34m2024-08-09T08:33:06.265+0000[0m] {[34mgraph.py:[0m402} INFO[0m - [35m(astronomer-cosmos)[0m - Cosmos performance: Cache hit for cosmos_cache__dbt_dag_filterd__customers_group - f0894e22ca1fc514beb9335fa3aa34e2,5f7d44698c4b67134aff532494870c9c[0m
[2024-08-09T08:33:06.266+0000] {log.py:232} WARNING - [[34m2024-08-09T08:33:06.265+0000[0m] {[34mgraph.py:[0m402} INFO[0m - [35m(astronomer-cosmos)[0m - Cosmos performance: Cache hit for cosmos_cache__dbt_dag_filterd__customers_group - f0894e22ca1fc514beb9335fa3aa34e2,5f7d44698c4b67134aff532494870c9c[0m
[2024-08-09T08:33:06.265+0000] {graph.py:402} INFO - Cosmos performance: Cache hit for cosmos_cache__dbt_dag_filterd__customers_group - f0894e22ca1fc514beb9335fa3aa34e2,5f7d44698c4b67134aff532494870c9c
[2024-08-09T08:33:06.267+0000] {log.py:232} WARNING - [[34m2024-08-09T08:33:06.266+0000[0m] {[34mgraph.py:[0m335} INFO[0m - [35m(astronomer-cosmos)[0m - Total nodes: 3[0m
[2024-08-09T08:33:06.267+0000] {log.py:232} WARNING - [[34m2024-08-09T08:33:06.266+0000[0m] {[34mgraph.py:[0m335} INFO[0m - [35m(astronomer-cosmos)[0m - Total nodes: 3[0m
[2024-08-09T08:33:06.266+0000] {graph.py:335} INFO - Total nodes: 3
[2024-08-09T08:33:06.268+0000] {log.py:232} WARNING - [[34m2024-08-09T08:33:06.267+0000[0m] {[34mgraph.py:[0m336} INFO[0m - [35m(astronomer-cosmos)[0m - Total filtered nodes: 3[0m
[2024-08-09T08:33:06.268+0000] {log.py:232} WARNING - [[34m2024-08-09T08:33:06.267+0000[0m] {[34mgraph.py:[0m336} INFO[0m - [35m(astronomer-cosmos)[0m - Total filtered nodes: 3[0m
[2024-08-09T08:33:06.267+0000] {graph.py:336} INFO - Total filtered nodes: 3
[2024-08-09T08:33:06.269+0000] {log.py:232} WARNING - [[34m2024-08-09T08:33:06.269+0000[0m] {[34mconverter.py:[0m251} INFO[0m - [35m(astronomer-cosmos)[0m - Cosmos performance (dbt_dag_filterd__customers_group) -  [ubuntu|731]: It took 0.0252s to parse the dbt project for DAG using LoadMode.DBT_LS_CACHE[0m
[2024-08-09T08:33:06.269+0000] {log.py:232} WARNING - [[34m2024-08-09T08:33:06.269+0000[0m] {[34mconverter.py:[0m251} INFO[0m - [35m(astronomer-cosmos)[0m - Cosmos performance (dbt_dag_filterd__customers_group) -  [ubuntu|731]: It took 0.0252s to parse the dbt project for DAG using LoadMode.DBT_LS_CACHE[0m
[2024-08-09T08:33:06.269+0000] {converter.py:251} INFO - Cosmos performance (dbt_dag_filterd__customers_group) -  [ubuntu|731]: It took 0.0252s to parse the dbt project for DAG using LoadMode.DBT_LS_CACHE
[2024-08-09T08:33:06.271+0000] {log.py:232} WARNING - [[34m2024-08-09T08:33:06.271+0000[0m] {[34mproject.py:[0m35} INFO[0m - [35m(astronomer-cosmos)[0m - Project /opt/***/dags/Data_Marketplace does not have {'packages.yml', 'dependencies.yml'}[0m
[2024-08-09T08:33:06.271+0000] {log.py:232} WARNING - [[34m2024-08-09T08:33:06.271+0000[0m] {[34mproject.py:[0m35} INFO[0m - [35m(astronomer-cosmos)[0m - Project /opt/***/dags/Data_Marketplace does not have {'packages.yml', 'dependencies.yml'}[0m
[2024-08-09T08:33:06.271+0000] {project.py:35} INFO - Project /opt/***/dags/Data_Marketplace does not have {'packages.yml', 'dependencies.yml'}
[2024-08-09T08:33:06.273+0000] {log.py:232} WARNING - [[34m2024-08-09T08:33:06.272+0000[0m] {[34mproject.py:[0m35} INFO[0m - [35m(astronomer-cosmos)[0m - Project /opt/***/dags/Data_Marketplace does not have {'packages.yml', 'dependencies.yml'}[0m
[2024-08-09T08:33:06.273+0000] {log.py:232} WARNING - [[34m2024-08-09T08:33:06.272+0000[0m] {[34mproject.py:[0m35} INFO[0m - [35m(astronomer-cosmos)[0m - Project /opt/***/dags/Data_Marketplace does not have {'packages.yml', 'dependencies.yml'}[0m
[2024-08-09T08:33:06.272+0000] {project.py:35} INFO - Project /opt/***/dags/Data_Marketplace does not have {'packages.yml', 'dependencies.yml'}
[2024-08-09T08:33:06.274+0000] {log.py:232} WARNING - [[34m2024-08-09T08:33:06.274+0000[0m] {[34mproject.py:[0m35} INFO[0m - [35m(astronomer-cosmos)[0m - Project /opt/***/dags/Data_Marketplace does not have {'packages.yml', 'dependencies.yml'}[0m
[2024-08-09T08:33:06.275+0000] {log.py:232} WARNING - [[34m2024-08-09T08:33:06.274+0000[0m] {[34mproject.py:[0m35} INFO[0m - [35m(astronomer-cosmos)[0m - Project /opt/***/dags/Data_Marketplace does not have {'packages.yml', 'dependencies.yml'}[0m
[2024-08-09T08:33:06.274+0000] {project.py:35} INFO - Project /opt/***/dags/Data_Marketplace does not have {'packages.yml', 'dependencies.yml'}
[2024-08-09T08:33:06.276+0000] {log.py:232} WARNING - [[34m2024-08-09T08:33:06.275+0000[0m] {[34mconverter.py:[0m293} INFO[0m - [35m(astronomer-cosmos)[0m - Cosmos performance (dbt_dag_filterd__customers_group) - [ubuntu|731]: It took 0.00692s to build the Airflow DAG.[0m
[2024-08-09T08:33:06.276+0000] {log.py:232} WARNING - [[34m2024-08-09T08:33:06.275+0000[0m] {[34mconverter.py:[0m293} INFO[0m - [35m(astronomer-cosmos)[0m - Cosmos performance (dbt_dag_filterd__customers_group) - [ubuntu|731]: It took 0.00692s to build the Airflow DAG.[0m
[2024-08-09T08:33:06.275+0000] {converter.py:293} INFO - Cosmos performance (dbt_dag_filterd__customers_group) - [ubuntu|731]: It took 0.00692s to build the Airflow DAG.
[2024-08-09T08:33:06.277+0000] {log.py:232} WARNING - [[34m2024-08-09T08:33:06.277+0000[0m] {[34mlocal.py:[0m174} INFO[0m - [35m(astronomer-cosmos)[0m - Could not import dbtRunner. Falling back to subprocess for invoking dbt.[0m
[2024-08-09T08:33:06.278+0000] {log.py:232} WARNING - [[34m2024-08-09T08:33:06.277+0000[0m] {[34mlocal.py:[0m174} INFO[0m - [35m(astronomer-cosmos)[0m - Could not import dbtRunner. Falling back to subprocess for invoking dbt.[0m
[2024-08-09T08:33:06.277+0000] {local.py:174} INFO - Could not import dbtRunner. Falling back to subprocess for invoking dbt.
[2024-08-09T08:33:06.279+0000] {log.py:232} WARNING - [[34m2024-08-09T08:33:06.279+0000[0m] {[34mlocal.py:[0m292} INFO[0m - [35m(astronomer-cosmos)[0m - Cloning project to writable temp directory /tmp/tmp0lcb73un from /opt/***/dags/Data_Marketplace[0m
[2024-08-09T08:33:06.279+0000] {log.py:232} WARNING - [[34m2024-08-09T08:33:06.279+0000[0m] {[34mlocal.py:[0m292} INFO[0m - [35m(astronomer-cosmos)[0m - Cloning project to writable temp directory /tmp/tmp0lcb73un from /opt/***/dags/Data_Marketplace[0m
[2024-08-09T08:33:06.279+0000] {local.py:292} INFO - Cloning project to writable temp directory /tmp/tmp0lcb73un from /opt/airflow/dags/Data_Marketplace
[2024-08-09T08:33:06.281+0000] {log.py:232} WARNING - [[34m2024-08-09T08:33:06.281+0000[0m] {[34mlocal.py:[0m303} INFO[0m - [35m(astronomer-cosmos)[0m - Partial parse is enabled and the latest partial parse file is /opt/***/dags/Data_Marketplace/target/partial_parse.msgpack[0m
[2024-08-09T08:33:06.282+0000] {log.py:232} WARNING - [[34m2024-08-09T08:33:06.281+0000[0m] {[34mlocal.py:[0m303} INFO[0m - [35m(astronomer-cosmos)[0m - Partial parse is enabled and the latest partial parse file is /opt/***/dags/Data_Marketplace/target/partial_parse.msgpack[0m
[2024-08-09T08:33:06.281+0000] {local.py:303} INFO - Partial parse is enabled and the latest partial parse file is /opt/airflow/dags/Data_Marketplace/target/partial_parse.msgpack
[2024-08-09T08:33:06.293+0000] {log.py:232} WARNING - [[34m2024-08-09T08:33:06.292+0000[0m] {[34mconfig.py:[0m292} INFO[0m - [35m(astronomer-cosmos)[0m - Profile caching is enable.[0m
[2024-08-09T08:33:06.293+0000] {log.py:232} WARNING - [[34m2024-08-09T08:33:06.292+0000[0m] {[34mconfig.py:[0m292} INFO[0m - [35m(astronomer-cosmos)[0m - Profile caching is enable.[0m
[2024-08-09T08:33:06.292+0000] {config.py:292} INFO - Profile caching is enable.
[2024-08-09T08:33:06.309+0000] {base.py:84} INFO - Using connection ID 'snowflake_conn' for task execution.
[2024-08-09T08:33:06.316+0000] {log.py:232} WARNING - [[34m2024-08-09T08:33:06.316+0000[0m] {[34mconfig.py:[0m272} INFO[0m - [35m(astronomer-cosmos)[0m - Profile found in cache using profile: /tmp/cosmos/profile/ec71862f850e9b0839075fe0561d5062ab3dd99ef2a3dac2fe4fc1486f2849d0/profiles.yml.[0m
[2024-08-09T08:33:06.317+0000] {log.py:232} WARNING - [[34m2024-08-09T08:33:06.316+0000[0m] {[34mconfig.py:[0m272} INFO[0m - [35m(astronomer-cosmos)[0m - Profile found in cache using profile: /tmp/cosmos/profile/ec71862f850e9b0839075fe0561d5062ab3dd99ef2a3dac2fe4fc1486f2849d0/profiles.yml.[0m
[2024-08-09T08:33:06.316+0000] {config.py:272} INFO - Profile found in cache using profile: /tmp/cosmos/profile/ec71862f850e9b0839075fe0561d5062ab3dd99ef2a3dac2fe4fc1486f2849d0/profiles.yml.
[2024-08-09T08:33:06.318+0000] {log.py:232} WARNING - [[34m2024-08-09T08:33:06.318+0000[0m] {[34mlocal.py:[0m247} INFO[0m - [35m(astronomer-cosmos)[0m - Trying to run the command:
 ['/opt/***/dbt_venv/bin/dbt', 'run', '--models', 'stg_wind_speed', '--project-dir', '/tmp/tmp0lcb73un', '--profiles-dir', '/tmp/cosmos/profile/ec71862f850e9b0839075fe0561d5062ab3dd99ef2a3dac2fe4fc1486f2849d0', '--profile', 'Data_Marketplace', '--target', 'dev']
From /tmp/tmp0lcb73un[0m
[2024-08-09T08:33:06.319+0000] {log.py:232} WARNING - [[34m2024-08-09T08:33:06.318+0000[0m] {[34mlocal.py:[0m247} INFO[0m - [35m(astronomer-cosmos)[0m - Trying to run the command:
 ['/opt/***/dbt_venv/bin/dbt', 'run', '--models', 'stg_wind_speed', '--project-dir', '/tmp/tmp0lcb73un', '--profiles-dir', '/tmp/cosmos/profile/ec71862f850e9b0839075fe0561d5062ab3dd99ef2a3dac2fe4fc1486f2849d0', '--profile', 'Data_Marketplace', '--target', 'dev']
From /tmp/tmp0lcb73un[0m
[2024-08-09T08:33:06.318+0000] {local.py:247} INFO - Trying to run the command:
 ['/opt/***/dbt_venv/bin/dbt', 'run', '--models', 'stg_wind_speed', '--project-dir', '/tmp/tmp0lcb73un', '--profiles-dir', '/tmp/cosmos/profile/ec71862f850e9b0839075fe0561d5062ab3dd99ef2a3dac2fe4fc1486f2849d0', '--profile', 'Data_Marketplace', '--target', 'dev']
From /tmp/tmp0lcb73un
[2024-08-09T08:33:06.320+0000] {log.py:232} WARNING - [[34m2024-08-09T08:33:06.320+0000[0m] {[34msubprocess.py:[0m60} INFO[0m - [35m(astronomer-cosmos)[0m - Tmp dir root location: 
 /tmp[0m
[2024-08-09T08:33:06.320+0000] {log.py:232} WARNING - [[34m2024-08-09T08:33:06.320+0000[0m] {[34msubprocess.py:[0m60} INFO[0m - [35m(astronomer-cosmos)[0m - Tmp dir root location: 
 /tmp[0m
[2024-08-09T08:33:06.320+0000] {subprocess.py:60} INFO - Tmp dir root location: 
 /tmp
[2024-08-09T08:33:06.321+0000] {log.py:232} WARNING - [[34m2024-08-09T08:33:06.321+0000[0m] {[34msubprocess.py:[0m73} INFO[0m - [35m(astronomer-cosmos)[0m - Running command: ['/opt/***/dbt_venv/bin/dbt', 'run', '--models', 'stg_wind_speed', '--project-dir', '/tmp/tmp0lcb73un', '--profiles-dir', '/tmp/cosmos/profile/ec71862f850e9b0839075fe0561d5062ab3dd99ef2a3dac2fe4fc1486f2849d0', '--profile', 'Data_Marketplace', '--target', 'dev'][0m
[2024-08-09T08:33:06.322+0000] {log.py:232} WARNING - [[34m2024-08-09T08:33:06.321+0000[0m] {[34msubprocess.py:[0m73} INFO[0m - [35m(astronomer-cosmos)[0m - Running command: ['/opt/***/dbt_venv/bin/dbt', 'run', '--models', 'stg_wind_speed', '--project-dir', '/tmp/tmp0lcb73un', '--profiles-dir', '/tmp/cosmos/profile/ec71862f850e9b0839075fe0561d5062ab3dd99ef2a3dac2fe4fc1486f2849d0', '--profile', 'Data_Marketplace', '--target', 'dev'][0m
[2024-08-09T08:33:06.321+0000] {subprocess.py:73} INFO - Running command: ['/opt/***/dbt_venv/bin/dbt', 'run', '--models', 'stg_wind_speed', '--project-dir', '/tmp/tmp0lcb73un', '--profiles-dir', '/tmp/cosmos/profile/ec71862f850e9b0839075fe0561d5062ab3dd99ef2a3dac2fe4fc1486f2849d0', '--profile', 'Data_Marketplace', '--target', 'dev']
[2024-08-09T08:33:06.338+0000] {log.py:232} WARNING - [[34m2024-08-09T08:33:06.338+0000[0m] {[34msubprocess.py:[0m84} INFO[0m - [35m(astronomer-cosmos)[0m - Command output:[0m
[2024-08-09T08:33:06.339+0000] {log.py:232} WARNING - [[34m2024-08-09T08:33:06.338+0000[0m] {[34msubprocess.py:[0m84} INFO[0m - [35m(astronomer-cosmos)[0m - Command output:[0m
[2024-08-09T08:33:06.338+0000] {subprocess.py:84} INFO - Command output:
[2024-08-09T08:33:10.392+0000] {log.py:232} WARNING - [[34m2024-08-09T08:33:10.392+0000[0m] {[34msubprocess.py:[0m94} INFO[0m - [35m(astronomer-cosmos)[0m - [0m08:33:10  Running with dbt=1.8.5[0m
[2024-08-09T08:33:10.393+0000] {log.py:232} WARNING - [[34m2024-08-09T08:33:10.392+0000[0m] {[34msubprocess.py:[0m94} INFO[0m - [35m(astronomer-cosmos)[0m - [0m08:33:10  Running with dbt=1.8.5[0m
[2024-08-09T08:33:10.392+0000] {subprocess.py:94} INFO - [0m08:33:10  Running with dbt=1.8.5
[2024-08-09T08:33:11.508+0000] {log.py:232} WARNING - [[34m2024-08-09T08:33:11.508+0000[0m] {[34msubprocess.py:[0m94} INFO[0m - [35m(astronomer-cosmos)[0m - [0m08:33:11  Registered adapter: snowflake=1.8.3[0m
[2024-08-09T08:33:11.508+0000] {log.py:232} WARNING - [[34m2024-08-09T08:33:11.508+0000[0m] {[34msubprocess.py:[0m94} INFO[0m - [35m(astronomer-cosmos)[0m - [0m08:33:11  Registered adapter: snowflake=1.8.3[0m
[2024-08-09T08:33:11.508+0000] {subprocess.py:94} INFO - [0m08:33:11  Registered adapter: snowflake=1.8.3
[2024-08-09T08:33:11.967+0000] {log.py:232} WARNING - [[34m2024-08-09T08:33:11.967+0000[0m] {[34msubprocess.py:[0m94} INFO[0m - [35m(astronomer-cosmos)[0m - [0m08:33:11  Unable to do partial parsing because config vars, config profile, or config target have changed[0m
[2024-08-09T08:33:11.968+0000] {log.py:232} WARNING - [[34m2024-08-09T08:33:11.967+0000[0m] {[34msubprocess.py:[0m94} INFO[0m - [35m(astronomer-cosmos)[0m - [0m08:33:11  Unable to do partial parsing because config vars, config profile, or config target have changed[0m
[2024-08-09T08:33:11.967+0000] {subprocess.py:94} INFO - [0m08:33:11  Unable to do partial parsing because config vars, config profile, or config target have changed
[2024-08-09T08:33:15.074+0000] {log.py:232} WARNING - [[34m2024-08-09T08:33:15.073+0000[0m] {[34msubprocess.py:[0m94} INFO[0m - [35m(astronomer-cosmos)[0m - [0m08:33:15  Found 9 models, 2 snapshots, 3 seeds, 2 data tests, 3 sources, 448 macros[0m
[2024-08-09T08:33:15.074+0000] {log.py:232} WARNING - [[34m2024-08-09T08:33:15.073+0000[0m] {[34msubprocess.py:[0m94} INFO[0m - [35m(astronomer-cosmos)[0m - [0m08:33:15  Found 9 models, 2 snapshots, 3 seeds, 2 data tests, 3 sources, 448 macros[0m
[2024-08-09T08:33:15.073+0000] {subprocess.py:94} INFO - [0m08:33:15  Found 9 models, 2 snapshots, 3 seeds, 2 data tests, 3 sources, 448 macros
[2024-08-09T08:33:15.077+0000] {log.py:232} WARNING - [[34m2024-08-09T08:33:15.076+0000[0m] {[34msubprocess.py:[0m94} INFO[0m - [35m(astronomer-cosmos)[0m - [0m08:33:15[0m
[2024-08-09T08:33:15.077+0000] {log.py:232} WARNING - [[34m2024-08-09T08:33:15.076+0000[0m] {[34msubprocess.py:[0m94} INFO[0m - [35m(astronomer-cosmos)[0m - [0m08:33:15[0m
[2024-08-09T08:33:15.076+0000] {subprocess.py:94} INFO - [0m08:33:15
[2024-08-09T08:33:16.759+0000] {log.py:232} WARNING - [[34m2024-08-09T08:33:16.759+0000[0m] {[34msubprocess.py:[0m94} INFO[0m - [35m(astronomer-cosmos)[0m - [0m08:33:16  Concurrency: 1 threads (target='dev')[0m
[2024-08-09T08:33:16.762+0000] {log.py:232} WARNING - [[34m2024-08-09T08:33:16.759+0000[0m] {[34msubprocess.py:[0m94} INFO[0m - [35m(astronomer-cosmos)[0m - [0m08:33:16  Concurrency: 1 threads (target='dev')[0m
[2024-08-09T08:33:16.759+0000] {subprocess.py:94} INFO - [0m08:33:16  Concurrency: 1 threads (target='dev')
[2024-08-09T08:33:16.763+0000] {log.py:232} WARNING - [[34m2024-08-09T08:33:16.762+0000[0m] {[34msubprocess.py:[0m94} INFO[0m - [35m(astronomer-cosmos)[0m - [0m08:33:16[0m
[2024-08-09T08:33:16.763+0000] {log.py:232} WARNING - [[34m2024-08-09T08:33:16.762+0000[0m] {[34msubprocess.py:[0m94} INFO[0m - [35m(astronomer-cosmos)[0m - [0m08:33:16[0m
[2024-08-09T08:33:16.762+0000] {subprocess.py:94} INFO - [0m08:33:16
[2024-08-09T08:33:16.798+0000] {log.py:232} WARNING - [[34m2024-08-09T08:33:16.797+0000[0m] {[34msubprocess.py:[0m94} INFO[0m - [35m(astronomer-cosmos)[0m - [0m08:33:16[0m
[2024-08-09T08:33:16.798+0000] {log.py:232} WARNING - [[34m2024-08-09T08:33:16.797+0000[0m] {[34msubprocess.py:[0m94} INFO[0m - [35m(astronomer-cosmos)[0m - [0m08:33:16[0m
[2024-08-09T08:33:16.797+0000] {subprocess.py:94} INFO - [0m08:33:16
[2024-08-09T08:33:16.799+0000] {log.py:232} WARNING - [[34m2024-08-09T08:33:16.799+0000[0m] {[34msubprocess.py:[0m94} INFO[0m - [35m(astronomer-cosmos)[0m - [0m08:33:16  Finished running  in 0 hours 0 minutes and 1.72 seconds (1.72s).[0m
[2024-08-09T08:33:16.800+0000] {log.py:232} WARNING - [[34m2024-08-09T08:33:16.799+0000[0m] {[34msubprocess.py:[0m94} INFO[0m - [35m(astronomer-cosmos)[0m - [0m08:33:16  Finished running  in 0 hours 0 minutes and 1.72 seconds (1.72s).[0m
[2024-08-09T08:33:16.799+0000] {subprocess.py:94} INFO - [0m08:33:16  Finished running  in 0 hours 0 minutes and 1.72 seconds (1.72s).
[2024-08-09T08:33:18.016+0000] {log.py:232} WARNING - [[34m2024-08-09T08:33:18.015+0000[0m] {[34msubprocess.py:[0m98} INFO[0m - [35m(astronomer-cosmos)[0m - Command exited with return code 0[0m
[2024-08-09T08:33:18.016+0000] {log.py:232} WARNING - [[34m2024-08-09T08:33:18.015+0000[0m] {[34msubprocess.py:[0m98} INFO[0m - [35m(astronomer-cosmos)[0m - Command exited with return code 0[0m
[2024-08-09T08:33:18.015+0000] {subprocess.py:98} INFO - Command exited with return code 0
[2024-08-09T08:33:18.017+0000] {log.py:232} WARNING - [[34m2024-08-09T08:33:18.017+0000[0m] {[34mlocal.py:[0m254} INFO[0m - [35m(astronomer-cosmos)[0m - [0m08:33:16  Finished running  in 0 hours 0 minutes and 1.72 seconds (1.72s).[0m
[2024-08-09T08:33:18.018+0000] {log.py:232} WARNING - [[34m2024-08-09T08:33:18.017+0000[0m] {[34mlocal.py:[0m254} INFO[0m - [35m(astronomer-cosmos)[0m - [0m08:33:16  Finished running  in 0 hours 0 minutes and 1.72 seconds (1.72s).[0m
[2024-08-09T08:33:18.017+0000] {local.py:254} INFO - [0m08:33:16  Finished running  in 0 hours 0 minutes and 1.72 seconds (1.72s).
[2024-08-09T08:33:18.033+0000] {local.py:196} WARNING - Artifact schema version: https://schemas.getdbt.com/dbt/manifest/v12.json is above dbt-ol supported version 7. This might cause errors.
[2024-08-09T08:33:18.033+0000] {local.py:196} WARNING - Artifact schema version: https://schemas.getdbt.com/dbt/run-results/v6.json is above dbt-ol supported version 5. This might cause errors.
[2024-08-09T08:33:18.039+0000] {log.py:232} WARNING - [[34m2024-08-09T08:33:18.039+0000[0m] {[34mlocal.py:[0m349} INFO[0m - [35m(astronomer-cosmos)[0m - Inlets: [][0m
[2024-08-09T08:33:18.040+0000] {log.py:232} WARNING - [[34m2024-08-09T08:33:18.039+0000[0m] {[34mlocal.py:[0m349} INFO[0m - [35m(astronomer-cosmos)[0m - Inlets: [][0m
[2024-08-09T08:33:18.039+0000] {local.py:349} INFO - Inlets: []
[2024-08-09T08:33:18.041+0000] {log.py:232} WARNING - [[34m2024-08-09T08:33:18.040+0000[0m] {[34mlocal.py:[0m350} INFO[0m - [35m(astronomer-cosmos)[0m - Outlets: [][0m
[2024-08-09T08:33:18.041+0000] {log.py:232} WARNING - [[34m2024-08-09T08:33:18.040+0000[0m] {[34mlocal.py:[0m350} INFO[0m - [35m(astronomer-cosmos)[0m - Outlets: [][0m
[2024-08-09T08:33:18.040+0000] {local.py:350} INFO - Outlets: []
[2024-08-09T08:33:18.042+0000] {dag.py:3096} INFO - Sync 1 DAGs
[2024-08-09T08:33:18.063+0000] {dag.py:3954} INFO - Setting next_dagrun for dbt_dag_filterd to None, run_after=None
[2024-08-09T08:33:18.090+0000] {taskinstance.py:441} INFO - ::group::Post task execution logs
[2024-08-09T08:33:18.100+0000] {taskinstance.py:1206} INFO - Marking task as SUCCESS. dag_id=dbt_dag_filterd, task_id=customers_group.stg_wind_speed_run, run_id=manual__2024-08-09T08:33:02.820628+00:00, execution_date=20240809T083302, start_date=20240809T083305, end_date=20240809T083318
[2024-08-09T08:33:18.145+0000] {local_task_job_runner.py:240} INFO - Task exited with return code 0
[2024-08-09T08:33:18.175+0000] {taskinstance.py:3503} INFO - 1 downstream tasks scheduled from follow-on schedule check
[2024-08-09T08:33:18.177+0000] {local_task_job_runner.py:222} INFO - ::endgroup::
