[2024-08-13T15:51:29.614+0000] {local_task_job_runner.py:120} INFO - ::group::Pre task execution logs
[2024-08-13T15:51:29.652+0000] {taskinstance.py:2076} INFO - Dependencies all met for dep_context=non-requeueable deps ti=<TaskInstance: Scrape_City.city_models.stg_city_run manual__2024-08-13T15:50:04.759811+00:00 [queued]>
[2024-08-13T15:51:30.003+0000] {taskinstance.py:2076} INFO - Dependencies all met for dep_context=requeueable deps ti=<TaskInstance: Scrape_City.city_models.stg_city_run manual__2024-08-13T15:50:04.759811+00:00 [queued]>
[2024-08-13T15:51:30.005+0000] {taskinstance.py:2306} INFO - Starting attempt 1 of 3
[2024-08-13T15:51:30.067+0000] {taskinstance.py:2330} INFO - Executing <Task(DbtRunLocalOperator): city_models.stg_city_run> on 2024-08-13 15:50:04.759811+00:00
[2024-08-13T15:51:30.081+0000] {warnings.py:112} WARNING - /home/***/.local/lib/python3.12/site-packages/***/task/task_runner/standard_task_runner.py:61: DeprecationWarning: This process (pid=302) is multi-threaded, use of fork() may lead to deadlocks in the child.
  pid = os.fork()

[2024-08-13T15:51:30.084+0000] {standard_task_runner.py:63} INFO - Started process 304 to run task
[2024-08-13T15:51:30.085+0000] {standard_task_runner.py:90} INFO - Running: ['***', 'tasks', 'run', 'Scrape_City', 'city_models.stg_city_run', 'manual__2024-08-13T15:50:04.759811+00:00', '--job-id', '49', '--raw', '--subdir', 'DAGS_FOLDER/City_Extraction.py', '--cfg-path', '/tmp/tmpjafk2rx0']
[2024-08-13T15:51:30.090+0000] {standard_task_runner.py:91} INFO - Job 49: Subtask city_models.stg_city_run
[2024-08-13T15:51:30.112+0000] {warnings.py:112} WARNING - /home/***/.local/lib/python3.12/site-packages/***/settings.py:195: DeprecationWarning: The sql_alchemy_conn option in [core] has been moved to the sql_alchemy_conn option in [database] - the old setting has been used, but please update your config.
  SQL_ALCHEMY_CONN = conf.get("database", "SQL_ALCHEMY_CONN")

[2024-08-13T15:51:30.173+0000] {task_command.py:426} INFO - Running <TaskInstance: Scrape_City.city_models.stg_city_run manual__2024-08-13T15:50:04.759811+00:00 [running]> on host ubuntu
[2024-08-13T15:51:30.341+0000] {taskinstance.py:2648} INFO - Exporting env vars: AIRFLOW_CTX_DAG_OWNER='Ducky' AIRFLOW_CTX_DAG_ID='Scrape_City' AIRFLOW_CTX_TASK_ID='city_models.stg_city_run' AIRFLOW_CTX_EXECUTION_DATE='2024-08-13T15:50:04.759811+00:00' AIRFLOW_CTX_TRY_NUMBER='1' AIRFLOW_CTX_DAG_RUN_ID='manual__2024-08-13T15:50:04.759811+00:00'
[2024-08-13T15:51:30.344+0000] {taskinstance.py:430} INFO - ::endgroup::
[2024-08-13T15:51:30.384+0000] {log.py:232} WARNING - [[34m2024-08-13T15:51:30.383+0000[0m] {[34mgraph.py:[0m377} INFO[0m - [35m(astronomer-cosmos)[0m - Trying to parse the dbt project using dbt ls cache cosmos_cache__dbt_dag_filterd__customers_group...[0m
[2024-08-13T15:51:30.385+0000] {log.py:232} WARNING - [[34m2024-08-13T15:51:30.383+0000[0m] {[34mgraph.py:[0m377} INFO[0m - [35m(astronomer-cosmos)[0m - Trying to parse the dbt project using dbt ls cache cosmos_cache__dbt_dag_filterd__customers_group...[0m
[2024-08-13T15:51:30.383+0000] {graph.py:377} INFO - Trying to parse the dbt project using dbt ls cache cosmos_cache__dbt_dag_filterd__customers_group...
[2024-08-13T15:51:30.672+0000] {log.py:232} WARNING - [[34m2024-08-13T15:51:30.672+0000[0m] {[34mcache.py:[0m262} INFO[0m - [35m(astronomer-cosmos)[0m - Cosmos performance: time to calculate cache identifier cosmos_cache__dbt_dag_filterd__customers_group for current version: 0.27480061100004605[0m
[2024-08-13T15:51:30.673+0000] {log.py:232} WARNING - [[34m2024-08-13T15:51:30.672+0000[0m] {[34mcache.py:[0m262} INFO[0m - [35m(astronomer-cosmos)[0m - Cosmos performance: time to calculate cache identifier cosmos_cache__dbt_dag_filterd__customers_group for current version: 0.27480061100004605[0m
[2024-08-13T15:51:30.672+0000] {cache.py:262} INFO - Cosmos performance: time to calculate cache identifier cosmos_cache__dbt_dag_filterd__customers_group for current version: 0.27480061100004605
[2024-08-13T15:51:30.675+0000] {log.py:232} WARNING - [[34m2024-08-13T15:51:30.675+0000[0m] {[34mgraph.py:[0m394} INFO[0m - [35m(astronomer-cosmos)[0m - Cosmos performance [ubuntu|304]: The cache size for cosmos_cache__dbt_dag_filterd__customers_group is 3021[0m
[2024-08-13T15:51:30.676+0000] {log.py:232} WARNING - [[34m2024-08-13T15:51:30.675+0000[0m] {[34mgraph.py:[0m394} INFO[0m - [35m(astronomer-cosmos)[0m - Cosmos performance [ubuntu|304]: The cache size for cosmos_cache__dbt_dag_filterd__customers_group is 3021[0m
[2024-08-13T15:51:30.675+0000] {graph.py:394} INFO - Cosmos performance [ubuntu|304]: The cache size for cosmos_cache__dbt_dag_filterd__customers_group is 3021
[2024-08-13T15:51:30.677+0000] {log.py:232} WARNING - [[34m2024-08-13T15:51:30.677+0000[0m] {[34mgraph.py:[0m402} INFO[0m - [35m(astronomer-cosmos)[0m - Cosmos performance: Cache hit for cosmos_cache__dbt_dag_filterd__customers_group - e817fdfdc4cadaa2fe870bd62a4c3e2e,5f7d44698c4b67134aff532494870c9c[0m
[2024-08-13T15:51:30.678+0000] {log.py:232} WARNING - [[34m2024-08-13T15:51:30.677+0000[0m] {[34mgraph.py:[0m402} INFO[0m - [35m(astronomer-cosmos)[0m - Cosmos performance: Cache hit for cosmos_cache__dbt_dag_filterd__customers_group - e817fdfdc4cadaa2fe870bd62a4c3e2e,5f7d44698c4b67134aff532494870c9c[0m
[2024-08-13T15:51:30.677+0000] {graph.py:402} INFO - Cosmos performance: Cache hit for cosmos_cache__dbt_dag_filterd__customers_group - e817fdfdc4cadaa2fe870bd62a4c3e2e,5f7d44698c4b67134aff532494870c9c
[2024-08-13T15:51:30.680+0000] {log.py:232} WARNING - [[34m2024-08-13T15:51:30.679+0000[0m] {[34mgraph.py:[0m335} INFO[0m - [35m(astronomer-cosmos)[0m - Total nodes: 3[0m
[2024-08-13T15:51:30.680+0000] {log.py:232} WARNING - [[34m2024-08-13T15:51:30.679+0000[0m] {[34mgraph.py:[0m335} INFO[0m - [35m(astronomer-cosmos)[0m - Total nodes: 3[0m
[2024-08-13T15:51:30.679+0000] {graph.py:335} INFO - Total nodes: 3
[2024-08-13T15:51:30.681+0000] {log.py:232} WARNING - [[34m2024-08-13T15:51:30.681+0000[0m] {[34mgraph.py:[0m336} INFO[0m - [35m(astronomer-cosmos)[0m - Total filtered nodes: 3[0m
[2024-08-13T15:51:30.682+0000] {log.py:232} WARNING - [[34m2024-08-13T15:51:30.681+0000[0m] {[34mgraph.py:[0m336} INFO[0m - [35m(astronomer-cosmos)[0m - Total filtered nodes: 3[0m
[2024-08-13T15:51:30.681+0000] {graph.py:336} INFO - Total filtered nodes: 3
[2024-08-13T15:51:30.684+0000] {log.py:232} WARNING - [[34m2024-08-13T15:51:30.683+0000[0m] {[34mconverter.py:[0m251} INFO[0m - [35m(astronomer-cosmos)[0m - Cosmos performance (dbt_dag_filterd__customers_group) -  [ubuntu|304]: It took 0.3s to parse the dbt project for DAG using LoadMode.DBT_LS_CACHE[0m
[2024-08-13T15:51:30.684+0000] {log.py:232} WARNING - [[34m2024-08-13T15:51:30.683+0000[0m] {[34mconverter.py:[0m251} INFO[0m - [35m(astronomer-cosmos)[0m - Cosmos performance (dbt_dag_filterd__customers_group) -  [ubuntu|304]: It took 0.3s to parse the dbt project for DAG using LoadMode.DBT_LS_CACHE[0m
[2024-08-13T15:51:30.683+0000] {converter.py:251} INFO - Cosmos performance (dbt_dag_filterd__customers_group) -  [ubuntu|304]: It took 0.3s to parse the dbt project for DAG using LoadMode.DBT_LS_CACHE
[2024-08-13T15:51:30.690+0000] {log.py:232} WARNING - [[34m2024-08-13T15:51:30.690+0000[0m] {[34mproject.py:[0m35} INFO[0m - [35m(astronomer-cosmos)[0m - Project /opt/***/dags/Data_Marketplace does not have {'packages.yml', 'dependencies.yml'}[0m
[2024-08-13T15:51:30.691+0000] {log.py:232} WARNING - [[34m2024-08-13T15:51:30.690+0000[0m] {[34mproject.py:[0m35} INFO[0m - [35m(astronomer-cosmos)[0m - Project /opt/***/dags/Data_Marketplace does not have {'packages.yml', 'dependencies.yml'}[0m
[2024-08-13T15:51:30.690+0000] {project.py:35} INFO - Project /opt/***/dags/Data_Marketplace does not have {'packages.yml', 'dependencies.yml'}
[2024-08-13T15:51:30.696+0000] {log.py:232} WARNING - [[34m2024-08-13T15:51:30.696+0000[0m] {[34mproject.py:[0m35} INFO[0m - [35m(astronomer-cosmos)[0m - Project /opt/***/dags/Data_Marketplace does not have {'packages.yml', 'dependencies.yml'}[0m
[2024-08-13T15:51:30.697+0000] {log.py:232} WARNING - [[34m2024-08-13T15:51:30.696+0000[0m] {[34mproject.py:[0m35} INFO[0m - [35m(astronomer-cosmos)[0m - Project /opt/***/dags/Data_Marketplace does not have {'packages.yml', 'dependencies.yml'}[0m
[2024-08-13T15:51:30.696+0000] {project.py:35} INFO - Project /opt/***/dags/Data_Marketplace does not have {'packages.yml', 'dependencies.yml'}
[2024-08-13T15:51:30.702+0000] {log.py:232} WARNING - [[34m2024-08-13T15:51:30.702+0000[0m] {[34mproject.py:[0m35} INFO[0m - [35m(astronomer-cosmos)[0m - Project /opt/***/dags/Data_Marketplace does not have {'packages.yml', 'dependencies.yml'}[0m
[2024-08-13T15:51:30.704+0000] {log.py:232} WARNING - [[34m2024-08-13T15:51:30.702+0000[0m] {[34mproject.py:[0m35} INFO[0m - [35m(astronomer-cosmos)[0m - Project /opt/***/dags/Data_Marketplace does not have {'packages.yml', 'dependencies.yml'}[0m
[2024-08-13T15:51:30.702+0000] {project.py:35} INFO - Project /opt/***/dags/Data_Marketplace does not have {'packages.yml', 'dependencies.yml'}
[2024-08-13T15:51:30.705+0000] {log.py:232} WARNING - [[34m2024-08-13T15:51:30.705+0000[0m] {[34mconverter.py:[0m293} INFO[0m - [35m(astronomer-cosmos)[0m - Cosmos performance (dbt_dag_filterd__customers_group) - [ubuntu|304]: It took 0.0219s to build the Airflow DAG.[0m
[2024-08-13T15:51:30.707+0000] {log.py:232} WARNING - [[34m2024-08-13T15:51:30.705+0000[0m] {[34mconverter.py:[0m293} INFO[0m - [35m(astronomer-cosmos)[0m - Cosmos performance (dbt_dag_filterd__customers_group) - [ubuntu|304]: It took 0.0219s to build the Airflow DAG.[0m
[2024-08-13T15:51:30.705+0000] {converter.py:293} INFO - Cosmos performance (dbt_dag_filterd__customers_group) - [ubuntu|304]: It took 0.0219s to build the Airflow DAG.
[2024-08-13T15:51:30.709+0000] {log.py:232} WARNING - [[34m2024-08-13T15:51:30.709+0000[0m] {[34mlocal.py:[0m174} INFO[0m - [35m(astronomer-cosmos)[0m - Could not import dbtRunner. Falling back to subprocess for invoking dbt.[0m
[2024-08-13T15:51:30.710+0000] {log.py:232} WARNING - [[34m2024-08-13T15:51:30.709+0000[0m] {[34mlocal.py:[0m174} INFO[0m - [35m(astronomer-cosmos)[0m - Could not import dbtRunner. Falling back to subprocess for invoking dbt.[0m
[2024-08-13T15:51:30.709+0000] {local.py:174} INFO - Could not import dbtRunner. Falling back to subprocess for invoking dbt.
[2024-08-13T15:51:30.712+0000] {log.py:232} WARNING - [[34m2024-08-13T15:51:30.712+0000[0m] {[34mlocal.py:[0m292} INFO[0m - [35m(astronomer-cosmos)[0m - Cloning project to writable temp directory /tmp/tmpe_6gji3m from /opt/***/dags/Data_Marketplace[0m
[2024-08-13T15:51:30.713+0000] {log.py:232} WARNING - [[34m2024-08-13T15:51:30.712+0000[0m] {[34mlocal.py:[0m292} INFO[0m - [35m(astronomer-cosmos)[0m - Cloning project to writable temp directory /tmp/tmpe_6gji3m from /opt/***/dags/Data_Marketplace[0m
[2024-08-13T15:51:30.712+0000] {local.py:292} INFO - Cloning project to writable temp directory /tmp/tmpe_6gji3m from /opt/airflow/dags/Data_Marketplace
[2024-08-13T15:51:30.721+0000] {log.py:232} WARNING - [[34m2024-08-13T15:51:30.720+0000[0m] {[34mlocal.py:[0m303} INFO[0m - [35m(astronomer-cosmos)[0m - Partial parse is enabled and the latest partial parse file is /opt/***/dags/Data_Marketplace/target/partial_parse.msgpack[0m
[2024-08-13T15:51:30.722+0000] {log.py:232} WARNING - [[34m2024-08-13T15:51:30.720+0000[0m] {[34mlocal.py:[0m303} INFO[0m - [35m(astronomer-cosmos)[0m - Partial parse is enabled and the latest partial parse file is /opt/***/dags/Data_Marketplace/target/partial_parse.msgpack[0m
[2024-08-13T15:51:30.720+0000] {local.py:303} INFO - Partial parse is enabled and the latest partial parse file is /opt/airflow/dags/Data_Marketplace/target/partial_parse.msgpack
[2024-08-13T15:51:30.767+0000] {log.py:232} WARNING - [[34m2024-08-13T15:51:30.766+0000[0m] {[34mconfig.py:[0m292} INFO[0m - [35m(astronomer-cosmos)[0m - Profile caching is enable.[0m
[2024-08-13T15:51:30.768+0000] {log.py:232} WARNING - [[34m2024-08-13T15:51:30.766+0000[0m] {[34mconfig.py:[0m292} INFO[0m - [35m(astronomer-cosmos)[0m - Profile caching is enable.[0m
[2024-08-13T15:51:30.766+0000] {config.py:292} INFO - Profile caching is enable.
[2024-08-13T15:51:30.785+0000] {base.py:84} INFO - Using connection ID 'snowflake_conn' for task execution.
[2024-08-13T15:51:30.798+0000] {log.py:232} WARNING - [[34m2024-08-13T15:51:30.797+0000[0m] {[34mconfig.py:[0m272} INFO[0m - [35m(astronomer-cosmos)[0m - Profile found in cache using profile: /tmp/cosmos/profile/ec71862f850e9b0839075fe0561d5062ab3dd99ef2a3dac2fe4fc1486f2849d0/profiles.yml.[0m
[2024-08-13T15:51:30.799+0000] {log.py:232} WARNING - [[34m2024-08-13T15:51:30.797+0000[0m] {[34mconfig.py:[0m272} INFO[0m - [35m(astronomer-cosmos)[0m - Profile found in cache using profile: /tmp/cosmos/profile/ec71862f850e9b0839075fe0561d5062ab3dd99ef2a3dac2fe4fc1486f2849d0/profiles.yml.[0m
[2024-08-13T15:51:30.797+0000] {config.py:272} INFO - Profile found in cache using profile: /tmp/cosmos/profile/ec71862f850e9b0839075fe0561d5062ab3dd99ef2a3dac2fe4fc1486f2849d0/profiles.yml.
[2024-08-13T15:51:30.801+0000] {log.py:232} WARNING - [[34m2024-08-13T15:51:30.801+0000[0m] {[34mlocal.py:[0m247} INFO[0m - [35m(astronomer-cosmos)[0m - Trying to run the command:
 ['/opt/***/dbt_venv/bin/dbt', 'run', '--models', 'stg_city', '--project-dir', '/tmp/tmpe_6gji3m', '--profiles-dir', '/tmp/cosmos/profile/ec71862f850e9b0839075fe0561d5062ab3dd99ef2a3dac2fe4fc1486f2849d0', '--profile', 'Data_Marketplace', '--target', 'dev']
From /tmp/tmpe_6gji3m[0m
[2024-08-13T15:51:30.802+0000] {log.py:232} WARNING - [[34m2024-08-13T15:51:30.801+0000[0m] {[34mlocal.py:[0m247} INFO[0m - [35m(astronomer-cosmos)[0m - Trying to run the command:
 ['/opt/***/dbt_venv/bin/dbt', 'run', '--models', 'stg_city', '--project-dir', '/tmp/tmpe_6gji3m', '--profiles-dir', '/tmp/cosmos/profile/ec71862f850e9b0839075fe0561d5062ab3dd99ef2a3dac2fe4fc1486f2849d0', '--profile', 'Data_Marketplace', '--target', 'dev']
From /tmp/tmpe_6gji3m[0m
[2024-08-13T15:51:30.801+0000] {local.py:247} INFO - Trying to run the command:
 ['/opt/***/dbt_venv/bin/dbt', 'run', '--models', 'stg_city', '--project-dir', '/tmp/tmpe_6gji3m', '--profiles-dir', '/tmp/cosmos/profile/ec71862f850e9b0839075fe0561d5062ab3dd99ef2a3dac2fe4fc1486f2849d0', '--profile', 'Data_Marketplace', '--target', 'dev']
From /tmp/tmpe_6gji3m
[2024-08-13T15:51:30.804+0000] {log.py:232} WARNING - [[34m2024-08-13T15:51:30.804+0000[0m] {[34msubprocess.py:[0m60} INFO[0m - [35m(astronomer-cosmos)[0m - Tmp dir root location: 
 /tmp[0m
[2024-08-13T15:51:30.805+0000] {log.py:232} WARNING - [[34m2024-08-13T15:51:30.804+0000[0m] {[34msubprocess.py:[0m60} INFO[0m - [35m(astronomer-cosmos)[0m - Tmp dir root location: 
 /tmp[0m
[2024-08-13T15:51:30.804+0000] {subprocess.py:60} INFO - Tmp dir root location: 
 /tmp
[2024-08-13T15:51:30.807+0000] {log.py:232} WARNING - [[34m2024-08-13T15:51:30.806+0000[0m] {[34msubprocess.py:[0m73} INFO[0m - [35m(astronomer-cosmos)[0m - Running command: ['/opt/***/dbt_venv/bin/dbt', 'run', '--models', 'stg_city', '--project-dir', '/tmp/tmpe_6gji3m', '--profiles-dir', '/tmp/cosmos/profile/ec71862f850e9b0839075fe0561d5062ab3dd99ef2a3dac2fe4fc1486f2849d0', '--profile', 'Data_Marketplace', '--target', 'dev'][0m
[2024-08-13T15:51:30.808+0000] {log.py:232} WARNING - [[34m2024-08-13T15:51:30.806+0000[0m] {[34msubprocess.py:[0m73} INFO[0m - [35m(astronomer-cosmos)[0m - Running command: ['/opt/***/dbt_venv/bin/dbt', 'run', '--models', 'stg_city', '--project-dir', '/tmp/tmpe_6gji3m', '--profiles-dir', '/tmp/cosmos/profile/ec71862f850e9b0839075fe0561d5062ab3dd99ef2a3dac2fe4fc1486f2849d0', '--profile', 'Data_Marketplace', '--target', 'dev'][0m
[2024-08-13T15:51:30.806+0000] {subprocess.py:73} INFO - Running command: ['/opt/***/dbt_venv/bin/dbt', 'run', '--models', 'stg_city', '--project-dir', '/tmp/tmpe_6gji3m', '--profiles-dir', '/tmp/cosmos/profile/ec71862f850e9b0839075fe0561d5062ab3dd99ef2a3dac2fe4fc1486f2849d0', '--profile', 'Data_Marketplace', '--target', 'dev']
[2024-08-13T15:51:30.834+0000] {log.py:232} WARNING - [[34m2024-08-13T15:51:30.834+0000[0m] {[34msubprocess.py:[0m84} INFO[0m - [35m(astronomer-cosmos)[0m - Command output:[0m
[2024-08-13T15:51:30.836+0000] {log.py:232} WARNING - [[34m2024-08-13T15:51:30.834+0000[0m] {[34msubprocess.py:[0m84} INFO[0m - [35m(astronomer-cosmos)[0m - Command output:[0m
[2024-08-13T15:51:30.834+0000] {subprocess.py:84} INFO - Command output:
[2024-08-13T15:51:34.491+0000] {log.py:232} WARNING - [[34m2024-08-13T15:51:34.490+0000[0m] {[34msubprocess.py:[0m94} INFO[0m - [35m(astronomer-cosmos)[0m - [0m15:51:34  Running with dbt=1.8.5[0m
[2024-08-13T15:51:34.493+0000] {log.py:232} WARNING - [[34m2024-08-13T15:51:34.490+0000[0m] {[34msubprocess.py:[0m94} INFO[0m - [35m(astronomer-cosmos)[0m - [0m15:51:34  Running with dbt=1.8.5[0m
[2024-08-13T15:51:34.490+0000] {subprocess.py:94} INFO - [0m15:51:34  Running with dbt=1.8.5
[2024-08-13T15:51:35.308+0000] {log.py:232} WARNING - [[34m2024-08-13T15:51:35.307+0000[0m] {[34msubprocess.py:[0m94} INFO[0m - [35m(astronomer-cosmos)[0m - [0m15:51:35  Registered adapter: snowflake=1.8.3[0m
[2024-08-13T15:51:35.309+0000] {log.py:232} WARNING - [[34m2024-08-13T15:51:35.307+0000[0m] {[34msubprocess.py:[0m94} INFO[0m - [35m(astronomer-cosmos)[0m - [0m15:51:35  Registered adapter: snowflake=1.8.3[0m
[2024-08-13T15:51:35.307+0000] {subprocess.py:94} INFO - [0m15:51:35  Registered adapter: snowflake=1.8.3
[2024-08-13T15:51:35.586+0000] {log.py:232} WARNING - [[34m2024-08-13T15:51:35.585+0000[0m] {[34msubprocess.py:[0m94} INFO[0m - [35m(astronomer-cosmos)[0m - [0m15:51:35  Unable to do partial parsing because of a version mismatch[0m
[2024-08-13T15:51:35.587+0000] {log.py:232} WARNING - [[34m2024-08-13T15:51:35.585+0000[0m] {[34msubprocess.py:[0m94} INFO[0m - [35m(astronomer-cosmos)[0m - [0m15:51:35  Unable to do partial parsing because of a version mismatch[0m
[2024-08-13T15:51:35.585+0000] {subprocess.py:94} INFO - [0m15:51:35  Unable to do partial parsing because of a version mismatch
[2024-08-13T15:51:39.941+0000] {log.py:232} WARNING - [[34m2024-08-13T15:51:39.940+0000[0m] {[34msubprocess.py:[0m94} INFO[0m - [35m(astronomer-cosmos)[0m - [0m15:51:39  Found 9 models, 2 snapshots, 3 seeds, 2 data tests, 3 sources, 448 macros[0m
[2024-08-13T15:51:39.942+0000] {log.py:232} WARNING - [[34m2024-08-13T15:51:39.940+0000[0m] {[34msubprocess.py:[0m94} INFO[0m - [35m(astronomer-cosmos)[0m - [0m15:51:39  Found 9 models, 2 snapshots, 3 seeds, 2 data tests, 3 sources, 448 macros[0m
[2024-08-13T15:51:39.940+0000] {subprocess.py:94} INFO - [0m15:51:39  Found 9 models, 2 snapshots, 3 seeds, 2 data tests, 3 sources, 448 macros
[2024-08-13T15:51:39.944+0000] {log.py:232} WARNING - [[34m2024-08-13T15:51:39.943+0000[0m] {[34msubprocess.py:[0m94} INFO[0m - [35m(astronomer-cosmos)[0m - [0m15:51:39[0m
[2024-08-13T15:51:39.944+0000] {log.py:232} WARNING - [[34m2024-08-13T15:51:39.943+0000[0m] {[34msubprocess.py:[0m94} INFO[0m - [35m(astronomer-cosmos)[0m - [0m15:51:39[0m
[2024-08-13T15:51:39.943+0000] {subprocess.py:94} INFO - [0m15:51:39
[2024-08-13T15:51:41.502+0000] {log.py:232} WARNING - [[34m2024-08-13T15:51:41.501+0000[0m] {[34msubprocess.py:[0m94} INFO[0m - [35m(astronomer-cosmos)[0m - [0m15:51:41  Concurrency: 1 threads (target='dev')[0m
[2024-08-13T15:51:41.503+0000] {log.py:232} WARNING - [[34m2024-08-13T15:51:41.501+0000[0m] {[34msubprocess.py:[0m94} INFO[0m - [35m(astronomer-cosmos)[0m - [0m15:51:41  Concurrency: 1 threads (target='dev')[0m
[2024-08-13T15:51:41.501+0000] {subprocess.py:94} INFO - [0m15:51:41  Concurrency: 1 threads (target='dev')
[2024-08-13T15:51:41.505+0000] {log.py:232} WARNING - [[34m2024-08-13T15:51:41.505+0000[0m] {[34msubprocess.py:[0m94} INFO[0m - [35m(astronomer-cosmos)[0m - [0m15:51:41[0m
[2024-08-13T15:51:41.506+0000] {log.py:232} WARNING - [[34m2024-08-13T15:51:41.505+0000[0m] {[34msubprocess.py:[0m94} INFO[0m - [35m(astronomer-cosmos)[0m - [0m15:51:41[0m
[2024-08-13T15:51:41.505+0000] {subprocess.py:94} INFO - [0m15:51:41
[2024-08-13T15:51:41.554+0000] {log.py:232} WARNING - [[34m2024-08-13T15:51:41.554+0000[0m] {[34msubprocess.py:[0m94} INFO[0m - [35m(astronomer-cosmos)[0m - [0m15:51:41[0m
[2024-08-13T15:51:41.556+0000] {log.py:232} WARNING - [[34m2024-08-13T15:51:41.554+0000[0m] {[34msubprocess.py:[0m94} INFO[0m - [35m(astronomer-cosmos)[0m - [0m15:51:41[0m
[2024-08-13T15:51:41.554+0000] {subprocess.py:94} INFO - [0m15:51:41
[2024-08-13T15:51:41.558+0000] {log.py:232} WARNING - [[34m2024-08-13T15:51:41.558+0000[0m] {[34msubprocess.py:[0m94} INFO[0m - [35m(astronomer-cosmos)[0m - [0m15:51:41  Finished running  in 0 hours 0 minutes and 1.61 seconds (1.61s).[0m
[2024-08-13T15:51:41.559+0000] {log.py:232} WARNING - [[34m2024-08-13T15:51:41.558+0000[0m] {[34msubprocess.py:[0m94} INFO[0m - [35m(astronomer-cosmos)[0m - [0m15:51:41  Finished running  in 0 hours 0 minutes and 1.61 seconds (1.61s).[0m
[2024-08-13T15:51:41.558+0000] {subprocess.py:94} INFO - [0m15:51:41  Finished running  in 0 hours 0 minutes and 1.61 seconds (1.61s).
[2024-08-13T15:51:43.471+0000] {log.py:232} WARNING - [[34m2024-08-13T15:51:43.471+0000[0m] {[34msubprocess.py:[0m98} INFO[0m - [35m(astronomer-cosmos)[0m - Command exited with return code 0[0m
[2024-08-13T15:51:43.474+0000] {log.py:232} WARNING - [[34m2024-08-13T15:51:43.471+0000[0m] {[34msubprocess.py:[0m98} INFO[0m - [35m(astronomer-cosmos)[0m - Command exited with return code 0[0m
[2024-08-13T15:51:43.471+0000] {subprocess.py:98} INFO - Command exited with return code 0
[2024-08-13T15:51:43.476+0000] {log.py:232} WARNING - [[34m2024-08-13T15:51:43.476+0000[0m] {[34mlocal.py:[0m254} INFO[0m - [35m(astronomer-cosmos)[0m - [0m15:51:41  Finished running  in 0 hours 0 minutes and 1.61 seconds (1.61s).[0m
[2024-08-13T15:51:43.478+0000] {log.py:232} WARNING - [[34m2024-08-13T15:51:43.476+0000[0m] {[34mlocal.py:[0m254} INFO[0m - [35m(astronomer-cosmos)[0m - [0m15:51:41  Finished running  in 0 hours 0 minutes and 1.61 seconds (1.61s).[0m
[2024-08-13T15:51:43.476+0000] {local.py:254} INFO - [0m15:51:41  Finished running  in 0 hours 0 minutes and 1.61 seconds (1.61s).
[2024-08-13T15:51:43.514+0000] {local.py:196} WARNING - Artifact schema version: https://schemas.getdbt.com/dbt/manifest/v12.json is above dbt-ol supported version 7. This might cause errors.
[2024-08-13T15:51:43.515+0000] {local.py:196} WARNING - Artifact schema version: https://schemas.getdbt.com/dbt/run-results/v6.json is above dbt-ol supported version 5. This might cause errors.
[2024-08-13T15:51:43.524+0000] {log.py:232} WARNING - [[34m2024-08-13T15:51:43.524+0000[0m] {[34mlocal.py:[0m349} INFO[0m - [35m(astronomer-cosmos)[0m - Inlets: [][0m
[2024-08-13T15:51:43.525+0000] {log.py:232} WARNING - [[34m2024-08-13T15:51:43.524+0000[0m] {[34mlocal.py:[0m349} INFO[0m - [35m(astronomer-cosmos)[0m - Inlets: [][0m
[2024-08-13T15:51:43.524+0000] {local.py:349} INFO - Inlets: []
[2024-08-13T15:51:43.526+0000] {log.py:232} WARNING - [[34m2024-08-13T15:51:43.526+0000[0m] {[34mlocal.py:[0m350} INFO[0m - [35m(astronomer-cosmos)[0m - Outlets: [][0m
[2024-08-13T15:51:43.527+0000] {log.py:232} WARNING - [[34m2024-08-13T15:51:43.526+0000[0m] {[34mlocal.py:[0m350} INFO[0m - [35m(astronomer-cosmos)[0m - Outlets: [][0m
[2024-08-13T15:51:43.526+0000] {local.py:350} INFO - Outlets: []
[2024-08-13T15:51:43.529+0000] {dag.py:3096} INFO - Sync 1 DAGs
[2024-08-13T15:51:43.553+0000] {dag.py:3954} INFO - Setting next_dagrun for Scrape_City to None, run_after=None
[2024-08-13T15:51:43.589+0000] {taskinstance.py:441} INFO - ::group::Post task execution logs
[2024-08-13T15:51:43.602+0000] {taskinstance.py:1206} INFO - Marking task as SUCCESS. dag_id=Scrape_City, task_id=city_models.stg_city_run, run_id=manual__2024-08-13T15:50:04.759811+00:00, execution_date=20240813T155004, start_date=20240813T155129, end_date=20240813T155143
[2024-08-13T15:51:43.639+0000] {local_task_job_runner.py:240} INFO - Task exited with return code 0
[2024-08-13T15:51:43.678+0000] {taskinstance.py:3503} INFO - 1 downstream tasks scheduled from follow-on schedule check
[2024-08-13T15:51:43.682+0000] {local_task_job_runner.py:222} INFO - ::endgroup::
