[2024-08-13T16:10:06.334+0000] {local_task_job_runner.py:120} INFO - ::group::Pre task execution logs
[2024-08-13T16:10:06.372+0000] {taskinstance.py:2076} INFO - Dependencies all met for dep_context=non-requeueable deps ti=<TaskInstance: Weather_Data_Extraction.generate_output_file backfill__2024-02-17T00:00:00+00:00 [queued]>
[2024-08-13T16:10:06.641+0000] {taskinstance.py:2076} INFO - Dependencies all met for dep_context=requeueable deps ti=<TaskInstance: Weather_Data_Extraction.generate_output_file backfill__2024-02-17T00:00:00+00:00 [queued]>
[2024-08-13T16:10:06.642+0000] {taskinstance.py:2306} INFO - Starting attempt 1 of 1
[2024-08-13T16:10:06.707+0000] {taskinstance.py:2330} INFO - Executing <Task(PythonOperator): generate_output_file> on 2024-02-17 00:00:00+00:00
[2024-08-13T16:10:06.733+0000] {warnings.py:112} WARNING - /home/***/.local/lib/python3.12/site-packages/***/task/task_runner/standard_task_runner.py:61: DeprecationWarning: This process (pid=1127) is multi-threaded, use of fork() may lead to deadlocks in the child.
  pid = os.fork()

[2024-08-13T16:10:06.740+0000] {standard_task_runner.py:63} INFO - Started process 1143 to run task
[2024-08-13T16:10:06.740+0000] {standard_task_runner.py:90} INFO - Running: ['***', 'tasks', 'run', 'Weather_Data_Extraction', 'generate_output_file', 'backfill__2024-02-17T00:00:00+00:00', '--job-id', '219', '--pool', 'default_pool', '--raw', '--subdir', 'DAGS_FOLDER/Data_Weather_Extraction.py', '--cfg-path', '/tmp/tmpe033061o']
[2024-08-13T16:10:06.760+0000] {standard_task_runner.py:91} INFO - Job 219: Subtask generate_output_file
[2024-08-13T16:10:06.868+0000] {warnings.py:112} WARNING - /home/***/.local/lib/python3.12/site-packages/***/settings.py:195: DeprecationWarning: The sql_alchemy_conn option in [core] has been moved to the sql_alchemy_conn option in [database] - the old setting has been used, but please update your config.
  SQL_ALCHEMY_CONN = conf.get("database", "SQL_ALCHEMY_CONN")

[2024-08-13T16:10:07.027+0000] {task_command.py:426} INFO - Running <TaskInstance: Weather_Data_Extraction.generate_output_file backfill__2024-02-17T00:00:00+00:00 [running]> on host ubuntu
[2024-08-13T16:10:07.201+0000] {taskinstance.py:2648} INFO - Exporting env vars: AIRFLOW_CTX_DAG_OWNER='Ducky' AIRFLOW_CTX_DAG_ID='Weather_Data_Extraction' AIRFLOW_CTX_TASK_ID='generate_output_file' AIRFLOW_CTX_EXECUTION_DATE='2024-02-17T00:00:00+00:00' AIRFLOW_CTX_TRY_NUMBER='1' AIRFLOW_CTX_DAG_RUN_ID='backfill__2024-02-17T00:00:00+00:00'
[2024-08-13T16:10:07.206+0000] {taskinstance.py:430} INFO - ::endgroup::
[2024-08-13T16:10:07.236+0000] {logging_mixin.py:188} INFO - Generated output file: Data_Weather-20240217.csv
[2024-08-13T16:10:07.237+0000] {logging_mixin.py:188} INFO - Execution Date: 2024/02/17
[2024-08-13T16:10:07.297+0000] {python.py:237} INFO - Done. Returned value was: None
[2024-08-13T16:10:07.301+0000] {taskinstance.py:441} INFO - ::group::Post task execution logs
[2024-08-13T16:10:07.323+0000] {taskinstance.py:1206} INFO - Marking task as SUCCESS. dag_id=Weather_Data_Extraction, task_id=generate_output_file, run_id=backfill__2024-02-17T00:00:00+00:00, execution_date=20240217T000000, start_date=20240813T161006, end_date=20240813T161007
[2024-08-13T16:10:07.374+0000] {local_task_job_runner.py:240} INFO - Task exited with return code 0
[2024-08-13T16:10:07.441+0000] {taskinstance.py:3503} INFO - 1 downstream tasks scheduled from follow-on schedule check
[2024-08-13T16:10:07.458+0000] {local_task_job_runner.py:222} INFO - ::endgroup::
[2024-08-14T04:24:49.770+0000] {local_task_job_runner.py:120} INFO - ::group::Pre task execution logs
[2024-08-14T04:24:49.787+0000] {taskinstance.py:2076} INFO - Dependencies all met for dep_context=non-requeueable deps ti=<TaskInstance: Weather_Data_Extraction.generate_output_file backfill__2024-02-17T00:00:00+00:00 [queued]>
[2024-08-14T04:24:49.798+0000] {taskinstance.py:2076} INFO - Dependencies all met for dep_context=requeueable deps ti=<TaskInstance: Weather_Data_Extraction.generate_output_file backfill__2024-02-17T00:00:00+00:00 [queued]>
[2024-08-14T04:24:49.799+0000] {taskinstance.py:2306} INFO - Starting attempt 1 of 1
[2024-08-14T04:24:49.958+0000] {taskinstance.py:2330} INFO - Executing <Task(PythonOperator): generate_output_file> on 2024-02-17 00:00:00+00:00
[2024-08-14T04:24:49.967+0000] {warnings.py:112} WARNING - /home/***/.local/lib/python3.12/site-packages/***/task/task_runner/standard_task_runner.py:61: DeprecationWarning: This process (pid=2175) is multi-threaded, use of fork() may lead to deadlocks in the child.
  pid = os.fork()

[2024-08-14T04:24:49.970+0000] {standard_task_runner.py:63} INFO - Started process 2177 to run task
[2024-08-14T04:24:49.970+0000] {standard_task_runner.py:90} INFO - Running: ['***', 'tasks', 'run', 'Weather_Data_Extraction', 'generate_output_file', 'backfill__2024-02-17T00:00:00+00:00', '--job-id', '545', '--pool', 'default_pool', '--raw', '--subdir', 'DAGS_FOLDER/Data_Weather_Extraction.py', '--cfg-path', '/tmp/tmpf1gbtrw6']
[2024-08-14T04:24:49.975+0000] {standard_task_runner.py:91} INFO - Job 545: Subtask generate_output_file
[2024-08-14T04:24:50.060+0000] {task_command.py:426} INFO - Running <TaskInstance: Weather_Data_Extraction.generate_output_file backfill__2024-02-17T00:00:00+00:00 [running]> on host ubuntu
[2024-08-14T04:24:50.166+0000] {taskinstance.py:2648} INFO - Exporting env vars: AIRFLOW_CTX_DAG_OWNER='Ducky' AIRFLOW_CTX_DAG_ID='Weather_Data_Extraction' AIRFLOW_CTX_TASK_ID='generate_output_file' AIRFLOW_CTX_EXECUTION_DATE='2024-02-17T00:00:00+00:00' AIRFLOW_CTX_TRY_NUMBER='1' AIRFLOW_CTX_DAG_RUN_ID='backfill__2024-02-17T00:00:00+00:00'
[2024-08-14T04:24:50.168+0000] {taskinstance.py:430} INFO - ::endgroup::
[2024-08-14T04:24:50.186+0000] {logging_mixin.py:188} INFO - Generated output file: Data_Weather-20240217.csv
[2024-08-14T04:24:50.187+0000] {logging_mixin.py:188} INFO - Execution Date: 2024/02/17
[2024-08-14T04:24:50.217+0000] {python.py:237} INFO - Done. Returned value was: None
[2024-08-14T04:24:50.219+0000] {taskinstance.py:441} INFO - ::group::Post task execution logs
[2024-08-14T04:24:50.229+0000] {taskinstance.py:1206} INFO - Marking task as SUCCESS. dag_id=Weather_Data_Extraction, task_id=generate_output_file, run_id=backfill__2024-02-17T00:00:00+00:00, execution_date=20240217T000000, start_date=20240814T042449, end_date=20240814T042450
[2024-08-14T04:24:50.266+0000] {local_task_job_runner.py:240} INFO - Task exited with return code 0
[2024-08-14T04:24:50.304+0000] {taskinstance.py:3503} INFO - 1 downstream tasks scheduled from follow-on schedule check
[2024-08-14T04:24:50.307+0000] {local_task_job_runner.py:222} INFO - ::endgroup::
