[2024-08-09T08:55:01.160+0000] {local_task_job_runner.py:120} INFO - ::group::Pre task execution logs
[2024-08-09T08:55:01.178+0000] {taskinstance.py:2076} INFO - Dependencies all met for dep_context=non-requeueable deps ti=<TaskInstance: Scrape_City.generate_output_file manual__2024-08-09T08:54:54.359837+00:00 [queued]>
[2024-08-09T08:55:01.188+0000] {taskinstance.py:2076} INFO - Dependencies all met for dep_context=requeueable deps ti=<TaskInstance: Scrape_City.generate_output_file manual__2024-08-09T08:54:54.359837+00:00 [queued]>
[2024-08-09T08:55:01.188+0000] {taskinstance.py:2306} INFO - Starting attempt 1 of 1
[2024-08-09T08:55:01.445+0000] {taskinstance.py:2330} INFO - Executing <Task(PythonOperator): generate_output_file> on 2024-08-09 08:54:54.359837+00:00
[2024-08-09T08:55:01.460+0000] {warnings.py:112} WARNING - /home/***/.local/lib/python3.12/site-packages/***/task/task_runner/standard_task_runner.py:61: DeprecationWarning: This process (pid=1075) is multi-threaded, use of fork() may lead to deadlocks in the child.
  pid = os.fork()

[2024-08-09T08:55:01.464+0000] {standard_task_runner.py:63} INFO - Started process 1084 to run task
[2024-08-09T08:55:01.465+0000] {standard_task_runner.py:90} INFO - Running: ['***', 'tasks', 'run', 'Scrape_City', 'generate_output_file', 'manual__2024-08-09T08:54:54.359837+00:00', '--job-id', '55', '--raw', '--subdir', 'DAGS_FOLDER/City_Extraction.py', '--cfg-path', '/tmp/tmpg6i1bv45']
[2024-08-09T08:55:01.468+0000] {standard_task_runner.py:91} INFO - Job 55: Subtask generate_output_file
[2024-08-09T08:55:01.488+0000] {warnings.py:112} WARNING - /home/***/.local/lib/python3.12/site-packages/***/settings.py:195: DeprecationWarning: The sql_alchemy_conn option in [core] has been moved to the sql_alchemy_conn option in [database] - the old setting has been used, but please update your config.
  SQL_ALCHEMY_CONN = conf.get("database", "SQL_ALCHEMY_CONN")

[2024-08-09T08:55:01.528+0000] {task_command.py:426} INFO - Running <TaskInstance: Scrape_City.generate_output_file manual__2024-08-09T08:54:54.359837+00:00 [running]> on host ubuntu
[2024-08-09T08:55:01.628+0000] {taskinstance.py:2648} INFO - Exporting env vars: AIRFLOW_CTX_DAG_OWNER='Ducky' AIRFLOW_CTX_DAG_ID='Scrape_City' AIRFLOW_CTX_TASK_ID='generate_output_file' AIRFLOW_CTX_EXECUTION_DATE='2024-08-09T08:54:54.359837+00:00' AIRFLOW_CTX_TRY_NUMBER='1' AIRFLOW_CTX_DAG_RUN_ID='manual__2024-08-09T08:54:54.359837+00:00'
[2024-08-09T08:55:01.632+0000] {taskinstance.py:430} INFO - ::endgroup::
[2024-08-09T08:55:01.650+0000] {logging_mixin.py:188} INFO - Generated output file: city_table-20240808.csv
[2024-08-09T08:55:01.651+0000] {python.py:237} INFO - Done. Returned value was: city_table-20240808.csv
[2024-08-09T08:55:01.651+0000] {taskinstance.py:441} INFO - ::group::Post task execution logs
[2024-08-09T08:55:01.678+0000] {taskinstance.py:1206} INFO - Marking task as SUCCESS. dag_id=Scrape_City, task_id=generate_output_file, run_id=manual__2024-08-09T08:54:54.359837+00:00, execution_date=20240809T085454, start_date=20240809T085501, end_date=20240809T085501
[2024-08-09T08:55:01.726+0000] {local_task_job_runner.py:240} INFO - Task exited with return code 0
[2024-08-09T08:55:01.758+0000] {taskinstance.py:3503} INFO - 1 downstream tasks scheduled from follow-on schedule check
[2024-08-09T08:55:01.759+0000] {local_task_job_runner.py:222} INFO - ::endgroup::
