[2024-08-13T16:06:43.552+0000] {local_task_job_runner.py:120} INFO - ::group::Pre task execution logs
[2024-08-13T16:06:43.581+0000] {taskinstance.py:2076} INFO - Dependencies all met for dep_context=non-requeueable deps ti=<TaskInstance: Weather_Data_Extraction.generate_output_file backfill__2024-01-05T00:00:00+00:00 [queued]>
[2024-08-13T16:06:43.592+0000] {taskinstance.py:2076} INFO - Dependencies all met for dep_context=requeueable deps ti=<TaskInstance: Weather_Data_Extraction.generate_output_file backfill__2024-01-05T00:00:00+00:00 [queued]>
[2024-08-13T16:06:43.593+0000] {taskinstance.py:2306} INFO - Starting attempt 1 of 1
[2024-08-13T16:06:43.890+0000] {taskinstance.py:2330} INFO - Executing <Task(PythonOperator): generate_output_file> on 2024-01-05 00:00:00+00:00
[2024-08-13T16:06:43.905+0000] {warnings.py:112} WARNING - /home/***/.local/lib/python3.12/site-packages/***/task/task_runner/standard_task_runner.py:61: DeprecationWarning: This process (pid=686) is multi-threaded, use of fork() may lead to deadlocks in the child.
  pid = os.fork()

[2024-08-13T16:06:43.909+0000] {standard_task_runner.py:63} INFO - Started process 704 to run task
[2024-08-13T16:06:43.925+0000] {standard_task_runner.py:90} INFO - Running: ['***', 'tasks', 'run', 'Weather_Data_Extraction', 'generate_output_file', 'backfill__2024-01-05T00:00:00+00:00', '--job-id', '85', '--pool', 'default_pool', '--raw', '--subdir', 'DAGS_FOLDER/Data_Weather_Extraction.py', '--cfg-path', '/tmp/tmpfp7sqvuq']
[2024-08-13T16:06:43.930+0000] {standard_task_runner.py:91} INFO - Job 85: Subtask generate_output_file
[2024-08-13T16:06:43.951+0000] {warnings.py:112} WARNING - /home/***/.local/lib/python3.12/site-packages/***/settings.py:195: DeprecationWarning: The sql_alchemy_conn option in [core] has been moved to the sql_alchemy_conn option in [database] - the old setting has been used, but please update your config.
  SQL_ALCHEMY_CONN = conf.get("database", "SQL_ALCHEMY_CONN")

[2024-08-13T16:06:44.028+0000] {task_command.py:426} INFO - Running <TaskInstance: Weather_Data_Extraction.generate_output_file backfill__2024-01-05T00:00:00+00:00 [running]> on host ubuntu
[2024-08-13T16:06:44.205+0000] {taskinstance.py:2648} INFO - Exporting env vars: AIRFLOW_CTX_DAG_OWNER='Ducky' AIRFLOW_CTX_DAG_ID='Weather_Data_Extraction' AIRFLOW_CTX_TASK_ID='generate_output_file' AIRFLOW_CTX_EXECUTION_DATE='2024-01-05T00:00:00+00:00' AIRFLOW_CTX_TRY_NUMBER='1' AIRFLOW_CTX_DAG_RUN_ID='backfill__2024-01-05T00:00:00+00:00'
[2024-08-13T16:06:44.209+0000] {taskinstance.py:430} INFO - ::endgroup::
[2024-08-13T16:06:44.232+0000] {logging_mixin.py:188} INFO - Generated output file: Data_Weather-20240105.csv
[2024-08-13T16:06:44.233+0000] {logging_mixin.py:188} INFO - Execution Date: 2024/01/05
[2024-08-13T16:06:44.292+0000] {python.py:237} INFO - Done. Returned value was: None
[2024-08-13T16:06:44.295+0000] {taskinstance.py:441} INFO - ::group::Post task execution logs
[2024-08-13T16:06:44.311+0000] {taskinstance.py:1206} INFO - Marking task as SUCCESS. dag_id=Weather_Data_Extraction, task_id=generate_output_file, run_id=backfill__2024-01-05T00:00:00+00:00, execution_date=20240105T000000, start_date=20240813T160643, end_date=20240813T160644
[2024-08-13T16:06:44.373+0000] {local_task_job_runner.py:240} INFO - Task exited with return code 0
[2024-08-13T16:06:44.423+0000] {taskinstance.py:3503} INFO - 1 downstream tasks scheduled from follow-on schedule check
[2024-08-13T16:06:44.427+0000] {local_task_job_runner.py:222} INFO - ::endgroup::
[2024-08-14T02:50:19.891+0000] {local_task_job_runner.py:120} INFO - ::group::Pre task execution logs
[2024-08-14T02:50:19.913+0000] {taskinstance.py:2076} INFO - Dependencies all met for dep_context=non-requeueable deps ti=<TaskInstance: Weather_Data_Extraction.generate_output_file backfill__2024-01-05T00:00:00+00:00 [queued]>
[2024-08-14T02:50:20.066+0000] {taskinstance.py:2076} INFO - Dependencies all met for dep_context=requeueable deps ti=<TaskInstance: Weather_Data_Extraction.generate_output_file backfill__2024-01-05T00:00:00+00:00 [queued]>
[2024-08-14T02:50:20.067+0000] {taskinstance.py:2306} INFO - Starting attempt 1 of 1
[2024-08-14T02:50:20.092+0000] {taskinstance.py:2330} INFO - Executing <Task(PythonOperator): generate_output_file> on 2024-01-05 00:00:00+00:00
[2024-08-14T02:50:20.101+0000] {warnings.py:112} WARNING - /home/***/.local/lib/python3.12/site-packages/***/task/task_runner/standard_task_runner.py:61: DeprecationWarning: This process (pid=382) is multi-threaded, use of fork() may lead to deadlocks in the child.
  pid = os.fork()

[2024-08-14T02:50:20.103+0000] {standard_task_runner.py:63} INFO - Started process 384 to run task
[2024-08-14T02:50:20.104+0000] {standard_task_runner.py:90} INFO - Running: ['***', 'tasks', 'run', 'Weather_Data_Extraction', 'generate_output_file', 'backfill__2024-01-05T00:00:00+00:00', '--job-id', '343', '--pool', 'default_pool', '--raw', '--subdir', 'DAGS_FOLDER/Data_Weather_Extraction.py', '--cfg-path', '/tmp/tmpe9lc3pky']
[2024-08-14T02:50:20.107+0000] {standard_task_runner.py:91} INFO - Job 343: Subtask generate_output_file
[2024-08-14T02:50:20.176+0000] {task_command.py:426} INFO - Running <TaskInstance: Weather_Data_Extraction.generate_output_file backfill__2024-01-05T00:00:00+00:00 [running]> on host ubuntu
[2024-08-14T02:50:20.319+0000] {taskinstance.py:2648} INFO - Exporting env vars: AIRFLOW_CTX_DAG_OWNER='Ducky' AIRFLOW_CTX_DAG_ID='Weather_Data_Extraction' AIRFLOW_CTX_TASK_ID='generate_output_file' AIRFLOW_CTX_EXECUTION_DATE='2024-01-05T00:00:00+00:00' AIRFLOW_CTX_TRY_NUMBER='1' AIRFLOW_CTX_DAG_RUN_ID='backfill__2024-01-05T00:00:00+00:00'
[2024-08-14T02:50:20.322+0000] {taskinstance.py:430} INFO - ::endgroup::
[2024-08-14T02:50:20.347+0000] {logging_mixin.py:188} INFO - Generated output file: Data_Weather-20240105.csv
[2024-08-14T02:50:20.348+0000] {logging_mixin.py:188} INFO - Execution Date: 2024/01/05
[2024-08-14T02:50:20.389+0000] {python.py:237} INFO - Done. Returned value was: None
[2024-08-14T02:50:20.391+0000] {taskinstance.py:441} INFO - ::group::Post task execution logs
[2024-08-14T02:50:20.414+0000] {taskinstance.py:1206} INFO - Marking task as SUCCESS. dag_id=Weather_Data_Extraction, task_id=generate_output_file, run_id=backfill__2024-01-05T00:00:00+00:00, execution_date=20240105T000000, start_date=20240814T025019, end_date=20240814T025020
[2024-08-14T02:50:20.478+0000] {local_task_job_runner.py:240} INFO - Task exited with return code 0
[2024-08-14T02:50:20.517+0000] {taskinstance.py:3503} INFO - 1 downstream tasks scheduled from follow-on schedule check
[2024-08-14T02:50:20.521+0000] {local_task_job_runner.py:222} INFO - ::endgroup::
