[2024-08-13T15:49:21.154+0000] {local_task_job_runner.py:120} INFO - ::group::Pre task execution logs
[2024-08-13T15:49:21.428+0000] {taskinstance.py:2076} INFO - Dependencies all met for dep_context=non-requeueable deps ti=<TaskInstance: Scrape_Province.province_models.dim_province_run scheduled__2024-08-12T00:00:00+00:00 [queued]>
[2024-08-13T15:49:21.460+0000] {taskinstance.py:2076} INFO - Dependencies all met for dep_context=requeueable deps ti=<TaskInstance: Scrape_Province.province_models.dim_province_run scheduled__2024-08-12T00:00:00+00:00 [queued]>
[2024-08-13T15:49:21.464+0000] {taskinstance.py:2306} INFO - Starting attempt 1 of 3
[2024-08-13T15:49:21.494+0000] {taskinstance.py:2330} INFO - Executing <Task(DbtRunLocalOperator): province_models.dim_province_run> on 2024-08-12 00:00:00+00:00
[2024-08-13T15:49:21.505+0000] {warnings.py:112} WARNING - /home/***/.local/lib/python3.12/site-packages/***/task/task_runner/standard_task_runner.py:61: DeprecationWarning: This process (pid=228) is multi-threaded, use of fork() may lead to deadlocks in the child.
  pid = os.fork()

[2024-08-13T15:49:21.508+0000] {standard_task_runner.py:63} INFO - Started process 230 to run task
[2024-08-13T15:49:21.512+0000] {standard_task_runner.py:90} INFO - Running: ['***', 'tasks', 'run', 'Scrape_Province', 'province_models.dim_province_run', 'scheduled__2024-08-12T00:00:00+00:00', '--job-id', '40', '--raw', '--subdir', 'DAGS_FOLDER/Province_Extraction.py', '--cfg-path', '/tmp/tmphf_ba5hl']
[2024-08-13T15:49:21.516+0000] {standard_task_runner.py:91} INFO - Job 40: Subtask province_models.dim_province_run
[2024-08-13T15:49:21.536+0000] {warnings.py:112} WARNING - /home/***/.local/lib/python3.12/site-packages/***/settings.py:195: DeprecationWarning: The sql_alchemy_conn option in [core] has been moved to the sql_alchemy_conn option in [database] - the old setting has been used, but please update your config.
  SQL_ALCHEMY_CONN = conf.get("database", "SQL_ALCHEMY_CONN")

[2024-08-13T15:49:21.627+0000] {task_command.py:426} INFO - Running <TaskInstance: Scrape_Province.province_models.dim_province_run scheduled__2024-08-12T00:00:00+00:00 [running]> on host ubuntu
[2024-08-13T15:49:21.782+0000] {taskinstance.py:2648} INFO - Exporting env vars: AIRFLOW_CTX_DAG_OWNER='Ducky' AIRFLOW_CTX_DAG_ID='Scrape_Province' AIRFLOW_CTX_TASK_ID='province_models.dim_province_run' AIRFLOW_CTX_EXECUTION_DATE='2024-08-12T00:00:00+00:00' AIRFLOW_CTX_TRY_NUMBER='1' AIRFLOW_CTX_DAG_RUN_ID='scheduled__2024-08-12T00:00:00+00:00'
[2024-08-13T15:49:21.785+0000] {taskinstance.py:430} INFO - ::endgroup::
[2024-08-13T15:49:21.827+0000] {log.py:232} WARNING - [[34m2024-08-13T15:49:21.827+0000[0m] {[34mgraph.py:[0m377} INFO[0m - [35m(astronomer-cosmos)[0m - Trying to parse the dbt project using dbt ls cache cosmos_cache__dbt_dag_filterd__customers_group...[0m
[2024-08-13T15:49:21.828+0000] {log.py:232} WARNING - [[34m2024-08-13T15:49:21.827+0000[0m] {[34mgraph.py:[0m377} INFO[0m - [35m(astronomer-cosmos)[0m - Trying to parse the dbt project using dbt ls cache cosmos_cache__dbt_dag_filterd__customers_group...[0m
[2024-08-13T15:49:21.827+0000] {graph.py:377} INFO - Trying to parse the dbt project using dbt ls cache cosmos_cache__dbt_dag_filterd__customers_group...
[2024-08-13T15:49:22.454+0000] {log.py:232} WARNING - [[34m2024-08-13T15:49:22.453+0000[0m] {[34mcache.py:[0m262} INFO[0m - [35m(astronomer-cosmos)[0m - Cosmos performance: time to calculate cache identifier cosmos_cache__dbt_dag_filterd__customers_group for current version: 0.608700798999962[0m
[2024-08-13T15:49:22.455+0000] {log.py:232} WARNING - [[34m2024-08-13T15:49:22.453+0000[0m] {[34mcache.py:[0m262} INFO[0m - [35m(astronomer-cosmos)[0m - Cosmos performance: time to calculate cache identifier cosmos_cache__dbt_dag_filterd__customers_group for current version: 0.608700798999962[0m
[2024-08-13T15:49:22.453+0000] {cache.py:262} INFO - Cosmos performance: time to calculate cache identifier cosmos_cache__dbt_dag_filterd__customers_group for current version: 0.608700798999962
[2024-08-13T15:49:22.456+0000] {log.py:232} WARNING - [[34m2024-08-13T15:49:22.456+0000[0m] {[34mgraph.py:[0m394} INFO[0m - [35m(astronomer-cosmos)[0m - Cosmos performance [ubuntu|230]: The cache size for cosmos_cache__dbt_dag_filterd__customers_group is 3021[0m
[2024-08-13T15:49:22.457+0000] {log.py:232} WARNING - [[34m2024-08-13T15:49:22.456+0000[0m] {[34mgraph.py:[0m394} INFO[0m - [35m(astronomer-cosmos)[0m - Cosmos performance [ubuntu|230]: The cache size for cosmos_cache__dbt_dag_filterd__customers_group is 3021[0m
[2024-08-13T15:49:22.456+0000] {graph.py:394} INFO - Cosmos performance [ubuntu|230]: The cache size for cosmos_cache__dbt_dag_filterd__customers_group is 3021
[2024-08-13T15:49:22.458+0000] {log.py:232} WARNING - [[34m2024-08-13T15:49:22.458+0000[0m] {[34mgraph.py:[0m402} INFO[0m - [35m(astronomer-cosmos)[0m - Cosmos performance: Cache hit for cosmos_cache__dbt_dag_filterd__customers_group - e817fdfdc4cadaa2fe870bd62a4c3e2e,5f7d44698c4b67134aff532494870c9c[0m
[2024-08-13T15:49:22.459+0000] {log.py:232} WARNING - [[34m2024-08-13T15:49:22.458+0000[0m] {[34mgraph.py:[0m402} INFO[0m - [35m(astronomer-cosmos)[0m - Cosmos performance: Cache hit for cosmos_cache__dbt_dag_filterd__customers_group - e817fdfdc4cadaa2fe870bd62a4c3e2e,5f7d44698c4b67134aff532494870c9c[0m
[2024-08-13T15:49:22.458+0000] {graph.py:402} INFO - Cosmos performance: Cache hit for cosmos_cache__dbt_dag_filterd__customers_group - e817fdfdc4cadaa2fe870bd62a4c3e2e,5f7d44698c4b67134aff532494870c9c
[2024-08-13T15:49:22.460+0000] {log.py:232} WARNING - [[34m2024-08-13T15:49:22.460+0000[0m] {[34mgraph.py:[0m335} INFO[0m - [35m(astronomer-cosmos)[0m - Total nodes: 3[0m
[2024-08-13T15:49:22.463+0000] {log.py:232} WARNING - [[34m2024-08-13T15:49:22.460+0000[0m] {[34mgraph.py:[0m335} INFO[0m - [35m(astronomer-cosmos)[0m - Total nodes: 3[0m
[2024-08-13T15:49:22.460+0000] {graph.py:335} INFO - Total nodes: 3
[2024-08-13T15:49:22.465+0000] {log.py:232} WARNING - [[34m2024-08-13T15:49:22.465+0000[0m] {[34mgraph.py:[0m336} INFO[0m - [35m(astronomer-cosmos)[0m - Total filtered nodes: 3[0m
[2024-08-13T15:49:22.466+0000] {log.py:232} WARNING - [[34m2024-08-13T15:49:22.465+0000[0m] {[34mgraph.py:[0m336} INFO[0m - [35m(astronomer-cosmos)[0m - Total filtered nodes: 3[0m
[2024-08-13T15:49:22.465+0000] {graph.py:336} INFO - Total filtered nodes: 3
[2024-08-13T15:49:22.468+0000] {log.py:232} WARNING - [[34m2024-08-13T15:49:22.467+0000[0m] {[34mconverter.py:[0m251} INFO[0m - [35m(astronomer-cosmos)[0m - Cosmos performance (dbt_dag_filterd__customers_group) -  [ubuntu|230]: It took 0.64s to parse the dbt project for DAG using LoadMode.DBT_LS_CACHE[0m
[2024-08-13T15:49:22.469+0000] {log.py:232} WARNING - [[34m2024-08-13T15:49:22.467+0000[0m] {[34mconverter.py:[0m251} INFO[0m - [35m(astronomer-cosmos)[0m - Cosmos performance (dbt_dag_filterd__customers_group) -  [ubuntu|230]: It took 0.64s to parse the dbt project for DAG using LoadMode.DBT_LS_CACHE[0m
[2024-08-13T15:49:22.467+0000] {converter.py:251} INFO - Cosmos performance (dbt_dag_filterd__customers_group) -  [ubuntu|230]: It took 0.64s to parse the dbt project for DAG using LoadMode.DBT_LS_CACHE
[2024-08-13T15:49:22.477+0000] {log.py:232} WARNING - [[34m2024-08-13T15:49:22.476+0000[0m] {[34mproject.py:[0m35} INFO[0m - [35m(astronomer-cosmos)[0m - Project /opt/***/dags/Data_Marketplace does not have {'packages.yml', 'dependencies.yml'}[0m
[2024-08-13T15:49:22.478+0000] {log.py:232} WARNING - [[34m2024-08-13T15:49:22.476+0000[0m] {[34mproject.py:[0m35} INFO[0m - [35m(astronomer-cosmos)[0m - Project /opt/***/dags/Data_Marketplace does not have {'packages.yml', 'dependencies.yml'}[0m
[2024-08-13T15:49:22.476+0000] {project.py:35} INFO - Project /opt/***/dags/Data_Marketplace does not have {'packages.yml', 'dependencies.yml'}
[2024-08-13T15:49:22.485+0000] {log.py:232} WARNING - [[34m2024-08-13T15:49:22.485+0000[0m] {[34mproject.py:[0m35} INFO[0m - [35m(astronomer-cosmos)[0m - Project /opt/***/dags/Data_Marketplace does not have {'packages.yml', 'dependencies.yml'}[0m
[2024-08-13T15:49:22.486+0000] {log.py:232} WARNING - [[34m2024-08-13T15:49:22.485+0000[0m] {[34mproject.py:[0m35} INFO[0m - [35m(astronomer-cosmos)[0m - Project /opt/***/dags/Data_Marketplace does not have {'packages.yml', 'dependencies.yml'}[0m
[2024-08-13T15:49:22.485+0000] {project.py:35} INFO - Project /opt/***/dags/Data_Marketplace does not have {'packages.yml', 'dependencies.yml'}
[2024-08-13T15:49:22.496+0000] {log.py:232} WARNING - [[34m2024-08-13T15:49:22.496+0000[0m] {[34mproject.py:[0m35} INFO[0m - [35m(astronomer-cosmos)[0m - Project /opt/***/dags/Data_Marketplace does not have {'packages.yml', 'dependencies.yml'}[0m
[2024-08-13T15:49:22.498+0000] {log.py:232} WARNING - [[34m2024-08-13T15:49:22.496+0000[0m] {[34mproject.py:[0m35} INFO[0m - [35m(astronomer-cosmos)[0m - Project /opt/***/dags/Data_Marketplace does not have {'packages.yml', 'dependencies.yml'}[0m
[2024-08-13T15:49:22.496+0000] {project.py:35} INFO - Project /opt/***/dags/Data_Marketplace does not have {'packages.yml', 'dependencies.yml'}
[2024-08-13T15:49:22.500+0000] {log.py:232} WARNING - [[34m2024-08-13T15:49:22.499+0000[0m] {[34mconverter.py:[0m293} INFO[0m - [35m(astronomer-cosmos)[0m - Cosmos performance (dbt_dag_filterd__customers_group) - [ubuntu|230]: It took 0.0328s to build the Airflow DAG.[0m
[2024-08-13T15:49:22.504+0000] {log.py:232} WARNING - [[34m2024-08-13T15:49:22.499+0000[0m] {[34mconverter.py:[0m293} INFO[0m - [35m(astronomer-cosmos)[0m - Cosmos performance (dbt_dag_filterd__customers_group) - [ubuntu|230]: It took 0.0328s to build the Airflow DAG.[0m
[2024-08-13T15:49:22.499+0000] {converter.py:293} INFO - Cosmos performance (dbt_dag_filterd__customers_group) - [ubuntu|230]: It took 0.0328s to build the Airflow DAG.
[2024-08-13T15:49:22.507+0000] {log.py:232} WARNING - [[34m2024-08-13T15:49:22.507+0000[0m] {[34mlocal.py:[0m174} INFO[0m - [35m(astronomer-cosmos)[0m - Could not import dbtRunner. Falling back to subprocess for invoking dbt.[0m
[2024-08-13T15:49:22.509+0000] {log.py:232} WARNING - [[34m2024-08-13T15:49:22.507+0000[0m] {[34mlocal.py:[0m174} INFO[0m - [35m(astronomer-cosmos)[0m - Could not import dbtRunner. Falling back to subprocess for invoking dbt.[0m
[2024-08-13T15:49:22.507+0000] {local.py:174} INFO - Could not import dbtRunner. Falling back to subprocess for invoking dbt.
[2024-08-13T15:49:22.512+0000] {log.py:232} WARNING - [[34m2024-08-13T15:49:22.512+0000[0m] {[34mlocal.py:[0m292} INFO[0m - [35m(astronomer-cosmos)[0m - Cloning project to writable temp directory /tmp/tmp6psap246 from /opt/***/dags/Data_Marketplace[0m
[2024-08-13T15:49:22.513+0000] {log.py:232} WARNING - [[34m2024-08-13T15:49:22.512+0000[0m] {[34mlocal.py:[0m292} INFO[0m - [35m(astronomer-cosmos)[0m - Cloning project to writable temp directory /tmp/tmp6psap246 from /opt/***/dags/Data_Marketplace[0m
[2024-08-13T15:49:22.512+0000] {local.py:292} INFO - Cloning project to writable temp directory /tmp/tmp6psap246 from /opt/airflow/dags/Data_Marketplace
[2024-08-13T15:49:22.527+0000] {log.py:232} WARNING - [[34m2024-08-13T15:49:22.525+0000[0m] {[34mlocal.py:[0m303} INFO[0m - [35m(astronomer-cosmos)[0m - Partial parse is enabled and the latest partial parse file is /tmp/cosmos/Scrape_Province__province_models/target/partial_parse.msgpack[0m
[2024-08-13T15:49:22.528+0000] {log.py:232} WARNING - [[34m2024-08-13T15:49:22.525+0000[0m] {[34mlocal.py:[0m303} INFO[0m - [35m(astronomer-cosmos)[0m - Partial parse is enabled and the latest partial parse file is /tmp/cosmos/Scrape_Province__province_models/target/partial_parse.msgpack[0m
[2024-08-13T15:49:22.525+0000] {local.py:303} INFO - Partial parse is enabled and the latest partial parse file is /tmp/cosmos/Scrape_Province__province_models/target/partial_parse.msgpack
[2024-08-13T15:49:22.545+0000] {log.py:232} WARNING - [[34m2024-08-13T15:49:22.544+0000[0m] {[34mconfig.py:[0m292} INFO[0m - [35m(astronomer-cosmos)[0m - Profile caching is enable.[0m
[2024-08-13T15:49:22.546+0000] {log.py:232} WARNING - [[34m2024-08-13T15:49:22.544+0000[0m] {[34mconfig.py:[0m292} INFO[0m - [35m(astronomer-cosmos)[0m - Profile caching is enable.[0m
[2024-08-13T15:49:22.544+0000] {config.py:292} INFO - Profile caching is enable.
[2024-08-13T15:49:22.564+0000] {base.py:84} INFO - Using connection ID 'snowflake_conn' for task execution.
[2024-08-13T15:49:22.571+0000] {log.py:232} WARNING - [[34m2024-08-13T15:49:22.570+0000[0m] {[34mconfig.py:[0m272} INFO[0m - [35m(astronomer-cosmos)[0m - Profile found in cache using profile: /tmp/cosmos/profile/ec71862f850e9b0839075fe0561d5062ab3dd99ef2a3dac2fe4fc1486f2849d0/profiles.yml.[0m
[2024-08-13T15:49:22.572+0000] {log.py:232} WARNING - [[34m2024-08-13T15:49:22.570+0000[0m] {[34mconfig.py:[0m272} INFO[0m - [35m(astronomer-cosmos)[0m - Profile found in cache using profile: /tmp/cosmos/profile/ec71862f850e9b0839075fe0561d5062ab3dd99ef2a3dac2fe4fc1486f2849d0/profiles.yml.[0m
[2024-08-13T15:49:22.570+0000] {config.py:272} INFO - Profile found in cache using profile: /tmp/cosmos/profile/ec71862f850e9b0839075fe0561d5062ab3dd99ef2a3dac2fe4fc1486f2849d0/profiles.yml.
[2024-08-13T15:49:22.575+0000] {log.py:232} WARNING - [[34m2024-08-13T15:49:22.575+0000[0m] {[34mlocal.py:[0m247} INFO[0m - [35m(astronomer-cosmos)[0m - Trying to run the command:
 ['/opt/***/dbt_venv/bin/dbt', 'run', '--models', 'dim_province', '--project-dir', '/tmp/tmp6psap246', '--profiles-dir', '/tmp/cosmos/profile/ec71862f850e9b0839075fe0561d5062ab3dd99ef2a3dac2fe4fc1486f2849d0', '--profile', 'Data_Marketplace', '--target', 'dev']
From /tmp/tmp6psap246[0m
[2024-08-13T15:49:22.576+0000] {log.py:232} WARNING - [[34m2024-08-13T15:49:22.575+0000[0m] {[34mlocal.py:[0m247} INFO[0m - [35m(astronomer-cosmos)[0m - Trying to run the command:
 ['/opt/***/dbt_venv/bin/dbt', 'run', '--models', 'dim_province', '--project-dir', '/tmp/tmp6psap246', '--profiles-dir', '/tmp/cosmos/profile/ec71862f850e9b0839075fe0561d5062ab3dd99ef2a3dac2fe4fc1486f2849d0', '--profile', 'Data_Marketplace', '--target', 'dev']
From /tmp/tmp6psap246[0m
[2024-08-13T15:49:22.575+0000] {local.py:247} INFO - Trying to run the command:
 ['/opt/***/dbt_venv/bin/dbt', 'run', '--models', 'dim_province', '--project-dir', '/tmp/tmp6psap246', '--profiles-dir', '/tmp/cosmos/profile/ec71862f850e9b0839075fe0561d5062ab3dd99ef2a3dac2fe4fc1486f2849d0', '--profile', 'Data_Marketplace', '--target', 'dev']
From /tmp/tmp6psap246
[2024-08-13T15:49:22.579+0000] {log.py:232} WARNING - [[34m2024-08-13T15:49:22.578+0000[0m] {[34msubprocess.py:[0m60} INFO[0m - [35m(astronomer-cosmos)[0m - Tmp dir root location: 
 /tmp[0m
[2024-08-13T15:49:22.580+0000] {log.py:232} WARNING - [[34m2024-08-13T15:49:22.578+0000[0m] {[34msubprocess.py:[0m60} INFO[0m - [35m(astronomer-cosmos)[0m - Tmp dir root location: 
 /tmp[0m
[2024-08-13T15:49:22.578+0000] {subprocess.py:60} INFO - Tmp dir root location: 
 /tmp
[2024-08-13T15:49:22.582+0000] {log.py:232} WARNING - [[34m2024-08-13T15:49:22.581+0000[0m] {[34msubprocess.py:[0m73} INFO[0m - [35m(astronomer-cosmos)[0m - Running command: ['/opt/***/dbt_venv/bin/dbt', 'run', '--models', 'dim_province', '--project-dir', '/tmp/tmp6psap246', '--profiles-dir', '/tmp/cosmos/profile/ec71862f850e9b0839075fe0561d5062ab3dd99ef2a3dac2fe4fc1486f2849d0', '--profile', 'Data_Marketplace', '--target', 'dev'][0m
[2024-08-13T15:49:22.583+0000] {log.py:232} WARNING - [[34m2024-08-13T15:49:22.581+0000[0m] {[34msubprocess.py:[0m73} INFO[0m - [35m(astronomer-cosmos)[0m - Running command: ['/opt/***/dbt_venv/bin/dbt', 'run', '--models', 'dim_province', '--project-dir', '/tmp/tmp6psap246', '--profiles-dir', '/tmp/cosmos/profile/ec71862f850e9b0839075fe0561d5062ab3dd99ef2a3dac2fe4fc1486f2849d0', '--profile', 'Data_Marketplace', '--target', 'dev'][0m
[2024-08-13T15:49:22.581+0000] {subprocess.py:73} INFO - Running command: ['/opt/***/dbt_venv/bin/dbt', 'run', '--models', 'dim_province', '--project-dir', '/tmp/tmp6psap246', '--profiles-dir', '/tmp/cosmos/profile/ec71862f850e9b0839075fe0561d5062ab3dd99ef2a3dac2fe4fc1486f2849d0', '--profile', 'Data_Marketplace', '--target', 'dev']
[2024-08-13T15:49:22.604+0000] {log.py:232} WARNING - [[34m2024-08-13T15:49:22.603+0000[0m] {[34msubprocess.py:[0m84} INFO[0m - [35m(astronomer-cosmos)[0m - Command output:[0m
[2024-08-13T15:49:22.605+0000] {log.py:232} WARNING - [[34m2024-08-13T15:49:22.603+0000[0m] {[34msubprocess.py:[0m84} INFO[0m - [35m(astronomer-cosmos)[0m - Command output:[0m
[2024-08-13T15:49:22.603+0000] {subprocess.py:84} INFO - Command output:
[2024-08-13T15:49:26.368+0000] {log.py:232} WARNING - [[34m2024-08-13T15:49:26.367+0000[0m] {[34msubprocess.py:[0m94} INFO[0m - [35m(astronomer-cosmos)[0m - [0m15:49:26  Running with dbt=1.8.5[0m
[2024-08-13T15:49:26.369+0000] {log.py:232} WARNING - [[34m2024-08-13T15:49:26.367+0000[0m] {[34msubprocess.py:[0m94} INFO[0m - [35m(astronomer-cosmos)[0m - [0m15:49:26  Running with dbt=1.8.5[0m
[2024-08-13T15:49:26.367+0000] {subprocess.py:94} INFO - [0m15:49:26  Running with dbt=1.8.5
[2024-08-13T15:49:27.293+0000] {log.py:232} WARNING - [[34m2024-08-13T15:49:27.292+0000[0m] {[34msubprocess.py:[0m94} INFO[0m - [35m(astronomer-cosmos)[0m - [0m15:49:27  Registered adapter: snowflake=1.8.3[0m
[2024-08-13T15:49:27.296+0000] {log.py:232} WARNING - [[34m2024-08-13T15:49:27.292+0000[0m] {[34msubprocess.py:[0m94} INFO[0m - [35m(astronomer-cosmos)[0m - [0m15:49:27  Registered adapter: snowflake=1.8.3[0m
[2024-08-13T15:49:27.292+0000] {subprocess.py:94} INFO - [0m15:49:27  Registered adapter: snowflake=1.8.3
[2024-08-13T15:49:28.969+0000] {log.py:232} WARNING - [[34m2024-08-13T15:49:28.969+0000[0m] {[34msubprocess.py:[0m94} INFO[0m - [35m(astronomer-cosmos)[0m - [0m15:49:28  Found 9 models, 2 snapshots, 3 seeds, 2 data tests, 3 sources, 448 macros[0m
[2024-08-13T15:49:28.971+0000] {log.py:232} WARNING - [[34m2024-08-13T15:49:28.969+0000[0m] {[34msubprocess.py:[0m94} INFO[0m - [35m(astronomer-cosmos)[0m - [0m15:49:28  Found 9 models, 2 snapshots, 3 seeds, 2 data tests, 3 sources, 448 macros[0m
[2024-08-13T15:49:28.969+0000] {subprocess.py:94} INFO - [0m15:49:28  Found 9 models, 2 snapshots, 3 seeds, 2 data tests, 3 sources, 448 macros
[2024-08-13T15:49:28.975+0000] {log.py:232} WARNING - [[34m2024-08-13T15:49:28.974+0000[0m] {[34msubprocess.py:[0m94} INFO[0m - [35m(astronomer-cosmos)[0m - [0m15:49:28[0m
[2024-08-13T15:49:28.978+0000] {log.py:232} WARNING - [[34m2024-08-13T15:49:28.974+0000[0m] {[34msubprocess.py:[0m94} INFO[0m - [35m(astronomer-cosmos)[0m - [0m15:49:28[0m
[2024-08-13T15:49:28.974+0000] {subprocess.py:94} INFO - [0m15:49:28
[2024-08-13T15:49:31.790+0000] {log.py:232} WARNING - [[34m2024-08-13T15:49:31.789+0000[0m] {[34msubprocess.py:[0m94} INFO[0m - [35m(astronomer-cosmos)[0m - [0m15:49:31  Concurrency: 1 threads (target='dev')[0m
[2024-08-13T15:49:31.791+0000] {log.py:232} WARNING - [[34m2024-08-13T15:49:31.789+0000[0m] {[34msubprocess.py:[0m94} INFO[0m - [35m(astronomer-cosmos)[0m - [0m15:49:31  Concurrency: 1 threads (target='dev')[0m
[2024-08-13T15:49:31.789+0000] {subprocess.py:94} INFO - [0m15:49:31  Concurrency: 1 threads (target='dev')
[2024-08-13T15:49:31.793+0000] {log.py:232} WARNING - [[34m2024-08-13T15:49:31.793+0000[0m] {[34msubprocess.py:[0m94} INFO[0m - [35m(astronomer-cosmos)[0m - [0m15:49:31[0m
[2024-08-13T15:49:31.794+0000] {log.py:232} WARNING - [[34m2024-08-13T15:49:31.793+0000[0m] {[34msubprocess.py:[0m94} INFO[0m - [35m(astronomer-cosmos)[0m - [0m15:49:31[0m
[2024-08-13T15:49:31.793+0000] {subprocess.py:94} INFO - [0m15:49:31
[2024-08-13T15:49:31.810+0000] {log.py:232} WARNING - [[34m2024-08-13T15:49:31.810+0000[0m] {[34msubprocess.py:[0m94} INFO[0m - [35m(astronomer-cosmos)[0m - [0m15:49:31  1 of 1 START sql view model DWH.dim_province ................................... [RUN][0m
[2024-08-13T15:49:31.811+0000] {log.py:232} WARNING - [[34m2024-08-13T15:49:31.810+0000[0m] {[34msubprocess.py:[0m94} INFO[0m - [35m(astronomer-cosmos)[0m - [0m15:49:31  1 of 1 START sql view model DWH.dim_province ................................... [RUN][0m
[2024-08-13T15:49:31.810+0000] {subprocess.py:94} INFO - [0m15:49:31  1 of 1 START sql view model DWH.dim_province ................................... [RUN]
[2024-08-13T15:49:33.114+0000] {log.py:232} WARNING - [[34m2024-08-13T15:49:33.113+0000[0m] {[34msubprocess.py:[0m94} INFO[0m - [35m(astronomer-cosmos)[0m - [0m15:49:33  1 of 1 OK created sql view model DWH.dim_province .............................. [[32mSUCCESS 1[0m in 1.29s][0m
[2024-08-13T15:49:33.116+0000] {log.py:232} WARNING - [[34m2024-08-13T15:49:33.113+0000[0m] {[34msubprocess.py:[0m94} INFO[0m - [35m(astronomer-cosmos)[0m - [0m15:49:33  1 of 1 OK created sql view model DWH.dim_province .............................. [[32mSUCCESS 1[0m in 1.29s][0m
[2024-08-13T15:49:33.113+0000] {subprocess.py:94} INFO - [0m15:49:33  1 of 1 OK created sql view model DWH.dim_province .............................. [[32mSUCCESS 1[0m in 1.29s]
[2024-08-13T15:49:33.124+0000] {log.py:232} WARNING - [[34m2024-08-13T15:49:33.123+0000[0m] {[34msubprocess.py:[0m94} INFO[0m - [35m(astronomer-cosmos)[0m - [0m15:49:33[0m
[2024-08-13T15:49:33.126+0000] {log.py:232} WARNING - [[34m2024-08-13T15:49:33.123+0000[0m] {[34msubprocess.py:[0m94} INFO[0m - [35m(astronomer-cosmos)[0m - [0m15:49:33[0m
[2024-08-13T15:49:33.123+0000] {subprocess.py:94} INFO - [0m15:49:33
[2024-08-13T15:49:33.128+0000] {log.py:232} WARNING - [[34m2024-08-13T15:49:33.128+0000[0m] {[34msubprocess.py:[0m94} INFO[0m - [35m(astronomer-cosmos)[0m - [0m15:49:33  Finished running 1 view model in 0 hours 0 minutes and 4.15 seconds (4.15s).[0m
[2024-08-13T15:49:33.130+0000] {log.py:232} WARNING - [[34m2024-08-13T15:49:33.128+0000[0m] {[34msubprocess.py:[0m94} INFO[0m - [35m(astronomer-cosmos)[0m - [0m15:49:33  Finished running 1 view model in 0 hours 0 minutes and 4.15 seconds (4.15s).[0m
[2024-08-13T15:49:33.128+0000] {subprocess.py:94} INFO - [0m15:49:33  Finished running 1 view model in 0 hours 0 minutes and 4.15 seconds (4.15s).
[2024-08-13T15:49:33.202+0000] {log.py:232} WARNING - [[34m2024-08-13T15:49:33.202+0000[0m] {[34msubprocess.py:[0m94} INFO[0m - [35m(astronomer-cosmos)[0m - [0m15:49:33[0m
[2024-08-13T15:49:33.204+0000] {log.py:232} WARNING - [[34m2024-08-13T15:49:33.202+0000[0m] {[34msubprocess.py:[0m94} INFO[0m - [35m(astronomer-cosmos)[0m - [0m15:49:33[0m
[2024-08-13T15:49:33.202+0000] {subprocess.py:94} INFO - [0m15:49:33
[2024-08-13T15:49:33.207+0000] {log.py:232} WARNING - [[34m2024-08-13T15:49:33.207+0000[0m] {[34msubprocess.py:[0m94} INFO[0m - [35m(astronomer-cosmos)[0m - [0m15:49:33  [32mCompleted successfully[0m[0m
[2024-08-13T15:49:33.209+0000] {log.py:232} WARNING - [[34m2024-08-13T15:49:33.207+0000[0m] {[34msubprocess.py:[0m94} INFO[0m - [35m(astronomer-cosmos)[0m - [0m15:49:33  [32mCompleted successfully[0m[0m
[2024-08-13T15:49:33.207+0000] {subprocess.py:94} INFO - [0m15:49:33  [32mCompleted successfully[0m
[2024-08-13T15:49:33.212+0000] {log.py:232} WARNING - [[34m2024-08-13T15:49:33.212+0000[0m] {[34msubprocess.py:[0m94} INFO[0m - [35m(astronomer-cosmos)[0m - [0m15:49:33[0m
[2024-08-13T15:49:33.214+0000] {log.py:232} WARNING - [[34m2024-08-13T15:49:33.212+0000[0m] {[34msubprocess.py:[0m94} INFO[0m - [35m(astronomer-cosmos)[0m - [0m15:49:33[0m
[2024-08-13T15:49:33.212+0000] {subprocess.py:94} INFO - [0m15:49:33
[2024-08-13T15:49:33.218+0000] {log.py:232} WARNING - [[34m2024-08-13T15:49:33.217+0000[0m] {[34msubprocess.py:[0m94} INFO[0m - [35m(astronomer-cosmos)[0m - [0m15:49:33  Done. PASS=1 WARN=0 ERROR=0 SKIP=0 TOTAL=1[0m
[2024-08-13T15:49:33.220+0000] {log.py:232} WARNING - [[34m2024-08-13T15:49:33.217+0000[0m] {[34msubprocess.py:[0m94} INFO[0m - [35m(astronomer-cosmos)[0m - [0m15:49:33  Done. PASS=1 WARN=0 ERROR=0 SKIP=0 TOTAL=1[0m
[2024-08-13T15:49:33.217+0000] {subprocess.py:94} INFO - [0m15:49:33  Done. PASS=1 WARN=0 ERROR=0 SKIP=0 TOTAL=1
[2024-08-13T15:49:36.203+0000] {log.py:232} WARNING - [[34m2024-08-13T15:49:36.202+0000[0m] {[34msubprocess.py:[0m98} INFO[0m - [35m(astronomer-cosmos)[0m - Command exited with return code 0[0m
[2024-08-13T15:49:36.204+0000] {log.py:232} WARNING - [[34m2024-08-13T15:49:36.202+0000[0m] {[34msubprocess.py:[0m98} INFO[0m - [35m(astronomer-cosmos)[0m - Command exited with return code 0[0m
[2024-08-13T15:49:36.202+0000] {subprocess.py:98} INFO - Command exited with return code 0
[2024-08-13T15:49:36.205+0000] {log.py:232} WARNING - [[34m2024-08-13T15:49:36.205+0000[0m] {[34mlocal.py:[0m254} INFO[0m - [35m(astronomer-cosmos)[0m - [0m15:49:33  Done. PASS=1 WARN=0 ERROR=0 SKIP=0 TOTAL=1[0m
[2024-08-13T15:49:36.206+0000] {log.py:232} WARNING - [[34m2024-08-13T15:49:36.205+0000[0m] {[34mlocal.py:[0m254} INFO[0m - [35m(astronomer-cosmos)[0m - [0m15:49:33  Done. PASS=1 WARN=0 ERROR=0 SKIP=0 TOTAL=1[0m
[2024-08-13T15:49:36.205+0000] {local.py:254} INFO - [0m15:49:33  Done. PASS=1 WARN=0 ERROR=0 SKIP=0 TOTAL=1
[2024-08-13T15:49:36.234+0000] {local.py:196} WARNING - Artifact schema version: https://schemas.getdbt.com/dbt/manifest/v12.json is above dbt-ol supported version 7. This might cause errors.
[2024-08-13T15:49:36.236+0000] {local.py:196} WARNING - Artifact schema version: https://schemas.getdbt.com/dbt/run-results/v6.json is above dbt-ol supported version 5. This might cause errors.
[2024-08-13T15:49:36.265+0000] {log.py:232} WARNING - [[34m2024-08-13T15:49:36.264+0000[0m] {[34mlocal.py:[0m349} INFO[0m - [35m(astronomer-cosmos)[0m - Inlets: [Dataset(uri='snowflake://uz36730.ap-southeast-1.aws/POC_DATA_MARKETPLACE.DWH.stg_province', extra=None)][0m
[2024-08-13T15:49:36.266+0000] {log.py:232} WARNING - [[34m2024-08-13T15:49:36.264+0000[0m] {[34mlocal.py:[0m349} INFO[0m - [35m(astronomer-cosmos)[0m - Inlets: [Dataset(uri='snowflake://uz36730.ap-southeast-1.aws/POC_DATA_MARKETPLACE.DWH.stg_province', extra=None)][0m
[2024-08-13T15:49:36.264+0000] {local.py:349} INFO - Inlets: [Dataset(uri='snowflake://uz36730.ap-southeast-1.aws/POC_DATA_MARKETPLACE.DWH.stg_province', extra=None)]
[2024-08-13T15:49:36.268+0000] {log.py:232} WARNING - [[34m2024-08-13T15:49:36.267+0000[0m] {[34mlocal.py:[0m350} INFO[0m - [35m(astronomer-cosmos)[0m - Outlets: [Dataset(uri='snowflake://uz36730.ap-southeast-1.aws/POC_DATA_MARKETPLACE.DWH.dim_province', extra=None)][0m
[2024-08-13T15:49:36.269+0000] {log.py:232} WARNING - [[34m2024-08-13T15:49:36.267+0000[0m] {[34mlocal.py:[0m350} INFO[0m - [35m(astronomer-cosmos)[0m - Outlets: [Dataset(uri='snowflake://uz36730.ap-southeast-1.aws/POC_DATA_MARKETPLACE.DWH.dim_province', extra=None)][0m
[2024-08-13T15:49:36.267+0000] {local.py:350} INFO - Outlets: [Dataset(uri='snowflake://uz36730.ap-southeast-1.aws/POC_DATA_MARKETPLACE.DWH.dim_province', extra=None)]
[2024-08-13T15:49:36.272+0000] {dag.py:3096} INFO - Sync 1 DAGs
[2024-08-13T15:49:36.328+0000] {dag.py:3954} INFO - Setting next_dagrun for Scrape_Province to 2024-08-13 00:00:00+00:00, run_after=2024-08-14 00:00:00+00:00
[2024-08-13T15:49:36.412+0000] {taskinstance.py:441} INFO - ::group::Post task execution logs
[2024-08-13T15:49:36.503+0000] {taskinstance.py:1206} INFO - Marking task as SUCCESS. dag_id=Scrape_Province, task_id=province_models.dim_province_run, run_id=scheduled__2024-08-12T00:00:00+00:00, execution_date=20240812T000000, start_date=20240813T154921, end_date=20240813T154936
[2024-08-13T15:49:36.605+0000] {local_task_job_runner.py:240} INFO - Task exited with return code 0
[2024-08-13T15:49:36.688+0000] {taskinstance.py:3503} INFO - 1 downstream tasks scheduled from follow-on schedule check
[2024-08-13T15:49:36.693+0000] {local_task_job_runner.py:222} INFO - ::endgroup::
