[2024-08-13T15:49:40.989+0000] {local_task_job_runner.py:120} INFO - ::group::Pre task execution logs
[2024-08-13T15:49:41.217+0000] {taskinstance.py:2076} INFO - Dependencies all met for dep_context=non-requeueable deps ti=<TaskInstance: Scrape_Province.province_models.scd_province_snapshot scheduled__2024-08-12T00:00:00+00:00 [queued]>
[2024-08-13T15:49:41.231+0000] {taskinstance.py:2076} INFO - Dependencies all met for dep_context=requeueable deps ti=<TaskInstance: Scrape_Province.province_models.scd_province_snapshot scheduled__2024-08-12T00:00:00+00:00 [queued]>
[2024-08-13T15:49:41.234+0000] {taskinstance.py:2306} INFO - Starting attempt 1 of 3
[2024-08-13T15:49:41.257+0000] {taskinstance.py:2330} INFO - Executing <Task(DbtSnapshotLocalOperator): province_models.scd_province_snapshot> on 2024-08-12 00:00:00+00:00
[2024-08-13T15:49:41.270+0000] {warnings.py:112} WARNING - /home/***/.local/lib/python3.12/site-packages/***/task/task_runner/standard_task_runner.py:61: DeprecationWarning: This process (pid=247) is multi-threaded, use of fork() may lead to deadlocks in the child.
  pid = os.fork()

[2024-08-13T15:49:41.273+0000] {standard_task_runner.py:63} INFO - Started process 249 to run task
[2024-08-13T15:49:41.274+0000] {standard_task_runner.py:90} INFO - Running: ['***', 'tasks', 'run', 'Scrape_Province', 'province_models.scd_province_snapshot', 'scheduled__2024-08-12T00:00:00+00:00', '--job-id', '41', '--raw', '--subdir', 'DAGS_FOLDER/Province_Extraction.py', '--cfg-path', '/tmp/tmp3fg8b2_1']
[2024-08-13T15:49:41.278+0000] {standard_task_runner.py:91} INFO - Job 41: Subtask province_models.scd_province_snapshot
[2024-08-13T15:49:41.307+0000] {warnings.py:112} WARNING - /home/***/.local/lib/python3.12/site-packages/***/settings.py:195: DeprecationWarning: The sql_alchemy_conn option in [core] has been moved to the sql_alchemy_conn option in [database] - the old setting has been used, but please update your config.
  SQL_ALCHEMY_CONN = conf.get("database", "SQL_ALCHEMY_CONN")

[2024-08-13T15:49:41.394+0000] {task_command.py:426} INFO - Running <TaskInstance: Scrape_Province.province_models.scd_province_snapshot scheduled__2024-08-12T00:00:00+00:00 [running]> on host ubuntu
[2024-08-13T15:49:41.586+0000] {taskinstance.py:2648} INFO - Exporting env vars: AIRFLOW_CTX_DAG_OWNER='Ducky' AIRFLOW_CTX_DAG_ID='Scrape_Province' AIRFLOW_CTX_TASK_ID='province_models.scd_province_snapshot' AIRFLOW_CTX_EXECUTION_DATE='2024-08-12T00:00:00+00:00' AIRFLOW_CTX_TRY_NUMBER='1' AIRFLOW_CTX_DAG_RUN_ID='scheduled__2024-08-12T00:00:00+00:00'
[2024-08-13T15:49:41.589+0000] {taskinstance.py:430} INFO - ::endgroup::
[2024-08-13T15:49:41.649+0000] {log.py:232} WARNING - [[34m2024-08-13T15:49:41.648+0000[0m] {[34mgraph.py:[0m377} INFO[0m - [35m(astronomer-cosmos)[0m - Trying to parse the dbt project using dbt ls cache cosmos_cache__dbt_dag_filterd__customers_group...[0m
[2024-08-13T15:49:41.650+0000] {log.py:232} WARNING - [[34m2024-08-13T15:49:41.648+0000[0m] {[34mgraph.py:[0m377} INFO[0m - [35m(astronomer-cosmos)[0m - Trying to parse the dbt project using dbt ls cache cosmos_cache__dbt_dag_filterd__customers_group...[0m
[2024-08-13T15:49:41.648+0000] {graph.py:377} INFO - Trying to parse the dbt project using dbt ls cache cosmos_cache__dbt_dag_filterd__customers_group...
[2024-08-13T15:49:42.254+0000] {log.py:232} WARNING - [[34m2024-08-13T15:49:42.252+0000[0m] {[34mcache.py:[0m262} INFO[0m - [35m(astronomer-cosmos)[0m - Cosmos performance: time to calculate cache identifier cosmos_cache__dbt_dag_filterd__customers_group for current version: 0.5868452640002033[0m
[2024-08-13T15:49:42.255+0000] {log.py:232} WARNING - [[34m2024-08-13T15:49:42.252+0000[0m] {[34mcache.py:[0m262} INFO[0m - [35m(astronomer-cosmos)[0m - Cosmos performance: time to calculate cache identifier cosmos_cache__dbt_dag_filterd__customers_group for current version: 0.5868452640002033[0m
[2024-08-13T15:49:42.252+0000] {cache.py:262} INFO - Cosmos performance: time to calculate cache identifier cosmos_cache__dbt_dag_filterd__customers_group for current version: 0.5868452640002033
[2024-08-13T15:49:42.257+0000] {log.py:232} WARNING - [[34m2024-08-13T15:49:42.257+0000[0m] {[34mgraph.py:[0m394} INFO[0m - [35m(astronomer-cosmos)[0m - Cosmos performance [ubuntu|249]: The cache size for cosmos_cache__dbt_dag_filterd__customers_group is 3021[0m
[2024-08-13T15:49:42.258+0000] {log.py:232} WARNING - [[34m2024-08-13T15:49:42.257+0000[0m] {[34mgraph.py:[0m394} INFO[0m - [35m(astronomer-cosmos)[0m - Cosmos performance [ubuntu|249]: The cache size for cosmos_cache__dbt_dag_filterd__customers_group is 3021[0m
[2024-08-13T15:49:42.257+0000] {graph.py:394} INFO - Cosmos performance [ubuntu|249]: The cache size for cosmos_cache__dbt_dag_filterd__customers_group is 3021
[2024-08-13T15:49:42.259+0000] {log.py:232} WARNING - [[34m2024-08-13T15:49:42.259+0000[0m] {[34mgraph.py:[0m402} INFO[0m - [35m(astronomer-cosmos)[0m - Cosmos performance: Cache hit for cosmos_cache__dbt_dag_filterd__customers_group - e817fdfdc4cadaa2fe870bd62a4c3e2e,5f7d44698c4b67134aff532494870c9c[0m
[2024-08-13T15:49:42.260+0000] {log.py:232} WARNING - [[34m2024-08-13T15:49:42.259+0000[0m] {[34mgraph.py:[0m402} INFO[0m - [35m(astronomer-cosmos)[0m - Cosmos performance: Cache hit for cosmos_cache__dbt_dag_filterd__customers_group - e817fdfdc4cadaa2fe870bd62a4c3e2e,5f7d44698c4b67134aff532494870c9c[0m
[2024-08-13T15:49:42.259+0000] {graph.py:402} INFO - Cosmos performance: Cache hit for cosmos_cache__dbt_dag_filterd__customers_group - e817fdfdc4cadaa2fe870bd62a4c3e2e,5f7d44698c4b67134aff532494870c9c
[2024-08-13T15:49:42.262+0000] {log.py:232} WARNING - [[34m2024-08-13T15:49:42.261+0000[0m] {[34mgraph.py:[0m335} INFO[0m - [35m(astronomer-cosmos)[0m - Total nodes: 3[0m
[2024-08-13T15:49:42.263+0000] {log.py:232} WARNING - [[34m2024-08-13T15:49:42.261+0000[0m] {[34mgraph.py:[0m335} INFO[0m - [35m(astronomer-cosmos)[0m - Total nodes: 3[0m
[2024-08-13T15:49:42.261+0000] {graph.py:335} INFO - Total nodes: 3
[2024-08-13T15:49:42.264+0000] {log.py:232} WARNING - [[34m2024-08-13T15:49:42.264+0000[0m] {[34mgraph.py:[0m336} INFO[0m - [35m(astronomer-cosmos)[0m - Total filtered nodes: 3[0m
[2024-08-13T15:49:42.265+0000] {log.py:232} WARNING - [[34m2024-08-13T15:49:42.264+0000[0m] {[34mgraph.py:[0m336} INFO[0m - [35m(astronomer-cosmos)[0m - Total filtered nodes: 3[0m
[2024-08-13T15:49:42.264+0000] {graph.py:336} INFO - Total filtered nodes: 3
[2024-08-13T15:49:42.267+0000] {log.py:232} WARNING - [[34m2024-08-13T15:49:42.267+0000[0m] {[34mconverter.py:[0m251} INFO[0m - [35m(astronomer-cosmos)[0m - Cosmos performance (dbt_dag_filterd__customers_group) -  [ubuntu|249]: It took 0.618s to parse the dbt project for DAG using LoadMode.DBT_LS_CACHE[0m
[2024-08-13T15:49:42.267+0000] {log.py:232} WARNING - [[34m2024-08-13T15:49:42.267+0000[0m] {[34mconverter.py:[0m251} INFO[0m - [35m(astronomer-cosmos)[0m - Cosmos performance (dbt_dag_filterd__customers_group) -  [ubuntu|249]: It took 0.618s to parse the dbt project for DAG using LoadMode.DBT_LS_CACHE[0m
[2024-08-13T15:49:42.267+0000] {converter.py:251} INFO - Cosmos performance (dbt_dag_filterd__customers_group) -  [ubuntu|249]: It took 0.618s to parse the dbt project for DAG using LoadMode.DBT_LS_CACHE
[2024-08-13T15:49:42.273+0000] {log.py:232} WARNING - [[34m2024-08-13T15:49:42.272+0000[0m] {[34mproject.py:[0m35} INFO[0m - [35m(astronomer-cosmos)[0m - Project /opt/***/dags/Data_Marketplace does not have {'packages.yml', 'dependencies.yml'}[0m
[2024-08-13T15:49:42.274+0000] {log.py:232} WARNING - [[34m2024-08-13T15:49:42.272+0000[0m] {[34mproject.py:[0m35} INFO[0m - [35m(astronomer-cosmos)[0m - Project /opt/***/dags/Data_Marketplace does not have {'packages.yml', 'dependencies.yml'}[0m
[2024-08-13T15:49:42.272+0000] {project.py:35} INFO - Project /opt/***/dags/Data_Marketplace does not have {'packages.yml', 'dependencies.yml'}
[2024-08-13T15:49:42.279+0000] {log.py:232} WARNING - [[34m2024-08-13T15:49:42.279+0000[0m] {[34mproject.py:[0m35} INFO[0m - [35m(astronomer-cosmos)[0m - Project /opt/***/dags/Data_Marketplace does not have {'packages.yml', 'dependencies.yml'}[0m
[2024-08-13T15:49:42.280+0000] {log.py:232} WARNING - [[34m2024-08-13T15:49:42.279+0000[0m] {[34mproject.py:[0m35} INFO[0m - [35m(astronomer-cosmos)[0m - Project /opt/***/dags/Data_Marketplace does not have {'packages.yml', 'dependencies.yml'}[0m
[2024-08-13T15:49:42.279+0000] {project.py:35} INFO - Project /opt/***/dags/Data_Marketplace does not have {'packages.yml', 'dependencies.yml'}
[2024-08-13T15:49:42.286+0000] {log.py:232} WARNING - [[34m2024-08-13T15:49:42.286+0000[0m] {[34mproject.py:[0m35} INFO[0m - [35m(astronomer-cosmos)[0m - Project /opt/***/dags/Data_Marketplace does not have {'packages.yml', 'dependencies.yml'}[0m
[2024-08-13T15:49:42.287+0000] {log.py:232} WARNING - [[34m2024-08-13T15:49:42.286+0000[0m] {[34mproject.py:[0m35} INFO[0m - [35m(astronomer-cosmos)[0m - Project /opt/***/dags/Data_Marketplace does not have {'packages.yml', 'dependencies.yml'}[0m
[2024-08-13T15:49:42.286+0000] {project.py:35} INFO - Project /opt/***/dags/Data_Marketplace does not have {'packages.yml', 'dependencies.yml'}
[2024-08-13T15:49:42.289+0000] {log.py:232} WARNING - [[34m2024-08-13T15:49:42.288+0000[0m] {[34mconverter.py:[0m293} INFO[0m - [35m(astronomer-cosmos)[0m - Cosmos performance (dbt_dag_filterd__customers_group) - [ubuntu|249]: It took 0.022s to build the Airflow DAG.[0m
[2024-08-13T15:49:42.289+0000] {log.py:232} WARNING - [[34m2024-08-13T15:49:42.288+0000[0m] {[34mconverter.py:[0m293} INFO[0m - [35m(astronomer-cosmos)[0m - Cosmos performance (dbt_dag_filterd__customers_group) - [ubuntu|249]: It took 0.022s to build the Airflow DAG.[0m
[2024-08-13T15:49:42.288+0000] {converter.py:293} INFO - Cosmos performance (dbt_dag_filterd__customers_group) - [ubuntu|249]: It took 0.022s to build the Airflow DAG.
[2024-08-13T15:49:42.292+0000] {log.py:232} WARNING - [[34m2024-08-13T15:49:42.291+0000[0m] {[34mlocal.py:[0m174} INFO[0m - [35m(astronomer-cosmos)[0m - Could not import dbtRunner. Falling back to subprocess for invoking dbt.[0m
[2024-08-13T15:49:42.293+0000] {log.py:232} WARNING - [[34m2024-08-13T15:49:42.291+0000[0m] {[34mlocal.py:[0m174} INFO[0m - [35m(astronomer-cosmos)[0m - Could not import dbtRunner. Falling back to subprocess for invoking dbt.[0m
[2024-08-13T15:49:42.291+0000] {local.py:174} INFO - Could not import dbtRunner. Falling back to subprocess for invoking dbt.
[2024-08-13T15:49:42.296+0000] {log.py:232} WARNING - [[34m2024-08-13T15:49:42.296+0000[0m] {[34mlocal.py:[0m292} INFO[0m - [35m(astronomer-cosmos)[0m - Cloning project to writable temp directory /tmp/tmph4h1lzcz from /opt/***/dags/Data_Marketplace[0m
[2024-08-13T15:49:42.297+0000] {log.py:232} WARNING - [[34m2024-08-13T15:49:42.296+0000[0m] {[34mlocal.py:[0m292} INFO[0m - [35m(astronomer-cosmos)[0m - Cloning project to writable temp directory /tmp/tmph4h1lzcz from /opt/***/dags/Data_Marketplace[0m
[2024-08-13T15:49:42.296+0000] {local.py:292} INFO - Cloning project to writable temp directory /tmp/tmph4h1lzcz from /opt/airflow/dags/Data_Marketplace
[2024-08-13T15:49:42.305+0000] {log.py:232} WARNING - [[34m2024-08-13T15:49:42.305+0000[0m] {[34mlocal.py:[0m303} INFO[0m - [35m(astronomer-cosmos)[0m - Partial parse is enabled and the latest partial parse file is /tmp/cosmos/Scrape_Province__province_models/target/partial_parse.msgpack[0m
[2024-08-13T15:49:42.307+0000] {log.py:232} WARNING - [[34m2024-08-13T15:49:42.305+0000[0m] {[34mlocal.py:[0m303} INFO[0m - [35m(astronomer-cosmos)[0m - Partial parse is enabled and the latest partial parse file is /tmp/cosmos/Scrape_Province__province_models/target/partial_parse.msgpack[0m
[2024-08-13T15:49:42.305+0000] {local.py:303} INFO - Partial parse is enabled and the latest partial parse file is /tmp/cosmos/Scrape_Province__province_models/target/partial_parse.msgpack
[2024-08-13T15:49:42.335+0000] {log.py:232} WARNING - [[34m2024-08-13T15:49:42.334+0000[0m] {[34mconfig.py:[0m292} INFO[0m - [35m(astronomer-cosmos)[0m - Profile caching is enable.[0m
[2024-08-13T15:49:42.339+0000] {log.py:232} WARNING - [[34m2024-08-13T15:49:42.334+0000[0m] {[34mconfig.py:[0m292} INFO[0m - [35m(astronomer-cosmos)[0m - Profile caching is enable.[0m
[2024-08-13T15:49:42.334+0000] {config.py:292} INFO - Profile caching is enable.
[2024-08-13T15:49:42.379+0000] {base.py:84} INFO - Using connection ID 'snowflake_conn' for task execution.
[2024-08-13T15:49:42.401+0000] {log.py:232} WARNING - [[34m2024-08-13T15:49:42.400+0000[0m] {[34mconfig.py:[0m272} INFO[0m - [35m(astronomer-cosmos)[0m - Profile found in cache using profile: /tmp/cosmos/profile/ec71862f850e9b0839075fe0561d5062ab3dd99ef2a3dac2fe4fc1486f2849d0/profiles.yml.[0m
[2024-08-13T15:49:42.405+0000] {log.py:232} WARNING - [[34m2024-08-13T15:49:42.400+0000[0m] {[34mconfig.py:[0m272} INFO[0m - [35m(astronomer-cosmos)[0m - Profile found in cache using profile: /tmp/cosmos/profile/ec71862f850e9b0839075fe0561d5062ab3dd99ef2a3dac2fe4fc1486f2849d0/profiles.yml.[0m
[2024-08-13T15:49:42.400+0000] {config.py:272} INFO - Profile found in cache using profile: /tmp/cosmos/profile/ec71862f850e9b0839075fe0561d5062ab3dd99ef2a3dac2fe4fc1486f2849d0/profiles.yml.
[2024-08-13T15:49:42.410+0000] {log.py:232} WARNING - [[34m2024-08-13T15:49:42.409+0000[0m] {[34mlocal.py:[0m247} INFO[0m - [35m(astronomer-cosmos)[0m - Trying to run the command:
 ['/opt/***/dbt_venv/bin/dbt', 'snapshot', '--models', 'scd_province', '--project-dir', '/tmp/tmph4h1lzcz', '--profiles-dir', '/tmp/cosmos/profile/ec71862f850e9b0839075fe0561d5062ab3dd99ef2a3dac2fe4fc1486f2849d0', '--profile', 'Data_Marketplace', '--target', 'dev']
From /tmp/tmph4h1lzcz[0m
[2024-08-13T15:49:42.413+0000] {log.py:232} WARNING - [[34m2024-08-13T15:49:42.409+0000[0m] {[34mlocal.py:[0m247} INFO[0m - [35m(astronomer-cosmos)[0m - Trying to run the command:
 ['/opt/***/dbt_venv/bin/dbt', 'snapshot', '--models', 'scd_province', '--project-dir', '/tmp/tmph4h1lzcz', '--profiles-dir', '/tmp/cosmos/profile/ec71862f850e9b0839075fe0561d5062ab3dd99ef2a3dac2fe4fc1486f2849d0', '--profile', 'Data_Marketplace', '--target', 'dev']
From /tmp/tmph4h1lzcz[0m
[2024-08-13T15:49:42.409+0000] {local.py:247} INFO - Trying to run the command:
 ['/opt/***/dbt_venv/bin/dbt', 'snapshot', '--models', 'scd_province', '--project-dir', '/tmp/tmph4h1lzcz', '--profiles-dir', '/tmp/cosmos/profile/ec71862f850e9b0839075fe0561d5062ab3dd99ef2a3dac2fe4fc1486f2849d0', '--profile', 'Data_Marketplace', '--target', 'dev']
From /tmp/tmph4h1lzcz
[2024-08-13T15:49:42.417+0000] {log.py:232} WARNING - [[34m2024-08-13T15:49:42.417+0000[0m] {[34msubprocess.py:[0m60} INFO[0m - [35m(astronomer-cosmos)[0m - Tmp dir root location: 
 /tmp[0m
[2024-08-13T15:49:42.419+0000] {log.py:232} WARNING - [[34m2024-08-13T15:49:42.417+0000[0m] {[34msubprocess.py:[0m60} INFO[0m - [35m(astronomer-cosmos)[0m - Tmp dir root location: 
 /tmp[0m
[2024-08-13T15:49:42.417+0000] {subprocess.py:60} INFO - Tmp dir root location: 
 /tmp
[2024-08-13T15:49:42.422+0000] {log.py:232} WARNING - [[34m2024-08-13T15:49:42.421+0000[0m] {[34msubprocess.py:[0m73} INFO[0m - [35m(astronomer-cosmos)[0m - Running command: ['/opt/***/dbt_venv/bin/dbt', 'snapshot', '--models', 'scd_province', '--project-dir', '/tmp/tmph4h1lzcz', '--profiles-dir', '/tmp/cosmos/profile/ec71862f850e9b0839075fe0561d5062ab3dd99ef2a3dac2fe4fc1486f2849d0', '--profile', 'Data_Marketplace', '--target', 'dev'][0m
[2024-08-13T15:49:42.424+0000] {log.py:232} WARNING - [[34m2024-08-13T15:49:42.421+0000[0m] {[34msubprocess.py:[0m73} INFO[0m - [35m(astronomer-cosmos)[0m - Running command: ['/opt/***/dbt_venv/bin/dbt', 'snapshot', '--models', 'scd_province', '--project-dir', '/tmp/tmph4h1lzcz', '--profiles-dir', '/tmp/cosmos/profile/ec71862f850e9b0839075fe0561d5062ab3dd99ef2a3dac2fe4fc1486f2849d0', '--profile', 'Data_Marketplace', '--target', 'dev'][0m
[2024-08-13T15:49:42.421+0000] {subprocess.py:73} INFO - Running command: ['/opt/***/dbt_venv/bin/dbt', 'snapshot', '--models', 'scd_province', '--project-dir', '/tmp/tmph4h1lzcz', '--profiles-dir', '/tmp/cosmos/profile/ec71862f850e9b0839075fe0561d5062ab3dd99ef2a3dac2fe4fc1486f2849d0', '--profile', 'Data_Marketplace', '--target', 'dev']
[2024-08-13T15:49:42.467+0000] {log.py:232} WARNING - [[34m2024-08-13T15:49:42.465+0000[0m] {[34msubprocess.py:[0m84} INFO[0m - [35m(astronomer-cosmos)[0m - Command output:[0m
[2024-08-13T15:49:42.469+0000] {log.py:232} WARNING - [[34m2024-08-13T15:49:42.465+0000[0m] {[34msubprocess.py:[0m84} INFO[0m - [35m(astronomer-cosmos)[0m - Command output:[0m
[2024-08-13T15:49:42.465+0000] {subprocess.py:84} INFO - Command output:
[2024-08-13T15:49:47.148+0000] {log.py:232} WARNING - [[34m2024-08-13T15:49:47.148+0000[0m] {[34msubprocess.py:[0m94} INFO[0m - [35m(astronomer-cosmos)[0m - [0m15:49:47  Running with dbt=1.8.5[0m
[2024-08-13T15:49:47.151+0000] {log.py:232} WARNING - [[34m2024-08-13T15:49:47.148+0000[0m] {[34msubprocess.py:[0m94} INFO[0m - [35m(astronomer-cosmos)[0m - [0m15:49:47  Running with dbt=1.8.5[0m
[2024-08-13T15:49:47.148+0000] {subprocess.py:94} INFO - [0m15:49:47  Running with dbt=1.8.5
[2024-08-13T15:49:48.102+0000] {log.py:232} WARNING - [[34m2024-08-13T15:49:48.102+0000[0m] {[34msubprocess.py:[0m94} INFO[0m - [35m(astronomer-cosmos)[0m - [0m15:49:48  Registered adapter: snowflake=1.8.3[0m
[2024-08-13T15:49:48.103+0000] {log.py:232} WARNING - [[34m2024-08-13T15:49:48.102+0000[0m] {[34msubprocess.py:[0m94} INFO[0m - [35m(astronomer-cosmos)[0m - [0m15:49:48  Registered adapter: snowflake=1.8.3[0m
[2024-08-13T15:49:48.102+0000] {subprocess.py:94} INFO - [0m15:49:48  Registered adapter: snowflake=1.8.3
[2024-08-13T15:49:49.479+0000] {log.py:232} WARNING - [[34m2024-08-13T15:49:49.479+0000[0m] {[34msubprocess.py:[0m94} INFO[0m - [35m(astronomer-cosmos)[0m - [0m15:49:49  Found 9 models, 2 snapshots, 3 seeds, 2 data tests, 3 sources, 448 macros[0m
[2024-08-13T15:49:49.480+0000] {log.py:232} WARNING - [[34m2024-08-13T15:49:49.479+0000[0m] {[34msubprocess.py:[0m94} INFO[0m - [35m(astronomer-cosmos)[0m - [0m15:49:49  Found 9 models, 2 snapshots, 3 seeds, 2 data tests, 3 sources, 448 macros[0m
[2024-08-13T15:49:49.479+0000] {subprocess.py:94} INFO - [0m15:49:49  Found 9 models, 2 snapshots, 3 seeds, 2 data tests, 3 sources, 448 macros
[2024-08-13T15:49:49.483+0000] {log.py:232} WARNING - [[34m2024-08-13T15:49:49.483+0000[0m] {[34msubprocess.py:[0m94} INFO[0m - [35m(astronomer-cosmos)[0m - [0m15:49:49[0m
[2024-08-13T15:49:49.484+0000] {log.py:232} WARNING - [[34m2024-08-13T15:49:49.483+0000[0m] {[34msubprocess.py:[0m94} INFO[0m - [35m(astronomer-cosmos)[0m - [0m15:49:49[0m
[2024-08-13T15:49:49.483+0000] {subprocess.py:94} INFO - [0m15:49:49
[2024-08-13T15:49:51.875+0000] {log.py:232} WARNING - [[34m2024-08-13T15:49:51.875+0000[0m] {[34msubprocess.py:[0m94} INFO[0m - [35m(astronomer-cosmos)[0m - [0m15:49:51  Concurrency: 1 threads (target='dev')[0m
[2024-08-13T15:49:51.879+0000] {log.py:232} WARNING - [[34m2024-08-13T15:49:51.875+0000[0m] {[34msubprocess.py:[0m94} INFO[0m - [35m(astronomer-cosmos)[0m - [0m15:49:51  Concurrency: 1 threads (target='dev')[0m
[2024-08-13T15:49:51.875+0000] {subprocess.py:94} INFO - [0m15:49:51  Concurrency: 1 threads (target='dev')
[2024-08-13T15:49:51.882+0000] {log.py:232} WARNING - [[34m2024-08-13T15:49:51.881+0000[0m] {[34msubprocess.py:[0m94} INFO[0m - [35m(astronomer-cosmos)[0m - [0m15:49:51[0m
[2024-08-13T15:49:51.883+0000] {log.py:232} WARNING - [[34m2024-08-13T15:49:51.881+0000[0m] {[34msubprocess.py:[0m94} INFO[0m - [35m(astronomer-cosmos)[0m - [0m15:49:51[0m
[2024-08-13T15:49:51.881+0000] {subprocess.py:94} INFO - [0m15:49:51
[2024-08-13T15:49:51.914+0000] {log.py:232} WARNING - [[34m2024-08-13T15:49:51.913+0000[0m] {[34msubprocess.py:[0m94} INFO[0m - [35m(astronomer-cosmos)[0m - [0m15:49:51  1 of 1 START snapshot DWH.scd_province ......................................... [RUN][0m
[2024-08-13T15:49:51.916+0000] {log.py:232} WARNING - [[34m2024-08-13T15:49:51.913+0000[0m] {[34msubprocess.py:[0m94} INFO[0m - [35m(astronomer-cosmos)[0m - [0m15:49:51  1 of 1 START snapshot DWH.scd_province ......................................... [RUN][0m
[2024-08-13T15:49:51.913+0000] {subprocess.py:94} INFO - [0m15:49:51  1 of 1 START snapshot DWH.scd_province ......................................... [RUN]
[2024-08-13T15:49:56.117+0000] {log.py:232} WARNING - [[34m2024-08-13T15:49:56.116+0000[0m] {[34msubprocess.py:[0m94} INFO[0m - [35m(astronomer-cosmos)[0m - [0m15:49:56  1 of 1 OK snapshotted DWH.scd_province ......................................... [[32mSUCCESS 0[0m in 4.20s][0m
[2024-08-13T15:49:56.118+0000] {log.py:232} WARNING - [[34m2024-08-13T15:49:56.116+0000[0m] {[34msubprocess.py:[0m94} INFO[0m - [35m(astronomer-cosmos)[0m - [0m15:49:56  1 of 1 OK snapshotted DWH.scd_province ......................................... [[32mSUCCESS 0[0m in 4.20s][0m
[2024-08-13T15:49:56.116+0000] {subprocess.py:94} INFO - [0m15:49:56  1 of 1 OK snapshotted DWH.scd_province ......................................... [[32mSUCCESS 0[0m in 4.20s]
[2024-08-13T15:49:56.124+0000] {log.py:232} WARNING - [[34m2024-08-13T15:49:56.124+0000[0m] {[34msubprocess.py:[0m94} INFO[0m - [35m(astronomer-cosmos)[0m - [0m15:49:56[0m
[2024-08-13T15:49:56.125+0000] {log.py:232} WARNING - [[34m2024-08-13T15:49:56.124+0000[0m] {[34msubprocess.py:[0m94} INFO[0m - [35m(astronomer-cosmos)[0m - [0m15:49:56[0m
[2024-08-13T15:49:56.124+0000] {subprocess.py:94} INFO - [0m15:49:56
[2024-08-13T15:49:56.126+0000] {log.py:232} WARNING - [[34m2024-08-13T15:49:56.126+0000[0m] {[34msubprocess.py:[0m94} INFO[0m - [35m(astronomer-cosmos)[0m - [0m15:49:56  Finished running 1 snapshot in 0 hours 0 minutes and 6.64 seconds (6.64s).[0m
[2024-08-13T15:49:56.127+0000] {log.py:232} WARNING - [[34m2024-08-13T15:49:56.126+0000[0m] {[34msubprocess.py:[0m94} INFO[0m - [35m(astronomer-cosmos)[0m - [0m15:49:56  Finished running 1 snapshot in 0 hours 0 minutes and 6.64 seconds (6.64s).[0m
[2024-08-13T15:49:56.126+0000] {subprocess.py:94} INFO - [0m15:49:56  Finished running 1 snapshot in 0 hours 0 minutes and 6.64 seconds (6.64s).
[2024-08-13T15:49:56.192+0000] {log.py:232} WARNING - [[34m2024-08-13T15:49:56.191+0000[0m] {[34msubprocess.py:[0m94} INFO[0m - [35m(astronomer-cosmos)[0m - [0m15:49:56[0m
[2024-08-13T15:49:56.194+0000] {log.py:232} WARNING - [[34m2024-08-13T15:49:56.191+0000[0m] {[34msubprocess.py:[0m94} INFO[0m - [35m(astronomer-cosmos)[0m - [0m15:49:56[0m
[2024-08-13T15:49:56.191+0000] {subprocess.py:94} INFO - [0m15:49:56
[2024-08-13T15:49:56.195+0000] {log.py:232} WARNING - [[34m2024-08-13T15:49:56.195+0000[0m] {[34msubprocess.py:[0m94} INFO[0m - [35m(astronomer-cosmos)[0m - [0m15:49:56  [32mCompleted successfully[0m[0m
[2024-08-13T15:49:56.196+0000] {log.py:232} WARNING - [[34m2024-08-13T15:49:56.195+0000[0m] {[34msubprocess.py:[0m94} INFO[0m - [35m(astronomer-cosmos)[0m - [0m15:49:56  [32mCompleted successfully[0m[0m
[2024-08-13T15:49:56.195+0000] {subprocess.py:94} INFO - [0m15:49:56  [32mCompleted successfully[0m
[2024-08-13T15:49:56.198+0000] {log.py:232} WARNING - [[34m2024-08-13T15:49:56.198+0000[0m] {[34msubprocess.py:[0m94} INFO[0m - [35m(astronomer-cosmos)[0m - [0m15:49:56[0m
[2024-08-13T15:49:56.201+0000] {log.py:232} WARNING - [[34m2024-08-13T15:49:56.198+0000[0m] {[34msubprocess.py:[0m94} INFO[0m - [35m(astronomer-cosmos)[0m - [0m15:49:56[0m
[2024-08-13T15:49:56.198+0000] {subprocess.py:94} INFO - [0m15:49:56
[2024-08-13T15:49:56.203+0000] {log.py:232} WARNING - [[34m2024-08-13T15:49:56.203+0000[0m] {[34msubprocess.py:[0m94} INFO[0m - [35m(astronomer-cosmos)[0m - [0m15:49:56  Done. PASS=1 WARN=0 ERROR=0 SKIP=0 TOTAL=1[0m
[2024-08-13T15:49:56.204+0000] {log.py:232} WARNING - [[34m2024-08-13T15:49:56.203+0000[0m] {[34msubprocess.py:[0m94} INFO[0m - [35m(astronomer-cosmos)[0m - [0m15:49:56  Done. PASS=1 WARN=0 ERROR=0 SKIP=0 TOTAL=1[0m
[2024-08-13T15:49:56.203+0000] {subprocess.py:94} INFO - [0m15:49:56  Done. PASS=1 WARN=0 ERROR=0 SKIP=0 TOTAL=1
[2024-08-13T15:49:58.379+0000] {log.py:232} WARNING - [[34m2024-08-13T15:49:58.379+0000[0m] {[34msubprocess.py:[0m98} INFO[0m - [35m(astronomer-cosmos)[0m - Command exited with return code 0[0m
[2024-08-13T15:49:58.381+0000] {log.py:232} WARNING - [[34m2024-08-13T15:49:58.379+0000[0m] {[34msubprocess.py:[0m98} INFO[0m - [35m(astronomer-cosmos)[0m - Command exited with return code 0[0m
[2024-08-13T15:49:58.379+0000] {subprocess.py:98} INFO - Command exited with return code 0
[2024-08-13T15:49:58.383+0000] {log.py:232} WARNING - [[34m2024-08-13T15:49:58.383+0000[0m] {[34mlocal.py:[0m254} INFO[0m - [35m(astronomer-cosmos)[0m - [0m15:49:56  Done. PASS=1 WARN=0 ERROR=0 SKIP=0 TOTAL=1[0m
[2024-08-13T15:49:58.384+0000] {log.py:232} WARNING - [[34m2024-08-13T15:49:58.383+0000[0m] {[34mlocal.py:[0m254} INFO[0m - [35m(astronomer-cosmos)[0m - [0m15:49:56  Done. PASS=1 WARN=0 ERROR=0 SKIP=0 TOTAL=1[0m
[2024-08-13T15:49:58.383+0000] {local.py:254} INFO - [0m15:49:56  Done. PASS=1 WARN=0 ERROR=0 SKIP=0 TOTAL=1
[2024-08-13T15:49:58.409+0000] {local.py:196} WARNING - Artifact schema version: https://schemas.getdbt.com/dbt/manifest/v12.json is above dbt-ol supported version 7. This might cause errors.
[2024-08-13T15:49:58.413+0000] {local.py:196} WARNING - Artifact schema version: https://schemas.getdbt.com/dbt/run-results/v6.json is above dbt-ol supported version 5. This might cause errors.
[2024-08-13T15:49:58.429+0000] {log.py:232} WARNING - [[34m2024-08-13T15:49:58.428+0000[0m] {[34mlocal.py:[0m349} INFO[0m - [35m(astronomer-cosmos)[0m - Inlets: [Dataset(uri='snowflake://uz36730.ap-southeast-1.aws/POC_DATA_MARKETPLACE.DWH.dim_province', extra=None)][0m
[2024-08-13T15:49:58.430+0000] {log.py:232} WARNING - [[34m2024-08-13T15:49:58.428+0000[0m] {[34mlocal.py:[0m349} INFO[0m - [35m(astronomer-cosmos)[0m - Inlets: [Dataset(uri='snowflake://uz36730.ap-southeast-1.aws/POC_DATA_MARKETPLACE.DWH.dim_province', extra=None)][0m
[2024-08-13T15:49:58.428+0000] {local.py:349} INFO - Inlets: [Dataset(uri='snowflake://uz36730.ap-southeast-1.aws/POC_DATA_MARKETPLACE.DWH.dim_province', extra=None)]
[2024-08-13T15:49:58.433+0000] {log.py:232} WARNING - [[34m2024-08-13T15:49:58.433+0000[0m] {[34mlocal.py:[0m350} INFO[0m - [35m(astronomer-cosmos)[0m - Outlets: [Dataset(uri='snowflake://uz36730.ap-southeast-1.aws/POC_DATA_MARKETPLACE.DWH.scd_province', extra=None)][0m
[2024-08-13T15:49:58.434+0000] {log.py:232} WARNING - [[34m2024-08-13T15:49:58.433+0000[0m] {[34mlocal.py:[0m350} INFO[0m - [35m(astronomer-cosmos)[0m - Outlets: [Dataset(uri='snowflake://uz36730.ap-southeast-1.aws/POC_DATA_MARKETPLACE.DWH.scd_province', extra=None)][0m
[2024-08-13T15:49:58.433+0000] {local.py:350} INFO - Outlets: [Dataset(uri='snowflake://uz36730.ap-southeast-1.aws/POC_DATA_MARKETPLACE.DWH.scd_province', extra=None)]
[2024-08-13T15:49:58.436+0000] {dag.py:3096} INFO - Sync 1 DAGs
[2024-08-13T15:49:58.483+0000] {dag.py:3954} INFO - Setting next_dagrun for Scrape_Province to 2024-08-13 00:00:00+00:00, run_after=2024-08-14 00:00:00+00:00
[2024-08-13T15:49:58.558+0000] {taskinstance.py:441} INFO - ::group::Post task execution logs
[2024-08-13T15:49:58.615+0000] {taskinstance.py:1206} INFO - Marking task as SUCCESS. dag_id=Scrape_Province, task_id=province_models.scd_province_snapshot, run_id=scheduled__2024-08-12T00:00:00+00:00, execution_date=20240812T000000, start_date=20240813T154941, end_date=20240813T154958
[2024-08-13T15:49:58.680+0000] {local_task_job_runner.py:240} INFO - Task exited with return code 0
[2024-08-13T15:49:58.722+0000] {taskinstance.py:3503} INFO - 1 downstream tasks scheduled from follow-on schedule check
[2024-08-13T15:49:58.726+0000] {local_task_job_runner.py:222} INFO - ::endgroup::
