[2024-08-13T16:06:33.447+0000] {local_task_job_runner.py:120} INFO - ::group::Pre task execution logs
[2024-08-13T16:06:33.667+0000] {taskinstance.py:2076} INFO - Dependencies all met for dep_context=non-requeueable deps ti=<TaskInstance: Weather_Data_Extraction.generate_output_file backfill__2024-01-01T00:00:00+00:00 [queued]>
[2024-08-13T16:06:33.755+0000] {taskinstance.py:2076} INFO - Dependencies all met for dep_context=requeueable deps ti=<TaskInstance: Weather_Data_Extraction.generate_output_file backfill__2024-01-01T00:00:00+00:00 [queued]>
[2024-08-13T16:06:33.761+0000] {taskinstance.py:2306} INFO - Starting attempt 1 of 1
[2024-08-13T16:06:34.265+0000] {taskinstance.py:2330} INFO - Executing <Task(PythonOperator): generate_output_file> on 2024-01-01 00:00:00+00:00
[2024-08-13T16:06:34.289+0000] {warnings.py:112} WARNING - /home/***/.local/lib/python3.12/site-packages/***/task/task_runner/standard_task_runner.py:61: DeprecationWarning: This process (pid=650) is multi-threaded, use of fork() may lead to deadlocks in the child.
  pid = os.fork()

[2024-08-13T16:06:34.310+0000] {standard_task_runner.py:63} INFO - Started process 675 to run task
[2024-08-13T16:06:34.314+0000] {standard_task_runner.py:90} INFO - Running: ['***', 'tasks', 'run', 'Weather_Data_Extraction', 'generate_output_file', 'backfill__2024-01-01T00:00:00+00:00', '--job-id', '74', '--pool', 'default_pool', '--raw', '--subdir', 'DAGS_FOLDER/Data_Weather_Extraction.py', '--cfg-path', '/tmp/tmpoc1qahzo']
[2024-08-13T16:06:34.346+0000] {standard_task_runner.py:91} INFO - Job 74: Subtask generate_output_file
[2024-08-13T16:06:34.411+0000] {warnings.py:112} WARNING - /home/***/.local/lib/python3.12/site-packages/***/settings.py:195: DeprecationWarning: The sql_alchemy_conn option in [core] has been moved to the sql_alchemy_conn option in [database] - the old setting has been used, but please update your config.
  SQL_ALCHEMY_CONN = conf.get("database", "SQL_ALCHEMY_CONN")

[2024-08-13T16:06:34.580+0000] {task_command.py:426} INFO - Running <TaskInstance: Weather_Data_Extraction.generate_output_file backfill__2024-01-01T00:00:00+00:00 [running]> on host ubuntu
[2024-08-13T16:06:35.090+0000] {taskinstance.py:2648} INFO - Exporting env vars: AIRFLOW_CTX_DAG_OWNER='Ducky' AIRFLOW_CTX_DAG_ID='Weather_Data_Extraction' AIRFLOW_CTX_TASK_ID='generate_output_file' AIRFLOW_CTX_EXECUTION_DATE='2024-01-01T00:00:00+00:00' AIRFLOW_CTX_TRY_NUMBER='1' AIRFLOW_CTX_DAG_RUN_ID='backfill__2024-01-01T00:00:00+00:00'
[2024-08-13T16:06:35.120+0000] {taskinstance.py:430} INFO - ::endgroup::
[2024-08-13T16:06:35.206+0000] {logging_mixin.py:188} INFO - Generated output file: Data_Weather-20240101.csv
[2024-08-13T16:06:35.230+0000] {logging_mixin.py:188} INFO - Execution Date: 2024/01/01
[2024-08-13T16:06:35.360+0000] {python.py:237} INFO - Done. Returned value was: None
[2024-08-13T16:06:35.370+0000] {taskinstance.py:441} INFO - ::group::Post task execution logs
[2024-08-13T16:06:35.412+0000] {taskinstance.py:1206} INFO - Marking task as SUCCESS. dag_id=Weather_Data_Extraction, task_id=generate_output_file, run_id=backfill__2024-01-01T00:00:00+00:00, execution_date=20240101T000000, start_date=20240813T160633, end_date=20240813T160635
[2024-08-13T16:06:35.753+0000] {local_task_job_runner.py:240} INFO - Task exited with return code 0
[2024-08-13T16:06:35.935+0000] {taskinstance.py:3503} INFO - 1 downstream tasks scheduled from follow-on schedule check
[2024-08-13T16:06:35.984+0000] {local_task_job_runner.py:222} INFO - ::endgroup::
[2024-08-14T02:44:35.806+0000] {local_task_job_runner.py:120} INFO - ::group::Pre task execution logs
[2024-08-14T02:44:35.976+0000] {taskinstance.py:2076} INFO - Dependencies all met for dep_context=non-requeueable deps ti=<TaskInstance: Weather_Data_Extraction.generate_output_file backfill__2024-01-01T00:00:00+00:00 [queued]>
[2024-08-14T02:44:35.984+0000] {taskinstance.py:2076} INFO - Dependencies all met for dep_context=requeueable deps ti=<TaskInstance: Weather_Data_Extraction.generate_output_file backfill__2024-01-01T00:00:00+00:00 [queued]>
[2024-08-14T02:44:35.985+0000] {taskinstance.py:2306} INFO - Starting attempt 1 of 1
[2024-08-14T02:44:36.001+0000] {taskinstance.py:2330} INFO - Executing <Task(PythonOperator): generate_output_file> on 2024-01-01 00:00:00+00:00
[2024-08-14T02:44:36.008+0000] {warnings.py:112} WARNING - /home/***/.local/lib/python3.12/site-packages/***/task/task_runner/standard_task_runner.py:61: DeprecationWarning: This process (pid=245) is multi-threaded, use of fork() may lead to deadlocks in the child.
  pid = os.fork()

[2024-08-14T02:44:36.010+0000] {standard_task_runner.py:63} INFO - Started process 247 to run task
[2024-08-14T02:44:36.010+0000] {standard_task_runner.py:90} INFO - Running: ['***', 'tasks', 'run', 'Weather_Data_Extraction', 'generate_output_file', 'backfill__2024-01-01T00:00:00+00:00', '--job-id', '323', '--pool', 'default_pool', '--raw', '--subdir', 'DAGS_FOLDER/Data_Weather_Extraction.py', '--cfg-path', '/tmp/tmpqbl5jrdk']
[2024-08-14T02:44:36.013+0000] {standard_task_runner.py:91} INFO - Job 323: Subtask generate_output_file
[2024-08-14T02:44:36.059+0000] {task_command.py:426} INFO - Running <TaskInstance: Weather_Data_Extraction.generate_output_file backfill__2024-01-01T00:00:00+00:00 [running]> on host ubuntu
[2024-08-14T02:44:36.131+0000] {taskinstance.py:2648} INFO - Exporting env vars: AIRFLOW_CTX_DAG_OWNER='Ducky' AIRFLOW_CTX_DAG_ID='Weather_Data_Extraction' AIRFLOW_CTX_TASK_ID='generate_output_file' AIRFLOW_CTX_EXECUTION_DATE='2024-01-01T00:00:00+00:00' AIRFLOW_CTX_TRY_NUMBER='1' AIRFLOW_CTX_DAG_RUN_ID='backfill__2024-01-01T00:00:00+00:00'
[2024-08-14T02:44:36.133+0000] {taskinstance.py:430} INFO - ::endgroup::
[2024-08-14T02:44:36.163+0000] {logging_mixin.py:188} INFO - Generated output file: Data_Weather-20240101.csv
[2024-08-14T02:44:36.163+0000] {logging_mixin.py:188} INFO - Execution Date: 2024/01/01
[2024-08-14T02:44:36.184+0000] {python.py:237} INFO - Done. Returned value was: None
[2024-08-14T02:44:36.185+0000] {taskinstance.py:441} INFO - ::group::Post task execution logs
[2024-08-14T02:44:36.193+0000] {taskinstance.py:1206} INFO - Marking task as SUCCESS. dag_id=Weather_Data_Extraction, task_id=generate_output_file, run_id=backfill__2024-01-01T00:00:00+00:00, execution_date=20240101T000000, start_date=20240814T024435, end_date=20240814T024436
[2024-08-14T02:44:36.225+0000] {local_task_job_runner.py:240} INFO - Task exited with return code 0
[2024-08-14T02:44:36.266+0000] {taskinstance.py:3503} INFO - 1 downstream tasks scheduled from follow-on schedule check
[2024-08-14T02:44:36.271+0000] {local_task_job_runner.py:222} INFO - ::endgroup::
