[2024-08-16T09:06:15.913+0000] {local_task_job_runner.py:120} INFO - ::group::Pre task execution logs
[2024-08-16T09:06:15.933+0000] {taskinstance.py:2076} INFO - Dependencies all met for dep_context=non-requeueable deps ti=<TaskInstance: Prediction_Model.Call_Prediction_Model_Procedure manual__2024-08-16T09:05:58.346283+00:00 [queued]>
[2024-08-16T09:06:15.944+0000] {taskinstance.py:2076} INFO - Dependencies all met for dep_context=requeueable deps ti=<TaskInstance: Prediction_Model.Call_Prediction_Model_Procedure manual__2024-08-16T09:05:58.346283+00:00 [queued]>
[2024-08-16T09:06:15.944+0000] {taskinstance.py:2306} INFO - Starting attempt 1 of 1
[2024-08-16T09:06:15.963+0000] {taskinstance.py:2330} INFO - Executing <Task(PythonOperator): Call_Prediction_Model_Procedure> on 2024-08-16 09:05:58.346283+00:00
[2024-08-16T09:06:15.972+0000] {warnings.py:112} WARNING - /home/***/.local/lib/python3.12/site-packages/***/task/task_runner/standard_task_runner.py:61: DeprecationWarning: This process (pid=734) is multi-threaded, use of fork() may lead to deadlocks in the child.
  pid = os.fork()

[2024-08-16T09:06:15.975+0000] {standard_task_runner.py:63} INFO - Started process 736 to run task
[2024-08-16T09:06:15.975+0000] {standard_task_runner.py:90} INFO - Running: ['***', 'tasks', 'run', 'Prediction_Model', 'Call_Prediction_Model_Procedure', 'manual__2024-08-16T09:05:58.346283+00:00', '--job-id', '1128', '--raw', '--subdir', 'DAGS_FOLDER/Prediction_Model.py', '--cfg-path', '/tmp/tmpodwb4aqs']
[2024-08-16T09:06:15.979+0000] {standard_task_runner.py:91} INFO - Job 1128: Subtask Call_Prediction_Model_Procedure
[2024-08-16T09:06:16.087+0000] {task_command.py:426} INFO - Running <TaskInstance: Prediction_Model.Call_Prediction_Model_Procedure manual__2024-08-16T09:05:58.346283+00:00 [running]> on host ubuntu
[2024-08-16T09:06:16.274+0000] {taskinstance.py:2648} INFO - Exporting env vars: AIRFLOW_CTX_DAG_OWNER='Ducky' AIRFLOW_CTX_DAG_ID='Prediction_Model' AIRFLOW_CTX_TASK_ID='Call_Prediction_Model_Procedure' AIRFLOW_CTX_EXECUTION_DATE='2024-08-16T09:05:58.346283+00:00' AIRFLOW_CTX_TRY_NUMBER='1' AIRFLOW_CTX_DAG_RUN_ID='manual__2024-08-16T09:05:58.346283+00:00'
[2024-08-16T09:06:16.280+0000] {taskinstance.py:430} INFO - ::endgroup::
[2024-08-16T09:06:16.334+0000] {base.py:84} INFO - Using connection ID 'snowflake_conn_public' for task execution.
[2024-08-16T09:06:16.336+0000] {connection.py:399} INFO - Snowflake Connector for Python Version: 3.10.1, Python Version: 3.12.4, Platform: Linux-5.15.153.1-microsoft-standard-WSL2-x86_64-with-glibc2.36
[2024-08-16T09:06:16.337+0000] {connection.py:1239} INFO - This connection is in OCSP Fail Open Mode. TLS Certificates would be checked for validity and revocation status. Any other Certificate Revocation related exceptions or OCSP Responder failures would be disregarded in favor of connectivity.
[2024-08-16T09:06:17.403+0000] {cursor.py:1149} INFO - Number of results in first chunk: 1
[2024-08-16T09:06:17.404+0000] {sql.py:487} INFO - Running statement: CALL PREDICTION_MODEL();, parameters: None
[2024-08-16T09:06:31.363+0000] {cursor.py:1149} INFO - Number of results in first chunk: 1
[2024-08-16T09:06:31.364+0000] {sql.py:496} INFO - Rows affected: 1
[2024-08-16T09:06:31.365+0000] {snowflake.py:410} INFO - Rows affected: 1
[2024-08-16T09:06:31.366+0000] {snowflake.py:411} INFO - Snowflake query id: 01b66282-3201-2de2-0009-3646000b2826
[2024-08-16T09:06:31.533+0000] {cursor.py:1149} INFO - Number of results in first chunk: 1
[2024-08-16T09:06:31.535+0000] {connection.py:762} INFO - closed
[2024-08-16T09:06:31.636+0000] {connection.py:768} INFO - No async queries seem to be running, deleting session
[2024-08-16T09:06:31.742+0000] {python.py:237} INFO - Done. Returned value was: None
[2024-08-16T09:06:31.744+0000] {taskinstance.py:441} INFO - ::group::Post task execution logs
[2024-08-16T09:06:31.755+0000] {taskinstance.py:1206} INFO - Marking task as SUCCESS. dag_id=Prediction_Model, task_id=Call_Prediction_Model_Procedure, run_id=manual__2024-08-16T09:05:58.346283+00:00, execution_date=20240816T090558, start_date=20240816T090615, end_date=20240816T090631
[2024-08-16T09:06:31.809+0000] {local_task_job_runner.py:240} INFO - Task exited with return code 0
[2024-08-16T09:06:31.826+0000] {taskinstance.py:3503} INFO - 0 downstream tasks scheduled from follow-on schedule check
[2024-08-16T09:06:31.829+0000] {local_task_job_runner.py:222} INFO - ::endgroup::
