[2024-08-14T02:56:45.533+0000] {local_task_job_runner.py:120} INFO - ::group::Pre task execution logs
[2024-08-14T02:56:45.548+0000] {taskinstance.py:2076} INFO - Dependencies all met for dep_context=non-requeueable deps ti=<TaskInstance: Weather_Data_Extraction.check_s3_file backfill__2024-01-08T00:00:00+00:00 [queued]>
[2024-08-14T02:56:45.686+0000] {taskinstance.py:2076} INFO - Dependencies all met for dep_context=requeueable deps ti=<TaskInstance: Weather_Data_Extraction.check_s3_file backfill__2024-01-08T00:00:00+00:00 [queued]>
[2024-08-14T02:56:45.687+0000] {taskinstance.py:2306} INFO - Starting attempt 1 of 1
[2024-08-14T02:56:45.698+0000] {taskinstance.py:2330} INFO - Executing <Task(S3KeySensor): check_s3_file> on 2024-01-08 00:00:00+00:00
[2024-08-14T02:56:45.705+0000] {warnings.py:112} WARNING - /home/***/.local/lib/python3.12/site-packages/***/task/task_runner/standard_task_runner.py:61: DeprecationWarning: This process (pid=513) is multi-threaded, use of fork() may lead to deadlocks in the child.
  pid = os.fork()

[2024-08-14T02:56:45.706+0000] {standard_task_runner.py:63} INFO - Started process 515 to run task
[2024-08-14T02:56:45.707+0000] {standard_task_runner.py:90} INFO - Running: ['***', 'tasks', 'run', 'Weather_Data_Extraction', 'check_s3_file', 'backfill__2024-01-08T00:00:00+00:00', '--job-id', '362', '--pool', 'default_pool', '--raw', '--subdir', 'DAGS_FOLDER/Data_Weather_Extraction.py', '--cfg-path', '/tmp/tmp672jcynj']
[2024-08-14T02:56:45.709+0000] {standard_task_runner.py:91} INFO - Job 362: Subtask check_s3_file
[2024-08-14T02:56:45.748+0000] {task_command.py:426} INFO - Running <TaskInstance: Weather_Data_Extraction.check_s3_file backfill__2024-01-08T00:00:00+00:00 [running]> on host ubuntu
[2024-08-14T02:56:45.838+0000] {taskinstance.py:2648} INFO - Exporting env vars: AIRFLOW_CTX_DAG_OWNER='Ducky' AIRFLOW_CTX_DAG_ID='Weather_Data_Extraction' AIRFLOW_CTX_TASK_ID='check_s3_file' AIRFLOW_CTX_EXECUTION_DATE='2024-01-08T00:00:00+00:00' AIRFLOW_CTX_TRY_NUMBER='1' AIRFLOW_CTX_DAG_RUN_ID='backfill__2024-01-08T00:00:00+00:00'
[2024-08-14T02:56:45.840+0000] {taskinstance.py:430} INFO - ::endgroup::
[2024-08-14T02:56:45.853+0000] {baseoperator.py:400} WARNING - S3KeySensor.execute cannot be called outside TaskInstance!
[2024-08-14T02:56:45.854+0000] {s3.py:117} INFO - Poking for key : s3://s3-poc-data-marketplace/Weather_Data/Data_Weather-20240108.csv
[2024-08-14T02:56:45.867+0000] {base.py:84} INFO - Using connection ID 'aws_conn_poc' for task execution.
[2024-08-14T02:56:45.869+0000] {connection_wrapper.py:384} INFO - AWS Connection (conn_id='aws_conn_poc', conn_type='aws') credentials retrieved from login and password.
[2024-08-14T02:56:46.757+0000] {base.py:294} INFO - Success criteria met. Exiting.
[2024-08-14T02:56:46.759+0000] {taskinstance.py:441} INFO - ::group::Post task execution logs
[2024-08-14T02:56:46.781+0000] {taskinstance.py:1206} INFO - Marking task as SUCCESS. dag_id=Weather_Data_Extraction, task_id=check_s3_file, run_id=backfill__2024-01-08T00:00:00+00:00, execution_date=20240108T000000, start_date=20240814T025645, end_date=20240814T025646
[2024-08-14T02:56:46.846+0000] {local_task_job_runner.py:240} INFO - Task exited with return code 0
[2024-08-14T02:56:46.907+0000] {taskinstance.py:3503} INFO - 1 downstream tasks scheduled from follow-on schedule check
[2024-08-14T02:56:46.913+0000] {local_task_job_runner.py:222} INFO - ::endgroup::
