[2024-08-09T08:07:21.009+0000] {local_task_job_runner.py:120} INFO - ::group::Pre task execution logs
[2024-08-09T08:07:21.098+0000] {taskinstance.py:2076} INFO - Dependencies all met for dep_context=non-requeueable deps ti=<TaskInstance: dbt_dag.dim_city_run manual__2024-08-09T08:00:42.008960+00:00 [queued]>
[2024-08-09T08:07:21.147+0000] {taskinstance.py:2076} INFO - Dependencies all met for dep_context=requeueable deps ti=<TaskInstance: dbt_dag.dim_city_run manual__2024-08-09T08:00:42.008960+00:00 [queued]>
[2024-08-09T08:07:21.147+0000] {taskinstance.py:2306} INFO - Starting attempt 1 of 1
[2024-08-09T08:07:21.223+0000] {taskinstance.py:2330} INFO - Executing <Task(DbtRunLocalOperator): dim_city_run> on 2024-08-09 08:00:42.008960+00:00
[2024-08-09T08:07:21.265+0000] {warnings.py:112} WARNING - /home/***/.local/lib/python3.12/site-packages/***/task/task_runner/standard_task_runner.py:61: DeprecationWarning: This process (pid=251) is multi-threaded, use of fork() may lead to deadlocks in the child.
  pid = os.fork()

[2024-08-09T08:07:21.274+0000] {standard_task_runner.py:63} INFO - Started process 266 to run task
[2024-08-09T08:07:21.277+0000] {standard_task_runner.py:90} INFO - Running: ['***', 'tasks', 'run', 'dbt_dag', 'dim_city_run', 'manual__2024-08-09T08:00:42.008960+00:00', '--job-id', '25', '--raw', '--subdir', 'DAGS_FOLDER/dbt.py', '--cfg-path', '/tmp/tmpkn_gt5dv']
[2024-08-09T08:07:21.289+0000] {standard_task_runner.py:91} INFO - Job 25: Subtask dim_city_run
[2024-08-09T08:07:21.332+0000] {warnings.py:112} WARNING - /home/***/.local/lib/python3.12/site-packages/***/settings.py:195: DeprecationWarning: The sql_alchemy_conn option in [core] has been moved to the sql_alchemy_conn option in [database] - the old setting has been used, but please update your config.
  SQL_ALCHEMY_CONN = conf.get("database", "SQL_ALCHEMY_CONN")

[2024-08-09T08:07:21.480+0000] {task_command.py:426} INFO - Running <TaskInstance: dbt_dag.dim_city_run manual__2024-08-09T08:00:42.008960+00:00 [running]> on host ubuntu
[2024-08-09T08:07:21.774+0000] {taskinstance.py:2648} INFO - Exporting env vars: AIRFLOW_CTX_DAG_OWNER='***' AIRFLOW_CTX_DAG_ID='dbt_dag' AIRFLOW_CTX_TASK_ID='dim_city_run' AIRFLOW_CTX_EXECUTION_DATE='2024-08-09T08:00:42.008960+00:00' AIRFLOW_CTX_TRY_NUMBER='1' AIRFLOW_CTX_DAG_RUN_ID='manual__2024-08-09T08:00:42.008960+00:00'
[2024-08-09T08:07:21.775+0000] {taskinstance.py:430} INFO - ::endgroup::
[2024-08-09T08:07:21.881+0000] {log.py:232} WARNING - [[34m2024-08-09T08:07:21.878+0000[0m] {[34mgraph.py:[0m377} INFO[0m - [35m(astronomer-cosmos)[0m - Trying to parse the dbt project using dbt ls cache cosmos_cache__dbt_dag...[0m
[2024-08-09T08:07:21.881+0000] {log.py:232} WARNING - [[34m2024-08-09T08:07:21.878+0000[0m] {[34mgraph.py:[0m377} INFO[0m - [35m(astronomer-cosmos)[0m - Trying to parse the dbt project using dbt ls cache cosmos_cache__dbt_dag...[0m
[2024-08-09T08:07:21.878+0000] {graph.py:377} INFO - Trying to parse the dbt project using dbt ls cache cosmos_cache__dbt_dag...
[2024-08-09T08:07:21.941+0000] {log.py:232} WARNING - [[34m2024-08-09T08:07:21.941+0000[0m] {[34mcache.py:[0m262} INFO[0m - [35m(astronomer-cosmos)[0m - Cosmos performance: time to calculate cache identifier cosmos_cache__dbt_dag for current version: 0.02512170799991509[0m
[2024-08-09T08:07:21.942+0000] {log.py:232} WARNING - [[34m2024-08-09T08:07:21.941+0000[0m] {[34mcache.py:[0m262} INFO[0m - [35m(astronomer-cosmos)[0m - Cosmos performance: time to calculate cache identifier cosmos_cache__dbt_dag for current version: 0.02512170799991509[0m
[2024-08-09T08:07:21.941+0000] {cache.py:262} INFO - Cosmos performance: time to calculate cache identifier cosmos_cache__dbt_dag for current version: 0.02512170799991509
[2024-08-09T08:07:21.945+0000] {log.py:232} WARNING - [[34m2024-08-09T08:07:21.942+0000[0m] {[34mgraph.py:[0m394} INFO[0m - [35m(astronomer-cosmos)[0m - Cosmos performance [ubuntu|266]: The cache size for cosmos_cache__dbt_dag is 14843[0m
[2024-08-09T08:07:21.946+0000] {log.py:232} WARNING - [[34m2024-08-09T08:07:21.942+0000[0m] {[34mgraph.py:[0m394} INFO[0m - [35m(astronomer-cosmos)[0m - Cosmos performance [ubuntu|266]: The cache size for cosmos_cache__dbt_dag is 14843[0m
[2024-08-09T08:07:21.942+0000] {graph.py:394} INFO - Cosmos performance [ubuntu|266]: The cache size for cosmos_cache__dbt_dag is 14843
[2024-08-09T08:07:21.953+0000] {log.py:232} WARNING - [[34m2024-08-09T08:07:21.953+0000[0m] {[34mgraph.py:[0m402} INFO[0m - [35m(astronomer-cosmos)[0m - Cosmos performance: Cache hit for cosmos_cache__dbt_dag - f0894e22ca1fc514beb9335fa3aa34e2,d41d8cd98f00b204e9800998ecf8427e[0m
[2024-08-09T08:07:21.953+0000] {log.py:232} WARNING - [[34m2024-08-09T08:07:21.953+0000[0m] {[34mgraph.py:[0m402} INFO[0m - [35m(astronomer-cosmos)[0m - Cosmos performance: Cache hit for cosmos_cache__dbt_dag - f0894e22ca1fc514beb9335fa3aa34e2,d41d8cd98f00b204e9800998ecf8427e[0m
[2024-08-09T08:07:21.953+0000] {graph.py:402} INFO - Cosmos performance: Cache hit for cosmos_cache__dbt_dag - f0894e22ca1fc514beb9335fa3aa34e2,d41d8cd98f00b204e9800998ecf8427e
[2024-08-09T08:07:21.956+0000] {log.py:232} WARNING - [[34m2024-08-09T08:07:21.956+0000[0m] {[34mgraph.py:[0m335} INFO[0m - [35m(astronomer-cosmos)[0m - Total nodes: 19[0m
[2024-08-09T08:07:21.956+0000] {log.py:232} WARNING - [[34m2024-08-09T08:07:21.956+0000[0m] {[34mgraph.py:[0m335} INFO[0m - [35m(astronomer-cosmos)[0m - Total nodes: 19[0m
[2024-08-09T08:07:21.956+0000] {graph.py:335} INFO - Total nodes: 19
[2024-08-09T08:07:21.957+0000] {log.py:232} WARNING - [[34m2024-08-09T08:07:21.957+0000[0m] {[34mgraph.py:[0m336} INFO[0m - [35m(astronomer-cosmos)[0m - Total filtered nodes: 19[0m
[2024-08-09T08:07:21.962+0000] {log.py:232} WARNING - [[34m2024-08-09T08:07:21.957+0000[0m] {[34mgraph.py:[0m336} INFO[0m - [35m(astronomer-cosmos)[0m - Total filtered nodes: 19[0m
[2024-08-09T08:07:21.957+0000] {graph.py:336} INFO - Total filtered nodes: 19
[2024-08-09T08:07:21.962+0000] {log.py:232} WARNING - [[34m2024-08-09T08:07:21.962+0000[0m] {[34mconverter.py:[0m251} INFO[0m - [35m(astronomer-cosmos)[0m - Cosmos performance (dbt_dag) -  [ubuntu|266]: It took 0.0856s to parse the dbt project for DAG using LoadMode.DBT_LS_CACHE[0m
[2024-08-09T08:07:21.965+0000] {log.py:232} WARNING - [[34m2024-08-09T08:07:21.962+0000[0m] {[34mconverter.py:[0m251} INFO[0m - [35m(astronomer-cosmos)[0m - Cosmos performance (dbt_dag) -  [ubuntu|266]: It took 0.0856s to parse the dbt project for DAG using LoadMode.DBT_LS_CACHE[0m
[2024-08-09T08:07:21.962+0000] {converter.py:251} INFO - Cosmos performance (dbt_dag) -  [ubuntu|266]: It took 0.0856s to parse the dbt project for DAG using LoadMode.DBT_LS_CACHE
[2024-08-09T08:07:21.968+0000] {log.py:232} WARNING - [[34m2024-08-09T08:07:21.966+0000[0m] {[34mproject.py:[0m35} INFO[0m - [35m(astronomer-cosmos)[0m - Project /usr/local/***/dags/Data_Marketplace does not have {'packages.yml', 'dependencies.yml'}[0m
[2024-08-09T08:07:21.968+0000] {log.py:232} WARNING - [[34m2024-08-09T08:07:21.966+0000[0m] {[34mproject.py:[0m35} INFO[0m - [35m(astronomer-cosmos)[0m - Project /usr/local/***/dags/Data_Marketplace does not have {'packages.yml', 'dependencies.yml'}[0m
[2024-08-09T08:07:21.966+0000] {project.py:35} INFO - Project /usr/local/***/dags/Data_Marketplace does not have {'packages.yml', 'dependencies.yml'}
[2024-08-09T08:07:21.973+0000] {log.py:232} WARNING - [[34m2024-08-09T08:07:21.970+0000[0m] {[34mproject.py:[0m35} INFO[0m - [35m(astronomer-cosmos)[0m - Project /usr/local/***/dags/Data_Marketplace does not have {'packages.yml', 'dependencies.yml'}[0m
[2024-08-09T08:07:21.973+0000] {log.py:232} WARNING - [[34m2024-08-09T08:07:21.970+0000[0m] {[34mproject.py:[0m35} INFO[0m - [35m(astronomer-cosmos)[0m - Project /usr/local/***/dags/Data_Marketplace does not have {'packages.yml', 'dependencies.yml'}[0m
[2024-08-09T08:07:21.970+0000] {project.py:35} INFO - Project /usr/local/***/dags/Data_Marketplace does not have {'packages.yml', 'dependencies.yml'}
[2024-08-09T08:07:21.976+0000] {log.py:232} WARNING - [[34m2024-08-09T08:07:21.976+0000[0m] {[34mproject.py:[0m35} INFO[0m - [35m(astronomer-cosmos)[0m - Project /usr/local/***/dags/Data_Marketplace does not have {'packages.yml', 'dependencies.yml'}[0m
[2024-08-09T08:07:21.980+0000] {log.py:232} WARNING - [[34m2024-08-09T08:07:21.976+0000[0m] {[34mproject.py:[0m35} INFO[0m - [35m(astronomer-cosmos)[0m - Project /usr/local/***/dags/Data_Marketplace does not have {'packages.yml', 'dependencies.yml'}[0m
[2024-08-09T08:07:21.976+0000] {project.py:35} INFO - Project /usr/local/***/dags/Data_Marketplace does not have {'packages.yml', 'dependencies.yml'}
[2024-08-09T08:07:21.981+0000] {log.py:232} WARNING - [[34m2024-08-09T08:07:21.981+0000[0m] {[34mproject.py:[0m35} INFO[0m - [35m(astronomer-cosmos)[0m - Project /usr/local/***/dags/Data_Marketplace does not have {'packages.yml', 'dependencies.yml'}[0m
[2024-08-09T08:07:21.982+0000] {log.py:232} WARNING - [[34m2024-08-09T08:07:21.981+0000[0m] {[34mproject.py:[0m35} INFO[0m - [35m(astronomer-cosmos)[0m - Project /usr/local/***/dags/Data_Marketplace does not have {'packages.yml', 'dependencies.yml'}[0m
[2024-08-09T08:07:21.981+0000] {project.py:35} INFO - Project /usr/local/***/dags/Data_Marketplace does not have {'packages.yml', 'dependencies.yml'}
[2024-08-09T08:07:21.985+0000] {log.py:232} WARNING - [[34m2024-08-09T08:07:21.985+0000[0m] {[34mproject.py:[0m35} INFO[0m - [35m(astronomer-cosmos)[0m - Project /usr/local/***/dags/Data_Marketplace does not have {'packages.yml', 'dependencies.yml'}[0m
[2024-08-09T08:07:21.986+0000] {log.py:232} WARNING - [[34m2024-08-09T08:07:21.985+0000[0m] {[34mproject.py:[0m35} INFO[0m - [35m(astronomer-cosmos)[0m - Project /usr/local/***/dags/Data_Marketplace does not have {'packages.yml', 'dependencies.yml'}[0m
[2024-08-09T08:07:21.985+0000] {project.py:35} INFO - Project /usr/local/***/dags/Data_Marketplace does not have {'packages.yml', 'dependencies.yml'}
[2024-08-09T08:07:21.989+0000] {log.py:232} WARNING - [[34m2024-08-09T08:07:21.989+0000[0m] {[34mproject.py:[0m35} INFO[0m - [35m(astronomer-cosmos)[0m - Project /usr/local/***/dags/Data_Marketplace does not have {'packages.yml', 'dependencies.yml'}[0m
[2024-08-09T08:07:21.989+0000] {log.py:232} WARNING - [[34m2024-08-09T08:07:21.989+0000[0m] {[34mproject.py:[0m35} INFO[0m - [35m(astronomer-cosmos)[0m - Project /usr/local/***/dags/Data_Marketplace does not have {'packages.yml', 'dependencies.yml'}[0m
[2024-08-09T08:07:21.989+0000] {project.py:35} INFO - Project /usr/local/***/dags/Data_Marketplace does not have {'packages.yml', 'dependencies.yml'}
[2024-08-09T08:07:21.996+0000] {log.py:232} WARNING - [[34m2024-08-09T08:07:21.993+0000[0m] {[34mproject.py:[0m35} INFO[0m - [35m(astronomer-cosmos)[0m - Project /usr/local/***/dags/Data_Marketplace does not have {'packages.yml', 'dependencies.yml'}[0m
[2024-08-09T08:07:21.996+0000] {log.py:232} WARNING - [[34m2024-08-09T08:07:21.993+0000[0m] {[34mproject.py:[0m35} INFO[0m - [35m(astronomer-cosmos)[0m - Project /usr/local/***/dags/Data_Marketplace does not have {'packages.yml', 'dependencies.yml'}[0m
[2024-08-09T08:07:21.993+0000] {project.py:35} INFO - Project /usr/local/***/dags/Data_Marketplace does not have {'packages.yml', 'dependencies.yml'}
[2024-08-09T08:07:21.997+0000] {log.py:232} WARNING - [[34m2024-08-09T08:07:21.997+0000[0m] {[34mproject.py:[0m35} INFO[0m - [35m(astronomer-cosmos)[0m - Project /usr/local/***/dags/Data_Marketplace does not have {'packages.yml', 'dependencies.yml'}[0m
[2024-08-09T08:07:21.999+0000] {log.py:232} WARNING - [[34m2024-08-09T08:07:21.997+0000[0m] {[34mproject.py:[0m35} INFO[0m - [35m(astronomer-cosmos)[0m - Project /usr/local/***/dags/Data_Marketplace does not have {'packages.yml', 'dependencies.yml'}[0m
[2024-08-09T08:07:21.997+0000] {project.py:35} INFO - Project /usr/local/***/dags/Data_Marketplace does not have {'packages.yml', 'dependencies.yml'}
[2024-08-09T08:07:22.002+0000] {log.py:232} WARNING - [[34m2024-08-09T08:07:22.002+0000[0m] {[34mproject.py:[0m35} INFO[0m - [35m(astronomer-cosmos)[0m - Project /usr/local/***/dags/Data_Marketplace does not have {'packages.yml', 'dependencies.yml'}[0m
[2024-08-09T08:07:22.004+0000] {log.py:232} WARNING - [[34m2024-08-09T08:07:22.002+0000[0m] {[34mproject.py:[0m35} INFO[0m - [35m(astronomer-cosmos)[0m - Project /usr/local/***/dags/Data_Marketplace does not have {'packages.yml', 'dependencies.yml'}[0m
[2024-08-09T08:07:22.002+0000] {project.py:35} INFO - Project /usr/local/***/dags/Data_Marketplace does not have {'packages.yml', 'dependencies.yml'}
[2024-08-09T08:07:22.007+0000] {log.py:232} WARNING - [[34m2024-08-09T08:07:22.005+0000[0m] {[34mproject.py:[0m35} INFO[0m - [35m(astronomer-cosmos)[0m - Project /usr/local/***/dags/Data_Marketplace does not have {'packages.yml', 'dependencies.yml'}[0m
[2024-08-09T08:07:22.007+0000] {log.py:232} WARNING - [[34m2024-08-09T08:07:22.005+0000[0m] {[34mproject.py:[0m35} INFO[0m - [35m(astronomer-cosmos)[0m - Project /usr/local/***/dags/Data_Marketplace does not have {'packages.yml', 'dependencies.yml'}[0m
[2024-08-09T08:07:22.005+0000] {project.py:35} INFO - Project /usr/local/***/dags/Data_Marketplace does not have {'packages.yml', 'dependencies.yml'}
[2024-08-09T08:07:22.012+0000] {log.py:232} WARNING - [[34m2024-08-09T08:07:22.009+0000[0m] {[34mproject.py:[0m35} INFO[0m - [35m(astronomer-cosmos)[0m - Project /usr/local/***/dags/Data_Marketplace does not have {'packages.yml', 'dependencies.yml'}[0m
[2024-08-09T08:07:22.012+0000] {log.py:232} WARNING - [[34m2024-08-09T08:07:22.009+0000[0m] {[34mproject.py:[0m35} INFO[0m - [35m(astronomer-cosmos)[0m - Project /usr/local/***/dags/Data_Marketplace does not have {'packages.yml', 'dependencies.yml'}[0m
[2024-08-09T08:07:22.009+0000] {project.py:35} INFO - Project /usr/local/***/dags/Data_Marketplace does not have {'packages.yml', 'dependencies.yml'}
[2024-08-09T08:07:22.013+0000] {log.py:232} WARNING - [[34m2024-08-09T08:07:22.013+0000[0m] {[34mproject.py:[0m35} INFO[0m - [35m(astronomer-cosmos)[0m - Project /usr/local/***/dags/Data_Marketplace does not have {'packages.yml', 'dependencies.yml'}[0m
[2024-08-09T08:07:22.016+0000] {log.py:232} WARNING - [[34m2024-08-09T08:07:22.013+0000[0m] {[34mproject.py:[0m35} INFO[0m - [35m(astronomer-cosmos)[0m - Project /usr/local/***/dags/Data_Marketplace does not have {'packages.yml', 'dependencies.yml'}[0m
[2024-08-09T08:07:22.013+0000] {project.py:35} INFO - Project /usr/local/***/dags/Data_Marketplace does not have {'packages.yml', 'dependencies.yml'}
[2024-08-09T08:07:22.017+0000] {log.py:232} WARNING - [[34m2024-08-09T08:07:22.017+0000[0m] {[34mproject.py:[0m35} INFO[0m - [35m(astronomer-cosmos)[0m - Project /usr/local/***/dags/Data_Marketplace does not have {'packages.yml', 'dependencies.yml'}[0m
[2024-08-09T08:07:22.017+0000] {log.py:232} WARNING - [[34m2024-08-09T08:07:22.017+0000[0m] {[34mproject.py:[0m35} INFO[0m - [35m(astronomer-cosmos)[0m - Project /usr/local/***/dags/Data_Marketplace does not have {'packages.yml', 'dependencies.yml'}[0m
[2024-08-09T08:07:22.017+0000] {project.py:35} INFO - Project /usr/local/***/dags/Data_Marketplace does not have {'packages.yml', 'dependencies.yml'}
[2024-08-09T08:07:22.023+0000] {log.py:232} WARNING - [[34m2024-08-09T08:07:22.023+0000[0m] {[34mproject.py:[0m35} INFO[0m - [35m(astronomer-cosmos)[0m - Project /usr/local/***/dags/Data_Marketplace does not have {'packages.yml', 'dependencies.yml'}[0m
[2024-08-09T08:07:22.023+0000] {log.py:232} WARNING - [[34m2024-08-09T08:07:22.023+0000[0m] {[34mproject.py:[0m35} INFO[0m - [35m(astronomer-cosmos)[0m - Project /usr/local/***/dags/Data_Marketplace does not have {'packages.yml', 'dependencies.yml'}[0m
[2024-08-09T08:07:22.023+0000] {project.py:35} INFO - Project /usr/local/***/dags/Data_Marketplace does not have {'packages.yml', 'dependencies.yml'}
[2024-08-09T08:07:22.026+0000] {log.py:232} WARNING - [[34m2024-08-09T08:07:22.024+0000[0m] {[34mproject.py:[0m35} INFO[0m - [35m(astronomer-cosmos)[0m - Project /usr/local/***/dags/Data_Marketplace does not have {'packages.yml', 'dependencies.yml'}[0m
[2024-08-09T08:07:22.027+0000] {log.py:232} WARNING - [[34m2024-08-09T08:07:22.024+0000[0m] {[34mproject.py:[0m35} INFO[0m - [35m(astronomer-cosmos)[0m - Project /usr/local/***/dags/Data_Marketplace does not have {'packages.yml', 'dependencies.yml'}[0m
[2024-08-09T08:07:22.024+0000] {project.py:35} INFO - Project /usr/local/***/dags/Data_Marketplace does not have {'packages.yml', 'dependencies.yml'}
[2024-08-09T08:07:22.029+0000] {log.py:232} WARNING - [[34m2024-08-09T08:07:22.027+0000[0m] {[34mgraph.py:[0m173} WARNING[0m - [35m(astronomer-cosmos)[0m - Unavailable conversion function for <DbtResourceType.SOURCE> (node <source.Data_Marketplace.Raw.City>). Define a converter function using render_config.node_converters.[0m
[2024-08-09T08:07:22.029+0000] {log.py:232} WARNING - [[34m2024-08-09T08:07:22.027+0000[0m] {[34mgraph.py:[0m173} WARNING[0m - [35m(astronomer-cosmos)[0m - Unavailable conversion function for <DbtResourceType.SOURCE> (node <source.Data_Marketplace.Raw.City>). Define a converter function using render_config.node_converters.[0m
[2024-08-09T08:07:22.027+0000] {graph.py:173} WARNING - Unavailable conversion function for <DbtResourceType.SOURCE> (node <source.Data_Marketplace.Raw.City>). Define a converter function using render_config.node_converters.
[2024-08-09T08:07:22.030+0000] {log.py:232} WARNING - [[34m2024-08-09T08:07:22.030+0000[0m] {[34mgraph.py:[0m173} WARNING[0m - [35m(astronomer-cosmos)[0m - Unavailable conversion function for <DbtResourceType.SOURCE> (node <source.Data_Marketplace.Raw.Province>). Define a converter function using render_config.node_converters.[0m
[2024-08-09T08:07:22.030+0000] {log.py:232} WARNING - [[34m2024-08-09T08:07:22.030+0000[0m] {[34mgraph.py:[0m173} WARNING[0m - [35m(astronomer-cosmos)[0m - Unavailable conversion function for <DbtResourceType.SOURCE> (node <source.Data_Marketplace.Raw.Province>). Define a converter function using render_config.node_converters.[0m
[2024-08-09T08:07:22.030+0000] {graph.py:173} WARNING - Unavailable conversion function for <DbtResourceType.SOURCE> (node <source.Data_Marketplace.Raw.Province>). Define a converter function using render_config.node_converters.
[2024-08-09T08:07:22.033+0000] {log.py:232} WARNING - [[34m2024-08-09T08:07:22.033+0000[0m] {[34mgraph.py:[0m173} WARNING[0m - [35m(astronomer-cosmos)[0m - Unavailable conversion function for <DbtResourceType.SOURCE> (node <source.Data_Marketplace.Raw.Weather_Data>). Define a converter function using render_config.node_converters.[0m
[2024-08-09T08:07:22.033+0000] {log.py:232} WARNING - [[34m2024-08-09T08:07:22.033+0000[0m] {[34mgraph.py:[0m173} WARNING[0m - [35m(astronomer-cosmos)[0m - Unavailable conversion function for <DbtResourceType.SOURCE> (node <source.Data_Marketplace.Raw.Weather_Data>). Define a converter function using render_config.node_converters.[0m
[2024-08-09T08:07:22.033+0000] {graph.py:173} WARNING - Unavailable conversion function for <DbtResourceType.SOURCE> (node <source.Data_Marketplace.Raw.Weather_Data>). Define a converter function using render_config.node_converters.
[2024-08-09T08:07:22.039+0000] {log.py:232} WARNING - [[34m2024-08-09T08:07:22.037+0000[0m] {[34mconverter.py:[0m293} INFO[0m - [35m(astronomer-cosmos)[0m - Cosmos performance (dbt_dag) - [ubuntu|266]: It took 0.0752s to build the Airflow DAG.[0m
[2024-08-09T08:07:22.039+0000] {log.py:232} WARNING - [[34m2024-08-09T08:07:22.037+0000[0m] {[34mconverter.py:[0m293} INFO[0m - [35m(astronomer-cosmos)[0m - Cosmos performance (dbt_dag) - [ubuntu|266]: It took 0.0752s to build the Airflow DAG.[0m
[2024-08-09T08:07:22.037+0000] {converter.py:293} INFO - Cosmos performance (dbt_dag) - [ubuntu|266]: It took 0.0752s to build the Airflow DAG.
[2024-08-09T08:07:22.040+0000] {log.py:232} WARNING - [[34m2024-08-09T08:07:22.040+0000[0m] {[34mlocal.py:[0m174} INFO[0m - [35m(astronomer-cosmos)[0m - Could not import dbtRunner. Falling back to subprocess for invoking dbt.[0m
[2024-08-09T08:07:22.040+0000] {log.py:232} WARNING - [[34m2024-08-09T08:07:22.040+0000[0m] {[34mlocal.py:[0m174} INFO[0m - [35m(astronomer-cosmos)[0m - Could not import dbtRunner. Falling back to subprocess for invoking dbt.[0m
[2024-08-09T08:07:22.040+0000] {local.py:174} INFO - Could not import dbtRunner. Falling back to subprocess for invoking dbt.
[2024-08-09T08:07:22.044+0000] {log.py:232} WARNING - [[34m2024-08-09T08:07:22.044+0000[0m] {[34mlocal.py:[0m292} INFO[0m - [35m(astronomer-cosmos)[0m - Cloning project to writable temp directory /tmp/tmpx2g1br8f from /usr/local/***/dags/Data_Marketplace[0m
[2024-08-09T08:07:22.046+0000] {log.py:232} WARNING - [[34m2024-08-09T08:07:22.044+0000[0m] {[34mlocal.py:[0m292} INFO[0m - [35m(astronomer-cosmos)[0m - Cloning project to writable temp directory /tmp/tmpx2g1br8f from /usr/local/***/dags/Data_Marketplace[0m
[2024-08-09T08:07:22.044+0000] {local.py:292} INFO - Cloning project to writable temp directory /tmp/tmpx2g1br8f from /usr/local/airflow/dags/Data_Marketplace
[2024-08-09T08:07:22.051+0000] {log.py:232} WARNING - [[34m2024-08-09T08:07:22.051+0000[0m] {[34mlocal.py:[0m303} INFO[0m - [35m(astronomer-cosmos)[0m - Partial parse is enabled and the latest partial parse file is /tmp/cosmos/dbt_dag/target/partial_parse.msgpack[0m
[2024-08-09T08:07:22.054+0000] {log.py:232} WARNING - [[34m2024-08-09T08:07:22.051+0000[0m] {[34mlocal.py:[0m303} INFO[0m - [35m(astronomer-cosmos)[0m - Partial parse is enabled and the latest partial parse file is /tmp/cosmos/dbt_dag/target/partial_parse.msgpack[0m
[2024-08-09T08:07:22.051+0000] {local.py:303} INFO - Partial parse is enabled and the latest partial parse file is /tmp/cosmos/dbt_dag/target/partial_parse.msgpack
[2024-08-09T08:07:22.081+0000] {log.py:232} WARNING - [[34m2024-08-09T08:07:22.080+0000[0m] {[34mconfig.py:[0m292} INFO[0m - [35m(astronomer-cosmos)[0m - Profile caching is enable.[0m
[2024-08-09T08:07:22.081+0000] {log.py:232} WARNING - [[34m2024-08-09T08:07:22.080+0000[0m] {[34mconfig.py:[0m292} INFO[0m - [35m(astronomer-cosmos)[0m - Profile caching is enable.[0m
[2024-08-09T08:07:22.080+0000] {config.py:292} INFO - Profile caching is enable.
[2024-08-09T08:07:22.121+0000] {base.py:84} INFO - Using connection ID 'snowflake_conn' for task execution.
[2024-08-09T08:07:22.161+0000] {log.py:232} WARNING - [[34m2024-08-09T08:07:22.160+0000[0m] {[34mconfig.py:[0m272} INFO[0m - [35m(astronomer-cosmos)[0m - Profile found in cache using profile: /tmp/cosmos/profile/ec71862f850e9b0839075fe0561d5062ab3dd99ef2a3dac2fe4fc1486f2849d0/profiles.yml.[0m
[2024-08-09T08:07:22.161+0000] {log.py:232} WARNING - [[34m2024-08-09T08:07:22.160+0000[0m] {[34mconfig.py:[0m272} INFO[0m - [35m(astronomer-cosmos)[0m - Profile found in cache using profile: /tmp/cosmos/profile/ec71862f850e9b0839075fe0561d5062ab3dd99ef2a3dac2fe4fc1486f2849d0/profiles.yml.[0m
[2024-08-09T08:07:22.160+0000] {config.py:272} INFO - Profile found in cache using profile: /tmp/cosmos/profile/ec71862f850e9b0839075fe0561d5062ab3dd99ef2a3dac2fe4fc1486f2849d0/profiles.yml.
[2024-08-09T08:07:22.168+0000] {log.py:232} WARNING - [[34m2024-08-09T08:07:22.164+0000[0m] {[34mlocal.py:[0m247} INFO[0m - [35m(astronomer-cosmos)[0m - Trying to run the command:
 ['/opt/***/dbt_venv/bin/dbt', 'run', '--models', 'dim_city', '--project-dir', '/tmp/tmpx2g1br8f', '--profiles-dir', '/tmp/cosmos/profile/ec71862f850e9b0839075fe0561d5062ab3dd99ef2a3dac2fe4fc1486f2849d0', '--profile', 'Data_Marketplace', '--target', 'dev']
From /tmp/tmpx2g1br8f[0m
[2024-08-09T08:07:22.169+0000] {log.py:232} WARNING - [[34m2024-08-09T08:07:22.164+0000[0m] {[34mlocal.py:[0m247} INFO[0m - [35m(astronomer-cosmos)[0m - Trying to run the command:
 ['/opt/***/dbt_venv/bin/dbt', 'run', '--models', 'dim_city', '--project-dir', '/tmp/tmpx2g1br8f', '--profiles-dir', '/tmp/cosmos/profile/ec71862f850e9b0839075fe0561d5062ab3dd99ef2a3dac2fe4fc1486f2849d0', '--profile', 'Data_Marketplace', '--target', 'dev']
From /tmp/tmpx2g1br8f[0m
[2024-08-09T08:07:22.164+0000] {local.py:247} INFO - Trying to run the command:
 ['/opt/***/dbt_venv/bin/dbt', 'run', '--models', 'dim_city', '--project-dir', '/tmp/tmpx2g1br8f', '--profiles-dir', '/tmp/cosmos/profile/ec71862f850e9b0839075fe0561d5062ab3dd99ef2a3dac2fe4fc1486f2849d0', '--profile', 'Data_Marketplace', '--target', 'dev']
From /tmp/tmpx2g1br8f
[2024-08-09T08:07:22.177+0000] {log.py:232} WARNING - [[34m2024-08-09T08:07:22.176+0000[0m] {[34msubprocess.py:[0m60} INFO[0m - [35m(astronomer-cosmos)[0m - Tmp dir root location: 
 /tmp[0m
[2024-08-09T08:07:22.177+0000] {log.py:232} WARNING - [[34m2024-08-09T08:07:22.176+0000[0m] {[34msubprocess.py:[0m60} INFO[0m - [35m(astronomer-cosmos)[0m - Tmp dir root location: 
 /tmp[0m
[2024-08-09T08:07:22.176+0000] {subprocess.py:60} INFO - Tmp dir root location: 
 /tmp
[2024-08-09T08:07:22.184+0000] {log.py:232} WARNING - [[34m2024-08-09T08:07:22.184+0000[0m] {[34msubprocess.py:[0m73} INFO[0m - [35m(astronomer-cosmos)[0m - Running command: ['/opt/***/dbt_venv/bin/dbt', 'run', '--models', 'dim_city', '--project-dir', '/tmp/tmpx2g1br8f', '--profiles-dir', '/tmp/cosmos/profile/ec71862f850e9b0839075fe0561d5062ab3dd99ef2a3dac2fe4fc1486f2849d0', '--profile', 'Data_Marketplace', '--target', 'dev'][0m
[2024-08-09T08:07:22.187+0000] {log.py:232} WARNING - [[34m2024-08-09T08:07:22.184+0000[0m] {[34msubprocess.py:[0m73} INFO[0m - [35m(astronomer-cosmos)[0m - Running command: ['/opt/***/dbt_venv/bin/dbt', 'run', '--models', 'dim_city', '--project-dir', '/tmp/tmpx2g1br8f', '--profiles-dir', '/tmp/cosmos/profile/ec71862f850e9b0839075fe0561d5062ab3dd99ef2a3dac2fe4fc1486f2849d0', '--profile', 'Data_Marketplace', '--target', 'dev'][0m
[2024-08-09T08:07:22.184+0000] {subprocess.py:73} INFO - Running command: ['/opt/***/dbt_venv/bin/dbt', 'run', '--models', 'dim_city', '--project-dir', '/tmp/tmpx2g1br8f', '--profiles-dir', '/tmp/cosmos/profile/ec71862f850e9b0839075fe0561d5062ab3dd99ef2a3dac2fe4fc1486f2849d0', '--profile', 'Data_Marketplace', '--target', 'dev']
[2024-08-09T08:07:22.243+0000] {log.py:232} WARNING - [[34m2024-08-09T08:07:22.242+0000[0m] {[34msubprocess.py:[0m84} INFO[0m - [35m(astronomer-cosmos)[0m - Command output:[0m
[2024-08-09T08:07:22.243+0000] {log.py:232} WARNING - [[34m2024-08-09T08:07:22.242+0000[0m] {[34msubprocess.py:[0m84} INFO[0m - [35m(astronomer-cosmos)[0m - Command output:[0m
[2024-08-09T08:07:22.242+0000] {subprocess.py:84} INFO - Command output:
[2024-08-09T08:07:36.800+0000] {log.py:232} WARNING - [[34m2024-08-09T08:07:36.800+0000[0m] {[34msubprocess.py:[0m94} INFO[0m - [35m(astronomer-cosmos)[0m - [0m08:07:36  Running with dbt=1.8.5[0m
[2024-08-09T08:07:36.801+0000] {log.py:232} WARNING - [[34m2024-08-09T08:07:36.800+0000[0m] {[34msubprocess.py:[0m94} INFO[0m - [35m(astronomer-cosmos)[0m - [0m08:07:36  Running with dbt=1.8.5[0m
[2024-08-09T08:07:36.800+0000] {subprocess.py:94} INFO - [0m08:07:36  Running with dbt=1.8.5
[2024-08-09T08:07:40.415+0000] {log.py:232} WARNING - [[34m2024-08-09T08:07:40.415+0000[0m] {[34msubprocess.py:[0m94} INFO[0m - [35m(astronomer-cosmos)[0m - [0m08:07:40  Registered adapter: snowflake=1.8.3[0m
[2024-08-09T08:07:40.416+0000] {log.py:232} WARNING - [[34m2024-08-09T08:07:40.415+0000[0m] {[34msubprocess.py:[0m94} INFO[0m - [35m(astronomer-cosmos)[0m - [0m08:07:40  Registered adapter: snowflake=1.8.3[0m
[2024-08-09T08:07:40.415+0000] {subprocess.py:94} INFO - [0m08:07:40  Registered adapter: snowflake=1.8.3
[2024-08-09T08:07:43.106+0000] {log.py:232} WARNING - [[34m2024-08-09T08:07:43.106+0000[0m] {[34msubprocess.py:[0m94} INFO[0m - [35m(astronomer-cosmos)[0m - [0m08:07:43  Found 9 models, 2 snapshots, 3 seeds, 2 data tests, 3 sources, 448 macros[0m
[2024-08-09T08:07:43.107+0000] {log.py:232} WARNING - [[34m2024-08-09T08:07:43.106+0000[0m] {[34msubprocess.py:[0m94} INFO[0m - [35m(astronomer-cosmos)[0m - [0m08:07:43  Found 9 models, 2 snapshots, 3 seeds, 2 data tests, 3 sources, 448 macros[0m
[2024-08-09T08:07:43.106+0000] {subprocess.py:94} INFO - [0m08:07:43  Found 9 models, 2 snapshots, 3 seeds, 2 data tests, 3 sources, 448 macros
[2024-08-09T08:07:43.119+0000] {log.py:232} WARNING - [[34m2024-08-09T08:07:43.119+0000[0m] {[34msubprocess.py:[0m94} INFO[0m - [35m(astronomer-cosmos)[0m - [0m08:07:43[0m
[2024-08-09T08:07:43.119+0000] {log.py:232} WARNING - [[34m2024-08-09T08:07:43.119+0000[0m] {[34msubprocess.py:[0m94} INFO[0m - [35m(astronomer-cosmos)[0m - [0m08:07:43[0m
[2024-08-09T08:07:43.119+0000] {subprocess.py:94} INFO - [0m08:07:43
[2024-08-09T08:07:47.444+0000] {log.py:232} WARNING - [[34m2024-08-09T08:07:47.444+0000[0m] {[34msubprocess.py:[0m94} INFO[0m - [35m(astronomer-cosmos)[0m - [0m08:07:47  Concurrency: 1 threads (target='dev')[0m
[2024-08-09T08:07:47.445+0000] {log.py:232} WARNING - [[34m2024-08-09T08:07:47.444+0000[0m] {[34msubprocess.py:[0m94} INFO[0m - [35m(astronomer-cosmos)[0m - [0m08:07:47  Concurrency: 1 threads (target='dev')[0m
[2024-08-09T08:07:47.444+0000] {subprocess.py:94} INFO - [0m08:07:47  Concurrency: 1 threads (target='dev')
[2024-08-09T08:07:47.445+0000] {log.py:232} WARNING - [[34m2024-08-09T08:07:47.445+0000[0m] {[34msubprocess.py:[0m94} INFO[0m - [35m(astronomer-cosmos)[0m - [0m08:07:47[0m
[2024-08-09T08:07:47.454+0000] {log.py:232} WARNING - [[34m2024-08-09T08:07:47.445+0000[0m] {[34msubprocess.py:[0m94} INFO[0m - [35m(astronomer-cosmos)[0m - [0m08:07:47[0m
[2024-08-09T08:07:47.445+0000] {subprocess.py:94} INFO - [0m08:07:47
[2024-08-09T08:07:47.517+0000] {log.py:232} WARNING - [[34m2024-08-09T08:07:47.517+0000[0m] {[34msubprocess.py:[0m94} INFO[0m - [35m(astronomer-cosmos)[0m - [0m08:07:47  1 of 1 START sql view model DWH.dim_city ....................................... [RUN][0m
[2024-08-09T08:07:47.518+0000] {log.py:232} WARNING - [[34m2024-08-09T08:07:47.517+0000[0m] {[34msubprocess.py:[0m94} INFO[0m - [35m(astronomer-cosmos)[0m - [0m08:07:47  1 of 1 START sql view model DWH.dim_city ....................................... [RUN][0m
[2024-08-09T08:07:47.517+0000] {subprocess.py:94} INFO - [0m08:07:47  1 of 1 START sql view model DWH.dim_city ....................................... [RUN]
[2024-08-09T08:07:49.910+0000] {log.py:232} WARNING - [[34m2024-08-09T08:07:49.910+0000[0m] {[34msubprocess.py:[0m94} INFO[0m - [35m(astronomer-cosmos)[0m - [0m08:07:49  1 of 1 OK created sql view model DWH.dim_city .................................. [[32mSUCCESS 1[0m in 2.37s][0m
[2024-08-09T08:07:49.911+0000] {log.py:232} WARNING - [[34m2024-08-09T08:07:49.910+0000[0m] {[34msubprocess.py:[0m94} INFO[0m - [35m(astronomer-cosmos)[0m - [0m08:07:49  1 of 1 OK created sql view model DWH.dim_city .................................. [[32mSUCCESS 1[0m in 2.37s][0m
[2024-08-09T08:07:49.910+0000] {subprocess.py:94} INFO - [0m08:07:49  1 of 1 OK created sql view model DWH.dim_city .................................. [[32mSUCCESS 1[0m in 2.37s]
[2024-08-09T08:07:49.924+0000] {log.py:232} WARNING - [[34m2024-08-09T08:07:49.924+0000[0m] {[34msubprocess.py:[0m94} INFO[0m - [35m(astronomer-cosmos)[0m - [0m08:07:49[0m
[2024-08-09T08:07:49.924+0000] {log.py:232} WARNING - [[34m2024-08-09T08:07:49.924+0000[0m] {[34msubprocess.py:[0m94} INFO[0m - [35m(astronomer-cosmos)[0m - [0m08:07:49[0m
[2024-08-09T08:07:49.924+0000] {subprocess.py:94} INFO - [0m08:07:49
[2024-08-09T08:07:49.925+0000] {log.py:232} WARNING - [[34m2024-08-09T08:07:49.925+0000[0m] {[34msubprocess.py:[0m94} INFO[0m - [35m(astronomer-cosmos)[0m - [0m08:07:49  Finished running 1 view model in 0 hours 0 minutes and 6.79 seconds (6.79s).[0m
[2024-08-09T08:07:49.934+0000] {log.py:232} WARNING - [[34m2024-08-09T08:07:49.925+0000[0m] {[34msubprocess.py:[0m94} INFO[0m - [35m(astronomer-cosmos)[0m - [0m08:07:49  Finished running 1 view model in 0 hours 0 minutes and 6.79 seconds (6.79s).[0m
[2024-08-09T08:07:49.925+0000] {subprocess.py:94} INFO - [0m08:07:49  Finished running 1 view model in 0 hours 0 minutes and 6.79 seconds (6.79s).
[2024-08-09T08:07:50.126+0000] {log.py:232} WARNING - [[34m2024-08-09T08:07:50.126+0000[0m] {[34msubprocess.py:[0m94} INFO[0m - [35m(astronomer-cosmos)[0m - [0m08:07:50[0m
[2024-08-09T08:07:50.127+0000] {log.py:232} WARNING - [[34m2024-08-09T08:07:50.126+0000[0m] {[34msubprocess.py:[0m94} INFO[0m - [35m(astronomer-cosmos)[0m - [0m08:07:50[0m
[2024-08-09T08:07:50.126+0000] {subprocess.py:94} INFO - [0m08:07:50
[2024-08-09T08:07:50.141+0000] {log.py:232} WARNING - [[34m2024-08-09T08:07:50.141+0000[0m] {[34msubprocess.py:[0m94} INFO[0m - [35m(astronomer-cosmos)[0m - [0m08:07:50  [32mCompleted successfully[0m[0m
[2024-08-09T08:07:50.141+0000] {log.py:232} WARNING - [[34m2024-08-09T08:07:50.141+0000[0m] {[34msubprocess.py:[0m94} INFO[0m - [35m(astronomer-cosmos)[0m - [0m08:07:50  [32mCompleted successfully[0m[0m
[2024-08-09T08:07:50.141+0000] {subprocess.py:94} INFO - [0m08:07:50  [32mCompleted successfully[0m
[2024-08-09T08:07:50.173+0000] {log.py:232} WARNING - [[34m2024-08-09T08:07:50.142+0000[0m] {[34msubprocess.py:[0m94} INFO[0m - [35m(astronomer-cosmos)[0m - [0m08:07:50[0m
[2024-08-09T08:07:50.173+0000] {log.py:232} WARNING - [[34m2024-08-09T08:07:50.142+0000[0m] {[34msubprocess.py:[0m94} INFO[0m - [35m(astronomer-cosmos)[0m - [0m08:07:50[0m
[2024-08-09T08:07:50.142+0000] {subprocess.py:94} INFO - [0m08:07:50
[2024-08-09T08:07:50.174+0000] {log.py:232} WARNING - [[34m2024-08-09T08:07:50.174+0000[0m] {[34msubprocess.py:[0m94} INFO[0m - [35m(astronomer-cosmos)[0m - [0m08:07:50  Done. PASS=1 WARN=0 ERROR=0 SKIP=0 TOTAL=1[0m
[2024-08-09T08:07:50.174+0000] {log.py:232} WARNING - [[34m2024-08-09T08:07:50.174+0000[0m] {[34msubprocess.py:[0m94} INFO[0m - [35m(astronomer-cosmos)[0m - [0m08:07:50  Done. PASS=1 WARN=0 ERROR=0 SKIP=0 TOTAL=1[0m
[2024-08-09T08:07:50.174+0000] {subprocess.py:94} INFO - [0m08:07:50  Done. PASS=1 WARN=0 ERROR=0 SKIP=0 TOTAL=1
[2024-08-09T08:07:52.756+0000] {log.py:232} WARNING - [[34m2024-08-09T08:07:52.756+0000[0m] {[34msubprocess.py:[0m98} INFO[0m - [35m(astronomer-cosmos)[0m - Command exited with return code 0[0m
[2024-08-09T08:07:52.759+0000] {log.py:232} WARNING - [[34m2024-08-09T08:07:52.756+0000[0m] {[34msubprocess.py:[0m98} INFO[0m - [35m(astronomer-cosmos)[0m - Command exited with return code 0[0m
[2024-08-09T08:07:52.756+0000] {subprocess.py:98} INFO - Command exited with return code 0
[2024-08-09T08:07:52.759+0000] {log.py:232} WARNING - [[34m2024-08-09T08:07:52.759+0000[0m] {[34mlocal.py:[0m254} INFO[0m - [35m(astronomer-cosmos)[0m - [0m08:07:50  Done. PASS=1 WARN=0 ERROR=0 SKIP=0 TOTAL=1[0m
[2024-08-09T08:07:52.766+0000] {log.py:232} WARNING - [[34m2024-08-09T08:07:52.759+0000[0m] {[34mlocal.py:[0m254} INFO[0m - [35m(astronomer-cosmos)[0m - [0m08:07:50  Done. PASS=1 WARN=0 ERROR=0 SKIP=0 TOTAL=1[0m
[2024-08-09T08:07:52.759+0000] {local.py:254} INFO - [0m08:07:50  Done. PASS=1 WARN=0 ERROR=0 SKIP=0 TOTAL=1
[2024-08-09T08:07:52.840+0000] {local.py:196} WARNING - Artifact schema version: https://schemas.getdbt.com/dbt/manifest/v12.json is above dbt-ol supported version 7. This might cause errors.
[2024-08-09T08:07:52.840+0000] {local.py:196} WARNING - Artifact schema version: https://schemas.getdbt.com/dbt/run-results/v6.json is above dbt-ol supported version 5. This might cause errors.
[2024-08-09T08:07:52.896+0000] {log.py:232} WARNING - [[34m2024-08-09T08:07:52.895+0000[0m] {[34mlocal.py:[0m349} INFO[0m - [35m(astronomer-cosmos)[0m - Inlets: [Dataset(uri='snowflake://uz36730.ap-southeast-1.aws/POC_DATA_MARKETPLACE.DWH.stg_city', extra=None)][0m
[2024-08-09T08:07:52.896+0000] {log.py:232} WARNING - [[34m2024-08-09T08:07:52.895+0000[0m] {[34mlocal.py:[0m349} INFO[0m - [35m(astronomer-cosmos)[0m - Inlets: [Dataset(uri='snowflake://uz36730.ap-southeast-1.aws/POC_DATA_MARKETPLACE.DWH.stg_city', extra=None)][0m
[2024-08-09T08:07:52.895+0000] {local.py:349} INFO - Inlets: [Dataset(uri='snowflake://uz36730.ap-southeast-1.aws/POC_DATA_MARKETPLACE.DWH.stg_city', extra=None)]
[2024-08-09T08:07:52.901+0000] {log.py:232} WARNING - [[34m2024-08-09T08:07:52.901+0000[0m] {[34mlocal.py:[0m350} INFO[0m - [35m(astronomer-cosmos)[0m - Outlets: [Dataset(uri='snowflake://uz36730.ap-southeast-1.aws/POC_DATA_MARKETPLACE.DWH.dim_city', extra=None)][0m
[2024-08-09T08:07:52.901+0000] {log.py:232} WARNING - [[34m2024-08-09T08:07:52.901+0000[0m] {[34mlocal.py:[0m350} INFO[0m - [35m(astronomer-cosmos)[0m - Outlets: [Dataset(uri='snowflake://uz36730.ap-southeast-1.aws/POC_DATA_MARKETPLACE.DWH.dim_city', extra=None)][0m
[2024-08-09T08:07:52.901+0000] {local.py:350} INFO - Outlets: [Dataset(uri='snowflake://uz36730.ap-southeast-1.aws/POC_DATA_MARKETPLACE.DWH.dim_city', extra=None)]
[2024-08-09T08:07:52.902+0000] {dag.py:3096} INFO - Sync 1 DAGs
[2024-08-09T08:07:53.025+0000] {dag.py:3954} INFO - Setting next_dagrun for dbt_dag to 2024-08-09 00:00:00+00:00, run_after=2024-08-10 00:00:00+00:00
[2024-08-09T08:07:53.137+0000] {taskinstance.py:441} INFO - ::group::Post task execution logs
[2024-08-09T08:07:53.248+0000] {taskinstance.py:1206} INFO - Marking task as SUCCESS. dag_id=dbt_dag, task_id=dim_city_run, run_id=manual__2024-08-09T08:00:42.008960+00:00, execution_date=20240809T080042, start_date=20240809T080721, end_date=20240809T080753
[2024-08-09T08:07:53.382+0000] {local_task_job_runner.py:240} INFO - Task exited with return code 0
[2024-08-09T08:07:53.455+0000] {taskinstance.py:3503} INFO - 1 downstream tasks scheduled from follow-on schedule check
[2024-08-09T08:07:53.462+0000] {local_task_job_runner.py:222} INFO - ::endgroup::
