[2024-08-16T09:16:53.693+0000] {local_task_job_runner.py:120} INFO - ::group::Pre task execution logs
[2024-08-16T09:16:53.872+0000] {taskinstance.py:2076} INFO - Dependencies all met for dep_context=non-requeueable deps ti=<TaskInstance: Weather_Data_Extraction.check_inserted backfill__2024-08-14T00:00:00+00:00 [queued]>
[2024-08-16T09:16:53.880+0000] {taskinstance.py:2076} INFO - Dependencies all met for dep_context=requeueable deps ti=<TaskInstance: Weather_Data_Extraction.check_inserted backfill__2024-08-14T00:00:00+00:00 [queued]>
[2024-08-16T09:16:53.881+0000] {taskinstance.py:2306} INFO - Starting attempt 1 of 1
[2024-08-16T09:16:53.897+0000] {taskinstance.py:2330} INFO - Executing <Task(BranchPythonOperator): check_inserted> on 2024-08-14 00:00:00+00:00
[2024-08-16T09:16:53.904+0000] {warnings.py:112} WARNING - /home/***/.local/lib/python3.12/site-packages/***/task/task_runner/standard_task_runner.py:61: DeprecationWarning: This process (pid=1058) is multi-threaded, use of fork() may lead to deadlocks in the child.
  pid = os.fork()

[2024-08-16T09:16:53.906+0000] {standard_task_runner.py:63} INFO - Started process 1062 to run task
[2024-08-16T09:16:53.906+0000] {standard_task_runner.py:90} INFO - Running: ['***', 'tasks', 'run', 'Weather_Data_Extraction', 'check_inserted', 'backfill__2024-08-14T00:00:00+00:00', '--job-id', '1154', '--pool', 'default_pool', '--raw', '--subdir', 'DAGS_FOLDER/Data_Weather_Extraction.py', '--cfg-path', '/tmp/tmpfkueq_eh']
[2024-08-16T09:16:53.909+0000] {standard_task_runner.py:91} INFO - Job 1154: Subtask check_inserted
[2024-08-16T09:16:53.958+0000] {task_command.py:426} INFO - Running <TaskInstance: Weather_Data_Extraction.check_inserted backfill__2024-08-14T00:00:00+00:00 [running]> on host ubuntu
[2024-08-16T09:16:54.052+0000] {taskinstance.py:2648} INFO - Exporting env vars: AIRFLOW_CTX_DAG_OWNER='Ducky' AIRFLOW_CTX_DAG_ID='Weather_Data_Extraction' AIRFLOW_CTX_TASK_ID='check_inserted' AIRFLOW_CTX_EXECUTION_DATE='2024-08-14T00:00:00+00:00' AIRFLOW_CTX_TRY_NUMBER='1' AIRFLOW_CTX_DAG_RUN_ID='backfill__2024-08-14T00:00:00+00:00'
[2024-08-16T09:16:54.054+0000] {taskinstance.py:430} INFO - ::endgroup::
[2024-08-16T09:16:54.066+0000] {baseoperator.py:400} WARNING - BranchPythonOperator.execute cannot be called outside TaskInstance!
[2024-08-16T09:16:54.068+0000] {logging_mixin.py:188} INFO - 2024-08-14
[2024-08-16T09:16:54.068+0000] {logging_mixin.py:188} INFO - <class 'pendulum.date.Date'>
[2024-08-16T09:16:54.081+0000] {base.py:84} INFO - Using connection ID 'snowflake_conn_raw' for task execution.
[2024-08-16T09:16:54.083+0000] {connection.py:399} INFO - Snowflake Connector for Python Version: 3.10.1, Python Version: 3.12.4, Platform: Linux-5.15.153.1-microsoft-standard-WSL2-x86_64-with-glibc2.36
[2024-08-16T09:16:54.084+0000] {connection.py:1239} INFO - This connection is in OCSP Fail Open Mode. TLS Certificates would be checked for validity and revocation status. Any other Certificate Revocation related exceptions or OCSP Responder failures would be disregarded in favor of connectivity.
[2024-08-16T09:16:54.897+0000] {logging_mixin.py:188} INFO - Connected Successfully!
[2024-08-16T09:16:54.898+0000] {logging_mixin.py:188} INFO - 
        SELECT MAX(INPUT_DATE) FROM RAW_WEATHER_DATA;
    
[2024-08-16T09:16:55.032+0000] {cursor.py:1149} INFO - Number of results in first chunk: 1
[2024-08-16T09:16:55.035+0000] {logging_mixin.py:188} INFO - 2024-08-12
[2024-08-16T09:16:55.035+0000] {logging_mixin.py:188} INFO - <class 'pendulum.date.Date'>
[2024-08-16T09:16:55.036+0000] {connection.py:762} INFO - closed
[2024-08-16T09:16:55.135+0000] {connection.py:768} INFO - No async queries seem to be running, deleting session
[2024-08-16T09:16:55.235+0000] {logging_mixin.py:188} INFO - invoke_lambda_task task will execute
[2024-08-16T09:16:55.236+0000] {python.py:237} INFO - Done. Returned value was: invoke_lambda_task
[2024-08-16T09:16:55.236+0000] {branch.py:36} INFO - Branch into invoke_lambda_task
[2024-08-16T09:16:55.237+0000] {skipmixin.py:178} INFO - Following branch invoke_lambda_task
[2024-08-16T09:16:55.253+0000] {skipmixin.py:246} INFO - Skipping tasks [('no_new_data', -1)]
[2024-08-16T09:16:55.280+0000] {taskinstance.py:441} INFO - ::group::Post task execution logs
[2024-08-16T09:16:55.303+0000] {taskinstance.py:1206} INFO - Marking task as SUCCESS. dag_id=Weather_Data_Extraction, task_id=check_inserted, run_id=backfill__2024-08-14T00:00:00+00:00, execution_date=20240814T000000, start_date=20240816T091653, end_date=20240816T091655
[2024-08-16T09:16:55.365+0000] {local_task_job_runner.py:240} INFO - Task exited with return code 0
[2024-08-16T09:16:55.410+0000] {taskinstance.py:3503} INFO - 1 downstream tasks scheduled from follow-on schedule check
[2024-08-16T09:16:55.413+0000] {local_task_job_runner.py:222} INFO - ::endgroup::
[2024-08-16T09:47:51.709+0000] {local_task_job_runner.py:120} INFO - ::group::Pre task execution logs
[2024-08-16T09:47:51.881+0000] {taskinstance.py:2076} INFO - Dependencies all met for dep_context=non-requeueable deps ti=<TaskInstance: Weather_Data_Extraction.check_inserted backfill__2024-08-14T00:00:00+00:00 [queued]>
[2024-08-16T09:47:51.888+0000] {taskinstance.py:2076} INFO - Dependencies all met for dep_context=requeueable deps ti=<TaskInstance: Weather_Data_Extraction.check_inserted backfill__2024-08-14T00:00:00+00:00 [queued]>
[2024-08-16T09:47:51.889+0000] {taskinstance.py:2306} INFO - Starting attempt 1 of 1
[2024-08-16T09:47:51.907+0000] {taskinstance.py:2330} INFO - Executing <Task(BranchPythonOperator): check_inserted> on 2024-08-14 00:00:00+00:00
[2024-08-16T09:47:51.914+0000] {warnings.py:112} WARNING - /home/***/.local/lib/python3.12/site-packages/***/task/task_runner/standard_task_runner.py:61: DeprecationWarning: This process (pid=1677) is multi-threaded, use of fork() may lead to deadlocks in the child.
  pid = os.fork()

[2024-08-16T09:47:51.916+0000] {standard_task_runner.py:63} INFO - Started process 1682 to run task
[2024-08-16T09:47:51.917+0000] {standard_task_runner.py:90} INFO - Running: ['***', 'tasks', 'run', 'Weather_Data_Extraction', 'check_inserted', 'backfill__2024-08-14T00:00:00+00:00', '--job-id', '1197', '--pool', 'default_pool', '--raw', '--subdir', 'DAGS_FOLDER/Data_Weather_Extraction.py', '--cfg-path', '/tmp/tmpdire3a2a']
[2024-08-16T09:47:51.920+0000] {standard_task_runner.py:91} INFO - Job 1197: Subtask check_inserted
[2024-08-16T09:47:51.967+0000] {task_command.py:426} INFO - Running <TaskInstance: Weather_Data_Extraction.check_inserted backfill__2024-08-14T00:00:00+00:00 [running]> on host ubuntu
[2024-08-16T09:47:52.063+0000] {taskinstance.py:2648} INFO - Exporting env vars: AIRFLOW_CTX_DAG_OWNER='Ducky' AIRFLOW_CTX_DAG_ID='Weather_Data_Extraction' AIRFLOW_CTX_TASK_ID='check_inserted' AIRFLOW_CTX_EXECUTION_DATE='2024-08-14T00:00:00+00:00' AIRFLOW_CTX_TRY_NUMBER='1' AIRFLOW_CTX_DAG_RUN_ID='backfill__2024-08-14T00:00:00+00:00'
[2024-08-16T09:47:52.065+0000] {taskinstance.py:430} INFO - ::endgroup::
[2024-08-16T09:47:52.080+0000] {baseoperator.py:400} WARNING - BranchPythonOperator.execute cannot be called outside TaskInstance!
[2024-08-16T09:47:52.082+0000] {logging_mixin.py:188} INFO - 2024-08-14
[2024-08-16T09:47:52.082+0000] {logging_mixin.py:188} INFO - <class 'pendulum.date.Date'>
[2024-08-16T09:47:52.095+0000] {base.py:84} INFO - Using connection ID 'snowflake_conn_raw' for task execution.
[2024-08-16T09:47:52.097+0000] {connection.py:399} INFO - Snowflake Connector for Python Version: 3.10.1, Python Version: 3.12.4, Platform: Linux-5.15.153.1-microsoft-standard-WSL2-x86_64-with-glibc2.36
[2024-08-16T09:47:52.099+0000] {connection.py:1239} INFO - This connection is in OCSP Fail Open Mode. TLS Certificates would be checked for validity and revocation status. Any other Certificate Revocation related exceptions or OCSP Responder failures would be disregarded in favor of connectivity.
[2024-08-16T09:47:53.308+0000] {logging_mixin.py:188} INFO - Connected Successfully!
[2024-08-16T09:47:53.309+0000] {logging_mixin.py:188} INFO - 
        SELECT MAX(INPUT_DATE) FROM RAW_WEATHER_DATA;
    
[2024-08-16T09:47:53.522+0000] {cursor.py:1149} INFO - Number of results in first chunk: 1
[2024-08-16T09:47:53.525+0000] {logging_mixin.py:188} INFO - 2024-08-13
[2024-08-16T09:47:53.526+0000] {logging_mixin.py:188} INFO - <class 'pendulum.date.Date'>
[2024-08-16T09:47:53.528+0000] {connection.py:762} INFO - closed
[2024-08-16T09:47:53.675+0000] {connection.py:768} INFO - No async queries seem to be running, deleting session
[2024-08-16T09:47:53.843+0000] {logging_mixin.py:188} INFO - invoke_lambda_task task will execute
[2024-08-16T09:47:53.844+0000] {python.py:237} INFO - Done. Returned value was: invoke_lambda_task
[2024-08-16T09:47:53.844+0000] {branch.py:36} INFO - Branch into invoke_lambda_task
[2024-08-16T09:47:53.845+0000] {skipmixin.py:178} INFO - Following branch invoke_lambda_task
[2024-08-16T09:47:53.860+0000] {skipmixin.py:246} INFO - Skipping tasks [('no_new_data', -1)]
[2024-08-16T09:47:53.889+0000] {taskinstance.py:441} INFO - ::group::Post task execution logs
[2024-08-16T09:47:53.913+0000] {taskinstance.py:1206} INFO - Marking task as SUCCESS. dag_id=Weather_Data_Extraction, task_id=check_inserted, run_id=backfill__2024-08-14T00:00:00+00:00, execution_date=20240814T000000, start_date=20240816T094751, end_date=20240816T094753
[2024-08-16T09:47:53.940+0000] {local_task_job_runner.py:240} INFO - Task exited with return code 0
[2024-08-16T09:47:53.984+0000] {taskinstance.py:3503} INFO - 1 downstream tasks scheduled from follow-on schedule check
[2024-08-16T09:47:53.992+0000] {local_task_job_runner.py:222} INFO - ::endgroup::
[2024-08-16T10:00:30.631+0000] {local_task_job_runner.py:120} INFO - ::group::Pre task execution logs
[2024-08-16T10:00:30.787+0000] {taskinstance.py:2076} INFO - Dependencies all met for dep_context=non-requeueable deps ti=<TaskInstance: Weather_Data_Extraction.check_inserted backfill__2024-08-14T00:00:00+00:00 [queued]>
[2024-08-16T10:00:30.796+0000] {taskinstance.py:2076} INFO - Dependencies all met for dep_context=requeueable deps ti=<TaskInstance: Weather_Data_Extraction.check_inserted backfill__2024-08-14T00:00:00+00:00 [queued]>
[2024-08-16T10:00:30.796+0000] {taskinstance.py:2306} INFO - Starting attempt 1 of 1
[2024-08-16T10:00:30.811+0000] {taskinstance.py:2330} INFO - Executing <Task(BranchPythonOperator): check_inserted> on 2024-08-14 00:00:00+00:00
[2024-08-16T10:00:30.818+0000] {warnings.py:112} WARNING - /home/***/.local/lib/python3.12/site-packages/***/task/task_runner/standard_task_runner.py:61: DeprecationWarning: This process (pid=1998) is multi-threaded, use of fork() may lead to deadlocks in the child.
  pid = os.fork()

[2024-08-16T10:00:30.820+0000] {standard_task_runner.py:63} INFO - Started process 2000 to run task
[2024-08-16T10:00:30.820+0000] {standard_task_runner.py:90} INFO - Running: ['***', 'tasks', 'run', 'Weather_Data_Extraction', 'check_inserted', 'backfill__2024-08-14T00:00:00+00:00', '--job-id', '1227', '--pool', 'default_pool', '--raw', '--subdir', 'DAGS_FOLDER/Data_Weather_Extraction.py', '--cfg-path', '/tmp/tmp_dh1s2h0']
[2024-08-16T10:00:30.823+0000] {standard_task_runner.py:91} INFO - Job 1227: Subtask check_inserted
[2024-08-16T10:00:30.874+0000] {task_command.py:426} INFO - Running <TaskInstance: Weather_Data_Extraction.check_inserted backfill__2024-08-14T00:00:00+00:00 [running]> on host ubuntu
[2024-08-16T10:00:31.023+0000] {taskinstance.py:2648} INFO - Exporting env vars: AIRFLOW_CTX_DAG_OWNER='Ducky' AIRFLOW_CTX_DAG_ID='Weather_Data_Extraction' AIRFLOW_CTX_TASK_ID='check_inserted' AIRFLOW_CTX_EXECUTION_DATE='2024-08-14T00:00:00+00:00' AIRFLOW_CTX_TRY_NUMBER='1' AIRFLOW_CTX_DAG_RUN_ID='backfill__2024-08-14T00:00:00+00:00'
[2024-08-16T10:00:31.028+0000] {taskinstance.py:430} INFO - ::endgroup::
[2024-08-16T10:00:31.062+0000] {baseoperator.py:400} WARNING - BranchPythonOperator.execute cannot be called outside TaskInstance!
[2024-08-16T10:00:31.065+0000] {logging_mixin.py:188} INFO - 2024-08-14
[2024-08-16T10:00:31.067+0000] {logging_mixin.py:188} INFO - <class 'pendulum.date.Date'>
[2024-08-16T10:00:31.097+0000] {base.py:84} INFO - Using connection ID 'snowflake_conn_raw' for task execution.
[2024-08-16T10:00:31.101+0000] {connection.py:399} INFO - Snowflake Connector for Python Version: 3.10.1, Python Version: 3.12.4, Platform: Linux-5.15.153.1-microsoft-standard-WSL2-x86_64-with-glibc2.36
[2024-08-16T10:00:31.104+0000] {connection.py:1239} INFO - This connection is in OCSP Fail Open Mode. TLS Certificates would be checked for validity and revocation status. Any other Certificate Revocation related exceptions or OCSP Responder failures would be disregarded in favor of connectivity.
[2024-08-16T10:00:32.587+0000] {logging_mixin.py:188} INFO - Connected Successfully!
[2024-08-16T10:00:32.589+0000] {logging_mixin.py:188} INFO - 
        SELECT MAX(INPUT_DATE) FROM RAW_WEATHER_DATA;
    
[2024-08-16T10:00:32.729+0000] {cursor.py:1149} INFO - Number of results in first chunk: 1
[2024-08-16T10:00:32.732+0000] {logging_mixin.py:188} INFO - 2024-08-15
[2024-08-16T10:00:32.733+0000] {logging_mixin.py:188} INFO - <class 'pendulum.date.Date'>
[2024-08-16T10:00:32.735+0000] {connection.py:762} INFO - closed
[2024-08-16T10:00:32.912+0000] {connection.py:768} INFO - No async queries seem to be running, deleting session
[2024-08-16T10:00:33.126+0000] {logging_mixin.py:188} INFO - no_new_data task will execute
[2024-08-16T10:00:33.128+0000] {python.py:237} INFO - Done. Returned value was: no_new_data
[2024-08-16T10:00:33.130+0000] {branch.py:36} INFO - Branch into no_new_data
[2024-08-16T10:00:33.131+0000] {skipmixin.py:178} INFO - Following branch no_new_data
[2024-08-16T10:00:33.167+0000] {skipmixin.py:246} INFO - Skipping tasks [('invoke_lambda_task', -1)]
[2024-08-16T10:00:33.220+0000] {taskinstance.py:441} INFO - ::group::Post task execution logs
[2024-08-16T10:00:33.249+0000] {taskinstance.py:1206} INFO - Marking task as SUCCESS. dag_id=Weather_Data_Extraction, task_id=check_inserted, run_id=backfill__2024-08-14T00:00:00+00:00, execution_date=20240814T000000, start_date=20240816T100030, end_date=20240816T100033
[2024-08-16T10:00:33.331+0000] {local_task_job_runner.py:240} INFO - Task exited with return code 0
[2024-08-16T10:00:33.364+0000] {taskinstance.py:3503} INFO - 1 downstream tasks scheduled from follow-on schedule check
[2024-08-16T10:00:33.369+0000] {local_task_job_runner.py:222} INFO - ::endgroup::
[2024-08-16T10:12:15.053+0000] {local_task_job_runner.py:120} INFO - ::group::Pre task execution logs
[2024-08-16T10:12:15.214+0000] {taskinstance.py:2076} INFO - Dependencies all met for dep_context=non-requeueable deps ti=<TaskInstance: Weather_Data_Extraction.check_inserted backfill__2024-08-14T00:00:00+00:00 [queued]>
[2024-08-16T10:12:15.226+0000] {taskinstance.py:2076} INFO - Dependencies all met for dep_context=requeueable deps ti=<TaskInstance: Weather_Data_Extraction.check_inserted backfill__2024-08-14T00:00:00+00:00 [queued]>
[2024-08-16T10:12:15.227+0000] {taskinstance.py:2306} INFO - Starting attempt 1 of 1
[2024-08-16T10:12:15.246+0000] {taskinstance.py:2330} INFO - Executing <Task(BranchPythonOperator): check_inserted> on 2024-08-14 00:00:00+00:00
[2024-08-16T10:12:15.260+0000] {warnings.py:112} WARNING - /home/***/.local/lib/python3.12/site-packages/***/task/task_runner/standard_task_runner.py:61: DeprecationWarning: This process (pid=2459) is multi-threaded, use of fork() may lead to deadlocks in the child.
  pid = os.fork()

[2024-08-16T10:12:15.262+0000] {standard_task_runner.py:63} INFO - Started process 2465 to run task
[2024-08-16T10:12:15.262+0000] {standard_task_runner.py:90} INFO - Running: ['***', 'tasks', 'run', 'Weather_Data_Extraction', 'check_inserted', 'backfill__2024-08-14T00:00:00+00:00', '--job-id', '1282', '--pool', 'default_pool', '--raw', '--subdir', 'DAGS_FOLDER/Data_Weather_Extraction.py', '--cfg-path', '/tmp/tmpdbrxjkjx']
[2024-08-16T10:12:15.266+0000] {standard_task_runner.py:91} INFO - Job 1282: Subtask check_inserted
[2024-08-16T10:12:15.319+0000] {task_command.py:426} INFO - Running <TaskInstance: Weather_Data_Extraction.check_inserted backfill__2024-08-14T00:00:00+00:00 [running]> on host ubuntu
[2024-08-16T10:12:15.432+0000] {taskinstance.py:2648} INFO - Exporting env vars: AIRFLOW_CTX_DAG_OWNER='Ducky' AIRFLOW_CTX_DAG_ID='Weather_Data_Extraction' AIRFLOW_CTX_TASK_ID='check_inserted' AIRFLOW_CTX_EXECUTION_DATE='2024-08-14T00:00:00+00:00' AIRFLOW_CTX_TRY_NUMBER='1' AIRFLOW_CTX_DAG_RUN_ID='backfill__2024-08-14T00:00:00+00:00'
[2024-08-16T10:12:15.434+0000] {taskinstance.py:430} INFO - ::endgroup::
[2024-08-16T10:12:15.460+0000] {baseoperator.py:400} WARNING - BranchPythonOperator.execute cannot be called outside TaskInstance!
[2024-08-16T10:12:15.463+0000] {logging_mixin.py:188} INFO - 2024-08-14
[2024-08-16T10:12:15.464+0000] {logging_mixin.py:188} INFO - <class 'pendulum.date.Date'>
[2024-08-16T10:12:15.491+0000] {base.py:84} INFO - Using connection ID 'snowflake_conn_raw' for task execution.
[2024-08-16T10:12:15.495+0000] {connection.py:399} INFO - Snowflake Connector for Python Version: 3.10.1, Python Version: 3.12.4, Platform: Linux-5.15.153.1-microsoft-standard-WSL2-x86_64-with-glibc2.36
[2024-08-16T10:12:15.497+0000] {connection.py:1239} INFO - This connection is in OCSP Fail Open Mode. TLS Certificates would be checked for validity and revocation status. Any other Certificate Revocation related exceptions or OCSP Responder failures would be disregarded in favor of connectivity.
[2024-08-16T10:12:16.526+0000] {logging_mixin.py:188} INFO - Connected Successfully!
[2024-08-16T10:12:16.527+0000] {logging_mixin.py:188} INFO - 
        SELECT MAX(INPUT_DATE) FROM RAW_WEATHER_DATA;
    
[2024-08-16T10:12:16.903+0000] {cursor.py:1149} INFO - Number of results in first chunk: 1
[2024-08-16T10:12:16.906+0000] {logging_mixin.py:188} INFO - 2024-08-13
[2024-08-16T10:12:16.907+0000] {logging_mixin.py:188} INFO - <class 'pendulum.date.Date'>
[2024-08-16T10:12:16.908+0000] {connection.py:762} INFO - closed
[2024-08-16T10:12:17.004+0000] {connection.py:768} INFO - No async queries seem to be running, deleting session
[2024-08-16T10:12:17.107+0000] {logging_mixin.py:188} INFO - invoke_lambda_task task will execute
[2024-08-16T10:12:17.108+0000] {python.py:237} INFO - Done. Returned value was: invoke_lambda_task
[2024-08-16T10:12:17.109+0000] {branch.py:36} INFO - Branch into invoke_lambda_task
[2024-08-16T10:12:17.110+0000] {skipmixin.py:178} INFO - Following branch invoke_lambda_task
[2024-08-16T10:12:17.128+0000] {skipmixin.py:246} INFO - Skipping tasks [('no_new_data', -1)]
[2024-08-16T10:12:17.156+0000] {taskinstance.py:441} INFO - ::group::Post task execution logs
[2024-08-16T10:12:17.179+0000] {taskinstance.py:1206} INFO - Marking task as SUCCESS. dag_id=Weather_Data_Extraction, task_id=check_inserted, run_id=backfill__2024-08-14T00:00:00+00:00, execution_date=20240814T000000, start_date=20240816T101215, end_date=20240816T101217
[2024-08-16T10:12:17.248+0000] {local_task_job_runner.py:240} INFO - Task exited with return code 0
[2024-08-16T10:12:17.293+0000] {taskinstance.py:3503} INFO - 1 downstream tasks scheduled from follow-on schedule check
[2024-08-16T10:12:17.302+0000] {local_task_job_runner.py:222} INFO - ::endgroup::
