[2024-08-16T09:45:41.538+0000] {local_task_job_runner.py:120} INFO - ::group::Pre task execution logs
[2024-08-16T09:45:41.714+0000] {taskinstance.py:2076} INFO - Dependencies all met for dep_context=non-requeueable deps ti=<TaskInstance: Weather_Data_Extraction.check_s3_file backfill__2024-08-13T00:00:00+00:00 [queued]>
[2024-08-16T09:45:41.724+0000] {taskinstance.py:2076} INFO - Dependencies all met for dep_context=requeueable deps ti=<TaskInstance: Weather_Data_Extraction.check_s3_file backfill__2024-08-13T00:00:00+00:00 [queued]>
[2024-08-16T09:45:41.726+0000] {taskinstance.py:2306} INFO - Starting attempt 1 of 1
[2024-08-16T09:45:41.749+0000] {taskinstance.py:2330} INFO - Executing <Task(S3KeySensor): check_s3_file> on 2024-08-13 00:00:00+00:00
[2024-08-16T09:45:41.759+0000] {warnings.py:112} WARNING - /home/***/.local/lib/python3.12/site-packages/***/task/task_runner/standard_task_runner.py:61: DeprecationWarning: This process (pid=1567) is multi-threaded, use of fork() may lead to deadlocks in the child.
  pid = os.fork()

[2024-08-16T09:45:41.762+0000] {standard_task_runner.py:63} INFO - Started process 1569 to run task
[2024-08-16T09:45:41.763+0000] {standard_task_runner.py:90} INFO - Running: ['***', 'tasks', 'run', 'Weather_Data_Extraction', 'check_s3_file', 'backfill__2024-08-13T00:00:00+00:00', '--job-id', '1183', '--pool', 'default_pool', '--raw', '--subdir', 'DAGS_FOLDER/Data_Weather_Extraction.py', '--cfg-path', '/tmp/tmpk7zulg46']
[2024-08-16T09:45:41.767+0000] {standard_task_runner.py:91} INFO - Job 1183: Subtask check_s3_file
[2024-08-16T09:45:41.838+0000] {task_command.py:426} INFO - Running <TaskInstance: Weather_Data_Extraction.check_s3_file backfill__2024-08-13T00:00:00+00:00 [running]> on host ubuntu
[2024-08-16T09:45:41.980+0000] {taskinstance.py:2648} INFO - Exporting env vars: AIRFLOW_CTX_DAG_OWNER='Ducky' AIRFLOW_CTX_DAG_ID='Weather_Data_Extraction' AIRFLOW_CTX_TASK_ID='check_s3_file' AIRFLOW_CTX_EXECUTION_DATE='2024-08-13T00:00:00+00:00' AIRFLOW_CTX_TRY_NUMBER='1' AIRFLOW_CTX_DAG_RUN_ID='backfill__2024-08-13T00:00:00+00:00'
[2024-08-16T09:45:41.981+0000] {taskinstance.py:430} INFO - ::endgroup::
[2024-08-16T09:45:41.999+0000] {baseoperator.py:400} WARNING - S3KeySensor.execute cannot be called outside TaskInstance!
[2024-08-16T09:45:42.001+0000] {s3.py:117} INFO - Poking for key : s3://s3-poc-data-marketplace/Weather_Data/Data_Weather-20240813.csv
[2024-08-16T09:45:42.021+0000] {base.py:84} INFO - Using connection ID 'aws_conn_poc' for task execution.
[2024-08-16T09:45:42.025+0000] {connection_wrapper.py:384} INFO - AWS Connection (conn_id='aws_conn_poc', conn_type='aws') credentials retrieved from login and password.
[2024-08-16T09:45:47.040+0000] {base.py:294} INFO - Success criteria met. Exiting.
[2024-08-16T09:45:47.041+0000] {taskinstance.py:441} INFO - ::group::Post task execution logs
[2024-08-16T09:45:47.049+0000] {taskinstance.py:1206} INFO - Marking task as SUCCESS. dag_id=Weather_Data_Extraction, task_id=check_s3_file, run_id=backfill__2024-08-13T00:00:00+00:00, execution_date=20240813T000000, start_date=20240816T094541, end_date=20240816T094547
[2024-08-16T09:45:47.077+0000] {local_task_job_runner.py:240} INFO - Task exited with return code 0
[2024-08-16T09:45:47.108+0000] {taskinstance.py:3503} INFO - 1 downstream tasks scheduled from follow-on schedule check
[2024-08-16T09:45:47.111+0000] {local_task_job_runner.py:222} INFO - ::endgroup::
[2024-08-16T10:09:50.265+0000] {local_task_job_runner.py:120} INFO - ::group::Pre task execution logs
[2024-08-16T10:09:50.434+0000] {taskinstance.py:2076} INFO - Dependencies all met for dep_context=non-requeueable deps ti=<TaskInstance: Weather_Data_Extraction.check_s3_file backfill__2024-08-13T00:00:00+00:00 [queued]>
[2024-08-16T10:09:50.443+0000] {taskinstance.py:2076} INFO - Dependencies all met for dep_context=requeueable deps ti=<TaskInstance: Weather_Data_Extraction.check_s3_file backfill__2024-08-13T00:00:00+00:00 [queued]>
[2024-08-16T10:09:50.444+0000] {taskinstance.py:2306} INFO - Starting attempt 1 of 1
[2024-08-16T10:09:50.462+0000] {taskinstance.py:2330} INFO - Executing <Task(S3KeySensor): check_s3_file> on 2024-08-13 00:00:00+00:00
[2024-08-16T10:09:50.470+0000] {warnings.py:112} WARNING - /home/***/.local/lib/python3.12/site-packages/***/task/task_runner/standard_task_runner.py:61: DeprecationWarning: This process (pid=2346) is multi-threaded, use of fork() may lead to deadlocks in the child.
  pid = os.fork()

[2024-08-16T10:09:50.472+0000] {standard_task_runner.py:63} INFO - Started process 2348 to run task
[2024-08-16T10:09:50.473+0000] {standard_task_runner.py:90} INFO - Running: ['***', 'tasks', 'run', 'Weather_Data_Extraction', 'check_s3_file', 'backfill__2024-08-13T00:00:00+00:00', '--job-id', '1270', '--pool', 'default_pool', '--raw', '--subdir', 'DAGS_FOLDER/Data_Weather_Extraction.py', '--cfg-path', '/tmp/tmpg8cxhyfg']
[2024-08-16T10:09:50.476+0000] {standard_task_runner.py:91} INFO - Job 1270: Subtask check_s3_file
[2024-08-16T10:09:50.534+0000] {task_command.py:426} INFO - Running <TaskInstance: Weather_Data_Extraction.check_s3_file backfill__2024-08-13T00:00:00+00:00 [running]> on host ubuntu
[2024-08-16T10:09:50.691+0000] {taskinstance.py:2648} INFO - Exporting env vars: AIRFLOW_CTX_DAG_OWNER='Ducky' AIRFLOW_CTX_DAG_ID='Weather_Data_Extraction' AIRFLOW_CTX_TASK_ID='check_s3_file' AIRFLOW_CTX_EXECUTION_DATE='2024-08-13T00:00:00+00:00' AIRFLOW_CTX_TRY_NUMBER='1' AIRFLOW_CTX_DAG_RUN_ID='backfill__2024-08-13T00:00:00+00:00'
[2024-08-16T10:09:50.693+0000] {taskinstance.py:430} INFO - ::endgroup::
[2024-08-16T10:09:50.715+0000] {baseoperator.py:400} WARNING - S3KeySensor.execute cannot be called outside TaskInstance!
[2024-08-16T10:09:50.716+0000] {s3.py:117} INFO - Poking for key : s3://s3-poc-data-marketplace/Weather_Data/Data_Weather-20240813.csv
[2024-08-16T10:09:50.731+0000] {base.py:84} INFO - Using connection ID 'aws_conn_poc' for task execution.
[2024-08-16T10:09:50.733+0000] {connection_wrapper.py:384} INFO - AWS Connection (conn_id='aws_conn_poc', conn_type='aws') credentials retrieved from login and password.
[2024-08-16T10:09:51.877+0000] {base.py:294} INFO - Success criteria met. Exiting.
[2024-08-16T10:09:51.878+0000] {taskinstance.py:441} INFO - ::group::Post task execution logs
[2024-08-16T10:09:51.886+0000] {taskinstance.py:1206} INFO - Marking task as SUCCESS. dag_id=Weather_Data_Extraction, task_id=check_s3_file, run_id=backfill__2024-08-13T00:00:00+00:00, execution_date=20240813T000000, start_date=20240816T100950, end_date=20240816T100951
[2024-08-16T10:09:51.935+0000] {local_task_job_runner.py:240} INFO - Task exited with return code 0
[2024-08-16T10:09:52.017+0000] {taskinstance.py:3503} INFO - 1 downstream tasks scheduled from follow-on schedule check
[2024-08-16T10:09:52.022+0000] {local_task_job_runner.py:222} INFO - ::endgroup::
