[2024-08-13T16:06:43.405+0000] {local_task_job_runner.py:120} INFO - ::group::Pre task execution logs
[2024-08-13T16:06:43.430+0000] {taskinstance.py:2076} INFO - Dependencies all met for dep_context=non-requeueable deps ti=<TaskInstance: Weather_Data_Extraction.generate_output_file backfill__2024-01-14T00:00:00+00:00 [queued]>
[2024-08-13T16:06:43.445+0000] {taskinstance.py:2076} INFO - Dependencies all met for dep_context=requeueable deps ti=<TaskInstance: Weather_Data_Extraction.generate_output_file backfill__2024-01-14T00:00:00+00:00 [queued]>
[2024-08-13T16:06:43.445+0000] {taskinstance.py:2306} INFO - Starting attempt 1 of 1
[2024-08-13T16:06:43.684+0000] {taskinstance.py:2330} INFO - Executing <Task(PythonOperator): generate_output_file> on 2024-01-14 00:00:00+00:00
[2024-08-13T16:06:43.703+0000] {warnings.py:112} WARNING - /home/***/.local/lib/python3.12/site-packages/***/task/task_runner/standard_task_runner.py:61: DeprecationWarning: This process (pid=685) is multi-threaded, use of fork() may lead to deadlocks in the child.
  pid = os.fork()

[2024-08-13T16:06:43.706+0000] {standard_task_runner.py:63} INFO - Started process 702 to run task
[2024-08-13T16:06:43.725+0000] {standard_task_runner.py:90} INFO - Running: ['***', 'tasks', 'run', 'Weather_Data_Extraction', 'generate_output_file', 'backfill__2024-01-14T00:00:00+00:00', '--job-id', '83', '--pool', 'default_pool', '--raw', '--subdir', 'DAGS_FOLDER/Data_Weather_Extraction.py', '--cfg-path', '/tmp/tmpoacvkn7d']
[2024-08-13T16:06:43.746+0000] {standard_task_runner.py:91} INFO - Job 83: Subtask generate_output_file
[2024-08-13T16:06:43.778+0000] {warnings.py:112} WARNING - /home/***/.local/lib/python3.12/site-packages/***/settings.py:195: DeprecationWarning: The sql_alchemy_conn option in [core] has been moved to the sql_alchemy_conn option in [database] - the old setting has been used, but please update your config.
  SQL_ALCHEMY_CONN = conf.get("database", "SQL_ALCHEMY_CONN")

[2024-08-13T16:06:43.870+0000] {task_command.py:426} INFO - Running <TaskInstance: Weather_Data_Extraction.generate_output_file backfill__2024-01-14T00:00:00+00:00 [running]> on host ubuntu
[2024-08-13T16:06:44.073+0000] {taskinstance.py:2648} INFO - Exporting env vars: AIRFLOW_CTX_DAG_OWNER='Ducky' AIRFLOW_CTX_DAG_ID='Weather_Data_Extraction' AIRFLOW_CTX_TASK_ID='generate_output_file' AIRFLOW_CTX_EXECUTION_DATE='2024-01-14T00:00:00+00:00' AIRFLOW_CTX_TRY_NUMBER='1' AIRFLOW_CTX_DAG_RUN_ID='backfill__2024-01-14T00:00:00+00:00'
[2024-08-13T16:06:44.081+0000] {taskinstance.py:430} INFO - ::endgroup::
[2024-08-13T16:06:44.125+0000] {logging_mixin.py:188} INFO - Generated output file: Data_Weather-20240114.csv
[2024-08-13T16:06:44.126+0000] {logging_mixin.py:188} INFO - Execution Date: 2024/01/14
[2024-08-13T16:06:44.183+0000] {python.py:237} INFO - Done. Returned value was: None
[2024-08-13T16:06:44.184+0000] {taskinstance.py:441} INFO - ::group::Post task execution logs
[2024-08-13T16:06:44.194+0000] {taskinstance.py:1206} INFO - Marking task as SUCCESS. dag_id=Weather_Data_Extraction, task_id=generate_output_file, run_id=backfill__2024-01-14T00:00:00+00:00, execution_date=20240114T000000, start_date=20240813T160643, end_date=20240813T160644
[2024-08-13T16:06:44.244+0000] {local_task_job_runner.py:240} INFO - Task exited with return code 0
[2024-08-13T16:06:44.287+0000] {taskinstance.py:3503} INFO - 1 downstream tasks scheduled from follow-on schedule check
[2024-08-13T16:06:44.290+0000] {local_task_job_runner.py:222} INFO - ::endgroup::
[2024-08-14T03:04:10.455+0000] {local_task_job_runner.py:120} INFO - ::group::Pre task execution logs
[2024-08-14T03:04:10.486+0000] {taskinstance.py:2076} INFO - Dependencies all met for dep_context=non-requeueable deps ti=<TaskInstance: Weather_Data_Extraction.generate_output_file backfill__2024-01-14T00:00:00+00:00 [queued]>
[2024-08-14T03:04:10.664+0000] {taskinstance.py:2076} INFO - Dependencies all met for dep_context=requeueable deps ti=<TaskInstance: Weather_Data_Extraction.generate_output_file backfill__2024-01-14T00:00:00+00:00 [queued]>
[2024-08-14T03:04:10.665+0000] {taskinstance.py:2306} INFO - Starting attempt 1 of 1
[2024-08-14T03:04:10.680+0000] {taskinstance.py:2330} INFO - Executing <Task(PythonOperator): generate_output_file> on 2024-01-14 00:00:00+00:00
[2024-08-14T03:04:10.688+0000] {warnings.py:112} WARNING - /home/***/.local/lib/python3.12/site-packages/***/task/task_runner/standard_task_runner.py:61: DeprecationWarning: This process (pid=692) is multi-threaded, use of fork() may lead to deadlocks in the child.
  pid = os.fork()

[2024-08-14T03:04:10.691+0000] {standard_task_runner.py:63} INFO - Started process 694 to run task
[2024-08-14T03:04:10.690+0000] {standard_task_runner.py:90} INFO - Running: ['***', 'tasks', 'run', 'Weather_Data_Extraction', 'generate_output_file', 'backfill__2024-01-14T00:00:00+00:00', '--job-id', '389', '--pool', 'default_pool', '--raw', '--subdir', 'DAGS_FOLDER/Data_Weather_Extraction.py', '--cfg-path', '/tmp/tmpg9kl4xc2']
[2024-08-14T03:04:10.693+0000] {standard_task_runner.py:91} INFO - Job 389: Subtask generate_output_file
[2024-08-14T03:04:10.747+0000] {task_command.py:426} INFO - Running <TaskInstance: Weather_Data_Extraction.generate_output_file backfill__2024-01-14T00:00:00+00:00 [running]> on host ubuntu
[2024-08-14T03:04:10.842+0000] {taskinstance.py:2648} INFO - Exporting env vars: AIRFLOW_CTX_DAG_OWNER='Ducky' AIRFLOW_CTX_DAG_ID='Weather_Data_Extraction' AIRFLOW_CTX_TASK_ID='generate_output_file' AIRFLOW_CTX_EXECUTION_DATE='2024-01-14T00:00:00+00:00' AIRFLOW_CTX_TRY_NUMBER='1' AIRFLOW_CTX_DAG_RUN_ID='backfill__2024-01-14T00:00:00+00:00'
[2024-08-14T03:04:10.844+0000] {taskinstance.py:430} INFO - ::endgroup::
[2024-08-14T03:04:10.875+0000] {logging_mixin.py:188} INFO - Generated output file: Data_Weather-20240114.csv
[2024-08-14T03:04:10.876+0000] {logging_mixin.py:188} INFO - Execution Date: 2024/01/14
[2024-08-14T03:04:10.922+0000] {python.py:237} INFO - Done. Returned value was: None
[2024-08-14T03:04:10.923+0000] {taskinstance.py:441} INFO - ::group::Post task execution logs
[2024-08-14T03:04:10.936+0000] {taskinstance.py:1206} INFO - Marking task as SUCCESS. dag_id=Weather_Data_Extraction, task_id=generate_output_file, run_id=backfill__2024-01-14T00:00:00+00:00, execution_date=20240114T000000, start_date=20240814T030410, end_date=20240814T030410
[2024-08-14T03:04:10.986+0000] {local_task_job_runner.py:240} INFO - Task exited with return code 0
[2024-08-14T03:04:11.014+0000] {taskinstance.py:3503} INFO - 1 downstream tasks scheduled from follow-on schedule check
[2024-08-14T03:04:11.017+0000] {local_task_job_runner.py:222} INFO - ::endgroup::
