[2024-08-14T07:02:24.632+0000] {local_task_job_runner.py:120} INFO - ::group::Pre task execution logs
[2024-08-14T07:02:24.825+0000] {taskinstance.py:2076} INFO - Dependencies all met for dep_context=non-requeueable deps ti=<TaskInstance: Weather_Data_Extraction.invoke_lambda_task backfill__2024-07-18T00:00:00+00:00 [queued]>
[2024-08-14T07:02:24.838+0000] {taskinstance.py:2076} INFO - Dependencies all met for dep_context=requeueable deps ti=<TaskInstance: Weather_Data_Extraction.invoke_lambda_task backfill__2024-07-18T00:00:00+00:00 [queued]>
[2024-08-14T07:02:24.839+0000] {taskinstance.py:2306} INFO - Starting attempt 1 of 1
[2024-08-14T07:02:24.861+0000] {taskinstance.py:2330} INFO - Executing <Task(PythonOperator): invoke_lambda_task> on 2024-07-18 00:00:00+00:00
[2024-08-14T07:02:24.871+0000] {warnings.py:112} WARNING - /home/***/.local/lib/python3.12/site-packages/***/task/task_runner/standard_task_runner.py:61: DeprecationWarning: This process (pid=5569) is multi-threaded, use of fork() may lead to deadlocks in the child.
  pid = os.fork()

[2024-08-14T07:02:24.873+0000] {standard_task_runner.py:63} INFO - Started process 5571 to run task
[2024-08-14T07:02:24.875+0000] {standard_task_runner.py:90} INFO - Running: ['***', 'tasks', 'run', 'Weather_Data_Extraction', 'invoke_lambda_task', 'backfill__2024-07-18T00:00:00+00:00', '--job-id', '1003', '--pool', 'default_pool', '--raw', '--subdir', 'DAGS_FOLDER/Data_Weather_Extraction.py', '--cfg-path', '/tmp/tmp674eoz7a']
[2024-08-14T07:02:24.881+0000] {standard_task_runner.py:91} INFO - Job 1003: Subtask invoke_lambda_task
[2024-08-14T07:02:24.973+0000] {task_command.py:426} INFO - Running <TaskInstance: Weather_Data_Extraction.invoke_lambda_task backfill__2024-07-18T00:00:00+00:00 [running]> on host ubuntu
[2024-08-14T07:02:25.078+0000] {taskinstance.py:2648} INFO - Exporting env vars: AIRFLOW_CTX_DAG_OWNER='Ducky' AIRFLOW_CTX_DAG_ID='Weather_Data_Extraction' AIRFLOW_CTX_TASK_ID='invoke_lambda_task' AIRFLOW_CTX_EXECUTION_DATE='2024-07-18T00:00:00+00:00' AIRFLOW_CTX_TRY_NUMBER='1' AIRFLOW_CTX_DAG_RUN_ID='backfill__2024-07-18T00:00:00+00:00'
[2024-08-14T07:02:25.080+0000] {taskinstance.py:430} INFO - ::endgroup::
[2024-08-14T07:02:25.112+0000] {logging_mixin.py:188} INFO - Data_Weather-20240718.csv
[2024-08-14T07:02:25.113+0000] {logging_mixin.py:188} INFO - 2024/07/18
[2024-08-14T07:02:25.114+0000] {logging_mixin.py:188} INFO - {"execution_date": "2024/07/18", "file_name": "Data_Weather-20240718.csv"}
[2024-08-14T07:02:25.114+0000] {logging_mixin.py:188} INFO - https://eyzyhdwl8l.execute-api.ap-southeast-2.amazonaws.com/dev?execution_date=2024/07/18&file_name=Data_Weather-20240718.csv
[2024-08-14T07:02:54.722+0000] {logging_mixin.py:188} INFO - Failed to invoke Lambda function.
[2024-08-14T07:02:54.722+0000] {logging_mixin.py:188} INFO - Response: {"message": "Endpoint request timed out"}
[2024-08-14T07:02:54.726+0000] {python.py:237} INFO - Done. Returned value was: None
[2024-08-14T07:02:54.729+0000] {taskinstance.py:441} INFO - ::group::Post task execution logs
[2024-08-14T07:02:54.746+0000] {taskinstance.py:1206} INFO - Marking task as SUCCESS. dag_id=Weather_Data_Extraction, task_id=invoke_lambda_task, run_id=backfill__2024-07-18T00:00:00+00:00, execution_date=20240718T000000, start_date=20240814T070224, end_date=20240814T070254
[2024-08-14T07:02:54.816+0000] {local_task_job_runner.py:240} INFO - Task exited with return code 0
[2024-08-14T07:02:54.830+0000] {taskinstance.py:3503} INFO - 0 downstream tasks scheduled from follow-on schedule check
[2024-08-14T07:02:54.833+0000] {local_task_job_runner.py:222} INFO - ::endgroup::
