[2024-08-14T02:15:06.787+0000] {local_task_job_runner.py:120} INFO - ::group::Pre task execution logs
[2024-08-14T02:15:06.975+0000] {taskinstance.py:2076} INFO - Dependencies all met for dep_context=non-requeueable deps ti=<TaskInstance: Scrape_Province.province_models.scd_province_snapshot scheduled__2024-08-13T00:00:00+00:00 [queued]>
[2024-08-14T02:15:06.983+0000] {taskinstance.py:2076} INFO - Dependencies all met for dep_context=requeueable deps ti=<TaskInstance: Scrape_Province.province_models.scd_province_snapshot scheduled__2024-08-13T00:00:00+00:00 [queued]>
[2024-08-14T02:15:06.983+0000] {taskinstance.py:2306} INFO - Starting attempt 1 of 3
[2024-08-14T02:15:06.998+0000] {taskinstance.py:2330} INFO - Executing <Task(DbtSnapshotLocalOperator): province_models.scd_province_snapshot> on 2024-08-13 00:00:00+00:00
[2024-08-14T02:15:07.005+0000] {warnings.py:112} WARNING - /home/***/.local/lib/python3.12/site-packages/***/task/task_runner/standard_task_runner.py:61: DeprecationWarning: This process (pid=127) is multi-threaded, use of fork() may lead to deadlocks in the child.
  pid = os.fork()

[2024-08-14T02:15:07.007+0000] {standard_task_runner.py:63} INFO - Started process 129 to run task
[2024-08-14T02:15:07.007+0000] {standard_task_runner.py:90} INFO - Running: ['***', 'tasks', 'run', 'Scrape_Province', 'province_models.scd_province_snapshot', 'scheduled__2024-08-13T00:00:00+00:00', '--job-id', '305', '--raw', '--subdir', 'DAGS_FOLDER/Province_Extraction.py', '--cfg-path', '/tmp/tmpqubaqz00']
[2024-08-14T02:15:07.009+0000] {standard_task_runner.py:91} INFO - Job 305: Subtask province_models.scd_province_snapshot
[2024-08-14T02:15:07.020+0000] {warnings.py:112} WARNING - /home/***/.local/lib/python3.12/site-packages/***/settings.py:195: DeprecationWarning: The sql_alchemy_conn option in [core] has been moved to the sql_alchemy_conn option in [database] - the old setting has been used, but please update your config.
  SQL_ALCHEMY_CONN = conf.get("database", "SQL_ALCHEMY_CONN")

[2024-08-14T02:15:07.065+0000] {task_command.py:426} INFO - Running <TaskInstance: Scrape_Province.province_models.scd_province_snapshot scheduled__2024-08-13T00:00:00+00:00 [running]> on host ubuntu
[2024-08-14T02:15:07.221+0000] {taskinstance.py:2648} INFO - Exporting env vars: AIRFLOW_CTX_DAG_OWNER='Ducky' AIRFLOW_CTX_DAG_ID='Scrape_Province' AIRFLOW_CTX_TASK_ID='province_models.scd_province_snapshot' AIRFLOW_CTX_EXECUTION_DATE='2024-08-13T00:00:00+00:00' AIRFLOW_CTX_TRY_NUMBER='1' AIRFLOW_CTX_DAG_RUN_ID='scheduled__2024-08-13T00:00:00+00:00'
[2024-08-14T02:15:07.224+0000] {taskinstance.py:430} INFO - ::endgroup::
[2024-08-14T02:15:07.252+0000] {log.py:232} WARNING - [[34m2024-08-14T02:15:07.252+0000[0m] {[34mgraph.py:[0m377} INFO[0m - [35m(astronomer-cosmos)[0m - Trying to parse the dbt project using dbt ls cache cosmos_cache__dbt_dag_filterd__customers_group...[0m
[2024-08-14T02:15:07.253+0000] {log.py:232} WARNING - [[34m2024-08-14T02:15:07.252+0000[0m] {[34mgraph.py:[0m377} INFO[0m - [35m(astronomer-cosmos)[0m - Trying to parse the dbt project using dbt ls cache cosmos_cache__dbt_dag_filterd__customers_group...[0m
[2024-08-14T02:15:07.252+0000] {graph.py:377} INFO - Trying to parse the dbt project using dbt ls cache cosmos_cache__dbt_dag_filterd__customers_group...
[2024-08-14T02:15:07.477+0000] {log.py:232} WARNING - [[34m2024-08-14T02:15:07.477+0000[0m] {[34mcache.py:[0m262} INFO[0m - [35m(astronomer-cosmos)[0m - Cosmos performance: time to calculate cache identifier cosmos_cache__dbt_dag_filterd__customers_group for current version: 0.21344800899998972[0m
[2024-08-14T02:15:07.479+0000] {log.py:232} WARNING - [[34m2024-08-14T02:15:07.477+0000[0m] {[34mcache.py:[0m262} INFO[0m - [35m(astronomer-cosmos)[0m - Cosmos performance: time to calculate cache identifier cosmos_cache__dbt_dag_filterd__customers_group for current version: 0.21344800899998972[0m
[2024-08-14T02:15:07.477+0000] {cache.py:262} INFO - Cosmos performance: time to calculate cache identifier cosmos_cache__dbt_dag_filterd__customers_group for current version: 0.21344800899998972
[2024-08-14T02:15:07.480+0000] {log.py:232} WARNING - [[34m2024-08-14T02:15:07.480+0000[0m] {[34mgraph.py:[0m394} INFO[0m - [35m(astronomer-cosmos)[0m - Cosmos performance [ubuntu|129]: The cache size for cosmos_cache__dbt_dag_filterd__customers_group is 3021[0m
[2024-08-14T02:15:07.481+0000] {log.py:232} WARNING - [[34m2024-08-14T02:15:07.480+0000[0m] {[34mgraph.py:[0m394} INFO[0m - [35m(astronomer-cosmos)[0m - Cosmos performance [ubuntu|129]: The cache size for cosmos_cache__dbt_dag_filterd__customers_group is 3021[0m
[2024-08-14T02:15:07.480+0000] {graph.py:394} INFO - Cosmos performance [ubuntu|129]: The cache size for cosmos_cache__dbt_dag_filterd__customers_group is 3021
[2024-08-14T02:15:07.482+0000] {log.py:232} WARNING - [[34m2024-08-14T02:15:07.482+0000[0m] {[34mgraph.py:[0m402} INFO[0m - [35m(astronomer-cosmos)[0m - Cosmos performance: Cache hit for cosmos_cache__dbt_dag_filterd__customers_group - e817fdfdc4cadaa2fe870bd62a4c3e2e,5f7d44698c4b67134aff532494870c9c[0m
[2024-08-14T02:15:07.482+0000] {log.py:232} WARNING - [[34m2024-08-14T02:15:07.482+0000[0m] {[34mgraph.py:[0m402} INFO[0m - [35m(astronomer-cosmos)[0m - Cosmos performance: Cache hit for cosmos_cache__dbt_dag_filterd__customers_group - e817fdfdc4cadaa2fe870bd62a4c3e2e,5f7d44698c4b67134aff532494870c9c[0m
[2024-08-14T02:15:07.482+0000] {graph.py:402} INFO - Cosmos performance: Cache hit for cosmos_cache__dbt_dag_filterd__customers_group - e817fdfdc4cadaa2fe870bd62a4c3e2e,5f7d44698c4b67134aff532494870c9c
[2024-08-14T02:15:07.483+0000] {log.py:232} WARNING - [[34m2024-08-14T02:15:07.483+0000[0m] {[34mgraph.py:[0m335} INFO[0m - [35m(astronomer-cosmos)[0m - Total nodes: 3[0m
[2024-08-14T02:15:07.484+0000] {log.py:232} WARNING - [[34m2024-08-14T02:15:07.483+0000[0m] {[34mgraph.py:[0m335} INFO[0m - [35m(astronomer-cosmos)[0m - Total nodes: 3[0m
[2024-08-14T02:15:07.483+0000] {graph.py:335} INFO - Total nodes: 3
[2024-08-14T02:15:07.485+0000] {log.py:232} WARNING - [[34m2024-08-14T02:15:07.484+0000[0m] {[34mgraph.py:[0m336} INFO[0m - [35m(astronomer-cosmos)[0m - Total filtered nodes: 3[0m
[2024-08-14T02:15:07.485+0000] {log.py:232} WARNING - [[34m2024-08-14T02:15:07.484+0000[0m] {[34mgraph.py:[0m336} INFO[0m - [35m(astronomer-cosmos)[0m - Total filtered nodes: 3[0m
[2024-08-14T02:15:07.484+0000] {graph.py:336} INFO - Total filtered nodes: 3
[2024-08-14T02:15:07.486+0000] {log.py:232} WARNING - [[34m2024-08-14T02:15:07.486+0000[0m] {[34mconverter.py:[0m251} INFO[0m - [35m(astronomer-cosmos)[0m - Cosmos performance (dbt_dag_filterd__customers_group) -  [ubuntu|129]: It took 0.234s to parse the dbt project for DAG using LoadMode.DBT_LS_CACHE[0m
[2024-08-14T02:15:07.486+0000] {log.py:232} WARNING - [[34m2024-08-14T02:15:07.486+0000[0m] {[34mconverter.py:[0m251} INFO[0m - [35m(astronomer-cosmos)[0m - Cosmos performance (dbt_dag_filterd__customers_group) -  [ubuntu|129]: It took 0.234s to parse the dbt project for DAG using LoadMode.DBT_LS_CACHE[0m
[2024-08-14T02:15:07.486+0000] {converter.py:251} INFO - Cosmos performance (dbt_dag_filterd__customers_group) -  [ubuntu|129]: It took 0.234s to parse the dbt project for DAG using LoadMode.DBT_LS_CACHE
[2024-08-14T02:15:07.489+0000] {log.py:232} WARNING - [[34m2024-08-14T02:15:07.489+0000[0m] {[34mproject.py:[0m35} INFO[0m - [35m(astronomer-cosmos)[0m - Project /opt/***/dags/Data_Marketplace does not have {'dependencies.yml', 'packages.yml'}[0m
[2024-08-14T02:15:07.489+0000] {log.py:232} WARNING - [[34m2024-08-14T02:15:07.489+0000[0m] {[34mproject.py:[0m35} INFO[0m - [35m(astronomer-cosmos)[0m - Project /opt/***/dags/Data_Marketplace does not have {'dependencies.yml', 'packages.yml'}[0m
[2024-08-14T02:15:07.489+0000] {project.py:35} INFO - Project /opt/***/dags/Data_Marketplace does not have {'dependencies.yml', 'packages.yml'}
[2024-08-14T02:15:07.493+0000] {log.py:232} WARNING - [[34m2024-08-14T02:15:07.493+0000[0m] {[34mproject.py:[0m35} INFO[0m - [35m(astronomer-cosmos)[0m - Project /opt/***/dags/Data_Marketplace does not have {'dependencies.yml', 'packages.yml'}[0m
[2024-08-14T02:15:07.494+0000] {log.py:232} WARNING - [[34m2024-08-14T02:15:07.493+0000[0m] {[34mproject.py:[0m35} INFO[0m - [35m(astronomer-cosmos)[0m - Project /opt/***/dags/Data_Marketplace does not have {'dependencies.yml', 'packages.yml'}[0m
[2024-08-14T02:15:07.493+0000] {project.py:35} INFO - Project /opt/***/dags/Data_Marketplace does not have {'dependencies.yml', 'packages.yml'}
[2024-08-14T02:15:07.498+0000] {log.py:232} WARNING - [[34m2024-08-14T02:15:07.498+0000[0m] {[34mproject.py:[0m35} INFO[0m - [35m(astronomer-cosmos)[0m - Project /opt/***/dags/Data_Marketplace does not have {'dependencies.yml', 'packages.yml'}[0m
[2024-08-14T02:15:07.498+0000] {log.py:232} WARNING - [[34m2024-08-14T02:15:07.498+0000[0m] {[34mproject.py:[0m35} INFO[0m - [35m(astronomer-cosmos)[0m - Project /opt/***/dags/Data_Marketplace does not have {'dependencies.yml', 'packages.yml'}[0m
[2024-08-14T02:15:07.498+0000] {project.py:35} INFO - Project /opt/***/dags/Data_Marketplace does not have {'dependencies.yml', 'packages.yml'}
[2024-08-14T02:15:07.500+0000] {log.py:232} WARNING - [[34m2024-08-14T02:15:07.500+0000[0m] {[34mconverter.py:[0m293} INFO[0m - [35m(astronomer-cosmos)[0m - Cosmos performance (dbt_dag_filterd__customers_group) - [ubuntu|129]: It took 0.014s to build the Airflow DAG.[0m
[2024-08-14T02:15:07.501+0000] {log.py:232} WARNING - [[34m2024-08-14T02:15:07.500+0000[0m] {[34mconverter.py:[0m293} INFO[0m - [35m(astronomer-cosmos)[0m - Cosmos performance (dbt_dag_filterd__customers_group) - [ubuntu|129]: It took 0.014s to build the Airflow DAG.[0m
[2024-08-14T02:15:07.500+0000] {converter.py:293} INFO - Cosmos performance (dbt_dag_filterd__customers_group) - [ubuntu|129]: It took 0.014s to build the Airflow DAG.
[2024-08-14T02:15:07.502+0000] {log.py:232} WARNING - [[34m2024-08-14T02:15:07.502+0000[0m] {[34mlocal.py:[0m174} INFO[0m - [35m(astronomer-cosmos)[0m - Could not import dbtRunner. Falling back to subprocess for invoking dbt.[0m
[2024-08-14T02:15:07.503+0000] {log.py:232} WARNING - [[34m2024-08-14T02:15:07.502+0000[0m] {[34mlocal.py:[0m174} INFO[0m - [35m(astronomer-cosmos)[0m - Could not import dbtRunner. Falling back to subprocess for invoking dbt.[0m
[2024-08-14T02:15:07.502+0000] {local.py:174} INFO - Could not import dbtRunner. Falling back to subprocess for invoking dbt.
[2024-08-14T02:15:07.504+0000] {log.py:232} WARNING - [[34m2024-08-14T02:15:07.504+0000[0m] {[34mlocal.py:[0m292} INFO[0m - [35m(astronomer-cosmos)[0m - Cloning project to writable temp directory /tmp/tmppewv6nla from /opt/***/dags/Data_Marketplace[0m
[2024-08-14T02:15:07.505+0000] {log.py:232} WARNING - [[34m2024-08-14T02:15:07.504+0000[0m] {[34mlocal.py:[0m292} INFO[0m - [35m(astronomer-cosmos)[0m - Cloning project to writable temp directory /tmp/tmppewv6nla from /opt/***/dags/Data_Marketplace[0m
[2024-08-14T02:15:07.504+0000] {local.py:292} INFO - Cloning project to writable temp directory /tmp/tmppewv6nla from /opt/airflow/dags/Data_Marketplace
[2024-08-14T02:15:07.512+0000] {log.py:232} WARNING - [[34m2024-08-14T02:15:07.512+0000[0m] {[34mlocal.py:[0m303} INFO[0m - [35m(astronomer-cosmos)[0m - Partial parse is enabled and the latest partial parse file is /tmp/cosmos/Scrape_Province__province_models/target/partial_parse.msgpack[0m
[2024-08-14T02:15:07.513+0000] {log.py:232} WARNING - [[34m2024-08-14T02:15:07.512+0000[0m] {[34mlocal.py:[0m303} INFO[0m - [35m(astronomer-cosmos)[0m - Partial parse is enabled and the latest partial parse file is /tmp/cosmos/Scrape_Province__province_models/target/partial_parse.msgpack[0m
[2024-08-14T02:15:07.512+0000] {local.py:303} INFO - Partial parse is enabled and the latest partial parse file is /tmp/cosmos/Scrape_Province__province_models/target/partial_parse.msgpack
[2024-08-14T02:15:07.525+0000] {log.py:232} WARNING - [[34m2024-08-14T02:15:07.525+0000[0m] {[34mconfig.py:[0m292} INFO[0m - [35m(astronomer-cosmos)[0m - Profile caching is enable.[0m
[2024-08-14T02:15:07.526+0000] {log.py:232} WARNING - [[34m2024-08-14T02:15:07.525+0000[0m] {[34mconfig.py:[0m292} INFO[0m - [35m(astronomer-cosmos)[0m - Profile caching is enable.[0m
[2024-08-14T02:15:07.525+0000] {config.py:292} INFO - Profile caching is enable.
[2024-08-14T02:15:07.545+0000] {base.py:84} INFO - Using connection ID 'snowflake_conn' for task execution.
[2024-08-14T02:15:07.551+0000] {log.py:232} WARNING - [[34m2024-08-14T02:15:07.551+0000[0m] {[34mconfig.py:[0m272} INFO[0m - [35m(astronomer-cosmos)[0m - Profile found in cache using profile: /tmp/cosmos/profile/ec71862f850e9b0839075fe0561d5062ab3dd99ef2a3dac2fe4fc1486f2849d0/profiles.yml.[0m
[2024-08-14T02:15:07.552+0000] {log.py:232} WARNING - [[34m2024-08-14T02:15:07.551+0000[0m] {[34mconfig.py:[0m272} INFO[0m - [35m(astronomer-cosmos)[0m - Profile found in cache using profile: /tmp/cosmos/profile/ec71862f850e9b0839075fe0561d5062ab3dd99ef2a3dac2fe4fc1486f2849d0/profiles.yml.[0m
[2024-08-14T02:15:07.551+0000] {config.py:272} INFO - Profile found in cache using profile: /tmp/cosmos/profile/ec71862f850e9b0839075fe0561d5062ab3dd99ef2a3dac2fe4fc1486f2849d0/profiles.yml.
[2024-08-14T02:15:07.554+0000] {log.py:232} WARNING - [[34m2024-08-14T02:15:07.554+0000[0m] {[34mlocal.py:[0m247} INFO[0m - [35m(astronomer-cosmos)[0m - Trying to run the command:
 ['/opt/***/dbt_venv/bin/dbt', 'snapshot', '--models', 'scd_province', '--project-dir', '/tmp/tmppewv6nla', '--profiles-dir', '/tmp/cosmos/profile/ec71862f850e9b0839075fe0561d5062ab3dd99ef2a3dac2fe4fc1486f2849d0', '--profile', 'Data_Marketplace', '--target', 'dev']
From /tmp/tmppewv6nla[0m
[2024-08-14T02:15:07.555+0000] {log.py:232} WARNING - [[34m2024-08-14T02:15:07.554+0000[0m] {[34mlocal.py:[0m247} INFO[0m - [35m(astronomer-cosmos)[0m - Trying to run the command:
 ['/opt/***/dbt_venv/bin/dbt', 'snapshot', '--models', 'scd_province', '--project-dir', '/tmp/tmppewv6nla', '--profiles-dir', '/tmp/cosmos/profile/ec71862f850e9b0839075fe0561d5062ab3dd99ef2a3dac2fe4fc1486f2849d0', '--profile', 'Data_Marketplace', '--target', 'dev']
From /tmp/tmppewv6nla[0m
[2024-08-14T02:15:07.554+0000] {local.py:247} INFO - Trying to run the command:
 ['/opt/***/dbt_venv/bin/dbt', 'snapshot', '--models', 'scd_province', '--project-dir', '/tmp/tmppewv6nla', '--profiles-dir', '/tmp/cosmos/profile/ec71862f850e9b0839075fe0561d5062ab3dd99ef2a3dac2fe4fc1486f2849d0', '--profile', 'Data_Marketplace', '--target', 'dev']
From /tmp/tmppewv6nla
[2024-08-14T02:15:07.558+0000] {log.py:232} WARNING - [[34m2024-08-14T02:15:07.558+0000[0m] {[34msubprocess.py:[0m60} INFO[0m - [35m(astronomer-cosmos)[0m - Tmp dir root location: 
 /tmp[0m
[2024-08-14T02:15:07.559+0000] {log.py:232} WARNING - [[34m2024-08-14T02:15:07.558+0000[0m] {[34msubprocess.py:[0m60} INFO[0m - [35m(astronomer-cosmos)[0m - Tmp dir root location: 
 /tmp[0m
[2024-08-14T02:15:07.558+0000] {subprocess.py:60} INFO - Tmp dir root location: 
 /tmp
[2024-08-14T02:15:07.560+0000] {log.py:232} WARNING - [[34m2024-08-14T02:15:07.560+0000[0m] {[34msubprocess.py:[0m73} INFO[0m - [35m(astronomer-cosmos)[0m - Running command: ['/opt/***/dbt_venv/bin/dbt', 'snapshot', '--models', 'scd_province', '--project-dir', '/tmp/tmppewv6nla', '--profiles-dir', '/tmp/cosmos/profile/ec71862f850e9b0839075fe0561d5062ab3dd99ef2a3dac2fe4fc1486f2849d0', '--profile', 'Data_Marketplace', '--target', 'dev'][0m
[2024-08-14T02:15:07.561+0000] {log.py:232} WARNING - [[34m2024-08-14T02:15:07.560+0000[0m] {[34msubprocess.py:[0m73} INFO[0m - [35m(astronomer-cosmos)[0m - Running command: ['/opt/***/dbt_venv/bin/dbt', 'snapshot', '--models', 'scd_province', '--project-dir', '/tmp/tmppewv6nla', '--profiles-dir', '/tmp/cosmos/profile/ec71862f850e9b0839075fe0561d5062ab3dd99ef2a3dac2fe4fc1486f2849d0', '--profile', 'Data_Marketplace', '--target', 'dev'][0m
[2024-08-14T02:15:07.560+0000] {subprocess.py:73} INFO - Running command: ['/opt/***/dbt_venv/bin/dbt', 'snapshot', '--models', 'scd_province', '--project-dir', '/tmp/tmppewv6nla', '--profiles-dir', '/tmp/cosmos/profile/ec71862f850e9b0839075fe0561d5062ab3dd99ef2a3dac2fe4fc1486f2849d0', '--profile', 'Data_Marketplace', '--target', 'dev']
[2024-08-14T02:15:07.581+0000] {log.py:232} WARNING - [[34m2024-08-14T02:15:07.580+0000[0m] {[34msubprocess.py:[0m84} INFO[0m - [35m(astronomer-cosmos)[0m - Command output:[0m
[2024-08-14T02:15:07.583+0000] {log.py:232} WARNING - [[34m2024-08-14T02:15:07.580+0000[0m] {[34msubprocess.py:[0m84} INFO[0m - [35m(astronomer-cosmos)[0m - Command output:[0m
[2024-08-14T02:15:07.580+0000] {subprocess.py:84} INFO - Command output:
[2024-08-14T02:15:09.853+0000] {log.py:232} WARNING - [[34m2024-08-14T02:15:09.853+0000[0m] {[34msubprocess.py:[0m94} INFO[0m - [35m(astronomer-cosmos)[0m - [0m02:15:09  Running with dbt=1.8.5[0m
[2024-08-14T02:15:09.855+0000] {log.py:232} WARNING - [[34m2024-08-14T02:15:09.853+0000[0m] {[34msubprocess.py:[0m94} INFO[0m - [35m(astronomer-cosmos)[0m - [0m02:15:09  Running with dbt=1.8.5[0m
[2024-08-14T02:15:09.853+0000] {subprocess.py:94} INFO - [0m02:15:09  Running with dbt=1.8.5
[2024-08-14T02:15:10.432+0000] {log.py:232} WARNING - [[34m2024-08-14T02:15:10.432+0000[0m] {[34msubprocess.py:[0m94} INFO[0m - [35m(astronomer-cosmos)[0m - [0m02:15:10  Registered adapter: snowflake=1.8.3[0m
[2024-08-14T02:15:10.433+0000] {log.py:232} WARNING - [[34m2024-08-14T02:15:10.432+0000[0m] {[34msubprocess.py:[0m94} INFO[0m - [35m(astronomer-cosmos)[0m - [0m02:15:10  Registered adapter: snowflake=1.8.3[0m
[2024-08-14T02:15:10.432+0000] {subprocess.py:94} INFO - [0m02:15:10  Registered adapter: snowflake=1.8.3
[2024-08-14T02:15:11.262+0000] {log.py:232} WARNING - [[34m2024-08-14T02:15:11.261+0000[0m] {[34msubprocess.py:[0m94} INFO[0m - [35m(astronomer-cosmos)[0m - [0m02:15:11  Found 9 models, 2 snapshots, 3 seeds, 2 data tests, 3 sources, 448 macros[0m
[2024-08-14T02:15:11.263+0000] {log.py:232} WARNING - [[34m2024-08-14T02:15:11.261+0000[0m] {[34msubprocess.py:[0m94} INFO[0m - [35m(astronomer-cosmos)[0m - [0m02:15:11  Found 9 models, 2 snapshots, 3 seeds, 2 data tests, 3 sources, 448 macros[0m
[2024-08-14T02:15:11.261+0000] {subprocess.py:94} INFO - [0m02:15:11  Found 9 models, 2 snapshots, 3 seeds, 2 data tests, 3 sources, 448 macros
[2024-08-14T02:15:11.266+0000] {log.py:232} WARNING - [[34m2024-08-14T02:15:11.265+0000[0m] {[34msubprocess.py:[0m94} INFO[0m - [35m(astronomer-cosmos)[0m - [0m02:15:11[0m
[2024-08-14T02:15:11.267+0000] {log.py:232} WARNING - [[34m2024-08-14T02:15:11.265+0000[0m] {[34msubprocess.py:[0m94} INFO[0m - [35m(astronomer-cosmos)[0m - [0m02:15:11[0m
[2024-08-14T02:15:11.265+0000] {subprocess.py:94} INFO - [0m02:15:11
[2024-08-14T02:15:13.830+0000] {log.py:232} WARNING - [[34m2024-08-14T02:15:13.829+0000[0m] {[34msubprocess.py:[0m94} INFO[0m - [35m(astronomer-cosmos)[0m - [0m02:15:13  Concurrency: 1 threads (target='dev')[0m
[2024-08-14T02:15:13.830+0000] {log.py:232} WARNING - [[34m2024-08-14T02:15:13.829+0000[0m] {[34msubprocess.py:[0m94} INFO[0m - [35m(astronomer-cosmos)[0m - [0m02:15:13  Concurrency: 1 threads (target='dev')[0m
[2024-08-14T02:15:13.829+0000] {subprocess.py:94} INFO - [0m02:15:13  Concurrency: 1 threads (target='dev')
[2024-08-14T02:15:13.831+0000] {log.py:232} WARNING - [[34m2024-08-14T02:15:13.831+0000[0m] {[34msubprocess.py:[0m94} INFO[0m - [35m(astronomer-cosmos)[0m - [0m02:15:13[0m
[2024-08-14T02:15:13.832+0000] {log.py:232} WARNING - [[34m2024-08-14T02:15:13.831+0000[0m] {[34msubprocess.py:[0m94} INFO[0m - [35m(astronomer-cosmos)[0m - [0m02:15:13[0m
[2024-08-14T02:15:13.831+0000] {subprocess.py:94} INFO - [0m02:15:13
[2024-08-14T02:15:13.839+0000] {log.py:232} WARNING - [[34m2024-08-14T02:15:13.839+0000[0m] {[34msubprocess.py:[0m94} INFO[0m - [35m(astronomer-cosmos)[0m - [0m02:15:13  1 of 1 START snapshot DWH.scd_province ......................................... [RUN][0m
[2024-08-14T02:15:13.839+0000] {log.py:232} WARNING - [[34m2024-08-14T02:15:13.839+0000[0m] {[34msubprocess.py:[0m94} INFO[0m - [35m(astronomer-cosmos)[0m - [0m02:15:13  1 of 1 START snapshot DWH.scd_province ......................................... [RUN][0m
[2024-08-14T02:15:13.839+0000] {subprocess.py:94} INFO - [0m02:15:13  1 of 1 START snapshot DWH.scd_province ......................................... [RUN]
[2024-08-14T02:15:19.849+0000] {log.py:232} WARNING - [[34m2024-08-14T02:15:19.848+0000[0m] {[34msubprocess.py:[0m94} INFO[0m - [35m(astronomer-cosmos)[0m - [0m02:15:19  1 of 1 OK snapshotted DWH.scd_province ......................................... [[32mSUCCESS 0[0m in 6.00s][0m
[2024-08-14T02:15:19.851+0000] {log.py:232} WARNING - [[34m2024-08-14T02:15:19.848+0000[0m] {[34msubprocess.py:[0m94} INFO[0m - [35m(astronomer-cosmos)[0m - [0m02:15:19  1 of 1 OK snapshotted DWH.scd_province ......................................... [[32mSUCCESS 0[0m in 6.00s][0m
[2024-08-14T02:15:19.848+0000] {subprocess.py:94} INFO - [0m02:15:19  1 of 1 OK snapshotted DWH.scd_province ......................................... [[32mSUCCESS 0[0m in 6.00s]
[2024-08-14T02:15:19.856+0000] {log.py:232} WARNING - [[34m2024-08-14T02:15:19.856+0000[0m] {[34msubprocess.py:[0m94} INFO[0m - [35m(astronomer-cosmos)[0m - [0m02:15:19[0m
[2024-08-14T02:15:19.857+0000] {log.py:232} WARNING - [[34m2024-08-14T02:15:19.856+0000[0m] {[34msubprocess.py:[0m94} INFO[0m - [35m(astronomer-cosmos)[0m - [0m02:15:19[0m
[2024-08-14T02:15:19.856+0000] {subprocess.py:94} INFO - [0m02:15:19
[2024-08-14T02:15:19.860+0000] {log.py:232} WARNING - [[34m2024-08-14T02:15:19.860+0000[0m] {[34msubprocess.py:[0m94} INFO[0m - [35m(astronomer-cosmos)[0m - [0m02:15:19  Finished running 1 snapshot in 0 hours 0 minutes and 8.59 seconds (8.59s).[0m
[2024-08-14T02:15:19.862+0000] {log.py:232} WARNING - [[34m2024-08-14T02:15:19.860+0000[0m] {[34msubprocess.py:[0m94} INFO[0m - [35m(astronomer-cosmos)[0m - [0m02:15:19  Finished running 1 snapshot in 0 hours 0 minutes and 8.59 seconds (8.59s).[0m
[2024-08-14T02:15:19.860+0000] {subprocess.py:94} INFO - [0m02:15:19  Finished running 1 snapshot in 0 hours 0 minutes and 8.59 seconds (8.59s).
[2024-08-14T02:15:19.902+0000] {log.py:232} WARNING - [[34m2024-08-14T02:15:19.902+0000[0m] {[34msubprocess.py:[0m94} INFO[0m - [35m(astronomer-cosmos)[0m - [0m02:15:19[0m
[2024-08-14T02:15:19.903+0000] {log.py:232} WARNING - [[34m2024-08-14T02:15:19.902+0000[0m] {[34msubprocess.py:[0m94} INFO[0m - [35m(astronomer-cosmos)[0m - [0m02:15:19[0m
[2024-08-14T02:15:19.902+0000] {subprocess.py:94} INFO - [0m02:15:19
[2024-08-14T02:15:19.905+0000] {log.py:232} WARNING - [[34m2024-08-14T02:15:19.904+0000[0m] {[34msubprocess.py:[0m94} INFO[0m - [35m(astronomer-cosmos)[0m - [0m02:15:19  [32mCompleted successfully[0m[0m
[2024-08-14T02:15:19.905+0000] {log.py:232} WARNING - [[34m2024-08-14T02:15:19.904+0000[0m] {[34msubprocess.py:[0m94} INFO[0m - [35m(astronomer-cosmos)[0m - [0m02:15:19  [32mCompleted successfully[0m[0m
[2024-08-14T02:15:19.904+0000] {subprocess.py:94} INFO - [0m02:15:19  [32mCompleted successfully[0m
[2024-08-14T02:15:19.906+0000] {log.py:232} WARNING - [[34m2024-08-14T02:15:19.906+0000[0m] {[34msubprocess.py:[0m94} INFO[0m - [35m(astronomer-cosmos)[0m - [0m02:15:19[0m
[2024-08-14T02:15:19.907+0000] {log.py:232} WARNING - [[34m2024-08-14T02:15:19.906+0000[0m] {[34msubprocess.py:[0m94} INFO[0m - [35m(astronomer-cosmos)[0m - [0m02:15:19[0m
[2024-08-14T02:15:19.906+0000] {subprocess.py:94} INFO - [0m02:15:19
[2024-08-14T02:15:19.909+0000] {log.py:232} WARNING - [[34m2024-08-14T02:15:19.909+0000[0m] {[34msubprocess.py:[0m94} INFO[0m - [35m(astronomer-cosmos)[0m - [0m02:15:19  Done. PASS=1 WARN=0 ERROR=0 SKIP=0 TOTAL=1[0m
[2024-08-14T02:15:19.910+0000] {log.py:232} WARNING - [[34m2024-08-14T02:15:19.909+0000[0m] {[34msubprocess.py:[0m94} INFO[0m - [35m(astronomer-cosmos)[0m - [0m02:15:19  Done. PASS=1 WARN=0 ERROR=0 SKIP=0 TOTAL=1[0m
[2024-08-14T02:15:19.909+0000] {subprocess.py:94} INFO - [0m02:15:19  Done. PASS=1 WARN=0 ERROR=0 SKIP=0 TOTAL=1
[2024-08-14T02:15:21.655+0000] {log.py:232} WARNING - [[34m2024-08-14T02:15:21.654+0000[0m] {[34msubprocess.py:[0m98} INFO[0m - [35m(astronomer-cosmos)[0m - Command exited with return code 0[0m
[2024-08-14T02:15:21.656+0000] {log.py:232} WARNING - [[34m2024-08-14T02:15:21.654+0000[0m] {[34msubprocess.py:[0m98} INFO[0m - [35m(astronomer-cosmos)[0m - Command exited with return code 0[0m
[2024-08-14T02:15:21.654+0000] {subprocess.py:98} INFO - Command exited with return code 0
[2024-08-14T02:15:21.658+0000] {log.py:232} WARNING - [[34m2024-08-14T02:15:21.658+0000[0m] {[34mlocal.py:[0m254} INFO[0m - [35m(astronomer-cosmos)[0m - [0m02:15:19  Done. PASS=1 WARN=0 ERROR=0 SKIP=0 TOTAL=1[0m
[2024-08-14T02:15:21.659+0000] {log.py:232} WARNING - [[34m2024-08-14T02:15:21.658+0000[0m] {[34mlocal.py:[0m254} INFO[0m - [35m(astronomer-cosmos)[0m - [0m02:15:19  Done. PASS=1 WARN=0 ERROR=0 SKIP=0 TOTAL=1[0m
[2024-08-14T02:15:21.658+0000] {local.py:254} INFO - [0m02:15:19  Done. PASS=1 WARN=0 ERROR=0 SKIP=0 TOTAL=1
[2024-08-14T02:15:21.685+0000] {local.py:196} WARNING - Artifact schema version: https://schemas.getdbt.com/dbt/manifest/v12.json is above dbt-ol supported version 7. This might cause errors.
[2024-08-14T02:15:21.686+0000] {local.py:196} WARNING - Artifact schema version: https://schemas.getdbt.com/dbt/run-results/v6.json is above dbt-ol supported version 5. This might cause errors.
[2024-08-14T02:15:21.695+0000] {log.py:232} WARNING - [[34m2024-08-14T02:15:21.695+0000[0m] {[34mlocal.py:[0m349} INFO[0m - [35m(astronomer-cosmos)[0m - Inlets: [Dataset(uri='snowflake://uz36730.ap-southeast-1.aws/POC_DATA_MARKETPLACE.DWH.dim_province', extra=None)][0m
[2024-08-14T02:15:21.696+0000] {log.py:232} WARNING - [[34m2024-08-14T02:15:21.695+0000[0m] {[34mlocal.py:[0m349} INFO[0m - [35m(astronomer-cosmos)[0m - Inlets: [Dataset(uri='snowflake://uz36730.ap-southeast-1.aws/POC_DATA_MARKETPLACE.DWH.dim_province', extra=None)][0m
[2024-08-14T02:15:21.695+0000] {local.py:349} INFO - Inlets: [Dataset(uri='snowflake://uz36730.ap-southeast-1.aws/POC_DATA_MARKETPLACE.DWH.dim_province', extra=None)]
[2024-08-14T02:15:21.697+0000] {log.py:232} WARNING - [[34m2024-08-14T02:15:21.697+0000[0m] {[34mlocal.py:[0m350} INFO[0m - [35m(astronomer-cosmos)[0m - Outlets: [Dataset(uri='snowflake://uz36730.ap-southeast-1.aws/POC_DATA_MARKETPLACE.DWH.scd_province', extra=None)][0m
[2024-08-14T02:15:21.698+0000] {log.py:232} WARNING - [[34m2024-08-14T02:15:21.697+0000[0m] {[34mlocal.py:[0m350} INFO[0m - [35m(astronomer-cosmos)[0m - Outlets: [Dataset(uri='snowflake://uz36730.ap-southeast-1.aws/POC_DATA_MARKETPLACE.DWH.scd_province', extra=None)][0m
[2024-08-14T02:15:21.697+0000] {local.py:350} INFO - Outlets: [Dataset(uri='snowflake://uz36730.ap-southeast-1.aws/POC_DATA_MARKETPLACE.DWH.scd_province', extra=None)]
[2024-08-14T02:15:21.700+0000] {dag.py:3096} INFO - Sync 1 DAGs
[2024-08-14T02:15:21.739+0000] {dag.py:3954} INFO - Setting next_dagrun for Scrape_Province to 2024-08-14 00:00:00+00:00, run_after=2024-08-15 00:00:00+00:00
[2024-08-14T02:15:21.788+0000] {taskinstance.py:441} INFO - ::group::Post task execution logs
[2024-08-14T02:15:21.825+0000] {taskinstance.py:1206} INFO - Marking task as SUCCESS. dag_id=Scrape_Province, task_id=province_models.scd_province_snapshot, run_id=scheduled__2024-08-13T00:00:00+00:00, execution_date=20240813T000000, start_date=20240814T021506, end_date=20240814T021521
[2024-08-14T02:15:21.892+0000] {local_task_job_runner.py:240} INFO - Task exited with return code 0
[2024-08-14T02:15:21.935+0000] {taskinstance.py:3503} INFO - 1 downstream tasks scheduled from follow-on schedule check
[2024-08-14T02:15:21.958+0000] {local_task_job_runner.py:222} INFO - ::endgroup::
