[2024-08-09T08:06:43.790+0000] {local_task_job_runner.py:120} INFO - ::group::Pre task execution logs
[2024-08-09T08:06:43.897+0000] {taskinstance.py:2076} INFO - Dependencies all met for dep_context=non-requeueable deps ti=<TaskInstance: dbt_dag.Province_Name_seed manual__2024-08-09T08:00:42.008960+00:00 [queued]>
[2024-08-09T08:06:43.951+0000] {taskinstance.py:2076} INFO - Dependencies all met for dep_context=requeueable deps ti=<TaskInstance: dbt_dag.Province_Name_seed manual__2024-08-09T08:00:42.008960+00:00 [queued]>
[2024-08-09T08:06:43.951+0000] {taskinstance.py:2306} INFO - Starting attempt 1 of 1
[2024-08-09T08:06:44.035+0000] {taskinstance.py:2330} INFO - Executing <Task(DbtSeedLocalOperator): Province_Name_seed> on 2024-08-09 08:00:42.008960+00:00
[2024-08-09T08:06:44.109+0000] {warnings.py:112} WARNING - /home/***/.local/lib/python3.12/site-packages/***/task/task_runner/standard_task_runner.py:61: DeprecationWarning: This process (pid=176) is multi-threaded, use of fork() may lead to deadlocks in the child.
  pid = os.fork()

[2024-08-09T08:06:44.132+0000] {standard_task_runner.py:63} INFO - Started process 182 to run task
[2024-08-09T08:06:44.142+0000] {standard_task_runner.py:90} INFO - Running: ['***', 'tasks', 'run', 'dbt_dag', 'Province_Name_seed', 'manual__2024-08-09T08:00:42.008960+00:00', '--job-id', '17', '--raw', '--subdir', 'DAGS_FOLDER/dbt.py', '--cfg-path', '/tmp/tmp52at9jjy']
[2024-08-09T08:06:44.172+0000] {standard_task_runner.py:91} INFO - Job 17: Subtask Province_Name_seed
[2024-08-09T08:06:44.246+0000] {warnings.py:112} WARNING - /home/***/.local/lib/python3.12/site-packages/***/settings.py:195: DeprecationWarning: The sql_alchemy_conn option in [core] has been moved to the sql_alchemy_conn option in [database] - the old setting has been used, but please update your config.
  SQL_ALCHEMY_CONN = conf.get("database", "SQL_ALCHEMY_CONN")

[2024-08-09T08:06:44.469+0000] {task_command.py:426} INFO - Running <TaskInstance: dbt_dag.Province_Name_seed manual__2024-08-09T08:00:42.008960+00:00 [running]> on host ubuntu
[2024-08-09T08:06:44.999+0000] {taskinstance.py:2648} INFO - Exporting env vars: AIRFLOW_CTX_DAG_OWNER='***' AIRFLOW_CTX_DAG_ID='dbt_dag' AIRFLOW_CTX_TASK_ID='Province_Name_seed' AIRFLOW_CTX_EXECUTION_DATE='2024-08-09T08:00:42.008960+00:00' AIRFLOW_CTX_TRY_NUMBER='1' AIRFLOW_CTX_DAG_RUN_ID='manual__2024-08-09T08:00:42.008960+00:00'
[2024-08-09T08:06:45.004+0000] {taskinstance.py:430} INFO - ::endgroup::
[2024-08-09T08:06:45.121+0000] {log.py:232} WARNING - [[34m2024-08-09T08:06:45.121+0000[0m] {[34mgraph.py:[0m377} INFO[0m - [35m(astronomer-cosmos)[0m - Trying to parse the dbt project using dbt ls cache cosmos_cache__dbt_dag...[0m
[2024-08-09T08:06:45.122+0000] {log.py:232} WARNING - [[34m2024-08-09T08:06:45.121+0000[0m] {[34mgraph.py:[0m377} INFO[0m - [35m(astronomer-cosmos)[0m - Trying to parse the dbt project using dbt ls cache cosmos_cache__dbt_dag...[0m
[2024-08-09T08:06:45.121+0000] {graph.py:377} INFO - Trying to parse the dbt project using dbt ls cache cosmos_cache__dbt_dag...
[2024-08-09T08:06:45.176+0000] {log.py:232} WARNING - [[34m2024-08-09T08:06:45.172+0000[0m] {[34mcache.py:[0m262} INFO[0m - [35m(astronomer-cosmos)[0m - Cosmos performance: time to calculate cache identifier cosmos_cache__dbt_dag for current version: 0.017117108999627817[0m
[2024-08-09T08:06:45.177+0000] {log.py:232} WARNING - [[34m2024-08-09T08:06:45.172+0000[0m] {[34mcache.py:[0m262} INFO[0m - [35m(astronomer-cosmos)[0m - Cosmos performance: time to calculate cache identifier cosmos_cache__dbt_dag for current version: 0.017117108999627817[0m
[2024-08-09T08:06:45.172+0000] {cache.py:262} INFO - Cosmos performance: time to calculate cache identifier cosmos_cache__dbt_dag for current version: 0.017117108999627817
[2024-08-09T08:06:45.178+0000] {log.py:232} WARNING - [[34m2024-08-09T08:06:45.177+0000[0m] {[34mgraph.py:[0m394} INFO[0m - [35m(astronomer-cosmos)[0m - Cosmos performance [ubuntu|182]: The cache size for cosmos_cache__dbt_dag is 14843[0m
[2024-08-09T08:06:45.178+0000] {log.py:232} WARNING - [[34m2024-08-09T08:06:45.177+0000[0m] {[34mgraph.py:[0m394} INFO[0m - [35m(astronomer-cosmos)[0m - Cosmos performance [ubuntu|182]: The cache size for cosmos_cache__dbt_dag is 14843[0m
[2024-08-09T08:06:45.177+0000] {graph.py:394} INFO - Cosmos performance [ubuntu|182]: The cache size for cosmos_cache__dbt_dag is 14843
[2024-08-09T08:06:45.199+0000] {log.py:232} WARNING - [[34m2024-08-09T08:06:45.193+0000[0m] {[34mgraph.py:[0m402} INFO[0m - [35m(astronomer-cosmos)[0m - Cosmos performance: Cache hit for cosmos_cache__dbt_dag - f0894e22ca1fc514beb9335fa3aa34e2,d41d8cd98f00b204e9800998ecf8427e[0m
[2024-08-09T08:06:45.202+0000] {log.py:232} WARNING - [[34m2024-08-09T08:06:45.193+0000[0m] {[34mgraph.py:[0m402} INFO[0m - [35m(astronomer-cosmos)[0m - Cosmos performance: Cache hit for cosmos_cache__dbt_dag - f0894e22ca1fc514beb9335fa3aa34e2,d41d8cd98f00b204e9800998ecf8427e[0m
[2024-08-09T08:06:45.193+0000] {graph.py:402} INFO - Cosmos performance: Cache hit for cosmos_cache__dbt_dag - f0894e22ca1fc514beb9335fa3aa34e2,d41d8cd98f00b204e9800998ecf8427e
[2024-08-09T08:06:45.203+0000] {log.py:232} WARNING - [[34m2024-08-09T08:06:45.202+0000[0m] {[34mgraph.py:[0m335} INFO[0m - [35m(astronomer-cosmos)[0m - Total nodes: 19[0m
[2024-08-09T08:06:45.203+0000] {log.py:232} WARNING - [[34m2024-08-09T08:06:45.202+0000[0m] {[34mgraph.py:[0m335} INFO[0m - [35m(astronomer-cosmos)[0m - Total nodes: 19[0m
[2024-08-09T08:06:45.202+0000] {graph.py:335} INFO - Total nodes: 19
[2024-08-09T08:06:45.213+0000] {log.py:232} WARNING - [[34m2024-08-09T08:06:45.213+0000[0m] {[34mgraph.py:[0m336} INFO[0m - [35m(astronomer-cosmos)[0m - Total filtered nodes: 19[0m
[2024-08-09T08:06:45.214+0000] {log.py:232} WARNING - [[34m2024-08-09T08:06:45.213+0000[0m] {[34mgraph.py:[0m336} INFO[0m - [35m(astronomer-cosmos)[0m - Total filtered nodes: 19[0m
[2024-08-09T08:06:45.213+0000] {graph.py:336} INFO - Total filtered nodes: 19
[2024-08-09T08:06:45.214+0000] {log.py:232} WARNING - [[34m2024-08-09T08:06:45.214+0000[0m] {[34mconverter.py:[0m251} INFO[0m - [35m(astronomer-cosmos)[0m - Cosmos performance (dbt_dag) -  [ubuntu|182]: It took 0.0933s to parse the dbt project for DAG using LoadMode.DBT_LS_CACHE[0m
[2024-08-09T08:06:45.220+0000] {log.py:232} WARNING - [[34m2024-08-09T08:06:45.214+0000[0m] {[34mconverter.py:[0m251} INFO[0m - [35m(astronomer-cosmos)[0m - Cosmos performance (dbt_dag) -  [ubuntu|182]: It took 0.0933s to parse the dbt project for DAG using LoadMode.DBT_LS_CACHE[0m
[2024-08-09T08:06:45.214+0000] {converter.py:251} INFO - Cosmos performance (dbt_dag) -  [ubuntu|182]: It took 0.0933s to parse the dbt project for DAG using LoadMode.DBT_LS_CACHE
[2024-08-09T08:06:45.228+0000] {log.py:232} WARNING - [[34m2024-08-09T08:06:45.228+0000[0m] {[34mproject.py:[0m35} INFO[0m - [35m(astronomer-cosmos)[0m - Project /usr/local/***/dags/Data_Marketplace does not have {'packages.yml', 'dependencies.yml'}[0m
[2024-08-09T08:06:45.228+0000] {log.py:232} WARNING - [[34m2024-08-09T08:06:45.228+0000[0m] {[34mproject.py:[0m35} INFO[0m - [35m(astronomer-cosmos)[0m - Project /usr/local/***/dags/Data_Marketplace does not have {'packages.yml', 'dependencies.yml'}[0m
[2024-08-09T08:06:45.228+0000] {project.py:35} INFO - Project /usr/local/***/dags/Data_Marketplace does not have {'packages.yml', 'dependencies.yml'}
[2024-08-09T08:06:45.239+0000] {log.py:232} WARNING - [[34m2024-08-09T08:06:45.239+0000[0m] {[34mproject.py:[0m35} INFO[0m - [35m(astronomer-cosmos)[0m - Project /usr/local/***/dags/Data_Marketplace does not have {'packages.yml', 'dependencies.yml'}[0m
[2024-08-09T08:06:45.239+0000] {log.py:232} WARNING - [[34m2024-08-09T08:06:45.239+0000[0m] {[34mproject.py:[0m35} INFO[0m - [35m(astronomer-cosmos)[0m - Project /usr/local/***/dags/Data_Marketplace does not have {'packages.yml', 'dependencies.yml'}[0m
[2024-08-09T08:06:45.239+0000] {project.py:35} INFO - Project /usr/local/***/dags/Data_Marketplace does not have {'packages.yml', 'dependencies.yml'}
[2024-08-09T08:06:45.247+0000] {log.py:232} WARNING - [[34m2024-08-09T08:06:45.247+0000[0m] {[34mproject.py:[0m35} INFO[0m - [35m(astronomer-cosmos)[0m - Project /usr/local/***/dags/Data_Marketplace does not have {'packages.yml', 'dependencies.yml'}[0m
[2024-08-09T08:06:45.248+0000] {log.py:232} WARNING - [[34m2024-08-09T08:06:45.247+0000[0m] {[34mproject.py:[0m35} INFO[0m - [35m(astronomer-cosmos)[0m - Project /usr/local/***/dags/Data_Marketplace does not have {'packages.yml', 'dependencies.yml'}[0m
[2024-08-09T08:06:45.247+0000] {project.py:35} INFO - Project /usr/local/***/dags/Data_Marketplace does not have {'packages.yml', 'dependencies.yml'}
[2024-08-09T08:06:45.252+0000] {log.py:232} WARNING - [[34m2024-08-09T08:06:45.252+0000[0m] {[34mproject.py:[0m35} INFO[0m - [35m(astronomer-cosmos)[0m - Project /usr/local/***/dags/Data_Marketplace does not have {'packages.yml', 'dependencies.yml'}[0m
[2024-08-09T08:06:45.256+0000] {log.py:232} WARNING - [[34m2024-08-09T08:06:45.252+0000[0m] {[34mproject.py:[0m35} INFO[0m - [35m(astronomer-cosmos)[0m - Project /usr/local/***/dags/Data_Marketplace does not have {'packages.yml', 'dependencies.yml'}[0m
[2024-08-09T08:06:45.252+0000] {project.py:35} INFO - Project /usr/local/***/dags/Data_Marketplace does not have {'packages.yml', 'dependencies.yml'}
[2024-08-09T08:06:45.263+0000] {log.py:232} WARNING - [[34m2024-08-09T08:06:45.263+0000[0m] {[34mproject.py:[0m35} INFO[0m - [35m(astronomer-cosmos)[0m - Project /usr/local/***/dags/Data_Marketplace does not have {'packages.yml', 'dependencies.yml'}[0m
[2024-08-09T08:06:45.264+0000] {log.py:232} WARNING - [[34m2024-08-09T08:06:45.263+0000[0m] {[34mproject.py:[0m35} INFO[0m - [35m(astronomer-cosmos)[0m - Project /usr/local/***/dags/Data_Marketplace does not have {'packages.yml', 'dependencies.yml'}[0m
[2024-08-09T08:06:45.263+0000] {project.py:35} INFO - Project /usr/local/***/dags/Data_Marketplace does not have {'packages.yml', 'dependencies.yml'}
[2024-08-09T08:06:45.272+0000] {log.py:232} WARNING - [[34m2024-08-09T08:06:45.271+0000[0m] {[34mproject.py:[0m35} INFO[0m - [35m(astronomer-cosmos)[0m - Project /usr/local/***/dags/Data_Marketplace does not have {'packages.yml', 'dependencies.yml'}[0m
[2024-08-09T08:06:45.272+0000] {log.py:232} WARNING - [[34m2024-08-09T08:06:45.271+0000[0m] {[34mproject.py:[0m35} INFO[0m - [35m(astronomer-cosmos)[0m - Project /usr/local/***/dags/Data_Marketplace does not have {'packages.yml', 'dependencies.yml'}[0m
[2024-08-09T08:06:45.271+0000] {project.py:35} INFO - Project /usr/local/***/dags/Data_Marketplace does not have {'packages.yml', 'dependencies.yml'}
[2024-08-09T08:06:45.284+0000] {log.py:232} WARNING - [[34m2024-08-09T08:06:45.283+0000[0m] {[34mproject.py:[0m35} INFO[0m - [35m(astronomer-cosmos)[0m - Project /usr/local/***/dags/Data_Marketplace does not have {'packages.yml', 'dependencies.yml'}[0m
[2024-08-09T08:06:45.284+0000] {log.py:232} WARNING - [[34m2024-08-09T08:06:45.283+0000[0m] {[34mproject.py:[0m35} INFO[0m - [35m(astronomer-cosmos)[0m - Project /usr/local/***/dags/Data_Marketplace does not have {'packages.yml', 'dependencies.yml'}[0m
[2024-08-09T08:06:45.283+0000] {project.py:35} INFO - Project /usr/local/***/dags/Data_Marketplace does not have {'packages.yml', 'dependencies.yml'}
[2024-08-09T08:06:45.295+0000] {log.py:232} WARNING - [[34m2024-08-09T08:06:45.294+0000[0m] {[34mproject.py:[0m35} INFO[0m - [35m(astronomer-cosmos)[0m - Project /usr/local/***/dags/Data_Marketplace does not have {'packages.yml', 'dependencies.yml'}[0m
[2024-08-09T08:06:45.295+0000] {log.py:232} WARNING - [[34m2024-08-09T08:06:45.294+0000[0m] {[34mproject.py:[0m35} INFO[0m - [35m(astronomer-cosmos)[0m - Project /usr/local/***/dags/Data_Marketplace does not have {'packages.yml', 'dependencies.yml'}[0m
[2024-08-09T08:06:45.294+0000] {project.py:35} INFO - Project /usr/local/***/dags/Data_Marketplace does not have {'packages.yml', 'dependencies.yml'}
[2024-08-09T08:06:45.304+0000] {log.py:232} WARNING - [[34m2024-08-09T08:06:45.304+0000[0m] {[34mproject.py:[0m35} INFO[0m - [35m(astronomer-cosmos)[0m - Project /usr/local/***/dags/Data_Marketplace does not have {'packages.yml', 'dependencies.yml'}[0m
[2024-08-09T08:06:45.304+0000] {log.py:232} WARNING - [[34m2024-08-09T08:06:45.304+0000[0m] {[34mproject.py:[0m35} INFO[0m - [35m(astronomer-cosmos)[0m - Project /usr/local/***/dags/Data_Marketplace does not have {'packages.yml', 'dependencies.yml'}[0m
[2024-08-09T08:06:45.304+0000] {project.py:35} INFO - Project /usr/local/***/dags/Data_Marketplace does not have {'packages.yml', 'dependencies.yml'}
[2024-08-09T08:06:45.307+0000] {log.py:232} WARNING - [[34m2024-08-09T08:06:45.307+0000[0m] {[34mproject.py:[0m35} INFO[0m - [35m(astronomer-cosmos)[0m - Project /usr/local/***/dags/Data_Marketplace does not have {'packages.yml', 'dependencies.yml'}[0m
[2024-08-09T08:06:45.307+0000] {log.py:232} WARNING - [[34m2024-08-09T08:06:45.307+0000[0m] {[34mproject.py:[0m35} INFO[0m - [35m(astronomer-cosmos)[0m - Project /usr/local/***/dags/Data_Marketplace does not have {'packages.yml', 'dependencies.yml'}[0m
[2024-08-09T08:06:45.307+0000] {project.py:35} INFO - Project /usr/local/***/dags/Data_Marketplace does not have {'packages.yml', 'dependencies.yml'}
[2024-08-09T08:06:45.314+0000] {log.py:232} WARNING - [[34m2024-08-09T08:06:45.314+0000[0m] {[34mproject.py:[0m35} INFO[0m - [35m(astronomer-cosmos)[0m - Project /usr/local/***/dags/Data_Marketplace does not have {'packages.yml', 'dependencies.yml'}[0m
[2024-08-09T08:06:45.320+0000] {log.py:232} WARNING - [[34m2024-08-09T08:06:45.314+0000[0m] {[34mproject.py:[0m35} INFO[0m - [35m(astronomer-cosmos)[0m - Project /usr/local/***/dags/Data_Marketplace does not have {'packages.yml', 'dependencies.yml'}[0m
[2024-08-09T08:06:45.314+0000] {project.py:35} INFO - Project /usr/local/***/dags/Data_Marketplace does not have {'packages.yml', 'dependencies.yml'}
[2024-08-09T08:06:45.328+0000] {log.py:232} WARNING - [[34m2024-08-09T08:06:45.328+0000[0m] {[34mproject.py:[0m35} INFO[0m - [35m(astronomer-cosmos)[0m - Project /usr/local/***/dags/Data_Marketplace does not have {'packages.yml', 'dependencies.yml'}[0m
[2024-08-09T08:06:45.328+0000] {log.py:232} WARNING - [[34m2024-08-09T08:06:45.328+0000[0m] {[34mproject.py:[0m35} INFO[0m - [35m(astronomer-cosmos)[0m - Project /usr/local/***/dags/Data_Marketplace does not have {'packages.yml', 'dependencies.yml'}[0m
[2024-08-09T08:06:45.328+0000] {project.py:35} INFO - Project /usr/local/***/dags/Data_Marketplace does not have {'packages.yml', 'dependencies.yml'}
[2024-08-09T08:06:45.337+0000] {log.py:232} WARNING - [[34m2024-08-09T08:06:45.337+0000[0m] {[34mproject.py:[0m35} INFO[0m - [35m(astronomer-cosmos)[0m - Project /usr/local/***/dags/Data_Marketplace does not have {'packages.yml', 'dependencies.yml'}[0m
[2024-08-09T08:06:45.337+0000] {log.py:232} WARNING - [[34m2024-08-09T08:06:45.337+0000[0m] {[34mproject.py:[0m35} INFO[0m - [35m(astronomer-cosmos)[0m - Project /usr/local/***/dags/Data_Marketplace does not have {'packages.yml', 'dependencies.yml'}[0m
[2024-08-09T08:06:45.337+0000] {project.py:35} INFO - Project /usr/local/***/dags/Data_Marketplace does not have {'packages.yml', 'dependencies.yml'}
[2024-08-09T08:06:45.350+0000] {log.py:232} WARNING - [[34m2024-08-09T08:06:45.350+0000[0m] {[34mproject.py:[0m35} INFO[0m - [35m(astronomer-cosmos)[0m - Project /usr/local/***/dags/Data_Marketplace does not have {'packages.yml', 'dependencies.yml'}[0m
[2024-08-09T08:06:45.351+0000] {log.py:232} WARNING - [[34m2024-08-09T08:06:45.350+0000[0m] {[34mproject.py:[0m35} INFO[0m - [35m(astronomer-cosmos)[0m - Project /usr/local/***/dags/Data_Marketplace does not have {'packages.yml', 'dependencies.yml'}[0m
[2024-08-09T08:06:45.350+0000] {project.py:35} INFO - Project /usr/local/***/dags/Data_Marketplace does not have {'packages.yml', 'dependencies.yml'}
[2024-08-09T08:06:45.374+0000] {log.py:232} WARNING - [[34m2024-08-09T08:06:45.373+0000[0m] {[34mproject.py:[0m35} INFO[0m - [35m(astronomer-cosmos)[0m - Project /usr/local/***/dags/Data_Marketplace does not have {'packages.yml', 'dependencies.yml'}[0m
[2024-08-09T08:06:45.374+0000] {log.py:232} WARNING - [[34m2024-08-09T08:06:45.373+0000[0m] {[34mproject.py:[0m35} INFO[0m - [35m(astronomer-cosmos)[0m - Project /usr/local/***/dags/Data_Marketplace does not have {'packages.yml', 'dependencies.yml'}[0m
[2024-08-09T08:06:45.373+0000] {project.py:35} INFO - Project /usr/local/***/dags/Data_Marketplace does not have {'packages.yml', 'dependencies.yml'}
[2024-08-09T08:06:45.394+0000] {log.py:232} WARNING - [[34m2024-08-09T08:06:45.394+0000[0m] {[34mgraph.py:[0m173} WARNING[0m - [35m(astronomer-cosmos)[0m - Unavailable conversion function for <DbtResourceType.SOURCE> (node <source.Data_Marketplace.Raw.City>). Define a converter function using render_config.node_converters.[0m
[2024-08-09T08:06:45.395+0000] {log.py:232} WARNING - [[34m2024-08-09T08:06:45.394+0000[0m] {[34mgraph.py:[0m173} WARNING[0m - [35m(astronomer-cosmos)[0m - Unavailable conversion function for <DbtResourceType.SOURCE> (node <source.Data_Marketplace.Raw.City>). Define a converter function using render_config.node_converters.[0m
[2024-08-09T08:06:45.394+0000] {graph.py:173} WARNING - Unavailable conversion function for <DbtResourceType.SOURCE> (node <source.Data_Marketplace.Raw.City>). Define a converter function using render_config.node_converters.
[2024-08-09T08:06:45.396+0000] {log.py:232} WARNING - [[34m2024-08-09T08:06:45.396+0000[0m] {[34mgraph.py:[0m173} WARNING[0m - [35m(astronomer-cosmos)[0m - Unavailable conversion function for <DbtResourceType.SOURCE> (node <source.Data_Marketplace.Raw.Province>). Define a converter function using render_config.node_converters.[0m
[2024-08-09T08:06:45.396+0000] {log.py:232} WARNING - [[34m2024-08-09T08:06:45.396+0000[0m] {[34mgraph.py:[0m173} WARNING[0m - [35m(astronomer-cosmos)[0m - Unavailable conversion function for <DbtResourceType.SOURCE> (node <source.Data_Marketplace.Raw.Province>). Define a converter function using render_config.node_converters.[0m
[2024-08-09T08:06:45.396+0000] {graph.py:173} WARNING - Unavailable conversion function for <DbtResourceType.SOURCE> (node <source.Data_Marketplace.Raw.Province>). Define a converter function using render_config.node_converters.
[2024-08-09T08:06:45.409+0000] {log.py:232} WARNING - [[34m2024-08-09T08:06:45.409+0000[0m] {[34mgraph.py:[0m173} WARNING[0m - [35m(astronomer-cosmos)[0m - Unavailable conversion function for <DbtResourceType.SOURCE> (node <source.Data_Marketplace.Raw.Weather_Data>). Define a converter function using render_config.node_converters.[0m
[2024-08-09T08:06:45.410+0000] {log.py:232} WARNING - [[34m2024-08-09T08:06:45.409+0000[0m] {[34mgraph.py:[0m173} WARNING[0m - [35m(astronomer-cosmos)[0m - Unavailable conversion function for <DbtResourceType.SOURCE> (node <source.Data_Marketplace.Raw.Weather_Data>). Define a converter function using render_config.node_converters.[0m
[2024-08-09T08:06:45.409+0000] {graph.py:173} WARNING - Unavailable conversion function for <DbtResourceType.SOURCE> (node <source.Data_Marketplace.Raw.Weather_Data>). Define a converter function using render_config.node_converters.
[2024-08-09T08:06:45.421+0000] {log.py:232} WARNING - [[34m2024-08-09T08:06:45.420+0000[0m] {[34mconverter.py:[0m293} INFO[0m - [35m(astronomer-cosmos)[0m - Cosmos performance (dbt_dag) - [ubuntu|182]: It took 0.206s to build the Airflow DAG.[0m
[2024-08-09T08:06:45.435+0000] {log.py:232} WARNING - [[34m2024-08-09T08:06:45.420+0000[0m] {[34mconverter.py:[0m293} INFO[0m - [35m(astronomer-cosmos)[0m - Cosmos performance (dbt_dag) - [ubuntu|182]: It took 0.206s to build the Airflow DAG.[0m
[2024-08-09T08:06:45.420+0000] {converter.py:293} INFO - Cosmos performance (dbt_dag) - [ubuntu|182]: It took 0.206s to build the Airflow DAG.
[2024-08-09T08:06:45.436+0000] {log.py:232} WARNING - [[34m2024-08-09T08:06:45.436+0000[0m] {[34mlocal.py:[0m174} INFO[0m - [35m(astronomer-cosmos)[0m - Could not import dbtRunner. Falling back to subprocess for invoking dbt.[0m
[2024-08-09T08:06:45.448+0000] {log.py:232} WARNING - [[34m2024-08-09T08:06:45.436+0000[0m] {[34mlocal.py:[0m174} INFO[0m - [35m(astronomer-cosmos)[0m - Could not import dbtRunner. Falling back to subprocess for invoking dbt.[0m
[2024-08-09T08:06:45.436+0000] {local.py:174} INFO - Could not import dbtRunner. Falling back to subprocess for invoking dbt.
[2024-08-09T08:06:45.449+0000] {log.py:232} WARNING - [[34m2024-08-09T08:06:45.449+0000[0m] {[34mlocal.py:[0m292} INFO[0m - [35m(astronomer-cosmos)[0m - Cloning project to writable temp directory /tmp/tmpvm1cm5bo from /usr/local/***/dags/Data_Marketplace[0m
[2024-08-09T08:06:45.449+0000] {log.py:232} WARNING - [[34m2024-08-09T08:06:45.449+0000[0m] {[34mlocal.py:[0m292} INFO[0m - [35m(astronomer-cosmos)[0m - Cloning project to writable temp directory /tmp/tmpvm1cm5bo from /usr/local/***/dags/Data_Marketplace[0m
[2024-08-09T08:06:45.449+0000] {local.py:292} INFO - Cloning project to writable temp directory /tmp/tmpvm1cm5bo from /usr/local/airflow/dags/Data_Marketplace
[2024-08-09T08:06:45.476+0000] {log.py:232} WARNING - [[34m2024-08-09T08:06:45.459+0000[0m] {[34mlocal.py:[0m303} INFO[0m - [35m(astronomer-cosmos)[0m - Partial parse is enabled and the latest partial parse file is /tmp/cosmos/dbt_dag/target/partial_parse.msgpack[0m
[2024-08-09T08:06:45.476+0000] {log.py:232} WARNING - [[34m2024-08-09T08:06:45.459+0000[0m] {[34mlocal.py:[0m303} INFO[0m - [35m(astronomer-cosmos)[0m - Partial parse is enabled and the latest partial parse file is /tmp/cosmos/dbt_dag/target/partial_parse.msgpack[0m
[2024-08-09T08:06:45.459+0000] {local.py:303} INFO - Partial parse is enabled and the latest partial parse file is /tmp/cosmos/dbt_dag/target/partial_parse.msgpack
[2024-08-09T08:06:45.570+0000] {log.py:232} WARNING - [[34m2024-08-09T08:06:45.556+0000[0m] {[34mconfig.py:[0m292} INFO[0m - [35m(astronomer-cosmos)[0m - Profile caching is enable.[0m
[2024-08-09T08:06:45.570+0000] {log.py:232} WARNING - [[34m2024-08-09T08:06:45.556+0000[0m] {[34mconfig.py:[0m292} INFO[0m - [35m(astronomer-cosmos)[0m - Profile caching is enable.[0m
[2024-08-09T08:06:45.556+0000] {config.py:292} INFO - Profile caching is enable.
[2024-08-09T08:06:45.645+0000] {base.py:84} INFO - Using connection ID 'snowflake_conn' for task execution.
[2024-08-09T08:06:45.680+0000] {log.py:232} WARNING - [[34m2024-08-09T08:06:45.680+0000[0m] {[34mconfig.py:[0m272} INFO[0m - [35m(astronomer-cosmos)[0m - Profile found in cache using profile: /tmp/cosmos/profile/ec71862f850e9b0839075fe0561d5062ab3dd99ef2a3dac2fe4fc1486f2849d0/profiles.yml.[0m
[2024-08-09T08:06:45.687+0000] {log.py:232} WARNING - [[34m2024-08-09T08:06:45.680+0000[0m] {[34mconfig.py:[0m272} INFO[0m - [35m(astronomer-cosmos)[0m - Profile found in cache using profile: /tmp/cosmos/profile/ec71862f850e9b0839075fe0561d5062ab3dd99ef2a3dac2fe4fc1486f2849d0/profiles.yml.[0m
[2024-08-09T08:06:45.680+0000] {config.py:272} INFO - Profile found in cache using profile: /tmp/cosmos/profile/ec71862f850e9b0839075fe0561d5062ab3dd99ef2a3dac2fe4fc1486f2849d0/profiles.yml.
[2024-08-09T08:06:45.691+0000] {log.py:232} WARNING - [[34m2024-08-09T08:06:45.691+0000[0m] {[34mlocal.py:[0m247} INFO[0m - [35m(astronomer-cosmos)[0m - Trying to run the command:
 ['/opt/***/dbt_venv/bin/dbt', 'seed', '--models', 'Province_Name', '--project-dir', '/tmp/tmpvm1cm5bo', '--profiles-dir', '/tmp/cosmos/profile/ec71862f850e9b0839075fe0561d5062ab3dd99ef2a3dac2fe4fc1486f2849d0', '--profile', 'Data_Marketplace', '--target', 'dev']
From /tmp/tmpvm1cm5bo[0m
[2024-08-09T08:06:45.698+0000] {log.py:232} WARNING - [[34m2024-08-09T08:06:45.691+0000[0m] {[34mlocal.py:[0m247} INFO[0m - [35m(astronomer-cosmos)[0m - Trying to run the command:
 ['/opt/***/dbt_venv/bin/dbt', 'seed', '--models', 'Province_Name', '--project-dir', '/tmp/tmpvm1cm5bo', '--profiles-dir', '/tmp/cosmos/profile/ec71862f850e9b0839075fe0561d5062ab3dd99ef2a3dac2fe4fc1486f2849d0', '--profile', 'Data_Marketplace', '--target', 'dev']
From /tmp/tmpvm1cm5bo[0m
[2024-08-09T08:06:45.691+0000] {local.py:247} INFO - Trying to run the command:
 ['/opt/***/dbt_venv/bin/dbt', 'seed', '--models', 'Province_Name', '--project-dir', '/tmp/tmpvm1cm5bo', '--profiles-dir', '/tmp/cosmos/profile/ec71862f850e9b0839075fe0561d5062ab3dd99ef2a3dac2fe4fc1486f2849d0', '--profile', 'Data_Marketplace', '--target', 'dev']
From /tmp/tmpvm1cm5bo
[2024-08-09T08:06:45.699+0000] {log.py:232} WARNING - [[34m2024-08-09T08:06:45.699+0000[0m] {[34msubprocess.py:[0m60} INFO[0m - [35m(astronomer-cosmos)[0m - Tmp dir root location: 
 /tmp[0m
[2024-08-09T08:06:45.707+0000] {log.py:232} WARNING - [[34m2024-08-09T08:06:45.699+0000[0m] {[34msubprocess.py:[0m60} INFO[0m - [35m(astronomer-cosmos)[0m - Tmp dir root location: 
 /tmp[0m
[2024-08-09T08:06:45.699+0000] {subprocess.py:60} INFO - Tmp dir root location: 
 /tmp
[2024-08-09T08:06:45.708+0000] {log.py:232} WARNING - [[34m2024-08-09T08:06:45.708+0000[0m] {[34msubprocess.py:[0m73} INFO[0m - [35m(astronomer-cosmos)[0m - Running command: ['/opt/***/dbt_venv/bin/dbt', 'seed', '--models', 'Province_Name', '--project-dir', '/tmp/tmpvm1cm5bo', '--profiles-dir', '/tmp/cosmos/profile/ec71862f850e9b0839075fe0561d5062ab3dd99ef2a3dac2fe4fc1486f2849d0', '--profile', 'Data_Marketplace', '--target', 'dev'][0m
[2024-08-09T08:06:45.717+0000] {log.py:232} WARNING - [[34m2024-08-09T08:06:45.708+0000[0m] {[34msubprocess.py:[0m73} INFO[0m - [35m(astronomer-cosmos)[0m - Running command: ['/opt/***/dbt_venv/bin/dbt', 'seed', '--models', 'Province_Name', '--project-dir', '/tmp/tmpvm1cm5bo', '--profiles-dir', '/tmp/cosmos/profile/ec71862f850e9b0839075fe0561d5062ab3dd99ef2a3dac2fe4fc1486f2849d0', '--profile', 'Data_Marketplace', '--target', 'dev'][0m
[2024-08-09T08:06:45.708+0000] {subprocess.py:73} INFO - Running command: ['/opt/***/dbt_venv/bin/dbt', 'seed', '--models', 'Province_Name', '--project-dir', '/tmp/tmpvm1cm5bo', '--profiles-dir', '/tmp/cosmos/profile/ec71862f850e9b0839075fe0561d5062ab3dd99ef2a3dac2fe4fc1486f2849d0', '--profile', 'Data_Marketplace', '--target', 'dev']
[2024-08-09T08:06:45.803+0000] {log.py:232} WARNING - [[34m2024-08-09T08:06:45.803+0000[0m] {[34msubprocess.py:[0m84} INFO[0m - [35m(astronomer-cosmos)[0m - Command output:[0m
[2024-08-09T08:06:45.804+0000] {log.py:232} WARNING - [[34m2024-08-09T08:06:45.803+0000[0m] {[34msubprocess.py:[0m84} INFO[0m - [35m(astronomer-cosmos)[0m - Command output:[0m
[2024-08-09T08:06:45.803+0000] {subprocess.py:84} INFO - Command output:
[2024-08-09T08:07:01.576+0000] {log.py:232} WARNING - [[34m2024-08-09T08:07:01.573+0000[0m] {[34msubprocess.py:[0m94} INFO[0m - [35m(astronomer-cosmos)[0m - [0m08:07:01  Running with dbt=1.8.5[0m
[2024-08-09T08:07:01.578+0000] {log.py:232} WARNING - [[34m2024-08-09T08:07:01.573+0000[0m] {[34msubprocess.py:[0m94} INFO[0m - [35m(astronomer-cosmos)[0m - [0m08:07:01  Running with dbt=1.8.5[0m
[2024-08-09T08:07:01.573+0000] {subprocess.py:94} INFO - [0m08:07:01  Running with dbt=1.8.5
[2024-08-09T08:07:04.921+0000] {log.py:232} WARNING - [[34m2024-08-09T08:07:04.920+0000[0m] {[34msubprocess.py:[0m94} INFO[0m - [35m(astronomer-cosmos)[0m - [0m08:07:04  Registered adapter: snowflake=1.8.3[0m
[2024-08-09T08:07:04.921+0000] {log.py:232} WARNING - [[34m2024-08-09T08:07:04.920+0000[0m] {[34msubprocess.py:[0m94} INFO[0m - [35m(astronomer-cosmos)[0m - [0m08:07:04  Registered adapter: snowflake=1.8.3[0m
[2024-08-09T08:07:04.920+0000] {subprocess.py:94} INFO - [0m08:07:04  Registered adapter: snowflake=1.8.3
[2024-08-09T08:07:08.146+0000] {log.py:232} WARNING - [[34m2024-08-09T08:07:08.143+0000[0m] {[34msubprocess.py:[0m94} INFO[0m - [35m(astronomer-cosmos)[0m - [0m08:07:08  Found 9 models, 2 snapshots, 3 seeds, 2 data tests, 3 sources, 448 macros[0m
[2024-08-09T08:07:08.147+0000] {log.py:232} WARNING - [[34m2024-08-09T08:07:08.143+0000[0m] {[34msubprocess.py:[0m94} INFO[0m - [35m(astronomer-cosmos)[0m - [0m08:07:08  Found 9 models, 2 snapshots, 3 seeds, 2 data tests, 3 sources, 448 macros[0m
[2024-08-09T08:07:08.143+0000] {subprocess.py:94} INFO - [0m08:07:08  Found 9 models, 2 snapshots, 3 seeds, 2 data tests, 3 sources, 448 macros
[2024-08-09T08:07:08.176+0000] {log.py:232} WARNING - [[34m2024-08-09T08:07:08.176+0000[0m] {[34msubprocess.py:[0m94} INFO[0m - [35m(astronomer-cosmos)[0m - [0m08:07:08[0m
[2024-08-09T08:07:08.176+0000] {log.py:232} WARNING - [[34m2024-08-09T08:07:08.176+0000[0m] {[34msubprocess.py:[0m94} INFO[0m - [35m(astronomer-cosmos)[0m - [0m08:07:08[0m
[2024-08-09T08:07:08.176+0000] {subprocess.py:94} INFO - [0m08:07:08
[2024-08-09T08:07:12.899+0000] {log.py:232} WARNING - [[34m2024-08-09T08:07:12.899+0000[0m] {[34msubprocess.py:[0m94} INFO[0m - [35m(astronomer-cosmos)[0m - [0m08:07:12  Concurrency: 1 threads (target='dev')[0m
[2024-08-09T08:07:12.902+0000] {log.py:232} WARNING - [[34m2024-08-09T08:07:12.899+0000[0m] {[34msubprocess.py:[0m94} INFO[0m - [35m(astronomer-cosmos)[0m - [0m08:07:12  Concurrency: 1 threads (target='dev')[0m
[2024-08-09T08:07:12.899+0000] {subprocess.py:94} INFO - [0m08:07:12  Concurrency: 1 threads (target='dev')
[2024-08-09T08:07:12.923+0000] {log.py:232} WARNING - [[34m2024-08-09T08:07:12.923+0000[0m] {[34msubprocess.py:[0m94} INFO[0m - [35m(astronomer-cosmos)[0m - [0m08:07:12[0m
[2024-08-09T08:07:12.924+0000] {log.py:232} WARNING - [[34m2024-08-09T08:07:12.923+0000[0m] {[34msubprocess.py:[0m94} INFO[0m - [35m(astronomer-cosmos)[0m - [0m08:07:12[0m
[2024-08-09T08:07:12.923+0000] {subprocess.py:94} INFO - [0m08:07:12
[2024-08-09T08:07:13.023+0000] {log.py:232} WARNING - [[34m2024-08-09T08:07:13.023+0000[0m] {[34msubprocess.py:[0m94} INFO[0m - [35m(astronomer-cosmos)[0m - [0m08:07:13  1 of 1 START seed file DWH.Province_Name ....................................... [RUN][0m
[2024-08-09T08:07:13.024+0000] {log.py:232} WARNING - [[34m2024-08-09T08:07:13.023+0000[0m] {[34msubprocess.py:[0m94} INFO[0m - [35m(astronomer-cosmos)[0m - [0m08:07:13  1 of 1 START seed file DWH.Province_Name ....................................... [RUN][0m
[2024-08-09T08:07:13.023+0000] {subprocess.py:94} INFO - [0m08:07:13  1 of 1 START seed file DWH.Province_Name ....................................... [RUN]
[2024-08-09T08:07:18.447+0000] {log.py:232} WARNING - [[34m2024-08-09T08:07:18.447+0000[0m] {[34msubprocess.py:[0m94} INFO[0m - [35m(astronomer-cosmos)[0m - [0m08:07:18  1 of 1 OK loaded seed file DWH.Province_Name ................................... [[32mINSERT 61[0m in 5.42s][0m
[2024-08-09T08:07:18.447+0000] {log.py:232} WARNING - [[34m2024-08-09T08:07:18.447+0000[0m] {[34msubprocess.py:[0m94} INFO[0m - [35m(astronomer-cosmos)[0m - [0m08:07:18  1 of 1 OK loaded seed file DWH.Province_Name ................................... [[32mINSERT 61[0m in 5.42s][0m
[2024-08-09T08:07:18.447+0000] {subprocess.py:94} INFO - [0m08:07:18  1 of 1 OK loaded seed file DWH.Province_Name ................................... [[32mINSERT 61[0m in 5.42s]
[2024-08-09T08:07:18.479+0000] {log.py:232} WARNING - [[34m2024-08-09T08:07:18.478+0000[0m] {[34msubprocess.py:[0m94} INFO[0m - [35m(astronomer-cosmos)[0m - [0m08:07:18[0m
[2024-08-09T08:07:18.479+0000] {log.py:232} WARNING - [[34m2024-08-09T08:07:18.478+0000[0m] {[34msubprocess.py:[0m94} INFO[0m - [35m(astronomer-cosmos)[0m - [0m08:07:18[0m
[2024-08-09T08:07:18.478+0000] {subprocess.py:94} INFO - [0m08:07:18
[2024-08-09T08:07:18.480+0000] {log.py:232} WARNING - [[34m2024-08-09T08:07:18.480+0000[0m] {[34msubprocess.py:[0m94} INFO[0m - [35m(astronomer-cosmos)[0m - [0m08:07:18  Finished running 1 seed in 0 hours 0 minutes and 10.29 seconds (10.29s).[0m
[2024-08-09T08:07:18.480+0000] {log.py:232} WARNING - [[34m2024-08-09T08:07:18.480+0000[0m] {[34msubprocess.py:[0m94} INFO[0m - [35m(astronomer-cosmos)[0m - [0m08:07:18  Finished running 1 seed in 0 hours 0 minutes and 10.29 seconds (10.29s).[0m
[2024-08-09T08:07:18.480+0000] {subprocess.py:94} INFO - [0m08:07:18  Finished running 1 seed in 0 hours 0 minutes and 10.29 seconds (10.29s).
[2024-08-09T08:07:18.705+0000] {log.py:232} WARNING - [[34m2024-08-09T08:07:18.705+0000[0m] {[34msubprocess.py:[0m94} INFO[0m - [35m(astronomer-cosmos)[0m - [0m08:07:18[0m
[2024-08-09T08:07:18.705+0000] {log.py:232} WARNING - [[34m2024-08-09T08:07:18.705+0000[0m] {[34msubprocess.py:[0m94} INFO[0m - [35m(astronomer-cosmos)[0m - [0m08:07:18[0m
[2024-08-09T08:07:18.705+0000] {subprocess.py:94} INFO - [0m08:07:18
[2024-08-09T08:07:18.706+0000] {log.py:232} WARNING - [[34m2024-08-09T08:07:18.706+0000[0m] {[34msubprocess.py:[0m94} INFO[0m - [35m(astronomer-cosmos)[0m - [0m08:07:18  [32mCompleted successfully[0m[0m
[2024-08-09T08:07:18.715+0000] {log.py:232} WARNING - [[34m2024-08-09T08:07:18.706+0000[0m] {[34msubprocess.py:[0m94} INFO[0m - [35m(astronomer-cosmos)[0m - [0m08:07:18  [32mCompleted successfully[0m[0m
[2024-08-09T08:07:18.706+0000] {subprocess.py:94} INFO - [0m08:07:18  [32mCompleted successfully[0m
[2024-08-09T08:07:18.716+0000] {log.py:232} WARNING - [[34m2024-08-09T08:07:18.715+0000[0m] {[34msubprocess.py:[0m94} INFO[0m - [35m(astronomer-cosmos)[0m - [0m08:07:18[0m
[2024-08-09T08:07:18.716+0000] {log.py:232} WARNING - [[34m2024-08-09T08:07:18.715+0000[0m] {[34msubprocess.py:[0m94} INFO[0m - [35m(astronomer-cosmos)[0m - [0m08:07:18[0m
[2024-08-09T08:07:18.715+0000] {subprocess.py:94} INFO - [0m08:07:18
[2024-08-09T08:07:18.726+0000] {log.py:232} WARNING - [[34m2024-08-09T08:07:18.717+0000[0m] {[34msubprocess.py:[0m94} INFO[0m - [35m(astronomer-cosmos)[0m - [0m08:07:18  Done. PASS=1 WARN=0 ERROR=0 SKIP=0 TOTAL=1[0m
[2024-08-09T08:07:18.727+0000] {log.py:232} WARNING - [[34m2024-08-09T08:07:18.717+0000[0m] {[34msubprocess.py:[0m94} INFO[0m - [35m(astronomer-cosmos)[0m - [0m08:07:18  Done. PASS=1 WARN=0 ERROR=0 SKIP=0 TOTAL=1[0m
[2024-08-09T08:07:18.717+0000] {subprocess.py:94} INFO - [0m08:07:18  Done. PASS=1 WARN=0 ERROR=0 SKIP=0 TOTAL=1
[2024-08-09T08:07:21.595+0000] {log.py:232} WARNING - [[34m2024-08-09T08:07:21.595+0000[0m] {[34msubprocess.py:[0m98} INFO[0m - [35m(astronomer-cosmos)[0m - Command exited with return code 0[0m
[2024-08-09T08:07:21.596+0000] {log.py:232} WARNING - [[34m2024-08-09T08:07:21.595+0000[0m] {[34msubprocess.py:[0m98} INFO[0m - [35m(astronomer-cosmos)[0m - Command exited with return code 0[0m
[2024-08-09T08:07:21.595+0000] {subprocess.py:98} INFO - Command exited with return code 0
[2024-08-09T08:07:21.596+0000] {log.py:232} WARNING - [[34m2024-08-09T08:07:21.596+0000[0m] {[34mlocal.py:[0m254} INFO[0m - [35m(astronomer-cosmos)[0m - [0m08:07:18  Done. PASS=1 WARN=0 ERROR=0 SKIP=0 TOTAL=1[0m
[2024-08-09T08:07:21.606+0000] {log.py:232} WARNING - [[34m2024-08-09T08:07:21.596+0000[0m] {[34mlocal.py:[0m254} INFO[0m - [35m(astronomer-cosmos)[0m - [0m08:07:18  Done. PASS=1 WARN=0 ERROR=0 SKIP=0 TOTAL=1[0m
[2024-08-09T08:07:21.596+0000] {local.py:254} INFO - [0m08:07:18  Done. PASS=1 WARN=0 ERROR=0 SKIP=0 TOTAL=1
[2024-08-09T08:07:21.702+0000] {local.py:196} WARNING - Artifact schema version: https://schemas.getdbt.com/dbt/manifest/v12.json is above dbt-ol supported version 7. This might cause errors.
[2024-08-09T08:07:21.706+0000] {local.py:196} WARNING - Artifact schema version: https://schemas.getdbt.com/dbt/run-results/v6.json is above dbt-ol supported version 5. This might cause errors.
[2024-08-09T08:07:21.735+0000] {log.py:232} WARNING - [[34m2024-08-09T08:07:21.732+0000[0m] {[34mlocal.py:[0m349} INFO[0m - [35m(astronomer-cosmos)[0m - Inlets: [][0m
[2024-08-09T08:07:21.735+0000] {log.py:232} WARNING - [[34m2024-08-09T08:07:21.732+0000[0m] {[34mlocal.py:[0m349} INFO[0m - [35m(astronomer-cosmos)[0m - Inlets: [][0m
[2024-08-09T08:07:21.732+0000] {local.py:349} INFO - Inlets: []
[2024-08-09T08:07:21.736+0000] {log.py:232} WARNING - [[34m2024-08-09T08:07:21.736+0000[0m] {[34mlocal.py:[0m350} INFO[0m - [35m(astronomer-cosmos)[0m - Outlets: [][0m
[2024-08-09T08:07:21.736+0000] {log.py:232} WARNING - [[34m2024-08-09T08:07:21.736+0000[0m] {[34mlocal.py:[0m350} INFO[0m - [35m(astronomer-cosmos)[0m - Outlets: [][0m
[2024-08-09T08:07:21.736+0000] {local.py:350} INFO - Outlets: []
[2024-08-09T08:07:21.742+0000] {dag.py:3096} INFO - Sync 1 DAGs
[2024-08-09T08:07:21.972+0000] {dag.py:3954} INFO - Setting next_dagrun for dbt_dag to 2024-08-09 00:00:00+00:00, run_after=2024-08-10 00:00:00+00:00
[2024-08-09T08:07:22.098+0000] {taskinstance.py:441} INFO - ::group::Post task execution logs
[2024-08-09T08:07:22.135+0000] {taskinstance.py:1206} INFO - Marking task as SUCCESS. dag_id=dbt_dag, task_id=Province_Name_seed, run_id=manual__2024-08-09T08:00:42.008960+00:00, execution_date=20240809T080042, start_date=20240809T080643, end_date=20240809T080722
[2024-08-09T08:07:22.289+0000] {local_task_job_runner.py:240} INFO - Task exited with return code 0
[2024-08-09T08:07:22.428+0000] {taskinstance.py:3503} INFO - 1 downstream tasks scheduled from follow-on schedule check
[2024-08-09T08:07:22.434+0000] {local_task_job_runner.py:222} INFO - ::endgroup::
