[2024-08-13T16:10:12.466+0000] {local_task_job_runner.py:120} INFO - ::group::Pre task execution logs
[2024-08-13T16:10:12.504+0000] {taskinstance.py:2076} INFO - Dependencies all met for dep_context=non-requeueable deps ti=<TaskInstance: Weather_Data_Extraction.generate_output_file backfill__2024-02-22T00:00:00+00:00 [queued]>
[2024-08-13T16:10:12.784+0000] {taskinstance.py:2076} INFO - Dependencies all met for dep_context=requeueable deps ti=<TaskInstance: Weather_Data_Extraction.generate_output_file backfill__2024-02-22T00:00:00+00:00 [queued]>
[2024-08-13T16:10:12.785+0000] {taskinstance.py:2306} INFO - Starting attempt 1 of 1
[2024-08-13T16:10:12.827+0000] {taskinstance.py:2330} INFO - Executing <Task(PythonOperator): generate_output_file> on 2024-02-22 00:00:00+00:00
[2024-08-13T16:10:12.878+0000] {warnings.py:112} WARNING - /home/***/.local/lib/python3.12/site-packages/***/task/task_runner/standard_task_runner.py:61: DeprecationWarning: This process (pid=1158) is multi-threaded, use of fork() may lead to deadlocks in the child.
  pid = os.fork()

[2024-08-13T16:10:12.897+0000] {standard_task_runner.py:63} INFO - Started process 1173 to run task
[2024-08-13T16:10:12.895+0000] {standard_task_runner.py:90} INFO - Running: ['***', 'tasks', 'run', 'Weather_Data_Extraction', 'generate_output_file', 'backfill__2024-02-22T00:00:00+00:00', '--job-id', '232', '--pool', 'default_pool', '--raw', '--subdir', 'DAGS_FOLDER/Data_Weather_Extraction.py', '--cfg-path', '/tmp/tmp07c9dulx']
[2024-08-13T16:10:12.931+0000] {standard_task_runner.py:91} INFO - Job 232: Subtask generate_output_file
[2024-08-13T16:10:12.981+0000] {warnings.py:112} WARNING - /home/***/.local/lib/python3.12/site-packages/***/settings.py:195: DeprecationWarning: The sql_alchemy_conn option in [core] has been moved to the sql_alchemy_conn option in [database] - the old setting has been used, but please update your config.
  SQL_ALCHEMY_CONN = conf.get("database", "SQL_ALCHEMY_CONN")

[2024-08-13T16:10:13.190+0000] {task_command.py:426} INFO - Running <TaskInstance: Weather_Data_Extraction.generate_output_file backfill__2024-02-22T00:00:00+00:00 [running]> on host ubuntu
[2024-08-13T16:10:13.576+0000] {taskinstance.py:2648} INFO - Exporting env vars: AIRFLOW_CTX_DAG_OWNER='Ducky' AIRFLOW_CTX_DAG_ID='Weather_Data_Extraction' AIRFLOW_CTX_TASK_ID='generate_output_file' AIRFLOW_CTX_EXECUTION_DATE='2024-02-22T00:00:00+00:00' AIRFLOW_CTX_TRY_NUMBER='1' AIRFLOW_CTX_DAG_RUN_ID='backfill__2024-02-22T00:00:00+00:00'
[2024-08-13T16:10:13.584+0000] {taskinstance.py:430} INFO - ::endgroup::
[2024-08-13T16:10:13.619+0000] {logging_mixin.py:188} INFO - Generated output file: Data_Weather-20240222.csv
[2024-08-13T16:10:13.620+0000] {logging_mixin.py:188} INFO - Execution Date: 2024/02/22
[2024-08-13T16:10:13.672+0000] {python.py:237} INFO - Done. Returned value was: None
[2024-08-13T16:10:13.675+0000] {taskinstance.py:441} INFO - ::group::Post task execution logs
[2024-08-13T16:10:13.700+0000] {taskinstance.py:1206} INFO - Marking task as SUCCESS. dag_id=Weather_Data_Extraction, task_id=generate_output_file, run_id=backfill__2024-02-22T00:00:00+00:00, execution_date=20240222T000000, start_date=20240813T161012, end_date=20240813T161013
[2024-08-13T16:10:13.773+0000] {local_task_job_runner.py:240} INFO - Task exited with return code 0
[2024-08-13T16:10:13.861+0000] {taskinstance.py:3503} INFO - 1 downstream tasks scheduled from follow-on schedule check
[2024-08-13T16:10:13.867+0000] {local_task_job_runner.py:222} INFO - ::endgroup::
[2024-08-14T04:29:59.802+0000] {local_task_job_runner.py:120} INFO - ::group::Pre task execution logs
[2024-08-14T04:29:59.829+0000] {taskinstance.py:2076} INFO - Dependencies all met for dep_context=non-requeueable deps ti=<TaskInstance: Weather_Data_Extraction.generate_output_file backfill__2024-02-22T00:00:00+00:00 [queued]>
[2024-08-14T04:29:59.842+0000] {taskinstance.py:2076} INFO - Dependencies all met for dep_context=requeueable deps ti=<TaskInstance: Weather_Data_Extraction.generate_output_file backfill__2024-02-22T00:00:00+00:00 [queued]>
[2024-08-14T04:29:59.843+0000] {taskinstance.py:2306} INFO - Starting attempt 1 of 1
[2024-08-14T04:29:59.992+0000] {taskinstance.py:2330} INFO - Executing <Task(PythonOperator): generate_output_file> on 2024-02-22 00:00:00+00:00
[2024-08-14T04:30:00.002+0000] {warnings.py:112} WARNING - /home/***/.local/lib/python3.12/site-packages/***/task/task_runner/standard_task_runner.py:61: DeprecationWarning: This process (pid=2290) is multi-threaded, use of fork() may lead to deadlocks in the child.
  pid = os.fork()

[2024-08-14T04:30:00.006+0000] {standard_task_runner.py:63} INFO - Started process 2292 to run task
[2024-08-14T04:30:00.008+0000] {standard_task_runner.py:90} INFO - Running: ['***', 'tasks', 'run', 'Weather_Data_Extraction', 'generate_output_file', 'backfill__2024-02-22T00:00:00+00:00', '--job-id', '560', '--pool', 'default_pool', '--raw', '--subdir', 'DAGS_FOLDER/Data_Weather_Extraction.py', '--cfg-path', '/tmp/tmposgeqhwa']
[2024-08-14T04:30:00.015+0000] {standard_task_runner.py:91} INFO - Job 560: Subtask generate_output_file
[2024-08-14T04:30:00.096+0000] {task_command.py:426} INFO - Running <TaskInstance: Weather_Data_Extraction.generate_output_file backfill__2024-02-22T00:00:00+00:00 [running]> on host ubuntu
[2024-08-14T04:30:00.216+0000] {taskinstance.py:2648} INFO - Exporting env vars: AIRFLOW_CTX_DAG_OWNER='Ducky' AIRFLOW_CTX_DAG_ID='Weather_Data_Extraction' AIRFLOW_CTX_TASK_ID='generate_output_file' AIRFLOW_CTX_EXECUTION_DATE='2024-02-22T00:00:00+00:00' AIRFLOW_CTX_TRY_NUMBER='1' AIRFLOW_CTX_DAG_RUN_ID='backfill__2024-02-22T00:00:00+00:00'
[2024-08-14T04:30:00.219+0000] {taskinstance.py:430} INFO - ::endgroup::
[2024-08-14T04:30:00.247+0000] {logging_mixin.py:188} INFO - Generated output file: Data_Weather-20240222.csv
[2024-08-14T04:30:00.248+0000] {logging_mixin.py:188} INFO - Execution Date: 2024/02/22
[2024-08-14T04:30:00.298+0000] {python.py:237} INFO - Done. Returned value was: None
[2024-08-14T04:30:00.301+0000] {taskinstance.py:441} INFO - ::group::Post task execution logs
[2024-08-14T04:30:00.320+0000] {taskinstance.py:1206} INFO - Marking task as SUCCESS. dag_id=Weather_Data_Extraction, task_id=generate_output_file, run_id=backfill__2024-02-22T00:00:00+00:00, execution_date=20240222T000000, start_date=20240814T042959, end_date=20240814T043000
[2024-08-14T04:30:00.383+0000] {local_task_job_runner.py:240} INFO - Task exited with return code 0
[2024-08-14T04:30:00.434+0000] {taskinstance.py:3503} INFO - 1 downstream tasks scheduled from follow-on schedule check
[2024-08-14T04:30:00.440+0000] {local_task_job_runner.py:222} INFO - ::endgroup::
