[2024-08-16T10:12:07.306+0000] {local_task_job_runner.py:120} INFO - ::group::Pre task execution logs
[2024-08-16T10:12:07.348+0000] {taskinstance.py:2076} INFO - Dependencies all met for dep_context=non-requeueable deps ti=<TaskInstance: Prediction_Model.weather_data_daily_models.fct_weather_data_daily_run manual__2024-08-16T10:11:47.973046+00:00 [queued]>
[2024-08-16T10:12:07.373+0000] {taskinstance.py:2076} INFO - Dependencies all met for dep_context=requeueable deps ti=<TaskInstance: Prediction_Model.weather_data_daily_models.fct_weather_data_daily_run manual__2024-08-16T10:11:47.973046+00:00 [queued]>
[2024-08-16T10:12:07.378+0000] {taskinstance.py:2306} INFO - Starting attempt 1 of 3
[2024-08-16T10:12:07.415+0000] {taskinstance.py:2330} INFO - Executing <Task(DbtRunLocalOperator): weather_data_daily_models.fct_weather_data_daily_run> on 2024-08-16 10:11:47.973046+00:00
[2024-08-16T10:12:07.439+0000] {warnings.py:112} WARNING - /home/***/.local/lib/python3.12/site-packages/***/task/task_runner/standard_task_runner.py:61: DeprecationWarning: This process (pid=2451) is multi-threaded, use of fork() may lead to deadlocks in the child.
  pid = os.fork()

[2024-08-16T10:12:07.443+0000] {standard_task_runner.py:63} INFO - Started process 2453 to run task
[2024-08-16T10:12:07.440+0000] {standard_task_runner.py:90} INFO - Running: ['***', 'tasks', 'run', 'Prediction_Model', 'weather_data_daily_models.fct_weather_data_daily_run', 'manual__2024-08-16T10:11:47.973046+00:00', '--job-id', '1281', '--raw', '--subdir', 'DAGS_FOLDER/Prediction_Model.py', '--cfg-path', '/tmp/tmpvk6hzsq3']
[2024-08-16T10:12:07.446+0000] {standard_task_runner.py:91} INFO - Job 1281: Subtask weather_data_daily_models.fct_weather_data_daily_run
[2024-08-16T10:12:07.540+0000] {task_command.py:426} INFO - Running <TaskInstance: Prediction_Model.weather_data_daily_models.fct_weather_data_daily_run manual__2024-08-16T10:11:47.973046+00:00 [running]> on host ubuntu
[2024-08-16T10:12:07.749+0000] {taskinstance.py:2648} INFO - Exporting env vars: AIRFLOW_CTX_DAG_OWNER='Ducky' AIRFLOW_CTX_DAG_ID='Prediction_Model' AIRFLOW_CTX_TASK_ID='weather_data_daily_models.fct_weather_data_daily_run' AIRFLOW_CTX_EXECUTION_DATE='2024-08-16T10:11:47.973046+00:00' AIRFLOW_CTX_TRY_NUMBER='1' AIRFLOW_CTX_DAG_RUN_ID='manual__2024-08-16T10:11:47.973046+00:00'
[2024-08-16T10:12:07.752+0000] {taskinstance.py:430} INFO - ::endgroup::
[2024-08-16T10:12:07.823+0000] {log.py:232} WARNING - [[34m2024-08-16T10:12:07.822+0000[0m] {[34mgraph.py:[0m377} INFO[0m - [35m(astronomer-cosmos)[0m - Trying to parse the dbt project using dbt ls cache cosmos_cache__dbt_dag_filterd__customers_group...[0m
[2024-08-16T10:12:07.825+0000] {log.py:232} WARNING - [[34m2024-08-16T10:12:07.822+0000[0m] {[34mgraph.py:[0m377} INFO[0m - [35m(astronomer-cosmos)[0m - Trying to parse the dbt project using dbt ls cache cosmos_cache__dbt_dag_filterd__customers_group...[0m
[2024-08-16T10:12:07.822+0000] {graph.py:377} INFO - Trying to parse the dbt project using dbt ls cache cosmos_cache__dbt_dag_filterd__customers_group...
[2024-08-16T10:12:08.124+0000] {log.py:232} WARNING - [[34m2024-08-16T10:12:08.124+0000[0m] {[34mcache.py:[0m262} INFO[0m - [35m(astronomer-cosmos)[0m - Cosmos performance: time to calculate cache identifier cosmos_cache__dbt_dag_filterd__customers_group for current version: 0.2768819720004103[0m
[2024-08-16T10:12:08.125+0000] {log.py:232} WARNING - [[34m2024-08-16T10:12:08.124+0000[0m] {[34mcache.py:[0m262} INFO[0m - [35m(astronomer-cosmos)[0m - Cosmos performance: time to calculate cache identifier cosmos_cache__dbt_dag_filterd__customers_group for current version: 0.2768819720004103[0m
[2024-08-16T10:12:08.124+0000] {cache.py:262} INFO - Cosmos performance: time to calculate cache identifier cosmos_cache__dbt_dag_filterd__customers_group for current version: 0.2768819720004103
[2024-08-16T10:12:08.127+0000] {log.py:232} WARNING - [[34m2024-08-16T10:12:08.127+0000[0m] {[34mgraph.py:[0m394} INFO[0m - [35m(astronomer-cosmos)[0m - Cosmos performance [ubuntu|2453]: The cache size for cosmos_cache__dbt_dag_filterd__customers_group is 2948[0m
[2024-08-16T10:12:08.128+0000] {log.py:232} WARNING - [[34m2024-08-16T10:12:08.127+0000[0m] {[34mgraph.py:[0m394} INFO[0m - [35m(astronomer-cosmos)[0m - Cosmos performance [ubuntu|2453]: The cache size for cosmos_cache__dbt_dag_filterd__customers_group is 2948[0m
[2024-08-16T10:12:08.127+0000] {graph.py:394} INFO - Cosmos performance [ubuntu|2453]: The cache size for cosmos_cache__dbt_dag_filterd__customers_group is 2948
[2024-08-16T10:12:08.130+0000] {log.py:232} WARNING - [[34m2024-08-16T10:12:08.130+0000[0m] {[34mgraph.py:[0m402} INFO[0m - [35m(astronomer-cosmos)[0m - Cosmos performance: Cache hit for cosmos_cache__dbt_dag_filterd__customers_group - d3655c99e4b770027e65648437a3d068,5f7d44698c4b67134aff532494870c9c[0m
[2024-08-16T10:12:08.131+0000] {log.py:232} WARNING - [[34m2024-08-16T10:12:08.130+0000[0m] {[34mgraph.py:[0m402} INFO[0m - [35m(astronomer-cosmos)[0m - Cosmos performance: Cache hit for cosmos_cache__dbt_dag_filterd__customers_group - d3655c99e4b770027e65648437a3d068,5f7d44698c4b67134aff532494870c9c[0m
[2024-08-16T10:12:08.130+0000] {graph.py:402} INFO - Cosmos performance: Cache hit for cosmos_cache__dbt_dag_filterd__customers_group - d3655c99e4b770027e65648437a3d068,5f7d44698c4b67134aff532494870c9c
[2024-08-16T10:12:08.132+0000] {log.py:232} WARNING - [[34m2024-08-16T10:12:08.132+0000[0m] {[34mgraph.py:[0m335} INFO[0m - [35m(astronomer-cosmos)[0m - Total nodes: 3[0m
[2024-08-16T10:12:08.133+0000] {log.py:232} WARNING - [[34m2024-08-16T10:12:08.132+0000[0m] {[34mgraph.py:[0m335} INFO[0m - [35m(astronomer-cosmos)[0m - Total nodes: 3[0m
[2024-08-16T10:12:08.132+0000] {graph.py:335} INFO - Total nodes: 3
[2024-08-16T10:12:08.134+0000] {log.py:232} WARNING - [[34m2024-08-16T10:12:08.134+0000[0m] {[34mgraph.py:[0m336} INFO[0m - [35m(astronomer-cosmos)[0m - Total filtered nodes: 3[0m
[2024-08-16T10:12:08.134+0000] {log.py:232} WARNING - [[34m2024-08-16T10:12:08.134+0000[0m] {[34mgraph.py:[0m336} INFO[0m - [35m(astronomer-cosmos)[0m - Total filtered nodes: 3[0m
[2024-08-16T10:12:08.134+0000] {graph.py:336} INFO - Total filtered nodes: 3
[2024-08-16T10:12:08.135+0000] {log.py:232} WARNING - [[34m2024-08-16T10:12:08.135+0000[0m] {[34mconverter.py:[0m251} INFO[0m - [35m(astronomer-cosmos)[0m - Cosmos performance (dbt_dag_filterd__customers_group) -  [ubuntu|2453]: It took 0.313s to parse the dbt project for DAG using LoadMode.DBT_LS_CACHE[0m
[2024-08-16T10:12:08.136+0000] {log.py:232} WARNING - [[34m2024-08-16T10:12:08.135+0000[0m] {[34mconverter.py:[0m251} INFO[0m - [35m(astronomer-cosmos)[0m - Cosmos performance (dbt_dag_filterd__customers_group) -  [ubuntu|2453]: It took 0.313s to parse the dbt project for DAG using LoadMode.DBT_LS_CACHE[0m
[2024-08-16T10:12:08.135+0000] {converter.py:251} INFO - Cosmos performance (dbt_dag_filterd__customers_group) -  [ubuntu|2453]: It took 0.313s to parse the dbt project for DAG using LoadMode.DBT_LS_CACHE
[2024-08-16T10:12:08.140+0000] {log.py:232} WARNING - [[34m2024-08-16T10:12:08.140+0000[0m] {[34mproject.py:[0m35} INFO[0m - [35m(astronomer-cosmos)[0m - Project /opt/***/dags/Data_Marketplace does not have {'dependencies.yml', 'packages.yml'}[0m
[2024-08-16T10:12:08.141+0000] {log.py:232} WARNING - [[34m2024-08-16T10:12:08.140+0000[0m] {[34mproject.py:[0m35} INFO[0m - [35m(astronomer-cosmos)[0m - Project /opt/***/dags/Data_Marketplace does not have {'dependencies.yml', 'packages.yml'}[0m
[2024-08-16T10:12:08.140+0000] {project.py:35} INFO - Project /opt/***/dags/Data_Marketplace does not have {'dependencies.yml', 'packages.yml'}
[2024-08-16T10:12:08.145+0000] {log.py:232} WARNING - [[34m2024-08-16T10:12:08.145+0000[0m] {[34mproject.py:[0m35} INFO[0m - [35m(astronomer-cosmos)[0m - Project /opt/***/dags/Data_Marketplace does not have {'dependencies.yml', 'packages.yml'}[0m
[2024-08-16T10:12:08.146+0000] {log.py:232} WARNING - [[34m2024-08-16T10:12:08.145+0000[0m] {[34mproject.py:[0m35} INFO[0m - [35m(astronomer-cosmos)[0m - Project /opt/***/dags/Data_Marketplace does not have {'dependencies.yml', 'packages.yml'}[0m
[2024-08-16T10:12:08.145+0000] {project.py:35} INFO - Project /opt/***/dags/Data_Marketplace does not have {'dependencies.yml', 'packages.yml'}
[2024-08-16T10:12:08.149+0000] {log.py:232} WARNING - [[34m2024-08-16T10:12:08.149+0000[0m] {[34mproject.py:[0m35} INFO[0m - [35m(astronomer-cosmos)[0m - Project /opt/***/dags/Data_Marketplace does not have {'dependencies.yml', 'packages.yml'}[0m
[2024-08-16T10:12:08.150+0000] {log.py:232} WARNING - [[34m2024-08-16T10:12:08.149+0000[0m] {[34mproject.py:[0m35} INFO[0m - [35m(astronomer-cosmos)[0m - Project /opt/***/dags/Data_Marketplace does not have {'dependencies.yml', 'packages.yml'}[0m
[2024-08-16T10:12:08.149+0000] {project.py:35} INFO - Project /opt/***/dags/Data_Marketplace does not have {'dependencies.yml', 'packages.yml'}
[2024-08-16T10:12:08.152+0000] {log.py:232} WARNING - [[34m2024-08-16T10:12:08.152+0000[0m] {[34mconverter.py:[0m293} INFO[0m - [35m(astronomer-cosmos)[0m - Cosmos performance (dbt_dag_filterd__customers_group) - [ubuntu|2453]: It took 0.0165s to build the Airflow DAG.[0m
[2024-08-16T10:12:08.152+0000] {log.py:232} WARNING - [[34m2024-08-16T10:12:08.152+0000[0m] {[34mconverter.py:[0m293} INFO[0m - [35m(astronomer-cosmos)[0m - Cosmos performance (dbt_dag_filterd__customers_group) - [ubuntu|2453]: It took 0.0165s to build the Airflow DAG.[0m
[2024-08-16T10:12:08.152+0000] {converter.py:293} INFO - Cosmos performance (dbt_dag_filterd__customers_group) - [ubuntu|2453]: It took 0.0165s to build the Airflow DAG.
[2024-08-16T10:12:08.154+0000] {log.py:232} WARNING - [[34m2024-08-16T10:12:08.154+0000[0m] {[34mlocal.py:[0m174} INFO[0m - [35m(astronomer-cosmos)[0m - Could not import dbtRunner. Falling back to subprocess for invoking dbt.[0m
[2024-08-16T10:12:08.154+0000] {log.py:232} WARNING - [[34m2024-08-16T10:12:08.154+0000[0m] {[34mlocal.py:[0m174} INFO[0m - [35m(astronomer-cosmos)[0m - Could not import dbtRunner. Falling back to subprocess for invoking dbt.[0m
[2024-08-16T10:12:08.154+0000] {local.py:174} INFO - Could not import dbtRunner. Falling back to subprocess for invoking dbt.
[2024-08-16T10:12:08.156+0000] {log.py:232} WARNING - [[34m2024-08-16T10:12:08.156+0000[0m] {[34mlocal.py:[0m292} INFO[0m - [35m(astronomer-cosmos)[0m - Cloning project to writable temp directory /tmp/tmpz5br5ew6 from /opt/***/dags/Data_Marketplace[0m
[2024-08-16T10:12:08.157+0000] {log.py:232} WARNING - [[34m2024-08-16T10:12:08.156+0000[0m] {[34mlocal.py:[0m292} INFO[0m - [35m(astronomer-cosmos)[0m - Cloning project to writable temp directory /tmp/tmpz5br5ew6 from /opt/***/dags/Data_Marketplace[0m
[2024-08-16T10:12:08.156+0000] {local.py:292} INFO - Cloning project to writable temp directory /tmp/tmpz5br5ew6 from /opt/airflow/dags/Data_Marketplace
[2024-08-16T10:12:08.162+0000] {log.py:232} WARNING - [[34m2024-08-16T10:12:08.161+0000[0m] {[34mlocal.py:[0m303} INFO[0m - [35m(astronomer-cosmos)[0m - Partial parse is enabled and the latest partial parse file is /tmp/cosmos/Prediction_Model__weather_data_daily_models/target/partial_parse.msgpack[0m
[2024-08-16T10:12:08.162+0000] {log.py:232} WARNING - [[34m2024-08-16T10:12:08.161+0000[0m] {[34mlocal.py:[0m303} INFO[0m - [35m(astronomer-cosmos)[0m - Partial parse is enabled and the latest partial parse file is /tmp/cosmos/Prediction_Model__weather_data_daily_models/target/partial_parse.msgpack[0m
[2024-08-16T10:12:08.161+0000] {local.py:303} INFO - Partial parse is enabled and the latest partial parse file is /tmp/cosmos/Prediction_Model__weather_data_daily_models/target/partial_parse.msgpack
[2024-08-16T10:12:08.171+0000] {log.py:232} WARNING - [[34m2024-08-16T10:12:08.171+0000[0m] {[34mconfig.py:[0m292} INFO[0m - [35m(astronomer-cosmos)[0m - Profile caching is enable.[0m
[2024-08-16T10:12:08.172+0000] {log.py:232} WARNING - [[34m2024-08-16T10:12:08.171+0000[0m] {[34mconfig.py:[0m292} INFO[0m - [35m(astronomer-cosmos)[0m - Profile caching is enable.[0m
[2024-08-16T10:12:08.171+0000] {config.py:292} INFO - Profile caching is enable.
[2024-08-16T10:12:08.185+0000] {base.py:84} INFO - Using connection ID 'snowflake_conn' for task execution.
[2024-08-16T10:12:08.189+0000] {log.py:232} WARNING - [[34m2024-08-16T10:12:08.189+0000[0m] {[34mconfig.py:[0m272} INFO[0m - [35m(astronomer-cosmos)[0m - Profile found in cache using profile: /tmp/cosmos/profile/ec71862f850e9b0839075fe0561d5062ab3dd99ef2a3dac2fe4fc1486f2849d0/profiles.yml.[0m
[2024-08-16T10:12:08.190+0000] {log.py:232} WARNING - [[34m2024-08-16T10:12:08.189+0000[0m] {[34mconfig.py:[0m272} INFO[0m - [35m(astronomer-cosmos)[0m - Profile found in cache using profile: /tmp/cosmos/profile/ec71862f850e9b0839075fe0561d5062ab3dd99ef2a3dac2fe4fc1486f2849d0/profiles.yml.[0m
[2024-08-16T10:12:08.189+0000] {config.py:272} INFO - Profile found in cache using profile: /tmp/cosmos/profile/ec71862f850e9b0839075fe0561d5062ab3dd99ef2a3dac2fe4fc1486f2849d0/profiles.yml.
[2024-08-16T10:12:08.192+0000] {log.py:232} WARNING - [[34m2024-08-16T10:12:08.191+0000[0m] {[34mlocal.py:[0m247} INFO[0m - [35m(astronomer-cosmos)[0m - Trying to run the command:
 ['/opt/***/dbt_venv/bin/dbt', 'run', '--models', 'fct_weather_data_daily', '--project-dir', '/tmp/tmpz5br5ew6', '--profiles-dir', '/tmp/cosmos/profile/ec71862f850e9b0839075fe0561d5062ab3dd99ef2a3dac2fe4fc1486f2849d0', '--profile', 'Data_Marketplace', '--target', 'dev']
From /tmp/tmpz5br5ew6[0m
[2024-08-16T10:12:08.193+0000] {log.py:232} WARNING - [[34m2024-08-16T10:12:08.191+0000[0m] {[34mlocal.py:[0m247} INFO[0m - [35m(astronomer-cosmos)[0m - Trying to run the command:
 ['/opt/***/dbt_venv/bin/dbt', 'run', '--models', 'fct_weather_data_daily', '--project-dir', '/tmp/tmpz5br5ew6', '--profiles-dir', '/tmp/cosmos/profile/ec71862f850e9b0839075fe0561d5062ab3dd99ef2a3dac2fe4fc1486f2849d0', '--profile', 'Data_Marketplace', '--target', 'dev']
From /tmp/tmpz5br5ew6[0m
[2024-08-16T10:12:08.191+0000] {local.py:247} INFO - Trying to run the command:
 ['/opt/***/dbt_venv/bin/dbt', 'run', '--models', 'fct_weather_data_daily', '--project-dir', '/tmp/tmpz5br5ew6', '--profiles-dir', '/tmp/cosmos/profile/ec71862f850e9b0839075fe0561d5062ab3dd99ef2a3dac2fe4fc1486f2849d0', '--profile', 'Data_Marketplace', '--target', 'dev']
From /tmp/tmpz5br5ew6
[2024-08-16T10:12:08.194+0000] {log.py:232} WARNING - [[34m2024-08-16T10:12:08.194+0000[0m] {[34msubprocess.py:[0m60} INFO[0m - [35m(astronomer-cosmos)[0m - Tmp dir root location: 
 /tmp[0m
[2024-08-16T10:12:08.195+0000] {log.py:232} WARNING - [[34m2024-08-16T10:12:08.194+0000[0m] {[34msubprocess.py:[0m60} INFO[0m - [35m(astronomer-cosmos)[0m - Tmp dir root location: 
 /tmp[0m
[2024-08-16T10:12:08.194+0000] {subprocess.py:60} INFO - Tmp dir root location: 
 /tmp
[2024-08-16T10:12:08.196+0000] {log.py:232} WARNING - [[34m2024-08-16T10:12:08.196+0000[0m] {[34msubprocess.py:[0m73} INFO[0m - [35m(astronomer-cosmos)[0m - Running command: ['/opt/***/dbt_venv/bin/dbt', 'run', '--models', 'fct_weather_data_daily', '--project-dir', '/tmp/tmpz5br5ew6', '--profiles-dir', '/tmp/cosmos/profile/ec71862f850e9b0839075fe0561d5062ab3dd99ef2a3dac2fe4fc1486f2849d0', '--profile', 'Data_Marketplace', '--target', 'dev'][0m
[2024-08-16T10:12:08.197+0000] {log.py:232} WARNING - [[34m2024-08-16T10:12:08.196+0000[0m] {[34msubprocess.py:[0m73} INFO[0m - [35m(astronomer-cosmos)[0m - Running command: ['/opt/***/dbt_venv/bin/dbt', 'run', '--models', 'fct_weather_data_daily', '--project-dir', '/tmp/tmpz5br5ew6', '--profiles-dir', '/tmp/cosmos/profile/ec71862f850e9b0839075fe0561d5062ab3dd99ef2a3dac2fe4fc1486f2849d0', '--profile', 'Data_Marketplace', '--target', 'dev'][0m
[2024-08-16T10:12:08.196+0000] {subprocess.py:73} INFO - Running command: ['/opt/***/dbt_venv/bin/dbt', 'run', '--models', 'fct_weather_data_daily', '--project-dir', '/tmp/tmpz5br5ew6', '--profiles-dir', '/tmp/cosmos/profile/ec71862f850e9b0839075fe0561d5062ab3dd99ef2a3dac2fe4fc1486f2849d0', '--profile', 'Data_Marketplace', '--target', 'dev']
[2024-08-16T10:12:08.220+0000] {log.py:232} WARNING - [[34m2024-08-16T10:12:08.219+0000[0m] {[34msubprocess.py:[0m84} INFO[0m - [35m(astronomer-cosmos)[0m - Command output:[0m
[2024-08-16T10:12:08.222+0000] {log.py:232} WARNING - [[34m2024-08-16T10:12:08.219+0000[0m] {[34msubprocess.py:[0m84} INFO[0m - [35m(astronomer-cosmos)[0m - Command output:[0m
[2024-08-16T10:12:08.219+0000] {subprocess.py:84} INFO - Command output:
[2024-08-16T10:12:10.273+0000] {log.py:232} WARNING - [[34m2024-08-16T10:12:10.272+0000[0m] {[34msubprocess.py:[0m94} INFO[0m - [35m(astronomer-cosmos)[0m - [0m10:12:10  Running with dbt=1.8.5[0m
[2024-08-16T10:12:10.274+0000] {log.py:232} WARNING - [[34m2024-08-16T10:12:10.272+0000[0m] {[34msubprocess.py:[0m94} INFO[0m - [35m(astronomer-cosmos)[0m - [0m10:12:10  Running with dbt=1.8.5[0m
[2024-08-16T10:12:10.272+0000] {subprocess.py:94} INFO - [0m10:12:10  Running with dbt=1.8.5
[2024-08-16T10:12:10.727+0000] {log.py:232} WARNING - [[34m2024-08-16T10:12:10.727+0000[0m] {[34msubprocess.py:[0m94} INFO[0m - [35m(astronomer-cosmos)[0m - [0m10:12:10  Registered adapter: snowflake=1.8.3[0m
[2024-08-16T10:12:10.729+0000] {log.py:232} WARNING - [[34m2024-08-16T10:12:10.727+0000[0m] {[34msubprocess.py:[0m94} INFO[0m - [35m(astronomer-cosmos)[0m - [0m10:12:10  Registered adapter: snowflake=1.8.3[0m
[2024-08-16T10:12:10.727+0000] {subprocess.py:94} INFO - [0m10:12:10  Registered adapter: snowflake=1.8.3
[2024-08-16T10:12:11.388+0000] {log.py:232} WARNING - [[34m2024-08-16T10:12:11.387+0000[0m] {[34msubprocess.py:[0m94} INFO[0m - [35m(astronomer-cosmos)[0m - [0m10:12:11  Found 9 models, 2 snapshots, 3 seeds, 2 data tests, 3 sources, 448 macros[0m
[2024-08-16T10:12:11.388+0000] {log.py:232} WARNING - [[34m2024-08-16T10:12:11.387+0000[0m] {[34msubprocess.py:[0m94} INFO[0m - [35m(astronomer-cosmos)[0m - [0m10:12:11  Found 9 models, 2 snapshots, 3 seeds, 2 data tests, 3 sources, 448 macros[0m
[2024-08-16T10:12:11.387+0000] {subprocess.py:94} INFO - [0m10:12:11  Found 9 models, 2 snapshots, 3 seeds, 2 data tests, 3 sources, 448 macros
[2024-08-16T10:12:11.390+0000] {log.py:232} WARNING - [[34m2024-08-16T10:12:11.390+0000[0m] {[34msubprocess.py:[0m94} INFO[0m - [35m(astronomer-cosmos)[0m - [0m10:12:11[0m
[2024-08-16T10:12:11.390+0000] {log.py:232} WARNING - [[34m2024-08-16T10:12:11.390+0000[0m] {[34msubprocess.py:[0m94} INFO[0m - [35m(astronomer-cosmos)[0m - [0m10:12:11[0m
[2024-08-16T10:12:11.390+0000] {subprocess.py:94} INFO - [0m10:12:11
[2024-08-16T10:12:13.674+0000] {log.py:232} WARNING - [[34m2024-08-16T10:12:13.673+0000[0m] {[34msubprocess.py:[0m94} INFO[0m - [35m(astronomer-cosmos)[0m - [0m10:12:13  Concurrency: 1 threads (target='dev')[0m
[2024-08-16T10:12:13.675+0000] {log.py:232} WARNING - [[34m2024-08-16T10:12:13.673+0000[0m] {[34msubprocess.py:[0m94} INFO[0m - [35m(astronomer-cosmos)[0m - [0m10:12:13  Concurrency: 1 threads (target='dev')[0m
[2024-08-16T10:12:13.673+0000] {subprocess.py:94} INFO - [0m10:12:13  Concurrency: 1 threads (target='dev')
[2024-08-16T10:12:13.677+0000] {log.py:232} WARNING - [[34m2024-08-16T10:12:13.677+0000[0m] {[34msubprocess.py:[0m94} INFO[0m - [35m(astronomer-cosmos)[0m - [0m10:12:13[0m
[2024-08-16T10:12:13.678+0000] {log.py:232} WARNING - [[34m2024-08-16T10:12:13.677+0000[0m] {[34msubprocess.py:[0m94} INFO[0m - [35m(astronomer-cosmos)[0m - [0m10:12:13[0m
[2024-08-16T10:12:13.677+0000] {subprocess.py:94} INFO - [0m10:12:13
[2024-08-16T10:12:13.687+0000] {log.py:232} WARNING - [[34m2024-08-16T10:12:13.687+0000[0m] {[34msubprocess.py:[0m94} INFO[0m - [35m(astronomer-cosmos)[0m - [0m10:12:13  1 of 1 START sql incremental model DWH.fct_weather_data_daily .................. [RUN][0m
[2024-08-16T10:12:13.688+0000] {log.py:232} WARNING - [[34m2024-08-16T10:12:13.687+0000[0m] {[34msubprocess.py:[0m94} INFO[0m - [35m(astronomer-cosmos)[0m - [0m10:12:13  1 of 1 START sql incremental model DWH.fct_weather_data_daily .................. [RUN][0m
[2024-08-16T10:12:13.687+0000] {subprocess.py:94} INFO - [0m10:12:13  1 of 1 START sql incremental model DWH.fct_weather_data_daily .................. [RUN]
[2024-08-16T10:12:21.373+0000] {log.py:232} WARNING - [[34m2024-08-16T10:12:21.372+0000[0m] {[34msubprocess.py:[0m94} INFO[0m - [35m(astronomer-cosmos)[0m - [0m10:12:21  1 of 1 OK created sql incremental model DWH.fct_weather_data_daily ............. [[32mSUCCESS 6[0m in 7.68s][0m
[2024-08-16T10:12:21.374+0000] {log.py:232} WARNING - [[34m2024-08-16T10:12:21.372+0000[0m] {[34msubprocess.py:[0m94} INFO[0m - [35m(astronomer-cosmos)[0m - [0m10:12:21  1 of 1 OK created sql incremental model DWH.fct_weather_data_daily ............. [[32mSUCCESS 6[0m in 7.68s][0m
[2024-08-16T10:12:21.372+0000] {subprocess.py:94} INFO - [0m10:12:21  1 of 1 OK created sql incremental model DWH.fct_weather_data_daily ............. [[32mSUCCESS 6[0m in 7.68s]
[2024-08-16T10:12:21.377+0000] {log.py:232} WARNING - [[34m2024-08-16T10:12:21.377+0000[0m] {[34msubprocess.py:[0m94} INFO[0m - [35m(astronomer-cosmos)[0m - [0m10:12:21[0m
[2024-08-16T10:12:21.378+0000] {log.py:232} WARNING - [[34m2024-08-16T10:12:21.377+0000[0m] {[34msubprocess.py:[0m94} INFO[0m - [35m(astronomer-cosmos)[0m - [0m10:12:21[0m
[2024-08-16T10:12:21.377+0000] {subprocess.py:94} INFO - [0m10:12:21
[2024-08-16T10:12:21.379+0000] {log.py:232} WARNING - [[34m2024-08-16T10:12:21.379+0000[0m] {[34msubprocess.py:[0m94} INFO[0m - [35m(astronomer-cosmos)[0m - [0m10:12:21  Finished running 1 incremental model in 0 hours 0 minutes and 9.99 seconds (9.99s).[0m
[2024-08-16T10:12:21.380+0000] {log.py:232} WARNING - [[34m2024-08-16T10:12:21.379+0000[0m] {[34msubprocess.py:[0m94} INFO[0m - [35m(astronomer-cosmos)[0m - [0m10:12:21  Finished running 1 incremental model in 0 hours 0 minutes and 9.99 seconds (9.99s).[0m
[2024-08-16T10:12:21.379+0000] {subprocess.py:94} INFO - [0m10:12:21  Finished running 1 incremental model in 0 hours 0 minutes and 9.99 seconds (9.99s).
[2024-08-16T10:12:21.430+0000] {log.py:232} WARNING - [[34m2024-08-16T10:12:21.429+0000[0m] {[34msubprocess.py:[0m94} INFO[0m - [35m(astronomer-cosmos)[0m - [0m10:12:21[0m
[2024-08-16T10:12:21.431+0000] {log.py:232} WARNING - [[34m2024-08-16T10:12:21.429+0000[0m] {[34msubprocess.py:[0m94} INFO[0m - [35m(astronomer-cosmos)[0m - [0m10:12:21[0m
[2024-08-16T10:12:21.429+0000] {subprocess.py:94} INFO - [0m10:12:21
[2024-08-16T10:12:21.432+0000] {log.py:232} WARNING - [[34m2024-08-16T10:12:21.432+0000[0m] {[34msubprocess.py:[0m94} INFO[0m - [35m(astronomer-cosmos)[0m - [0m10:12:21  [32mCompleted successfully[0m[0m
[2024-08-16T10:12:21.433+0000] {log.py:232} WARNING - [[34m2024-08-16T10:12:21.432+0000[0m] {[34msubprocess.py:[0m94} INFO[0m - [35m(astronomer-cosmos)[0m - [0m10:12:21  [32mCompleted successfully[0m[0m
[2024-08-16T10:12:21.432+0000] {subprocess.py:94} INFO - [0m10:12:21  [32mCompleted successfully[0m
[2024-08-16T10:12:21.434+0000] {log.py:232} WARNING - [[34m2024-08-16T10:12:21.433+0000[0m] {[34msubprocess.py:[0m94} INFO[0m - [35m(astronomer-cosmos)[0m - [0m10:12:21[0m
[2024-08-16T10:12:21.434+0000] {log.py:232} WARNING - [[34m2024-08-16T10:12:21.433+0000[0m] {[34msubprocess.py:[0m94} INFO[0m - [35m(astronomer-cosmos)[0m - [0m10:12:21[0m
[2024-08-16T10:12:21.433+0000] {subprocess.py:94} INFO - [0m10:12:21
[2024-08-16T10:12:21.435+0000] {log.py:232} WARNING - [[34m2024-08-16T10:12:21.435+0000[0m] {[34msubprocess.py:[0m94} INFO[0m - [35m(astronomer-cosmos)[0m - [0m10:12:21  Done. PASS=1 WARN=0 ERROR=0 SKIP=0 TOTAL=1[0m
[2024-08-16T10:12:21.436+0000] {log.py:232} WARNING - [[34m2024-08-16T10:12:21.435+0000[0m] {[34msubprocess.py:[0m94} INFO[0m - [35m(astronomer-cosmos)[0m - [0m10:12:21  Done. PASS=1 WARN=0 ERROR=0 SKIP=0 TOTAL=1[0m
[2024-08-16T10:12:21.435+0000] {subprocess.py:94} INFO - [0m10:12:21  Done. PASS=1 WARN=0 ERROR=0 SKIP=0 TOTAL=1
[2024-08-16T10:12:23.127+0000] {log.py:232} WARNING - [[34m2024-08-16T10:12:23.126+0000[0m] {[34msubprocess.py:[0m98} INFO[0m - [35m(astronomer-cosmos)[0m - Command exited with return code 0[0m
[2024-08-16T10:12:23.128+0000] {log.py:232} WARNING - [[34m2024-08-16T10:12:23.126+0000[0m] {[34msubprocess.py:[0m98} INFO[0m - [35m(astronomer-cosmos)[0m - Command exited with return code 0[0m
[2024-08-16T10:12:23.126+0000] {subprocess.py:98} INFO - Command exited with return code 0
[2024-08-16T10:12:23.130+0000] {log.py:232} WARNING - [[34m2024-08-16T10:12:23.129+0000[0m] {[34mlocal.py:[0m254} INFO[0m - [35m(astronomer-cosmos)[0m - [0m10:12:21  Done. PASS=1 WARN=0 ERROR=0 SKIP=0 TOTAL=1[0m
[2024-08-16T10:12:23.131+0000] {log.py:232} WARNING - [[34m2024-08-16T10:12:23.129+0000[0m] {[34mlocal.py:[0m254} INFO[0m - [35m(astronomer-cosmos)[0m - [0m10:12:21  Done. PASS=1 WARN=0 ERROR=0 SKIP=0 TOTAL=1[0m
[2024-08-16T10:12:23.129+0000] {local.py:254} INFO - [0m10:12:21  Done. PASS=1 WARN=0 ERROR=0 SKIP=0 TOTAL=1
[2024-08-16T10:12:23.162+0000] {local.py:196} WARNING - Artifact schema version: https://schemas.getdbt.com/dbt/manifest/v12.json is above dbt-ol supported version 7. This might cause errors.
[2024-08-16T10:12:23.163+0000] {local.py:196} WARNING - Artifact schema version: https://schemas.getdbt.com/dbt/run-results/v6.json is above dbt-ol supported version 5. This might cause errors.
[2024-08-16T10:12:23.176+0000] {log.py:232} WARNING - [[34m2024-08-16T10:12:23.176+0000[0m] {[34mlocal.py:[0m349} INFO[0m - [35m(astronomer-cosmos)[0m - Inlets: [Dataset(uri='snowflake://uz36730.ap-southeast-1.aws/POC_DATA_MARKETPLACE.DWH.stg_avg_convert_field', extra=None), Dataset(uri='snowflake://uz36730.ap-southeast-1.aws/POC_DATA_MARKETPLACE.DWH.stg_wind_speed', extra=None)][0m
[2024-08-16T10:12:23.177+0000] {log.py:232} WARNING - [[34m2024-08-16T10:12:23.176+0000[0m] {[34mlocal.py:[0m349} INFO[0m - [35m(astronomer-cosmos)[0m - Inlets: [Dataset(uri='snowflake://uz36730.ap-southeast-1.aws/POC_DATA_MARKETPLACE.DWH.stg_avg_convert_field', extra=None), Dataset(uri='snowflake://uz36730.ap-southeast-1.aws/POC_DATA_MARKETPLACE.DWH.stg_wind_speed', extra=None)][0m
[2024-08-16T10:12:23.176+0000] {local.py:349} INFO - Inlets: [Dataset(uri='snowflake://uz36730.ap-southeast-1.aws/POC_DATA_MARKETPLACE.DWH.stg_avg_convert_field', extra=None), Dataset(uri='snowflake://uz36730.ap-southeast-1.aws/POC_DATA_MARKETPLACE.DWH.stg_wind_speed', extra=None)]
[2024-08-16T10:12:23.178+0000] {log.py:232} WARNING - [[34m2024-08-16T10:12:23.178+0000[0m] {[34mlocal.py:[0m350} INFO[0m - [35m(astronomer-cosmos)[0m - Outlets: [Dataset(uri='snowflake://uz36730.ap-southeast-1.aws/POC_DATA_MARKETPLACE.DWH.fct_weather_data_daily', extra=None)][0m
[2024-08-16T10:12:23.179+0000] {log.py:232} WARNING - [[34m2024-08-16T10:12:23.178+0000[0m] {[34mlocal.py:[0m350} INFO[0m - [35m(astronomer-cosmos)[0m - Outlets: [Dataset(uri='snowflake://uz36730.ap-southeast-1.aws/POC_DATA_MARKETPLACE.DWH.fct_weather_data_daily', extra=None)][0m
[2024-08-16T10:12:23.178+0000] {local.py:350} INFO - Outlets: [Dataset(uri='snowflake://uz36730.ap-southeast-1.aws/POC_DATA_MARKETPLACE.DWH.fct_weather_data_daily', extra=None)]
[2024-08-16T10:12:23.180+0000] {dag.py:3096} INFO - Sync 1 DAGs
[2024-08-16T10:12:23.198+0000] {dag.py:3954} INFO - Setting next_dagrun for Prediction_Model to None, run_after=None
[2024-08-16T10:12:23.594+0000] {taskinstance.py:441} INFO - ::group::Post task execution logs
[2024-08-16T10:12:23.850+0000] {taskinstance.py:1206} INFO - Marking task as SUCCESS. dag_id=Prediction_Model, task_id=weather_data_daily_models.fct_weather_data_daily_run, run_id=manual__2024-08-16T10:11:47.973046+00:00, execution_date=20240816T101147, start_date=20240816T101207, end_date=20240816T101223
[2024-08-16T10:12:23.916+0000] {local_task_job_runner.py:240} INFO - Task exited with return code 0
[2024-08-16T10:12:23.943+0000] {taskinstance.py:3503} INFO - 1 downstream tasks scheduled from follow-on schedule check
[2024-08-16T10:12:23.971+0000] {local_task_job_runner.py:222} INFO - ::endgroup::
