[2024-08-13T16:08:30.067+0000] {local_task_job_runner.py:120} INFO - ::group::Pre task execution logs
[2024-08-13T16:08:30.108+0000] {taskinstance.py:2076} INFO - Dependencies all met for dep_context=non-requeueable deps ti=<TaskInstance: Weather_Data_Extraction.generate_output_file backfill__2024-01-22T00:00:00+00:00 [queued]>
[2024-08-13T16:08:30.622+0000] {taskinstance.py:2076} INFO - Dependencies all met for dep_context=requeueable deps ti=<TaskInstance: Weather_Data_Extraction.generate_output_file backfill__2024-01-22T00:00:00+00:00 [queued]>
[2024-08-13T16:08:30.635+0000] {taskinstance.py:2306} INFO - Starting attempt 1 of 1
[2024-08-13T16:08:30.715+0000] {taskinstance.py:2330} INFO - Executing <Task(PythonOperator): generate_output_file> on 2024-01-22 00:00:00+00:00
[2024-08-13T16:08:30.748+0000] {warnings.py:112} WARNING - /home/***/.local/lib/python3.12/site-packages/***/task/task_runner/standard_task_runner.py:61: DeprecationWarning: This process (pid=853) is multi-threaded, use of fork() may lead to deadlocks in the child.
  pid = os.fork()

[2024-08-13T16:08:30.775+0000] {standard_task_runner.py:63} INFO - Started process 872 to run task
[2024-08-13T16:08:30.795+0000] {standard_task_runner.py:90} INFO - Running: ['***', 'tasks', 'run', 'Weather_Data_Extraction', 'generate_output_file', 'backfill__2024-01-22T00:00:00+00:00', '--job-id', '137', '--pool', 'default_pool', '--raw', '--subdir', 'DAGS_FOLDER/Data_Weather_Extraction.py', '--cfg-path', '/tmp/tmp3387aklx']
[2024-08-13T16:08:30.879+0000] {standard_task_runner.py:91} INFO - Job 137: Subtask generate_output_file
[2024-08-13T16:08:31.152+0000] {warnings.py:112} WARNING - /home/***/.local/lib/python3.12/site-packages/***/settings.py:195: DeprecationWarning: The sql_alchemy_conn option in [core] has been moved to the sql_alchemy_conn option in [database] - the old setting has been used, but please update your config.
  SQL_ALCHEMY_CONN = conf.get("database", "SQL_ALCHEMY_CONN")

[2024-08-13T16:08:31.623+0000] {task_command.py:426} INFO - Running <TaskInstance: Weather_Data_Extraction.generate_output_file backfill__2024-01-22T00:00:00+00:00 [running]> on host ubuntu
[2024-08-13T16:08:32.353+0000] {taskinstance.py:2648} INFO - Exporting env vars: AIRFLOW_CTX_DAG_OWNER='Ducky' AIRFLOW_CTX_DAG_ID='Weather_Data_Extraction' AIRFLOW_CTX_TASK_ID='generate_output_file' AIRFLOW_CTX_EXECUTION_DATE='2024-01-22T00:00:00+00:00' AIRFLOW_CTX_TRY_NUMBER='1' AIRFLOW_CTX_DAG_RUN_ID='backfill__2024-01-22T00:00:00+00:00'
[2024-08-13T16:08:32.360+0000] {taskinstance.py:430} INFO - ::endgroup::
[2024-08-13T16:08:32.437+0000] {logging_mixin.py:188} INFO - Generated output file: Data_Weather-20240122.csv
[2024-08-13T16:08:32.438+0000] {logging_mixin.py:188} INFO - Execution Date: 2024/01/22
[2024-08-13T16:08:32.576+0000] {python.py:237} INFO - Done. Returned value was: None
[2024-08-13T16:08:32.578+0000] {taskinstance.py:441} INFO - ::group::Post task execution logs
[2024-08-13T16:08:32.614+0000] {taskinstance.py:1206} INFO - Marking task as SUCCESS. dag_id=Weather_Data_Extraction, task_id=generate_output_file, run_id=backfill__2024-01-22T00:00:00+00:00, execution_date=20240122T000000, start_date=20240813T160830, end_date=20240813T160832
[2024-08-13T16:08:32.719+0000] {local_task_job_runner.py:240} INFO - Task exited with return code 0
[2024-08-13T16:08:32.840+0000] {taskinstance.py:3503} INFO - 1 downstream tasks scheduled from follow-on schedule check
[2024-08-13T16:08:32.870+0000] {local_task_job_runner.py:222} INFO - ::endgroup::
[2024-08-14T03:15:26.147+0000] {local_task_job_runner.py:120} INFO - ::group::Pre task execution logs
[2024-08-14T03:15:26.189+0000] {taskinstance.py:2076} INFO - Dependencies all met for dep_context=non-requeueable deps ti=<TaskInstance: Weather_Data_Extraction.generate_output_file backfill__2024-01-22T00:00:00+00:00 [queued]>
[2024-08-14T03:15:26.404+0000] {taskinstance.py:2076} INFO - Dependencies all met for dep_context=requeueable deps ti=<TaskInstance: Weather_Data_Extraction.generate_output_file backfill__2024-01-22T00:00:00+00:00 [queued]>
[2024-08-14T03:15:26.406+0000] {taskinstance.py:2306} INFO - Starting attempt 1 of 1
[2024-08-14T03:15:26.435+0000] {taskinstance.py:2330} INFO - Executing <Task(PythonOperator): generate_output_file> on 2024-01-22 00:00:00+00:00
[2024-08-14T03:15:26.444+0000] {warnings.py:112} WARNING - /home/***/.local/lib/python3.12/site-packages/***/task/task_runner/standard_task_runner.py:61: DeprecationWarning: This process (pid=952) is multi-threaded, use of fork() may lead to deadlocks in the child.
  pid = os.fork()

[2024-08-14T03:15:26.446+0000] {standard_task_runner.py:63} INFO - Started process 954 to run task
[2024-08-14T03:15:26.447+0000] {standard_task_runner.py:90} INFO - Running: ['***', 'tasks', 'run', 'Weather_Data_Extraction', 'generate_output_file', 'backfill__2024-01-22T00:00:00+00:00', '--job-id', '429', '--pool', 'default_pool', '--raw', '--subdir', 'DAGS_FOLDER/Data_Weather_Extraction.py', '--cfg-path', '/tmp/tmpk92dyd4b']
[2024-08-14T03:15:26.450+0000] {standard_task_runner.py:91} INFO - Job 429: Subtask generate_output_file
[2024-08-14T03:15:26.497+0000] {task_command.py:426} INFO - Running <TaskInstance: Weather_Data_Extraction.generate_output_file backfill__2024-01-22T00:00:00+00:00 [running]> on host ubuntu
[2024-08-14T03:15:26.580+0000] {taskinstance.py:2648} INFO - Exporting env vars: AIRFLOW_CTX_DAG_OWNER='Ducky' AIRFLOW_CTX_DAG_ID='Weather_Data_Extraction' AIRFLOW_CTX_TASK_ID='generate_output_file' AIRFLOW_CTX_EXECUTION_DATE='2024-01-22T00:00:00+00:00' AIRFLOW_CTX_TRY_NUMBER='1' AIRFLOW_CTX_DAG_RUN_ID='backfill__2024-01-22T00:00:00+00:00'
[2024-08-14T03:15:26.582+0000] {taskinstance.py:430} INFO - ::endgroup::
[2024-08-14T03:15:26.597+0000] {logging_mixin.py:188} INFO - Generated output file: Data_Weather-20240122.csv
[2024-08-14T03:15:26.597+0000] {logging_mixin.py:188} INFO - Execution Date: 2024/01/22
[2024-08-14T03:15:26.620+0000] {python.py:237} INFO - Done. Returned value was: None
[2024-08-14T03:15:26.621+0000] {taskinstance.py:441} INFO - ::group::Post task execution logs
[2024-08-14T03:15:26.629+0000] {taskinstance.py:1206} INFO - Marking task as SUCCESS. dag_id=Weather_Data_Extraction, task_id=generate_output_file, run_id=backfill__2024-01-22T00:00:00+00:00, execution_date=20240122T000000, start_date=20240814T031526, end_date=20240814T031526
[2024-08-14T03:15:26.661+0000] {local_task_job_runner.py:240} INFO - Task exited with return code 0
[2024-08-14T03:15:26.690+0000] {taskinstance.py:3503} INFO - 1 downstream tasks scheduled from follow-on schedule check
[2024-08-14T03:15:26.693+0000] {local_task_job_runner.py:222} INFO - ::endgroup::
