[2024-08-13T16:10:12.062+0000] {local_task_job_runner.py:120} INFO - ::group::Pre task execution logs
[2024-08-13T16:10:12.109+0000] {taskinstance.py:2076} INFO - Dependencies all met for dep_context=non-requeueable deps ti=<TaskInstance: Weather_Data_Extraction.generate_output_file backfill__2024-02-25T00:00:00+00:00 [queued]>
[2024-08-13T16:10:12.126+0000] {taskinstance.py:2076} INFO - Dependencies all met for dep_context=requeueable deps ti=<TaskInstance: Weather_Data_Extraction.generate_output_file backfill__2024-02-25T00:00:00+00:00 [queued]>
[2024-08-13T16:10:12.128+0000] {taskinstance.py:2306} INFO - Starting attempt 1 of 1
[2024-08-13T16:10:12.412+0000] {taskinstance.py:2330} INFO - Executing <Task(PythonOperator): generate_output_file> on 2024-02-25 00:00:00+00:00
[2024-08-13T16:10:12.438+0000] {warnings.py:112} WARNING - /home/***/.local/lib/python3.12/site-packages/***/task/task_runner/standard_task_runner.py:61: DeprecationWarning: This process (pid=1153) is multi-threaded, use of fork() may lead to deadlocks in the child.
  pid = os.fork()

[2024-08-13T16:10:12.447+0000] {standard_task_runner.py:63} INFO - Started process 1168 to run task
[2024-08-13T16:10:12.444+0000] {standard_task_runner.py:90} INFO - Running: ['***', 'tasks', 'run', 'Weather_Data_Extraction', 'generate_output_file', 'backfill__2024-02-25T00:00:00+00:00', '--job-id', '227', '--pool', 'default_pool', '--raw', '--subdir', 'DAGS_FOLDER/Data_Weather_Extraction.py', '--cfg-path', '/tmp/tmpqqr8tvfj']
[2024-08-13T16:10:12.478+0000] {standard_task_runner.py:91} INFO - Job 227: Subtask generate_output_file
[2024-08-13T16:10:12.516+0000] {warnings.py:112} WARNING - /home/***/.local/lib/python3.12/site-packages/***/settings.py:195: DeprecationWarning: The sql_alchemy_conn option in [core] has been moved to the sql_alchemy_conn option in [database] - the old setting has been used, but please update your config.
  SQL_ALCHEMY_CONN = conf.get("database", "SQL_ALCHEMY_CONN")

[2024-08-13T16:10:12.622+0000] {task_command.py:426} INFO - Running <TaskInstance: Weather_Data_Extraction.generate_output_file backfill__2024-02-25T00:00:00+00:00 [running]> on host ubuntu
[2024-08-13T16:10:13.000+0000] {taskinstance.py:2648} INFO - Exporting env vars: AIRFLOW_CTX_DAG_OWNER='Ducky' AIRFLOW_CTX_DAG_ID='Weather_Data_Extraction' AIRFLOW_CTX_TASK_ID='generate_output_file' AIRFLOW_CTX_EXECUTION_DATE='2024-02-25T00:00:00+00:00' AIRFLOW_CTX_TRY_NUMBER='1' AIRFLOW_CTX_DAG_RUN_ID='backfill__2024-02-25T00:00:00+00:00'
[2024-08-13T16:10:13.010+0000] {taskinstance.py:430} INFO - ::endgroup::
[2024-08-13T16:10:13.081+0000] {logging_mixin.py:188} INFO - Generated output file: Data_Weather-20240225.csv
[2024-08-13T16:10:13.082+0000] {logging_mixin.py:188} INFO - Execution Date: 2024/02/25
[2024-08-13T16:10:13.191+0000] {python.py:237} INFO - Done. Returned value was: None
[2024-08-13T16:10:13.202+0000] {taskinstance.py:441} INFO - ::group::Post task execution logs
[2024-08-13T16:10:13.239+0000] {taskinstance.py:1206} INFO - Marking task as SUCCESS. dag_id=Weather_Data_Extraction, task_id=generate_output_file, run_id=backfill__2024-02-25T00:00:00+00:00, execution_date=20240225T000000, start_date=20240813T161012, end_date=20240813T161013
[2024-08-13T16:10:13.347+0000] {local_task_job_runner.py:240} INFO - Task exited with return code 0
[2024-08-13T16:10:13.532+0000] {taskinstance.py:3503} INFO - 1 downstream tasks scheduled from follow-on schedule check
[2024-08-13T16:10:13.566+0000] {local_task_job_runner.py:222} INFO - ::endgroup::
[2024-08-14T04:33:00.115+0000] {local_task_job_runner.py:120} INFO - ::group::Pre task execution logs
[2024-08-14T04:33:00.135+0000] {taskinstance.py:2076} INFO - Dependencies all met for dep_context=non-requeueable deps ti=<TaskInstance: Weather_Data_Extraction.generate_output_file backfill__2024-02-25T00:00:00+00:00 [queued]>
[2024-08-14T04:33:00.147+0000] {taskinstance.py:2076} INFO - Dependencies all met for dep_context=requeueable deps ti=<TaskInstance: Weather_Data_Extraction.generate_output_file backfill__2024-02-25T00:00:00+00:00 [queued]>
[2024-08-14T04:33:00.148+0000] {taskinstance.py:2306} INFO - Starting attempt 1 of 1
[2024-08-14T04:33:00.312+0000] {taskinstance.py:2330} INFO - Executing <Task(PythonOperator): generate_output_file> on 2024-02-25 00:00:00+00:00
[2024-08-14T04:33:00.320+0000] {warnings.py:112} WARNING - /home/***/.local/lib/python3.12/site-packages/***/task/task_runner/standard_task_runner.py:61: DeprecationWarning: This process (pid=2353) is multi-threaded, use of fork() may lead to deadlocks in the child.
  pid = os.fork()

[2024-08-14T04:33:00.321+0000] {standard_task_runner.py:63} INFO - Started process 2355 to run task
[2024-08-14T04:33:00.321+0000] {standard_task_runner.py:90} INFO - Running: ['***', 'tasks', 'run', 'Weather_Data_Extraction', 'generate_output_file', 'backfill__2024-02-25T00:00:00+00:00', '--job-id', '569', '--pool', 'default_pool', '--raw', '--subdir', 'DAGS_FOLDER/Data_Weather_Extraction.py', '--cfg-path', '/tmp/tmpp7i7o5t9']
[2024-08-14T04:33:00.324+0000] {standard_task_runner.py:91} INFO - Job 569: Subtask generate_output_file
[2024-08-14T04:33:00.370+0000] {task_command.py:426} INFO - Running <TaskInstance: Weather_Data_Extraction.generate_output_file backfill__2024-02-25T00:00:00+00:00 [running]> on host ubuntu
[2024-08-14T04:33:00.482+0000] {taskinstance.py:2648} INFO - Exporting env vars: AIRFLOW_CTX_DAG_OWNER='Ducky' AIRFLOW_CTX_DAG_ID='Weather_Data_Extraction' AIRFLOW_CTX_TASK_ID='generate_output_file' AIRFLOW_CTX_EXECUTION_DATE='2024-02-25T00:00:00+00:00' AIRFLOW_CTX_TRY_NUMBER='1' AIRFLOW_CTX_DAG_RUN_ID='backfill__2024-02-25T00:00:00+00:00'
[2024-08-14T04:33:00.485+0000] {taskinstance.py:430} INFO - ::endgroup::
[2024-08-14T04:33:00.504+0000] {logging_mixin.py:188} INFO - Generated output file: Data_Weather-20240225.csv
[2024-08-14T04:33:00.506+0000] {logging_mixin.py:188} INFO - Execution Date: 2024/02/25
[2024-08-14T04:33:00.537+0000] {python.py:237} INFO - Done. Returned value was: None
[2024-08-14T04:33:00.538+0000] {taskinstance.py:441} INFO - ::group::Post task execution logs
[2024-08-14T04:33:00.548+0000] {taskinstance.py:1206} INFO - Marking task as SUCCESS. dag_id=Weather_Data_Extraction, task_id=generate_output_file, run_id=backfill__2024-02-25T00:00:00+00:00, execution_date=20240225T000000, start_date=20240814T043300, end_date=20240814T043300
[2024-08-14T04:33:00.576+0000] {local_task_job_runner.py:240} INFO - Task exited with return code 0
[2024-08-14T04:33:00.607+0000] {taskinstance.py:3503} INFO - 1 downstream tasks scheduled from follow-on schedule check
[2024-08-14T04:33:00.610+0000] {local_task_job_runner.py:222} INFO - ::endgroup::
