[2024-08-19T03:17:07.525+0000] {local_task_job_runner.py:120} INFO - ::group::Pre task execution logs
[2024-08-19T03:17:07.711+0000] {taskinstance.py:2076} INFO - Dependencies all met for dep_context=non-requeueable deps ti=<TaskInstance: Weather_Data_Extraction.weather_data_models.fct_weather_data.run backfill__2024-08-16T00:00:00+00:00 [queued]>
[2024-08-19T03:17:07.731+0000] {taskinstance.py:2076} INFO - Dependencies all met for dep_context=requeueable deps ti=<TaskInstance: Weather_Data_Extraction.weather_data_models.fct_weather_data.run backfill__2024-08-16T00:00:00+00:00 [queued]>
[2024-08-19T03:17:07.732+0000] {taskinstance.py:2306} INFO - Starting attempt 1 of 3
[2024-08-19T03:17:07.756+0000] {taskinstance.py:2330} INFO - Executing <Task(DbtRunLocalOperator): weather_data_models.fct_weather_data.run> on 2024-08-16 00:00:00+00:00
[2024-08-19T03:17:07.767+0000] {warnings.py:112} WARNING - /home/***/.local/lib/python3.12/site-packages/***/task/task_runner/standard_task_runner.py:61: DeprecationWarning: This process (pid=197) is multi-threaded, use of fork() may lead to deadlocks in the child.
  pid = os.fork()

[2024-08-19T03:17:07.770+0000] {standard_task_runner.py:63} INFO - Started process 199 to run task
[2024-08-19T03:17:07.770+0000] {standard_task_runner.py:90} INFO - Running: ['***', 'tasks', 'run', 'Weather_Data_Extraction', 'weather_data_models.fct_weather_data.run', 'backfill__2024-08-16T00:00:00+00:00', '--job-id', '1313', '--pool', 'default_pool', '--raw', '--subdir', 'DAGS_FOLDER/Data_Weather_Extraction.py', '--cfg-path', '/tmp/tmpfp60aqx3']
[2024-08-19T03:17:07.773+0000] {standard_task_runner.py:91} INFO - Job 1313: Subtask weather_data_models.fct_weather_data.run
[2024-08-19T03:17:07.828+0000] {task_command.py:426} INFO - Running <TaskInstance: Weather_Data_Extraction.weather_data_models.fct_weather_data.run backfill__2024-08-16T00:00:00+00:00 [running]> on host ubuntu
[2024-08-19T03:17:07.935+0000] {taskinstance.py:2648} INFO - Exporting env vars: AIRFLOW_CTX_DAG_OWNER='Ducky' AIRFLOW_CTX_DAG_ID='Weather_Data_Extraction' AIRFLOW_CTX_TASK_ID='weather_data_models.fct_weather_data.run' AIRFLOW_CTX_EXECUTION_DATE='2024-08-16T00:00:00+00:00' AIRFLOW_CTX_TRY_NUMBER='1' AIRFLOW_CTX_DAG_RUN_ID='backfill__2024-08-16T00:00:00+00:00'
[2024-08-19T03:17:07.937+0000] {taskinstance.py:430} INFO - ::endgroup::
[2024-08-19T03:17:07.966+0000] {log.py:232} WARNING - [[34m2024-08-19T03:17:07.966+0000[0m] {[34mgraph.py:[0m377} INFO[0m - [35m(astronomer-cosmos)[0m - Trying to parse the dbt project using dbt ls cache cosmos_cache__dbt_dag_filterd__customers_group...[0m
[2024-08-19T03:17:07.968+0000] {log.py:232} WARNING - [[34m2024-08-19T03:17:07.966+0000[0m] {[34mgraph.py:[0m377} INFO[0m - [35m(astronomer-cosmos)[0m - Trying to parse the dbt project using dbt ls cache cosmos_cache__dbt_dag_filterd__customers_group...[0m
[2024-08-19T03:17:07.966+0000] {graph.py:377} INFO - Trying to parse the dbt project using dbt ls cache cosmos_cache__dbt_dag_filterd__customers_group...
[2024-08-19T03:17:08.261+0000] {log.py:232} WARNING - [[34m2024-08-19T03:17:08.260+0000[0m] {[34mcache.py:[0m262} INFO[0m - [35m(astronomer-cosmos)[0m - Cosmos performance: time to calculate cache identifier cosmos_cache__dbt_dag_filterd__customers_group for current version: 0.28048210199995083[0m
[2024-08-19T03:17:08.262+0000] {log.py:232} WARNING - [[34m2024-08-19T03:17:08.260+0000[0m] {[34mcache.py:[0m262} INFO[0m - [35m(astronomer-cosmos)[0m - Cosmos performance: time to calculate cache identifier cosmos_cache__dbt_dag_filterd__customers_group for current version: 0.28048210199995083[0m
[2024-08-19T03:17:08.260+0000] {cache.py:262} INFO - Cosmos performance: time to calculate cache identifier cosmos_cache__dbt_dag_filterd__customers_group for current version: 0.28048210199995083
[2024-08-19T03:17:08.263+0000] {log.py:232} WARNING - [[34m2024-08-19T03:17:08.263+0000[0m] {[34mgraph.py:[0m394} INFO[0m - [35m(astronomer-cosmos)[0m - Cosmos performance [ubuntu|199]: The cache size for cosmos_cache__dbt_dag_filterd__customers_group is 2948[0m
[2024-08-19T03:17:08.264+0000] {log.py:232} WARNING - [[34m2024-08-19T03:17:08.263+0000[0m] {[34mgraph.py:[0m394} INFO[0m - [35m(astronomer-cosmos)[0m - Cosmos performance [ubuntu|199]: The cache size for cosmos_cache__dbt_dag_filterd__customers_group is 2948[0m
[2024-08-19T03:17:08.263+0000] {graph.py:394} INFO - Cosmos performance [ubuntu|199]: The cache size for cosmos_cache__dbt_dag_filterd__customers_group is 2948
[2024-08-19T03:17:08.265+0000] {log.py:232} WARNING - [[34m2024-08-19T03:17:08.265+0000[0m] {[34mgraph.py:[0m402} INFO[0m - [35m(astronomer-cosmos)[0m - Cosmos performance: Cache hit for cosmos_cache__dbt_dag_filterd__customers_group - d3655c99e4b770027e65648437a3d068,5f7d44698c4b67134aff532494870c9c[0m
[2024-08-19T03:17:08.266+0000] {log.py:232} WARNING - [[34m2024-08-19T03:17:08.265+0000[0m] {[34mgraph.py:[0m402} INFO[0m - [35m(astronomer-cosmos)[0m - Cosmos performance: Cache hit for cosmos_cache__dbt_dag_filterd__customers_group - d3655c99e4b770027e65648437a3d068,5f7d44698c4b67134aff532494870c9c[0m
[2024-08-19T03:17:08.265+0000] {graph.py:402} INFO - Cosmos performance: Cache hit for cosmos_cache__dbt_dag_filterd__customers_group - d3655c99e4b770027e65648437a3d068,5f7d44698c4b67134aff532494870c9c
[2024-08-19T03:17:08.267+0000] {log.py:232} WARNING - [[34m2024-08-19T03:17:08.266+0000[0m] {[34mgraph.py:[0m335} INFO[0m - [35m(astronomer-cosmos)[0m - Total nodes: 3[0m
[2024-08-19T03:17:08.267+0000] {log.py:232} WARNING - [[34m2024-08-19T03:17:08.266+0000[0m] {[34mgraph.py:[0m335} INFO[0m - [35m(astronomer-cosmos)[0m - Total nodes: 3[0m
[2024-08-19T03:17:08.266+0000] {graph.py:335} INFO - Total nodes: 3
[2024-08-19T03:17:08.268+0000] {log.py:232} WARNING - [[34m2024-08-19T03:17:08.268+0000[0m] {[34mgraph.py:[0m336} INFO[0m - [35m(astronomer-cosmos)[0m - Total filtered nodes: 3[0m
[2024-08-19T03:17:08.269+0000] {log.py:232} WARNING - [[34m2024-08-19T03:17:08.268+0000[0m] {[34mgraph.py:[0m336} INFO[0m - [35m(astronomer-cosmos)[0m - Total filtered nodes: 3[0m
[2024-08-19T03:17:08.268+0000] {graph.py:336} INFO - Total filtered nodes: 3
[2024-08-19T03:17:08.270+0000] {log.py:232} WARNING - [[34m2024-08-19T03:17:08.270+0000[0m] {[34mconverter.py:[0m251} INFO[0m - [35m(astronomer-cosmos)[0m - Cosmos performance (dbt_dag_filterd__customers_group) -  [ubuntu|199]: It took 0.304s to parse the dbt project for DAG using LoadMode.DBT_LS_CACHE[0m
[2024-08-19T03:17:08.270+0000] {log.py:232} WARNING - [[34m2024-08-19T03:17:08.270+0000[0m] {[34mconverter.py:[0m251} INFO[0m - [35m(astronomer-cosmos)[0m - Cosmos performance (dbt_dag_filterd__customers_group) -  [ubuntu|199]: It took 0.304s to parse the dbt project for DAG using LoadMode.DBT_LS_CACHE[0m
[2024-08-19T03:17:08.270+0000] {converter.py:251} INFO - Cosmos performance (dbt_dag_filterd__customers_group) -  [ubuntu|199]: It took 0.304s to parse the dbt project for DAG using LoadMode.DBT_LS_CACHE
[2024-08-19T03:17:08.275+0000] {log.py:232} WARNING - [[34m2024-08-19T03:17:08.274+0000[0m] {[34mproject.py:[0m35} INFO[0m - [35m(astronomer-cosmos)[0m - Project /opt/***/dags/Data_Marketplace does not have {'dependencies.yml', 'packages.yml'}[0m
[2024-08-19T03:17:08.276+0000] {log.py:232} WARNING - [[34m2024-08-19T03:17:08.274+0000[0m] {[34mproject.py:[0m35} INFO[0m - [35m(astronomer-cosmos)[0m - Project /opt/***/dags/Data_Marketplace does not have {'dependencies.yml', 'packages.yml'}[0m
[2024-08-19T03:17:08.274+0000] {project.py:35} INFO - Project /opt/***/dags/Data_Marketplace does not have {'dependencies.yml', 'packages.yml'}
[2024-08-19T03:17:08.280+0000] {log.py:232} WARNING - [[34m2024-08-19T03:17:08.279+0000[0m] {[34mproject.py:[0m35} INFO[0m - [35m(astronomer-cosmos)[0m - Project /opt/***/dags/Data_Marketplace does not have {'dependencies.yml', 'packages.yml'}[0m
[2024-08-19T03:17:08.280+0000] {log.py:232} WARNING - [[34m2024-08-19T03:17:08.279+0000[0m] {[34mproject.py:[0m35} INFO[0m - [35m(astronomer-cosmos)[0m - Project /opt/***/dags/Data_Marketplace does not have {'dependencies.yml', 'packages.yml'}[0m
[2024-08-19T03:17:08.279+0000] {project.py:35} INFO - Project /opt/***/dags/Data_Marketplace does not have {'dependencies.yml', 'packages.yml'}
[2024-08-19T03:17:08.283+0000] {log.py:232} WARNING - [[34m2024-08-19T03:17:08.283+0000[0m] {[34mproject.py:[0m35} INFO[0m - [35m(astronomer-cosmos)[0m - Project /opt/***/dags/Data_Marketplace does not have {'dependencies.yml', 'packages.yml'}[0m
[2024-08-19T03:17:08.284+0000] {log.py:232} WARNING - [[34m2024-08-19T03:17:08.283+0000[0m] {[34mproject.py:[0m35} INFO[0m - [35m(astronomer-cosmos)[0m - Project /opt/***/dags/Data_Marketplace does not have {'dependencies.yml', 'packages.yml'}[0m
[2024-08-19T03:17:08.283+0000] {project.py:35} INFO - Project /opt/***/dags/Data_Marketplace does not have {'dependencies.yml', 'packages.yml'}
[2024-08-19T03:17:08.285+0000] {log.py:232} WARNING - [[34m2024-08-19T03:17:08.285+0000[0m] {[34mconverter.py:[0m293} INFO[0m - [35m(astronomer-cosmos)[0m - Cosmos performance (dbt_dag_filterd__customers_group) - [ubuntu|199]: It took 0.0155s to build the Airflow DAG.[0m
[2024-08-19T03:17:08.286+0000] {log.py:232} WARNING - [[34m2024-08-19T03:17:08.285+0000[0m] {[34mconverter.py:[0m293} INFO[0m - [35m(astronomer-cosmos)[0m - Cosmos performance (dbt_dag_filterd__customers_group) - [ubuntu|199]: It took 0.0155s to build the Airflow DAG.[0m
[2024-08-19T03:17:08.285+0000] {converter.py:293} INFO - Cosmos performance (dbt_dag_filterd__customers_group) - [ubuntu|199]: It took 0.0155s to build the Airflow DAG.
[2024-08-19T03:17:08.287+0000] {log.py:232} WARNING - [[34m2024-08-19T03:17:08.287+0000[0m] {[34mlocal.py:[0m174} INFO[0m - [35m(astronomer-cosmos)[0m - Could not import dbtRunner. Falling back to subprocess for invoking dbt.[0m
[2024-08-19T03:17:08.288+0000] {log.py:232} WARNING - [[34m2024-08-19T03:17:08.287+0000[0m] {[34mlocal.py:[0m174} INFO[0m - [35m(astronomer-cosmos)[0m - Could not import dbtRunner. Falling back to subprocess for invoking dbt.[0m
[2024-08-19T03:17:08.287+0000] {local.py:174} INFO - Could not import dbtRunner. Falling back to subprocess for invoking dbt.
[2024-08-19T03:17:08.290+0000] {log.py:232} WARNING - [[34m2024-08-19T03:17:08.289+0000[0m] {[34mlocal.py:[0m292} INFO[0m - [35m(astronomer-cosmos)[0m - Cloning project to writable temp directory /tmp/tmpj7rg2y7e from /opt/***/dags/Data_Marketplace[0m
[2024-08-19T03:17:08.290+0000] {log.py:232} WARNING - [[34m2024-08-19T03:17:08.289+0000[0m] {[34mlocal.py:[0m292} INFO[0m - [35m(astronomer-cosmos)[0m - Cloning project to writable temp directory /tmp/tmpj7rg2y7e from /opt/***/dags/Data_Marketplace[0m
[2024-08-19T03:17:08.289+0000] {local.py:292} INFO - Cloning project to writable temp directory /tmp/tmpj7rg2y7e from /opt/airflow/dags/Data_Marketplace
[2024-08-19T03:17:08.298+0000] {log.py:232} WARNING - [[34m2024-08-19T03:17:08.297+0000[0m] {[34mlocal.py:[0m303} INFO[0m - [35m(astronomer-cosmos)[0m - Partial parse is enabled and the latest partial parse file is /tmp/cosmos/Weather_Data_Extraction__weather_data_models/target/partial_parse.msgpack[0m
[2024-08-19T03:17:08.299+0000] {log.py:232} WARNING - [[34m2024-08-19T03:17:08.297+0000[0m] {[34mlocal.py:[0m303} INFO[0m - [35m(astronomer-cosmos)[0m - Partial parse is enabled and the latest partial parse file is /tmp/cosmos/Weather_Data_Extraction__weather_data_models/target/partial_parse.msgpack[0m
[2024-08-19T03:17:08.297+0000] {local.py:303} INFO - Partial parse is enabled and the latest partial parse file is /tmp/cosmos/Weather_Data_Extraction__weather_data_models/target/partial_parse.msgpack
[2024-08-19T03:17:08.310+0000] {log.py:232} WARNING - [[34m2024-08-19T03:17:08.310+0000[0m] {[34mconfig.py:[0m292} INFO[0m - [35m(astronomer-cosmos)[0m - Profile caching is enable.[0m
[2024-08-19T03:17:08.311+0000] {log.py:232} WARNING - [[34m2024-08-19T03:17:08.310+0000[0m] {[34mconfig.py:[0m292} INFO[0m - [35m(astronomer-cosmos)[0m - Profile caching is enable.[0m
[2024-08-19T03:17:08.310+0000] {config.py:292} INFO - Profile caching is enable.
[2024-08-19T03:17:08.326+0000] {base.py:84} INFO - Using connection ID 'snowflake_conn' for task execution.
[2024-08-19T03:17:08.336+0000] {log.py:232} WARNING - [[34m2024-08-19T03:17:08.335+0000[0m] {[34mconfig.py:[0m272} INFO[0m - [35m(astronomer-cosmos)[0m - Profile found in cache using profile: /tmp/cosmos/profile/ec71862f850e9b0839075fe0561d5062ab3dd99ef2a3dac2fe4fc1486f2849d0/profiles.yml.[0m
[2024-08-19T03:17:08.337+0000] {log.py:232} WARNING - [[34m2024-08-19T03:17:08.335+0000[0m] {[34mconfig.py:[0m272} INFO[0m - [35m(astronomer-cosmos)[0m - Profile found in cache using profile: /tmp/cosmos/profile/ec71862f850e9b0839075fe0561d5062ab3dd99ef2a3dac2fe4fc1486f2849d0/profiles.yml.[0m
[2024-08-19T03:17:08.335+0000] {config.py:272} INFO - Profile found in cache using profile: /tmp/cosmos/profile/ec71862f850e9b0839075fe0561d5062ab3dd99ef2a3dac2fe4fc1486f2849d0/profiles.yml.
[2024-08-19T03:17:08.339+0000] {log.py:232} WARNING - [[34m2024-08-19T03:17:08.339+0000[0m] {[34mlocal.py:[0m247} INFO[0m - [35m(astronomer-cosmos)[0m - Trying to run the command:
 ['/opt/***/dbt_venv/bin/dbt', 'run', '--models', 'fct_weather_data', '--project-dir', '/tmp/tmpj7rg2y7e', '--profiles-dir', '/tmp/cosmos/profile/ec71862f850e9b0839075fe0561d5062ab3dd99ef2a3dac2fe4fc1486f2849d0', '--profile', 'Data_Marketplace', '--target', 'dev']
From /tmp/tmpj7rg2y7e[0m
[2024-08-19T03:17:08.340+0000] {log.py:232} WARNING - [[34m2024-08-19T03:17:08.339+0000[0m] {[34mlocal.py:[0m247} INFO[0m - [35m(astronomer-cosmos)[0m - Trying to run the command:
 ['/opt/***/dbt_venv/bin/dbt', 'run', '--models', 'fct_weather_data', '--project-dir', '/tmp/tmpj7rg2y7e', '--profiles-dir', '/tmp/cosmos/profile/ec71862f850e9b0839075fe0561d5062ab3dd99ef2a3dac2fe4fc1486f2849d0', '--profile', 'Data_Marketplace', '--target', 'dev']
From /tmp/tmpj7rg2y7e[0m
[2024-08-19T03:17:08.339+0000] {local.py:247} INFO - Trying to run the command:
 ['/opt/***/dbt_venv/bin/dbt', 'run', '--models', 'fct_weather_data', '--project-dir', '/tmp/tmpj7rg2y7e', '--profiles-dir', '/tmp/cosmos/profile/ec71862f850e9b0839075fe0561d5062ab3dd99ef2a3dac2fe4fc1486f2849d0', '--profile', 'Data_Marketplace', '--target', 'dev']
From /tmp/tmpj7rg2y7e
[2024-08-19T03:17:08.342+0000] {log.py:232} WARNING - [[34m2024-08-19T03:17:08.341+0000[0m] {[34msubprocess.py:[0m60} INFO[0m - [35m(astronomer-cosmos)[0m - Tmp dir root location: 
 /tmp[0m
[2024-08-19T03:17:08.342+0000] {log.py:232} WARNING - [[34m2024-08-19T03:17:08.341+0000[0m] {[34msubprocess.py:[0m60} INFO[0m - [35m(astronomer-cosmos)[0m - Tmp dir root location: 
 /tmp[0m
[2024-08-19T03:17:08.341+0000] {subprocess.py:60} INFO - Tmp dir root location: 
 /tmp
[2024-08-19T03:17:08.343+0000] {log.py:232} WARNING - [[34m2024-08-19T03:17:08.343+0000[0m] {[34msubprocess.py:[0m73} INFO[0m - [35m(astronomer-cosmos)[0m - Running command: ['/opt/***/dbt_venv/bin/dbt', 'run', '--models', 'fct_weather_data', '--project-dir', '/tmp/tmpj7rg2y7e', '--profiles-dir', '/tmp/cosmos/profile/ec71862f850e9b0839075fe0561d5062ab3dd99ef2a3dac2fe4fc1486f2849d0', '--profile', 'Data_Marketplace', '--target', 'dev'][0m
[2024-08-19T03:17:08.344+0000] {log.py:232} WARNING - [[34m2024-08-19T03:17:08.343+0000[0m] {[34msubprocess.py:[0m73} INFO[0m - [35m(astronomer-cosmos)[0m - Running command: ['/opt/***/dbt_venv/bin/dbt', 'run', '--models', 'fct_weather_data', '--project-dir', '/tmp/tmpj7rg2y7e', '--profiles-dir', '/tmp/cosmos/profile/ec71862f850e9b0839075fe0561d5062ab3dd99ef2a3dac2fe4fc1486f2849d0', '--profile', 'Data_Marketplace', '--target', 'dev'][0m
[2024-08-19T03:17:08.343+0000] {subprocess.py:73} INFO - Running command: ['/opt/***/dbt_venv/bin/dbt', 'run', '--models', 'fct_weather_data', '--project-dir', '/tmp/tmpj7rg2y7e', '--profiles-dir', '/tmp/cosmos/profile/ec71862f850e9b0839075fe0561d5062ab3dd99ef2a3dac2fe4fc1486f2849d0', '--profile', 'Data_Marketplace', '--target', 'dev']
[2024-08-19T03:17:08.359+0000] {log.py:232} WARNING - [[34m2024-08-19T03:17:08.359+0000[0m] {[34msubprocess.py:[0m84} INFO[0m - [35m(astronomer-cosmos)[0m - Command output:[0m
[2024-08-19T03:17:08.360+0000] {log.py:232} WARNING - [[34m2024-08-19T03:17:08.359+0000[0m] {[34msubprocess.py:[0m84} INFO[0m - [35m(astronomer-cosmos)[0m - Command output:[0m
[2024-08-19T03:17:08.359+0000] {subprocess.py:84} INFO - Command output:
[2024-08-19T03:17:11.096+0000] {log.py:232} WARNING - [[34m2024-08-19T03:17:11.095+0000[0m] {[34msubprocess.py:[0m94} INFO[0m - [35m(astronomer-cosmos)[0m - [0m03:17:11  Running with dbt=1.8.5[0m
[2024-08-19T03:17:11.097+0000] {log.py:232} WARNING - [[34m2024-08-19T03:17:11.095+0000[0m] {[34msubprocess.py:[0m94} INFO[0m - [35m(astronomer-cosmos)[0m - [0m03:17:11  Running with dbt=1.8.5[0m
[2024-08-19T03:17:11.095+0000] {subprocess.py:94} INFO - [0m03:17:11  Running with dbt=1.8.5
[2024-08-19T03:17:11.843+0000] {log.py:232} WARNING - [[34m2024-08-19T03:17:11.842+0000[0m] {[34msubprocess.py:[0m94} INFO[0m - [35m(astronomer-cosmos)[0m - [0m03:17:11  Registered adapter: snowflake=1.8.3[0m
[2024-08-19T03:17:11.844+0000] {log.py:232} WARNING - [[34m2024-08-19T03:17:11.842+0000[0m] {[34msubprocess.py:[0m94} INFO[0m - [35m(astronomer-cosmos)[0m - [0m03:17:11  Registered adapter: snowflake=1.8.3[0m
[2024-08-19T03:17:11.842+0000] {subprocess.py:94} INFO - [0m03:17:11  Registered adapter: snowflake=1.8.3
[2024-08-19T03:17:12.805+0000] {log.py:232} WARNING - [[34m2024-08-19T03:17:12.804+0000[0m] {[34msubprocess.py:[0m94} INFO[0m - [35m(astronomer-cosmos)[0m - [0m03:17:12  Found 9 models, 2 snapshots, 3 seeds, 2 data tests, 3 sources, 448 macros[0m
[2024-08-19T03:17:12.806+0000] {log.py:232} WARNING - [[34m2024-08-19T03:17:12.804+0000[0m] {[34msubprocess.py:[0m94} INFO[0m - [35m(astronomer-cosmos)[0m - [0m03:17:12  Found 9 models, 2 snapshots, 3 seeds, 2 data tests, 3 sources, 448 macros[0m
[2024-08-19T03:17:12.804+0000] {subprocess.py:94} INFO - [0m03:17:12  Found 9 models, 2 snapshots, 3 seeds, 2 data tests, 3 sources, 448 macros
[2024-08-19T03:17:12.808+0000] {log.py:232} WARNING - [[34m2024-08-19T03:17:12.808+0000[0m] {[34msubprocess.py:[0m94} INFO[0m - [35m(astronomer-cosmos)[0m - [0m03:17:12[0m
[2024-08-19T03:17:12.809+0000] {log.py:232} WARNING - [[34m2024-08-19T03:17:12.808+0000[0m] {[34msubprocess.py:[0m94} INFO[0m - [35m(astronomer-cosmos)[0m - [0m03:17:12[0m
[2024-08-19T03:17:12.808+0000] {subprocess.py:94} INFO - [0m03:17:12
[2024-08-19T03:17:15.326+0000] {log.py:232} WARNING - [[34m2024-08-19T03:17:15.325+0000[0m] {[34msubprocess.py:[0m94} INFO[0m - [35m(astronomer-cosmos)[0m - [0m03:17:15  Concurrency: 1 threads (target='dev')[0m
[2024-08-19T03:17:15.328+0000] {log.py:232} WARNING - [[34m2024-08-19T03:17:15.325+0000[0m] {[34msubprocess.py:[0m94} INFO[0m - [35m(astronomer-cosmos)[0m - [0m03:17:15  Concurrency: 1 threads (target='dev')[0m
[2024-08-19T03:17:15.325+0000] {subprocess.py:94} INFO - [0m03:17:15  Concurrency: 1 threads (target='dev')
[2024-08-19T03:17:15.331+0000] {log.py:232} WARNING - [[34m2024-08-19T03:17:15.331+0000[0m] {[34msubprocess.py:[0m94} INFO[0m - [35m(astronomer-cosmos)[0m - [0m03:17:15[0m
[2024-08-19T03:17:15.333+0000] {log.py:232} WARNING - [[34m2024-08-19T03:17:15.331+0000[0m] {[34msubprocess.py:[0m94} INFO[0m - [35m(astronomer-cosmos)[0m - [0m03:17:15[0m
[2024-08-19T03:17:15.331+0000] {subprocess.py:94} INFO - [0m03:17:15
[2024-08-19T03:17:15.352+0000] {log.py:232} WARNING - [[34m2024-08-19T03:17:15.351+0000[0m] {[34msubprocess.py:[0m94} INFO[0m - [35m(astronomer-cosmos)[0m - [0m03:17:15  1 of 1 START sql incremental model DWH.fct_weather_data ........................ [RUN][0m
[2024-08-19T03:17:15.354+0000] {log.py:232} WARNING - [[34m2024-08-19T03:17:15.351+0000[0m] {[34msubprocess.py:[0m94} INFO[0m - [35m(astronomer-cosmos)[0m - [0m03:17:15  1 of 1 START sql incremental model DWH.fct_weather_data ........................ [RUN][0m
[2024-08-19T03:17:15.351+0000] {subprocess.py:94} INFO - [0m03:17:15  1 of 1 START sql incremental model DWH.fct_weather_data ........................ [RUN]
[2024-08-19T03:17:19.491+0000] {log.py:232} WARNING - [[34m2024-08-19T03:17:19.490+0000[0m] {[34msubprocess.py:[0m94} INFO[0m - [35m(astronomer-cosmos)[0m - [0m03:17:19  1 of 1 OK created sql incremental model DWH.fct_weather_data ................... [[32mSUCCESS 864[0m in 4.14s][0m
[2024-08-19T03:17:19.492+0000] {log.py:232} WARNING - [[34m2024-08-19T03:17:19.490+0000[0m] {[34msubprocess.py:[0m94} INFO[0m - [35m(astronomer-cosmos)[0m - [0m03:17:19  1 of 1 OK created sql incremental model DWH.fct_weather_data ................... [[32mSUCCESS 864[0m in 4.14s][0m
[2024-08-19T03:17:19.490+0000] {subprocess.py:94} INFO - [0m03:17:19  1 of 1 OK created sql incremental model DWH.fct_weather_data ................... [[32mSUCCESS 864[0m in 4.14s]
[2024-08-19T03:17:19.494+0000] {log.py:232} WARNING - [[34m2024-08-19T03:17:19.494+0000[0m] {[34msubprocess.py:[0m94} INFO[0m - [35m(astronomer-cosmos)[0m - [0m03:17:19[0m
[2024-08-19T03:17:19.495+0000] {log.py:232} WARNING - [[34m2024-08-19T03:17:19.494+0000[0m] {[34msubprocess.py:[0m94} INFO[0m - [35m(astronomer-cosmos)[0m - [0m03:17:19[0m
[2024-08-19T03:17:19.494+0000] {subprocess.py:94} INFO - [0m03:17:19
[2024-08-19T03:17:19.496+0000] {log.py:232} WARNING - [[34m2024-08-19T03:17:19.496+0000[0m] {[34msubprocess.py:[0m94} INFO[0m - [35m(astronomer-cosmos)[0m - [0m03:17:19  Finished running 1 incremental model in 0 hours 0 minutes and 6.69 seconds (6.69s).[0m
[2024-08-19T03:17:19.497+0000] {log.py:232} WARNING - [[34m2024-08-19T03:17:19.496+0000[0m] {[34msubprocess.py:[0m94} INFO[0m - [35m(astronomer-cosmos)[0m - [0m03:17:19  Finished running 1 incremental model in 0 hours 0 minutes and 6.69 seconds (6.69s).[0m
[2024-08-19T03:17:19.496+0000] {subprocess.py:94} INFO - [0m03:17:19  Finished running 1 incremental model in 0 hours 0 minutes and 6.69 seconds (6.69s).
[2024-08-19T03:17:19.534+0000] {log.py:232} WARNING - [[34m2024-08-19T03:17:19.533+0000[0m] {[34msubprocess.py:[0m94} INFO[0m - [35m(astronomer-cosmos)[0m - [0m03:17:19[0m
[2024-08-19T03:17:19.535+0000] {log.py:232} WARNING - [[34m2024-08-19T03:17:19.533+0000[0m] {[34msubprocess.py:[0m94} INFO[0m - [35m(astronomer-cosmos)[0m - [0m03:17:19[0m
[2024-08-19T03:17:19.533+0000] {subprocess.py:94} INFO - [0m03:17:19
[2024-08-19T03:17:19.536+0000] {log.py:232} WARNING - [[34m2024-08-19T03:17:19.536+0000[0m] {[34msubprocess.py:[0m94} INFO[0m - [35m(astronomer-cosmos)[0m - [0m03:17:19  [32mCompleted successfully[0m[0m
[2024-08-19T03:17:19.537+0000] {log.py:232} WARNING - [[34m2024-08-19T03:17:19.536+0000[0m] {[34msubprocess.py:[0m94} INFO[0m - [35m(astronomer-cosmos)[0m - [0m03:17:19  [32mCompleted successfully[0m[0m
[2024-08-19T03:17:19.536+0000] {subprocess.py:94} INFO - [0m03:17:19  [32mCompleted successfully[0m
[2024-08-19T03:17:19.538+0000] {log.py:232} WARNING - [[34m2024-08-19T03:17:19.537+0000[0m] {[34msubprocess.py:[0m94} INFO[0m - [35m(astronomer-cosmos)[0m - [0m03:17:19[0m
[2024-08-19T03:17:19.538+0000] {log.py:232} WARNING - [[34m2024-08-19T03:17:19.537+0000[0m] {[34msubprocess.py:[0m94} INFO[0m - [35m(astronomer-cosmos)[0m - [0m03:17:19[0m
[2024-08-19T03:17:19.537+0000] {subprocess.py:94} INFO - [0m03:17:19
[2024-08-19T03:17:19.539+0000] {log.py:232} WARNING - [[34m2024-08-19T03:17:19.539+0000[0m] {[34msubprocess.py:[0m94} INFO[0m - [35m(astronomer-cosmos)[0m - [0m03:17:19  Done. PASS=1 WARN=0 ERROR=0 SKIP=0 TOTAL=1[0m
[2024-08-19T03:17:19.540+0000] {log.py:232} WARNING - [[34m2024-08-19T03:17:19.539+0000[0m] {[34msubprocess.py:[0m94} INFO[0m - [35m(astronomer-cosmos)[0m - [0m03:17:19  Done. PASS=1 WARN=0 ERROR=0 SKIP=0 TOTAL=1[0m
[2024-08-19T03:17:19.539+0000] {subprocess.py:94} INFO - [0m03:17:19  Done. PASS=1 WARN=0 ERROR=0 SKIP=0 TOTAL=1
[2024-08-19T03:17:21.243+0000] {log.py:232} WARNING - [[34m2024-08-19T03:17:21.242+0000[0m] {[34msubprocess.py:[0m98} INFO[0m - [35m(astronomer-cosmos)[0m - Command exited with return code 0[0m
[2024-08-19T03:17:21.244+0000] {log.py:232} WARNING - [[34m2024-08-19T03:17:21.242+0000[0m] {[34msubprocess.py:[0m98} INFO[0m - [35m(astronomer-cosmos)[0m - Command exited with return code 0[0m
[2024-08-19T03:17:21.242+0000] {subprocess.py:98} INFO - Command exited with return code 0
[2024-08-19T03:17:21.246+0000] {log.py:232} WARNING - [[34m2024-08-19T03:17:21.246+0000[0m] {[34mlocal.py:[0m254} INFO[0m - [35m(astronomer-cosmos)[0m - [0m03:17:19  Done. PASS=1 WARN=0 ERROR=0 SKIP=0 TOTAL=1[0m
[2024-08-19T03:17:21.247+0000] {log.py:232} WARNING - [[34m2024-08-19T03:17:21.246+0000[0m] {[34mlocal.py:[0m254} INFO[0m - [35m(astronomer-cosmos)[0m - [0m03:17:19  Done. PASS=1 WARN=0 ERROR=0 SKIP=0 TOTAL=1[0m
[2024-08-19T03:17:21.246+0000] {local.py:254} INFO - [0m03:17:19  Done. PASS=1 WARN=0 ERROR=0 SKIP=0 TOTAL=1
[2024-08-19T03:17:21.265+0000] {local.py:196} WARNING - Artifact schema version: https://schemas.getdbt.com/dbt/manifest/v12.json is above dbt-ol supported version 7. This might cause errors.
[2024-08-19T03:17:21.266+0000] {local.py:196} WARNING - Artifact schema version: https://schemas.getdbt.com/dbt/run-results/v6.json is above dbt-ol supported version 5. This might cause errors.
[2024-08-19T03:17:21.287+0000] {log.py:232} WARNING - [[34m2024-08-19T03:17:21.286+0000[0m] {[34mlocal.py:[0m349} INFO[0m - [35m(astronomer-cosmos)[0m - Inlets: [Dataset(uri='snowflake://uz36730.ap-southeast-1.aws/POC_DATA_MARKETPLACE.DWH.stg_weather_data', extra=None)][0m
[2024-08-19T03:17:21.288+0000] {log.py:232} WARNING - [[34m2024-08-19T03:17:21.286+0000[0m] {[34mlocal.py:[0m349} INFO[0m - [35m(astronomer-cosmos)[0m - Inlets: [Dataset(uri='snowflake://uz36730.ap-southeast-1.aws/POC_DATA_MARKETPLACE.DWH.stg_weather_data', extra=None)][0m
[2024-08-19T03:17:21.286+0000] {local.py:349} INFO - Inlets: [Dataset(uri='snowflake://uz36730.ap-southeast-1.aws/POC_DATA_MARKETPLACE.DWH.stg_weather_data', extra=None)]
[2024-08-19T03:17:21.289+0000] {log.py:232} WARNING - [[34m2024-08-19T03:17:21.289+0000[0m] {[34mlocal.py:[0m350} INFO[0m - [35m(astronomer-cosmos)[0m - Outlets: [Dataset(uri='snowflake://uz36730.ap-southeast-1.aws/POC_DATA_MARKETPLACE.DWH.fct_weather_data', extra=None)][0m
[2024-08-19T03:17:21.290+0000] {log.py:232} WARNING - [[34m2024-08-19T03:17:21.289+0000[0m] {[34mlocal.py:[0m350} INFO[0m - [35m(astronomer-cosmos)[0m - Outlets: [Dataset(uri='snowflake://uz36730.ap-southeast-1.aws/POC_DATA_MARKETPLACE.DWH.fct_weather_data', extra=None)][0m
[2024-08-19T03:17:21.289+0000] {local.py:350} INFO - Outlets: [Dataset(uri='snowflake://uz36730.ap-southeast-1.aws/POC_DATA_MARKETPLACE.DWH.fct_weather_data', extra=None)]
[2024-08-19T03:17:21.292+0000] {dag.py:3096} INFO - Sync 1 DAGs
[2024-08-19T03:17:21.359+0000] {taskinstance.py:441} INFO - ::group::Post task execution logs
[2024-08-19T03:17:21.394+0000] {taskinstance.py:1206} INFO - Marking task as SUCCESS. dag_id=Weather_Data_Extraction, task_id=weather_data_models.fct_weather_data.run, run_id=backfill__2024-08-16T00:00:00+00:00, execution_date=20240816T000000, start_date=20240819T031707, end_date=20240819T031721
[2024-08-19T03:17:21.459+0000] {local_task_job_runner.py:240} INFO - Task exited with return code 0
[2024-08-19T03:17:21.500+0000] {taskinstance.py:3503} INFO - 1 downstream tasks scheduled from follow-on schedule check
[2024-08-19T03:17:21.504+0000] {local_task_job_runner.py:222} INFO - ::endgroup::
