[2024-08-14T09:28:49.284+0000] {local_task_job_runner.py:120} INFO - ::group::Pre task execution logs
[2024-08-14T09:28:49.425+0000] {taskinstance.py:2076} INFO - Dependencies all met for dep_context=non-requeueable deps ti=<TaskInstance: Weather_Data_Extraction.invoke_lambda_task manual__2024-08-14T09:28:31.843606+00:00 [queued]>
[2024-08-14T09:28:49.435+0000] {taskinstance.py:2076} INFO - Dependencies all met for dep_context=requeueable deps ti=<TaskInstance: Weather_Data_Extraction.invoke_lambda_task manual__2024-08-14T09:28:31.843606+00:00 [queued]>
[2024-08-14T09:28:49.436+0000] {taskinstance.py:2306} INFO - Starting attempt 1 of 1
[2024-08-14T09:28:49.452+0000] {taskinstance.py:2330} INFO - Executing <Task(PythonOperator): invoke_lambda_task> on 2024-08-14 09:28:31.843606+00:00
[2024-08-14T09:28:49.459+0000] {warnings.py:112} WARNING - /home/***/.local/lib/python3.12/site-packages/***/task/task_runner/standard_task_runner.py:61: DeprecationWarning: This process (pid=500) is multi-threaded, use of fork() may lead to deadlocks in the child.
  pid = os.fork()

[2024-08-14T09:28:49.463+0000] {standard_task_runner.py:90} INFO - Running: ['***', 'tasks', 'run', 'Weather_Data_Extraction', 'invoke_lambda_task', 'manual__2024-08-14T09:28:31.843606+00:00', '--job-id', '1080', '--raw', '--subdir', 'DAGS_FOLDER/Data_Weather_Extraction.py', '--cfg-path', '/tmp/tmpxwba_ktj']
[2024-08-14T09:28:49.466+0000] {standard_task_runner.py:63} INFO - Started process 502 to run task
[2024-08-14T09:28:49.467+0000] {standard_task_runner.py:91} INFO - Job 1080: Subtask invoke_lambda_task
[2024-08-14T09:28:49.542+0000] {task_command.py:426} INFO - Running <TaskInstance: Weather_Data_Extraction.invoke_lambda_task manual__2024-08-14T09:28:31.843606+00:00 [running]> on host ubuntu
[2024-08-14T09:28:49.715+0000] {taskinstance.py:2648} INFO - Exporting env vars: AIRFLOW_CTX_DAG_OWNER='Ducky' AIRFLOW_CTX_DAG_ID='Weather_Data_Extraction' AIRFLOW_CTX_TASK_ID='invoke_lambda_task' AIRFLOW_CTX_EXECUTION_DATE='2024-08-14T09:28:31.843606+00:00' AIRFLOW_CTX_TRY_NUMBER='1' AIRFLOW_CTX_DAG_RUN_ID='manual__2024-08-14T09:28:31.843606+00:00'
[2024-08-14T09:28:49.718+0000] {taskinstance.py:430} INFO - ::endgroup::
[2024-08-14T09:28:49.790+0000] {logging_mixin.py:188} INFO - Data_Weather-20240813.csv
[2024-08-14T09:28:49.793+0000] {logging_mixin.py:188} INFO - 2024/08/13
[2024-08-14T09:28:49.795+0000] {logging_mixin.py:188} INFO - {"execution_date": "2024/08/13", "file_name": "Data_Weather-20240813.csv"}
[2024-08-14T09:28:49.796+0000] {logging_mixin.py:188} INFO - https://eyzyhdwl8l.execute-api.ap-southeast-2.amazonaws.com/dev?execution_date=2024/08/13&file_name=Data_Weather-20240813.csv
[2024-08-14T09:28:57.588+0000] {logging_mixin.py:188} INFO - Lambda function invoked successfully.
[2024-08-14T09:28:57.589+0000] {logging_mixin.py:188} INFO - Response: {'errorMessage': "Execution failed on sql 'SELECT * FROM SCD_CITY WHERE PROVINCE_CODE = 44 AND DBT_VALID_TO IS NULL ORDER BY CITY_CODE': 002003 (42S02): SQL compilation error:\nObject 'SCD_CITY' does not exist or not authorized.", 'errorType': 'DatabaseError', 'requestId': '88a3ca20-ea8f-4a54-be7b-c275dc908405', 'stackTrace': ['  File "/var/task/lambda_function.py", line 108, in lambda_handler\n    result_df = extract_weather_data(file_name, execution_date)\n', '  File "/var/task/lambda_function.py", line 30, in extract_weather_data\n    result_set = pd.read_sql(query, con= conn)\n', '  File "/opt/python/pandas/io/sql.py", line 706, in read_sql\n    return pandas_sql.read_query(\n', '  File "/opt/python/pandas/io/sql.py", line 2738, in read_query\n    cursor = self.execute(sql, params)\n', '  File "/opt/python/pandas/io/sql.py", line 2686, in execute\n    raise ex from exc\n']}
[2024-08-14T09:28:57.592+0000] {python.py:237} INFO - Done. Returned value was: None
[2024-08-14T09:28:57.593+0000] {taskinstance.py:441} INFO - ::group::Post task execution logs
[2024-08-14T09:28:57.601+0000] {taskinstance.py:1206} INFO - Marking task as SUCCESS. dag_id=Weather_Data_Extraction, task_id=invoke_lambda_task, run_id=manual__2024-08-14T09:28:31.843606+00:00, execution_date=20240814T092831, start_date=20240814T092849, end_date=20240814T092857
[2024-08-14T09:28:57.652+0000] {local_task_job_runner.py:240} INFO - Task exited with return code 0
[2024-08-14T09:28:57.708+0000] {taskinstance.py:3503} INFO - 1 downstream tasks scheduled from follow-on schedule check
[2024-08-14T09:28:57.712+0000] {local_task_job_runner.py:222} INFO - ::endgroup::
