[2024-08-16T09:13:48.922+0000] {local_task_job_runner.py:120} INFO - ::group::Pre task execution logs
[2024-08-16T09:13:49.079+0000] {taskinstance.py:2076} INFO - Dependencies all met for dep_context=non-requeueable deps ti=<TaskInstance: Weather_Data_Extraction.weather_data_models.stg_weather_data_run scheduled__2024-08-12T00:00:00+00:00 [queued]>
[2024-08-16T09:13:49.088+0000] {taskinstance.py:2076} INFO - Dependencies all met for dep_context=requeueable deps ti=<TaskInstance: Weather_Data_Extraction.weather_data_models.stg_weather_data_run scheduled__2024-08-12T00:00:00+00:00 [queued]>
[2024-08-16T09:13:49.089+0000] {taskinstance.py:2306} INFO - Starting attempt 1 of 3
[2024-08-16T09:13:49.103+0000] {taskinstance.py:2330} INFO - Executing <Task(DbtRunLocalOperator): weather_data_models.stg_weather_data_run> on 2024-08-12 00:00:00+00:00
[2024-08-16T09:13:49.110+0000] {warnings.py:112} WARNING - /home/***/.local/lib/python3.12/site-packages/***/task/task_runner/standard_task_runner.py:61: DeprecationWarning: This process (pid=838) is multi-threaded, use of fork() may lead to deadlocks in the child.
  pid = os.fork()

[2024-08-16T09:13:49.111+0000] {standard_task_runner.py:63} INFO - Started process 840 to run task
[2024-08-16T09:13:49.111+0000] {standard_task_runner.py:90} INFO - Running: ['***', 'tasks', 'run', 'Weather_Data_Extraction', 'weather_data_models.stg_weather_data_run', 'scheduled__2024-08-12T00:00:00+00:00', '--job-id', '1133', '--pool', 'default_pool', '--raw', '--subdir', 'DAGS_FOLDER/Data_Weather_Extraction.py', '--cfg-path', '/tmp/tmppun5lq09']
[2024-08-16T09:13:49.114+0000] {standard_task_runner.py:91} INFO - Job 1133: Subtask weather_data_models.stg_weather_data_run
[2024-08-16T09:13:49.158+0000] {task_command.py:426} INFO - Running <TaskInstance: Weather_Data_Extraction.weather_data_models.stg_weather_data_run scheduled__2024-08-12T00:00:00+00:00 [running]> on host ubuntu
[2024-08-16T09:13:49.244+0000] {taskinstance.py:2648} INFO - Exporting env vars: AIRFLOW_CTX_DAG_OWNER='Ducky' AIRFLOW_CTX_DAG_ID='Weather_Data_Extraction' AIRFLOW_CTX_TASK_ID='weather_data_models.stg_weather_data_run' AIRFLOW_CTX_EXECUTION_DATE='2024-08-12T00:00:00+00:00' AIRFLOW_CTX_TRY_NUMBER='1' AIRFLOW_CTX_DAG_RUN_ID='scheduled__2024-08-12T00:00:00+00:00'
[2024-08-16T09:13:49.245+0000] {taskinstance.py:430} INFO - ::endgroup::
[2024-08-16T09:13:49.268+0000] {log.py:232} WARNING - [[34m2024-08-16T09:13:49.267+0000[0m] {[34mgraph.py:[0m377} INFO[0m - [35m(astronomer-cosmos)[0m - Trying to parse the dbt project using dbt ls cache cosmos_cache__dbt_dag_filterd__customers_group...[0m
[2024-08-16T09:13:49.268+0000] {log.py:232} WARNING - [[34m2024-08-16T09:13:49.267+0000[0m] {[34mgraph.py:[0m377} INFO[0m - [35m(astronomer-cosmos)[0m - Trying to parse the dbt project using dbt ls cache cosmos_cache__dbt_dag_filterd__customers_group...[0m
[2024-08-16T09:13:49.267+0000] {graph.py:377} INFO - Trying to parse the dbt project using dbt ls cache cosmos_cache__dbt_dag_filterd__customers_group...
[2024-08-16T09:13:49.507+0000] {log.py:232} WARNING - [[34m2024-08-16T09:13:49.507+0000[0m] {[34mcache.py:[0m262} INFO[0m - [35m(astronomer-cosmos)[0m - Cosmos performance: time to calculate cache identifier cosmos_cache__dbt_dag_filterd__customers_group for current version: 0.2307960749999438[0m
[2024-08-16T09:13:49.508+0000] {log.py:232} WARNING - [[34m2024-08-16T09:13:49.507+0000[0m] {[34mcache.py:[0m262} INFO[0m - [35m(astronomer-cosmos)[0m - Cosmos performance: time to calculate cache identifier cosmos_cache__dbt_dag_filterd__customers_group for current version: 0.2307960749999438[0m
[2024-08-16T09:13:49.507+0000] {cache.py:262} INFO - Cosmos performance: time to calculate cache identifier cosmos_cache__dbt_dag_filterd__customers_group for current version: 0.2307960749999438
[2024-08-16T09:13:49.509+0000] {log.py:232} WARNING - [[34m2024-08-16T09:13:49.509+0000[0m] {[34mgraph.py:[0m394} INFO[0m - [35m(astronomer-cosmos)[0m - Cosmos performance [ubuntu|840]: The cache size for cosmos_cache__dbt_dag_filterd__customers_group is 2948[0m
[2024-08-16T09:13:49.509+0000] {log.py:232} WARNING - [[34m2024-08-16T09:13:49.509+0000[0m] {[34mgraph.py:[0m394} INFO[0m - [35m(astronomer-cosmos)[0m - Cosmos performance [ubuntu|840]: The cache size for cosmos_cache__dbt_dag_filterd__customers_group is 2948[0m
[2024-08-16T09:13:49.509+0000] {graph.py:394} INFO - Cosmos performance [ubuntu|840]: The cache size for cosmos_cache__dbt_dag_filterd__customers_group is 2948
[2024-08-16T09:13:49.510+0000] {log.py:232} WARNING - [[34m2024-08-16T09:13:49.510+0000[0m] {[34mgraph.py:[0m402} INFO[0m - [35m(astronomer-cosmos)[0m - Cosmos performance: Cache hit for cosmos_cache__dbt_dag_filterd__customers_group - d3655c99e4b770027e65648437a3d068,5f7d44698c4b67134aff532494870c9c[0m
[2024-08-16T09:13:49.511+0000] {log.py:232} WARNING - [[34m2024-08-16T09:13:49.510+0000[0m] {[34mgraph.py:[0m402} INFO[0m - [35m(astronomer-cosmos)[0m - Cosmos performance: Cache hit for cosmos_cache__dbt_dag_filterd__customers_group - d3655c99e4b770027e65648437a3d068,5f7d44698c4b67134aff532494870c9c[0m
[2024-08-16T09:13:49.510+0000] {graph.py:402} INFO - Cosmos performance: Cache hit for cosmos_cache__dbt_dag_filterd__customers_group - d3655c99e4b770027e65648437a3d068,5f7d44698c4b67134aff532494870c9c
[2024-08-16T09:13:49.511+0000] {log.py:232} WARNING - [[34m2024-08-16T09:13:49.511+0000[0m] {[34mgraph.py:[0m335} INFO[0m - [35m(astronomer-cosmos)[0m - Total nodes: 3[0m
[2024-08-16T09:13:49.512+0000] {log.py:232} WARNING - [[34m2024-08-16T09:13:49.511+0000[0m] {[34mgraph.py:[0m335} INFO[0m - [35m(astronomer-cosmos)[0m - Total nodes: 3[0m
[2024-08-16T09:13:49.511+0000] {graph.py:335} INFO - Total nodes: 3
[2024-08-16T09:13:49.513+0000] {log.py:232} WARNING - [[34m2024-08-16T09:13:49.513+0000[0m] {[34mgraph.py:[0m336} INFO[0m - [35m(astronomer-cosmos)[0m - Total filtered nodes: 3[0m
[2024-08-16T09:13:49.514+0000] {log.py:232} WARNING - [[34m2024-08-16T09:13:49.513+0000[0m] {[34mgraph.py:[0m336} INFO[0m - [35m(astronomer-cosmos)[0m - Total filtered nodes: 3[0m
[2024-08-16T09:13:49.513+0000] {graph.py:336} INFO - Total filtered nodes: 3
[2024-08-16T09:13:49.515+0000] {log.py:232} WARNING - [[34m2024-08-16T09:13:49.514+0000[0m] {[34mconverter.py:[0m251} INFO[0m - [35m(astronomer-cosmos)[0m - Cosmos performance (dbt_dag_filterd__customers_group) -  [ubuntu|840]: It took 0.247s to parse the dbt project for DAG using LoadMode.DBT_LS_CACHE[0m
[2024-08-16T09:13:49.515+0000] {log.py:232} WARNING - [[34m2024-08-16T09:13:49.514+0000[0m] {[34mconverter.py:[0m251} INFO[0m - [35m(astronomer-cosmos)[0m - Cosmos performance (dbt_dag_filterd__customers_group) -  [ubuntu|840]: It took 0.247s to parse the dbt project for DAG using LoadMode.DBT_LS_CACHE[0m
[2024-08-16T09:13:49.514+0000] {converter.py:251} INFO - Cosmos performance (dbt_dag_filterd__customers_group) -  [ubuntu|840]: It took 0.247s to parse the dbt project for DAG using LoadMode.DBT_LS_CACHE
[2024-08-16T09:13:49.518+0000] {log.py:232} WARNING - [[34m2024-08-16T09:13:49.517+0000[0m] {[34mproject.py:[0m35} INFO[0m - [35m(astronomer-cosmos)[0m - Project /opt/***/dags/Data_Marketplace does not have {'dependencies.yml', 'packages.yml'}[0m
[2024-08-16T09:13:49.518+0000] {log.py:232} WARNING - [[34m2024-08-16T09:13:49.517+0000[0m] {[34mproject.py:[0m35} INFO[0m - [35m(astronomer-cosmos)[0m - Project /opt/***/dags/Data_Marketplace does not have {'dependencies.yml', 'packages.yml'}[0m
[2024-08-16T09:13:49.517+0000] {project.py:35} INFO - Project /opt/***/dags/Data_Marketplace does not have {'dependencies.yml', 'packages.yml'}
[2024-08-16T09:13:49.520+0000] {log.py:232} WARNING - [[34m2024-08-16T09:13:49.520+0000[0m] {[34mproject.py:[0m35} INFO[0m - [35m(astronomer-cosmos)[0m - Project /opt/***/dags/Data_Marketplace does not have {'dependencies.yml', 'packages.yml'}[0m
[2024-08-16T09:13:49.521+0000] {log.py:232} WARNING - [[34m2024-08-16T09:13:49.520+0000[0m] {[34mproject.py:[0m35} INFO[0m - [35m(astronomer-cosmos)[0m - Project /opt/***/dags/Data_Marketplace does not have {'dependencies.yml', 'packages.yml'}[0m
[2024-08-16T09:13:49.520+0000] {project.py:35} INFO - Project /opt/***/dags/Data_Marketplace does not have {'dependencies.yml', 'packages.yml'}
[2024-08-16T09:13:49.523+0000] {log.py:232} WARNING - [[34m2024-08-16T09:13:49.523+0000[0m] {[34mproject.py:[0m35} INFO[0m - [35m(astronomer-cosmos)[0m - Project /opt/***/dags/Data_Marketplace does not have {'dependencies.yml', 'packages.yml'}[0m
[2024-08-16T09:13:49.524+0000] {log.py:232} WARNING - [[34m2024-08-16T09:13:49.523+0000[0m] {[34mproject.py:[0m35} INFO[0m - [35m(astronomer-cosmos)[0m - Project /opt/***/dags/Data_Marketplace does not have {'dependencies.yml', 'packages.yml'}[0m
[2024-08-16T09:13:49.523+0000] {project.py:35} INFO - Project /opt/***/dags/Data_Marketplace does not have {'dependencies.yml', 'packages.yml'}
[2024-08-16T09:13:49.525+0000] {log.py:232} WARNING - [[34m2024-08-16T09:13:49.525+0000[0m] {[34mconverter.py:[0m293} INFO[0m - [35m(astronomer-cosmos)[0m - Cosmos performance (dbt_dag_filterd__customers_group) - [ubuntu|840]: It took 0.0104s to build the Airflow DAG.[0m
[2024-08-16T09:13:49.525+0000] {log.py:232} WARNING - [[34m2024-08-16T09:13:49.525+0000[0m] {[34mconverter.py:[0m293} INFO[0m - [35m(astronomer-cosmos)[0m - Cosmos performance (dbt_dag_filterd__customers_group) - [ubuntu|840]: It took 0.0104s to build the Airflow DAG.[0m
[2024-08-16T09:13:49.525+0000] {converter.py:293} INFO - Cosmos performance (dbt_dag_filterd__customers_group) - [ubuntu|840]: It took 0.0104s to build the Airflow DAG.
[2024-08-16T09:13:49.526+0000] {log.py:232} WARNING - [[34m2024-08-16T09:13:49.526+0000[0m] {[34mlocal.py:[0m174} INFO[0m - [35m(astronomer-cosmos)[0m - Could not import dbtRunner. Falling back to subprocess for invoking dbt.[0m
[2024-08-16T09:13:49.527+0000] {log.py:232} WARNING - [[34m2024-08-16T09:13:49.526+0000[0m] {[34mlocal.py:[0m174} INFO[0m - [35m(astronomer-cosmos)[0m - Could not import dbtRunner. Falling back to subprocess for invoking dbt.[0m
[2024-08-16T09:13:49.526+0000] {local.py:174} INFO - Could not import dbtRunner. Falling back to subprocess for invoking dbt.
[2024-08-16T09:13:49.528+0000] {log.py:232} WARNING - [[34m2024-08-16T09:13:49.528+0000[0m] {[34mlocal.py:[0m292} INFO[0m - [35m(astronomer-cosmos)[0m - Cloning project to writable temp directory /tmp/tmpscinojro from /opt/***/dags/Data_Marketplace[0m
[2024-08-16T09:13:49.529+0000] {log.py:232} WARNING - [[34m2024-08-16T09:13:49.528+0000[0m] {[34mlocal.py:[0m292} INFO[0m - [35m(astronomer-cosmos)[0m - Cloning project to writable temp directory /tmp/tmpscinojro from /opt/***/dags/Data_Marketplace[0m
[2024-08-16T09:13:49.528+0000] {local.py:292} INFO - Cloning project to writable temp directory /tmp/tmpscinojro from /opt/airflow/dags/Data_Marketplace
[2024-08-16T09:13:49.536+0000] {log.py:232} WARNING - [[34m2024-08-16T09:13:49.536+0000[0m] {[34mlocal.py:[0m303} INFO[0m - [35m(astronomer-cosmos)[0m - Partial parse is enabled and the latest partial parse file is /opt/***/dags/Data_Marketplace/target/partial_parse.msgpack[0m
[2024-08-16T09:13:49.537+0000] {log.py:232} WARNING - [[34m2024-08-16T09:13:49.536+0000[0m] {[34mlocal.py:[0m303} INFO[0m - [35m(astronomer-cosmos)[0m - Partial parse is enabled and the latest partial parse file is /opt/***/dags/Data_Marketplace/target/partial_parse.msgpack[0m
[2024-08-16T09:13:49.536+0000] {local.py:303} INFO - Partial parse is enabled and the latest partial parse file is /opt/airflow/dags/Data_Marketplace/target/partial_parse.msgpack
[2024-08-16T09:13:49.568+0000] {log.py:232} WARNING - [[34m2024-08-16T09:13:49.568+0000[0m] {[34mconfig.py:[0m292} INFO[0m - [35m(astronomer-cosmos)[0m - Profile caching is enable.[0m
[2024-08-16T09:13:49.568+0000] {log.py:232} WARNING - [[34m2024-08-16T09:13:49.568+0000[0m] {[34mconfig.py:[0m292} INFO[0m - [35m(astronomer-cosmos)[0m - Profile caching is enable.[0m
[2024-08-16T09:13:49.568+0000] {config.py:292} INFO - Profile caching is enable.
[2024-08-16T09:13:49.578+0000] {base.py:84} INFO - Using connection ID 'snowflake_conn' for task execution.
[2024-08-16T09:13:49.584+0000] {log.py:232} WARNING - [[34m2024-08-16T09:13:49.584+0000[0m] {[34mconfig.py:[0m272} INFO[0m - [35m(astronomer-cosmos)[0m - Profile found in cache using profile: /tmp/cosmos/profile/ec71862f850e9b0839075fe0561d5062ab3dd99ef2a3dac2fe4fc1486f2849d0/profiles.yml.[0m
[2024-08-16T09:13:49.585+0000] {log.py:232} WARNING - [[34m2024-08-16T09:13:49.584+0000[0m] {[34mconfig.py:[0m272} INFO[0m - [35m(astronomer-cosmos)[0m - Profile found in cache using profile: /tmp/cosmos/profile/ec71862f850e9b0839075fe0561d5062ab3dd99ef2a3dac2fe4fc1486f2849d0/profiles.yml.[0m
[2024-08-16T09:13:49.584+0000] {config.py:272} INFO - Profile found in cache using profile: /tmp/cosmos/profile/ec71862f850e9b0839075fe0561d5062ab3dd99ef2a3dac2fe4fc1486f2849d0/profiles.yml.
[2024-08-16T09:13:49.587+0000] {log.py:232} WARNING - [[34m2024-08-16T09:13:49.586+0000[0m] {[34mlocal.py:[0m247} INFO[0m - [35m(astronomer-cosmos)[0m - Trying to run the command:
 ['/opt/***/dbt_venv/bin/dbt', 'run', '--models', 'stg_weather_data', '--project-dir', '/tmp/tmpscinojro', '--profiles-dir', '/tmp/cosmos/profile/ec71862f850e9b0839075fe0561d5062ab3dd99ef2a3dac2fe4fc1486f2849d0', '--profile', 'Data_Marketplace', '--target', 'dev']
From /tmp/tmpscinojro[0m
[2024-08-16T09:13:49.587+0000] {log.py:232} WARNING - [[34m2024-08-16T09:13:49.586+0000[0m] {[34mlocal.py:[0m247} INFO[0m - [35m(astronomer-cosmos)[0m - Trying to run the command:
 ['/opt/***/dbt_venv/bin/dbt', 'run', '--models', 'stg_weather_data', '--project-dir', '/tmp/tmpscinojro', '--profiles-dir', '/tmp/cosmos/profile/ec71862f850e9b0839075fe0561d5062ab3dd99ef2a3dac2fe4fc1486f2849d0', '--profile', 'Data_Marketplace', '--target', 'dev']
From /tmp/tmpscinojro[0m
[2024-08-16T09:13:49.586+0000] {local.py:247} INFO - Trying to run the command:
 ['/opt/***/dbt_venv/bin/dbt', 'run', '--models', 'stg_weather_data', '--project-dir', '/tmp/tmpscinojro', '--profiles-dir', '/tmp/cosmos/profile/ec71862f850e9b0839075fe0561d5062ab3dd99ef2a3dac2fe4fc1486f2849d0', '--profile', 'Data_Marketplace', '--target', 'dev']
From /tmp/tmpscinojro
[2024-08-16T09:13:49.588+0000] {log.py:232} WARNING - [[34m2024-08-16T09:13:49.588+0000[0m] {[34msubprocess.py:[0m60} INFO[0m - [35m(astronomer-cosmos)[0m - Tmp dir root location: 
 /tmp[0m
[2024-08-16T09:13:49.589+0000] {log.py:232} WARNING - [[34m2024-08-16T09:13:49.588+0000[0m] {[34msubprocess.py:[0m60} INFO[0m - [35m(astronomer-cosmos)[0m - Tmp dir root location: 
 /tmp[0m
[2024-08-16T09:13:49.588+0000] {subprocess.py:60} INFO - Tmp dir root location: 
 /tmp
[2024-08-16T09:13:49.590+0000] {log.py:232} WARNING - [[34m2024-08-16T09:13:49.590+0000[0m] {[34msubprocess.py:[0m73} INFO[0m - [35m(astronomer-cosmos)[0m - Running command: ['/opt/***/dbt_venv/bin/dbt', 'run', '--models', 'stg_weather_data', '--project-dir', '/tmp/tmpscinojro', '--profiles-dir', '/tmp/cosmos/profile/ec71862f850e9b0839075fe0561d5062ab3dd99ef2a3dac2fe4fc1486f2849d0', '--profile', 'Data_Marketplace', '--target', 'dev'][0m
[2024-08-16T09:13:49.591+0000] {log.py:232} WARNING - [[34m2024-08-16T09:13:49.590+0000[0m] {[34msubprocess.py:[0m73} INFO[0m - [35m(astronomer-cosmos)[0m - Running command: ['/opt/***/dbt_venv/bin/dbt', 'run', '--models', 'stg_weather_data', '--project-dir', '/tmp/tmpscinojro', '--profiles-dir', '/tmp/cosmos/profile/ec71862f850e9b0839075fe0561d5062ab3dd99ef2a3dac2fe4fc1486f2849d0', '--profile', 'Data_Marketplace', '--target', 'dev'][0m
[2024-08-16T09:13:49.590+0000] {subprocess.py:73} INFO - Running command: ['/opt/***/dbt_venv/bin/dbt', 'run', '--models', 'stg_weather_data', '--project-dir', '/tmp/tmpscinojro', '--profiles-dir', '/tmp/cosmos/profile/ec71862f850e9b0839075fe0561d5062ab3dd99ef2a3dac2fe4fc1486f2849d0', '--profile', 'Data_Marketplace', '--target', 'dev']
[2024-08-16T09:13:49.609+0000] {log.py:232} WARNING - [[34m2024-08-16T09:13:49.609+0000[0m] {[34msubprocess.py:[0m84} INFO[0m - [35m(astronomer-cosmos)[0m - Command output:[0m
[2024-08-16T09:13:49.611+0000] {log.py:232} WARNING - [[34m2024-08-16T09:13:49.609+0000[0m] {[34msubprocess.py:[0m84} INFO[0m - [35m(astronomer-cosmos)[0m - Command output:[0m
[2024-08-16T09:13:49.609+0000] {subprocess.py:84} INFO - Command output:
[2024-08-16T09:13:52.395+0000] {log.py:232} WARNING - [[34m2024-08-16T09:13:52.395+0000[0m] {[34msubprocess.py:[0m94} INFO[0m - [35m(astronomer-cosmos)[0m - [0m09:13:52  Running with dbt=1.8.5[0m
[2024-08-16T09:13:52.397+0000] {log.py:232} WARNING - [[34m2024-08-16T09:13:52.395+0000[0m] {[34msubprocess.py:[0m94} INFO[0m - [35m(astronomer-cosmos)[0m - [0m09:13:52  Running with dbt=1.8.5[0m
[2024-08-16T09:13:52.395+0000] {subprocess.py:94} INFO - [0m09:13:52  Running with dbt=1.8.5
[2024-08-16T09:13:53.089+0000] {log.py:232} WARNING - [[34m2024-08-16T09:13:53.089+0000[0m] {[34msubprocess.py:[0m94} INFO[0m - [35m(astronomer-cosmos)[0m - [0m09:13:53  Registered adapter: snowflake=1.8.3[0m
[2024-08-16T09:13:53.090+0000] {log.py:232} WARNING - [[34m2024-08-16T09:13:53.089+0000[0m] {[34msubprocess.py:[0m94} INFO[0m - [35m(astronomer-cosmos)[0m - [0m09:13:53  Registered adapter: snowflake=1.8.3[0m
[2024-08-16T09:13:53.089+0000] {subprocess.py:94} INFO - [0m09:13:53  Registered adapter: snowflake=1.8.3
[2024-08-16T09:13:53.266+0000] {log.py:232} WARNING - [[34m2024-08-16T09:13:53.266+0000[0m] {[34msubprocess.py:[0m94} INFO[0m - [35m(astronomer-cosmos)[0m - [0m09:13:53  Unable to do partial parsing because of a version mismatch[0m
[2024-08-16T09:13:53.267+0000] {log.py:232} WARNING - [[34m2024-08-16T09:13:53.266+0000[0m] {[34msubprocess.py:[0m94} INFO[0m - [35m(astronomer-cosmos)[0m - [0m09:13:53  Unable to do partial parsing because of a version mismatch[0m
[2024-08-16T09:13:53.266+0000] {subprocess.py:94} INFO - [0m09:13:53  Unable to do partial parsing because of a version mismatch
[2024-08-16T09:13:56.082+0000] {log.py:232} WARNING - [[34m2024-08-16T09:13:56.082+0000[0m] {[34msubprocess.py:[0m94} INFO[0m - [35m(astronomer-cosmos)[0m - [0m09:13:56  Found 9 models, 2 snapshots, 3 seeds, 2 data tests, 3 sources, 448 macros[0m
[2024-08-16T09:13:56.083+0000] {log.py:232} WARNING - [[34m2024-08-16T09:13:56.082+0000[0m] {[34msubprocess.py:[0m94} INFO[0m - [35m(astronomer-cosmos)[0m - [0m09:13:56  Found 9 models, 2 snapshots, 3 seeds, 2 data tests, 3 sources, 448 macros[0m
[2024-08-16T09:13:56.082+0000] {subprocess.py:94} INFO - [0m09:13:56  Found 9 models, 2 snapshots, 3 seeds, 2 data tests, 3 sources, 448 macros
[2024-08-16T09:13:56.087+0000] {log.py:232} WARNING - [[34m2024-08-16T09:13:56.087+0000[0m] {[34msubprocess.py:[0m94} INFO[0m - [35m(astronomer-cosmos)[0m - [0m09:13:56[0m
[2024-08-16T09:13:56.088+0000] {log.py:232} WARNING - [[34m2024-08-16T09:13:56.087+0000[0m] {[34msubprocess.py:[0m94} INFO[0m - [35m(astronomer-cosmos)[0m - [0m09:13:56[0m
[2024-08-16T09:13:56.087+0000] {subprocess.py:94} INFO - [0m09:13:56
[2024-08-16T09:13:57.807+0000] {log.py:232} WARNING - [[34m2024-08-16T09:13:57.806+0000[0m] {[34msubprocess.py:[0m94} INFO[0m - [35m(astronomer-cosmos)[0m - [0m09:13:57  Concurrency: 1 threads (target='dev')[0m
[2024-08-16T09:13:57.809+0000] {log.py:232} WARNING - [[34m2024-08-16T09:13:57.806+0000[0m] {[34msubprocess.py:[0m94} INFO[0m - [35m(astronomer-cosmos)[0m - [0m09:13:57  Concurrency: 1 threads (target='dev')[0m
[2024-08-16T09:13:57.806+0000] {subprocess.py:94} INFO - [0m09:13:57  Concurrency: 1 threads (target='dev')
[2024-08-16T09:13:57.812+0000] {log.py:232} WARNING - [[34m2024-08-16T09:13:57.811+0000[0m] {[34msubprocess.py:[0m94} INFO[0m - [35m(astronomer-cosmos)[0m - [0m09:13:57[0m
[2024-08-16T09:13:57.813+0000] {log.py:232} WARNING - [[34m2024-08-16T09:13:57.811+0000[0m] {[34msubprocess.py:[0m94} INFO[0m - [35m(astronomer-cosmos)[0m - [0m09:13:57[0m
[2024-08-16T09:13:57.811+0000] {subprocess.py:94} INFO - [0m09:13:57
[2024-08-16T09:13:57.876+0000] {log.py:232} WARNING - [[34m2024-08-16T09:13:57.876+0000[0m] {[34msubprocess.py:[0m94} INFO[0m - [35m(astronomer-cosmos)[0m - [0m09:13:57[0m
[2024-08-16T09:13:57.878+0000] {log.py:232} WARNING - [[34m2024-08-16T09:13:57.876+0000[0m] {[34msubprocess.py:[0m94} INFO[0m - [35m(astronomer-cosmos)[0m - [0m09:13:57[0m
[2024-08-16T09:13:57.876+0000] {subprocess.py:94} INFO - [0m09:13:57
[2024-08-16T09:13:57.881+0000] {log.py:232} WARNING - [[34m2024-08-16T09:13:57.880+0000[0m] {[34msubprocess.py:[0m94} INFO[0m - [35m(astronomer-cosmos)[0m - [0m09:13:57  Finished running  in 0 hours 0 minutes and 1.79 seconds (1.79s).[0m
[2024-08-16T09:13:57.883+0000] {log.py:232} WARNING - [[34m2024-08-16T09:13:57.880+0000[0m] {[34msubprocess.py:[0m94} INFO[0m - [35m(astronomer-cosmos)[0m - [0m09:13:57  Finished running  in 0 hours 0 minutes and 1.79 seconds (1.79s).[0m
[2024-08-16T09:13:57.880+0000] {subprocess.py:94} INFO - [0m09:13:57  Finished running  in 0 hours 0 minutes and 1.79 seconds (1.79s).
[2024-08-16T09:13:59.531+0000] {log.py:232} WARNING - [[34m2024-08-16T09:13:59.531+0000[0m] {[34msubprocess.py:[0m98} INFO[0m - [35m(astronomer-cosmos)[0m - Command exited with return code 0[0m
[2024-08-16T09:13:59.532+0000] {log.py:232} WARNING - [[34m2024-08-16T09:13:59.531+0000[0m] {[34msubprocess.py:[0m98} INFO[0m - [35m(astronomer-cosmos)[0m - Command exited with return code 0[0m
[2024-08-16T09:13:59.531+0000] {subprocess.py:98} INFO - Command exited with return code 0
[2024-08-16T09:13:59.534+0000] {log.py:232} WARNING - [[34m2024-08-16T09:13:59.533+0000[0m] {[34mlocal.py:[0m254} INFO[0m - [35m(astronomer-cosmos)[0m - [0m09:13:57  Finished running  in 0 hours 0 minutes and 1.79 seconds (1.79s).[0m
[2024-08-16T09:13:59.534+0000] {log.py:232} WARNING - [[34m2024-08-16T09:13:59.533+0000[0m] {[34mlocal.py:[0m254} INFO[0m - [35m(astronomer-cosmos)[0m - [0m09:13:57  Finished running  in 0 hours 0 minutes and 1.79 seconds (1.79s).[0m
[2024-08-16T09:13:59.533+0000] {local.py:254} INFO - [0m09:13:57  Finished running  in 0 hours 0 minutes and 1.79 seconds (1.79s).
[2024-08-16T09:13:59.556+0000] {local.py:196} WARNING - Artifact schema version: https://schemas.getdbt.com/dbt/manifest/v12.json is above dbt-ol supported version 7. This might cause errors.
[2024-08-16T09:13:59.557+0000] {local.py:196} WARNING - Artifact schema version: https://schemas.getdbt.com/dbt/run-results/v6.json is above dbt-ol supported version 5. This might cause errors.
[2024-08-16T09:13:59.565+0000] {log.py:232} WARNING - [[34m2024-08-16T09:13:59.564+0000[0m] {[34mlocal.py:[0m349} INFO[0m - [35m(astronomer-cosmos)[0m - Inlets: [][0m
[2024-08-16T09:13:59.566+0000] {log.py:232} WARNING - [[34m2024-08-16T09:13:59.564+0000[0m] {[34mlocal.py:[0m349} INFO[0m - [35m(astronomer-cosmos)[0m - Inlets: [][0m
[2024-08-16T09:13:59.564+0000] {local.py:349} INFO - Inlets: []
[2024-08-16T09:13:59.568+0000] {log.py:232} WARNING - [[34m2024-08-16T09:13:59.568+0000[0m] {[34mlocal.py:[0m350} INFO[0m - [35m(astronomer-cosmos)[0m - Outlets: [][0m
[2024-08-16T09:13:59.569+0000] {log.py:232} WARNING - [[34m2024-08-16T09:13:59.568+0000[0m] {[34mlocal.py:[0m350} INFO[0m - [35m(astronomer-cosmos)[0m - Outlets: [][0m
[2024-08-16T09:13:59.568+0000] {local.py:350} INFO - Outlets: []
[2024-08-16T09:13:59.571+0000] {dag.py:3096} INFO - Sync 1 DAGs
[2024-08-16T09:13:59.637+0000] {taskinstance.py:441} INFO - ::group::Post task execution logs
[2024-08-16T09:13:59.656+0000] {taskinstance.py:1206} INFO - Marking task as SUCCESS. dag_id=Weather_Data_Extraction, task_id=weather_data_models.stg_weather_data_run, run_id=scheduled__2024-08-12T00:00:00+00:00, execution_date=20240812T000000, start_date=20240816T091349, end_date=20240816T091359
[2024-08-16T09:13:59.704+0000] {local_task_job_runner.py:240} INFO - Task exited with return code 0
[2024-08-16T09:13:59.732+0000] {taskinstance.py:3503} INFO - 1 downstream tasks scheduled from follow-on schedule check
[2024-08-16T09:13:59.734+0000] {local_task_job_runner.py:222} INFO - ::endgroup::
