[2024-08-14T05:00:15.725+0000] {local_task_job_runner.py:120} INFO - ::group::Pre task execution logs
[2024-08-14T05:00:15.886+0000] {taskinstance.py:2076} INFO - Dependencies all met for dep_context=non-requeueable deps ti=<TaskInstance: Weather_Data_Extraction.invoke_lambda_task backfill__2024-03-22T00:00:00+00:00 [queued]>
[2024-08-14T05:00:15.895+0000] {taskinstance.py:2076} INFO - Dependencies all met for dep_context=requeueable deps ti=<TaskInstance: Weather_Data_Extraction.invoke_lambda_task backfill__2024-03-22T00:00:00+00:00 [queued]>
[2024-08-14T05:00:15.896+0000] {taskinstance.py:2306} INFO - Starting attempt 1 of 1
[2024-08-14T05:00:15.911+0000] {taskinstance.py:2330} INFO - Executing <Task(PythonOperator): invoke_lambda_task> on 2024-03-22 00:00:00+00:00
[2024-08-14T05:00:15.919+0000] {warnings.py:112} WARNING - /home/***/.local/lib/python3.12/site-packages/***/task/task_runner/standard_task_runner.py:61: DeprecationWarning: This process (pid=2937) is multi-threaded, use of fork() may lead to deadlocks in the child.
  pid = os.fork()

[2024-08-14T05:00:15.920+0000] {standard_task_runner.py:63} INFO - Started process 2946 to run task
[2024-08-14T05:00:15.921+0000] {standard_task_runner.py:90} INFO - Running: ['***', 'tasks', 'run', 'Weather_Data_Extraction', 'invoke_lambda_task', 'backfill__2024-03-22T00:00:00+00:00', '--job-id', '649', '--pool', 'default_pool', '--raw', '--subdir', 'DAGS_FOLDER/Data_Weather_Extraction.py', '--cfg-path', '/tmp/tmpl389m11x']
[2024-08-14T05:00:15.923+0000] {standard_task_runner.py:91} INFO - Job 649: Subtask invoke_lambda_task
[2024-08-14T05:00:15.972+0000] {task_command.py:426} INFO - Running <TaskInstance: Weather_Data_Extraction.invoke_lambda_task backfill__2024-03-22T00:00:00+00:00 [running]> on host ubuntu
[2024-08-14T05:00:16.061+0000] {taskinstance.py:2648} INFO - Exporting env vars: AIRFLOW_CTX_DAG_OWNER='Ducky' AIRFLOW_CTX_DAG_ID='Weather_Data_Extraction' AIRFLOW_CTX_TASK_ID='invoke_lambda_task' AIRFLOW_CTX_EXECUTION_DATE='2024-03-22T00:00:00+00:00' AIRFLOW_CTX_TRY_NUMBER='1' AIRFLOW_CTX_DAG_RUN_ID='backfill__2024-03-22T00:00:00+00:00'
[2024-08-14T05:00:16.063+0000] {taskinstance.py:430} INFO - ::endgroup::
[2024-08-14T05:00:16.092+0000] {logging_mixin.py:188} INFO - Data_Weather-20240322.csv
[2024-08-14T05:00:16.093+0000] {logging_mixin.py:188} INFO - 2024/03/22
[2024-08-14T05:00:16.093+0000] {logging_mixin.py:188} INFO - {"execution_date": "2024/03/22", "file_name": "Data_Weather-20240322.csv"}
[2024-08-14T05:00:16.094+0000] {logging_mixin.py:188} INFO - https://eyzyhdwl8l.execute-api.ap-southeast-2.amazonaws.com/dev?execution_date=2024/03/22&file_name=Data_Weather-20240322.csv
[2024-08-14T05:00:45.723+0000] {logging_mixin.py:188} INFO - Failed to invoke Lambda function.
[2024-08-14T05:00:45.724+0000] {logging_mixin.py:188} INFO - Response: {"message": "Endpoint request timed out"}
[2024-08-14T05:00:45.727+0000] {python.py:237} INFO - Done. Returned value was: None
[2024-08-14T05:00:45.729+0000] {taskinstance.py:441} INFO - ::group::Post task execution logs
[2024-08-14T05:00:45.741+0000] {taskinstance.py:1206} INFO - Marking task as SUCCESS. dag_id=Weather_Data_Extraction, task_id=invoke_lambda_task, run_id=backfill__2024-03-22T00:00:00+00:00, execution_date=20240322T000000, start_date=20240814T050015, end_date=20240814T050045
[2024-08-14T05:00:45.779+0000] {local_task_job_runner.py:240} INFO - Task exited with return code 0
[2024-08-14T05:00:45.795+0000] {taskinstance.py:3503} INFO - 0 downstream tasks scheduled from follow-on schedule check
[2024-08-14T05:00:45.798+0000] {local_task_job_runner.py:222} INFO - ::endgroup::
