[2024-08-09T08:08:02.220+0000] {local_task_job_runner.py:120} INFO - ::group::Pre task execution logs
[2024-08-09T08:08:02.295+0000] {taskinstance.py:2076} INFO - Dependencies all met for dep_context=non-requeueable deps ti=<TaskInstance: dbt_dag.scd_city_snapshot scheduled__2024-08-08T00:00:00+00:00 [queued]>
[2024-08-09T08:08:02.335+0000] {taskinstance.py:2076} INFO - Dependencies all met for dep_context=requeueable deps ti=<TaskInstance: dbt_dag.scd_city_snapshot scheduled__2024-08-08T00:00:00+00:00 [queued]>
[2024-08-09T08:08:02.343+0000] {taskinstance.py:2306} INFO - Starting attempt 1 of 1
[2024-08-09T08:08:02.425+0000] {taskinstance.py:2330} INFO - Executing <Task(DbtSnapshotLocalOperator): scd_city_snapshot> on 2024-08-08 00:00:00+00:00
[2024-08-09T08:08:02.474+0000] {warnings.py:112} WARNING - /home/***/.local/lib/python3.12/site-packages/***/task/task_runner/standard_task_runner.py:61: DeprecationWarning: This process (pid=353) is multi-threaded, use of fork() may lead to deadlocks in the child.
  pid = os.fork()

[2024-08-09T08:08:02.483+0000] {standard_task_runner.py:63} INFO - Started process 368 to run task
[2024-08-09T08:08:02.489+0000] {standard_task_runner.py:90} INFO - Running: ['***', 'tasks', 'run', 'dbt_dag', 'scd_city_snapshot', 'scheduled__2024-08-08T00:00:00+00:00', '--job-id', '34', '--raw', '--subdir', 'DAGS_FOLDER/dbt.py', '--cfg-path', '/tmp/tmphxqa_jac']
[2024-08-09T08:08:02.504+0000] {standard_task_runner.py:91} INFO - Job 34: Subtask scd_city_snapshot
[2024-08-09T08:08:02.563+0000] {warnings.py:112} WARNING - /home/***/.local/lib/python3.12/site-packages/***/settings.py:195: DeprecationWarning: The sql_alchemy_conn option in [core] has been moved to the sql_alchemy_conn option in [database] - the old setting has been used, but please update your config.
  SQL_ALCHEMY_CONN = conf.get("database", "SQL_ALCHEMY_CONN")

[2024-08-09T08:08:02.801+0000] {task_command.py:426} INFO - Running <TaskInstance: dbt_dag.scd_city_snapshot scheduled__2024-08-08T00:00:00+00:00 [running]> on host ubuntu
[2024-08-09T08:08:03.581+0000] {taskinstance.py:2648} INFO - Exporting env vars: AIRFLOW_CTX_DAG_OWNER='***' AIRFLOW_CTX_DAG_ID='dbt_dag' AIRFLOW_CTX_TASK_ID='scd_city_snapshot' AIRFLOW_CTX_EXECUTION_DATE='2024-08-08T00:00:00+00:00' AIRFLOW_CTX_TRY_NUMBER='1' AIRFLOW_CTX_DAG_RUN_ID='scheduled__2024-08-08T00:00:00+00:00'
[2024-08-09T08:08:03.586+0000] {taskinstance.py:430} INFO - ::endgroup::
[2024-08-09T08:08:03.797+0000] {log.py:232} WARNING - [[34m2024-08-09T08:08:03.793+0000[0m] {[34mgraph.py:[0m377} INFO[0m - [35m(astronomer-cosmos)[0m - Trying to parse the dbt project using dbt ls cache cosmos_cache__dbt_dag...[0m
[2024-08-09T08:08:03.797+0000] {log.py:232} WARNING - [[34m2024-08-09T08:08:03.793+0000[0m] {[34mgraph.py:[0m377} INFO[0m - [35m(astronomer-cosmos)[0m - Trying to parse the dbt project using dbt ls cache cosmos_cache__dbt_dag...[0m
[2024-08-09T08:08:03.793+0000] {graph.py:377} INFO - Trying to parse the dbt project using dbt ls cache cosmos_cache__dbt_dag...
[2024-08-09T08:08:03.944+0000] {log.py:232} WARNING - [[34m2024-08-09T08:08:03.939+0000[0m] {[34mcache.py:[0m262} INFO[0m - [35m(astronomer-cosmos)[0m - Cosmos performance: time to calculate cache identifier cosmos_cache__dbt_dag for current version: 0.07767542600004163[0m
[2024-08-09T08:08:03.944+0000] {log.py:232} WARNING - [[34m2024-08-09T08:08:03.939+0000[0m] {[34mcache.py:[0m262} INFO[0m - [35m(astronomer-cosmos)[0m - Cosmos performance: time to calculate cache identifier cosmos_cache__dbt_dag for current version: 0.07767542600004163[0m
[2024-08-09T08:08:03.939+0000] {cache.py:262} INFO - Cosmos performance: time to calculate cache identifier cosmos_cache__dbt_dag for current version: 0.07767542600004163
[2024-08-09T08:08:03.959+0000] {log.py:232} WARNING - [[34m2024-08-09T08:08:03.959+0000[0m] {[34mgraph.py:[0m394} INFO[0m - [35m(astronomer-cosmos)[0m - Cosmos performance [ubuntu|368]: The cache size for cosmos_cache__dbt_dag is 14843[0m
[2024-08-09T08:08:03.959+0000] {log.py:232} WARNING - [[34m2024-08-09T08:08:03.959+0000[0m] {[34mgraph.py:[0m394} INFO[0m - [35m(astronomer-cosmos)[0m - Cosmos performance [ubuntu|368]: The cache size for cosmos_cache__dbt_dag is 14843[0m
[2024-08-09T08:08:03.959+0000] {graph.py:394} INFO - Cosmos performance [ubuntu|368]: The cache size for cosmos_cache__dbt_dag is 14843
[2024-08-09T08:08:03.978+0000] {log.py:232} WARNING - [[34m2024-08-09T08:08:03.978+0000[0m] {[34mgraph.py:[0m402} INFO[0m - [35m(astronomer-cosmos)[0m - Cosmos performance: Cache hit for cosmos_cache__dbt_dag - f0894e22ca1fc514beb9335fa3aa34e2,d41d8cd98f00b204e9800998ecf8427e[0m
[2024-08-09T08:08:03.978+0000] {log.py:232} WARNING - [[34m2024-08-09T08:08:03.978+0000[0m] {[34mgraph.py:[0m402} INFO[0m - [35m(astronomer-cosmos)[0m - Cosmos performance: Cache hit for cosmos_cache__dbt_dag - f0894e22ca1fc514beb9335fa3aa34e2,d41d8cd98f00b204e9800998ecf8427e[0m
[2024-08-09T08:08:03.978+0000] {graph.py:402} INFO - Cosmos performance: Cache hit for cosmos_cache__dbt_dag - f0894e22ca1fc514beb9335fa3aa34e2,d41d8cd98f00b204e9800998ecf8427e
[2024-08-09T08:08:03.991+0000] {log.py:232} WARNING - [[34m2024-08-09T08:08:03.991+0000[0m] {[34mgraph.py:[0m335} INFO[0m - [35m(astronomer-cosmos)[0m - Total nodes: 19[0m
[2024-08-09T08:08:03.992+0000] {log.py:232} WARNING - [[34m2024-08-09T08:08:03.991+0000[0m] {[34mgraph.py:[0m335} INFO[0m - [35m(astronomer-cosmos)[0m - Total nodes: 19[0m
[2024-08-09T08:08:03.991+0000] {graph.py:335} INFO - Total nodes: 19
[2024-08-09T08:08:04.006+0000] {log.py:232} WARNING - [[34m2024-08-09T08:08:03.992+0000[0m] {[34mgraph.py:[0m336} INFO[0m - [35m(astronomer-cosmos)[0m - Total filtered nodes: 19[0m
[2024-08-09T08:08:04.007+0000] {log.py:232} WARNING - [[34m2024-08-09T08:08:03.992+0000[0m] {[34mgraph.py:[0m336} INFO[0m - [35m(astronomer-cosmos)[0m - Total filtered nodes: 19[0m
[2024-08-09T08:08:03.992+0000] {graph.py:336} INFO - Total filtered nodes: 19
[2024-08-09T08:08:04.007+0000] {log.py:232} WARNING - [[34m2024-08-09T08:08:04.007+0000[0m] {[34mconverter.py:[0m251} INFO[0m - [35m(astronomer-cosmos)[0m - Cosmos performance (dbt_dag) -  [ubuntu|368]: It took 0.214s to parse the dbt project for DAG using LoadMode.DBT_LS_CACHE[0m
[2024-08-09T08:08:04.015+0000] {log.py:232} WARNING - [[34m2024-08-09T08:08:04.007+0000[0m] {[34mconverter.py:[0m251} INFO[0m - [35m(astronomer-cosmos)[0m - Cosmos performance (dbt_dag) -  [ubuntu|368]: It took 0.214s to parse the dbt project for DAG using LoadMode.DBT_LS_CACHE[0m
[2024-08-09T08:08:04.007+0000] {converter.py:251} INFO - Cosmos performance (dbt_dag) -  [ubuntu|368]: It took 0.214s to parse the dbt project for DAG using LoadMode.DBT_LS_CACHE
[2024-08-09T08:08:04.029+0000] {log.py:232} WARNING - [[34m2024-08-09T08:08:04.028+0000[0m] {[34mproject.py:[0m35} INFO[0m - [35m(astronomer-cosmos)[0m - Project /usr/local/***/dags/Data_Marketplace does not have {'packages.yml', 'dependencies.yml'}[0m
[2024-08-09T08:08:04.029+0000] {log.py:232} WARNING - [[34m2024-08-09T08:08:04.028+0000[0m] {[34mproject.py:[0m35} INFO[0m - [35m(astronomer-cosmos)[0m - Project /usr/local/***/dags/Data_Marketplace does not have {'packages.yml', 'dependencies.yml'}[0m
[2024-08-09T08:08:04.028+0000] {project.py:35} INFO - Project /usr/local/***/dags/Data_Marketplace does not have {'packages.yml', 'dependencies.yml'}
[2024-08-09T08:08:04.047+0000] {log.py:232} WARNING - [[34m2024-08-09T08:08:04.046+0000[0m] {[34mproject.py:[0m35} INFO[0m - [35m(astronomer-cosmos)[0m - Project /usr/local/***/dags/Data_Marketplace does not have {'packages.yml', 'dependencies.yml'}[0m
[2024-08-09T08:08:04.047+0000] {log.py:232} WARNING - [[34m2024-08-09T08:08:04.046+0000[0m] {[34mproject.py:[0m35} INFO[0m - [35m(astronomer-cosmos)[0m - Project /usr/local/***/dags/Data_Marketplace does not have {'packages.yml', 'dependencies.yml'}[0m
[2024-08-09T08:08:04.046+0000] {project.py:35} INFO - Project /usr/local/***/dags/Data_Marketplace does not have {'packages.yml', 'dependencies.yml'}
[2024-08-09T08:08:04.061+0000] {log.py:232} WARNING - [[34m2024-08-09T08:08:04.060+0000[0m] {[34mproject.py:[0m35} INFO[0m - [35m(astronomer-cosmos)[0m - Project /usr/local/***/dags/Data_Marketplace does not have {'packages.yml', 'dependencies.yml'}[0m
[2024-08-09T08:08:04.061+0000] {log.py:232} WARNING - [[34m2024-08-09T08:08:04.060+0000[0m] {[34mproject.py:[0m35} INFO[0m - [35m(astronomer-cosmos)[0m - Project /usr/local/***/dags/Data_Marketplace does not have {'packages.yml', 'dependencies.yml'}[0m
[2024-08-09T08:08:04.060+0000] {project.py:35} INFO - Project /usr/local/***/dags/Data_Marketplace does not have {'packages.yml', 'dependencies.yml'}
[2024-08-09T08:08:04.075+0000] {log.py:232} WARNING - [[34m2024-08-09T08:08:04.073+0000[0m] {[34mproject.py:[0m35} INFO[0m - [35m(astronomer-cosmos)[0m - Project /usr/local/***/dags/Data_Marketplace does not have {'packages.yml', 'dependencies.yml'}[0m
[2024-08-09T08:08:04.075+0000] {log.py:232} WARNING - [[34m2024-08-09T08:08:04.073+0000[0m] {[34mproject.py:[0m35} INFO[0m - [35m(astronomer-cosmos)[0m - Project /usr/local/***/dags/Data_Marketplace does not have {'packages.yml', 'dependencies.yml'}[0m
[2024-08-09T08:08:04.073+0000] {project.py:35} INFO - Project /usr/local/***/dags/Data_Marketplace does not have {'packages.yml', 'dependencies.yml'}
[2024-08-09T08:08:04.089+0000] {log.py:232} WARNING - [[34m2024-08-09T08:08:04.089+0000[0m] {[34mproject.py:[0m35} INFO[0m - [35m(astronomer-cosmos)[0m - Project /usr/local/***/dags/Data_Marketplace does not have {'packages.yml', 'dependencies.yml'}[0m
[2024-08-09T08:08:04.099+0000] {log.py:232} WARNING - [[34m2024-08-09T08:08:04.089+0000[0m] {[34mproject.py:[0m35} INFO[0m - [35m(astronomer-cosmos)[0m - Project /usr/local/***/dags/Data_Marketplace does not have {'packages.yml', 'dependencies.yml'}[0m
[2024-08-09T08:08:04.089+0000] {project.py:35} INFO - Project /usr/local/***/dags/Data_Marketplace does not have {'packages.yml', 'dependencies.yml'}
[2024-08-09T08:08:04.100+0000] {log.py:232} WARNING - [[34m2024-08-09T08:08:04.100+0000[0m] {[34mproject.py:[0m35} INFO[0m - [35m(astronomer-cosmos)[0m - Project /usr/local/***/dags/Data_Marketplace does not have {'packages.yml', 'dependencies.yml'}[0m
[2024-08-09T08:08:04.113+0000] {log.py:232} WARNING - [[34m2024-08-09T08:08:04.100+0000[0m] {[34mproject.py:[0m35} INFO[0m - [35m(astronomer-cosmos)[0m - Project /usr/local/***/dags/Data_Marketplace does not have {'packages.yml', 'dependencies.yml'}[0m
[2024-08-09T08:08:04.100+0000] {project.py:35} INFO - Project /usr/local/***/dags/Data_Marketplace does not have {'packages.yml', 'dependencies.yml'}
[2024-08-09T08:08:04.114+0000] {log.py:232} WARNING - [[34m2024-08-09T08:08:04.114+0000[0m] {[34mproject.py:[0m35} INFO[0m - [35m(astronomer-cosmos)[0m - Project /usr/local/***/dags/Data_Marketplace does not have {'packages.yml', 'dependencies.yml'}[0m
[2024-08-09T08:08:04.128+0000] {log.py:232} WARNING - [[34m2024-08-09T08:08:04.114+0000[0m] {[34mproject.py:[0m35} INFO[0m - [35m(astronomer-cosmos)[0m - Project /usr/local/***/dags/Data_Marketplace does not have {'packages.yml', 'dependencies.yml'}[0m
[2024-08-09T08:08:04.114+0000] {project.py:35} INFO - Project /usr/local/***/dags/Data_Marketplace does not have {'packages.yml', 'dependencies.yml'}
[2024-08-09T08:08:04.141+0000] {log.py:232} WARNING - [[34m2024-08-09T08:08:04.129+0000[0m] {[34mproject.py:[0m35} INFO[0m - [35m(astronomer-cosmos)[0m - Project /usr/local/***/dags/Data_Marketplace does not have {'packages.yml', 'dependencies.yml'}[0m
[2024-08-09T08:08:04.142+0000] {log.py:232} WARNING - [[34m2024-08-09T08:08:04.129+0000[0m] {[34mproject.py:[0m35} INFO[0m - [35m(astronomer-cosmos)[0m - Project /usr/local/***/dags/Data_Marketplace does not have {'packages.yml', 'dependencies.yml'}[0m
[2024-08-09T08:08:04.129+0000] {project.py:35} INFO - Project /usr/local/***/dags/Data_Marketplace does not have {'packages.yml', 'dependencies.yml'}
[2024-08-09T08:08:04.152+0000] {log.py:232} WARNING - [[34m2024-08-09T08:08:04.152+0000[0m] {[34mproject.py:[0m35} INFO[0m - [35m(astronomer-cosmos)[0m - Project /usr/local/***/dags/Data_Marketplace does not have {'packages.yml', 'dependencies.yml'}[0m
[2024-08-09T08:08:04.153+0000] {log.py:232} WARNING - [[34m2024-08-09T08:08:04.152+0000[0m] {[34mproject.py:[0m35} INFO[0m - [35m(astronomer-cosmos)[0m - Project /usr/local/***/dags/Data_Marketplace does not have {'packages.yml', 'dependencies.yml'}[0m
[2024-08-09T08:08:04.152+0000] {project.py:35} INFO - Project /usr/local/***/dags/Data_Marketplace does not have {'packages.yml', 'dependencies.yml'}
[2024-08-09T08:08:04.170+0000] {log.py:232} WARNING - [[34m2024-08-09T08:08:04.170+0000[0m] {[34mproject.py:[0m35} INFO[0m - [35m(astronomer-cosmos)[0m - Project /usr/local/***/dags/Data_Marketplace does not have {'packages.yml', 'dependencies.yml'}[0m
[2024-08-09T08:08:04.171+0000] {log.py:232} WARNING - [[34m2024-08-09T08:08:04.170+0000[0m] {[34mproject.py:[0m35} INFO[0m - [35m(astronomer-cosmos)[0m - Project /usr/local/***/dags/Data_Marketplace does not have {'packages.yml', 'dependencies.yml'}[0m
[2024-08-09T08:08:04.170+0000] {project.py:35} INFO - Project /usr/local/***/dags/Data_Marketplace does not have {'packages.yml', 'dependencies.yml'}
[2024-08-09T08:08:04.185+0000] {log.py:232} WARNING - [[34m2024-08-09T08:08:04.183+0000[0m] {[34mproject.py:[0m35} INFO[0m - [35m(astronomer-cosmos)[0m - Project /usr/local/***/dags/Data_Marketplace does not have {'packages.yml', 'dependencies.yml'}[0m
[2024-08-09T08:08:04.185+0000] {log.py:232} WARNING - [[34m2024-08-09T08:08:04.183+0000[0m] {[34mproject.py:[0m35} INFO[0m - [35m(astronomer-cosmos)[0m - Project /usr/local/***/dags/Data_Marketplace does not have {'packages.yml', 'dependencies.yml'}[0m
[2024-08-09T08:08:04.183+0000] {project.py:35} INFO - Project /usr/local/***/dags/Data_Marketplace does not have {'packages.yml', 'dependencies.yml'}
[2024-08-09T08:08:04.197+0000] {log.py:232} WARNING - [[34m2024-08-09T08:08:04.197+0000[0m] {[34mproject.py:[0m35} INFO[0m - [35m(astronomer-cosmos)[0m - Project /usr/local/***/dags/Data_Marketplace does not have {'packages.yml', 'dependencies.yml'}[0m
[2024-08-09T08:08:04.208+0000] {log.py:232} WARNING - [[34m2024-08-09T08:08:04.197+0000[0m] {[34mproject.py:[0m35} INFO[0m - [35m(astronomer-cosmos)[0m - Project /usr/local/***/dags/Data_Marketplace does not have {'packages.yml', 'dependencies.yml'}[0m
[2024-08-09T08:08:04.197+0000] {project.py:35} INFO - Project /usr/local/***/dags/Data_Marketplace does not have {'packages.yml', 'dependencies.yml'}
[2024-08-09T08:08:04.211+0000] {log.py:232} WARNING - [[34m2024-08-09T08:08:04.211+0000[0m] {[34mproject.py:[0m35} INFO[0m - [35m(astronomer-cosmos)[0m - Project /usr/local/***/dags/Data_Marketplace does not have {'packages.yml', 'dependencies.yml'}[0m
[2024-08-09T08:08:04.221+0000] {log.py:232} WARNING - [[34m2024-08-09T08:08:04.211+0000[0m] {[34mproject.py:[0m35} INFO[0m - [35m(astronomer-cosmos)[0m - Project /usr/local/***/dags/Data_Marketplace does not have {'packages.yml', 'dependencies.yml'}[0m
[2024-08-09T08:08:04.211+0000] {project.py:35} INFO - Project /usr/local/***/dags/Data_Marketplace does not have {'packages.yml', 'dependencies.yml'}
[2024-08-09T08:08:04.234+0000] {log.py:232} WARNING - [[34m2024-08-09T08:08:04.234+0000[0m] {[34mproject.py:[0m35} INFO[0m - [35m(astronomer-cosmos)[0m - Project /usr/local/***/dags/Data_Marketplace does not have {'packages.yml', 'dependencies.yml'}[0m
[2024-08-09T08:08:04.234+0000] {log.py:232} WARNING - [[34m2024-08-09T08:08:04.234+0000[0m] {[34mproject.py:[0m35} INFO[0m - [35m(astronomer-cosmos)[0m - Project /usr/local/***/dags/Data_Marketplace does not have {'packages.yml', 'dependencies.yml'}[0m
[2024-08-09T08:08:04.234+0000] {project.py:35} INFO - Project /usr/local/***/dags/Data_Marketplace does not have {'packages.yml', 'dependencies.yml'}
[2024-08-09T08:08:04.248+0000] {log.py:232} WARNING - [[34m2024-08-09T08:08:04.235+0000[0m] {[34mproject.py:[0m35} INFO[0m - [35m(astronomer-cosmos)[0m - Project /usr/local/***/dags/Data_Marketplace does not have {'packages.yml', 'dependencies.yml'}[0m
[2024-08-09T08:08:04.248+0000] {log.py:232} WARNING - [[34m2024-08-09T08:08:04.235+0000[0m] {[34mproject.py:[0m35} INFO[0m - [35m(astronomer-cosmos)[0m - Project /usr/local/***/dags/Data_Marketplace does not have {'packages.yml', 'dependencies.yml'}[0m
[2024-08-09T08:08:04.235+0000] {project.py:35} INFO - Project /usr/local/***/dags/Data_Marketplace does not have {'packages.yml', 'dependencies.yml'}
[2024-08-09T08:08:04.251+0000] {log.py:232} WARNING - [[34m2024-08-09T08:08:04.251+0000[0m] {[34mgraph.py:[0m173} WARNING[0m - [35m(astronomer-cosmos)[0m - Unavailable conversion function for <DbtResourceType.SOURCE> (node <source.Data_Marketplace.Raw.City>). Define a converter function using render_config.node_converters.[0m
[2024-08-09T08:08:04.251+0000] {log.py:232} WARNING - [[34m2024-08-09T08:08:04.251+0000[0m] {[34mgraph.py:[0m173} WARNING[0m - [35m(astronomer-cosmos)[0m - Unavailable conversion function for <DbtResourceType.SOURCE> (node <source.Data_Marketplace.Raw.City>). Define a converter function using render_config.node_converters.[0m
[2024-08-09T08:08:04.251+0000] {graph.py:173} WARNING - Unavailable conversion function for <DbtResourceType.SOURCE> (node <source.Data_Marketplace.Raw.City>). Define a converter function using render_config.node_converters.
[2024-08-09T08:08:04.263+0000] {log.py:232} WARNING - [[34m2024-08-09T08:08:04.263+0000[0m] {[34mgraph.py:[0m173} WARNING[0m - [35m(astronomer-cosmos)[0m - Unavailable conversion function for <DbtResourceType.SOURCE> (node <source.Data_Marketplace.Raw.Province>). Define a converter function using render_config.node_converters.[0m
[2024-08-09T08:08:04.264+0000] {log.py:232} WARNING - [[34m2024-08-09T08:08:04.263+0000[0m] {[34mgraph.py:[0m173} WARNING[0m - [35m(astronomer-cosmos)[0m - Unavailable conversion function for <DbtResourceType.SOURCE> (node <source.Data_Marketplace.Raw.Province>). Define a converter function using render_config.node_converters.[0m
[2024-08-09T08:08:04.263+0000] {graph.py:173} WARNING - Unavailable conversion function for <DbtResourceType.SOURCE> (node <source.Data_Marketplace.Raw.Province>). Define a converter function using render_config.node_converters.
[2024-08-09T08:08:04.264+0000] {log.py:232} WARNING - [[34m2024-08-09T08:08:04.264+0000[0m] {[34mgraph.py:[0m173} WARNING[0m - [35m(astronomer-cosmos)[0m - Unavailable conversion function for <DbtResourceType.SOURCE> (node <source.Data_Marketplace.Raw.Weather_Data>). Define a converter function using render_config.node_converters.[0m
[2024-08-09T08:08:04.276+0000] {log.py:232} WARNING - [[34m2024-08-09T08:08:04.264+0000[0m] {[34mgraph.py:[0m173} WARNING[0m - [35m(astronomer-cosmos)[0m - Unavailable conversion function for <DbtResourceType.SOURCE> (node <source.Data_Marketplace.Raw.Weather_Data>). Define a converter function using render_config.node_converters.[0m
[2024-08-09T08:08:04.264+0000] {graph.py:173} WARNING - Unavailable conversion function for <DbtResourceType.SOURCE> (node <source.Data_Marketplace.Raw.Weather_Data>). Define a converter function using render_config.node_converters.
[2024-08-09T08:08:04.289+0000] {log.py:232} WARNING - [[34m2024-08-09T08:08:04.280+0000[0m] {[34mconverter.py:[0m293} INFO[0m - [35m(astronomer-cosmos)[0m - Cosmos performance (dbt_dag) - [ubuntu|368]: It took 0.273s to build the Airflow DAG.[0m
[2024-08-09T08:08:04.290+0000] {log.py:232} WARNING - [[34m2024-08-09T08:08:04.280+0000[0m] {[34mconverter.py:[0m293} INFO[0m - [35m(astronomer-cosmos)[0m - Cosmos performance (dbt_dag) - [ubuntu|368]: It took 0.273s to build the Airflow DAG.[0m
[2024-08-09T08:08:04.280+0000] {converter.py:293} INFO - Cosmos performance (dbt_dag) - [ubuntu|368]: It took 0.273s to build the Airflow DAG.
[2024-08-09T08:08:04.290+0000] {log.py:232} WARNING - [[34m2024-08-09T08:08:04.290+0000[0m] {[34mlocal.py:[0m174} INFO[0m - [35m(astronomer-cosmos)[0m - Could not import dbtRunner. Falling back to subprocess for invoking dbt.[0m
[2024-08-09T08:08:04.304+0000] {log.py:232} WARNING - [[34m2024-08-09T08:08:04.290+0000[0m] {[34mlocal.py:[0m174} INFO[0m - [35m(astronomer-cosmos)[0m - Could not import dbtRunner. Falling back to subprocess for invoking dbt.[0m
[2024-08-09T08:08:04.290+0000] {local.py:174} INFO - Could not import dbtRunner. Falling back to subprocess for invoking dbt.
[2024-08-09T08:08:04.307+0000] {log.py:232} WARNING - [[34m2024-08-09T08:08:04.307+0000[0m] {[34mlocal.py:[0m292} INFO[0m - [35m(astronomer-cosmos)[0m - Cloning project to writable temp directory /tmp/tmpamdmt9cq from /usr/local/***/dags/Data_Marketplace[0m
[2024-08-09T08:08:04.318+0000] {log.py:232} WARNING - [[34m2024-08-09T08:08:04.307+0000[0m] {[34mlocal.py:[0m292} INFO[0m - [35m(astronomer-cosmos)[0m - Cloning project to writable temp directory /tmp/tmpamdmt9cq from /usr/local/***/dags/Data_Marketplace[0m
[2024-08-09T08:08:04.307+0000] {local.py:292} INFO - Cloning project to writable temp directory /tmp/tmpamdmt9cq from /usr/local/airflow/dags/Data_Marketplace
[2024-08-09T08:08:04.335+0000] {log.py:232} WARNING - [[34m2024-08-09T08:08:04.321+0000[0m] {[34mlocal.py:[0m303} INFO[0m - [35m(astronomer-cosmos)[0m - Partial parse is enabled and the latest partial parse file is /tmp/cosmos/dbt_dag/target/partial_parse.msgpack[0m
[2024-08-09T08:08:04.338+0000] {log.py:232} WARNING - [[34m2024-08-09T08:08:04.321+0000[0m] {[34mlocal.py:[0m303} INFO[0m - [35m(astronomer-cosmos)[0m - Partial parse is enabled and the latest partial parse file is /tmp/cosmos/dbt_dag/target/partial_parse.msgpack[0m
[2024-08-09T08:08:04.321+0000] {local.py:303} INFO - Partial parse is enabled and the latest partial parse file is /tmp/cosmos/dbt_dag/target/partial_parse.msgpack
[2024-08-09T08:08:04.432+0000] {log.py:232} WARNING - [[34m2024-08-09T08:08:04.419+0000[0m] {[34mconfig.py:[0m292} INFO[0m - [35m(astronomer-cosmos)[0m - Profile caching is enable.[0m
[2024-08-09T08:08:04.432+0000] {log.py:232} WARNING - [[34m2024-08-09T08:08:04.419+0000[0m] {[34mconfig.py:[0m292} INFO[0m - [35m(astronomer-cosmos)[0m - Profile caching is enable.[0m
[2024-08-09T08:08:04.419+0000] {config.py:292} INFO - Profile caching is enable.
[2024-08-09T08:08:04.530+0000] {base.py:84} INFO - Using connection ID 'snowflake_conn' for task execution.
[2024-08-09T08:08:04.646+0000] {log.py:232} WARNING - [[34m2024-08-09T08:08:04.637+0000[0m] {[34mconfig.py:[0m272} INFO[0m - [35m(astronomer-cosmos)[0m - Profile found in cache using profile: /tmp/cosmos/profile/ec71862f850e9b0839075fe0561d5062ab3dd99ef2a3dac2fe4fc1486f2849d0/profiles.yml.[0m
[2024-08-09T08:08:04.646+0000] {log.py:232} WARNING - [[34m2024-08-09T08:08:04.637+0000[0m] {[34mconfig.py:[0m272} INFO[0m - [35m(astronomer-cosmos)[0m - Profile found in cache using profile: /tmp/cosmos/profile/ec71862f850e9b0839075fe0561d5062ab3dd99ef2a3dac2fe4fc1486f2849d0/profiles.yml.[0m
[2024-08-09T08:08:04.637+0000] {config.py:272} INFO - Profile found in cache using profile: /tmp/cosmos/profile/ec71862f850e9b0839075fe0561d5062ab3dd99ef2a3dac2fe4fc1486f2849d0/profiles.yml.
[2024-08-09T08:08:04.662+0000] {log.py:232} WARNING - [[34m2024-08-09T08:08:04.662+0000[0m] {[34mlocal.py:[0m247} INFO[0m - [35m(astronomer-cosmos)[0m - Trying to run the command:
 ['/opt/***/dbt_venv/bin/dbt', 'snapshot', '--models', 'scd_city', '--project-dir', '/tmp/tmpamdmt9cq', '--profiles-dir', '/tmp/cosmos/profile/ec71862f850e9b0839075fe0561d5062ab3dd99ef2a3dac2fe4fc1486f2849d0', '--profile', 'Data_Marketplace', '--target', 'dev']
From /tmp/tmpamdmt9cq[0m
[2024-08-09T08:08:04.663+0000] {log.py:232} WARNING - [[34m2024-08-09T08:08:04.662+0000[0m] {[34mlocal.py:[0m247} INFO[0m - [35m(astronomer-cosmos)[0m - Trying to run the command:
 ['/opt/***/dbt_venv/bin/dbt', 'snapshot', '--models', 'scd_city', '--project-dir', '/tmp/tmpamdmt9cq', '--profiles-dir', '/tmp/cosmos/profile/ec71862f850e9b0839075fe0561d5062ab3dd99ef2a3dac2fe4fc1486f2849d0', '--profile', 'Data_Marketplace', '--target', 'dev']
From /tmp/tmpamdmt9cq[0m
[2024-08-09T08:08:04.662+0000] {local.py:247} INFO - Trying to run the command:
 ['/opt/***/dbt_venv/bin/dbt', 'snapshot', '--models', 'scd_city', '--project-dir', '/tmp/tmpamdmt9cq', '--profiles-dir', '/tmp/cosmos/profile/ec71862f850e9b0839075fe0561d5062ab3dd99ef2a3dac2fe4fc1486f2849d0', '--profile', 'Data_Marketplace', '--target', 'dev']
From /tmp/tmpamdmt9cq
[2024-08-09T08:08:04.683+0000] {log.py:232} WARNING - [[34m2024-08-09T08:08:04.683+0000[0m] {[34msubprocess.py:[0m60} INFO[0m - [35m(astronomer-cosmos)[0m - Tmp dir root location: 
 /tmp[0m
[2024-08-09T08:08:04.686+0000] {log.py:232} WARNING - [[34m2024-08-09T08:08:04.683+0000[0m] {[34msubprocess.py:[0m60} INFO[0m - [35m(astronomer-cosmos)[0m - Tmp dir root location: 
 /tmp[0m
[2024-08-09T08:08:04.683+0000] {subprocess.py:60} INFO - Tmp dir root location: 
 /tmp
[2024-08-09T08:08:04.686+0000] {log.py:232} WARNING - [[34m2024-08-09T08:08:04.686+0000[0m] {[34msubprocess.py:[0m73} INFO[0m - [35m(astronomer-cosmos)[0m - Running command: ['/opt/***/dbt_venv/bin/dbt', 'snapshot', '--models', 'scd_city', '--project-dir', '/tmp/tmpamdmt9cq', '--profiles-dir', '/tmp/cosmos/profile/ec71862f850e9b0839075fe0561d5062ab3dd99ef2a3dac2fe4fc1486f2849d0', '--profile', 'Data_Marketplace', '--target', 'dev'][0m
[2024-08-09T08:08:04.695+0000] {log.py:232} WARNING - [[34m2024-08-09T08:08:04.686+0000[0m] {[34msubprocess.py:[0m73} INFO[0m - [35m(astronomer-cosmos)[0m - Running command: ['/opt/***/dbt_venv/bin/dbt', 'snapshot', '--models', 'scd_city', '--project-dir', '/tmp/tmpamdmt9cq', '--profiles-dir', '/tmp/cosmos/profile/ec71862f850e9b0839075fe0561d5062ab3dd99ef2a3dac2fe4fc1486f2849d0', '--profile', 'Data_Marketplace', '--target', 'dev'][0m
[2024-08-09T08:08:04.686+0000] {subprocess.py:73} INFO - Running command: ['/opt/***/dbt_venv/bin/dbt', 'snapshot', '--models', 'scd_city', '--project-dir', '/tmp/tmpamdmt9cq', '--profiles-dir', '/tmp/cosmos/profile/ec71862f850e9b0839075fe0561d5062ab3dd99ef2a3dac2fe4fc1486f2849d0', '--profile', 'Data_Marketplace', '--target', 'dev']
[2024-08-09T08:08:04.827+0000] {log.py:232} WARNING - [[34m2024-08-09T08:08:04.827+0000[0m] {[34msubprocess.py:[0m84} INFO[0m - [35m(astronomer-cosmos)[0m - Command output:[0m
[2024-08-09T08:08:04.828+0000] {log.py:232} WARNING - [[34m2024-08-09T08:08:04.827+0000[0m] {[34msubprocess.py:[0m84} INFO[0m - [35m(astronomer-cosmos)[0m - Command output:[0m
[2024-08-09T08:08:04.827+0000] {subprocess.py:84} INFO - Command output:
[2024-08-09T08:08:15.981+0000] {log.py:232} WARNING - [[34m2024-08-09T08:08:15.981+0000[0m] {[34msubprocess.py:[0m94} INFO[0m - [35m(astronomer-cosmos)[0m - [0m08:08:15  Running with dbt=1.8.5[0m
[2024-08-09T08:08:15.982+0000] {log.py:232} WARNING - [[34m2024-08-09T08:08:15.981+0000[0m] {[34msubprocess.py:[0m94} INFO[0m - [35m(astronomer-cosmos)[0m - [0m08:08:15  Running with dbt=1.8.5[0m
[2024-08-09T08:08:15.981+0000] {subprocess.py:94} INFO - [0m08:08:15  Running with dbt=1.8.5
[2024-08-09T08:08:18.305+0000] {log.py:232} WARNING - [[34m2024-08-09T08:08:18.305+0000[0m] {[34msubprocess.py:[0m94} INFO[0m - [35m(astronomer-cosmos)[0m - [0m08:08:18  Registered adapter: snowflake=1.8.3[0m
[2024-08-09T08:08:18.306+0000] {log.py:232} WARNING - [[34m2024-08-09T08:08:18.305+0000[0m] {[34msubprocess.py:[0m94} INFO[0m - [35m(astronomer-cosmos)[0m - [0m08:08:18  Registered adapter: snowflake=1.8.3[0m
[2024-08-09T08:08:18.305+0000] {subprocess.py:94} INFO - [0m08:08:18  Registered adapter: snowflake=1.8.3
[2024-08-09T08:08:20.062+0000] {log.py:232} WARNING - [[34m2024-08-09T08:08:20.062+0000[0m] {[34msubprocess.py:[0m94} INFO[0m - [35m(astronomer-cosmos)[0m - [0m08:08:20  Found 9 models, 2 snapshots, 3 seeds, 2 data tests, 3 sources, 448 macros[0m
[2024-08-09T08:08:20.063+0000] {log.py:232} WARNING - [[34m2024-08-09T08:08:20.062+0000[0m] {[34msubprocess.py:[0m94} INFO[0m - [35m(astronomer-cosmos)[0m - [0m08:08:20  Found 9 models, 2 snapshots, 3 seeds, 2 data tests, 3 sources, 448 macros[0m
[2024-08-09T08:08:20.062+0000] {subprocess.py:94} INFO - [0m08:08:20  Found 9 models, 2 snapshots, 3 seeds, 2 data tests, 3 sources, 448 macros
[2024-08-09T08:08:20.070+0000] {log.py:232} WARNING - [[34m2024-08-09T08:08:20.070+0000[0m] {[34msubprocess.py:[0m94} INFO[0m - [35m(astronomer-cosmos)[0m - [0m08:08:20[0m
[2024-08-09T08:08:20.070+0000] {log.py:232} WARNING - [[34m2024-08-09T08:08:20.070+0000[0m] {[34msubprocess.py:[0m94} INFO[0m - [35m(astronomer-cosmos)[0m - [0m08:08:20[0m
[2024-08-09T08:08:20.070+0000] {subprocess.py:94} INFO - [0m08:08:20
[2024-08-09T08:08:23.382+0000] {log.py:232} WARNING - [[34m2024-08-09T08:08:23.382+0000[0m] {[34msubprocess.py:[0m94} INFO[0m - [35m(astronomer-cosmos)[0m - [0m08:08:23  Concurrency: 1 threads (target='dev')[0m
[2024-08-09T08:08:23.382+0000] {log.py:232} WARNING - [[34m2024-08-09T08:08:23.382+0000[0m] {[34msubprocess.py:[0m94} INFO[0m - [35m(astronomer-cosmos)[0m - [0m08:08:23  Concurrency: 1 threads (target='dev')[0m
[2024-08-09T08:08:23.382+0000] {subprocess.py:94} INFO - [0m08:08:23  Concurrency: 1 threads (target='dev')
[2024-08-09T08:08:23.383+0000] {log.py:232} WARNING - [[34m2024-08-09T08:08:23.383+0000[0m] {[34msubprocess.py:[0m94} INFO[0m - [35m(astronomer-cosmos)[0m - [0m08:08:23[0m
[2024-08-09T08:08:23.389+0000] {log.py:232} WARNING - [[34m2024-08-09T08:08:23.383+0000[0m] {[34msubprocess.py:[0m94} INFO[0m - [35m(astronomer-cosmos)[0m - [0m08:08:23[0m
[2024-08-09T08:08:23.383+0000] {subprocess.py:94} INFO - [0m08:08:23
[2024-08-09T08:08:23.417+0000] {log.py:232} WARNING - [[34m2024-08-09T08:08:23.417+0000[0m] {[34msubprocess.py:[0m94} INFO[0m - [35m(astronomer-cosmos)[0m - [0m08:08:23  1 of 1 START snapshot DWH.scd_city ............................................. [RUN][0m
[2024-08-09T08:08:23.417+0000] {log.py:232} WARNING - [[34m2024-08-09T08:08:23.417+0000[0m] {[34msubprocess.py:[0m94} INFO[0m - [35m(astronomer-cosmos)[0m - [0m08:08:23  1 of 1 START snapshot DWH.scd_city ............................................. [RUN][0m
[2024-08-09T08:08:23.417+0000] {subprocess.py:94} INFO - [0m08:08:23  1 of 1 START snapshot DWH.scd_city ............................................. [RUN]
[2024-08-09T08:08:29.450+0000] {log.py:232} WARNING - [[34m2024-08-09T08:08:29.450+0000[0m] {[34msubprocess.py:[0m94} INFO[0m - [35m(astronomer-cosmos)[0m - [0m08:08:29  1 of 1 OK snapshotted DWH.scd_city ............................................. [[32mSUCCESS 0[0m in 6.03s][0m
[2024-08-09T08:08:29.450+0000] {log.py:232} WARNING - [[34m2024-08-09T08:08:29.450+0000[0m] {[34msubprocess.py:[0m94} INFO[0m - [35m(astronomer-cosmos)[0m - [0m08:08:29  1 of 1 OK snapshotted DWH.scd_city ............................................. [[32mSUCCESS 0[0m in 6.03s][0m
[2024-08-09T08:08:29.450+0000] {subprocess.py:94} INFO - [0m08:08:29  1 of 1 OK snapshotted DWH.scd_city ............................................. [[32mSUCCESS 0[0m in 6.03s]
[2024-08-09T08:08:29.464+0000] {log.py:232} WARNING - [[34m2024-08-09T08:08:29.464+0000[0m] {[34msubprocess.py:[0m94} INFO[0m - [35m(astronomer-cosmos)[0m - [0m08:08:29[0m
[2024-08-09T08:08:29.464+0000] {log.py:232} WARNING - [[34m2024-08-09T08:08:29.464+0000[0m] {[34msubprocess.py:[0m94} INFO[0m - [35m(astronomer-cosmos)[0m - [0m08:08:29[0m
[2024-08-09T08:08:29.464+0000] {subprocess.py:94} INFO - [0m08:08:29
[2024-08-09T08:08:29.467+0000] {log.py:232} WARNING - [[34m2024-08-09T08:08:29.467+0000[0m] {[34msubprocess.py:[0m94} INFO[0m - [35m(astronomer-cosmos)[0m - [0m08:08:29  Finished running 1 snapshot in 0 hours 0 minutes and 9.39 seconds (9.39s).[0m
[2024-08-09T08:08:29.467+0000] {log.py:232} WARNING - [[34m2024-08-09T08:08:29.467+0000[0m] {[34msubprocess.py:[0m94} INFO[0m - [35m(astronomer-cosmos)[0m - [0m08:08:29  Finished running 1 snapshot in 0 hours 0 minutes and 9.39 seconds (9.39s).[0m
[2024-08-09T08:08:29.467+0000] {subprocess.py:94} INFO - [0m08:08:29  Finished running 1 snapshot in 0 hours 0 minutes and 9.39 seconds (9.39s).
[2024-08-09T08:08:29.571+0000] {log.py:232} WARNING - [[34m2024-08-09T08:08:29.571+0000[0m] {[34msubprocess.py:[0m94} INFO[0m - [35m(astronomer-cosmos)[0m - [0m08:08:29[0m
[2024-08-09T08:08:29.574+0000] {log.py:232} WARNING - [[34m2024-08-09T08:08:29.571+0000[0m] {[34msubprocess.py:[0m94} INFO[0m - [35m(astronomer-cosmos)[0m - [0m08:08:29[0m
[2024-08-09T08:08:29.571+0000] {subprocess.py:94} INFO - [0m08:08:29
[2024-08-09T08:08:29.577+0000] {log.py:232} WARNING - [[34m2024-08-09T08:08:29.577+0000[0m] {[34msubprocess.py:[0m94} INFO[0m - [35m(astronomer-cosmos)[0m - [0m08:08:29  [32mCompleted successfully[0m[0m
[2024-08-09T08:08:29.577+0000] {log.py:232} WARNING - [[34m2024-08-09T08:08:29.577+0000[0m] {[34msubprocess.py:[0m94} INFO[0m - [35m(astronomer-cosmos)[0m - [0m08:08:29  [32mCompleted successfully[0m[0m
[2024-08-09T08:08:29.577+0000] {subprocess.py:94} INFO - [0m08:08:29  [32mCompleted successfully[0m
[2024-08-09T08:08:29.578+0000] {log.py:232} WARNING - [[34m2024-08-09T08:08:29.578+0000[0m] {[34msubprocess.py:[0m94} INFO[0m - [35m(astronomer-cosmos)[0m - [0m08:08:29[0m
[2024-08-09T08:08:29.583+0000] {log.py:232} WARNING - [[34m2024-08-09T08:08:29.578+0000[0m] {[34msubprocess.py:[0m94} INFO[0m - [35m(astronomer-cosmos)[0m - [0m08:08:29[0m
[2024-08-09T08:08:29.578+0000] {subprocess.py:94} INFO - [0m08:08:29
[2024-08-09T08:08:29.583+0000] {log.py:232} WARNING - [[34m2024-08-09T08:08:29.583+0000[0m] {[34msubprocess.py:[0m94} INFO[0m - [35m(astronomer-cosmos)[0m - [0m08:08:29  Done. PASS=1 WARN=0 ERROR=0 SKIP=0 TOTAL=1[0m
[2024-08-09T08:08:29.584+0000] {log.py:232} WARNING - [[34m2024-08-09T08:08:29.583+0000[0m] {[34msubprocess.py:[0m94} INFO[0m - [35m(astronomer-cosmos)[0m - [0m08:08:29  Done. PASS=1 WARN=0 ERROR=0 SKIP=0 TOTAL=1[0m
[2024-08-09T08:08:29.583+0000] {subprocess.py:94} INFO - [0m08:08:29  Done. PASS=1 WARN=0 ERROR=0 SKIP=0 TOTAL=1
[2024-08-09T08:08:30.859+0000] {log.py:232} WARNING - [[34m2024-08-09T08:08:30.858+0000[0m] {[34msubprocess.py:[0m98} INFO[0m - [35m(astronomer-cosmos)[0m - Command exited with return code 0[0m
[2024-08-09T08:08:30.860+0000] {log.py:232} WARNING - [[34m2024-08-09T08:08:30.858+0000[0m] {[34msubprocess.py:[0m98} INFO[0m - [35m(astronomer-cosmos)[0m - Command exited with return code 0[0m
[2024-08-09T08:08:30.858+0000] {subprocess.py:98} INFO - Command exited with return code 0
[2024-08-09T08:08:30.860+0000] {log.py:232} WARNING - [[34m2024-08-09T08:08:30.860+0000[0m] {[34mlocal.py:[0m254} INFO[0m - [35m(astronomer-cosmos)[0m - [0m08:08:29  Done. PASS=1 WARN=0 ERROR=0 SKIP=0 TOTAL=1[0m
[2024-08-09T08:08:30.861+0000] {log.py:232} WARNING - [[34m2024-08-09T08:08:30.860+0000[0m] {[34mlocal.py:[0m254} INFO[0m - [35m(astronomer-cosmos)[0m - [0m08:08:29  Done. PASS=1 WARN=0 ERROR=0 SKIP=0 TOTAL=1[0m
[2024-08-09T08:08:30.860+0000] {local.py:254} INFO - [0m08:08:29  Done. PASS=1 WARN=0 ERROR=0 SKIP=0 TOTAL=1
[2024-08-09T08:08:30.882+0000] {local.py:196} WARNING - Artifact schema version: https://schemas.getdbt.com/dbt/manifest/v12.json is above dbt-ol supported version 7. This might cause errors.
[2024-08-09T08:08:30.883+0000] {local.py:196} WARNING - Artifact schema version: https://schemas.getdbt.com/dbt/run-results/v6.json is above dbt-ol supported version 5. This might cause errors.
[2024-08-09T08:08:30.901+0000] {log.py:232} WARNING - [[34m2024-08-09T08:08:30.900+0000[0m] {[34mlocal.py:[0m349} INFO[0m - [35m(astronomer-cosmos)[0m - Inlets: [Dataset(uri='snowflake://uz36730.ap-southeast-1.aws/POC_DATA_MARKETPLACE.DWH.dim_city', extra=None)][0m
[2024-08-09T08:08:30.901+0000] {log.py:232} WARNING - [[34m2024-08-09T08:08:30.900+0000[0m] {[34mlocal.py:[0m349} INFO[0m - [35m(astronomer-cosmos)[0m - Inlets: [Dataset(uri='snowflake://uz36730.ap-southeast-1.aws/POC_DATA_MARKETPLACE.DWH.dim_city', extra=None)][0m
[2024-08-09T08:08:30.900+0000] {local.py:349} INFO - Inlets: [Dataset(uri='snowflake://uz36730.ap-southeast-1.aws/POC_DATA_MARKETPLACE.DWH.dim_city', extra=None)]
[2024-08-09T08:08:30.902+0000] {log.py:232} WARNING - [[34m2024-08-09T08:08:30.902+0000[0m] {[34mlocal.py:[0m350} INFO[0m - [35m(astronomer-cosmos)[0m - Outlets: [Dataset(uri='snowflake://uz36730.ap-southeast-1.aws/POC_DATA_MARKETPLACE.DWH.scd_city', extra=None)][0m
[2024-08-09T08:08:30.902+0000] {log.py:232} WARNING - [[34m2024-08-09T08:08:30.902+0000[0m] {[34mlocal.py:[0m350} INFO[0m - [35m(astronomer-cosmos)[0m - Outlets: [Dataset(uri='snowflake://uz36730.ap-southeast-1.aws/POC_DATA_MARKETPLACE.DWH.scd_city', extra=None)][0m
[2024-08-09T08:08:30.902+0000] {local.py:350} INFO - Outlets: [Dataset(uri='snowflake://uz36730.ap-southeast-1.aws/POC_DATA_MARKETPLACE.DWH.scd_city', extra=None)]
[2024-08-09T08:08:30.903+0000] {dag.py:3096} INFO - Sync 1 DAGs
[2024-08-09T08:08:30.942+0000] {dag.py:3954} INFO - Setting next_dagrun for dbt_dag to 2024-08-09 00:00:00+00:00, run_after=2024-08-10 00:00:00+00:00
[2024-08-09T08:08:30.983+0000] {taskinstance.py:441} INFO - ::group::Post task execution logs
[2024-08-09T08:08:31.019+0000] {taskinstance.py:1206} INFO - Marking task as SUCCESS. dag_id=dbt_dag, task_id=scd_city_snapshot, run_id=scheduled__2024-08-08T00:00:00+00:00, execution_date=20240808T000000, start_date=20240809T080802, end_date=20240809T080831
[2024-08-09T08:08:31.082+0000] {local_task_job_runner.py:240} INFO - Task exited with return code 0
[2024-08-09T08:08:31.102+0000] {taskinstance.py:3503} INFO - 0 downstream tasks scheduled from follow-on schedule check
[2024-08-09T08:08:31.104+0000] {local_task_job_runner.py:222} INFO - ::endgroup::
