[2024-08-16T09:43:41.869+0000] {local_task_job_runner.py:120} INFO - ::group::Pre task execution logs
[2024-08-16T09:43:42.026+0000] {taskinstance.py:2076} INFO - Dependencies all met for dep_context=non-requeueable deps ti=<TaskInstance: Weather_Data_Extraction.sleep_for_10_seconds backfill__2024-08-12T00:00:00+00:00 [queued]>
[2024-08-16T09:43:42.035+0000] {taskinstance.py:2076} INFO - Dependencies all met for dep_context=requeueable deps ti=<TaskInstance: Weather_Data_Extraction.sleep_for_10_seconds backfill__2024-08-12T00:00:00+00:00 [queued]>
[2024-08-16T09:43:42.035+0000] {taskinstance.py:2306} INFO - Starting attempt 1 of 1
[2024-08-16T09:43:42.050+0000] {taskinstance.py:2330} INFO - Executing <Task(BashOperator): sleep_for_10_seconds> on 2024-08-12 00:00:00+00:00
[2024-08-16T09:43:42.057+0000] {warnings.py:112} WARNING - /home/***/.local/lib/python3.12/site-packages/***/task/task_runner/standard_task_runner.py:61: DeprecationWarning: This process (pid=1456) is multi-threaded, use of fork() may lead to deadlocks in the child.
  pid = os.fork()

[2024-08-16T09:43:42.059+0000] {standard_task_runner.py:63} INFO - Started process 1458 to run task
[2024-08-16T09:43:42.059+0000] {standard_task_runner.py:90} INFO - Running: ['***', 'tasks', 'run', 'Weather_Data_Extraction', 'sleep_for_10_seconds', 'backfill__2024-08-12T00:00:00+00:00', '--job-id', '1170', '--pool', 'default_pool', '--raw', '--subdir', 'DAGS_FOLDER/Data_Weather_Extraction.py', '--cfg-path', '/tmp/tmpn4_85nzj']
[2024-08-16T09:43:42.062+0000] {standard_task_runner.py:91} INFO - Job 1170: Subtask sleep_for_10_seconds
[2024-08-16T09:43:42.108+0000] {task_command.py:426} INFO - Running <TaskInstance: Weather_Data_Extraction.sleep_for_10_seconds backfill__2024-08-12T00:00:00+00:00 [running]> on host ubuntu
[2024-08-16T09:43:42.192+0000] {taskinstance.py:2648} INFO - Exporting env vars: AIRFLOW_CTX_DAG_OWNER='Ducky' AIRFLOW_CTX_DAG_ID='Weather_Data_Extraction' AIRFLOW_CTX_TASK_ID='sleep_for_10_seconds' AIRFLOW_CTX_EXECUTION_DATE='2024-08-12T00:00:00+00:00' AIRFLOW_CTX_TRY_NUMBER='1' AIRFLOW_CTX_DAG_RUN_ID='backfill__2024-08-12T00:00:00+00:00'
[2024-08-16T09:43:42.194+0000] {taskinstance.py:430} INFO - ::endgroup::
[2024-08-16T09:43:42.211+0000] {subprocess.py:63} INFO - Tmp dir root location: /tmp
[2024-08-16T09:43:42.213+0000] {subprocess.py:75} INFO - Running command: ['/usr/bin/bash', '-c', 'sleep 10']
[2024-08-16T09:43:42.226+0000] {subprocess.py:86} INFO - Output:
[2024-08-16T09:43:52.230+0000] {subprocess.py:97} INFO - Command exited with return code 0
[2024-08-16T09:43:52.232+0000] {taskinstance.py:441} INFO - ::group::Post task execution logs
[2024-08-16T09:43:52.267+0000] {taskinstance.py:1206} INFO - Marking task as SUCCESS. dag_id=Weather_Data_Extraction, task_id=sleep_for_10_seconds, run_id=backfill__2024-08-12T00:00:00+00:00, execution_date=20240812T000000, start_date=20240816T094342, end_date=20240816T094352
[2024-08-16T09:43:52.298+0000] {local_task_job_runner.py:240} INFO - Task exited with return code 0
[2024-08-16T09:43:52.347+0000] {taskinstance.py:3503} INFO - 1 downstream tasks scheduled from follow-on schedule check
[2024-08-16T09:43:52.352+0000] {local_task_job_runner.py:222} INFO - ::endgroup::
[2024-08-16T10:07:15.232+0000] {local_task_job_runner.py:120} INFO - ::group::Pre task execution logs
[2024-08-16T10:07:15.395+0000] {taskinstance.py:2076} INFO - Dependencies all met for dep_context=non-requeueable deps ti=<TaskInstance: Weather_Data_Extraction.sleep_for_10_seconds backfill__2024-08-12T00:00:00+00:00 [queued]>
[2024-08-16T10:07:15.402+0000] {taskinstance.py:2076} INFO - Dependencies all met for dep_context=requeueable deps ti=<TaskInstance: Weather_Data_Extraction.sleep_for_10_seconds backfill__2024-08-12T00:00:00+00:00 [queued]>
[2024-08-16T10:07:15.403+0000] {taskinstance.py:2306} INFO - Starting attempt 1 of 1
[2024-08-16T10:07:15.416+0000] {taskinstance.py:2330} INFO - Executing <Task(BashOperator): sleep_for_10_seconds> on 2024-08-12 00:00:00+00:00
[2024-08-16T10:07:15.424+0000] {warnings.py:112} WARNING - /home/***/.local/lib/python3.12/site-packages/***/task/task_runner/standard_task_runner.py:61: DeprecationWarning: This process (pid=2214) is multi-threaded, use of fork() may lead to deadlocks in the child.
  pid = os.fork()

[2024-08-16T10:07:15.426+0000] {standard_task_runner.py:63} INFO - Started process 2223 to run task
[2024-08-16T10:07:15.426+0000] {standard_task_runner.py:90} INFO - Running: ['***', 'tasks', 'run', 'Weather_Data_Extraction', 'sleep_for_10_seconds', 'backfill__2024-08-12T00:00:00+00:00', '--job-id', '1255', '--pool', 'default_pool', '--raw', '--subdir', 'DAGS_FOLDER/Data_Weather_Extraction.py', '--cfg-path', '/tmp/tmp2860trir']
[2024-08-16T10:07:15.429+0000] {standard_task_runner.py:91} INFO - Job 1255: Subtask sleep_for_10_seconds
[2024-08-16T10:07:15.481+0000] {task_command.py:426} INFO - Running <TaskInstance: Weather_Data_Extraction.sleep_for_10_seconds backfill__2024-08-12T00:00:00+00:00 [running]> on host ubuntu
[2024-08-16T10:07:15.577+0000] {taskinstance.py:2648} INFO - Exporting env vars: AIRFLOW_CTX_DAG_OWNER='Ducky' AIRFLOW_CTX_DAG_ID='Weather_Data_Extraction' AIRFLOW_CTX_TASK_ID='sleep_for_10_seconds' AIRFLOW_CTX_EXECUTION_DATE='2024-08-12T00:00:00+00:00' AIRFLOW_CTX_TRY_NUMBER='1' AIRFLOW_CTX_DAG_RUN_ID='backfill__2024-08-12T00:00:00+00:00'
[2024-08-16T10:07:15.578+0000] {taskinstance.py:430} INFO - ::endgroup::
[2024-08-16T10:07:15.591+0000] {subprocess.py:63} INFO - Tmp dir root location: /tmp
[2024-08-16T10:07:15.592+0000] {subprocess.py:75} INFO - Running command: ['/usr/bin/bash', '-c', 'sleep 10']
[2024-08-16T10:07:15.603+0000] {subprocess.py:86} INFO - Output:
[2024-08-16T10:07:25.607+0000] {subprocess.py:97} INFO - Command exited with return code 0
[2024-08-16T10:07:25.609+0000] {taskinstance.py:441} INFO - ::group::Post task execution logs
[2024-08-16T10:07:25.650+0000] {taskinstance.py:1206} INFO - Marking task as SUCCESS. dag_id=Weather_Data_Extraction, task_id=sleep_for_10_seconds, run_id=backfill__2024-08-12T00:00:00+00:00, execution_date=20240812T000000, start_date=20240816T100715, end_date=20240816T100725
[2024-08-16T10:07:25.680+0000] {local_task_job_runner.py:240} INFO - Task exited with return code 0
[2024-08-16T10:07:25.708+0000] {taskinstance.py:3503} INFO - 1 downstream tasks scheduled from follow-on schedule check
[2024-08-16T10:07:25.711+0000] {local_task_job_runner.py:222} INFO - ::endgroup::
