[2024-08-19T03:16:27.068+0000] {local_task_job_runner.py:120} INFO - ::group::Pre task execution logs
[2024-08-19T03:16:27.198+0000] {taskinstance.py:2076} INFO - Dependencies all met for dep_context=non-requeueable deps ti=<TaskInstance: Weather_Data_Extraction.sleep_for_10_seconds backfill__2024-08-16T00:00:00+00:00 [queued]>
[2024-08-19T03:16:27.206+0000] {taskinstance.py:2076} INFO - Dependencies all met for dep_context=requeueable deps ti=<TaskInstance: Weather_Data_Extraction.sleep_for_10_seconds backfill__2024-08-16T00:00:00+00:00 [queued]>
[2024-08-19T03:16:27.206+0000] {taskinstance.py:2306} INFO - Starting attempt 1 of 1
[2024-08-19T03:16:27.218+0000] {taskinstance.py:2330} INFO - Executing <Task(BashOperator): sleep_for_10_seconds> on 2024-08-16 00:00:00+00:00
[2024-08-19T03:16:27.224+0000] {warnings.py:112} WARNING - /home/***/.local/lib/python3.12/site-packages/***/task/task_runner/standard_task_runner.py:61: DeprecationWarning: This process (pid=167) is multi-threaded, use of fork() may lead to deadlocks in the child.
  pid = os.fork()

[2024-08-19T03:16:27.225+0000] {standard_task_runner.py:63} INFO - Started process 169 to run task
[2024-08-19T03:16:27.226+0000] {standard_task_runner.py:90} INFO - Running: ['***', 'tasks', 'run', 'Weather_Data_Extraction', 'sleep_for_10_seconds', 'backfill__2024-08-16T00:00:00+00:00', '--job-id', '1311', '--pool', 'default_pool', '--raw', '--subdir', 'DAGS_FOLDER/Data_Weather_Extraction.py', '--cfg-path', '/tmp/tmpm5uv11i_']
[2024-08-19T03:16:27.228+0000] {standard_task_runner.py:91} INFO - Job 1311: Subtask sleep_for_10_seconds
[2024-08-19T03:16:27.275+0000] {task_command.py:426} INFO - Running <TaskInstance: Weather_Data_Extraction.sleep_for_10_seconds backfill__2024-08-16T00:00:00+00:00 [running]> on host ubuntu
[2024-08-19T03:16:27.357+0000] {taskinstance.py:2648} INFO - Exporting env vars: AIRFLOW_CTX_DAG_OWNER='Ducky' AIRFLOW_CTX_DAG_ID='Weather_Data_Extraction' AIRFLOW_CTX_TASK_ID='sleep_for_10_seconds' AIRFLOW_CTX_EXECUTION_DATE='2024-08-16T00:00:00+00:00' AIRFLOW_CTX_TRY_NUMBER='1' AIRFLOW_CTX_DAG_RUN_ID='backfill__2024-08-16T00:00:00+00:00'
[2024-08-19T03:16:27.360+0000] {taskinstance.py:430} INFO - ::endgroup::
[2024-08-19T03:16:27.383+0000] {subprocess.py:63} INFO - Tmp dir root location: /tmp
[2024-08-19T03:16:27.385+0000] {subprocess.py:75} INFO - Running command: ['/usr/bin/bash', '-c', 'sleep 10']
[2024-08-19T03:16:27.404+0000] {subprocess.py:86} INFO - Output:
[2024-08-19T03:16:37.411+0000] {subprocess.py:97} INFO - Command exited with return code 0
[2024-08-19T03:16:37.413+0000] {taskinstance.py:441} INFO - ::group::Post task execution logs
[2024-08-19T03:16:37.459+0000] {taskinstance.py:1206} INFO - Marking task as SUCCESS. dag_id=Weather_Data_Extraction, task_id=sleep_for_10_seconds, run_id=backfill__2024-08-16T00:00:00+00:00, execution_date=20240816T000000, start_date=20240819T031627, end_date=20240819T031637
[2024-08-19T03:16:37.500+0000] {local_task_job_runner.py:240} INFO - Task exited with return code 0
[2024-08-19T03:16:37.541+0000] {taskinstance.py:3503} INFO - 1 downstream tasks scheduled from follow-on schedule check
[2024-08-19T03:16:37.545+0000] {local_task_job_runner.py:222} INFO - ::endgroup::
