[2024-08-13T16:08:29.776+0000] {local_task_job_runner.py:120} INFO - ::group::Pre task execution logs
[2024-08-13T16:08:29.825+0000] {taskinstance.py:2076} INFO - Dependencies all met for dep_context=non-requeueable deps ti=<TaskInstance: Weather_Data_Extraction.generate_output_file backfill__2024-01-26T00:00:00+00:00 [queued]>
[2024-08-13T16:08:29.862+0000] {taskinstance.py:2076} INFO - Dependencies all met for dep_context=requeueable deps ti=<TaskInstance: Weather_Data_Extraction.generate_output_file backfill__2024-01-26T00:00:00+00:00 [queued]>
[2024-08-13T16:08:29.866+0000] {taskinstance.py:2306} INFO - Starting attempt 1 of 1
[2024-08-13T16:08:30.363+0000] {taskinstance.py:2330} INFO - Executing <Task(PythonOperator): generate_output_file> on 2024-01-26 00:00:00+00:00
[2024-08-13T16:08:30.458+0000] {warnings.py:112} WARNING - /home/***/.local/lib/python3.12/site-packages/***/task/task_runner/standard_task_runner.py:61: DeprecationWarning: This process (pid=854) is multi-threaded, use of fork() may lead to deadlocks in the child.
  pid = os.fork()

[2024-08-13T16:08:30.500+0000] {standard_task_runner.py:63} INFO - Started process 869 to run task
[2024-08-13T16:08:30.496+0000] {standard_task_runner.py:90} INFO - Running: ['***', 'tasks', 'run', 'Weather_Data_Extraction', 'generate_output_file', 'backfill__2024-01-26T00:00:00+00:00', '--job-id', '133', '--pool', 'default_pool', '--raw', '--subdir', 'DAGS_FOLDER/Data_Weather_Extraction.py', '--cfg-path', '/tmp/tmp538mrxi7']
[2024-08-13T16:08:30.531+0000] {standard_task_runner.py:91} INFO - Job 133: Subtask generate_output_file
[2024-08-13T16:08:30.657+0000] {warnings.py:112} WARNING - /home/***/.local/lib/python3.12/site-packages/***/settings.py:195: DeprecationWarning: The sql_alchemy_conn option in [core] has been moved to the sql_alchemy_conn option in [database] - the old setting has been used, but please update your config.
  SQL_ALCHEMY_CONN = conf.get("database", "SQL_ALCHEMY_CONN")

[2024-08-13T16:08:31.018+0000] {task_command.py:426} INFO - Running <TaskInstance: Weather_Data_Extraction.generate_output_file backfill__2024-01-26T00:00:00+00:00 [running]> on host ubuntu
[2024-08-13T16:08:32.430+0000] {taskinstance.py:2648} INFO - Exporting env vars: AIRFLOW_CTX_DAG_OWNER='Ducky' AIRFLOW_CTX_DAG_ID='Weather_Data_Extraction' AIRFLOW_CTX_TASK_ID='generate_output_file' AIRFLOW_CTX_EXECUTION_DATE='2024-01-26T00:00:00+00:00' AIRFLOW_CTX_TRY_NUMBER='1' AIRFLOW_CTX_DAG_RUN_ID='backfill__2024-01-26T00:00:00+00:00'
[2024-08-13T16:08:32.475+0000] {taskinstance.py:430} INFO - ::endgroup::
[2024-08-13T16:08:32.548+0000] {logging_mixin.py:188} INFO - Generated output file: Data_Weather-20240126.csv
[2024-08-13T16:08:32.549+0000] {logging_mixin.py:188} INFO - Execution Date: 2024/01/26
[2024-08-13T16:08:32.630+0000] {python.py:237} INFO - Done. Returned value was: None
[2024-08-13T16:08:32.637+0000] {taskinstance.py:441} INFO - ::group::Post task execution logs
[2024-08-13T16:08:32.675+0000] {taskinstance.py:1206} INFO - Marking task as SUCCESS. dag_id=Weather_Data_Extraction, task_id=generate_output_file, run_id=backfill__2024-01-26T00:00:00+00:00, execution_date=20240126T000000, start_date=20240813T160829, end_date=20240813T160832
[2024-08-13T16:08:32.783+0000] {local_task_job_runner.py:240} INFO - Task exited with return code 0
[2024-08-13T16:08:32.927+0000] {taskinstance.py:3503} INFO - 1 downstream tasks scheduled from follow-on schedule check
[2024-08-13T16:08:32.931+0000] {local_task_job_runner.py:222} INFO - ::endgroup::
[2024-08-14T03:21:10.767+0000] {local_task_job_runner.py:120} INFO - ::group::Pre task execution logs
[2024-08-14T03:21:10.784+0000] {taskinstance.py:2076} INFO - Dependencies all met for dep_context=non-requeueable deps ti=<TaskInstance: Weather_Data_Extraction.generate_output_file backfill__2024-01-26T00:00:00+00:00 [queued]>
[2024-08-14T03:21:10.927+0000] {taskinstance.py:2076} INFO - Dependencies all met for dep_context=requeueable deps ti=<TaskInstance: Weather_Data_Extraction.generate_output_file backfill__2024-01-26T00:00:00+00:00 [queued]>
[2024-08-14T03:21:10.928+0000] {taskinstance.py:2306} INFO - Starting attempt 1 of 1
[2024-08-14T03:21:10.943+0000] {taskinstance.py:2330} INFO - Executing <Task(PythonOperator): generate_output_file> on 2024-01-26 00:00:00+00:00
[2024-08-14T03:21:10.950+0000] {warnings.py:112} WARNING - /home/***/.local/lib/python3.12/site-packages/***/task/task_runner/standard_task_runner.py:61: DeprecationWarning: This process (pid=1089) is multi-threaded, use of fork() may lead to deadlocks in the child.
  pid = os.fork()

[2024-08-14T03:21:10.952+0000] {standard_task_runner.py:63} INFO - Started process 1091 to run task
[2024-08-14T03:21:10.952+0000] {standard_task_runner.py:90} INFO - Running: ['***', 'tasks', 'run', 'Weather_Data_Extraction', 'generate_output_file', 'backfill__2024-01-26T00:00:00+00:00', '--job-id', '449', '--pool', 'default_pool', '--raw', '--subdir', 'DAGS_FOLDER/Data_Weather_Extraction.py', '--cfg-path', '/tmp/tmpy5rngqlu']
[2024-08-14T03:21:10.955+0000] {standard_task_runner.py:91} INFO - Job 449: Subtask generate_output_file
[2024-08-14T03:21:11.018+0000] {task_command.py:426} INFO - Running <TaskInstance: Weather_Data_Extraction.generate_output_file backfill__2024-01-26T00:00:00+00:00 [running]> on host ubuntu
[2024-08-14T03:21:11.149+0000] {taskinstance.py:2648} INFO - Exporting env vars: AIRFLOW_CTX_DAG_OWNER='Ducky' AIRFLOW_CTX_DAG_ID='Weather_Data_Extraction' AIRFLOW_CTX_TASK_ID='generate_output_file' AIRFLOW_CTX_EXECUTION_DATE='2024-01-26T00:00:00+00:00' AIRFLOW_CTX_TRY_NUMBER='1' AIRFLOW_CTX_DAG_RUN_ID='backfill__2024-01-26T00:00:00+00:00'
[2024-08-14T03:21:11.151+0000] {taskinstance.py:430} INFO - ::endgroup::
[2024-08-14T03:21:11.168+0000] {logging_mixin.py:188} INFO - Generated output file: Data_Weather-20240126.csv
[2024-08-14T03:21:11.169+0000] {logging_mixin.py:188} INFO - Execution Date: 2024/01/26
[2024-08-14T03:21:11.194+0000] {python.py:237} INFO - Done. Returned value was: None
[2024-08-14T03:21:11.195+0000] {taskinstance.py:441} INFO - ::group::Post task execution logs
[2024-08-14T03:21:11.208+0000] {taskinstance.py:1206} INFO - Marking task as SUCCESS. dag_id=Weather_Data_Extraction, task_id=generate_output_file, run_id=backfill__2024-01-26T00:00:00+00:00, execution_date=20240126T000000, start_date=20240814T032110, end_date=20240814T032111
[2024-08-14T03:21:11.248+0000] {local_task_job_runner.py:240} INFO - Task exited with return code 0
[2024-08-14T03:21:11.288+0000] {taskinstance.py:3503} INFO - 1 downstream tasks scheduled from follow-on schedule check
[2024-08-14T03:21:11.292+0000] {local_task_job_runner.py:222} INFO - ::endgroup::
