[2024-08-09T08:07:30.288+0000] {local_task_job_runner.py:120} INFO - ::group::Pre task execution logs
[2024-08-09T08:07:30.370+0000] {taskinstance.py:2076} INFO - Dependencies all met for dep_context=non-requeueable deps ti=<TaskInstance: dbt_dag.fct_weather_data.run manual__2024-08-09T08:00:42.008960+00:00 [queued]>
[2024-08-09T08:07:30.413+0000] {taskinstance.py:2076} INFO - Dependencies all met for dep_context=requeueable deps ti=<TaskInstance: dbt_dag.fct_weather_data.run manual__2024-08-09T08:00:42.008960+00:00 [queued]>
[2024-08-09T08:07:30.420+0000] {taskinstance.py:2306} INFO - Starting attempt 1 of 1
[2024-08-09T08:07:30.495+0000] {taskinstance.py:2330} INFO - Executing <Task(DbtRunLocalOperator): fct_weather_data.run> on 2024-08-09 08:00:42.008960+00:00
[2024-08-09T08:07:30.566+0000] {warnings.py:112} WARNING - /home/***/.local/lib/python3.12/site-packages/***/task/task_runner/standard_task_runner.py:61: DeprecationWarning: This process (pid=274) is multi-threaded, use of fork() may lead to deadlocks in the child.
  pid = os.fork()

[2024-08-09T08:07:30.576+0000] {standard_task_runner.py:63} INFO - Started process 280 to run task
[2024-08-09T08:07:30.591+0000] {standard_task_runner.py:90} INFO - Running: ['***', 'tasks', 'run', 'dbt_dag', 'fct_weather_data.run', 'manual__2024-08-09T08:00:42.008960+00:00', '--job-id', '28', '--raw', '--subdir', 'DAGS_FOLDER/dbt.py', '--cfg-path', '/tmp/tmpbtbw2cur']
[2024-08-09T08:07:30.622+0000] {standard_task_runner.py:91} INFO - Job 28: Subtask fct_weather_data.run
[2024-08-09T08:07:30.714+0000] {warnings.py:112} WARNING - /home/***/.local/lib/python3.12/site-packages/***/settings.py:195: DeprecationWarning: The sql_alchemy_conn option in [core] has been moved to the sql_alchemy_conn option in [database] - the old setting has been used, but please update your config.
  SQL_ALCHEMY_CONN = conf.get("database", "SQL_ALCHEMY_CONN")

[2024-08-09T08:07:31.066+0000] {task_command.py:426} INFO - Running <TaskInstance: dbt_dag.fct_weather_data.run manual__2024-08-09T08:00:42.008960+00:00 [running]> on host ubuntu
[2024-08-09T08:07:31.731+0000] {taskinstance.py:2648} INFO - Exporting env vars: AIRFLOW_CTX_DAG_OWNER='***' AIRFLOW_CTX_DAG_ID='dbt_dag' AIRFLOW_CTX_TASK_ID='fct_weather_data.run' AIRFLOW_CTX_EXECUTION_DATE='2024-08-09T08:00:42.008960+00:00' AIRFLOW_CTX_TRY_NUMBER='1' AIRFLOW_CTX_DAG_RUN_ID='manual__2024-08-09T08:00:42.008960+00:00'
[2024-08-09T08:07:31.734+0000] {taskinstance.py:430} INFO - ::endgroup::
[2024-08-09T08:07:31.804+0000] {log.py:232} WARNING - [[34m2024-08-09T08:07:31.803+0000[0m] {[34mgraph.py:[0m377} INFO[0m - [35m(astronomer-cosmos)[0m - Trying to parse the dbt project using dbt ls cache cosmos_cache__dbt_dag...[0m
[2024-08-09T08:07:31.804+0000] {log.py:232} WARNING - [[34m2024-08-09T08:07:31.803+0000[0m] {[34mgraph.py:[0m377} INFO[0m - [35m(astronomer-cosmos)[0m - Trying to parse the dbt project using dbt ls cache cosmos_cache__dbt_dag...[0m
[2024-08-09T08:07:31.803+0000] {graph.py:377} INFO - Trying to parse the dbt project using dbt ls cache cosmos_cache__dbt_dag...
[2024-08-09T08:07:31.863+0000] {log.py:232} WARNING - [[34m2024-08-09T08:07:31.862+0000[0m] {[34mcache.py:[0m262} INFO[0m - [35m(astronomer-cosmos)[0m - Cosmos performance: time to calculate cache identifier cosmos_cache__dbt_dag for current version: 0.027424596999935602[0m
[2024-08-09T08:07:31.863+0000] {log.py:232} WARNING - [[34m2024-08-09T08:07:31.862+0000[0m] {[34mcache.py:[0m262} INFO[0m - [35m(astronomer-cosmos)[0m - Cosmos performance: time to calculate cache identifier cosmos_cache__dbt_dag for current version: 0.027424596999935602[0m
[2024-08-09T08:07:31.862+0000] {cache.py:262} INFO - Cosmos performance: time to calculate cache identifier cosmos_cache__dbt_dag for current version: 0.027424596999935602
[2024-08-09T08:07:31.868+0000] {log.py:232} WARNING - [[34m2024-08-09T08:07:31.868+0000[0m] {[34mgraph.py:[0m394} INFO[0m - [35m(astronomer-cosmos)[0m - Cosmos performance [ubuntu|280]: The cache size for cosmos_cache__dbt_dag is 14843[0m
[2024-08-09T08:07:31.869+0000] {log.py:232} WARNING - [[34m2024-08-09T08:07:31.868+0000[0m] {[34mgraph.py:[0m394} INFO[0m - [35m(astronomer-cosmos)[0m - Cosmos performance [ubuntu|280]: The cache size for cosmos_cache__dbt_dag is 14843[0m
[2024-08-09T08:07:31.868+0000] {graph.py:394} INFO - Cosmos performance [ubuntu|280]: The cache size for cosmos_cache__dbt_dag is 14843
[2024-08-09T08:07:31.881+0000] {log.py:232} WARNING - [[34m2024-08-09T08:07:31.881+0000[0m] {[34mgraph.py:[0m402} INFO[0m - [35m(astronomer-cosmos)[0m - Cosmos performance: Cache hit for cosmos_cache__dbt_dag - f0894e22ca1fc514beb9335fa3aa34e2,d41d8cd98f00b204e9800998ecf8427e[0m
[2024-08-09T08:07:31.882+0000] {log.py:232} WARNING - [[34m2024-08-09T08:07:31.881+0000[0m] {[34mgraph.py:[0m402} INFO[0m - [35m(astronomer-cosmos)[0m - Cosmos performance: Cache hit for cosmos_cache__dbt_dag - f0894e22ca1fc514beb9335fa3aa34e2,d41d8cd98f00b204e9800998ecf8427e[0m
[2024-08-09T08:07:31.881+0000] {graph.py:402} INFO - Cosmos performance: Cache hit for cosmos_cache__dbt_dag - f0894e22ca1fc514beb9335fa3aa34e2,d41d8cd98f00b204e9800998ecf8427e
[2024-08-09T08:07:31.882+0000] {log.py:232} WARNING - [[34m2024-08-09T08:07:31.882+0000[0m] {[34mgraph.py:[0m335} INFO[0m - [35m(astronomer-cosmos)[0m - Total nodes: 19[0m
[2024-08-09T08:07:31.892+0000] {log.py:232} WARNING - [[34m2024-08-09T08:07:31.882+0000[0m] {[34mgraph.py:[0m335} INFO[0m - [35m(astronomer-cosmos)[0m - Total nodes: 19[0m
[2024-08-09T08:07:31.882+0000] {graph.py:335} INFO - Total nodes: 19
[2024-08-09T08:07:31.893+0000] {log.py:232} WARNING - [[34m2024-08-09T08:07:31.892+0000[0m] {[34mgraph.py:[0m336} INFO[0m - [35m(astronomer-cosmos)[0m - Total filtered nodes: 19[0m
[2024-08-09T08:07:31.893+0000] {log.py:232} WARNING - [[34m2024-08-09T08:07:31.892+0000[0m] {[34mgraph.py:[0m336} INFO[0m - [35m(astronomer-cosmos)[0m - Total filtered nodes: 19[0m
[2024-08-09T08:07:31.892+0000] {graph.py:336} INFO - Total filtered nodes: 19
[2024-08-09T08:07:31.910+0000] {log.py:232} WARNING - [[34m2024-08-09T08:07:31.909+0000[0m] {[34mconverter.py:[0m251} INFO[0m - [35m(astronomer-cosmos)[0m - Cosmos performance (dbt_dag) -  [ubuntu|280]: It took 0.106s to parse the dbt project for DAG using LoadMode.DBT_LS_CACHE[0m
[2024-08-09T08:07:31.910+0000] {log.py:232} WARNING - [[34m2024-08-09T08:07:31.909+0000[0m] {[34mconverter.py:[0m251} INFO[0m - [35m(astronomer-cosmos)[0m - Cosmos performance (dbt_dag) -  [ubuntu|280]: It took 0.106s to parse the dbt project for DAG using LoadMode.DBT_LS_CACHE[0m
[2024-08-09T08:07:31.909+0000] {converter.py:251} INFO - Cosmos performance (dbt_dag) -  [ubuntu|280]: It took 0.106s to parse the dbt project for DAG using LoadMode.DBT_LS_CACHE
[2024-08-09T08:07:31.919+0000] {log.py:232} WARNING - [[34m2024-08-09T08:07:31.919+0000[0m] {[34mproject.py:[0m35} INFO[0m - [35m(astronomer-cosmos)[0m - Project /usr/local/***/dags/Data_Marketplace does not have {'packages.yml', 'dependencies.yml'}[0m
[2024-08-09T08:07:31.922+0000] {log.py:232} WARNING - [[34m2024-08-09T08:07:31.919+0000[0m] {[34mproject.py:[0m35} INFO[0m - [35m(astronomer-cosmos)[0m - Project /usr/local/***/dags/Data_Marketplace does not have {'packages.yml', 'dependencies.yml'}[0m
[2024-08-09T08:07:31.919+0000] {project.py:35} INFO - Project /usr/local/***/dags/Data_Marketplace does not have {'packages.yml', 'dependencies.yml'}
[2024-08-09T08:07:31.929+0000] {log.py:232} WARNING - [[34m2024-08-09T08:07:31.929+0000[0m] {[34mproject.py:[0m35} INFO[0m - [35m(astronomer-cosmos)[0m - Project /usr/local/***/dags/Data_Marketplace does not have {'packages.yml', 'dependencies.yml'}[0m
[2024-08-09T08:07:31.929+0000] {log.py:232} WARNING - [[34m2024-08-09T08:07:31.929+0000[0m] {[34mproject.py:[0m35} INFO[0m - [35m(astronomer-cosmos)[0m - Project /usr/local/***/dags/Data_Marketplace does not have {'packages.yml', 'dependencies.yml'}[0m
[2024-08-09T08:07:31.929+0000] {project.py:35} INFO - Project /usr/local/***/dags/Data_Marketplace does not have {'packages.yml', 'dependencies.yml'}
[2024-08-09T08:07:31.944+0000] {log.py:232} WARNING - [[34m2024-08-09T08:07:31.944+0000[0m] {[34mproject.py:[0m35} INFO[0m - [35m(astronomer-cosmos)[0m - Project /usr/local/***/dags/Data_Marketplace does not have {'packages.yml', 'dependencies.yml'}[0m
[2024-08-09T08:07:31.949+0000] {log.py:232} WARNING - [[34m2024-08-09T08:07:31.944+0000[0m] {[34mproject.py:[0m35} INFO[0m - [35m(astronomer-cosmos)[0m - Project /usr/local/***/dags/Data_Marketplace does not have {'packages.yml', 'dependencies.yml'}[0m
[2024-08-09T08:07:31.944+0000] {project.py:35} INFO - Project /usr/local/***/dags/Data_Marketplace does not have {'packages.yml', 'dependencies.yml'}
[2024-08-09T08:07:31.950+0000] {log.py:232} WARNING - [[34m2024-08-09T08:07:31.950+0000[0m] {[34mproject.py:[0m35} INFO[0m - [35m(astronomer-cosmos)[0m - Project /usr/local/***/dags/Data_Marketplace does not have {'packages.yml', 'dependencies.yml'}[0m
[2024-08-09T08:07:31.954+0000] {log.py:232} WARNING - [[34m2024-08-09T08:07:31.950+0000[0m] {[34mproject.py:[0m35} INFO[0m - [35m(astronomer-cosmos)[0m - Project /usr/local/***/dags/Data_Marketplace does not have {'packages.yml', 'dependencies.yml'}[0m
[2024-08-09T08:07:31.950+0000] {project.py:35} INFO - Project /usr/local/***/dags/Data_Marketplace does not have {'packages.yml', 'dependencies.yml'}
[2024-08-09T08:07:31.958+0000] {log.py:232} WARNING - [[34m2024-08-09T08:07:31.955+0000[0m] {[34mproject.py:[0m35} INFO[0m - [35m(astronomer-cosmos)[0m - Project /usr/local/***/dags/Data_Marketplace does not have {'packages.yml', 'dependencies.yml'}[0m
[2024-08-09T08:07:31.959+0000] {log.py:232} WARNING - [[34m2024-08-09T08:07:31.955+0000[0m] {[34mproject.py:[0m35} INFO[0m - [35m(astronomer-cosmos)[0m - Project /usr/local/***/dags/Data_Marketplace does not have {'packages.yml', 'dependencies.yml'}[0m
[2024-08-09T08:07:31.955+0000] {project.py:35} INFO - Project /usr/local/***/dags/Data_Marketplace does not have {'packages.yml', 'dependencies.yml'}
[2024-08-09T08:07:31.963+0000] {log.py:232} WARNING - [[34m2024-08-09T08:07:31.963+0000[0m] {[34mproject.py:[0m35} INFO[0m - [35m(astronomer-cosmos)[0m - Project /usr/local/***/dags/Data_Marketplace does not have {'packages.yml', 'dependencies.yml'}[0m
[2024-08-09T08:07:31.963+0000] {log.py:232} WARNING - [[34m2024-08-09T08:07:31.963+0000[0m] {[34mproject.py:[0m35} INFO[0m - [35m(astronomer-cosmos)[0m - Project /usr/local/***/dags/Data_Marketplace does not have {'packages.yml', 'dependencies.yml'}[0m
[2024-08-09T08:07:31.963+0000] {project.py:35} INFO - Project /usr/local/***/dags/Data_Marketplace does not have {'packages.yml', 'dependencies.yml'}
[2024-08-09T08:07:31.973+0000] {log.py:232} WARNING - [[34m2024-08-09T08:07:31.973+0000[0m] {[34mproject.py:[0m35} INFO[0m - [35m(astronomer-cosmos)[0m - Project /usr/local/***/dags/Data_Marketplace does not have {'packages.yml', 'dependencies.yml'}[0m
[2024-08-09T08:07:31.973+0000] {log.py:232} WARNING - [[34m2024-08-09T08:07:31.973+0000[0m] {[34mproject.py:[0m35} INFO[0m - [35m(astronomer-cosmos)[0m - Project /usr/local/***/dags/Data_Marketplace does not have {'packages.yml', 'dependencies.yml'}[0m
[2024-08-09T08:07:31.973+0000] {project.py:35} INFO - Project /usr/local/***/dags/Data_Marketplace does not have {'packages.yml', 'dependencies.yml'}
[2024-08-09T08:07:31.979+0000] {log.py:232} WARNING - [[34m2024-08-09T08:07:31.976+0000[0m] {[34mproject.py:[0m35} INFO[0m - [35m(astronomer-cosmos)[0m - Project /usr/local/***/dags/Data_Marketplace does not have {'packages.yml', 'dependencies.yml'}[0m
[2024-08-09T08:07:31.979+0000] {log.py:232} WARNING - [[34m2024-08-09T08:07:31.976+0000[0m] {[34mproject.py:[0m35} INFO[0m - [35m(astronomer-cosmos)[0m - Project /usr/local/***/dags/Data_Marketplace does not have {'packages.yml', 'dependencies.yml'}[0m
[2024-08-09T08:07:31.976+0000] {project.py:35} INFO - Project /usr/local/***/dags/Data_Marketplace does not have {'packages.yml', 'dependencies.yml'}
[2024-08-09T08:07:31.984+0000] {log.py:232} WARNING - [[34m2024-08-09T08:07:31.984+0000[0m] {[34mproject.py:[0m35} INFO[0m - [35m(astronomer-cosmos)[0m - Project /usr/local/***/dags/Data_Marketplace does not have {'packages.yml', 'dependencies.yml'}[0m
[2024-08-09T08:07:31.985+0000] {log.py:232} WARNING - [[34m2024-08-09T08:07:31.984+0000[0m] {[34mproject.py:[0m35} INFO[0m - [35m(astronomer-cosmos)[0m - Project /usr/local/***/dags/Data_Marketplace does not have {'packages.yml', 'dependencies.yml'}[0m
[2024-08-09T08:07:31.984+0000] {project.py:35} INFO - Project /usr/local/***/dags/Data_Marketplace does not have {'packages.yml', 'dependencies.yml'}
[2024-08-09T08:07:31.989+0000] {log.py:232} WARNING - [[34m2024-08-09T08:07:31.989+0000[0m] {[34mproject.py:[0m35} INFO[0m - [35m(astronomer-cosmos)[0m - Project /usr/local/***/dags/Data_Marketplace does not have {'packages.yml', 'dependencies.yml'}[0m
[2024-08-09T08:07:31.990+0000] {log.py:232} WARNING - [[34m2024-08-09T08:07:31.989+0000[0m] {[34mproject.py:[0m35} INFO[0m - [35m(astronomer-cosmos)[0m - Project /usr/local/***/dags/Data_Marketplace does not have {'packages.yml', 'dependencies.yml'}[0m
[2024-08-09T08:07:31.989+0000] {project.py:35} INFO - Project /usr/local/***/dags/Data_Marketplace does not have {'packages.yml', 'dependencies.yml'}
[2024-08-09T08:07:31.996+0000] {log.py:232} WARNING - [[34m2024-08-09T08:07:31.996+0000[0m] {[34mproject.py:[0m35} INFO[0m - [35m(astronomer-cosmos)[0m - Project /usr/local/***/dags/Data_Marketplace does not have {'packages.yml', 'dependencies.yml'}[0m
[2024-08-09T08:07:31.997+0000] {log.py:232} WARNING - [[34m2024-08-09T08:07:31.996+0000[0m] {[34mproject.py:[0m35} INFO[0m - [35m(astronomer-cosmos)[0m - Project /usr/local/***/dags/Data_Marketplace does not have {'packages.yml', 'dependencies.yml'}[0m
[2024-08-09T08:07:31.996+0000] {project.py:35} INFO - Project /usr/local/***/dags/Data_Marketplace does not have {'packages.yml', 'dependencies.yml'}
[2024-08-09T08:07:32.008+0000] {log.py:232} WARNING - [[34m2024-08-09T08:07:32.008+0000[0m] {[34mproject.py:[0m35} INFO[0m - [35m(astronomer-cosmos)[0m - Project /usr/local/***/dags/Data_Marketplace does not have {'packages.yml', 'dependencies.yml'}[0m
[2024-08-09T08:07:32.008+0000] {log.py:232} WARNING - [[34m2024-08-09T08:07:32.008+0000[0m] {[34mproject.py:[0m35} INFO[0m - [35m(astronomer-cosmos)[0m - Project /usr/local/***/dags/Data_Marketplace does not have {'packages.yml', 'dependencies.yml'}[0m
[2024-08-09T08:07:32.008+0000] {project.py:35} INFO - Project /usr/local/***/dags/Data_Marketplace does not have {'packages.yml', 'dependencies.yml'}
[2024-08-09T08:07:32.014+0000] {log.py:232} WARNING - [[34m2024-08-09T08:07:32.014+0000[0m] {[34mproject.py:[0m35} INFO[0m - [35m(astronomer-cosmos)[0m - Project /usr/local/***/dags/Data_Marketplace does not have {'packages.yml', 'dependencies.yml'}[0m
[2024-08-09T08:07:32.014+0000] {log.py:232} WARNING - [[34m2024-08-09T08:07:32.014+0000[0m] {[34mproject.py:[0m35} INFO[0m - [35m(astronomer-cosmos)[0m - Project /usr/local/***/dags/Data_Marketplace does not have {'packages.yml', 'dependencies.yml'}[0m
[2024-08-09T08:07:32.014+0000] {project.py:35} INFO - Project /usr/local/***/dags/Data_Marketplace does not have {'packages.yml', 'dependencies.yml'}
[2024-08-09T08:07:32.025+0000] {log.py:232} WARNING - [[34m2024-08-09T08:07:32.015+0000[0m] {[34mproject.py:[0m35} INFO[0m - [35m(astronomer-cosmos)[0m - Project /usr/local/***/dags/Data_Marketplace does not have {'packages.yml', 'dependencies.yml'}[0m
[2024-08-09T08:07:32.025+0000] {log.py:232} WARNING - [[34m2024-08-09T08:07:32.015+0000[0m] {[34mproject.py:[0m35} INFO[0m - [35m(astronomer-cosmos)[0m - Project /usr/local/***/dags/Data_Marketplace does not have {'packages.yml', 'dependencies.yml'}[0m
[2024-08-09T08:07:32.015+0000] {project.py:35} INFO - Project /usr/local/***/dags/Data_Marketplace does not have {'packages.yml', 'dependencies.yml'}
[2024-08-09T08:07:32.055+0000] {log.py:232} WARNING - [[34m2024-08-09T08:07:32.055+0000[0m] {[34mproject.py:[0m35} INFO[0m - [35m(astronomer-cosmos)[0m - Project /usr/local/***/dags/Data_Marketplace does not have {'packages.yml', 'dependencies.yml'}[0m
[2024-08-09T08:07:32.058+0000] {log.py:232} WARNING - [[34m2024-08-09T08:07:32.055+0000[0m] {[34mproject.py:[0m35} INFO[0m - [35m(astronomer-cosmos)[0m - Project /usr/local/***/dags/Data_Marketplace does not have {'packages.yml', 'dependencies.yml'}[0m
[2024-08-09T08:07:32.055+0000] {project.py:35} INFO - Project /usr/local/***/dags/Data_Marketplace does not have {'packages.yml', 'dependencies.yml'}
[2024-08-09T08:07:32.075+0000] {log.py:232} WARNING - [[34m2024-08-09T08:07:32.058+0000[0m] {[34mgraph.py:[0m173} WARNING[0m - [35m(astronomer-cosmos)[0m - Unavailable conversion function for <DbtResourceType.SOURCE> (node <source.Data_Marketplace.Raw.City>). Define a converter function using render_config.node_converters.[0m
[2024-08-09T08:07:32.075+0000] {log.py:232} WARNING - [[34m2024-08-09T08:07:32.058+0000[0m] {[34mgraph.py:[0m173} WARNING[0m - [35m(astronomer-cosmos)[0m - Unavailable conversion function for <DbtResourceType.SOURCE> (node <source.Data_Marketplace.Raw.City>). Define a converter function using render_config.node_converters.[0m
[2024-08-09T08:07:32.058+0000] {graph.py:173} WARNING - Unavailable conversion function for <DbtResourceType.SOURCE> (node <source.Data_Marketplace.Raw.City>). Define a converter function using render_config.node_converters.
[2024-08-09T08:07:32.076+0000] {log.py:232} WARNING - [[34m2024-08-09T08:07:32.076+0000[0m] {[34mgraph.py:[0m173} WARNING[0m - [35m(astronomer-cosmos)[0m - Unavailable conversion function for <DbtResourceType.SOURCE> (node <source.Data_Marketplace.Raw.Province>). Define a converter function using render_config.node_converters.[0m
[2024-08-09T08:07:32.076+0000] {log.py:232} WARNING - [[34m2024-08-09T08:07:32.076+0000[0m] {[34mgraph.py:[0m173} WARNING[0m - [35m(astronomer-cosmos)[0m - Unavailable conversion function for <DbtResourceType.SOURCE> (node <source.Data_Marketplace.Raw.Province>). Define a converter function using render_config.node_converters.[0m
[2024-08-09T08:07:32.076+0000] {graph.py:173} WARNING - Unavailable conversion function for <DbtResourceType.SOURCE> (node <source.Data_Marketplace.Raw.Province>). Define a converter function using render_config.node_converters.
[2024-08-09T08:07:32.085+0000] {log.py:232} WARNING - [[34m2024-08-09T08:07:32.085+0000[0m] {[34mgraph.py:[0m173} WARNING[0m - [35m(astronomer-cosmos)[0m - Unavailable conversion function for <DbtResourceType.SOURCE> (node <source.Data_Marketplace.Raw.Weather_Data>). Define a converter function using render_config.node_converters.[0m
[2024-08-09T08:07:32.085+0000] {log.py:232} WARNING - [[34m2024-08-09T08:07:32.085+0000[0m] {[34mgraph.py:[0m173} WARNING[0m - [35m(astronomer-cosmos)[0m - Unavailable conversion function for <DbtResourceType.SOURCE> (node <source.Data_Marketplace.Raw.Weather_Data>). Define a converter function using render_config.node_converters.[0m
[2024-08-09T08:07:32.085+0000] {graph.py:173} WARNING - Unavailable conversion function for <DbtResourceType.SOURCE> (node <source.Data_Marketplace.Raw.Weather_Data>). Define a converter function using render_config.node_converters.
[2024-08-09T08:07:32.095+0000] {log.py:232} WARNING - [[34m2024-08-09T08:07:32.095+0000[0m] {[34mconverter.py:[0m293} INFO[0m - [35m(astronomer-cosmos)[0m - Cosmos performance (dbt_dag) - [ubuntu|280]: It took 0.185s to build the Airflow DAG.[0m
[2024-08-09T08:07:32.095+0000] {log.py:232} WARNING - [[34m2024-08-09T08:07:32.095+0000[0m] {[34mconverter.py:[0m293} INFO[0m - [35m(astronomer-cosmos)[0m - Cosmos performance (dbt_dag) - [ubuntu|280]: It took 0.185s to build the Airflow DAG.[0m
[2024-08-09T08:07:32.095+0000] {converter.py:293} INFO - Cosmos performance (dbt_dag) - [ubuntu|280]: It took 0.185s to build the Airflow DAG.
[2024-08-09T08:07:32.096+0000] {log.py:232} WARNING - [[34m2024-08-09T08:07:32.096+0000[0m] {[34mlocal.py:[0m174} INFO[0m - [35m(astronomer-cosmos)[0m - Could not import dbtRunner. Falling back to subprocess for invoking dbt.[0m
[2024-08-09T08:07:32.107+0000] {log.py:232} WARNING - [[34m2024-08-09T08:07:32.096+0000[0m] {[34mlocal.py:[0m174} INFO[0m - [35m(astronomer-cosmos)[0m - Could not import dbtRunner. Falling back to subprocess for invoking dbt.[0m
[2024-08-09T08:07:32.096+0000] {local.py:174} INFO - Could not import dbtRunner. Falling back to subprocess for invoking dbt.
[2024-08-09T08:07:32.111+0000] {log.py:232} WARNING - [[34m2024-08-09T08:07:32.107+0000[0m] {[34mlocal.py:[0m292} INFO[0m - [35m(astronomer-cosmos)[0m - Cloning project to writable temp directory /tmp/tmp3_ct4ax8 from /usr/local/***/dags/Data_Marketplace[0m
[2024-08-09T08:07:32.112+0000] {log.py:232} WARNING - [[34m2024-08-09T08:07:32.107+0000[0m] {[34mlocal.py:[0m292} INFO[0m - [35m(astronomer-cosmos)[0m - Cloning project to writable temp directory /tmp/tmp3_ct4ax8 from /usr/local/***/dags/Data_Marketplace[0m
[2024-08-09T08:07:32.107+0000] {local.py:292} INFO - Cloning project to writable temp directory /tmp/tmp3_ct4ax8 from /usr/local/airflow/dags/Data_Marketplace
[2024-08-09T08:07:32.123+0000] {log.py:232} WARNING - [[34m2024-08-09T08:07:32.122+0000[0m] {[34mlocal.py:[0m303} INFO[0m - [35m(astronomer-cosmos)[0m - Partial parse is enabled and the latest partial parse file is /tmp/cosmos/dbt_dag/target/partial_parse.msgpack[0m
[2024-08-09T08:07:32.123+0000] {log.py:232} WARNING - [[34m2024-08-09T08:07:32.122+0000[0m] {[34mlocal.py:[0m303} INFO[0m - [35m(astronomer-cosmos)[0m - Partial parse is enabled and the latest partial parse file is /tmp/cosmos/dbt_dag/target/partial_parse.msgpack[0m
[2024-08-09T08:07:32.122+0000] {local.py:303} INFO - Partial parse is enabled and the latest partial parse file is /tmp/cosmos/dbt_dag/target/partial_parse.msgpack
[2024-08-09T08:07:32.192+0000] {log.py:232} WARNING - [[34m2024-08-09T08:07:32.183+0000[0m] {[34mconfig.py:[0m292} INFO[0m - [35m(astronomer-cosmos)[0m - Profile caching is enable.[0m
[2024-08-09T08:07:32.192+0000] {log.py:232} WARNING - [[34m2024-08-09T08:07:32.183+0000[0m] {[34mconfig.py:[0m292} INFO[0m - [35m(astronomer-cosmos)[0m - Profile caching is enable.[0m
[2024-08-09T08:07:32.183+0000] {config.py:292} INFO - Profile caching is enable.
[2024-08-09T08:07:32.257+0000] {base.py:84} INFO - Using connection ID 'snowflake_conn' for task execution.
[2024-08-09T08:07:32.297+0000] {log.py:232} WARNING - [[34m2024-08-09T08:07:32.296+0000[0m] {[34mconfig.py:[0m272} INFO[0m - [35m(astronomer-cosmos)[0m - Profile found in cache using profile: /tmp/cosmos/profile/ec71862f850e9b0839075fe0561d5062ab3dd99ef2a3dac2fe4fc1486f2849d0/profiles.yml.[0m
[2024-08-09T08:07:32.297+0000] {log.py:232} WARNING - [[34m2024-08-09T08:07:32.296+0000[0m] {[34mconfig.py:[0m272} INFO[0m - [35m(astronomer-cosmos)[0m - Profile found in cache using profile: /tmp/cosmos/profile/ec71862f850e9b0839075fe0561d5062ab3dd99ef2a3dac2fe4fc1486f2849d0/profiles.yml.[0m
[2024-08-09T08:07:32.296+0000] {config.py:272} INFO - Profile found in cache using profile: /tmp/cosmos/profile/ec71862f850e9b0839075fe0561d5062ab3dd99ef2a3dac2fe4fc1486f2849d0/profiles.yml.
[2024-08-09T08:07:32.303+0000] {log.py:232} WARNING - [[34m2024-08-09T08:07:32.303+0000[0m] {[34mlocal.py:[0m247} INFO[0m - [35m(astronomer-cosmos)[0m - Trying to run the command:
 ['/opt/***/dbt_venv/bin/dbt', 'run', '--models', 'fct_weather_data', '--project-dir', '/tmp/tmp3_ct4ax8', '--profiles-dir', '/tmp/cosmos/profile/ec71862f850e9b0839075fe0561d5062ab3dd99ef2a3dac2fe4fc1486f2849d0', '--profile', 'Data_Marketplace', '--target', 'dev']
From /tmp/tmp3_ct4ax8[0m
[2024-08-09T08:07:32.310+0000] {log.py:232} WARNING - [[34m2024-08-09T08:07:32.303+0000[0m] {[34mlocal.py:[0m247} INFO[0m - [35m(astronomer-cosmos)[0m - Trying to run the command:
 ['/opt/***/dbt_venv/bin/dbt', 'run', '--models', 'fct_weather_data', '--project-dir', '/tmp/tmp3_ct4ax8', '--profiles-dir', '/tmp/cosmos/profile/ec71862f850e9b0839075fe0561d5062ab3dd99ef2a3dac2fe4fc1486f2849d0', '--profile', 'Data_Marketplace', '--target', 'dev']
From /tmp/tmp3_ct4ax8[0m
[2024-08-09T08:07:32.303+0000] {local.py:247} INFO - Trying to run the command:
 ['/opt/***/dbt_venv/bin/dbt', 'run', '--models', 'fct_weather_data', '--project-dir', '/tmp/tmp3_ct4ax8', '--profiles-dir', '/tmp/cosmos/profile/ec71862f850e9b0839075fe0561d5062ab3dd99ef2a3dac2fe4fc1486f2849d0', '--profile', 'Data_Marketplace', '--target', 'dev']
From /tmp/tmp3_ct4ax8
[2024-08-09T08:07:32.313+0000] {log.py:232} WARNING - [[34m2024-08-09T08:07:32.310+0000[0m] {[34msubprocess.py:[0m60} INFO[0m - [35m(astronomer-cosmos)[0m - Tmp dir root location: 
 /tmp[0m
[2024-08-09T08:07:32.313+0000] {log.py:232} WARNING - [[34m2024-08-09T08:07:32.310+0000[0m] {[34msubprocess.py:[0m60} INFO[0m - [35m(astronomer-cosmos)[0m - Tmp dir root location: 
 /tmp[0m
[2024-08-09T08:07:32.310+0000] {subprocess.py:60} INFO - Tmp dir root location: 
 /tmp
[2024-08-09T08:07:32.318+0000] {log.py:232} WARNING - [[34m2024-08-09T08:07:32.318+0000[0m] {[34msubprocess.py:[0m73} INFO[0m - [35m(astronomer-cosmos)[0m - Running command: ['/opt/***/dbt_venv/bin/dbt', 'run', '--models', 'fct_weather_data', '--project-dir', '/tmp/tmp3_ct4ax8', '--profiles-dir', '/tmp/cosmos/profile/ec71862f850e9b0839075fe0561d5062ab3dd99ef2a3dac2fe4fc1486f2849d0', '--profile', 'Data_Marketplace', '--target', 'dev'][0m
[2024-08-09T08:07:32.321+0000] {log.py:232} WARNING - [[34m2024-08-09T08:07:32.318+0000[0m] {[34msubprocess.py:[0m73} INFO[0m - [35m(astronomer-cosmos)[0m - Running command: ['/opt/***/dbt_venv/bin/dbt', 'run', '--models', 'fct_weather_data', '--project-dir', '/tmp/tmp3_ct4ax8', '--profiles-dir', '/tmp/cosmos/profile/ec71862f850e9b0839075fe0561d5062ab3dd99ef2a3dac2fe4fc1486f2849d0', '--profile', 'Data_Marketplace', '--target', 'dev'][0m
[2024-08-09T08:07:32.318+0000] {subprocess.py:73} INFO - Running command: ['/opt/***/dbt_venv/bin/dbt', 'run', '--models', 'fct_weather_data', '--project-dir', '/tmp/tmp3_ct4ax8', '--profiles-dir', '/tmp/cosmos/profile/ec71862f850e9b0839075fe0561d5062ab3dd99ef2a3dac2fe4fc1486f2849d0', '--profile', 'Data_Marketplace', '--target', 'dev']
[2024-08-09T08:07:32.411+0000] {log.py:232} WARNING - [[34m2024-08-09T08:07:32.411+0000[0m] {[34msubprocess.py:[0m84} INFO[0m - [35m(astronomer-cosmos)[0m - Command output:[0m
[2024-08-09T08:07:32.412+0000] {log.py:232} WARNING - [[34m2024-08-09T08:07:32.411+0000[0m] {[34msubprocess.py:[0m84} INFO[0m - [35m(astronomer-cosmos)[0m - Command output:[0m
[2024-08-09T08:07:32.411+0000] {subprocess.py:84} INFO - Command output:
[2024-08-09T08:07:46.335+0000] {log.py:232} WARNING - [[34m2024-08-09T08:07:46.335+0000[0m] {[34msubprocess.py:[0m94} INFO[0m - [35m(astronomer-cosmos)[0m - [0m08:07:46  Running with dbt=1.8.5[0m
[2024-08-09T08:07:46.335+0000] {log.py:232} WARNING - [[34m2024-08-09T08:07:46.335+0000[0m] {[34msubprocess.py:[0m94} INFO[0m - [35m(astronomer-cosmos)[0m - [0m08:07:46  Running with dbt=1.8.5[0m
[2024-08-09T08:07:46.335+0000] {subprocess.py:94} INFO - [0m08:07:46  Running with dbt=1.8.5
[2024-08-09T08:07:49.191+0000] {log.py:232} WARNING - [[34m2024-08-09T08:07:49.191+0000[0m] {[34msubprocess.py:[0m94} INFO[0m - [35m(astronomer-cosmos)[0m - [0m08:07:49  Registered adapter: snowflake=1.8.3[0m
[2024-08-09T08:07:49.192+0000] {log.py:232} WARNING - [[34m2024-08-09T08:07:49.191+0000[0m] {[34msubprocess.py:[0m94} INFO[0m - [35m(astronomer-cosmos)[0m - [0m08:07:49  Registered adapter: snowflake=1.8.3[0m
[2024-08-09T08:07:49.191+0000] {subprocess.py:94} INFO - [0m08:07:49  Registered adapter: snowflake=1.8.3
[2024-08-09T08:07:51.054+0000] {log.py:232} WARNING - [[34m2024-08-09T08:07:51.054+0000[0m] {[34msubprocess.py:[0m94} INFO[0m - [35m(astronomer-cosmos)[0m - [0m08:07:51  Found 9 models, 2 snapshots, 3 seeds, 2 data tests, 3 sources, 448 macros[0m
[2024-08-09T08:07:51.054+0000] {log.py:232} WARNING - [[34m2024-08-09T08:07:51.054+0000[0m] {[34msubprocess.py:[0m94} INFO[0m - [35m(astronomer-cosmos)[0m - [0m08:07:51  Found 9 models, 2 snapshots, 3 seeds, 2 data tests, 3 sources, 448 macros[0m
[2024-08-09T08:07:51.054+0000] {subprocess.py:94} INFO - [0m08:07:51  Found 9 models, 2 snapshots, 3 seeds, 2 data tests, 3 sources, 448 macros
[2024-08-09T08:07:51.057+0000] {log.py:232} WARNING - [[34m2024-08-09T08:07:51.057+0000[0m] {[34msubprocess.py:[0m94} INFO[0m - [35m(astronomer-cosmos)[0m - [0m08:07:51[0m
[2024-08-09T08:07:51.062+0000] {log.py:232} WARNING - [[34m2024-08-09T08:07:51.057+0000[0m] {[34msubprocess.py:[0m94} INFO[0m - [35m(astronomer-cosmos)[0m - [0m08:07:51[0m
[2024-08-09T08:07:51.057+0000] {subprocess.py:94} INFO - [0m08:07:51
[2024-08-09T08:07:55.731+0000] {log.py:232} WARNING - [[34m2024-08-09T08:07:55.731+0000[0m] {[34msubprocess.py:[0m94} INFO[0m - [35m(astronomer-cosmos)[0m - [0m08:07:55  Concurrency: 1 threads (target='dev')[0m
[2024-08-09T08:07:55.732+0000] {log.py:232} WARNING - [[34m2024-08-09T08:07:55.731+0000[0m] {[34msubprocess.py:[0m94} INFO[0m - [35m(astronomer-cosmos)[0m - [0m08:07:55  Concurrency: 1 threads (target='dev')[0m
[2024-08-09T08:07:55.731+0000] {subprocess.py:94} INFO - [0m08:07:55  Concurrency: 1 threads (target='dev')
[2024-08-09T08:07:55.732+0000] {log.py:232} WARNING - [[34m2024-08-09T08:07:55.732+0000[0m] {[34msubprocess.py:[0m94} INFO[0m - [35m(astronomer-cosmos)[0m - [0m08:07:55[0m
[2024-08-09T08:07:55.739+0000] {log.py:232} WARNING - [[34m2024-08-09T08:07:55.732+0000[0m] {[34msubprocess.py:[0m94} INFO[0m - [35m(astronomer-cosmos)[0m - [0m08:07:55[0m
[2024-08-09T08:07:55.732+0000] {subprocess.py:94} INFO - [0m08:07:55
[2024-08-09T08:07:55.785+0000] {log.py:232} WARNING - [[34m2024-08-09T08:07:55.785+0000[0m] {[34msubprocess.py:[0m94} INFO[0m - [35m(astronomer-cosmos)[0m - [0m08:07:55  1 of 1 START sql incremental model DWH.fct_weather_data ........................ [RUN][0m
[2024-08-09T08:07:55.785+0000] {log.py:232} WARNING - [[34m2024-08-09T08:07:55.785+0000[0m] {[34msubprocess.py:[0m94} INFO[0m - [35m(astronomer-cosmos)[0m - [0m08:07:55  1 of 1 START sql incremental model DWH.fct_weather_data ........................ [RUN][0m
[2024-08-09T08:07:55.785+0000] {subprocess.py:94} INFO - [0m08:07:55  1 of 1 START sql incremental model DWH.fct_weather_data ........................ [RUN]
[2024-08-09T08:08:01.715+0000] {log.py:232} WARNING - [[34m2024-08-09T08:08:01.706+0000[0m] {[34msubprocess.py:[0m94} INFO[0m - [35m(astronomer-cosmos)[0m - [0m08:08:01  1 of 1 OK created sql incremental model DWH.fct_weather_data ................... [[32mSUCCESS 0[0m in 5.86s][0m
[2024-08-09T08:08:01.716+0000] {log.py:232} WARNING - [[34m2024-08-09T08:08:01.706+0000[0m] {[34msubprocess.py:[0m94} INFO[0m - [35m(astronomer-cosmos)[0m - [0m08:08:01  1 of 1 OK created sql incremental model DWH.fct_weather_data ................... [[32mSUCCESS 0[0m in 5.86s][0m
[2024-08-09T08:08:01.706+0000] {subprocess.py:94} INFO - [0m08:08:01  1 of 1 OK created sql incremental model DWH.fct_weather_data ................... [[32mSUCCESS 0[0m in 5.86s]
[2024-08-09T08:08:01.771+0000] {log.py:232} WARNING - [[34m2024-08-09T08:08:01.770+0000[0m] {[34msubprocess.py:[0m94} INFO[0m - [35m(astronomer-cosmos)[0m - [0m08:08:01[0m
[2024-08-09T08:08:01.771+0000] {log.py:232} WARNING - [[34m2024-08-09T08:08:01.770+0000[0m] {[34msubprocess.py:[0m94} INFO[0m - [35m(astronomer-cosmos)[0m - [0m08:08:01[0m
[2024-08-09T08:08:01.770+0000] {subprocess.py:94} INFO - [0m08:08:01
[2024-08-09T08:08:01.772+0000] {log.py:232} WARNING - [[34m2024-08-09T08:08:01.772+0000[0m] {[34msubprocess.py:[0m94} INFO[0m - [35m(astronomer-cosmos)[0m - [0m08:08:01  Finished running 1 incremental model in 0 hours 0 minutes and 10.70 seconds (10.70s).[0m
[2024-08-09T08:08:01.788+0000] {log.py:232} WARNING - [[34m2024-08-09T08:08:01.772+0000[0m] {[34msubprocess.py:[0m94} INFO[0m - [35m(astronomer-cosmos)[0m - [0m08:08:01  Finished running 1 incremental model in 0 hours 0 minutes and 10.70 seconds (10.70s).[0m
[2024-08-09T08:08:01.772+0000] {subprocess.py:94} INFO - [0m08:08:01  Finished running 1 incremental model in 0 hours 0 minutes and 10.70 seconds (10.70s).
[2024-08-09T08:08:01.970+0000] {log.py:232} WARNING - [[34m2024-08-09T08:08:01.970+0000[0m] {[34msubprocess.py:[0m94} INFO[0m - [35m(astronomer-cosmos)[0m - [0m08:08:01[0m
[2024-08-09T08:08:01.972+0000] {log.py:232} WARNING - [[34m2024-08-09T08:08:01.970+0000[0m] {[34msubprocess.py:[0m94} INFO[0m - [35m(astronomer-cosmos)[0m - [0m08:08:01[0m
[2024-08-09T08:08:01.970+0000] {subprocess.py:94} INFO - [0m08:08:01
[2024-08-09T08:08:01.981+0000] {log.py:232} WARNING - [[34m2024-08-09T08:08:01.972+0000[0m] {[34msubprocess.py:[0m94} INFO[0m - [35m(astronomer-cosmos)[0m - [0m08:08:01  [32mCompleted successfully[0m[0m
[2024-08-09T08:08:01.981+0000] {log.py:232} WARNING - [[34m2024-08-09T08:08:01.972+0000[0m] {[34msubprocess.py:[0m94} INFO[0m - [35m(astronomer-cosmos)[0m - [0m08:08:01  [32mCompleted successfully[0m[0m
[2024-08-09T08:08:01.972+0000] {subprocess.py:94} INFO - [0m08:08:01  [32mCompleted successfully[0m
[2024-08-09T08:08:01.982+0000] {log.py:232} WARNING - [[34m2024-08-09T08:08:01.982+0000[0m] {[34msubprocess.py:[0m94} INFO[0m - [35m(astronomer-cosmos)[0m - [0m08:08:01[0m
[2024-08-09T08:08:01.984+0000] {log.py:232} WARNING - [[34m2024-08-09T08:08:01.982+0000[0m] {[34msubprocess.py:[0m94} INFO[0m - [35m(astronomer-cosmos)[0m - [0m08:08:01[0m
[2024-08-09T08:08:01.982+0000] {subprocess.py:94} INFO - [0m08:08:01
[2024-08-09T08:08:01.984+0000] {log.py:232} WARNING - [[34m2024-08-09T08:08:01.984+0000[0m] {[34msubprocess.py:[0m94} INFO[0m - [35m(astronomer-cosmos)[0m - [0m08:08:01  Done. PASS=1 WARN=0 ERROR=0 SKIP=0 TOTAL=1[0m
[2024-08-09T08:08:01.985+0000] {log.py:232} WARNING - [[34m2024-08-09T08:08:01.984+0000[0m] {[34msubprocess.py:[0m94} INFO[0m - [35m(astronomer-cosmos)[0m - [0m08:08:01  Done. PASS=1 WARN=0 ERROR=0 SKIP=0 TOTAL=1[0m
[2024-08-09T08:08:01.984+0000] {subprocess.py:94} INFO - [0m08:08:01  Done. PASS=1 WARN=0 ERROR=0 SKIP=0 TOTAL=1
[2024-08-09T08:08:06.152+0000] {log.py:232} WARNING - [[34m2024-08-09T08:08:06.152+0000[0m] {[34msubprocess.py:[0m98} INFO[0m - [35m(astronomer-cosmos)[0m - Command exited with return code 0[0m
[2024-08-09T08:08:06.153+0000] {log.py:232} WARNING - [[34m2024-08-09T08:08:06.152+0000[0m] {[34msubprocess.py:[0m98} INFO[0m - [35m(astronomer-cosmos)[0m - Command exited with return code 0[0m
[2024-08-09T08:08:06.152+0000] {subprocess.py:98} INFO - Command exited with return code 0
[2024-08-09T08:08:06.153+0000] {log.py:232} WARNING - [[34m2024-08-09T08:08:06.153+0000[0m] {[34mlocal.py:[0m254} INFO[0m - [35m(astronomer-cosmos)[0m - [0m08:08:01  Done. PASS=1 WARN=0 ERROR=0 SKIP=0 TOTAL=1[0m
[2024-08-09T08:08:06.164+0000] {log.py:232} WARNING - [[34m2024-08-09T08:08:06.153+0000[0m] {[34mlocal.py:[0m254} INFO[0m - [35m(astronomer-cosmos)[0m - [0m08:08:01  Done. PASS=1 WARN=0 ERROR=0 SKIP=0 TOTAL=1[0m
[2024-08-09T08:08:06.153+0000] {local.py:254} INFO - [0m08:08:01  Done. PASS=1 WARN=0 ERROR=0 SKIP=0 TOTAL=1
[2024-08-09T08:08:06.264+0000] {local.py:196} WARNING - Artifact schema version: https://schemas.getdbt.com/dbt/manifest/v12.json is above dbt-ol supported version 7. This might cause errors.
[2024-08-09T08:08:06.281+0000] {local.py:196} WARNING - Artifact schema version: https://schemas.getdbt.com/dbt/run-results/v6.json is above dbt-ol supported version 5. This might cause errors.
[2024-08-09T08:08:06.394+0000] {log.py:232} WARNING - [[34m2024-08-09T08:08:06.378+0000[0m] {[34mlocal.py:[0m349} INFO[0m - [35m(astronomer-cosmos)[0m - Inlets: [Dataset(uri='snowflake://uz36730.ap-southeast-1.aws/POC_DATA_MARKETPLACE.DWH.stg_weather_data', extra=None)][0m
[2024-08-09T08:08:06.394+0000] {log.py:232} WARNING - [[34m2024-08-09T08:08:06.378+0000[0m] {[34mlocal.py:[0m349} INFO[0m - [35m(astronomer-cosmos)[0m - Inlets: [Dataset(uri='snowflake://uz36730.ap-southeast-1.aws/POC_DATA_MARKETPLACE.DWH.stg_weather_data', extra=None)][0m
[2024-08-09T08:08:06.378+0000] {local.py:349} INFO - Inlets: [Dataset(uri='snowflake://uz36730.ap-southeast-1.aws/POC_DATA_MARKETPLACE.DWH.stg_weather_data', extra=None)]
[2024-08-09T08:08:06.397+0000] {log.py:232} WARNING - [[34m2024-08-09T08:08:06.395+0000[0m] {[34mlocal.py:[0m350} INFO[0m - [35m(astronomer-cosmos)[0m - Outlets: [Dataset(uri='snowflake://uz36730.ap-southeast-1.aws/POC_DATA_MARKETPLACE.DWH.fct_weather_data', extra=None)][0m
[2024-08-09T08:08:06.397+0000] {log.py:232} WARNING - [[34m2024-08-09T08:08:06.395+0000[0m] {[34mlocal.py:[0m350} INFO[0m - [35m(astronomer-cosmos)[0m - Outlets: [Dataset(uri='snowflake://uz36730.ap-southeast-1.aws/POC_DATA_MARKETPLACE.DWH.fct_weather_data', extra=None)][0m
[2024-08-09T08:08:06.395+0000] {local.py:350} INFO - Outlets: [Dataset(uri='snowflake://uz36730.ap-southeast-1.aws/POC_DATA_MARKETPLACE.DWH.fct_weather_data', extra=None)]
[2024-08-09T08:08:06.409+0000] {dag.py:3096} INFO - Sync 1 DAGs
[2024-08-09T08:08:06.682+0000] {dag.py:3954} INFO - Setting next_dagrun for dbt_dag to 2024-08-09 00:00:00+00:00, run_after=2024-08-10 00:00:00+00:00
[2024-08-09T08:08:06.785+0000] {warnings.py:112} WARNING - /home/***/.local/lib/python3.12/site-packages/***/datasets/manager.py:53: SAWarning: DELETE statement on table 'task_outlet_dataset_reference' expected to delete 1 row(s); 0 were matched.  Please set confirm_deleted_rows=False within the mapper configuration to prevent this warning.
  session.flush()

[2024-08-09T08:08:06.848+0000] {taskinstance.py:441} INFO - ::group::Post task execution logs
[2024-08-09T08:08:07.011+0000] {taskinstance.py:1206} INFO - Marking task as SUCCESS. dag_id=dbt_dag, task_id=fct_weather_data.run, run_id=manual__2024-08-09T08:00:42.008960+00:00, execution_date=20240809T080042, start_date=20240809T080730, end_date=20240809T080807
[2024-08-09T08:08:07.168+0000] {local_task_job_runner.py:240} INFO - Task exited with return code 0
[2024-08-09T08:08:07.252+0000] {taskinstance.py:3503} INFO - 1 downstream tasks scheduled from follow-on schedule check
[2024-08-09T08:08:07.260+0000] {local_task_job_runner.py:222} INFO - ::endgroup::
