[2024-08-13T15:52:46.814+0000] {local_task_job_runner.py:120} INFO - ::group::Pre task execution logs
[2024-08-13T15:52:47.105+0000] {taskinstance.py:2076} INFO - Dependencies all met for dep_context=non-requeueable deps ti=<TaskInstance: Weather_Data_Extraction.invoke_lambda_task manual__2024-08-13T15:52:30.060035+00:00 [queued]>
[2024-08-13T15:52:47.121+0000] {taskinstance.py:2076} INFO - Dependencies all met for dep_context=requeueable deps ti=<TaskInstance: Weather_Data_Extraction.invoke_lambda_task manual__2024-08-13T15:52:30.060035+00:00 [queued]>
[2024-08-13T15:52:47.122+0000] {taskinstance.py:2306} INFO - Starting attempt 1 of 1
[2024-08-13T15:52:47.147+0000] {taskinstance.py:2330} INFO - Executing <Task(PythonOperator): invoke_lambda_task> on 2024-08-13 15:52:30.060035+00:00
[2024-08-13T15:52:47.160+0000] {warnings.py:112} WARNING - /home/***/.local/lib/python3.12/site-packages/***/task/task_runner/standard_task_runner.py:61: DeprecationWarning: This process (pid=368) is multi-threaded, use of fork() may lead to deadlocks in the child.
  pid = os.fork()

[2024-08-13T15:52:47.163+0000] {standard_task_runner.py:63} INFO - Started process 370 to run task
[2024-08-13T15:52:47.163+0000] {standard_task_runner.py:90} INFO - Running: ['***', 'tasks', 'run', 'Weather_Data_Extraction', 'invoke_lambda_task', 'manual__2024-08-13T15:52:30.060035+00:00', '--job-id', '55', '--raw', '--subdir', 'DAGS_FOLDER/Data_Weather_Extraction.py', '--cfg-path', '/tmp/tmp67gjvclu']
[2024-08-13T15:52:47.167+0000] {standard_task_runner.py:91} INFO - Job 55: Subtask invoke_lambda_task
[2024-08-13T15:52:47.190+0000] {warnings.py:112} WARNING - /home/***/.local/lib/python3.12/site-packages/***/settings.py:195: DeprecationWarning: The sql_alchemy_conn option in [core] has been moved to the sql_alchemy_conn option in [database] - the old setting has been used, but please update your config.
  SQL_ALCHEMY_CONN = conf.get("database", "SQL_ALCHEMY_CONN")

[2024-08-13T15:52:47.247+0000] {task_command.py:426} INFO - Running <TaskInstance: Weather_Data_Extraction.invoke_lambda_task manual__2024-08-13T15:52:30.060035+00:00 [running]> on host ubuntu
[2024-08-13T15:52:47.402+0000] {taskinstance.py:2648} INFO - Exporting env vars: AIRFLOW_CTX_DAG_OWNER='Ducky' AIRFLOW_CTX_DAG_ID='Weather_Data_Extraction' AIRFLOW_CTX_TASK_ID='invoke_lambda_task' AIRFLOW_CTX_EXECUTION_DATE='2024-08-13T15:52:30.060035+00:00' AIRFLOW_CTX_TRY_NUMBER='1' AIRFLOW_CTX_DAG_RUN_ID='manual__2024-08-13T15:52:30.060035+00:00'
[2024-08-13T15:52:47.406+0000] {taskinstance.py:430} INFO - ::endgroup::
[2024-08-13T15:52:47.455+0000] {logging_mixin.py:188} INFO - Data_Weather-20240812.csv
[2024-08-13T15:52:47.456+0000] {logging_mixin.py:188} INFO - 2024/08/12
[2024-08-13T15:52:47.457+0000] {logging_mixin.py:188} INFO - {"execution_date": "2024/08/12", "file_name": "Data_Weather-20240812.csv"}
[2024-08-13T15:52:47.458+0000] {logging_mixin.py:188} INFO - https://eyzyhdwl8l.execute-api.ap-southeast-2.amazonaws.com/dev?execution_date=2024/08/12&file_name=Data_Weather-20240812.csv
[2024-08-13T15:53:17.212+0000] {logging_mixin.py:188} INFO - Failed to invoke Lambda function.
[2024-08-13T15:53:17.213+0000] {logging_mixin.py:188} INFO - Response: {"message": "Endpoint request timed out"}
[2024-08-13T15:53:17.216+0000] {python.py:237} INFO - Done. Returned value was: None
[2024-08-13T15:53:17.219+0000] {taskinstance.py:441} INFO - ::group::Post task execution logs
[2024-08-13T15:53:17.237+0000] {taskinstance.py:1206} INFO - Marking task as SUCCESS. dag_id=Weather_Data_Extraction, task_id=invoke_lambda_task, run_id=manual__2024-08-13T15:52:30.060035+00:00, execution_date=20240813T155230, start_date=20240813T155247, end_date=20240813T155317
[2024-08-13T15:53:17.295+0000] {local_task_job_runner.py:240} INFO - Task exited with return code 0
[2024-08-13T15:53:17.347+0000] {taskinstance.py:3503} INFO - 1 downstream tasks scheduled from follow-on schedule check
[2024-08-13T15:53:17.352+0000] {local_task_job_runner.py:222} INFO - ::endgroup::
