[2024-08-13T16:11:08.016+0000] {local_task_job_runner.py:120} INFO - ::group::Pre task execution logs
[2024-08-13T16:11:08.051+0000] {taskinstance.py:2076} INFO - Dependencies all met for dep_context=non-requeueable deps ti=<TaskInstance: Weather_Data_Extraction.generate_output_file backfill__2024-03-08T00:00:00+00:00 [queued]>
[2024-08-13T16:11:08.353+0000] {taskinstance.py:2076} INFO - Dependencies all met for dep_context=requeueable deps ti=<TaskInstance: Weather_Data_Extraction.generate_output_file backfill__2024-03-08T00:00:00+00:00 [queued]>
[2024-08-13T16:11:08.354+0000] {taskinstance.py:2306} INFO - Starting attempt 1 of 1
[2024-08-13T16:11:08.424+0000] {taskinstance.py:2330} INFO - Executing <Task(PythonOperator): generate_output_file> on 2024-03-08 00:00:00+00:00
[2024-08-13T16:11:08.461+0000] {warnings.py:112} WARNING - /home/***/.local/lib/python3.12/site-packages/***/task/task_runner/standard_task_runner.py:61: DeprecationWarning: This process (pid=1307) is multi-threaded, use of fork() may lead to deadlocks in the child.
  pid = os.fork()

[2024-08-13T16:11:08.468+0000] {standard_task_runner.py:90} INFO - Running: ['***', 'tasks', 'run', 'Weather_Data_Extraction', 'generate_output_file', 'backfill__2024-03-08T00:00:00+00:00', '--job-id', '274', '--pool', 'default_pool', '--raw', '--subdir', 'DAGS_FOLDER/Data_Weather_Extraction.py', '--cfg-path', '/tmp/tmp7wxxh7vg']
[2024-08-13T16:11:08.473+0000] {standard_task_runner.py:63} INFO - Started process 1324 to run task
[2024-08-13T16:11:08.473+0000] {standard_task_runner.py:91} INFO - Job 274: Subtask generate_output_file
[2024-08-13T16:11:08.509+0000] {warnings.py:112} WARNING - /home/***/.local/lib/python3.12/site-packages/***/settings.py:195: DeprecationWarning: The sql_alchemy_conn option in [core] has been moved to the sql_alchemy_conn option in [database] - the old setting has been used, but please update your config.
  SQL_ALCHEMY_CONN = conf.get("database", "SQL_ALCHEMY_CONN")

[2024-08-13T16:11:08.612+0000] {task_command.py:426} INFO - Running <TaskInstance: Weather_Data_Extraction.generate_output_file backfill__2024-03-08T00:00:00+00:00 [running]> on host ubuntu
[2024-08-13T16:11:08.907+0000] {taskinstance.py:2648} INFO - Exporting env vars: AIRFLOW_CTX_DAG_OWNER='Ducky' AIRFLOW_CTX_DAG_ID='Weather_Data_Extraction' AIRFLOW_CTX_TASK_ID='generate_output_file' AIRFLOW_CTX_EXECUTION_DATE='2024-03-08T00:00:00+00:00' AIRFLOW_CTX_TRY_NUMBER='1' AIRFLOW_CTX_DAG_RUN_ID='backfill__2024-03-08T00:00:00+00:00'
[2024-08-13T16:11:08.917+0000] {taskinstance.py:430} INFO - ::endgroup::
[2024-08-13T16:11:08.956+0000] {logging_mixin.py:188} INFO - Generated output file: Data_Weather-20240308.csv
[2024-08-13T16:11:08.958+0000] {logging_mixin.py:188} INFO - Execution Date: 2024/03/08
[2024-08-13T16:11:09.048+0000] {python.py:237} INFO - Done. Returned value was: None
[2024-08-13T16:11:09.051+0000] {taskinstance.py:441} INFO - ::group::Post task execution logs
[2024-08-13T16:11:09.076+0000] {taskinstance.py:1206} INFO - Marking task as SUCCESS. dag_id=Weather_Data_Extraction, task_id=generate_output_file, run_id=backfill__2024-03-08T00:00:00+00:00, execution_date=20240308T000000, start_date=20240813T161108, end_date=20240813T161109
[2024-08-13T16:11:09.140+0000] {local_task_job_runner.py:240} INFO - Task exited with return code 0
[2024-08-13T16:11:09.205+0000] {taskinstance.py:3503} INFO - 1 downstream tasks scheduled from follow-on schedule check
[2024-08-13T16:11:09.212+0000] {local_task_job_runner.py:222} INFO - ::endgroup::
[2024-08-14T04:45:20.519+0000] {local_task_job_runner.py:120} INFO - ::group::Pre task execution logs
[2024-08-14T04:45:20.538+0000] {taskinstance.py:2076} INFO - Dependencies all met for dep_context=non-requeueable deps ti=<TaskInstance: Weather_Data_Extraction.generate_output_file backfill__2024-03-08T00:00:00+00:00 [queued]>
[2024-08-14T04:45:20.547+0000] {taskinstance.py:2076} INFO - Dependencies all met for dep_context=requeueable deps ti=<TaskInstance: Weather_Data_Extraction.generate_output_file backfill__2024-03-08T00:00:00+00:00 [queued]>
[2024-08-14T04:45:20.548+0000] {taskinstance.py:2306} INFO - Starting attempt 1 of 1
[2024-08-14T04:45:20.705+0000] {taskinstance.py:2330} INFO - Executing <Task(PythonOperator): generate_output_file> on 2024-03-08 00:00:00+00:00
[2024-08-14T04:45:20.713+0000] {warnings.py:112} WARNING - /home/***/.local/lib/python3.12/site-packages/***/task/task_runner/standard_task_runner.py:61: DeprecationWarning: This process (pid=2615) is multi-threaded, use of fork() may lead to deadlocks in the child.
  pid = os.fork()

[2024-08-14T04:45:20.714+0000] {standard_task_runner.py:63} INFO - Started process 2617 to run task
[2024-08-14T04:45:20.716+0000] {standard_task_runner.py:90} INFO - Running: ['***', 'tasks', 'run', 'Weather_Data_Extraction', 'generate_output_file', 'backfill__2024-03-08T00:00:00+00:00', '--job-id', '605', '--pool', 'default_pool', '--raw', '--subdir', 'DAGS_FOLDER/Data_Weather_Extraction.py', '--cfg-path', '/tmp/tmprs3l1ccn']
[2024-08-14T04:45:20.720+0000] {standard_task_runner.py:91} INFO - Job 605: Subtask generate_output_file
[2024-08-14T04:45:20.794+0000] {task_command.py:426} INFO - Running <TaskInstance: Weather_Data_Extraction.generate_output_file backfill__2024-03-08T00:00:00+00:00 [running]> on host ubuntu
[2024-08-14T04:45:20.976+0000] {taskinstance.py:2648} INFO - Exporting env vars: AIRFLOW_CTX_DAG_OWNER='Ducky' AIRFLOW_CTX_DAG_ID='Weather_Data_Extraction' AIRFLOW_CTX_TASK_ID='generate_output_file' AIRFLOW_CTX_EXECUTION_DATE='2024-03-08T00:00:00+00:00' AIRFLOW_CTX_TRY_NUMBER='1' AIRFLOW_CTX_DAG_RUN_ID='backfill__2024-03-08T00:00:00+00:00'
[2024-08-14T04:45:20.980+0000] {taskinstance.py:430} INFO - ::endgroup::
[2024-08-14T04:45:21.012+0000] {logging_mixin.py:188} INFO - Generated output file: Data_Weather-20240308.csv
[2024-08-14T04:45:21.013+0000] {logging_mixin.py:188} INFO - Execution Date: 2024/03/08
[2024-08-14T04:45:21.062+0000] {python.py:237} INFO - Done. Returned value was: None
[2024-08-14T04:45:21.064+0000] {taskinstance.py:441} INFO - ::group::Post task execution logs
[2024-08-14T04:45:21.084+0000] {taskinstance.py:1206} INFO - Marking task as SUCCESS. dag_id=Weather_Data_Extraction, task_id=generate_output_file, run_id=backfill__2024-03-08T00:00:00+00:00, execution_date=20240308T000000, start_date=20240814T044520, end_date=20240814T044521
[2024-08-14T04:45:21.132+0000] {local_task_job_runner.py:240} INFO - Task exited with return code 0
[2024-08-14T04:45:21.198+0000] {taskinstance.py:3503} INFO - 1 downstream tasks scheduled from follow-on schedule check
[2024-08-14T04:45:21.204+0000] {local_task_job_runner.py:222} INFO - ::endgroup::
