[2024-08-13T15:43:35.705+0000] {local_task_job_runner.py:120} INFO - ::group::Pre task execution logs
[2024-08-13T15:43:36.019+0000] {taskinstance.py:2076} INFO - Dependencies all met for dep_context=non-requeueable deps ti=<TaskInstance: Scrape_Province.sleep_for_10_seconds manual__2024-08-13T15:42:48.818770+00:00 [queued]>
[2024-08-13T15:43:36.048+0000] {taskinstance.py:2076} INFO - Dependencies all met for dep_context=requeueable deps ti=<TaskInstance: Scrape_Province.sleep_for_10_seconds manual__2024-08-13T15:42:48.818770+00:00 [queued]>
[2024-08-13T15:43:36.051+0000] {taskinstance.py:2306} INFO - Starting attempt 1 of 1
[2024-08-13T15:43:36.080+0000] {taskinstance.py:2330} INFO - Executing <Task(BashOperator): sleep_for_10_seconds> on 2024-08-13 15:42:48.818770+00:00
[2024-08-13T15:43:36.094+0000] {warnings.py:112} WARNING - /home/***/.local/lib/python3.12/site-packages/***/task/task_runner/standard_task_runner.py:61: DeprecationWarning: This process (pid=89) is multi-threaded, use of fork() may lead to deadlocks in the child.
  pid = os.fork()

[2024-08-13T15:43:36.097+0000] {standard_task_runner.py:63} INFO - Started process 91 to run task
[2024-08-13T15:43:36.097+0000] {standard_task_runner.py:90} INFO - Running: ['***', 'tasks', 'run', 'Scrape_Province', 'sleep_for_10_seconds', 'manual__2024-08-13T15:42:48.818770+00:00', '--job-id', '24', '--raw', '--subdir', 'DAGS_FOLDER/Province_Extraction.py', '--cfg-path', '/tmp/tmp5qf1tv2k']
[2024-08-13T15:43:36.101+0000] {standard_task_runner.py:91} INFO - Job 24: Subtask sleep_for_10_seconds
[2024-08-13T15:43:36.118+0000] {warnings.py:112} WARNING - /home/***/.local/lib/python3.12/site-packages/***/settings.py:195: DeprecationWarning: The sql_alchemy_conn option in [core] has been moved to the sql_alchemy_conn option in [database] - the old setting has been used, but please update your config.
  SQL_ALCHEMY_CONN = conf.get("database", "SQL_ALCHEMY_CONN")

[2024-08-13T15:43:36.180+0000] {task_command.py:426} INFO - Running <TaskInstance: Scrape_Province.sleep_for_10_seconds manual__2024-08-13T15:42:48.818770+00:00 [running]> on host ubuntu
[2024-08-13T15:43:36.320+0000] {taskinstance.py:2648} INFO - Exporting env vars: AIRFLOW_CTX_DAG_OWNER='Ducky' AIRFLOW_CTX_DAG_ID='Scrape_Province' AIRFLOW_CTX_TASK_ID='sleep_for_10_seconds' AIRFLOW_CTX_EXECUTION_DATE='2024-08-13T15:42:48.818770+00:00' AIRFLOW_CTX_TRY_NUMBER='1' AIRFLOW_CTX_DAG_RUN_ID='manual__2024-08-13T15:42:48.818770+00:00'
[2024-08-13T15:43:36.322+0000] {taskinstance.py:430} INFO - ::endgroup::
[2024-08-13T15:43:36.342+0000] {subprocess.py:63} INFO - Tmp dir root location: /tmp
[2024-08-13T15:43:36.343+0000] {subprocess.py:75} INFO - Running command: ['/usr/bin/bash', '-c', 'sleep 10']
[2024-08-13T15:43:36.367+0000] {subprocess.py:86} INFO - Output:
[2024-08-13T15:43:46.374+0000] {subprocess.py:97} INFO - Command exited with return code 0
[2024-08-13T15:43:46.377+0000] {taskinstance.py:441} INFO - ::group::Post task execution logs
[2024-08-13T15:43:46.422+0000] {taskinstance.py:1206} INFO - Marking task as SUCCESS. dag_id=Scrape_Province, task_id=sleep_for_10_seconds, run_id=manual__2024-08-13T15:42:48.818770+00:00, execution_date=20240813T154248, start_date=20240813T154336, end_date=20240813T154346
[2024-08-13T15:43:46.492+0000] {local_task_job_runner.py:240} INFO - Task exited with return code 0
[2024-08-13T15:43:46.556+0000] {taskinstance.py:3503} INFO - 1 downstream tasks scheduled from follow-on schedule check
[2024-08-13T15:43:46.560+0000] {local_task_job_runner.py:222} INFO - ::endgroup::
