[2024-08-13T16:10:12.155+0000] {local_task_job_runner.py:120} INFO - ::group::Pre task execution logs
[2024-08-13T16:10:12.208+0000] {taskinstance.py:2076} INFO - Dependencies all met for dep_context=non-requeueable deps ti=<TaskInstance: Weather_Data_Extraction.generate_output_file backfill__2024-03-03T00:00:00+00:00 [queued]>
[2024-08-13T16:10:12.519+0000] {taskinstance.py:2076} INFO - Dependencies all met for dep_context=requeueable deps ti=<TaskInstance: Weather_Data_Extraction.generate_output_file backfill__2024-03-03T00:00:00+00:00 [queued]>
[2024-08-13T16:10:12.520+0000] {taskinstance.py:2306} INFO - Starting attempt 1 of 1
[2024-08-13T16:10:12.560+0000] {taskinstance.py:2330} INFO - Executing <Task(PythonOperator): generate_output_file> on 2024-03-03 00:00:00+00:00
[2024-08-13T16:10:12.577+0000] {warnings.py:112} WARNING - /home/***/.local/lib/python3.12/site-packages/***/task/task_runner/standard_task_runner.py:61: DeprecationWarning: This process (pid=1154) is multi-threaded, use of fork() may lead to deadlocks in the child.
  pid = os.fork()

[2024-08-13T16:10:12.581+0000] {standard_task_runner.py:63} INFO - Started process 1169 to run task
[2024-08-13T16:10:12.598+0000] {standard_task_runner.py:90} INFO - Running: ['***', 'tasks', 'run', 'Weather_Data_Extraction', 'generate_output_file', 'backfill__2024-03-03T00:00:00+00:00', '--job-id', '228', '--pool', 'default_pool', '--raw', '--subdir', 'DAGS_FOLDER/Data_Weather_Extraction.py', '--cfg-path', '/tmp/tmp7i4rc7hh']
[2024-08-13T16:10:12.610+0000] {standard_task_runner.py:91} INFO - Job 228: Subtask generate_output_file
[2024-08-13T16:10:12.658+0000] {warnings.py:112} WARNING - /home/***/.local/lib/python3.12/site-packages/***/settings.py:195: DeprecationWarning: The sql_alchemy_conn option in [core] has been moved to the sql_alchemy_conn option in [database] - the old setting has been used, but please update your config.
  SQL_ALCHEMY_CONN = conf.get("database", "SQL_ALCHEMY_CONN")

[2024-08-13T16:10:12.750+0000] {task_command.py:426} INFO - Running <TaskInstance: Weather_Data_Extraction.generate_output_file backfill__2024-03-03T00:00:00+00:00 [running]> on host ubuntu
[2024-08-13T16:10:13.089+0000] {taskinstance.py:2648} INFO - Exporting env vars: AIRFLOW_CTX_DAG_OWNER='Ducky' AIRFLOW_CTX_DAG_ID='Weather_Data_Extraction' AIRFLOW_CTX_TASK_ID='generate_output_file' AIRFLOW_CTX_EXECUTION_DATE='2024-03-03T00:00:00+00:00' AIRFLOW_CTX_TRY_NUMBER='1' AIRFLOW_CTX_DAG_RUN_ID='backfill__2024-03-03T00:00:00+00:00'
[2024-08-13T16:10:13.096+0000] {taskinstance.py:430} INFO - ::endgroup::
[2024-08-13T16:10:13.143+0000] {logging_mixin.py:188} INFO - Generated output file: Data_Weather-20240303.csv
[2024-08-13T16:10:13.146+0000] {logging_mixin.py:188} INFO - Execution Date: 2024/03/03
[2024-08-13T16:10:13.278+0000] {python.py:237} INFO - Done. Returned value was: None
[2024-08-13T16:10:13.285+0000] {taskinstance.py:441} INFO - ::group::Post task execution logs
[2024-08-13T16:10:13.319+0000] {taskinstance.py:1206} INFO - Marking task as SUCCESS. dag_id=Weather_Data_Extraction, task_id=generate_output_file, run_id=backfill__2024-03-03T00:00:00+00:00, execution_date=20240303T000000, start_date=20240813T161012, end_date=20240813T161013
[2024-08-13T16:10:13.454+0000] {local_task_job_runner.py:240} INFO - Task exited with return code 0
[2024-08-13T16:10:13.573+0000] {taskinstance.py:3503} INFO - 1 downstream tasks scheduled from follow-on schedule check
[2024-08-13T16:10:13.582+0000] {local_task_job_runner.py:222} INFO - ::endgroup::
[2024-08-14T04:40:15.382+0000] {local_task_job_runner.py:120} INFO - ::group::Pre task execution logs
[2024-08-14T04:40:15.418+0000] {taskinstance.py:2076} INFO - Dependencies all met for dep_context=non-requeueable deps ti=<TaskInstance: Weather_Data_Extraction.generate_output_file backfill__2024-03-03T00:00:00+00:00 [queued]>
[2024-08-14T04:40:15.435+0000] {taskinstance.py:2076} INFO - Dependencies all met for dep_context=requeueable deps ti=<TaskInstance: Weather_Data_Extraction.generate_output_file backfill__2024-03-03T00:00:00+00:00 [queued]>
[2024-08-14T04:40:15.436+0000] {taskinstance.py:2306} INFO - Starting attempt 1 of 1
[2024-08-14T04:40:15.613+0000] {taskinstance.py:2330} INFO - Executing <Task(PythonOperator): generate_output_file> on 2024-03-03 00:00:00+00:00
[2024-08-14T04:40:15.627+0000] {warnings.py:112} WARNING - /home/***/.local/lib/python3.12/site-packages/***/task/task_runner/standard_task_runner.py:61: DeprecationWarning: This process (pid=2507) is multi-threaded, use of fork() may lead to deadlocks in the child.
  pid = os.fork()

[2024-08-14T04:40:15.632+0000] {standard_task_runner.py:63} INFO - Started process 2509 to run task
[2024-08-14T04:40:15.633+0000] {standard_task_runner.py:90} INFO - Running: ['***', 'tasks', 'run', 'Weather_Data_Extraction', 'generate_output_file', 'backfill__2024-03-03T00:00:00+00:00', '--job-id', '590', '--pool', 'default_pool', '--raw', '--subdir', 'DAGS_FOLDER/Data_Weather_Extraction.py', '--cfg-path', '/tmp/tmptqtcb8me']
[2024-08-14T04:40:15.641+0000] {standard_task_runner.py:91} INFO - Job 590: Subtask generate_output_file
[2024-08-14T04:40:15.744+0000] {task_command.py:426} INFO - Running <TaskInstance: Weather_Data_Extraction.generate_output_file backfill__2024-03-03T00:00:00+00:00 [running]> on host ubuntu
[2024-08-14T04:40:15.867+0000] {taskinstance.py:2648} INFO - Exporting env vars: AIRFLOW_CTX_DAG_OWNER='Ducky' AIRFLOW_CTX_DAG_ID='Weather_Data_Extraction' AIRFLOW_CTX_TASK_ID='generate_output_file' AIRFLOW_CTX_EXECUTION_DATE='2024-03-03T00:00:00+00:00' AIRFLOW_CTX_TRY_NUMBER='1' AIRFLOW_CTX_DAG_RUN_ID='backfill__2024-03-03T00:00:00+00:00'
[2024-08-14T04:40:15.870+0000] {taskinstance.py:430} INFO - ::endgroup::
[2024-08-14T04:40:15.890+0000] {logging_mixin.py:188} INFO - Generated output file: Data_Weather-20240303.csv
[2024-08-14T04:40:15.891+0000] {logging_mixin.py:188} INFO - Execution Date: 2024/03/03
[2024-08-14T04:40:15.920+0000] {python.py:237} INFO - Done. Returned value was: None
[2024-08-14T04:40:15.921+0000] {taskinstance.py:441} INFO - ::group::Post task execution logs
[2024-08-14T04:40:15.936+0000] {taskinstance.py:1206} INFO - Marking task as SUCCESS. dag_id=Weather_Data_Extraction, task_id=generate_output_file, run_id=backfill__2024-03-03T00:00:00+00:00, execution_date=20240303T000000, start_date=20240814T044015, end_date=20240814T044015
[2024-08-14T04:40:15.969+0000] {local_task_job_runner.py:240} INFO - Task exited with return code 0
[2024-08-14T04:40:16.011+0000] {taskinstance.py:3503} INFO - 1 downstream tasks scheduled from follow-on schedule check
[2024-08-14T04:40:16.017+0000] {local_task_job_runner.py:222} INFO - ::endgroup::
