[2024-08-16T09:47:31.581+0000] {local_task_job_runner.py:120} INFO - ::group::Pre task execution logs
[2024-08-16T09:47:31.810+0000] {taskinstance.py:2076} INFO - Dependencies all met for dep_context=non-requeueable deps ti=<TaskInstance: Weather_Data_Extraction.Trigger_DAG_Prediction_Model backfill__2024-08-13T00:00:00+00:00 [queued]>
[2024-08-16T09:47:31.843+0000] {taskinstance.py:2076} INFO - Dependencies all met for dep_context=requeueable deps ti=<TaskInstance: Weather_Data_Extraction.Trigger_DAG_Prediction_Model backfill__2024-08-13T00:00:00+00:00 [queued]>
[2024-08-16T09:47:31.844+0000] {taskinstance.py:2306} INFO - Starting attempt 1 of 1
[2024-08-16T09:47:31.870+0000] {taskinstance.py:2330} INFO - Executing <Task(TriggerDagRunOperator): Trigger_DAG_Prediction_Model> on 2024-08-13 00:00:00+00:00
[2024-08-16T09:47:31.880+0000] {warnings.py:112} WARNING - /home/***/.local/lib/python3.12/site-packages/***/task/task_runner/standard_task_runner.py:61: DeprecationWarning: This process (pid=1645) is multi-threaded, use of fork() may lead to deadlocks in the child.
  pid = os.fork()

[2024-08-16T09:47:31.882+0000] {standard_task_runner.py:63} INFO - Started process 1647 to run task
[2024-08-16T09:47:31.883+0000] {standard_task_runner.py:90} INFO - Running: ['***', 'tasks', 'run', 'Weather_Data_Extraction', 'Trigger_DAG_Prediction_Model', 'backfill__2024-08-13T00:00:00+00:00', '--job-id', '1191', '--pool', 'default_pool', '--raw', '--subdir', 'DAGS_FOLDER/Data_Weather_Extraction.py', '--cfg-path', '/tmp/tmp7y2s43cp']
[2024-08-16T09:47:31.887+0000] {standard_task_runner.py:91} INFO - Job 1191: Subtask Trigger_DAG_Prediction_Model
[2024-08-16T09:47:31.965+0000] {task_command.py:426} INFO - Running <TaskInstance: Weather_Data_Extraction.Trigger_DAG_Prediction_Model backfill__2024-08-13T00:00:00+00:00 [running]> on host ubuntu
[2024-08-16T09:47:32.185+0000] {taskinstance.py:2648} INFO - Exporting env vars: AIRFLOW_CTX_DAG_OWNER='Ducky' AIRFLOW_CTX_DAG_ID='Weather_Data_Extraction' AIRFLOW_CTX_TASK_ID='Trigger_DAG_Prediction_Model' AIRFLOW_CTX_EXECUTION_DATE='2024-08-13T00:00:00+00:00' AIRFLOW_CTX_TRY_NUMBER='1' AIRFLOW_CTX_DAG_RUN_ID='backfill__2024-08-13T00:00:00+00:00'
[2024-08-16T09:47:32.188+0000] {taskinstance.py:430} INFO - ::endgroup::
[2024-08-16T09:47:32.295+0000] {taskinstance.py:441} INFO - ::group::Post task execution logs
[2024-08-16T09:47:32.312+0000] {taskinstance.py:1206} INFO - Marking task as SUCCESS. dag_id=Weather_Data_Extraction, task_id=Trigger_DAG_Prediction_Model, run_id=backfill__2024-08-13T00:00:00+00:00, execution_date=20240813T000000, start_date=20240816T094731, end_date=20240816T094732
[2024-08-16T09:47:32.380+0000] {local_task_job_runner.py:240} INFO - Task exited with return code 0
[2024-08-16T09:47:32.415+0000] {taskinstance.py:3503} INFO - 0 downstream tasks scheduled from follow-on schedule check
[2024-08-16T09:47:32.421+0000] {local_task_job_runner.py:222} INFO - ::endgroup::
[2024-08-16T10:11:47.208+0000] {local_task_job_runner.py:120} INFO - ::group::Pre task execution logs
[2024-08-16T10:11:47.401+0000] {taskinstance.py:2076} INFO - Dependencies all met for dep_context=non-requeueable deps ti=<TaskInstance: Weather_Data_Extraction.Trigger_DAG_Prediction_Model backfill__2024-08-13T00:00:00+00:00 [queued]>
[2024-08-16T10:11:47.412+0000] {taskinstance.py:2076} INFO - Dependencies all met for dep_context=requeueable deps ti=<TaskInstance: Weather_Data_Extraction.Trigger_DAG_Prediction_Model backfill__2024-08-13T00:00:00+00:00 [queued]>
[2024-08-16T10:11:47.413+0000] {taskinstance.py:2306} INFO - Starting attempt 1 of 1
[2024-08-16T10:11:47.433+0000] {taskinstance.py:2330} INFO - Executing <Task(TriggerDagRunOperator): Trigger_DAG_Prediction_Model> on 2024-08-13 00:00:00+00:00
[2024-08-16T10:11:47.476+0000] {warnings.py:112} WARNING - /home/***/.local/lib/python3.12/site-packages/***/task/task_runner/standard_task_runner.py:61: DeprecationWarning: This process (pid=2412) is multi-threaded, use of fork() may lead to deadlocks in the child.
  pid = os.fork()

[2024-08-16T10:11:47.488+0000] {standard_task_runner.py:63} INFO - Started process 2422 to run task
[2024-08-16T10:11:47.491+0000] {standard_task_runner.py:90} INFO - Running: ['***', 'tasks', 'run', 'Weather_Data_Extraction', 'Trigger_DAG_Prediction_Model', 'backfill__2024-08-13T00:00:00+00:00', '--job-id', '1276', '--pool', 'default_pool', '--raw', '--subdir', 'DAGS_FOLDER/Data_Weather_Extraction.py', '--cfg-path', '/tmp/tmpg8imvz4x']
[2024-08-16T10:11:47.502+0000] {standard_task_runner.py:91} INFO - Job 1276: Subtask Trigger_DAG_Prediction_Model
[2024-08-16T10:11:47.695+0000] {task_command.py:426} INFO - Running <TaskInstance: Weather_Data_Extraction.Trigger_DAG_Prediction_Model backfill__2024-08-13T00:00:00+00:00 [running]> on host ubuntu
[2024-08-16T10:11:47.937+0000] {taskinstance.py:2648} INFO - Exporting env vars: AIRFLOW_CTX_DAG_OWNER='Ducky' AIRFLOW_CTX_DAG_ID='Weather_Data_Extraction' AIRFLOW_CTX_TASK_ID='Trigger_DAG_Prediction_Model' AIRFLOW_CTX_EXECUTION_DATE='2024-08-13T00:00:00+00:00' AIRFLOW_CTX_TRY_NUMBER='1' AIRFLOW_CTX_DAG_RUN_ID='backfill__2024-08-13T00:00:00+00:00'
[2024-08-16T10:11:47.940+0000] {taskinstance.py:430} INFO - ::endgroup::
[2024-08-16T10:11:48.160+0000] {taskinstance.py:441} INFO - ::group::Post task execution logs
[2024-08-16T10:11:48.170+0000] {taskinstance.py:1206} INFO - Marking task as SUCCESS. dag_id=Weather_Data_Extraction, task_id=Trigger_DAG_Prediction_Model, run_id=backfill__2024-08-13T00:00:00+00:00, execution_date=20240813T000000, start_date=20240816T101147, end_date=20240816T101148
[2024-08-16T10:11:48.228+0000] {local_task_job_runner.py:240} INFO - Task exited with return code 0
[2024-08-16T10:11:48.244+0000] {taskinstance.py:3503} INFO - 0 downstream tasks scheduled from follow-on schedule check
[2024-08-16T10:11:48.247+0000] {local_task_job_runner.py:222} INFO - ::endgroup::
