[2024-08-14T07:05:49.366+0000] {local_task_job_runner.py:120} INFO - ::group::Pre task execution logs
[2024-08-14T07:05:49.522+0000] {taskinstance.py:2076} INFO - Dependencies all met for dep_context=non-requeueable deps ti=<TaskInstance: Weather_Data_Extraction.invoke_lambda_task backfill__2024-07-21T00:00:00+00:00 [queued]>
[2024-08-14T07:05:49.531+0000] {taskinstance.py:2076} INFO - Dependencies all met for dep_context=requeueable deps ti=<TaskInstance: Weather_Data_Extraction.invoke_lambda_task backfill__2024-07-21T00:00:00+00:00 [queued]>
[2024-08-14T07:05:49.532+0000] {taskinstance.py:2306} INFO - Starting attempt 1 of 1
[2024-08-14T07:05:49.544+0000] {taskinstance.py:2330} INFO - Executing <Task(PythonOperator): invoke_lambda_task> on 2024-07-21 00:00:00+00:00
[2024-08-14T07:05:49.551+0000] {warnings.py:112} WARNING - /home/***/.local/lib/python3.12/site-packages/***/task/task_runner/standard_task_runner.py:61: DeprecationWarning: This process (pid=5639) is multi-threaded, use of fork() may lead to deadlocks in the child.
  pid = os.fork()

[2024-08-14T07:05:49.552+0000] {standard_task_runner.py:63} INFO - Started process 5641 to run task
[2024-08-14T07:05:49.552+0000] {standard_task_runner.py:90} INFO - Running: ['***', 'tasks', 'run', 'Weather_Data_Extraction', 'invoke_lambda_task', 'backfill__2024-07-21T00:00:00+00:00', '--job-id', '1012', '--pool', 'default_pool', '--raw', '--subdir', 'DAGS_FOLDER/Data_Weather_Extraction.py', '--cfg-path', '/tmp/tmpzx_hl8s6']
[2024-08-14T07:05:49.555+0000] {standard_task_runner.py:91} INFO - Job 1012: Subtask invoke_lambda_task
[2024-08-14T07:05:49.601+0000] {task_command.py:426} INFO - Running <TaskInstance: Weather_Data_Extraction.invoke_lambda_task backfill__2024-07-21T00:00:00+00:00 [running]> on host ubuntu
[2024-08-14T07:05:49.713+0000] {taskinstance.py:2648} INFO - Exporting env vars: AIRFLOW_CTX_DAG_OWNER='Ducky' AIRFLOW_CTX_DAG_ID='Weather_Data_Extraction' AIRFLOW_CTX_TASK_ID='invoke_lambda_task' AIRFLOW_CTX_EXECUTION_DATE='2024-07-21T00:00:00+00:00' AIRFLOW_CTX_TRY_NUMBER='1' AIRFLOW_CTX_DAG_RUN_ID='backfill__2024-07-21T00:00:00+00:00'
[2024-08-14T07:05:49.715+0000] {taskinstance.py:430} INFO - ::endgroup::
[2024-08-14T07:05:49.751+0000] {logging_mixin.py:188} INFO - Data_Weather-20240721.csv
[2024-08-14T07:05:49.752+0000] {logging_mixin.py:188} INFO - 2024/07/21
[2024-08-14T07:05:49.752+0000] {logging_mixin.py:188} INFO - {"execution_date": "2024/07/21", "file_name": "Data_Weather-20240721.csv"}
[2024-08-14T07:05:49.753+0000] {logging_mixin.py:188} INFO - https://eyzyhdwl8l.execute-api.ap-southeast-2.amazonaws.com/dev?execution_date=2024/07/21&file_name=Data_Weather-20240721.csv
[2024-08-14T07:06:23.517+0000] {logging_mixin.py:188} INFO - Failed to invoke Lambda function.
[2024-08-14T07:06:23.518+0000] {logging_mixin.py:188} INFO - Response: {"message": "Endpoint request timed out"}
[2024-08-14T07:06:23.521+0000] {python.py:237} INFO - Done. Returned value was: None
[2024-08-14T07:06:23.522+0000] {taskinstance.py:441} INFO - ::group::Post task execution logs
[2024-08-14T07:06:23.536+0000] {taskinstance.py:1206} INFO - Marking task as SUCCESS. dag_id=Weather_Data_Extraction, task_id=invoke_lambda_task, run_id=backfill__2024-07-21T00:00:00+00:00, execution_date=20240721T000000, start_date=20240814T070549, end_date=20240814T070623
[2024-08-14T07:06:23.727+0000] {local_task_job_runner.py:240} INFO - Task exited with return code 0
[2024-08-14T07:06:23.765+0000] {taskinstance.py:3503} INFO - 0 downstream tasks scheduled from follow-on schedule check
[2024-08-14T07:06:23.777+0000] {local_task_job_runner.py:222} INFO - ::endgroup::
