[2024-08-14T02:14:13.128+0000] {local_task_job_runner.py:120} INFO - ::group::Pre task execution logs
[2024-08-14T02:14:13.350+0000] {taskinstance.py:2076} INFO - Dependencies all met for dep_context=non-requeueable deps ti=<TaskInstance: Scrape_Province.copy_csv_to_table scheduled__2024-08-13T00:00:00+00:00 [queued]>
[2024-08-14T02:14:13.364+0000] {taskinstance.py:2076} INFO - Dependencies all met for dep_context=requeueable deps ti=<TaskInstance: Scrape_Province.copy_csv_to_table scheduled__2024-08-13T00:00:00+00:00 [queued]>
[2024-08-14T02:14:13.366+0000] {taskinstance.py:2306} INFO - Starting attempt 1 of 1
[2024-08-14T02:14:13.400+0000] {taskinstance.py:2330} INFO - Executing <Task(PythonOperator): copy_csv_to_table> on 2024-08-13 00:00:00+00:00
[2024-08-14T02:14:13.413+0000] {warnings.py:112} WARNING - /home/***/.local/lib/python3.12/site-packages/***/task/task_runner/standard_task_runner.py:61: DeprecationWarning: This process (pid=69) is multi-threaded, use of fork() may lead to deadlocks in the child.
  pid = os.fork()

[2024-08-14T02:14:13.417+0000] {standard_task_runner.py:63} INFO - Started process 71 to run task
[2024-08-14T02:14:13.419+0000] {standard_task_runner.py:90} INFO - Running: ['***', 'tasks', 'run', 'Scrape_Province', 'copy_csv_to_table', 'scheduled__2024-08-13T00:00:00+00:00', '--job-id', '299', '--raw', '--subdir', 'DAGS_FOLDER/Province_Extraction.py', '--cfg-path', '/tmp/tmpizzxqadx']
[2024-08-14T02:14:13.426+0000] {standard_task_runner.py:91} INFO - Job 299: Subtask copy_csv_to_table
[2024-08-14T02:14:13.482+0000] {warnings.py:112} WARNING - /home/***/.local/lib/python3.12/site-packages/***/settings.py:195: DeprecationWarning: The sql_alchemy_conn option in [core] has been moved to the sql_alchemy_conn option in [database] - the old setting has been used, but please update your config.
  SQL_ALCHEMY_CONN = conf.get("database", "SQL_ALCHEMY_CONN")

[2024-08-14T02:14:13.560+0000] {task_command.py:426} INFO - Running <TaskInstance: Scrape_Province.copy_csv_to_table scheduled__2024-08-13T00:00:00+00:00 [running]> on host ubuntu
[2024-08-14T02:14:13.750+0000] {taskinstance.py:2648} INFO - Exporting env vars: AIRFLOW_CTX_DAG_OWNER='Ducky' AIRFLOW_CTX_DAG_ID='Scrape_Province' AIRFLOW_CTX_TASK_ID='copy_csv_to_table' AIRFLOW_CTX_EXECUTION_DATE='2024-08-13T00:00:00+00:00' AIRFLOW_CTX_TRY_NUMBER='1' AIRFLOW_CTX_DAG_RUN_ID='scheduled__2024-08-13T00:00:00+00:00'
[2024-08-14T02:14:13.752+0000] {taskinstance.py:430} INFO - ::endgroup::
[2024-08-14T02:14:13.790+0000] {base.py:84} INFO - Using connection ID 'snowflake_conn_raw' for task execution.
[2024-08-14T02:14:13.792+0000] {connection.py:399} INFO - Snowflake Connector for Python Version: 3.10.1, Python Version: 3.12.4, Platform: Linux-5.15.153.1-microsoft-standard-WSL2-x86_64-with-glibc2.36
[2024-08-14T02:14:13.794+0000] {connection.py:1239} INFO - This connection is in OCSP Fail Open Mode. TLS Certificates would be checked for validity and revocation status. Any other Certificate Revocation related exceptions or OCSP Responder failures would be disregarded in favor of connectivity.
[2024-08-14T02:14:15.105+0000] {logging_mixin.py:188} INFO - Connected to Snowflake Successfully!
[2024-08-14T02:14:15.141+0000] {logging_mixin.py:188} INFO - s3://s3-poc-data-marketplace/Province/province_table-20240813.csv
[2024-08-14T02:14:15.178+0000] {logging_mixin.py:188} INFO - 
        COPY INTO RAW_PROVINCE
        FROM 's3://s3-poc-data-marketplace/Province/province_table-20240813.csv'
        CREDENTIALS = (AWS_KEY_ID='AKIA5FTZBUCGQ4SERYPG' AWS_SECRET_KEY='***')
        FILE_FORMAT = (TYPE = 'CSV', DATE_FORMAT = 'YYYYMMDD', SKIP_HEADER = 1, ENCODING='UTF8')
        RETURN_FAILED_ONLY = TRUE;
        
[2024-08-14T02:14:17.348+0000] {cursor.py:1149} INFO - Number of results in first chunk: 1
[2024-08-14T02:14:17.349+0000] {connection.py:762} INFO - closed
[2024-08-14T02:14:17.447+0000] {connection.py:768} INFO - No async queries seem to be running, deleting session
[2024-08-14T02:14:17.549+0000] {python.py:237} INFO - Done. Returned value was: None
[2024-08-14T02:14:17.550+0000] {taskinstance.py:441} INFO - ::group::Post task execution logs
[2024-08-14T02:14:17.566+0000] {taskinstance.py:1206} INFO - Marking task as SUCCESS. dag_id=Scrape_Province, task_id=copy_csv_to_table, run_id=scheduled__2024-08-13T00:00:00+00:00, execution_date=20240813T000000, start_date=20240814T021413, end_date=20240814T021417
[2024-08-14T02:14:17.617+0000] {local_task_job_runner.py:240} INFO - Task exited with return code 0
[2024-08-14T02:14:17.647+0000] {taskinstance.py:3503} INFO - 1 downstream tasks scheduled from follow-on schedule check
[2024-08-14T02:14:17.654+0000] {local_task_job_runner.py:222} INFO - ::endgroup::
