[2024-08-16T08:46:07.614+0000] {local_task_job_runner.py:120} INFO - ::group::Pre task execution logs
[2024-08-16T08:46:07.633+0000] {taskinstance.py:2076} INFO - Dependencies all met for dep_context=non-requeueable deps ti=<TaskInstance: Prediction_Model.Call_Prepare_Data_Procedure manual__2024-08-16T08:45:53.789291+00:00 [queued]>
[2024-08-16T08:46:07.641+0000] {taskinstance.py:2076} INFO - Dependencies all met for dep_context=requeueable deps ti=<TaskInstance: Prediction_Model.Call_Prepare_Data_Procedure manual__2024-08-16T08:45:53.789291+00:00 [queued]>
[2024-08-16T08:46:07.641+0000] {taskinstance.py:2306} INFO - Starting attempt 1 of 1
[2024-08-16T08:46:07.658+0000] {taskinstance.py:2330} INFO - Executing <Task(PythonOperator): Call_Prepare_Data_Procedure> on 2024-08-16 08:45:53.789291+00:00
[2024-08-16T08:46:07.666+0000] {warnings.py:112} WARNING - /home/***/.local/lib/python3.12/site-packages/***/task/task_runner/standard_task_runner.py:61: DeprecationWarning: This process (pid=406) is multi-threaded, use of fork() may lead to deadlocks in the child.
  pid = os.fork()

[2024-08-16T08:46:07.668+0000] {standard_task_runner.py:63} INFO - Started process 408 to run task
[2024-08-16T08:46:07.668+0000] {standard_task_runner.py:90} INFO - Running: ['***', 'tasks', 'run', 'Prediction_Model', 'Call_Prepare_Data_Procedure', 'manual__2024-08-16T08:45:53.789291+00:00', '--job-id', '1105', '--raw', '--subdir', 'DAGS_FOLDER/Prediction_Model.py', '--cfg-path', '/tmp/tmpb2vmc7vu']
[2024-08-16T08:46:07.672+0000] {standard_task_runner.py:91} INFO - Job 1105: Subtask Call_Prepare_Data_Procedure
[2024-08-16T08:46:07.726+0000] {task_command.py:426} INFO - Running <TaskInstance: Prediction_Model.Call_Prepare_Data_Procedure manual__2024-08-16T08:45:53.789291+00:00 [running]> on host ubuntu
[2024-08-16T08:46:07.842+0000] {taskinstance.py:2648} INFO - Exporting env vars: AIRFLOW_CTX_DAG_OWNER='Ducky' AIRFLOW_CTX_DAG_ID='Prediction_Model' AIRFLOW_CTX_TASK_ID='Call_Prepare_Data_Procedure' AIRFLOW_CTX_EXECUTION_DATE='2024-08-16T08:45:53.789291+00:00' AIRFLOW_CTX_TRY_NUMBER='1' AIRFLOW_CTX_DAG_RUN_ID='manual__2024-08-16T08:45:53.789291+00:00'
[2024-08-16T08:46:07.844+0000] {taskinstance.py:430} INFO - ::endgroup::
[2024-08-16T08:46:07.885+0000] {base.py:84} INFO - Using connection ID 'snowflake_conn' for task execution.
[2024-08-16T08:46:07.888+0000] {connection.py:399} INFO - Snowflake Connector for Python Version: 3.10.1, Python Version: 3.12.4, Platform: Linux-5.15.153.1-microsoft-standard-WSL2-x86_64-with-glibc2.36
[2024-08-16T08:46:07.890+0000] {connection.py:1239} INFO - This connection is in OCSP Fail Open Mode. TLS Certificates would be checked for validity and revocation status. Any other Certificate Revocation related exceptions or OCSP Responder failures would be disregarded in favor of connectivity.
[2024-08-16T08:46:09.193+0000] {cursor.py:1149} INFO - Number of results in first chunk: 1
[2024-08-16T08:46:09.195+0000] {sql.py:487} INFO - Running statement: CALL PREPARE_DATA(2024/08/15);, parameters: None
[2024-08-16T08:46:09.435+0000] {connection.py:762} INFO - closed
[2024-08-16T08:46:09.531+0000] {connection.py:768} INFO - No async queries seem to be running, deleting session
[2024-08-16T08:46:09.646+0000] {taskinstance.py:441} INFO - ::group::Post task execution logs
[2024-08-16T08:46:09.649+0000] {taskinstance.py:2905} ERROR - Task failed with exception
Traceback (most recent call last):
  File "/home/airflow/.local/lib/python3.12/site-packages/airflow/models/taskinstance.py", line 465, in _execute_task
    result = _execute_callable(context=context, **execute_callable_kwargs)
             ^^^^^^^^^^^^^^^^^^^^^^^^^^^^^^^^^^^^^^^^^^^^^^^^^^^^^^^^^^^^^
  File "/home/airflow/.local/lib/python3.12/site-packages/airflow/models/taskinstance.py", line 432, in _execute_callable
    return execute_callable(context=context, **execute_callable_kwargs)
           ^^^^^^^^^^^^^^^^^^^^^^^^^^^^^^^^^^^^^^^^^^^^^^^^^^^^^^^^^^^^
  File "/home/airflow/.local/lib/python3.12/site-packages/airflow/models/baseoperator.py", line 401, in wrapper
    return func(self, *args, **kwargs)
           ^^^^^^^^^^^^^^^^^^^^^^^^^^^
  File "/home/airflow/.local/lib/python3.12/site-packages/airflow/operators/python.py", line 235, in execute
    return_value = self.execute_callable()
                   ^^^^^^^^^^^^^^^^^^^^^^^
  File "/home/airflow/.local/lib/python3.12/site-packages/airflow/operators/python.py", line 252, in execute_callable
    return self.python_callable(*self.op_args, **self.op_kwargs)
           ^^^^^^^^^^^^^^^^^^^^^^^^^^^^^^^^^^^^^^^^^^^^^^^^^^^^^
  File "/opt/airflow/dags/Prediction_Model.py", line 24, in call_snowflake_procedure
    hook.run(sql_query)
  File "/home/airflow/.local/lib/python3.12/site-packages/airflow/providers/snowflake/hooks/snowflake.py", line 398, in run
    self._run_command(cur, sql_statement, parameters)  # type: ignore[attr-defined]
    ^^^^^^^^^^^^^^^^^^^^^^^^^^^^^^^^^^^^^^^^^^^^^^^^^
  File "/home/airflow/.local/lib/python3.12/site-packages/airflow/providers/common/sql/hooks/sql.py", line 492, in _run_command
    cur.execute(sql_statement)
  File "/home/airflow/.local/lib/python3.12/site-packages/snowflake/connector/cursor.py", line 1080, in execute
    Error.errorhandler_wrapper(self.connection, self, error_class, errvalue)
  File "/home/airflow/.local/lib/python3.12/site-packages/snowflake/connector/errors.py", line 290, in errorhandler_wrapper
    handed_over = Error.hand_to_other_handler(
                  ^^^^^^^^^^^^^^^^^^^^^^^^^^^^
  File "/home/airflow/.local/lib/python3.12/site-packages/snowflake/connector/errors.py", line 345, in hand_to_other_handler
    cursor.errorhandler(connection, cursor, error_class, error_value)
  File "/home/airflow/.local/lib/python3.12/site-packages/snowflake/connector/errors.py", line 221, in default_errorhandler
    raise error_class(
snowflake.connector.errors.ProgrammingError: 001044 (42P13): 01b6626e-3201-2e07-0009-3646000b543a: SQL compilation error: error line 0 at position -1
Invalid argument types for function 'PREPARE_DATA': (NUMBER(16,12))
[2024-08-16T08:46:09.674+0000] {taskinstance.py:1206} INFO - Marking task as FAILED. dag_id=Prediction_Model, task_id=Call_Prepare_Data_Procedure, run_id=manual__2024-08-16T08:45:53.789291+00:00, execution_date=20240816T084553, start_date=20240816T084607, end_date=20240816T084609
[2024-08-16T08:46:09.703+0000] {standard_task_runner.py:110} ERROR - Failed to execute job 1105 for task Call_Prepare_Data_Procedure (001044 (42P13): 01b6626e-3201-2e07-0009-3646000b543a: SQL compilation error: error line 0 at position -1
Invalid argument types for function 'PREPARE_DATA': (NUMBER(16,12)); 408)
[2024-08-16T08:46:09.737+0000] {local_task_job_runner.py:240} INFO - Task exited with return code 1
[2024-08-16T08:46:09.773+0000] {taskinstance.py:3503} INFO - 0 downstream tasks scheduled from follow-on schedule check
[2024-08-16T08:46:09.779+0000] {local_task_job_runner.py:222} INFO - ::endgroup::
