[2024-08-13T16:10:12.350+0000] {local_task_job_runner.py:120} INFO - ::group::Pre task execution logs
[2024-08-13T16:10:12.383+0000] {taskinstance.py:2076} INFO - Dependencies all met for dep_context=non-requeueable deps ti=<TaskInstance: Weather_Data_Extraction.generate_output_file backfill__2024-03-02T00:00:00+00:00 [queued]>
[2024-08-13T16:10:12.403+0000] {taskinstance.py:2076} INFO - Dependencies all met for dep_context=requeueable deps ti=<TaskInstance: Weather_Data_Extraction.generate_output_file backfill__2024-03-02T00:00:00+00:00 [queued]>
[2024-08-13T16:10:12.404+0000] {taskinstance.py:2306} INFO - Starting attempt 1 of 1
[2024-08-13T16:10:12.745+0000] {taskinstance.py:2330} INFO - Executing <Task(PythonOperator): generate_output_file> on 2024-03-02 00:00:00+00:00
[2024-08-13T16:10:12.760+0000] {warnings.py:112} WARNING - /home/***/.local/lib/python3.12/site-packages/***/task/task_runner/standard_task_runner.py:61: DeprecationWarning: This process (pid=1155) is multi-threaded, use of fork() may lead to deadlocks in the child.
  pid = os.fork()

[2024-08-13T16:10:12.766+0000] {standard_task_runner.py:90} INFO - Running: ['***', 'tasks', 'run', 'Weather_Data_Extraction', 'generate_output_file', 'backfill__2024-03-02T00:00:00+00:00', '--job-id', '231', '--pool', 'default_pool', '--raw', '--subdir', 'DAGS_FOLDER/Data_Weather_Extraction.py', '--cfg-path', '/tmp/tmpus2xdhw_']
[2024-08-13T16:10:12.778+0000] {standard_task_runner.py:91} INFO - Job 231: Subtask generate_output_file
[2024-08-13T16:10:12.773+0000] {standard_task_runner.py:63} INFO - Started process 1172 to run task
[2024-08-13T16:10:12.826+0000] {warnings.py:112} WARNING - /home/***/.local/lib/python3.12/site-packages/***/settings.py:195: DeprecationWarning: The sql_alchemy_conn option in [core] has been moved to the sql_alchemy_conn option in [database] - the old setting has been used, but please update your config.
  SQL_ALCHEMY_CONN = conf.get("database", "SQL_ALCHEMY_CONN")

[2024-08-13T16:10:13.021+0000] {task_command.py:426} INFO - Running <TaskInstance: Weather_Data_Extraction.generate_output_file backfill__2024-03-02T00:00:00+00:00 [running]> on host ubuntu
[2024-08-13T16:10:13.488+0000] {taskinstance.py:2648} INFO - Exporting env vars: AIRFLOW_CTX_DAG_OWNER='Ducky' AIRFLOW_CTX_DAG_ID='Weather_Data_Extraction' AIRFLOW_CTX_TASK_ID='generate_output_file' AIRFLOW_CTX_EXECUTION_DATE='2024-03-02T00:00:00+00:00' AIRFLOW_CTX_TRY_NUMBER='1' AIRFLOW_CTX_DAG_RUN_ID='backfill__2024-03-02T00:00:00+00:00'
[2024-08-13T16:10:13.494+0000] {taskinstance.py:430} INFO - ::endgroup::
[2024-08-13T16:10:13.581+0000] {logging_mixin.py:188} INFO - Generated output file: Data_Weather-20240302.csv
[2024-08-13T16:10:13.583+0000] {logging_mixin.py:188} INFO - Execution Date: 2024/03/02
[2024-08-13T16:10:13.652+0000] {python.py:237} INFO - Done. Returned value was: None
[2024-08-13T16:10:13.656+0000] {taskinstance.py:441} INFO - ::group::Post task execution logs
[2024-08-13T16:10:13.672+0000] {taskinstance.py:1206} INFO - Marking task as SUCCESS. dag_id=Weather_Data_Extraction, task_id=generate_output_file, run_id=backfill__2024-03-02T00:00:00+00:00, execution_date=20240302T000000, start_date=20240813T161012, end_date=20240813T161013
[2024-08-13T16:10:13.729+0000] {local_task_job_runner.py:240} INFO - Task exited with return code 0
[2024-08-13T16:10:13.785+0000] {taskinstance.py:3503} INFO - 1 downstream tasks scheduled from follow-on schedule check
[2024-08-13T16:10:13.791+0000] {local_task_job_runner.py:222} INFO - ::endgroup::
[2024-08-14T04:39:14.893+0000] {local_task_job_runner.py:120} INFO - ::group::Pre task execution logs
[2024-08-14T04:39:14.916+0000] {taskinstance.py:2076} INFO - Dependencies all met for dep_context=non-requeueable deps ti=<TaskInstance: Weather_Data_Extraction.generate_output_file backfill__2024-03-02T00:00:00+00:00 [queued]>
[2024-08-14T04:39:14.930+0000] {taskinstance.py:2076} INFO - Dependencies all met for dep_context=requeueable deps ti=<TaskInstance: Weather_Data_Extraction.generate_output_file backfill__2024-03-02T00:00:00+00:00 [queued]>
[2024-08-14T04:39:14.931+0000] {taskinstance.py:2306} INFO - Starting attempt 1 of 1
[2024-08-14T04:39:15.101+0000] {taskinstance.py:2330} INFO - Executing <Task(PythonOperator): generate_output_file> on 2024-03-02 00:00:00+00:00
[2024-08-14T04:39:15.111+0000] {warnings.py:112} WARNING - /home/***/.local/lib/python3.12/site-packages/***/task/task_runner/standard_task_runner.py:61: DeprecationWarning: This process (pid=2484) is multi-threaded, use of fork() may lead to deadlocks in the child.
  pid = os.fork()

[2024-08-14T04:39:15.114+0000] {standard_task_runner.py:63} INFO - Started process 2486 to run task
[2024-08-14T04:39:15.116+0000] {standard_task_runner.py:90} INFO - Running: ['***', 'tasks', 'run', 'Weather_Data_Extraction', 'generate_output_file', 'backfill__2024-03-02T00:00:00+00:00', '--job-id', '587', '--pool', 'default_pool', '--raw', '--subdir', 'DAGS_FOLDER/Data_Weather_Extraction.py', '--cfg-path', '/tmp/tmp3wltm87v']
[2024-08-14T04:39:15.120+0000] {standard_task_runner.py:91} INFO - Job 587: Subtask generate_output_file
[2024-08-14T04:39:15.216+0000] {task_command.py:426} INFO - Running <TaskInstance: Weather_Data_Extraction.generate_output_file backfill__2024-03-02T00:00:00+00:00 [running]> on host ubuntu
[2024-08-14T04:39:15.384+0000] {taskinstance.py:2648} INFO - Exporting env vars: AIRFLOW_CTX_DAG_OWNER='Ducky' AIRFLOW_CTX_DAG_ID='Weather_Data_Extraction' AIRFLOW_CTX_TASK_ID='generate_output_file' AIRFLOW_CTX_EXECUTION_DATE='2024-03-02T00:00:00+00:00' AIRFLOW_CTX_TRY_NUMBER='1' AIRFLOW_CTX_DAG_RUN_ID='backfill__2024-03-02T00:00:00+00:00'
[2024-08-14T04:39:15.387+0000] {taskinstance.py:430} INFO - ::endgroup::
[2024-08-14T04:39:15.412+0000] {logging_mixin.py:188} INFO - Generated output file: Data_Weather-20240302.csv
[2024-08-14T04:39:15.414+0000] {logging_mixin.py:188} INFO - Execution Date: 2024/03/02
[2024-08-14T04:39:15.464+0000] {python.py:237} INFO - Done. Returned value was: None
[2024-08-14T04:39:15.466+0000] {taskinstance.py:441} INFO - ::group::Post task execution logs
[2024-08-14T04:39:15.487+0000] {taskinstance.py:1206} INFO - Marking task as SUCCESS. dag_id=Weather_Data_Extraction, task_id=generate_output_file, run_id=backfill__2024-03-02T00:00:00+00:00, execution_date=20240302T000000, start_date=20240814T043914, end_date=20240814T043915
[2024-08-14T04:39:15.531+0000] {local_task_job_runner.py:240} INFO - Task exited with return code 0
[2024-08-14T04:39:15.595+0000] {taskinstance.py:3503} INFO - 1 downstream tasks scheduled from follow-on schedule check
[2024-08-14T04:39:15.600+0000] {local_task_job_runner.py:222} INFO - ::endgroup::
