[2024-08-13T16:09:20.705+0000] {local_task_job_runner.py:120} INFO - ::group::Pre task execution logs
[2024-08-13T16:09:20.746+0000] {taskinstance.py:2076} INFO - Dependencies all met for dep_context=non-requeueable deps ti=<TaskInstance: Weather_Data_Extraction.generate_output_file backfill__2024-02-15T00:00:00+00:00 [queued]>
[2024-08-13T16:09:21.014+0000] {taskinstance.py:2076} INFO - Dependencies all met for dep_context=requeueable deps ti=<TaskInstance: Weather_Data_Extraction.generate_output_file backfill__2024-02-15T00:00:00+00:00 [queued]>
[2024-08-13T16:09:21.015+0000] {taskinstance.py:2306} INFO - Starting attempt 1 of 1
[2024-08-13T16:09:21.049+0000] {taskinstance.py:2330} INFO - Executing <Task(PythonOperator): generate_output_file> on 2024-02-15 00:00:00+00:00
[2024-08-13T16:09:21.065+0000] {warnings.py:112} WARNING - /home/***/.local/lib/python3.12/site-packages/***/task/task_runner/standard_task_runner.py:61: DeprecationWarning: This process (pid=1003) is multi-threaded, use of fork() may lead to deadlocks in the child.
  pid = os.fork()

[2024-08-13T16:09:21.068+0000] {standard_task_runner.py:63} INFO - Started process 1019 to run task
[2024-08-13T16:09:21.074+0000] {standard_task_runner.py:90} INFO - Running: ['***', 'tasks', 'run', 'Weather_Data_Extraction', 'generate_output_file', 'backfill__2024-02-15T00:00:00+00:00', '--job-id', '181', '--pool', 'default_pool', '--raw', '--subdir', 'DAGS_FOLDER/Data_Weather_Extraction.py', '--cfg-path', '/tmp/tmp6hzoni4i']
[2024-08-13T16:09:21.078+0000] {standard_task_runner.py:91} INFO - Job 181: Subtask generate_output_file
[2024-08-13T16:09:21.120+0000] {warnings.py:112} WARNING - /home/***/.local/lib/python3.12/site-packages/***/settings.py:195: DeprecationWarning: The sql_alchemy_conn option in [core] has been moved to the sql_alchemy_conn option in [database] - the old setting has been used, but please update your config.
  SQL_ALCHEMY_CONN = conf.get("database", "SQL_ALCHEMY_CONN")

[2024-08-13T16:09:21.207+0000] {task_command.py:426} INFO - Running <TaskInstance: Weather_Data_Extraction.generate_output_file backfill__2024-02-15T00:00:00+00:00 [running]> on host ubuntu
[2024-08-13T16:09:21.460+0000] {taskinstance.py:2648} INFO - Exporting env vars: AIRFLOW_CTX_DAG_OWNER='Ducky' AIRFLOW_CTX_DAG_ID='Weather_Data_Extraction' AIRFLOW_CTX_TASK_ID='generate_output_file' AIRFLOW_CTX_EXECUTION_DATE='2024-02-15T00:00:00+00:00' AIRFLOW_CTX_TRY_NUMBER='1' AIRFLOW_CTX_DAG_RUN_ID='backfill__2024-02-15T00:00:00+00:00'
[2024-08-13T16:09:21.465+0000] {taskinstance.py:430} INFO - ::endgroup::
[2024-08-13T16:09:21.495+0000] {logging_mixin.py:188} INFO - Generated output file: Data_Weather-20240215.csv
[2024-08-13T16:09:21.497+0000] {logging_mixin.py:188} INFO - Execution Date: 2024/02/15
[2024-08-13T16:09:21.551+0000] {python.py:237} INFO - Done. Returned value was: None
[2024-08-13T16:09:21.555+0000] {taskinstance.py:441} INFO - ::group::Post task execution logs
[2024-08-13T16:09:21.588+0000] {taskinstance.py:1206} INFO - Marking task as SUCCESS. dag_id=Weather_Data_Extraction, task_id=generate_output_file, run_id=backfill__2024-02-15T00:00:00+00:00, execution_date=20240215T000000, start_date=20240813T160920, end_date=20240813T160921
[2024-08-13T16:09:21.663+0000] {local_task_job_runner.py:240} INFO - Task exited with return code 0
[2024-08-13T16:09:21.742+0000] {taskinstance.py:3503} INFO - 1 downstream tasks scheduled from follow-on schedule check
[2024-08-13T16:09:21.754+0000] {local_task_job_runner.py:222} INFO - ::endgroup::
[2024-08-14T04:22:44.590+0000] {local_task_job_runner.py:120} INFO - ::group::Pre task execution logs
[2024-08-14T04:22:44.606+0000] {taskinstance.py:2076} INFO - Dependencies all met for dep_context=non-requeueable deps ti=<TaskInstance: Weather_Data_Extraction.generate_output_file backfill__2024-02-15T00:00:00+00:00 [queued]>
[2024-08-14T04:22:44.614+0000] {taskinstance.py:2076} INFO - Dependencies all met for dep_context=requeueable deps ti=<TaskInstance: Weather_Data_Extraction.generate_output_file backfill__2024-02-15T00:00:00+00:00 [queued]>
[2024-08-14T04:22:44.615+0000] {taskinstance.py:2306} INFO - Starting attempt 1 of 1
[2024-08-14T04:22:44.779+0000] {taskinstance.py:2330} INFO - Executing <Task(PythonOperator): generate_output_file> on 2024-02-15 00:00:00+00:00
[2024-08-14T04:22:44.786+0000] {warnings.py:112} WARNING - /home/***/.local/lib/python3.12/site-packages/***/task/task_runner/standard_task_runner.py:61: DeprecationWarning: This process (pid=2129) is multi-threaded, use of fork() may lead to deadlocks in the child.
  pid = os.fork()

[2024-08-14T04:22:44.787+0000] {standard_task_runner.py:63} INFO - Started process 2131 to run task
[2024-08-14T04:22:44.788+0000] {standard_task_runner.py:90} INFO - Running: ['***', 'tasks', 'run', 'Weather_Data_Extraction', 'generate_output_file', 'backfill__2024-02-15T00:00:00+00:00', '--job-id', '539', '--pool', 'default_pool', '--raw', '--subdir', 'DAGS_FOLDER/Data_Weather_Extraction.py', '--cfg-path', '/tmp/tmpadcqqkqx']
[2024-08-14T04:22:44.790+0000] {standard_task_runner.py:91} INFO - Job 539: Subtask generate_output_file
[2024-08-14T04:22:44.849+0000] {task_command.py:426} INFO - Running <TaskInstance: Weather_Data_Extraction.generate_output_file backfill__2024-02-15T00:00:00+00:00 [running]> on host ubuntu
[2024-08-14T04:22:45.000+0000] {taskinstance.py:2648} INFO - Exporting env vars: AIRFLOW_CTX_DAG_OWNER='Ducky' AIRFLOW_CTX_DAG_ID='Weather_Data_Extraction' AIRFLOW_CTX_TASK_ID='generate_output_file' AIRFLOW_CTX_EXECUTION_DATE='2024-02-15T00:00:00+00:00' AIRFLOW_CTX_TRY_NUMBER='1' AIRFLOW_CTX_DAG_RUN_ID='backfill__2024-02-15T00:00:00+00:00'
[2024-08-14T04:22:45.004+0000] {taskinstance.py:430} INFO - ::endgroup::
[2024-08-14T04:22:45.028+0000] {logging_mixin.py:188} INFO - Generated output file: Data_Weather-20240215.csv
[2024-08-14T04:22:45.028+0000] {logging_mixin.py:188} INFO - Execution Date: 2024/02/15
[2024-08-14T04:22:45.059+0000] {python.py:237} INFO - Done. Returned value was: None
[2024-08-14T04:22:45.061+0000] {taskinstance.py:441} INFO - ::group::Post task execution logs
[2024-08-14T04:22:45.078+0000] {taskinstance.py:1206} INFO - Marking task as SUCCESS. dag_id=Weather_Data_Extraction, task_id=generate_output_file, run_id=backfill__2024-02-15T00:00:00+00:00, execution_date=20240215T000000, start_date=20240814T042244, end_date=20240814T042245
[2024-08-14T04:22:45.123+0000] {local_task_job_runner.py:240} INFO - Task exited with return code 0
[2024-08-14T04:22:45.184+0000] {taskinstance.py:3503} INFO - 1 downstream tasks scheduled from follow-on schedule check
[2024-08-14T04:22:45.190+0000] {local_task_job_runner.py:222} INFO - ::endgroup::
