[2024-08-13T15:50:20.127+0000] {local_task_job_runner.py:120} INFO - ::group::Pre task execution logs
[2024-08-13T15:50:20.152+0000] {taskinstance.py:2076} INFO - Dependencies all met for dep_context=non-requeueable deps ti=<TaskInstance: Scrape_City.invoke_lambda_task manual__2024-08-13T15:50:04.759811+00:00 [queued]>
[2024-08-13T15:50:20.399+0000] {taskinstance.py:2076} INFO - Dependencies all met for dep_context=requeueable deps ti=<TaskInstance: Scrape_City.invoke_lambda_task manual__2024-08-13T15:50:04.759811+00:00 [queued]>
[2024-08-13T15:50:20.400+0000] {taskinstance.py:2306} INFO - Starting attempt 1 of 1
[2024-08-13T15:50:20.442+0000] {taskinstance.py:2330} INFO - Executing <Task(PythonOperator): invoke_lambda_task> on 2024-08-13 15:50:04.759811+00:00
[2024-08-13T15:50:20.454+0000] {warnings.py:112} WARNING - /home/***/.local/lib/python3.12/site-packages/***/task/task_runner/standard_task_runner.py:61: DeprecationWarning: This process (pid=272) is multi-threaded, use of fork() may lead to deadlocks in the child.
  pid = os.fork()

[2024-08-13T15:50:20.456+0000] {standard_task_runner.py:63} INFO - Started process 274 to run task
[2024-08-13T15:50:20.457+0000] {standard_task_runner.py:90} INFO - Running: ['***', 'tasks', 'run', 'Scrape_City', 'invoke_lambda_task', 'manual__2024-08-13T15:50:04.759811+00:00', '--job-id', '44', '--raw', '--subdir', 'DAGS_FOLDER/City_Extraction.py', '--cfg-path', '/tmp/tmpbyfmzq63']
[2024-08-13T15:50:20.461+0000] {standard_task_runner.py:91} INFO - Job 44: Subtask invoke_lambda_task
[2024-08-13T15:50:20.478+0000] {warnings.py:112} WARNING - /home/***/.local/lib/python3.12/site-packages/***/settings.py:195: DeprecationWarning: The sql_alchemy_conn option in [core] has been moved to the sql_alchemy_conn option in [database] - the old setting has been used, but please update your config.
  SQL_ALCHEMY_CONN = conf.get("database", "SQL_ALCHEMY_CONN")

[2024-08-13T15:50:20.522+0000] {task_command.py:426} INFO - Running <TaskInstance: Scrape_City.invoke_lambda_task manual__2024-08-13T15:50:04.759811+00:00 [running]> on host ubuntu
[2024-08-13T15:50:20.631+0000] {taskinstance.py:2648} INFO - Exporting env vars: AIRFLOW_CTX_DAG_OWNER='Ducky' AIRFLOW_CTX_DAG_ID='Scrape_City' AIRFLOW_CTX_TASK_ID='invoke_lambda_task' AIRFLOW_CTX_EXECUTION_DATE='2024-08-13T15:50:04.759811+00:00' AIRFLOW_CTX_TRY_NUMBER='1' AIRFLOW_CTX_DAG_RUN_ID='manual__2024-08-13T15:50:04.759811+00:00'
[2024-08-13T15:50:20.634+0000] {taskinstance.py:430} INFO - ::endgroup::
[2024-08-13T15:50:20.676+0000] {logging_mixin.py:188} INFO - city_table-20240812.csv
[2024-08-13T15:50:20.677+0000] {logging_mixin.py:188} INFO - {"execution_date": "city_table-20240812.csv"}
[2024-08-13T15:50:20.678+0000] {logging_mixin.py:188} INFO - https://dql87wyic7.execute-api.ap-southeast-2.amazonaws.com/dev?execution_date=city_table-20240812.csv
[2024-08-13T15:50:50.390+0000] {logging_mixin.py:188} INFO - Failed to invoke Lambda function.
[2024-08-13T15:50:50.392+0000] {logging_mixin.py:188} INFO - Response: {"message": "Endpoint request timed out"}
[2024-08-13T15:50:50.396+0000] {python.py:237} INFO - Done. Returned value was: None
[2024-08-13T15:50:50.397+0000] {taskinstance.py:441} INFO - ::group::Post task execution logs
[2024-08-13T15:50:50.412+0000] {taskinstance.py:1206} INFO - Marking task as SUCCESS. dag_id=Scrape_City, task_id=invoke_lambda_task, run_id=manual__2024-08-13T15:50:04.759811+00:00, execution_date=20240813T155004, start_date=20240813T155020, end_date=20240813T155050
[2024-08-13T15:50:50.468+0000] {local_task_job_runner.py:240} INFO - Task exited with return code 0
[2024-08-13T15:50:50.512+0000] {taskinstance.py:3503} INFO - 1 downstream tasks scheduled from follow-on schedule check
[2024-08-13T15:50:50.516+0000] {local_task_job_runner.py:222} INFO - ::endgroup::
