[2024-08-13T15:06:09.067+0000] {local_task_job_runner.py:120} INFO - ::group::Pre task execution logs
[2024-08-13T15:06:09.096+0000] {taskinstance.py:2076} INFO - Dependencies all met for dep_context=non-requeueable deps ti=<TaskInstance: Scrape_Province.invoke_lambda_task manual__2024-08-13T15:05:58.590829+00:00 [queued]>
[2024-08-13T15:06:09.402+0000] {taskinstance.py:2076} INFO - Dependencies all met for dep_context=requeueable deps ti=<TaskInstance: Scrape_Province.invoke_lambda_task manual__2024-08-13T15:05:58.590829+00:00 [queued]>
[2024-08-13T15:06:09.404+0000] {taskinstance.py:2306} INFO - Starting attempt 1 of 1
[2024-08-13T15:06:09.437+0000] {taskinstance.py:2330} INFO - Executing <Task(PythonOperator): invoke_lambda_task> on 2024-08-13 15:05:58.590829+00:00
[2024-08-13T15:06:09.447+0000] {warnings.py:112} WARNING - /home/***/.local/lib/python3.12/site-packages/***/task/task_runner/standard_task_runner.py:61: DeprecationWarning: This process (pid=169) is multi-threaded, use of fork() may lead to deadlocks in the child.
  pid = os.fork()

[2024-08-13T15:06:09.449+0000] {standard_task_runner.py:63} INFO - Started process 171 to run task
[2024-08-13T15:06:09.449+0000] {standard_task_runner.py:90} INFO - Running: ['***', 'tasks', 'run', 'Scrape_Province', 'invoke_lambda_task', 'manual__2024-08-13T15:05:58.590829+00:00', '--job-id', '10', '--raw', '--subdir', 'DAGS_FOLDER/Province_Extraction.py', '--cfg-path', '/tmp/tmpgy94sr8y']
[2024-08-13T15:06:09.453+0000] {standard_task_runner.py:91} INFO - Job 10: Subtask invoke_lambda_task
[2024-08-13T15:06:09.473+0000] {warnings.py:112} WARNING - /home/***/.local/lib/python3.12/site-packages/***/settings.py:195: DeprecationWarning: The sql_alchemy_conn option in [core] has been moved to the sql_alchemy_conn option in [database] - the old setting has been used, but please update your config.
  SQL_ALCHEMY_CONN = conf.get("database", "SQL_ALCHEMY_CONN")

[2024-08-13T15:06:09.530+0000] {task_command.py:426} INFO - Running <TaskInstance: Scrape_Province.invoke_lambda_task manual__2024-08-13T15:05:58.590829+00:00 [running]> on host ubuntu
[2024-08-13T15:06:09.666+0000] {taskinstance.py:2648} INFO - Exporting env vars: AIRFLOW_CTX_DAG_OWNER='Ducky' AIRFLOW_CTX_DAG_ID='Scrape_Province' AIRFLOW_CTX_TASK_ID='invoke_lambda_task' AIRFLOW_CTX_EXECUTION_DATE='2024-08-13T15:05:58.590829+00:00' AIRFLOW_CTX_TRY_NUMBER='1' AIRFLOW_CTX_DAG_RUN_ID='manual__2024-08-13T15:05:58.590829+00:00'
[2024-08-13T15:06:09.671+0000] {taskinstance.py:430} INFO - ::endgroup::
[2024-08-13T15:06:09.708+0000] {logging_mixin.py:188} INFO - province_table-20240812.csv
[2024-08-13T15:06:09.709+0000] {logging_mixin.py:188} INFO - {"execution_date": "province_table-20240812.csv"}
[2024-08-13T15:06:09.710+0000] {logging_mixin.py:188} INFO - https://4d1d8hk23f.execute-api.ap-southeast-2.amazonaws.com/dev?execution_date=province_table-20240812.csv
[2024-08-13T15:06:11.665+0000] {logging_mixin.py:188} INFO - Lambda function invoked successfully.
[2024-08-13T15:06:11.669+0000] {logging_mixin.py:188} INFO - Response: {'statusCode': 200, 'body': '{"execution_date": "province_table-20240812.csv"}'}
[2024-08-13T15:06:11.674+0000] {python.py:237} INFO - Done. Returned value was: None
[2024-08-13T15:06:11.679+0000] {taskinstance.py:441} INFO - ::group::Post task execution logs
[2024-08-13T15:06:11.696+0000] {taskinstance.py:1206} INFO - Marking task as SUCCESS. dag_id=Scrape_Province, task_id=invoke_lambda_task, run_id=manual__2024-08-13T15:05:58.590829+00:00, execution_date=20240813T150558, start_date=20240813T150609, end_date=20240813T150611
[2024-08-13T15:06:11.759+0000] {local_task_job_runner.py:240} INFO - Task exited with return code 0
[2024-08-13T15:06:11.810+0000] {taskinstance.py:3503} INFO - 1 downstream tasks scheduled from follow-on schedule check
[2024-08-13T15:06:11.815+0000] {local_task_job_runner.py:222} INFO - ::endgroup::
