[2024-08-16T09:45:07.493+0000] {local_task_job_runner.py:120} INFO - ::group::Pre task execution logs
[2024-08-16T09:45:07.507+0000] {taskinstance.py:2076} INFO - Dependencies all met for dep_context=non-requeueable deps ti=<TaskInstance: Prediction_Model.weather_data_daily_models.stg_avg_convert_field_run manual__2024-08-16T09:45:02.222144+00:00 [queued]>
[2024-08-16T09:45:07.514+0000] {taskinstance.py:2076} INFO - Dependencies all met for dep_context=requeueable deps ti=<TaskInstance: Prediction_Model.weather_data_daily_models.stg_avg_convert_field_run manual__2024-08-16T09:45:02.222144+00:00 [queued]>
[2024-08-16T09:45:07.515+0000] {taskinstance.py:2306} INFO - Starting attempt 1 of 3
[2024-08-16T09:45:07.529+0000] {taskinstance.py:2330} INFO - Executing <Task(DbtRunLocalOperator): weather_data_daily_models.stg_avg_convert_field_run> on 2024-08-16 09:45:02.222144+00:00
[2024-08-16T09:45:07.536+0000] {warnings.py:112} WARNING - /home/***/.local/lib/python3.12/site-packages/***/task/task_runner/standard_task_runner.py:61: DeprecationWarning: This process (pid=1514) is multi-threaded, use of fork() may lead to deadlocks in the child.
  pid = os.fork()

[2024-08-16T09:45:07.537+0000] {standard_task_runner.py:63} INFO - Started process 1518 to run task
[2024-08-16T09:45:07.538+0000] {standard_task_runner.py:90} INFO - Running: ['***', 'tasks', 'run', 'Prediction_Model', 'weather_data_daily_models.stg_avg_convert_field_run', 'manual__2024-08-16T09:45:02.222144+00:00', '--job-id', '1176', '--raw', '--subdir', 'DAGS_FOLDER/Prediction_Model.py', '--cfg-path', '/tmp/tmpfz8vm4_6']
[2024-08-16T09:45:07.540+0000] {standard_task_runner.py:91} INFO - Job 1176: Subtask weather_data_daily_models.stg_avg_convert_field_run
[2024-08-16T09:45:07.580+0000] {task_command.py:426} INFO - Running <TaskInstance: Prediction_Model.weather_data_daily_models.stg_avg_convert_field_run manual__2024-08-16T09:45:02.222144+00:00 [running]> on host ubuntu
[2024-08-16T09:45:07.664+0000] {taskinstance.py:2648} INFO - Exporting env vars: AIRFLOW_CTX_DAG_OWNER='Ducky' AIRFLOW_CTX_DAG_ID='Prediction_Model' AIRFLOW_CTX_TASK_ID='weather_data_daily_models.stg_avg_convert_field_run' AIRFLOW_CTX_EXECUTION_DATE='2024-08-16T09:45:02.222144+00:00' AIRFLOW_CTX_TRY_NUMBER='1' AIRFLOW_CTX_DAG_RUN_ID='manual__2024-08-16T09:45:02.222144+00:00'
[2024-08-16T09:45:07.666+0000] {taskinstance.py:430} INFO - ::endgroup::
[2024-08-16T09:45:07.686+0000] {log.py:232} WARNING - [[34m2024-08-16T09:45:07.686+0000[0m] {[34mgraph.py:[0m377} INFO[0m - [35m(astronomer-cosmos)[0m - Trying to parse the dbt project using dbt ls cache cosmos_cache__dbt_dag_filterd__customers_group...[0m
[2024-08-16T09:45:07.687+0000] {log.py:232} WARNING - [[34m2024-08-16T09:45:07.686+0000[0m] {[34mgraph.py:[0m377} INFO[0m - [35m(astronomer-cosmos)[0m - Trying to parse the dbt project using dbt ls cache cosmos_cache__dbt_dag_filterd__customers_group...[0m
[2024-08-16T09:45:07.686+0000] {graph.py:377} INFO - Trying to parse the dbt project using dbt ls cache cosmos_cache__dbt_dag_filterd__customers_group...
[2024-08-16T09:45:07.922+0000] {log.py:232} WARNING - [[34m2024-08-16T09:45:07.922+0000[0m] {[34mcache.py:[0m262} INFO[0m - [35m(astronomer-cosmos)[0m - Cosmos performance: time to calculate cache identifier cosmos_cache__dbt_dag_filterd__customers_group for current version: 0.22621325999989494[0m
[2024-08-16T09:45:07.923+0000] {log.py:232} WARNING - [[34m2024-08-16T09:45:07.922+0000[0m] {[34mcache.py:[0m262} INFO[0m - [35m(astronomer-cosmos)[0m - Cosmos performance: time to calculate cache identifier cosmos_cache__dbt_dag_filterd__customers_group for current version: 0.22621325999989494[0m
[2024-08-16T09:45:07.922+0000] {cache.py:262} INFO - Cosmos performance: time to calculate cache identifier cosmos_cache__dbt_dag_filterd__customers_group for current version: 0.22621325999989494
[2024-08-16T09:45:07.924+0000] {log.py:232} WARNING - [[34m2024-08-16T09:45:07.924+0000[0m] {[34mgraph.py:[0m394} INFO[0m - [35m(astronomer-cosmos)[0m - Cosmos performance [ubuntu|1518]: The cache size for cosmos_cache__dbt_dag_filterd__customers_group is 2948[0m
[2024-08-16T09:45:07.925+0000] {log.py:232} WARNING - [[34m2024-08-16T09:45:07.924+0000[0m] {[34mgraph.py:[0m394} INFO[0m - [35m(astronomer-cosmos)[0m - Cosmos performance [ubuntu|1518]: The cache size for cosmos_cache__dbt_dag_filterd__customers_group is 2948[0m
[2024-08-16T09:45:07.924+0000] {graph.py:394} INFO - Cosmos performance [ubuntu|1518]: The cache size for cosmos_cache__dbt_dag_filterd__customers_group is 2948
[2024-08-16T09:45:07.926+0000] {log.py:232} WARNING - [[34m2024-08-16T09:45:07.926+0000[0m] {[34mgraph.py:[0m402} INFO[0m - [35m(astronomer-cosmos)[0m - Cosmos performance: Cache hit for cosmos_cache__dbt_dag_filterd__customers_group - d3655c99e4b770027e65648437a3d068,5f7d44698c4b67134aff532494870c9c[0m
[2024-08-16T09:45:07.927+0000] {log.py:232} WARNING - [[34m2024-08-16T09:45:07.926+0000[0m] {[34mgraph.py:[0m402} INFO[0m - [35m(astronomer-cosmos)[0m - Cosmos performance: Cache hit for cosmos_cache__dbt_dag_filterd__customers_group - d3655c99e4b770027e65648437a3d068,5f7d44698c4b67134aff532494870c9c[0m
[2024-08-16T09:45:07.926+0000] {graph.py:402} INFO - Cosmos performance: Cache hit for cosmos_cache__dbt_dag_filterd__customers_group - d3655c99e4b770027e65648437a3d068,5f7d44698c4b67134aff532494870c9c
[2024-08-16T09:45:07.928+0000] {log.py:232} WARNING - [[34m2024-08-16T09:45:07.928+0000[0m] {[34mgraph.py:[0m335} INFO[0m - [35m(astronomer-cosmos)[0m - Total nodes: 3[0m
[2024-08-16T09:45:07.929+0000] {log.py:232} WARNING - [[34m2024-08-16T09:45:07.928+0000[0m] {[34mgraph.py:[0m335} INFO[0m - [35m(astronomer-cosmos)[0m - Total nodes: 3[0m
[2024-08-16T09:45:07.928+0000] {graph.py:335} INFO - Total nodes: 3
[2024-08-16T09:45:07.930+0000] {log.py:232} WARNING - [[34m2024-08-16T09:45:07.930+0000[0m] {[34mgraph.py:[0m336} INFO[0m - [35m(astronomer-cosmos)[0m - Total filtered nodes: 3[0m
[2024-08-16T09:45:07.930+0000] {log.py:232} WARNING - [[34m2024-08-16T09:45:07.930+0000[0m] {[34mgraph.py:[0m336} INFO[0m - [35m(astronomer-cosmos)[0m - Total filtered nodes: 3[0m
[2024-08-16T09:45:07.930+0000] {graph.py:336} INFO - Total filtered nodes: 3
[2024-08-16T09:45:07.931+0000] {log.py:232} WARNING - [[34m2024-08-16T09:45:07.931+0000[0m] {[34mconverter.py:[0m251} INFO[0m - [35m(astronomer-cosmos)[0m - Cosmos performance (dbt_dag_filterd__customers_group) -  [ubuntu|1518]: It took 0.245s to parse the dbt project for DAG using LoadMode.DBT_LS_CACHE[0m
[2024-08-16T09:45:07.932+0000] {log.py:232} WARNING - [[34m2024-08-16T09:45:07.931+0000[0m] {[34mconverter.py:[0m251} INFO[0m - [35m(astronomer-cosmos)[0m - Cosmos performance (dbt_dag_filterd__customers_group) -  [ubuntu|1518]: It took 0.245s to parse the dbt project for DAG using LoadMode.DBT_LS_CACHE[0m
[2024-08-16T09:45:07.931+0000] {converter.py:251} INFO - Cosmos performance (dbt_dag_filterd__customers_group) -  [ubuntu|1518]: It took 0.245s to parse the dbt project for DAG using LoadMode.DBT_LS_CACHE
[2024-08-16T09:45:07.935+0000] {log.py:232} WARNING - [[34m2024-08-16T09:45:07.935+0000[0m] {[34mproject.py:[0m35} INFO[0m - [35m(astronomer-cosmos)[0m - Project /opt/***/dags/Data_Marketplace does not have {'dependencies.yml', 'packages.yml'}[0m
[2024-08-16T09:45:07.935+0000] {log.py:232} WARNING - [[34m2024-08-16T09:45:07.935+0000[0m] {[34mproject.py:[0m35} INFO[0m - [35m(astronomer-cosmos)[0m - Project /opt/***/dags/Data_Marketplace does not have {'dependencies.yml', 'packages.yml'}[0m
[2024-08-16T09:45:07.935+0000] {project.py:35} INFO - Project /opt/***/dags/Data_Marketplace does not have {'dependencies.yml', 'packages.yml'}
[2024-08-16T09:45:07.938+0000] {log.py:232} WARNING - [[34m2024-08-16T09:45:07.938+0000[0m] {[34mproject.py:[0m35} INFO[0m - [35m(astronomer-cosmos)[0m - Project /opt/***/dags/Data_Marketplace does not have {'dependencies.yml', 'packages.yml'}[0m
[2024-08-16T09:45:07.939+0000] {log.py:232} WARNING - [[34m2024-08-16T09:45:07.938+0000[0m] {[34mproject.py:[0m35} INFO[0m - [35m(astronomer-cosmos)[0m - Project /opt/***/dags/Data_Marketplace does not have {'dependencies.yml', 'packages.yml'}[0m
[2024-08-16T09:45:07.938+0000] {project.py:35} INFO - Project /opt/***/dags/Data_Marketplace does not have {'dependencies.yml', 'packages.yml'}
[2024-08-16T09:45:07.943+0000] {log.py:232} WARNING - [[34m2024-08-16T09:45:07.943+0000[0m] {[34mproject.py:[0m35} INFO[0m - [35m(astronomer-cosmos)[0m - Project /opt/***/dags/Data_Marketplace does not have {'dependencies.yml', 'packages.yml'}[0m
[2024-08-16T09:45:07.944+0000] {log.py:232} WARNING - [[34m2024-08-16T09:45:07.943+0000[0m] {[34mproject.py:[0m35} INFO[0m - [35m(astronomer-cosmos)[0m - Project /opt/***/dags/Data_Marketplace does not have {'dependencies.yml', 'packages.yml'}[0m
[2024-08-16T09:45:07.943+0000] {project.py:35} INFO - Project /opt/***/dags/Data_Marketplace does not have {'dependencies.yml', 'packages.yml'}
[2024-08-16T09:45:07.945+0000] {log.py:232} WARNING - [[34m2024-08-16T09:45:07.945+0000[0m] {[34mconverter.py:[0m293} INFO[0m - [35m(astronomer-cosmos)[0m - Cosmos performance (dbt_dag_filterd__customers_group) - [ubuntu|1518]: It took 0.0142s to build the Airflow DAG.[0m
[2024-08-16T09:45:07.946+0000] {log.py:232} WARNING - [[34m2024-08-16T09:45:07.945+0000[0m] {[34mconverter.py:[0m293} INFO[0m - [35m(astronomer-cosmos)[0m - Cosmos performance (dbt_dag_filterd__customers_group) - [ubuntu|1518]: It took 0.0142s to build the Airflow DAG.[0m
[2024-08-16T09:45:07.945+0000] {converter.py:293} INFO - Cosmos performance (dbt_dag_filterd__customers_group) - [ubuntu|1518]: It took 0.0142s to build the Airflow DAG.
[2024-08-16T09:45:07.947+0000] {log.py:232} WARNING - [[34m2024-08-16T09:45:07.947+0000[0m] {[34mlocal.py:[0m174} INFO[0m - [35m(astronomer-cosmos)[0m - Could not import dbtRunner. Falling back to subprocess for invoking dbt.[0m
[2024-08-16T09:45:07.948+0000] {log.py:232} WARNING - [[34m2024-08-16T09:45:07.947+0000[0m] {[34mlocal.py:[0m174} INFO[0m - [35m(astronomer-cosmos)[0m - Could not import dbtRunner. Falling back to subprocess for invoking dbt.[0m
[2024-08-16T09:45:07.947+0000] {local.py:174} INFO - Could not import dbtRunner. Falling back to subprocess for invoking dbt.
[2024-08-16T09:45:07.949+0000] {log.py:232} WARNING - [[34m2024-08-16T09:45:07.949+0000[0m] {[34mlocal.py:[0m292} INFO[0m - [35m(astronomer-cosmos)[0m - Cloning project to writable temp directory /tmp/tmpengnm6z4 from /opt/***/dags/Data_Marketplace[0m
[2024-08-16T09:45:07.950+0000] {log.py:232} WARNING - [[34m2024-08-16T09:45:07.949+0000[0m] {[34mlocal.py:[0m292} INFO[0m - [35m(astronomer-cosmos)[0m - Cloning project to writable temp directory /tmp/tmpengnm6z4 from /opt/***/dags/Data_Marketplace[0m
[2024-08-16T09:45:07.949+0000] {local.py:292} INFO - Cloning project to writable temp directory /tmp/tmpengnm6z4 from /opt/airflow/dags/Data_Marketplace
[2024-08-16T09:45:07.956+0000] {log.py:232} WARNING - [[34m2024-08-16T09:45:07.956+0000[0m] {[34mlocal.py:[0m303} INFO[0m - [35m(astronomer-cosmos)[0m - Partial parse is enabled and the latest partial parse file is /tmp/cosmos/Prediction_Model__weather_data_daily_models/target/partial_parse.msgpack[0m
[2024-08-16T09:45:07.957+0000] {log.py:232} WARNING - [[34m2024-08-16T09:45:07.956+0000[0m] {[34mlocal.py:[0m303} INFO[0m - [35m(astronomer-cosmos)[0m - Partial parse is enabled and the latest partial parse file is /tmp/cosmos/Prediction_Model__weather_data_daily_models/target/partial_parse.msgpack[0m
[2024-08-16T09:45:07.956+0000] {local.py:303} INFO - Partial parse is enabled and the latest partial parse file is /tmp/cosmos/Prediction_Model__weather_data_daily_models/target/partial_parse.msgpack
[2024-08-16T09:45:07.973+0000] {log.py:232} WARNING - [[34m2024-08-16T09:45:07.973+0000[0m] {[34mconfig.py:[0m292} INFO[0m - [35m(astronomer-cosmos)[0m - Profile caching is enable.[0m
[2024-08-16T09:45:07.974+0000] {log.py:232} WARNING - [[34m2024-08-16T09:45:07.973+0000[0m] {[34mconfig.py:[0m292} INFO[0m - [35m(astronomer-cosmos)[0m - Profile caching is enable.[0m
[2024-08-16T09:45:07.973+0000] {config.py:292} INFO - Profile caching is enable.
[2024-08-16T09:45:07.993+0000] {base.py:84} INFO - Using connection ID 'snowflake_conn' for task execution.
[2024-08-16T09:45:08.003+0000] {log.py:232} WARNING - [[34m2024-08-16T09:45:08.003+0000[0m] {[34mconfig.py:[0m272} INFO[0m - [35m(astronomer-cosmos)[0m - Profile found in cache using profile: /tmp/cosmos/profile/ec71862f850e9b0839075fe0561d5062ab3dd99ef2a3dac2fe4fc1486f2849d0/profiles.yml.[0m
[2024-08-16T09:45:08.004+0000] {log.py:232} WARNING - [[34m2024-08-16T09:45:08.003+0000[0m] {[34mconfig.py:[0m272} INFO[0m - [35m(astronomer-cosmos)[0m - Profile found in cache using profile: /tmp/cosmos/profile/ec71862f850e9b0839075fe0561d5062ab3dd99ef2a3dac2fe4fc1486f2849d0/profiles.yml.[0m
[2024-08-16T09:45:08.003+0000] {config.py:272} INFO - Profile found in cache using profile: /tmp/cosmos/profile/ec71862f850e9b0839075fe0561d5062ab3dd99ef2a3dac2fe4fc1486f2849d0/profiles.yml.
[2024-08-16T09:45:08.007+0000] {log.py:232} WARNING - [[34m2024-08-16T09:45:08.007+0000[0m] {[34mlocal.py:[0m247} INFO[0m - [35m(astronomer-cosmos)[0m - Trying to run the command:
 ['/opt/***/dbt_venv/bin/dbt', 'run', '--models', 'stg_avg_convert_field', '--project-dir', '/tmp/tmpengnm6z4', '--profiles-dir', '/tmp/cosmos/profile/ec71862f850e9b0839075fe0561d5062ab3dd99ef2a3dac2fe4fc1486f2849d0', '--profile', 'Data_Marketplace', '--target', 'dev']
From /tmp/tmpengnm6z4[0m
[2024-08-16T09:45:08.009+0000] {log.py:232} WARNING - [[34m2024-08-16T09:45:08.007+0000[0m] {[34mlocal.py:[0m247} INFO[0m - [35m(astronomer-cosmos)[0m - Trying to run the command:
 ['/opt/***/dbt_venv/bin/dbt', 'run', '--models', 'stg_avg_convert_field', '--project-dir', '/tmp/tmpengnm6z4', '--profiles-dir', '/tmp/cosmos/profile/ec71862f850e9b0839075fe0561d5062ab3dd99ef2a3dac2fe4fc1486f2849d0', '--profile', 'Data_Marketplace', '--target', 'dev']
From /tmp/tmpengnm6z4[0m
[2024-08-16T09:45:08.007+0000] {local.py:247} INFO - Trying to run the command:
 ['/opt/***/dbt_venv/bin/dbt', 'run', '--models', 'stg_avg_convert_field', '--project-dir', '/tmp/tmpengnm6z4', '--profiles-dir', '/tmp/cosmos/profile/ec71862f850e9b0839075fe0561d5062ab3dd99ef2a3dac2fe4fc1486f2849d0', '--profile', 'Data_Marketplace', '--target', 'dev']
From /tmp/tmpengnm6z4
[2024-08-16T09:45:08.011+0000] {log.py:232} WARNING - [[34m2024-08-16T09:45:08.011+0000[0m] {[34msubprocess.py:[0m60} INFO[0m - [35m(astronomer-cosmos)[0m - Tmp dir root location: 
 /tmp[0m
[2024-08-16T09:45:08.012+0000] {log.py:232} WARNING - [[34m2024-08-16T09:45:08.011+0000[0m] {[34msubprocess.py:[0m60} INFO[0m - [35m(astronomer-cosmos)[0m - Tmp dir root location: 
 /tmp[0m
[2024-08-16T09:45:08.011+0000] {subprocess.py:60} INFO - Tmp dir root location: 
 /tmp
[2024-08-16T09:45:08.014+0000] {log.py:232} WARNING - [[34m2024-08-16T09:45:08.014+0000[0m] {[34msubprocess.py:[0m73} INFO[0m - [35m(astronomer-cosmos)[0m - Running command: ['/opt/***/dbt_venv/bin/dbt', 'run', '--models', 'stg_avg_convert_field', '--project-dir', '/tmp/tmpengnm6z4', '--profiles-dir', '/tmp/cosmos/profile/ec71862f850e9b0839075fe0561d5062ab3dd99ef2a3dac2fe4fc1486f2849d0', '--profile', 'Data_Marketplace', '--target', 'dev'][0m
[2024-08-16T09:45:08.016+0000] {log.py:232} WARNING - [[34m2024-08-16T09:45:08.014+0000[0m] {[34msubprocess.py:[0m73} INFO[0m - [35m(astronomer-cosmos)[0m - Running command: ['/opt/***/dbt_venv/bin/dbt', 'run', '--models', 'stg_avg_convert_field', '--project-dir', '/tmp/tmpengnm6z4', '--profiles-dir', '/tmp/cosmos/profile/ec71862f850e9b0839075fe0561d5062ab3dd99ef2a3dac2fe4fc1486f2849d0', '--profile', 'Data_Marketplace', '--target', 'dev'][0m
[2024-08-16T09:45:08.014+0000] {subprocess.py:73} INFO - Running command: ['/opt/***/dbt_venv/bin/dbt', 'run', '--models', 'stg_avg_convert_field', '--project-dir', '/tmp/tmpengnm6z4', '--profiles-dir', '/tmp/cosmos/profile/ec71862f850e9b0839075fe0561d5062ab3dd99ef2a3dac2fe4fc1486f2849d0', '--profile', 'Data_Marketplace', '--target', 'dev']
[2024-08-16T09:45:08.034+0000] {log.py:232} WARNING - [[34m2024-08-16T09:45:08.033+0000[0m] {[34msubprocess.py:[0m84} INFO[0m - [35m(astronomer-cosmos)[0m - Command output:[0m
[2024-08-16T09:45:08.035+0000] {log.py:232} WARNING - [[34m2024-08-16T09:45:08.033+0000[0m] {[34msubprocess.py:[0m84} INFO[0m - [35m(astronomer-cosmos)[0m - Command output:[0m
[2024-08-16T09:45:08.033+0000] {subprocess.py:84} INFO - Command output:
[2024-08-16T09:45:10.630+0000] {log.py:232} WARNING - [[34m2024-08-16T09:45:10.630+0000[0m] {[34msubprocess.py:[0m94} INFO[0m - [35m(astronomer-cosmos)[0m - [0m09:45:10  Running with dbt=1.8.5[0m
[2024-08-16T09:45:10.631+0000] {log.py:232} WARNING - [[34m2024-08-16T09:45:10.630+0000[0m] {[34msubprocess.py:[0m94} INFO[0m - [35m(astronomer-cosmos)[0m - [0m09:45:10  Running with dbt=1.8.5[0m
[2024-08-16T09:45:10.630+0000] {subprocess.py:94} INFO - [0m09:45:10  Running with dbt=1.8.5
[2024-08-16T09:45:11.199+0000] {log.py:232} WARNING - [[34m2024-08-16T09:45:11.199+0000[0m] {[34msubprocess.py:[0m94} INFO[0m - [35m(astronomer-cosmos)[0m - [0m09:45:11  Registered adapter: snowflake=1.8.3[0m
[2024-08-16T09:45:11.200+0000] {log.py:232} WARNING - [[34m2024-08-16T09:45:11.199+0000[0m] {[34msubprocess.py:[0m94} INFO[0m - [35m(astronomer-cosmos)[0m - [0m09:45:11  Registered adapter: snowflake=1.8.3[0m
[2024-08-16T09:45:11.199+0000] {subprocess.py:94} INFO - [0m09:45:11  Registered adapter: snowflake=1.8.3
[2024-08-16T09:45:11.960+0000] {log.py:232} WARNING - [[34m2024-08-16T09:45:11.959+0000[0m] {[34msubprocess.py:[0m94} INFO[0m - [35m(astronomer-cosmos)[0m - [0m09:45:11  Found 9 models, 2 snapshots, 3 seeds, 2 data tests, 3 sources, 448 macros[0m
[2024-08-16T09:45:11.960+0000] {log.py:232} WARNING - [[34m2024-08-16T09:45:11.959+0000[0m] {[34msubprocess.py:[0m94} INFO[0m - [35m(astronomer-cosmos)[0m - [0m09:45:11  Found 9 models, 2 snapshots, 3 seeds, 2 data tests, 3 sources, 448 macros[0m
[2024-08-16T09:45:11.959+0000] {subprocess.py:94} INFO - [0m09:45:11  Found 9 models, 2 snapshots, 3 seeds, 2 data tests, 3 sources, 448 macros
[2024-08-16T09:45:11.963+0000] {log.py:232} WARNING - [[34m2024-08-16T09:45:11.963+0000[0m] {[34msubprocess.py:[0m94} INFO[0m - [35m(astronomer-cosmos)[0m - [0m09:45:11[0m
[2024-08-16T09:45:11.963+0000] {log.py:232} WARNING - [[34m2024-08-16T09:45:11.963+0000[0m] {[34msubprocess.py:[0m94} INFO[0m - [35m(astronomer-cosmos)[0m - [0m09:45:11[0m
[2024-08-16T09:45:11.963+0000] {subprocess.py:94} INFO - [0m09:45:11
[2024-08-16T09:45:13.400+0000] {log.py:232} WARNING - [[34m2024-08-16T09:45:13.400+0000[0m] {[34msubprocess.py:[0m94} INFO[0m - [35m(astronomer-cosmos)[0m - [0m09:45:13  Concurrency: 1 threads (target='dev')[0m
[2024-08-16T09:45:13.401+0000] {log.py:232} WARNING - [[34m2024-08-16T09:45:13.400+0000[0m] {[34msubprocess.py:[0m94} INFO[0m - [35m(astronomer-cosmos)[0m - [0m09:45:13  Concurrency: 1 threads (target='dev')[0m
[2024-08-16T09:45:13.400+0000] {subprocess.py:94} INFO - [0m09:45:13  Concurrency: 1 threads (target='dev')
[2024-08-16T09:45:13.402+0000] {log.py:232} WARNING - [[34m2024-08-16T09:45:13.402+0000[0m] {[34msubprocess.py:[0m94} INFO[0m - [35m(astronomer-cosmos)[0m - [0m09:45:13[0m
[2024-08-16T09:45:13.403+0000] {log.py:232} WARNING - [[34m2024-08-16T09:45:13.402+0000[0m] {[34msubprocess.py:[0m94} INFO[0m - [35m(astronomer-cosmos)[0m - [0m09:45:13[0m
[2024-08-16T09:45:13.402+0000] {subprocess.py:94} INFO - [0m09:45:13
[2024-08-16T09:45:13.434+0000] {log.py:232} WARNING - [[34m2024-08-16T09:45:13.434+0000[0m] {[34msubprocess.py:[0m94} INFO[0m - [35m(astronomer-cosmos)[0m - [0m09:45:13[0m
[2024-08-16T09:45:13.435+0000] {log.py:232} WARNING - [[34m2024-08-16T09:45:13.434+0000[0m] {[34msubprocess.py:[0m94} INFO[0m - [35m(astronomer-cosmos)[0m - [0m09:45:13[0m
[2024-08-16T09:45:13.434+0000] {subprocess.py:94} INFO - [0m09:45:13
[2024-08-16T09:45:13.437+0000] {log.py:232} WARNING - [[34m2024-08-16T09:45:13.436+0000[0m] {[34msubprocess.py:[0m94} INFO[0m - [35m(astronomer-cosmos)[0m - [0m09:45:13  Finished running  in 0 hours 0 minutes and 1.47 seconds (1.47s).[0m
[2024-08-16T09:45:13.437+0000] {log.py:232} WARNING - [[34m2024-08-16T09:45:13.436+0000[0m] {[34msubprocess.py:[0m94} INFO[0m - [35m(astronomer-cosmos)[0m - [0m09:45:13  Finished running  in 0 hours 0 minutes and 1.47 seconds (1.47s).[0m
[2024-08-16T09:45:13.436+0000] {subprocess.py:94} INFO - [0m09:45:13  Finished running  in 0 hours 0 minutes and 1.47 seconds (1.47s).
[2024-08-16T09:45:15.006+0000] {log.py:232} WARNING - [[34m2024-08-16T09:45:15.005+0000[0m] {[34msubprocess.py:[0m98} INFO[0m - [35m(astronomer-cosmos)[0m - Command exited with return code 0[0m
[2024-08-16T09:45:15.007+0000] {log.py:232} WARNING - [[34m2024-08-16T09:45:15.005+0000[0m] {[34msubprocess.py:[0m98} INFO[0m - [35m(astronomer-cosmos)[0m - Command exited with return code 0[0m
[2024-08-16T09:45:15.005+0000] {subprocess.py:98} INFO - Command exited with return code 0
[2024-08-16T09:45:15.009+0000] {log.py:232} WARNING - [[34m2024-08-16T09:45:15.009+0000[0m] {[34mlocal.py:[0m254} INFO[0m - [35m(astronomer-cosmos)[0m - [0m09:45:13  Finished running  in 0 hours 0 minutes and 1.47 seconds (1.47s).[0m
[2024-08-16T09:45:15.010+0000] {log.py:232} WARNING - [[34m2024-08-16T09:45:15.009+0000[0m] {[34mlocal.py:[0m254} INFO[0m - [35m(astronomer-cosmos)[0m - [0m09:45:13  Finished running  in 0 hours 0 minutes and 1.47 seconds (1.47s).[0m
[2024-08-16T09:45:15.009+0000] {local.py:254} INFO - [0m09:45:13  Finished running  in 0 hours 0 minutes and 1.47 seconds (1.47s).
[2024-08-16T09:45:15.040+0000] {local.py:196} WARNING - Artifact schema version: https://schemas.getdbt.com/dbt/manifest/v12.json is above dbt-ol supported version 7. This might cause errors.
[2024-08-16T09:45:15.042+0000] {local.py:196} WARNING - Artifact schema version: https://schemas.getdbt.com/dbt/run-results/v6.json is above dbt-ol supported version 5. This might cause errors.
[2024-08-16T09:45:15.056+0000] {log.py:232} WARNING - [[34m2024-08-16T09:45:15.055+0000[0m] {[34mlocal.py:[0m349} INFO[0m - [35m(astronomer-cosmos)[0m - Inlets: [][0m
[2024-08-16T09:45:15.058+0000] {log.py:232} WARNING - [[34m2024-08-16T09:45:15.055+0000[0m] {[34mlocal.py:[0m349} INFO[0m - [35m(astronomer-cosmos)[0m - Inlets: [][0m
[2024-08-16T09:45:15.055+0000] {local.py:349} INFO - Inlets: []
[2024-08-16T09:45:15.061+0000] {log.py:232} WARNING - [[34m2024-08-16T09:45:15.060+0000[0m] {[34mlocal.py:[0m350} INFO[0m - [35m(astronomer-cosmos)[0m - Outlets: [][0m
[2024-08-16T09:45:15.062+0000] {log.py:232} WARNING - [[34m2024-08-16T09:45:15.060+0000[0m] {[34mlocal.py:[0m350} INFO[0m - [35m(astronomer-cosmos)[0m - Outlets: [][0m
[2024-08-16T09:45:15.060+0000] {local.py:350} INFO - Outlets: []
[2024-08-16T09:45:15.065+0000] {dag.py:3096} INFO - Sync 1 DAGs
[2024-08-16T09:45:15.110+0000] {dag.py:3954} INFO - Setting next_dagrun for Prediction_Model to None, run_after=None
[2024-08-16T09:45:15.149+0000] {taskinstance.py:441} INFO - ::group::Post task execution logs
[2024-08-16T09:45:15.160+0000] {taskinstance.py:1206} INFO - Marking task as SUCCESS. dag_id=Prediction_Model, task_id=weather_data_daily_models.stg_avg_convert_field_run, run_id=manual__2024-08-16T09:45:02.222144+00:00, execution_date=20240816T094502, start_date=20240816T094507, end_date=20240816T094515
[2024-08-16T09:45:15.217+0000] {local_task_job_runner.py:240} INFO - Task exited with return code 0
[2024-08-16T09:45:15.239+0000] {taskinstance.py:3503} INFO - 0 downstream tasks scheduled from follow-on schedule check
[2024-08-16T09:45:15.241+0000] {local_task_job_runner.py:222} INFO - ::endgroup::
