[2024-08-14T02:13:48.867+0000] {local_task_job_runner.py:120} INFO - ::group::Pre task execution logs
[2024-08-14T02:13:48.882+0000] {taskinstance.py:2076} INFO - Dependencies all met for dep_context=non-requeueable deps ti=<TaskInstance: Scrape_Province.generate_output_file scheduled__2024-08-13T00:00:00+00:00 [queued]>
[2024-08-14T02:13:48.889+0000] {taskinstance.py:2076} INFO - Dependencies all met for dep_context=requeueable deps ti=<TaskInstance: Scrape_Province.generate_output_file scheduled__2024-08-13T00:00:00+00:00 [queued]>
[2024-08-14T02:13:48.889+0000] {taskinstance.py:2306} INFO - Starting attempt 1 of 1
[2024-08-14T02:13:48.904+0000] {taskinstance.py:2330} INFO - Executing <Task(PythonOperator): generate_output_file> on 2024-08-13 00:00:00+00:00
[2024-08-14T02:13:48.911+0000] {warnings.py:112} WARNING - /home/***/.local/lib/python3.12/site-packages/***/task/task_runner/standard_task_runner.py:61: DeprecationWarning: This process (pid=41) is multi-threaded, use of fork() may lead to deadlocks in the child.
  pid = os.fork()

[2024-08-14T02:13:48.912+0000] {standard_task_runner.py:63} INFO - Started process 53 to run task
[2024-08-14T02:13:48.913+0000] {standard_task_runner.py:90} INFO - Running: ['***', 'tasks', 'run', 'Scrape_Province', 'generate_output_file', 'scheduled__2024-08-13T00:00:00+00:00', '--job-id', '293', '--raw', '--subdir', 'DAGS_FOLDER/Province_Extraction.py', '--cfg-path', '/tmp/tmp22l5776s']
[2024-08-14T02:13:48.915+0000] {standard_task_runner.py:91} INFO - Job 293: Subtask generate_output_file
[2024-08-14T02:13:48.926+0000] {warnings.py:112} WARNING - /home/***/.local/lib/python3.12/site-packages/***/settings.py:195: DeprecationWarning: The sql_alchemy_conn option in [core] has been moved to the sql_alchemy_conn option in [database] - the old setting has been used, but please update your config.
  SQL_ALCHEMY_CONN = conf.get("database", "SQL_ALCHEMY_CONN")

[2024-08-14T02:13:48.959+0000] {task_command.py:426} INFO - Running <TaskInstance: Scrape_Province.generate_output_file scheduled__2024-08-13T00:00:00+00:00 [running]> on host ubuntu
[2024-08-14T02:13:49.080+0000] {taskinstance.py:2648} INFO - Exporting env vars: AIRFLOW_CTX_DAG_OWNER='Ducky' AIRFLOW_CTX_DAG_ID='Scrape_Province' AIRFLOW_CTX_TASK_ID='generate_output_file' AIRFLOW_CTX_EXECUTION_DATE='2024-08-13T00:00:00+00:00' AIRFLOW_CTX_TRY_NUMBER='1' AIRFLOW_CTX_DAG_RUN_ID='scheduled__2024-08-13T00:00:00+00:00'
[2024-08-14T02:13:49.083+0000] {taskinstance.py:430} INFO - ::endgroup::
[2024-08-14T02:13:49.106+0000] {logging_mixin.py:188} INFO - Generated output file: province_table-20240813.csv
[2024-08-14T02:13:49.108+0000] {python.py:237} INFO - Done. Returned value was: province_table-20240813.csv
[2024-08-14T02:13:49.109+0000] {taskinstance.py:441} INFO - ::group::Post task execution logs
[2024-08-14T02:13:49.157+0000] {taskinstance.py:1206} INFO - Marking task as SUCCESS. dag_id=Scrape_Province, task_id=generate_output_file, run_id=scheduled__2024-08-13T00:00:00+00:00, execution_date=20240813T000000, start_date=20240814T021348, end_date=20240814T021349
[2024-08-14T02:13:49.207+0000] {local_task_job_runner.py:240} INFO - Task exited with return code 0
[2024-08-14T02:13:49.262+0000] {taskinstance.py:3503} INFO - 1 downstream tasks scheduled from follow-on schedule check
[2024-08-14T02:13:49.266+0000] {local_task_job_runner.py:222} INFO - ::endgroup::
