[2024-08-16T10:05:52.225+0000] {local_task_job_runner.py:120} INFO - ::group::Pre task execution logs
[2024-08-16T10:05:52.246+0000] {taskinstance.py:2076} INFO - Dependencies all met for dep_context=non-requeueable deps ti=<TaskInstance: Prediction_Model.weather_data_daily_models.fct_weather_data_daily_run manual__2024-08-16T10:05:35.849024+00:00 [queued]>
[2024-08-16T10:05:52.259+0000] {taskinstance.py:2076} INFO - Dependencies all met for dep_context=requeueable deps ti=<TaskInstance: Prediction_Model.weather_data_daily_models.fct_weather_data_daily_run manual__2024-08-16T10:05:35.849024+00:00 [queued]>
[2024-08-16T10:05:52.266+0000] {taskinstance.py:2306} INFO - Starting attempt 1 of 3
[2024-08-16T10:05:52.296+0000] {taskinstance.py:2330} INFO - Executing <Task(DbtRunLocalOperator): weather_data_daily_models.fct_weather_data_daily_run> on 2024-08-16 10:05:35.849024+00:00
[2024-08-16T10:05:52.307+0000] {warnings.py:112} WARNING - /home/***/.local/lib/python3.12/site-packages/***/task/task_runner/standard_task_runner.py:61: DeprecationWarning: This process (pid=2167) is multi-threaded, use of fork() may lead to deadlocks in the child.
  pid = os.fork()

[2024-08-16T10:05:52.310+0000] {standard_task_runner.py:63} INFO - Started process 2169 to run task
[2024-08-16T10:05:52.309+0000] {standard_task_runner.py:90} INFO - Running: ['***', 'tasks', 'run', 'Prediction_Model', 'weather_data_daily_models.fct_weather_data_daily_run', 'manual__2024-08-16T10:05:35.849024+00:00', '--job-id', '1247', '--raw', '--subdir', 'DAGS_FOLDER/Prediction_Model.py', '--cfg-path', '/tmp/tmpcyw4_jrh']
[2024-08-16T10:05:52.313+0000] {standard_task_runner.py:91} INFO - Job 1247: Subtask weather_data_daily_models.fct_weather_data_daily_run
[2024-08-16T10:05:52.383+0000] {task_command.py:426} INFO - Running <TaskInstance: Prediction_Model.weather_data_daily_models.fct_weather_data_daily_run manual__2024-08-16T10:05:35.849024+00:00 [running]> on host ubuntu
[2024-08-16T10:05:52.548+0000] {taskinstance.py:2648} INFO - Exporting env vars: AIRFLOW_CTX_DAG_OWNER='Ducky' AIRFLOW_CTX_DAG_ID='Prediction_Model' AIRFLOW_CTX_TASK_ID='weather_data_daily_models.fct_weather_data_daily_run' AIRFLOW_CTX_EXECUTION_DATE='2024-08-16T10:05:35.849024+00:00' AIRFLOW_CTX_TRY_NUMBER='1' AIRFLOW_CTX_DAG_RUN_ID='manual__2024-08-16T10:05:35.849024+00:00'
[2024-08-16T10:05:52.551+0000] {taskinstance.py:430} INFO - ::endgroup::
[2024-08-16T10:05:52.610+0000] {log.py:232} WARNING - [[34m2024-08-16T10:05:52.609+0000[0m] {[34mgraph.py:[0m377} INFO[0m - [35m(astronomer-cosmos)[0m - Trying to parse the dbt project using dbt ls cache cosmos_cache__dbt_dag_filterd__customers_group...[0m
[2024-08-16T10:05:52.611+0000] {log.py:232} WARNING - [[34m2024-08-16T10:05:52.609+0000[0m] {[34mgraph.py:[0m377} INFO[0m - [35m(astronomer-cosmos)[0m - Trying to parse the dbt project using dbt ls cache cosmos_cache__dbt_dag_filterd__customers_group...[0m
[2024-08-16T10:05:52.609+0000] {graph.py:377} INFO - Trying to parse the dbt project using dbt ls cache cosmos_cache__dbt_dag_filterd__customers_group...
[2024-08-16T10:05:52.890+0000] {log.py:232} WARNING - [[34m2024-08-16T10:05:52.890+0000[0m] {[34mcache.py:[0m262} INFO[0m - [35m(astronomer-cosmos)[0m - Cosmos performance: time to calculate cache identifier cosmos_cache__dbt_dag_filterd__customers_group for current version: 0.2585243800003809[0m
[2024-08-16T10:05:52.892+0000] {log.py:232} WARNING - [[34m2024-08-16T10:05:52.890+0000[0m] {[34mcache.py:[0m262} INFO[0m - [35m(astronomer-cosmos)[0m - Cosmos performance: time to calculate cache identifier cosmos_cache__dbt_dag_filterd__customers_group for current version: 0.2585243800003809[0m
[2024-08-16T10:05:52.890+0000] {cache.py:262} INFO - Cosmos performance: time to calculate cache identifier cosmos_cache__dbt_dag_filterd__customers_group for current version: 0.2585243800003809
[2024-08-16T10:05:52.893+0000] {log.py:232} WARNING - [[34m2024-08-16T10:05:52.893+0000[0m] {[34mgraph.py:[0m394} INFO[0m - [35m(astronomer-cosmos)[0m - Cosmos performance [ubuntu|2169]: The cache size for cosmos_cache__dbt_dag_filterd__customers_group is 2948[0m
[2024-08-16T10:05:52.893+0000] {log.py:232} WARNING - [[34m2024-08-16T10:05:52.893+0000[0m] {[34mgraph.py:[0m394} INFO[0m - [35m(astronomer-cosmos)[0m - Cosmos performance [ubuntu|2169]: The cache size for cosmos_cache__dbt_dag_filterd__customers_group is 2948[0m
[2024-08-16T10:05:52.893+0000] {graph.py:394} INFO - Cosmos performance [ubuntu|2169]: The cache size for cosmos_cache__dbt_dag_filterd__customers_group is 2948
[2024-08-16T10:05:52.895+0000] {log.py:232} WARNING - [[34m2024-08-16T10:05:52.895+0000[0m] {[34mgraph.py:[0m402} INFO[0m - [35m(astronomer-cosmos)[0m - Cosmos performance: Cache hit for cosmos_cache__dbt_dag_filterd__customers_group - d3655c99e4b770027e65648437a3d068,5f7d44698c4b67134aff532494870c9c[0m
[2024-08-16T10:05:52.896+0000] {log.py:232} WARNING - [[34m2024-08-16T10:05:52.895+0000[0m] {[34mgraph.py:[0m402} INFO[0m - [35m(astronomer-cosmos)[0m - Cosmos performance: Cache hit for cosmos_cache__dbt_dag_filterd__customers_group - d3655c99e4b770027e65648437a3d068,5f7d44698c4b67134aff532494870c9c[0m
[2024-08-16T10:05:52.895+0000] {graph.py:402} INFO - Cosmos performance: Cache hit for cosmos_cache__dbt_dag_filterd__customers_group - d3655c99e4b770027e65648437a3d068,5f7d44698c4b67134aff532494870c9c
[2024-08-16T10:05:52.897+0000] {log.py:232} WARNING - [[34m2024-08-16T10:05:52.897+0000[0m] {[34mgraph.py:[0m335} INFO[0m - [35m(astronomer-cosmos)[0m - Total nodes: 3[0m
[2024-08-16T10:05:52.898+0000] {log.py:232} WARNING - [[34m2024-08-16T10:05:52.897+0000[0m] {[34mgraph.py:[0m335} INFO[0m - [35m(astronomer-cosmos)[0m - Total nodes: 3[0m
[2024-08-16T10:05:52.897+0000] {graph.py:335} INFO - Total nodes: 3
[2024-08-16T10:05:52.899+0000] {log.py:232} WARNING - [[34m2024-08-16T10:05:52.899+0000[0m] {[34mgraph.py:[0m336} INFO[0m - [35m(astronomer-cosmos)[0m - Total filtered nodes: 3[0m
[2024-08-16T10:05:52.900+0000] {log.py:232} WARNING - [[34m2024-08-16T10:05:52.899+0000[0m] {[34mgraph.py:[0m336} INFO[0m - [35m(astronomer-cosmos)[0m - Total filtered nodes: 3[0m
[2024-08-16T10:05:52.899+0000] {graph.py:336} INFO - Total filtered nodes: 3
[2024-08-16T10:05:52.901+0000] {log.py:232} WARNING - [[34m2024-08-16T10:05:52.901+0000[0m] {[34mconverter.py:[0m251} INFO[0m - [35m(astronomer-cosmos)[0m - Cosmos performance (dbt_dag_filterd__customers_group) -  [ubuntu|2169]: It took 0.292s to parse the dbt project for DAG using LoadMode.DBT_LS_CACHE[0m
[2024-08-16T10:05:52.902+0000] {log.py:232} WARNING - [[34m2024-08-16T10:05:52.901+0000[0m] {[34mconverter.py:[0m251} INFO[0m - [35m(astronomer-cosmos)[0m - Cosmos performance (dbt_dag_filterd__customers_group) -  [ubuntu|2169]: It took 0.292s to parse the dbt project for DAG using LoadMode.DBT_LS_CACHE[0m
[2024-08-16T10:05:52.901+0000] {converter.py:251} INFO - Cosmos performance (dbt_dag_filterd__customers_group) -  [ubuntu|2169]: It took 0.292s to parse the dbt project for DAG using LoadMode.DBT_LS_CACHE
[2024-08-16T10:05:52.906+0000] {log.py:232} WARNING - [[34m2024-08-16T10:05:52.906+0000[0m] {[34mproject.py:[0m35} INFO[0m - [35m(astronomer-cosmos)[0m - Project /opt/***/dags/Data_Marketplace does not have {'dependencies.yml', 'packages.yml'}[0m
[2024-08-16T10:05:52.907+0000] {log.py:232} WARNING - [[34m2024-08-16T10:05:52.906+0000[0m] {[34mproject.py:[0m35} INFO[0m - [35m(astronomer-cosmos)[0m - Project /opt/***/dags/Data_Marketplace does not have {'dependencies.yml', 'packages.yml'}[0m
[2024-08-16T10:05:52.906+0000] {project.py:35} INFO - Project /opt/***/dags/Data_Marketplace does not have {'dependencies.yml', 'packages.yml'}
[2024-08-16T10:05:52.911+0000] {log.py:232} WARNING - [[34m2024-08-16T10:05:52.911+0000[0m] {[34mproject.py:[0m35} INFO[0m - [35m(astronomer-cosmos)[0m - Project /opt/***/dags/Data_Marketplace does not have {'dependencies.yml', 'packages.yml'}[0m
[2024-08-16T10:05:52.912+0000] {log.py:232} WARNING - [[34m2024-08-16T10:05:52.911+0000[0m] {[34mproject.py:[0m35} INFO[0m - [35m(astronomer-cosmos)[0m - Project /opt/***/dags/Data_Marketplace does not have {'dependencies.yml', 'packages.yml'}[0m
[2024-08-16T10:05:52.911+0000] {project.py:35} INFO - Project /opt/***/dags/Data_Marketplace does not have {'dependencies.yml', 'packages.yml'}
[2024-08-16T10:05:52.917+0000] {log.py:232} WARNING - [[34m2024-08-16T10:05:52.916+0000[0m] {[34mproject.py:[0m35} INFO[0m - [35m(astronomer-cosmos)[0m - Project /opt/***/dags/Data_Marketplace does not have {'dependencies.yml', 'packages.yml'}[0m
[2024-08-16T10:05:52.917+0000] {log.py:232} WARNING - [[34m2024-08-16T10:05:52.916+0000[0m] {[34mproject.py:[0m35} INFO[0m - [35m(astronomer-cosmos)[0m - Project /opt/***/dags/Data_Marketplace does not have {'dependencies.yml', 'packages.yml'}[0m
[2024-08-16T10:05:52.916+0000] {project.py:35} INFO - Project /opt/***/dags/Data_Marketplace does not have {'dependencies.yml', 'packages.yml'}
[2024-08-16T10:05:52.919+0000] {log.py:232} WARNING - [[34m2024-08-16T10:05:52.919+0000[0m] {[34mconverter.py:[0m293} INFO[0m - [35m(astronomer-cosmos)[0m - Cosmos performance (dbt_dag_filterd__customers_group) - [ubuntu|2169]: It took 0.0175s to build the Airflow DAG.[0m
[2024-08-16T10:05:52.920+0000] {log.py:232} WARNING - [[34m2024-08-16T10:05:52.919+0000[0m] {[34mconverter.py:[0m293} INFO[0m - [35m(astronomer-cosmos)[0m - Cosmos performance (dbt_dag_filterd__customers_group) - [ubuntu|2169]: It took 0.0175s to build the Airflow DAG.[0m
[2024-08-16T10:05:52.919+0000] {converter.py:293} INFO - Cosmos performance (dbt_dag_filterd__customers_group) - [ubuntu|2169]: It took 0.0175s to build the Airflow DAG.
[2024-08-16T10:05:52.922+0000] {log.py:232} WARNING - [[34m2024-08-16T10:05:52.921+0000[0m] {[34mlocal.py:[0m174} INFO[0m - [35m(astronomer-cosmos)[0m - Could not import dbtRunner. Falling back to subprocess for invoking dbt.[0m
[2024-08-16T10:05:52.922+0000] {log.py:232} WARNING - [[34m2024-08-16T10:05:52.921+0000[0m] {[34mlocal.py:[0m174} INFO[0m - [35m(astronomer-cosmos)[0m - Could not import dbtRunner. Falling back to subprocess for invoking dbt.[0m
[2024-08-16T10:05:52.921+0000] {local.py:174} INFO - Could not import dbtRunner. Falling back to subprocess for invoking dbt.
[2024-08-16T10:05:52.926+0000] {log.py:232} WARNING - [[34m2024-08-16T10:05:52.925+0000[0m] {[34mlocal.py:[0m292} INFO[0m - [35m(astronomer-cosmos)[0m - Cloning project to writable temp directory /tmp/tmp42389y9t from /opt/***/dags/Data_Marketplace[0m
[2024-08-16T10:05:52.927+0000] {log.py:232} WARNING - [[34m2024-08-16T10:05:52.925+0000[0m] {[34mlocal.py:[0m292} INFO[0m - [35m(astronomer-cosmos)[0m - Cloning project to writable temp directory /tmp/tmp42389y9t from /opt/***/dags/Data_Marketplace[0m
[2024-08-16T10:05:52.925+0000] {local.py:292} INFO - Cloning project to writable temp directory /tmp/tmp42389y9t from /opt/airflow/dags/Data_Marketplace
[2024-08-16T10:05:52.936+0000] {log.py:232} WARNING - [[34m2024-08-16T10:05:52.935+0000[0m] {[34mlocal.py:[0m303} INFO[0m - [35m(astronomer-cosmos)[0m - Partial parse is enabled and the latest partial parse file is /tmp/cosmos/Prediction_Model__weather_data_daily_models/target/partial_parse.msgpack[0m
[2024-08-16T10:05:52.936+0000] {log.py:232} WARNING - [[34m2024-08-16T10:05:52.935+0000[0m] {[34mlocal.py:[0m303} INFO[0m - [35m(astronomer-cosmos)[0m - Partial parse is enabled and the latest partial parse file is /tmp/cosmos/Prediction_Model__weather_data_daily_models/target/partial_parse.msgpack[0m
[2024-08-16T10:05:52.935+0000] {local.py:303} INFO - Partial parse is enabled and the latest partial parse file is /tmp/cosmos/Prediction_Model__weather_data_daily_models/target/partial_parse.msgpack
[2024-08-16T10:05:52.945+0000] {log.py:232} WARNING - [[34m2024-08-16T10:05:52.944+0000[0m] {[34mconfig.py:[0m292} INFO[0m - [35m(astronomer-cosmos)[0m - Profile caching is enable.[0m
[2024-08-16T10:05:52.946+0000] {log.py:232} WARNING - [[34m2024-08-16T10:05:52.944+0000[0m] {[34mconfig.py:[0m292} INFO[0m - [35m(astronomer-cosmos)[0m - Profile caching is enable.[0m
[2024-08-16T10:05:52.944+0000] {config.py:292} INFO - Profile caching is enable.
[2024-08-16T10:05:52.958+0000] {base.py:84} INFO - Using connection ID 'snowflake_conn' for task execution.
[2024-08-16T10:05:52.963+0000] {log.py:232} WARNING - [[34m2024-08-16T10:05:52.962+0000[0m] {[34mconfig.py:[0m272} INFO[0m - [35m(astronomer-cosmos)[0m - Profile found in cache using profile: /tmp/cosmos/profile/ec71862f850e9b0839075fe0561d5062ab3dd99ef2a3dac2fe4fc1486f2849d0/profiles.yml.[0m
[2024-08-16T10:05:52.963+0000] {log.py:232} WARNING - [[34m2024-08-16T10:05:52.962+0000[0m] {[34mconfig.py:[0m272} INFO[0m - [35m(astronomer-cosmos)[0m - Profile found in cache using profile: /tmp/cosmos/profile/ec71862f850e9b0839075fe0561d5062ab3dd99ef2a3dac2fe4fc1486f2849d0/profiles.yml.[0m
[2024-08-16T10:05:52.962+0000] {config.py:272} INFO - Profile found in cache using profile: /tmp/cosmos/profile/ec71862f850e9b0839075fe0561d5062ab3dd99ef2a3dac2fe4fc1486f2849d0/profiles.yml.
[2024-08-16T10:05:52.965+0000] {log.py:232} WARNING - [[34m2024-08-16T10:05:52.965+0000[0m] {[34mlocal.py:[0m247} INFO[0m - [35m(astronomer-cosmos)[0m - Trying to run the command:
 ['/opt/***/dbt_venv/bin/dbt', 'run', '--models', 'fct_weather_data_daily', '--project-dir', '/tmp/tmp42389y9t', '--profiles-dir', '/tmp/cosmos/profile/ec71862f850e9b0839075fe0561d5062ab3dd99ef2a3dac2fe4fc1486f2849d0', '--profile', 'Data_Marketplace', '--target', 'dev']
From /tmp/tmp42389y9t[0m
[2024-08-16T10:05:52.966+0000] {log.py:232} WARNING - [[34m2024-08-16T10:05:52.965+0000[0m] {[34mlocal.py:[0m247} INFO[0m - [35m(astronomer-cosmos)[0m - Trying to run the command:
 ['/opt/***/dbt_venv/bin/dbt', 'run', '--models', 'fct_weather_data_daily', '--project-dir', '/tmp/tmp42389y9t', '--profiles-dir', '/tmp/cosmos/profile/ec71862f850e9b0839075fe0561d5062ab3dd99ef2a3dac2fe4fc1486f2849d0', '--profile', 'Data_Marketplace', '--target', 'dev']
From /tmp/tmp42389y9t[0m
[2024-08-16T10:05:52.965+0000] {local.py:247} INFO - Trying to run the command:
 ['/opt/***/dbt_venv/bin/dbt', 'run', '--models', 'fct_weather_data_daily', '--project-dir', '/tmp/tmp42389y9t', '--profiles-dir', '/tmp/cosmos/profile/ec71862f850e9b0839075fe0561d5062ab3dd99ef2a3dac2fe4fc1486f2849d0', '--profile', 'Data_Marketplace', '--target', 'dev']
From /tmp/tmp42389y9t
[2024-08-16T10:05:52.967+0000] {log.py:232} WARNING - [[34m2024-08-16T10:05:52.967+0000[0m] {[34msubprocess.py:[0m60} INFO[0m - [35m(astronomer-cosmos)[0m - Tmp dir root location: 
 /tmp[0m
[2024-08-16T10:05:52.968+0000] {log.py:232} WARNING - [[34m2024-08-16T10:05:52.967+0000[0m] {[34msubprocess.py:[0m60} INFO[0m - [35m(astronomer-cosmos)[0m - Tmp dir root location: 
 /tmp[0m
[2024-08-16T10:05:52.967+0000] {subprocess.py:60} INFO - Tmp dir root location: 
 /tmp
[2024-08-16T10:05:52.969+0000] {log.py:232} WARNING - [[34m2024-08-16T10:05:52.969+0000[0m] {[34msubprocess.py:[0m73} INFO[0m - [35m(astronomer-cosmos)[0m - Running command: ['/opt/***/dbt_venv/bin/dbt', 'run', '--models', 'fct_weather_data_daily', '--project-dir', '/tmp/tmp42389y9t', '--profiles-dir', '/tmp/cosmos/profile/ec71862f850e9b0839075fe0561d5062ab3dd99ef2a3dac2fe4fc1486f2849d0', '--profile', 'Data_Marketplace', '--target', 'dev'][0m
[2024-08-16T10:05:52.970+0000] {log.py:232} WARNING - [[34m2024-08-16T10:05:52.969+0000[0m] {[34msubprocess.py:[0m73} INFO[0m - [35m(astronomer-cosmos)[0m - Running command: ['/opt/***/dbt_venv/bin/dbt', 'run', '--models', 'fct_weather_data_daily', '--project-dir', '/tmp/tmp42389y9t', '--profiles-dir', '/tmp/cosmos/profile/ec71862f850e9b0839075fe0561d5062ab3dd99ef2a3dac2fe4fc1486f2849d0', '--profile', 'Data_Marketplace', '--target', 'dev'][0m
[2024-08-16T10:05:52.969+0000] {subprocess.py:73} INFO - Running command: ['/opt/***/dbt_venv/bin/dbt', 'run', '--models', 'fct_weather_data_daily', '--project-dir', '/tmp/tmp42389y9t', '--profiles-dir', '/tmp/cosmos/profile/ec71862f850e9b0839075fe0561d5062ab3dd99ef2a3dac2fe4fc1486f2849d0', '--profile', 'Data_Marketplace', '--target', 'dev']
[2024-08-16T10:05:52.986+0000] {log.py:232} WARNING - [[34m2024-08-16T10:05:52.986+0000[0m] {[34msubprocess.py:[0m84} INFO[0m - [35m(astronomer-cosmos)[0m - Command output:[0m
[2024-08-16T10:05:52.987+0000] {log.py:232} WARNING - [[34m2024-08-16T10:05:52.986+0000[0m] {[34msubprocess.py:[0m84} INFO[0m - [35m(astronomer-cosmos)[0m - Command output:[0m
[2024-08-16T10:05:52.986+0000] {subprocess.py:84} INFO - Command output:
[2024-08-16T10:05:55.186+0000] {log.py:232} WARNING - [[34m2024-08-16T10:05:55.185+0000[0m] {[34msubprocess.py:[0m94} INFO[0m - [35m(astronomer-cosmos)[0m - [0m10:05:55  Running with dbt=1.8.5[0m
[2024-08-16T10:05:55.186+0000] {log.py:232} WARNING - [[34m2024-08-16T10:05:55.185+0000[0m] {[34msubprocess.py:[0m94} INFO[0m - [35m(astronomer-cosmos)[0m - [0m10:05:55  Running with dbt=1.8.5[0m
[2024-08-16T10:05:55.185+0000] {subprocess.py:94} INFO - [0m10:05:55  Running with dbt=1.8.5
[2024-08-16T10:05:55.668+0000] {log.py:232} WARNING - [[34m2024-08-16T10:05:55.667+0000[0m] {[34msubprocess.py:[0m94} INFO[0m - [35m(astronomer-cosmos)[0m - [0m10:05:55  Registered adapter: snowflake=1.8.3[0m
[2024-08-16T10:05:55.669+0000] {log.py:232} WARNING - [[34m2024-08-16T10:05:55.667+0000[0m] {[34msubprocess.py:[0m94} INFO[0m - [35m(astronomer-cosmos)[0m - [0m10:05:55  Registered adapter: snowflake=1.8.3[0m
[2024-08-16T10:05:55.667+0000] {subprocess.py:94} INFO - [0m10:05:55  Registered adapter: snowflake=1.8.3
[2024-08-16T10:05:56.342+0000] {log.py:232} WARNING - [[34m2024-08-16T10:05:56.342+0000[0m] {[34msubprocess.py:[0m94} INFO[0m - [35m(astronomer-cosmos)[0m - [0m10:05:56  Found 9 models, 2 snapshots, 3 seeds, 2 data tests, 3 sources, 448 macros[0m
[2024-08-16T10:05:56.343+0000] {log.py:232} WARNING - [[34m2024-08-16T10:05:56.342+0000[0m] {[34msubprocess.py:[0m94} INFO[0m - [35m(astronomer-cosmos)[0m - [0m10:05:56  Found 9 models, 2 snapshots, 3 seeds, 2 data tests, 3 sources, 448 macros[0m
[2024-08-16T10:05:56.342+0000] {subprocess.py:94} INFO - [0m10:05:56  Found 9 models, 2 snapshots, 3 seeds, 2 data tests, 3 sources, 448 macros
[2024-08-16T10:05:56.344+0000] {log.py:232} WARNING - [[34m2024-08-16T10:05:56.344+0000[0m] {[34msubprocess.py:[0m94} INFO[0m - [35m(astronomer-cosmos)[0m - [0m10:05:56[0m
[2024-08-16T10:05:56.345+0000] {log.py:232} WARNING - [[34m2024-08-16T10:05:56.344+0000[0m] {[34msubprocess.py:[0m94} INFO[0m - [35m(astronomer-cosmos)[0m - [0m10:05:56[0m
[2024-08-16T10:05:56.344+0000] {subprocess.py:94} INFO - [0m10:05:56
[2024-08-16T10:05:58.662+0000] {log.py:232} WARNING - [[34m2024-08-16T10:05:58.661+0000[0m] {[34msubprocess.py:[0m94} INFO[0m - [35m(astronomer-cosmos)[0m - [0m10:05:58  Concurrency: 1 threads (target='dev')[0m
[2024-08-16T10:05:58.664+0000] {log.py:232} WARNING - [[34m2024-08-16T10:05:58.661+0000[0m] {[34msubprocess.py:[0m94} INFO[0m - [35m(astronomer-cosmos)[0m - [0m10:05:58  Concurrency: 1 threads (target='dev')[0m
[2024-08-16T10:05:58.661+0000] {subprocess.py:94} INFO - [0m10:05:58  Concurrency: 1 threads (target='dev')
[2024-08-16T10:05:58.666+0000] {log.py:232} WARNING - [[34m2024-08-16T10:05:58.666+0000[0m] {[34msubprocess.py:[0m94} INFO[0m - [35m(astronomer-cosmos)[0m - [0m10:05:58[0m
[2024-08-16T10:05:58.668+0000] {log.py:232} WARNING - [[34m2024-08-16T10:05:58.666+0000[0m] {[34msubprocess.py:[0m94} INFO[0m - [35m(astronomer-cosmos)[0m - [0m10:05:58[0m
[2024-08-16T10:05:58.666+0000] {subprocess.py:94} INFO - [0m10:05:58
[2024-08-16T10:05:58.692+0000] {log.py:232} WARNING - [[34m2024-08-16T10:05:58.691+0000[0m] {[34msubprocess.py:[0m94} INFO[0m - [35m(astronomer-cosmos)[0m - [0m10:05:58  1 of 1 START sql incremental model DWH.fct_weather_data_daily .................. [RUN][0m
[2024-08-16T10:05:58.694+0000] {log.py:232} WARNING - [[34m2024-08-16T10:05:58.691+0000[0m] {[34msubprocess.py:[0m94} INFO[0m - [35m(astronomer-cosmos)[0m - [0m10:05:58  1 of 1 START sql incremental model DWH.fct_weather_data_daily .................. [RUN][0m
[2024-08-16T10:05:58.691+0000] {subprocess.py:94} INFO - [0m10:05:58  1 of 1 START sql incremental model DWH.fct_weather_data_daily .................. [RUN]
[2024-08-16T10:06:01.643+0000] {log.py:232} WARNING - [[34m2024-08-16T10:06:01.643+0000[0m] {[34msubprocess.py:[0m94} INFO[0m - [35m(astronomer-cosmos)[0m - [0m10:06:01  1 of 1 OK created sql incremental model DWH.fct_weather_data_daily ............. [[32mSUCCESS 1[0m in 2.95s][0m
[2024-08-16T10:06:01.644+0000] {log.py:232} WARNING - [[34m2024-08-16T10:06:01.643+0000[0m] {[34msubprocess.py:[0m94} INFO[0m - [35m(astronomer-cosmos)[0m - [0m10:06:01  1 of 1 OK created sql incremental model DWH.fct_weather_data_daily ............. [[32mSUCCESS 1[0m in 2.95s][0m
[2024-08-16T10:06:01.643+0000] {subprocess.py:94} INFO - [0m10:06:01  1 of 1 OK created sql incremental model DWH.fct_weather_data_daily ............. [[32mSUCCESS 1[0m in 2.95s]
[2024-08-16T10:06:01.651+0000] {log.py:232} WARNING - [[34m2024-08-16T10:06:01.650+0000[0m] {[34msubprocess.py:[0m94} INFO[0m - [35m(astronomer-cosmos)[0m - [0m10:06:01[0m
[2024-08-16T10:06:01.651+0000] {log.py:232} WARNING - [[34m2024-08-16T10:06:01.650+0000[0m] {[34msubprocess.py:[0m94} INFO[0m - [35m(astronomer-cosmos)[0m - [0m10:06:01[0m
[2024-08-16T10:06:01.650+0000] {subprocess.py:94} INFO - [0m10:06:01
[2024-08-16T10:06:01.653+0000] {log.py:232} WARNING - [[34m2024-08-16T10:06:01.653+0000[0m] {[34msubprocess.py:[0m94} INFO[0m - [35m(astronomer-cosmos)[0m - [0m10:06:01  Finished running 1 incremental model in 0 hours 0 minutes and 5.31 seconds (5.31s).[0m
[2024-08-16T10:06:01.654+0000] {log.py:232} WARNING - [[34m2024-08-16T10:06:01.653+0000[0m] {[34msubprocess.py:[0m94} INFO[0m - [35m(astronomer-cosmos)[0m - [0m10:06:01  Finished running 1 incremental model in 0 hours 0 minutes and 5.31 seconds (5.31s).[0m
[2024-08-16T10:06:01.653+0000] {subprocess.py:94} INFO - [0m10:06:01  Finished running 1 incremental model in 0 hours 0 minutes and 5.31 seconds (5.31s).
[2024-08-16T10:06:01.692+0000] {log.py:232} WARNING - [[34m2024-08-16T10:06:01.691+0000[0m] {[34msubprocess.py:[0m94} INFO[0m - [35m(astronomer-cosmos)[0m - [0m10:06:01[0m
[2024-08-16T10:06:01.693+0000] {log.py:232} WARNING - [[34m2024-08-16T10:06:01.691+0000[0m] {[34msubprocess.py:[0m94} INFO[0m - [35m(astronomer-cosmos)[0m - [0m10:06:01[0m
[2024-08-16T10:06:01.691+0000] {subprocess.py:94} INFO - [0m10:06:01
[2024-08-16T10:06:01.695+0000] {log.py:232} WARNING - [[34m2024-08-16T10:06:01.694+0000[0m] {[34msubprocess.py:[0m94} INFO[0m - [35m(astronomer-cosmos)[0m - [0m10:06:01  [32mCompleted successfully[0m[0m
[2024-08-16T10:06:01.696+0000] {log.py:232} WARNING - [[34m2024-08-16T10:06:01.694+0000[0m] {[34msubprocess.py:[0m94} INFO[0m - [35m(astronomer-cosmos)[0m - [0m10:06:01  [32mCompleted successfully[0m[0m
[2024-08-16T10:06:01.694+0000] {subprocess.py:94} INFO - [0m10:06:01  [32mCompleted successfully[0m
[2024-08-16T10:06:01.697+0000] {log.py:232} WARNING - [[34m2024-08-16T10:06:01.697+0000[0m] {[34msubprocess.py:[0m94} INFO[0m - [35m(astronomer-cosmos)[0m - [0m10:06:01[0m
[2024-08-16T10:06:01.698+0000] {log.py:232} WARNING - [[34m2024-08-16T10:06:01.697+0000[0m] {[34msubprocess.py:[0m94} INFO[0m - [35m(astronomer-cosmos)[0m - [0m10:06:01[0m
[2024-08-16T10:06:01.697+0000] {subprocess.py:94} INFO - [0m10:06:01
[2024-08-16T10:06:01.700+0000] {log.py:232} WARNING - [[34m2024-08-16T10:06:01.700+0000[0m] {[34msubprocess.py:[0m94} INFO[0m - [35m(astronomer-cosmos)[0m - [0m10:06:01  Done. PASS=1 WARN=0 ERROR=0 SKIP=0 TOTAL=1[0m
[2024-08-16T10:06:01.701+0000] {log.py:232} WARNING - [[34m2024-08-16T10:06:01.700+0000[0m] {[34msubprocess.py:[0m94} INFO[0m - [35m(astronomer-cosmos)[0m - [0m10:06:01  Done. PASS=1 WARN=0 ERROR=0 SKIP=0 TOTAL=1[0m
[2024-08-16T10:06:01.700+0000] {subprocess.py:94} INFO - [0m10:06:01  Done. PASS=1 WARN=0 ERROR=0 SKIP=0 TOTAL=1
[2024-08-16T10:06:03.700+0000] {log.py:232} WARNING - [[34m2024-08-16T10:06:03.699+0000[0m] {[34msubprocess.py:[0m98} INFO[0m - [35m(astronomer-cosmos)[0m - Command exited with return code 0[0m
[2024-08-16T10:06:03.701+0000] {log.py:232} WARNING - [[34m2024-08-16T10:06:03.699+0000[0m] {[34msubprocess.py:[0m98} INFO[0m - [35m(astronomer-cosmos)[0m - Command exited with return code 0[0m
[2024-08-16T10:06:03.699+0000] {subprocess.py:98} INFO - Command exited with return code 0
[2024-08-16T10:06:03.702+0000] {log.py:232} WARNING - [[34m2024-08-16T10:06:03.702+0000[0m] {[34mlocal.py:[0m254} INFO[0m - [35m(astronomer-cosmos)[0m - [0m10:06:01  Done. PASS=1 WARN=0 ERROR=0 SKIP=0 TOTAL=1[0m
[2024-08-16T10:06:03.703+0000] {log.py:232} WARNING - [[34m2024-08-16T10:06:03.702+0000[0m] {[34mlocal.py:[0m254} INFO[0m - [35m(astronomer-cosmos)[0m - [0m10:06:01  Done. PASS=1 WARN=0 ERROR=0 SKIP=0 TOTAL=1[0m
[2024-08-16T10:06:03.702+0000] {local.py:254} INFO - [0m10:06:01  Done. PASS=1 WARN=0 ERROR=0 SKIP=0 TOTAL=1
[2024-08-16T10:06:03.718+0000] {local.py:196} WARNING - Artifact schema version: https://schemas.getdbt.com/dbt/manifest/v12.json is above dbt-ol supported version 7. This might cause errors.
[2024-08-16T10:06:03.719+0000] {local.py:196} WARNING - Artifact schema version: https://schemas.getdbt.com/dbt/run-results/v6.json is above dbt-ol supported version 5. This might cause errors.
[2024-08-16T10:06:03.728+0000] {log.py:232} WARNING - [[34m2024-08-16T10:06:03.728+0000[0m] {[34mlocal.py:[0m349} INFO[0m - [35m(astronomer-cosmos)[0m - Inlets: [Dataset(uri='snowflake://uz36730.ap-southeast-1.aws/POC_DATA_MARKETPLACE.DWH.stg_avg_convert_field', extra=None), Dataset(uri='snowflake://uz36730.ap-southeast-1.aws/POC_DATA_MARKETPLACE.DWH.stg_wind_speed', extra=None)][0m
[2024-08-16T10:06:03.729+0000] {log.py:232} WARNING - [[34m2024-08-16T10:06:03.728+0000[0m] {[34mlocal.py:[0m349} INFO[0m - [35m(astronomer-cosmos)[0m - Inlets: [Dataset(uri='snowflake://uz36730.ap-southeast-1.aws/POC_DATA_MARKETPLACE.DWH.stg_avg_convert_field', extra=None), Dataset(uri='snowflake://uz36730.ap-southeast-1.aws/POC_DATA_MARKETPLACE.DWH.stg_wind_speed', extra=None)][0m
[2024-08-16T10:06:03.728+0000] {local.py:349} INFO - Inlets: [Dataset(uri='snowflake://uz36730.ap-southeast-1.aws/POC_DATA_MARKETPLACE.DWH.stg_avg_convert_field', extra=None), Dataset(uri='snowflake://uz36730.ap-southeast-1.aws/POC_DATA_MARKETPLACE.DWH.stg_wind_speed', extra=None)]
[2024-08-16T10:06:03.730+0000] {log.py:232} WARNING - [[34m2024-08-16T10:06:03.730+0000[0m] {[34mlocal.py:[0m350} INFO[0m - [35m(astronomer-cosmos)[0m - Outlets: [Dataset(uri='snowflake://uz36730.ap-southeast-1.aws/POC_DATA_MARKETPLACE.DWH.fct_weather_data_daily', extra=None)][0m
[2024-08-16T10:06:03.731+0000] {log.py:232} WARNING - [[34m2024-08-16T10:06:03.730+0000[0m] {[34mlocal.py:[0m350} INFO[0m - [35m(astronomer-cosmos)[0m - Outlets: [Dataset(uri='snowflake://uz36730.ap-southeast-1.aws/POC_DATA_MARKETPLACE.DWH.fct_weather_data_daily', extra=None)][0m
[2024-08-16T10:06:03.730+0000] {local.py:350} INFO - Outlets: [Dataset(uri='snowflake://uz36730.ap-southeast-1.aws/POC_DATA_MARKETPLACE.DWH.fct_weather_data_daily', extra=None)]
[2024-08-16T10:06:03.732+0000] {dag.py:3096} INFO - Sync 1 DAGs
[2024-08-16T10:06:03.748+0000] {dag.py:3954} INFO - Setting next_dagrun for Prediction_Model to None, run_after=None
[2024-08-16T10:06:03.794+0000] {taskinstance.py:441} INFO - ::group::Post task execution logs
[2024-08-16T10:06:03.850+0000] {taskinstance.py:1206} INFO - Marking task as SUCCESS. dag_id=Prediction_Model, task_id=weather_data_daily_models.fct_weather_data_daily_run, run_id=manual__2024-08-16T10:05:35.849024+00:00, execution_date=20240816T100535, start_date=20240816T100552, end_date=20240816T100603
[2024-08-16T10:06:03.909+0000] {local_task_job_runner.py:240} INFO - Task exited with return code 0
[2024-08-16T10:06:03.939+0000] {taskinstance.py:3503} INFO - 1 downstream tasks scheduled from follow-on schedule check
[2024-08-16T10:06:03.942+0000] {local_task_job_runner.py:222} INFO - ::endgroup::
