[2024-08-16T08:55:33.662+0000] {local_task_job_runner.py:120} INFO - ::group::Pre task execution logs
[2024-08-16T08:55:33.686+0000] {taskinstance.py:2076} INFO - Dependencies all met for dep_context=non-requeueable deps ti=<TaskInstance: Prediction_Model.sleep_for_5_seconds manual__2024-08-16T08:55:28.103155+00:00 [queued]>
[2024-08-16T08:55:33.697+0000] {taskinstance.py:2076} INFO - Dependencies all met for dep_context=requeueable deps ti=<TaskInstance: Prediction_Model.sleep_for_5_seconds manual__2024-08-16T08:55:28.103155+00:00 [queued]>
[2024-08-16T08:55:33.698+0000] {taskinstance.py:2306} INFO - Starting attempt 1 of 1
[2024-08-16T08:55:33.717+0000] {taskinstance.py:2330} INFO - Executing <Task(BashOperator): sleep_for_5_seconds> on 2024-08-16 08:55:28.103155+00:00
[2024-08-16T08:55:33.729+0000] {warnings.py:112} WARNING - /home/***/.local/lib/python3.12/site-packages/***/task/task_runner/standard_task_runner.py:61: DeprecationWarning: This process (pid=561) is multi-threaded, use of fork() may lead to deadlocks in the child.
  pid = os.fork()

[2024-08-16T08:55:33.731+0000] {standard_task_runner.py:63} INFO - Started process 570 to run task
[2024-08-16T08:55:33.732+0000] {standard_task_runner.py:90} INFO - Running: ['***', 'tasks', 'run', 'Prediction_Model', 'sleep_for_5_seconds', 'manual__2024-08-16T08:55:28.103155+00:00', '--job-id', '1118', '--raw', '--subdir', 'DAGS_FOLDER/Prediction_Model.py', '--cfg-path', '/tmp/tmpddz6bp6o']
[2024-08-16T08:55:33.736+0000] {standard_task_runner.py:91} INFO - Job 1118: Subtask sleep_for_5_seconds
[2024-08-16T08:55:33.801+0000] {task_command.py:426} INFO - Running <TaskInstance: Prediction_Model.sleep_for_5_seconds manual__2024-08-16T08:55:28.103155+00:00 [running]> on host ubuntu
[2024-08-16T08:55:33.940+0000] {taskinstance.py:2648} INFO - Exporting env vars: AIRFLOW_CTX_DAG_OWNER='Ducky' AIRFLOW_CTX_DAG_ID='Prediction_Model' AIRFLOW_CTX_TASK_ID='sleep_for_5_seconds' AIRFLOW_CTX_EXECUTION_DATE='2024-08-16T08:55:28.103155+00:00' AIRFLOW_CTX_TRY_NUMBER='1' AIRFLOW_CTX_DAG_RUN_ID='manual__2024-08-16T08:55:28.103155+00:00'
[2024-08-16T08:55:33.943+0000] {taskinstance.py:430} INFO - ::endgroup::
[2024-08-16T08:55:33.963+0000] {subprocess.py:63} INFO - Tmp dir root location: /tmp
[2024-08-16T08:55:33.965+0000] {subprocess.py:75} INFO - Running command: ['/usr/bin/bash', '-c', 'sleep 5']
[2024-08-16T08:55:33.984+0000] {subprocess.py:86} INFO - Output:
[2024-08-16T08:55:38.988+0000] {subprocess.py:97} INFO - Command exited with return code 0
[2024-08-16T08:55:38.992+0000] {taskinstance.py:441} INFO - ::group::Post task execution logs
[2024-08-16T08:55:39.037+0000] {taskinstance.py:1206} INFO - Marking task as SUCCESS. dag_id=Prediction_Model, task_id=sleep_for_5_seconds, run_id=manual__2024-08-16T08:55:28.103155+00:00, execution_date=20240816T085528, start_date=20240816T085533, end_date=20240816T085539
[2024-08-16T08:55:39.085+0000] {local_task_job_runner.py:240} INFO - Task exited with return code 0
[2024-08-16T08:55:39.112+0000] {taskinstance.py:3503} INFO - 0 downstream tasks scheduled from follow-on schedule check
[2024-08-16T08:55:39.116+0000] {local_task_job_runner.py:222} INFO - ::endgroup::
