[2024-08-13T16:09:20.469+0000] {local_task_job_runner.py:120} INFO - ::group::Pre task execution logs
[2024-08-13T16:09:20.495+0000] {taskinstance.py:2076} INFO - Dependencies all met for dep_context=non-requeueable deps ti=<TaskInstance: Weather_Data_Extraction.generate_output_file backfill__2024-02-08T00:00:00+00:00 [queued]>
[2024-08-13T16:09:20.743+0000] {taskinstance.py:2076} INFO - Dependencies all met for dep_context=requeueable deps ti=<TaskInstance: Weather_Data_Extraction.generate_output_file backfill__2024-02-08T00:00:00+00:00 [queued]>
[2024-08-13T16:09:20.746+0000] {taskinstance.py:2306} INFO - Starting attempt 1 of 1
[2024-08-13T16:09:20.783+0000] {taskinstance.py:2330} INFO - Executing <Task(PythonOperator): generate_output_file> on 2024-02-08 00:00:00+00:00
[2024-08-13T16:09:20.797+0000] {warnings.py:112} WARNING - /home/***/.local/lib/python3.12/site-packages/***/task/task_runner/standard_task_runner.py:61: DeprecationWarning: This process (pid=1002) is multi-threaded, use of fork() may lead to deadlocks in the child.
  pid = os.fork()

[2024-08-13T16:09:20.800+0000] {standard_task_runner.py:63} INFO - Started process 1017 to run task
[2024-08-13T16:09:20.806+0000] {standard_task_runner.py:90} INFO - Running: ['***', 'tasks', 'run', 'Weather_Data_Extraction', 'generate_output_file', 'backfill__2024-02-08T00:00:00+00:00', '--job-id', '179', '--pool', 'default_pool', '--raw', '--subdir', 'DAGS_FOLDER/Data_Weather_Extraction.py', '--cfg-path', '/tmp/tmp9029xu7g']
[2024-08-13T16:09:20.813+0000] {standard_task_runner.py:91} INFO - Job 179: Subtask generate_output_file
[2024-08-13T16:09:20.837+0000] {warnings.py:112} WARNING - /home/***/.local/lib/python3.12/site-packages/***/settings.py:195: DeprecationWarning: The sql_alchemy_conn option in [core] has been moved to the sql_alchemy_conn option in [database] - the old setting has been used, but please update your config.
  SQL_ALCHEMY_CONN = conf.get("database", "SQL_ALCHEMY_CONN")

[2024-08-13T16:09:20.941+0000] {task_command.py:426} INFO - Running <TaskInstance: Weather_Data_Extraction.generate_output_file backfill__2024-02-08T00:00:00+00:00 [running]> on host ubuntu
[2024-08-13T16:09:21.142+0000] {taskinstance.py:2648} INFO - Exporting env vars: AIRFLOW_CTX_DAG_OWNER='Ducky' AIRFLOW_CTX_DAG_ID='Weather_Data_Extraction' AIRFLOW_CTX_TASK_ID='generate_output_file' AIRFLOW_CTX_EXECUTION_DATE='2024-02-08T00:00:00+00:00' AIRFLOW_CTX_TRY_NUMBER='1' AIRFLOW_CTX_DAG_RUN_ID='backfill__2024-02-08T00:00:00+00:00'
[2024-08-13T16:09:21.145+0000] {taskinstance.py:430} INFO - ::endgroup::
[2024-08-13T16:09:21.178+0000] {logging_mixin.py:188} INFO - Generated output file: Data_Weather-20240208.csv
[2024-08-13T16:09:21.179+0000] {logging_mixin.py:188} INFO - Execution Date: 2024/02/08
[2024-08-13T16:09:21.224+0000] {python.py:237} INFO - Done. Returned value was: None
[2024-08-13T16:09:21.230+0000] {taskinstance.py:441} INFO - ::group::Post task execution logs
[2024-08-13T16:09:21.258+0000] {taskinstance.py:1206} INFO - Marking task as SUCCESS. dag_id=Weather_Data_Extraction, task_id=generate_output_file, run_id=backfill__2024-02-08T00:00:00+00:00, execution_date=20240208T000000, start_date=20240813T160920, end_date=20240813T160921
[2024-08-13T16:09:21.316+0000] {local_task_job_runner.py:240} INFO - Task exited with return code 0
[2024-08-13T16:09:21.384+0000] {taskinstance.py:3503} INFO - 1 downstream tasks scheduled from follow-on schedule check
[2024-08-13T16:09:21.399+0000] {local_task_job_runner.py:222} INFO - ::endgroup::
[2024-08-14T03:53:46.906+0000] {local_task_job_runner.py:120} INFO - ::group::Pre task execution logs
[2024-08-14T03:53:46.940+0000] {taskinstance.py:2076} INFO - Dependencies all met for dep_context=non-requeueable deps ti=<TaskInstance: Weather_Data_Extraction.generate_output_file backfill__2024-02-08T00:00:00+00:00 [queued]>
[2024-08-14T03:53:47.101+0000] {taskinstance.py:2076} INFO - Dependencies all met for dep_context=requeueable deps ti=<TaskInstance: Weather_Data_Extraction.generate_output_file backfill__2024-02-08T00:00:00+00:00 [queued]>
[2024-08-14T03:53:47.102+0000] {taskinstance.py:2306} INFO - Starting attempt 1 of 1
[2024-08-14T03:53:47.119+0000] {taskinstance.py:2330} INFO - Executing <Task(PythonOperator): generate_output_file> on 2024-02-08 00:00:00+00:00
[2024-08-14T03:53:47.130+0000] {warnings.py:112} WARNING - /home/***/.local/lib/python3.12/site-packages/***/task/task_runner/standard_task_runner.py:61: DeprecationWarning: This process (pid=1697) is multi-threaded, use of fork() may lead to deadlocks in the child.
  pid = os.fork()

[2024-08-14T03:53:47.134+0000] {standard_task_runner.py:63} INFO - Started process 1699 to run task
[2024-08-14T03:53:47.135+0000] {standard_task_runner.py:90} INFO - Running: ['***', 'tasks', 'run', 'Weather_Data_Extraction', 'generate_output_file', 'backfill__2024-02-08T00:00:00+00:00', '--job-id', '514', '--pool', 'default_pool', '--raw', '--subdir', 'DAGS_FOLDER/Data_Weather_Extraction.py', '--cfg-path', '/tmp/tmp6m7zu0bz']
[2024-08-14T03:53:47.141+0000] {standard_task_runner.py:91} INFO - Job 514: Subtask generate_output_file
[2024-08-14T03:53:47.217+0000] {task_command.py:426} INFO - Running <TaskInstance: Weather_Data_Extraction.generate_output_file backfill__2024-02-08T00:00:00+00:00 [running]> on host ubuntu
[2024-08-14T03:53:47.316+0000] {taskinstance.py:2648} INFO - Exporting env vars: AIRFLOW_CTX_DAG_OWNER='Ducky' AIRFLOW_CTX_DAG_ID='Weather_Data_Extraction' AIRFLOW_CTX_TASK_ID='generate_output_file' AIRFLOW_CTX_EXECUTION_DATE='2024-02-08T00:00:00+00:00' AIRFLOW_CTX_TRY_NUMBER='1' AIRFLOW_CTX_DAG_RUN_ID='backfill__2024-02-08T00:00:00+00:00'
[2024-08-14T03:53:47.319+0000] {taskinstance.py:430} INFO - ::endgroup::
[2024-08-14T03:53:47.337+0000] {logging_mixin.py:188} INFO - Generated output file: Data_Weather-20240208.csv
[2024-08-14T03:53:47.338+0000] {logging_mixin.py:188} INFO - Execution Date: 2024/02/08
[2024-08-14T03:53:47.366+0000] {python.py:237} INFO - Done. Returned value was: None
[2024-08-14T03:53:47.368+0000] {taskinstance.py:441} INFO - ::group::Post task execution logs
[2024-08-14T03:53:47.381+0000] {taskinstance.py:1206} INFO - Marking task as SUCCESS. dag_id=Weather_Data_Extraction, task_id=generate_output_file, run_id=backfill__2024-02-08T00:00:00+00:00, execution_date=20240208T000000, start_date=20240814T035346, end_date=20240814T035347
[2024-08-14T03:53:47.432+0000] {local_task_job_runner.py:240} INFO - Task exited with return code 0
[2024-08-14T03:53:47.479+0000] {taskinstance.py:3503} INFO - 1 downstream tasks scheduled from follow-on schedule check
[2024-08-14T03:53:47.483+0000] {local_task_job_runner.py:222} INFO - ::endgroup::
