[2024-08-09T08:47:03.489+0000] {local_task_job_runner.py:120} INFO - ::group::Pre task execution logs
[2024-08-09T08:47:03.507+0000] {taskinstance.py:2076} INFO - Dependencies all met for dep_context=non-requeueable deps ti=<TaskInstance: Scrape_Province.check_s3_file scheduled__2024-08-08T00:00:00+00:00 [queued]>
[2024-08-09T08:47:03.517+0000] {taskinstance.py:2076} INFO - Dependencies all met for dep_context=requeueable deps ti=<TaskInstance: Scrape_Province.check_s3_file scheduled__2024-08-08T00:00:00+00:00 [queued]>
[2024-08-09T08:47:03.518+0000] {taskinstance.py:2306} INFO - Starting attempt 1 of 1
[2024-08-09T08:47:03.710+0000] {taskinstance.py:2330} INFO - Executing <Task(S3KeySensor): check_s3_file> on 2024-08-08 00:00:00+00:00
[2024-08-09T08:47:03.722+0000] {warnings.py:112} WARNING - /home/***/.local/lib/python3.12/site-packages/***/task/task_runner/standard_task_runner.py:61: DeprecationWarning: This process (pid=946) is multi-threaded, use of fork() may lead to deadlocks in the child.
  pid = os.fork()

[2024-08-09T08:47:03.724+0000] {standard_task_runner.py:63} INFO - Started process 948 to run task
[2024-08-09T08:47:03.724+0000] {standard_task_runner.py:90} INFO - Running: ['***', 'tasks', 'run', 'Scrape_Province', 'check_s3_file', 'scheduled__2024-08-08T00:00:00+00:00', '--job-id', '44', '--raw', '--subdir', 'DAGS_FOLDER/Province_Extraction.py', '--cfg-path', '/tmp/tmpfviytjp5']
[2024-08-09T08:47:03.727+0000] {standard_task_runner.py:91} INFO - Job 44: Subtask check_s3_file
[2024-08-09T08:47:03.741+0000] {warnings.py:112} WARNING - /home/***/.local/lib/python3.12/site-packages/***/settings.py:195: DeprecationWarning: The sql_alchemy_conn option in [core] has been moved to the sql_alchemy_conn option in [database] - the old setting has been used, but please update your config.
  SQL_ALCHEMY_CONN = conf.get("database", "SQL_ALCHEMY_CONN")

[2024-08-09T08:47:03.779+0000] {task_command.py:426} INFO - Running <TaskInstance: Scrape_Province.check_s3_file scheduled__2024-08-08T00:00:00+00:00 [running]> on host ubuntu
[2024-08-09T08:47:03.883+0000] {taskinstance.py:2648} INFO - Exporting env vars: AIRFLOW_CTX_DAG_OWNER='Ducky' AIRFLOW_CTX_DAG_ID='Scrape_Province' AIRFLOW_CTX_TASK_ID='check_s3_file' AIRFLOW_CTX_EXECUTION_DATE='2024-08-08T00:00:00+00:00' AIRFLOW_CTX_TRY_NUMBER='1' AIRFLOW_CTX_DAG_RUN_ID='scheduled__2024-08-08T00:00:00+00:00'
[2024-08-09T08:47:03.884+0000] {taskinstance.py:430} INFO - ::endgroup::
[2024-08-09T08:47:03.901+0000] {baseoperator.py:400} WARNING - S3KeySensor.execute cannot be called outside TaskInstance!
[2024-08-09T08:47:03.902+0000] {s3.py:117} INFO - Poking for key : s3://s3-poc-data-marketplace/Province/province_table-20240808.csv
[2024-08-09T08:47:03.912+0000] {base_aws.py:587} WARNING - Unable to find AWS Connection ID 'aws_conn_poc', switching to empty.
[2024-08-09T08:47:03.913+0000] {base_aws.py:164} INFO - No connection ID provided. Fallback on boto3 credential strategy (region_name=None). See: https://boto3.amazonaws.com/v1/documentation/api/latest/guide/configuration.html
[2024-08-09T08:47:04.524+0000] {taskinstance.py:441} INFO - ::group::Post task execution logs
[2024-08-09T08:47:04.524+0000] {taskinstance.py:2905} ERROR - Task failed with exception
Traceback (most recent call last):
  File "/home/airflow/.local/lib/python3.12/site-packages/airflow/models/taskinstance.py", line 465, in _execute_task
    result = _execute_callable(context=context, **execute_callable_kwargs)
             ^^^^^^^^^^^^^^^^^^^^^^^^^^^^^^^^^^^^^^^^^^^^^^^^^^^^^^^^^^^^^
  File "/home/airflow/.local/lib/python3.12/site-packages/airflow/models/taskinstance.py", line 432, in _execute_callable
    return execute_callable(context=context, **execute_callable_kwargs)
           ^^^^^^^^^^^^^^^^^^^^^^^^^^^^^^^^^^^^^^^^^^^^^^^^^^^^^^^^^^^^
  File "/home/airflow/.local/lib/python3.12/site-packages/airflow/models/baseoperator.py", line 401, in wrapper
    return func(self, *args, **kwargs)
           ^^^^^^^^^^^^^^^^^^^^^^^^^^^
  File "/home/airflow/.local/lib/python3.12/site-packages/airflow/providers/amazon/aws/sensors/s3.py", line 183, in execute
    super().execute(context)
  File "/home/airflow/.local/lib/python3.12/site-packages/airflow/models/baseoperator.py", line 401, in wrapper
    return func(self, *args, **kwargs)
           ^^^^^^^^^^^^^^^^^^^^^^^^^^^
  File "/home/airflow/.local/lib/python3.12/site-packages/airflow/sensors/base.py", line 264, in execute
    raise e
  File "/home/airflow/.local/lib/python3.12/site-packages/airflow/sensors/base.py", line 246, in execute
    poke_return = self.poke(context)
                  ^^^^^^^^^^^^^^^^^^
  File "/home/airflow/.local/lib/python3.12/site-packages/airflow/providers/amazon/aws/sensors/s3.py", line 176, in poke
    return self._check_key(self.bucket_key)
           ^^^^^^^^^^^^^^^^^^^^^^^^^^^^^^^^
  File "/home/airflow/.local/lib/python3.12/site-packages/airflow/providers/amazon/aws/sensors/s3.py", line 153, in _check_key
    obj = self.hook.head_object(key, bucket_name)
          ^^^^^^^^^^^^^^^^^^^^^^^^^^^^^^^^^^^^^^^
  File "/home/airflow/.local/lib/python3.12/site-packages/airflow/providers/amazon/aws/hooks/s3.py", line 135, in wrapper
    return func(*bound_args.args, **bound_args.kwargs)
           ^^^^^^^^^^^^^^^^^^^^^^^^^^^^^^^^^^^^^^^^^^^
  File "/home/airflow/.local/lib/python3.12/site-packages/airflow/providers/amazon/aws/hooks/s3.py", line 89, in wrapper
    return func(*bound_args.args, **bound_args.kwargs)
           ^^^^^^^^^^^^^^^^^^^^^^^^^^^^^^^^^^^^^^^^^^^
  File "/home/airflow/.local/lib/python3.12/site-packages/airflow/providers/amazon/aws/hooks/s3.py", line 902, in head_object
    return self.get_conn().head_object(Bucket=bucket_name, Key=key)
           ^^^^^^^^^^^^^^^^^^^^^^^^^^^^^^^^^^^^^^^^^^^^^^^^^^^^^^^^
  File "/home/airflow/.local/lib/python3.12/site-packages/botocore/client.py", line 565, in _api_call
    return self._make_api_call(operation_name, kwargs)
           ^^^^^^^^^^^^^^^^^^^^^^^^^^^^^^^^^^^^^^^^^^^
  File "/home/airflow/.local/lib/python3.12/site-packages/botocore/client.py", line 1001, in _make_api_call
    http, parsed_response = self._make_request(
                            ^^^^^^^^^^^^^^^^^^^
  File "/home/airflow/.local/lib/python3.12/site-packages/botocore/client.py", line 1027, in _make_request
    return self._endpoint.make_request(operation_model, request_dict)
           ^^^^^^^^^^^^^^^^^^^^^^^^^^^^^^^^^^^^^^^^^^^^^^^^^^^^^^^^^^
  File "/home/airflow/.local/lib/python3.12/site-packages/botocore/endpoint.py", line 119, in make_request
    return self._send_request(request_dict, operation_model)
           ^^^^^^^^^^^^^^^^^^^^^^^^^^^^^^^^^^^^^^^^^^^^^^^^^
  File "/home/airflow/.local/lib/python3.12/site-packages/botocore/endpoint.py", line 198, in _send_request
    request = self.create_request(request_dict, operation_model)
              ^^^^^^^^^^^^^^^^^^^^^^^^^^^^^^^^^^^^^^^^^^^^^^^^^^
  File "/home/airflow/.local/lib/python3.12/site-packages/botocore/endpoint.py", line 134, in create_request
    self._event_emitter.emit(
  File "/home/airflow/.local/lib/python3.12/site-packages/botocore/hooks.py", line 412, in emit
    return self._emitter.emit(aliased_event_name, **kwargs)
           ^^^^^^^^^^^^^^^^^^^^^^^^^^^^^^^^^^^^^^^^^^^^^^^^
  File "/home/airflow/.local/lib/python3.12/site-packages/botocore/hooks.py", line 256, in emit
    return self._emit(event_name, kwargs)
           ^^^^^^^^^^^^^^^^^^^^^^^^^^^^^^
  File "/home/airflow/.local/lib/python3.12/site-packages/botocore/hooks.py", line 239, in _emit
    response = handler(**kwargs)
               ^^^^^^^^^^^^^^^^^
  File "/home/airflow/.local/lib/python3.12/site-packages/botocore/signers.py", line 105, in handler
    return self.sign(operation_name, request)
           ^^^^^^^^^^^^^^^^^^^^^^^^^^^^^^^^^^
  File "/home/airflow/.local/lib/python3.12/site-packages/botocore/signers.py", line 199, in sign
    auth.add_auth(request)
  File "/home/airflow/.local/lib/python3.12/site-packages/botocore/auth.py", line 418, in add_auth
    raise NoCredentialsError()
botocore.exceptions.NoCredentialsError: Unable to locate credentials
[2024-08-09T08:47:04.536+0000] {taskinstance.py:1206} INFO - Marking task as FAILED. dag_id=Scrape_Province, task_id=check_s3_file, run_id=scheduled__2024-08-08T00:00:00+00:00, execution_date=20240808T000000, start_date=20240809T084703, end_date=20240809T084704
[2024-08-09T08:47:04.550+0000] {standard_task_runner.py:110} ERROR - Failed to execute job 44 for task check_s3_file (Unable to locate credentials; 948)
[2024-08-09T08:47:04.581+0000] {local_task_job_runner.py:240} INFO - Task exited with return code 1
[2024-08-09T08:47:04.614+0000] {taskinstance.py:3503} INFO - 0 downstream tasks scheduled from follow-on schedule check
[2024-08-09T08:47:04.618+0000] {local_task_job_runner.py:222} INFO - ::endgroup::
[2024-08-09T08:51:50.352+0000] {local_task_job_runner.py:120} INFO - ::group::Pre task execution logs
[2024-08-09T08:51:50.370+0000] {taskinstance.py:2076} INFO - Dependencies all met for dep_context=non-requeueable deps ti=<TaskInstance: Scrape_Province.check_s3_file scheduled__2024-08-08T00:00:00+00:00 [queued]>
[2024-08-09T08:51:50.380+0000] {taskinstance.py:2076} INFO - Dependencies all met for dep_context=requeueable deps ti=<TaskInstance: Scrape_Province.check_s3_file scheduled__2024-08-08T00:00:00+00:00 [queued]>
[2024-08-09T08:51:50.381+0000] {taskinstance.py:2306} INFO - Starting attempt 1 of 1
[2024-08-09T08:51:50.568+0000] {taskinstance.py:2330} INFO - Executing <Task(S3KeySensor): check_s3_file> on 2024-08-08 00:00:00+00:00
[2024-08-09T08:51:50.579+0000] {warnings.py:112} WARNING - /home/***/.local/lib/python3.12/site-packages/***/task/task_runner/standard_task_runner.py:61: DeprecationWarning: This process (pid=1017) is multi-threaded, use of fork() may lead to deadlocks in the child.
  pid = os.fork()

[2024-08-09T08:51:50.581+0000] {standard_task_runner.py:63} INFO - Started process 1019 to run task
[2024-08-09T08:51:50.582+0000] {standard_task_runner.py:90} INFO - Running: ['***', 'tasks', 'run', 'Scrape_Province', 'check_s3_file', 'scheduled__2024-08-08T00:00:00+00:00', '--job-id', '47', '--raw', '--subdir', 'DAGS_FOLDER/Province_Extraction.py', '--cfg-path', '/tmp/tmpkfsf65tt']
[2024-08-09T08:51:50.584+0000] {standard_task_runner.py:91} INFO - Job 47: Subtask check_s3_file
[2024-08-09T08:51:50.599+0000] {warnings.py:112} WARNING - /home/***/.local/lib/python3.12/site-packages/***/settings.py:195: DeprecationWarning: The sql_alchemy_conn option in [core] has been moved to the sql_alchemy_conn option in [database] - the old setting has been used, but please update your config.
  SQL_ALCHEMY_CONN = conf.get("database", "SQL_ALCHEMY_CONN")

[2024-08-09T08:51:50.637+0000] {task_command.py:426} INFO - Running <TaskInstance: Scrape_Province.check_s3_file scheduled__2024-08-08T00:00:00+00:00 [running]> on host ubuntu
[2024-08-09T08:51:50.742+0000] {taskinstance.py:2648} INFO - Exporting env vars: AIRFLOW_CTX_DAG_OWNER='Ducky' AIRFLOW_CTX_DAG_ID='Scrape_Province' AIRFLOW_CTX_TASK_ID='check_s3_file' AIRFLOW_CTX_EXECUTION_DATE='2024-08-08T00:00:00+00:00' AIRFLOW_CTX_TRY_NUMBER='1' AIRFLOW_CTX_DAG_RUN_ID='scheduled__2024-08-08T00:00:00+00:00'
[2024-08-09T08:51:50.743+0000] {taskinstance.py:430} INFO - ::endgroup::
[2024-08-09T08:51:50.760+0000] {baseoperator.py:400} WARNING - S3KeySensor.execute cannot be called outside TaskInstance!
[2024-08-09T08:51:50.761+0000] {s3.py:117} INFO - Poking for key : s3://s3-poc-data-marketplace/Province/province_table-20240808.csv
[2024-08-09T08:51:50.777+0000] {base.py:84} INFO - Using connection ID 'aws_conn_poc' for task execution.
[2024-08-09T08:51:50.778+0000] {connection_wrapper.py:384} INFO - AWS Connection (conn_id='aws_conn_poc', conn_type='aws') credentials retrieved from login and password.
[2024-08-09T08:51:51.423+0000] {base.py:294} INFO - Success criteria met. Exiting.
[2024-08-09T08:51:51.424+0000] {taskinstance.py:441} INFO - ::group::Post task execution logs
[2024-08-09T08:51:51.440+0000] {taskinstance.py:1206} INFO - Marking task as SUCCESS. dag_id=Scrape_Province, task_id=check_s3_file, run_id=scheduled__2024-08-08T00:00:00+00:00, execution_date=20240808T000000, start_date=20240809T085150, end_date=20240809T085151
[2024-08-09T08:51:51.484+0000] {local_task_job_runner.py:240} INFO - Task exited with return code 0
[2024-08-09T08:51:51.518+0000] {taskinstance.py:3503} INFO - 1 downstream tasks scheduled from follow-on schedule check
[2024-08-09T08:51:51.520+0000] {local_task_job_runner.py:222} INFO - ::endgroup::
[2024-08-09T08:55:53.240+0000] {local_task_job_runner.py:120} INFO - ::group::Pre task execution logs
[2024-08-09T08:55:53.260+0000] {taskinstance.py:2076} INFO - Dependencies all met for dep_context=non-requeueable deps ti=<TaskInstance: Scrape_Province.check_s3_file scheduled__2024-08-08T00:00:00+00:00 [queued]>
[2024-08-09T08:55:53.270+0000] {taskinstance.py:2076} INFO - Dependencies all met for dep_context=requeueable deps ti=<TaskInstance: Scrape_Province.check_s3_file scheduled__2024-08-08T00:00:00+00:00 [queued]>
[2024-08-09T08:55:53.270+0000] {taskinstance.py:2306} INFO - Starting attempt 1 of 1
[2024-08-09T08:55:53.457+0000] {taskinstance.py:2330} INFO - Executing <Task(S3KeySensor): check_s3_file> on 2024-08-08 00:00:00+00:00
[2024-08-09T08:55:53.468+0000] {warnings.py:112} WARNING - /home/***/.local/lib/python3.12/site-packages/***/task/task_runner/standard_task_runner.py:61: DeprecationWarning: This process (pid=1101) is multi-threaded, use of fork() may lead to deadlocks in the child.
  pid = os.fork()

[2024-08-09T08:55:53.470+0000] {standard_task_runner.py:63} INFO - Started process 1103 to run task
[2024-08-09T08:55:53.470+0000] {standard_task_runner.py:90} INFO - Running: ['***', 'tasks', 'run', 'Scrape_Province', 'check_s3_file', 'scheduled__2024-08-08T00:00:00+00:00', '--job-id', '59', '--raw', '--subdir', 'DAGS_FOLDER/Province_Extraction.py', '--cfg-path', '/tmp/tmpq_p5chu_']
[2024-08-09T08:55:53.473+0000] {standard_task_runner.py:91} INFO - Job 59: Subtask check_s3_file
[2024-08-09T08:55:53.488+0000] {warnings.py:112} WARNING - /home/***/.local/lib/python3.12/site-packages/***/settings.py:195: DeprecationWarning: The sql_alchemy_conn option in [core] has been moved to the sql_alchemy_conn option in [database] - the old setting has been used, but please update your config.
  SQL_ALCHEMY_CONN = conf.get("database", "SQL_ALCHEMY_CONN")

[2024-08-09T08:55:53.525+0000] {task_command.py:426} INFO - Running <TaskInstance: Scrape_Province.check_s3_file scheduled__2024-08-08T00:00:00+00:00 [running]> on host ubuntu
[2024-08-09T08:55:53.633+0000] {taskinstance.py:2648} INFO - Exporting env vars: AIRFLOW_CTX_DAG_OWNER='Ducky' AIRFLOW_CTX_DAG_ID='Scrape_Province' AIRFLOW_CTX_TASK_ID='check_s3_file' AIRFLOW_CTX_EXECUTION_DATE='2024-08-08T00:00:00+00:00' AIRFLOW_CTX_TRY_NUMBER='1' AIRFLOW_CTX_DAG_RUN_ID='scheduled__2024-08-08T00:00:00+00:00'
[2024-08-09T08:55:53.635+0000] {taskinstance.py:430} INFO - ::endgroup::
[2024-08-09T08:55:53.652+0000] {baseoperator.py:400} WARNING - S3KeySensor.execute cannot be called outside TaskInstance!
[2024-08-09T08:55:53.653+0000] {s3.py:117} INFO - Poking for key : s3://s3-poc-data-marketplace/Province/province_table-20240808.csv
[2024-08-09T08:55:53.669+0000] {base.py:84} INFO - Using connection ID 'aws_conn_poc' for task execution.
[2024-08-09T08:55:53.671+0000] {connection_wrapper.py:384} INFO - AWS Connection (conn_id='aws_conn_poc', conn_type='aws') credentials retrieved from login and password.
[2024-08-09T08:55:54.321+0000] {base.py:294} INFO - Success criteria met. Exiting.
[2024-08-09T08:55:54.321+0000] {taskinstance.py:441} INFO - ::group::Post task execution logs
[2024-08-09T08:55:54.338+0000] {taskinstance.py:1206} INFO - Marking task as SUCCESS. dag_id=Scrape_Province, task_id=check_s3_file, run_id=scheduled__2024-08-08T00:00:00+00:00, execution_date=20240808T000000, start_date=20240809T085553, end_date=20240809T085554
[2024-08-09T08:55:54.367+0000] {local_task_job_runner.py:240} INFO - Task exited with return code 0
[2024-08-09T08:55:54.402+0000] {taskinstance.py:3503} INFO - 1 downstream tasks scheduled from follow-on schedule check
[2024-08-09T08:55:54.404+0000] {local_task_job_runner.py:222} INFO - ::endgroup::
[2024-08-09T09:01:20.155+0000] {local_task_job_runner.py:120} INFO - ::group::Pre task execution logs
[2024-08-09T09:01:20.175+0000] {taskinstance.py:2076} INFO - Dependencies all met for dep_context=non-requeueable deps ti=<TaskInstance: Scrape_Province.check_s3_file scheduled__2024-08-08T00:00:00+00:00 [queued]>
[2024-08-09T09:01:20.351+0000] {taskinstance.py:2076} INFO - Dependencies all met for dep_context=requeueable deps ti=<TaskInstance: Scrape_Province.check_s3_file scheduled__2024-08-08T00:00:00+00:00 [queued]>
[2024-08-09T09:01:20.352+0000] {taskinstance.py:2306} INFO - Starting attempt 1 of 1
[2024-08-09T09:01:20.365+0000] {taskinstance.py:2330} INFO - Executing <Task(S3KeySensor): check_s3_file> on 2024-08-08 00:00:00+00:00
[2024-08-09T09:01:20.376+0000] {warnings.py:112} WARNING - /home/***/.local/lib/python3.12/site-packages/***/task/task_runner/standard_task_runner.py:61: DeprecationWarning: This process (pid=1246) is multi-threaded, use of fork() may lead to deadlocks in the child.
  pid = os.fork()

[2024-08-09T09:01:20.377+0000] {standard_task_runner.py:63} INFO - Started process 1248 to run task
[2024-08-09T09:01:20.378+0000] {standard_task_runner.py:90} INFO - Running: ['***', 'tasks', 'run', 'Scrape_Province', 'check_s3_file', 'scheduled__2024-08-08T00:00:00+00:00', '--job-id', '74', '--raw', '--subdir', 'DAGS_FOLDER/Province_Extraction.py', '--cfg-path', '/tmp/tmplts5_jp9']
[2024-08-09T09:01:20.381+0000] {standard_task_runner.py:91} INFO - Job 74: Subtask check_s3_file
[2024-08-09T09:01:20.394+0000] {warnings.py:112} WARNING - /home/***/.local/lib/python3.12/site-packages/***/settings.py:195: DeprecationWarning: The sql_alchemy_conn option in [core] has been moved to the sql_alchemy_conn option in [database] - the old setting has been used, but please update your config.
  SQL_ALCHEMY_CONN = conf.get("database", "SQL_ALCHEMY_CONN")

[2024-08-09T09:01:20.430+0000] {task_command.py:426} INFO - Running <TaskInstance: Scrape_Province.check_s3_file scheduled__2024-08-08T00:00:00+00:00 [running]> on host ubuntu
[2024-08-09T09:01:20.533+0000] {taskinstance.py:2648} INFO - Exporting env vars: AIRFLOW_CTX_DAG_OWNER='Ducky' AIRFLOW_CTX_DAG_ID='Scrape_Province' AIRFLOW_CTX_TASK_ID='check_s3_file' AIRFLOW_CTX_EXECUTION_DATE='2024-08-08T00:00:00+00:00' AIRFLOW_CTX_TRY_NUMBER='1' AIRFLOW_CTX_DAG_RUN_ID='scheduled__2024-08-08T00:00:00+00:00'
[2024-08-09T09:01:20.535+0000] {taskinstance.py:430} INFO - ::endgroup::
[2024-08-09T09:01:20.549+0000] {baseoperator.py:400} WARNING - S3KeySensor.execute cannot be called outside TaskInstance!
[2024-08-09T09:01:20.550+0000] {s3.py:117} INFO - Poking for key : s3://s3-poc-data-marketplace/Province/province_table-20240808.csv
[2024-08-09T09:01:20.563+0000] {base.py:84} INFO - Using connection ID 'aws_conn_poc' for task execution.
[2024-08-09T09:01:20.564+0000] {connection_wrapper.py:384} INFO - AWS Connection (conn_id='aws_conn_poc', conn_type='aws') credentials retrieved from login and password.
[2024-08-09T09:01:21.224+0000] {base.py:294} INFO - Success criteria met. Exiting.
[2024-08-09T09:01:21.224+0000] {taskinstance.py:441} INFO - ::group::Post task execution logs
[2024-08-09T09:01:21.234+0000] {taskinstance.py:1206} INFO - Marking task as SUCCESS. dag_id=Scrape_Province, task_id=check_s3_file, run_id=scheduled__2024-08-08T00:00:00+00:00, execution_date=20240808T000000, start_date=20240809T090120, end_date=20240809T090121
[2024-08-09T09:01:21.276+0000] {local_task_job_runner.py:240} INFO - Task exited with return code 0
[2024-08-09T09:01:21.314+0000] {taskinstance.py:3503} INFO - 1 downstream tasks scheduled from follow-on schedule check
[2024-08-09T09:01:21.315+0000] {local_task_job_runner.py:222} INFO - ::endgroup::
