[2024-08-16T08:49:05.882+0000] {local_task_job_runner.py:120} INFO - ::group::Pre task execution logs
[2024-08-16T08:49:05.918+0000] {taskinstance.py:2076} INFO - Dependencies all met for dep_context=non-requeueable deps ti=<TaskInstance: Prediction_Model.sleep_for_5_seconds manual__2024-08-16T08:49:00.112807+00:00 [queued]>
[2024-08-16T08:49:05.932+0000] {taskinstance.py:2076} INFO - Dependencies all met for dep_context=requeueable deps ti=<TaskInstance: Prediction_Model.sleep_for_5_seconds manual__2024-08-16T08:49:00.112807+00:00 [queued]>
[2024-08-16T08:49:05.933+0000] {taskinstance.py:2306} INFO - Starting attempt 1 of 1
[2024-08-16T08:49:05.959+0000] {taskinstance.py:2330} INFO - Executing <Task(BashOperator): sleep_for_5_seconds> on 2024-08-16 08:49:00.112807+00:00
[2024-08-16T08:49:05.970+0000] {warnings.py:112} WARNING - /home/***/.local/lib/python3.12/site-packages/***/task/task_runner/standard_task_runner.py:61: DeprecationWarning: This process (pid=457) is multi-threaded, use of fork() may lead to deadlocks in the child.
  pid = os.fork()

[2024-08-16T08:49:05.973+0000] {standard_task_runner.py:63} INFO - Started process 459 to run task
[2024-08-16T08:49:05.974+0000] {standard_task_runner.py:90} INFO - Running: ['***', 'tasks', 'run', 'Prediction_Model', 'sleep_for_5_seconds', 'manual__2024-08-16T08:49:00.112807+00:00', '--job-id', '1110', '--raw', '--subdir', 'DAGS_FOLDER/Prediction_Model.py', '--cfg-path', '/tmp/tmpd4ylduiq']
[2024-08-16T08:49:05.978+0000] {standard_task_runner.py:91} INFO - Job 1110: Subtask sleep_for_5_seconds
[2024-08-16T08:49:06.056+0000] {task_command.py:426} INFO - Running <TaskInstance: Prediction_Model.sleep_for_5_seconds manual__2024-08-16T08:49:00.112807+00:00 [running]> on host ubuntu
[2024-08-16T08:49:06.233+0000] {taskinstance.py:2648} INFO - Exporting env vars: AIRFLOW_CTX_DAG_OWNER='Ducky' AIRFLOW_CTX_DAG_ID='Prediction_Model' AIRFLOW_CTX_TASK_ID='sleep_for_5_seconds' AIRFLOW_CTX_EXECUTION_DATE='2024-08-16T08:49:00.112807+00:00' AIRFLOW_CTX_TRY_NUMBER='1' AIRFLOW_CTX_DAG_RUN_ID='manual__2024-08-16T08:49:00.112807+00:00'
[2024-08-16T08:49:06.237+0000] {taskinstance.py:430} INFO - ::endgroup::
[2024-08-16T08:49:06.273+0000] {subprocess.py:63} INFO - Tmp dir root location: /tmp
[2024-08-16T08:49:06.276+0000] {subprocess.py:75} INFO - Running command: ['/usr/bin/bash', '-c', 'sleep 5']
[2024-08-16T08:49:06.303+0000] {subprocess.py:86} INFO - Output:
[2024-08-16T08:49:11.309+0000] {subprocess.py:97} INFO - Command exited with return code 0
[2024-08-16T08:49:11.312+0000] {taskinstance.py:441} INFO - ::group::Post task execution logs
[2024-08-16T08:49:11.365+0000] {taskinstance.py:1206} INFO - Marking task as SUCCESS. dag_id=Prediction_Model, task_id=sleep_for_5_seconds, run_id=manual__2024-08-16T08:49:00.112807+00:00, execution_date=20240816T084900, start_date=20240816T084905, end_date=20240816T084911
[2024-08-16T08:49:11.437+0000] {local_task_job_runner.py:240} INFO - Task exited with return code 0
[2024-08-16T08:49:11.462+0000] {taskinstance.py:3503} INFO - 0 downstream tasks scheduled from follow-on schedule check
[2024-08-16T08:49:11.466+0000] {local_task_job_runner.py:222} INFO - ::endgroup::
