[2024-08-13T16:10:06.631+0000] {local_task_job_runner.py:120} INFO - ::group::Pre task execution logs
[2024-08-13T16:10:06.690+0000] {taskinstance.py:2076} INFO - Dependencies all met for dep_context=non-requeueable deps ti=<TaskInstance: Weather_Data_Extraction.generate_output_file backfill__2024-02-18T00:00:00+00:00 [queued]>
[2024-08-13T16:10:07.036+0000] {taskinstance.py:2076} INFO - Dependencies all met for dep_context=requeueable deps ti=<TaskInstance: Weather_Data_Extraction.generate_output_file backfill__2024-02-18T00:00:00+00:00 [queued]>
[2024-08-13T16:10:07.043+0000] {taskinstance.py:2306} INFO - Starting attempt 1 of 1
[2024-08-13T16:10:07.081+0000] {taskinstance.py:2330} INFO - Executing <Task(PythonOperator): generate_output_file> on 2024-02-18 00:00:00+00:00
[2024-08-13T16:10:07.106+0000] {warnings.py:112} WARNING - /home/***/.local/lib/python3.12/site-packages/***/task/task_runner/standard_task_runner.py:61: DeprecationWarning: This process (pid=1131) is multi-threaded, use of fork() may lead to deadlocks in the child.
  pid = os.fork()

[2024-08-13T16:10:07.108+0000] {standard_task_runner.py:63} INFO - Started process 1146 to run task
[2024-08-13T16:10:07.115+0000] {standard_task_runner.py:90} INFO - Running: ['***', 'tasks', 'run', 'Weather_Data_Extraction', 'generate_output_file', 'backfill__2024-02-18T00:00:00+00:00', '--job-id', '222', '--pool', 'default_pool', '--raw', '--subdir', 'DAGS_FOLDER/Data_Weather_Extraction.py', '--cfg-path', '/tmp/tmpmy8yhxuk']
[2024-08-13T16:10:07.120+0000] {standard_task_runner.py:91} INFO - Job 222: Subtask generate_output_file
[2024-08-13T16:10:07.154+0000] {warnings.py:112} WARNING - /home/***/.local/lib/python3.12/site-packages/***/settings.py:195: DeprecationWarning: The sql_alchemy_conn option in [core] has been moved to the sql_alchemy_conn option in [database] - the old setting has been used, but please update your config.
  SQL_ALCHEMY_CONN = conf.get("database", "SQL_ALCHEMY_CONN")

[2024-08-13T16:10:07.234+0000] {task_command.py:426} INFO - Running <TaskInstance: Weather_Data_Extraction.generate_output_file backfill__2024-02-18T00:00:00+00:00 [running]> on host ubuntu
[2024-08-13T16:10:07.436+0000] {taskinstance.py:2648} INFO - Exporting env vars: AIRFLOW_CTX_DAG_OWNER='Ducky' AIRFLOW_CTX_DAG_ID='Weather_Data_Extraction' AIRFLOW_CTX_TASK_ID='generate_output_file' AIRFLOW_CTX_EXECUTION_DATE='2024-02-18T00:00:00+00:00' AIRFLOW_CTX_TRY_NUMBER='1' AIRFLOW_CTX_DAG_RUN_ID='backfill__2024-02-18T00:00:00+00:00'
[2024-08-13T16:10:07.444+0000] {taskinstance.py:430} INFO - ::endgroup::
[2024-08-13T16:10:07.485+0000] {logging_mixin.py:188} INFO - Generated output file: Data_Weather-20240218.csv
[2024-08-13T16:10:07.488+0000] {logging_mixin.py:188} INFO - Execution Date: 2024/02/18
[2024-08-13T16:10:07.577+0000] {python.py:237} INFO - Done. Returned value was: None
[2024-08-13T16:10:07.581+0000] {taskinstance.py:441} INFO - ::group::Post task execution logs
[2024-08-13T16:10:07.620+0000] {taskinstance.py:1206} INFO - Marking task as SUCCESS. dag_id=Weather_Data_Extraction, task_id=generate_output_file, run_id=backfill__2024-02-18T00:00:00+00:00, execution_date=20240218T000000, start_date=20240813T161006, end_date=20240813T161007
[2024-08-13T16:10:07.789+0000] {local_task_job_runner.py:240} INFO - Task exited with return code 0
[2024-08-13T16:10:07.840+0000] {taskinstance.py:3503} INFO - 1 downstream tasks scheduled from follow-on schedule check
[2024-08-13T16:10:07.853+0000] {local_task_job_runner.py:222} INFO - ::endgroup::
[2024-08-14T04:25:54.794+0000] {local_task_job_runner.py:120} INFO - ::group::Pre task execution logs
[2024-08-14T04:25:54.808+0000] {taskinstance.py:2076} INFO - Dependencies all met for dep_context=non-requeueable deps ti=<TaskInstance: Weather_Data_Extraction.generate_output_file backfill__2024-02-18T00:00:00+00:00 [queued]>
[2024-08-14T04:25:54.814+0000] {taskinstance.py:2076} INFO - Dependencies all met for dep_context=requeueable deps ti=<TaskInstance: Weather_Data_Extraction.generate_output_file backfill__2024-02-18T00:00:00+00:00 [queued]>
[2024-08-14T04:25:54.815+0000] {taskinstance.py:2306} INFO - Starting attempt 1 of 1
[2024-08-14T04:25:54.964+0000] {taskinstance.py:2330} INFO - Executing <Task(PythonOperator): generate_output_file> on 2024-02-18 00:00:00+00:00
[2024-08-14T04:25:54.973+0000] {warnings.py:112} WARNING - /home/***/.local/lib/python3.12/site-packages/***/task/task_runner/standard_task_runner.py:61: DeprecationWarning: This process (pid=2198) is multi-threaded, use of fork() may lead to deadlocks in the child.
  pid = os.fork()

[2024-08-14T04:25:54.975+0000] {standard_task_runner.py:63} INFO - Started process 2200 to run task
[2024-08-14T04:25:54.977+0000] {standard_task_runner.py:90} INFO - Running: ['***', 'tasks', 'run', 'Weather_Data_Extraction', 'generate_output_file', 'backfill__2024-02-18T00:00:00+00:00', '--job-id', '548', '--pool', 'default_pool', '--raw', '--subdir', 'DAGS_FOLDER/Data_Weather_Extraction.py', '--cfg-path', '/tmp/tmph4ew1wuf']
[2024-08-14T04:25:54.982+0000] {standard_task_runner.py:91} INFO - Job 548: Subtask generate_output_file
[2024-08-14T04:25:55.059+0000] {task_command.py:426} INFO - Running <TaskInstance: Weather_Data_Extraction.generate_output_file backfill__2024-02-18T00:00:00+00:00 [running]> on host ubuntu
[2024-08-14T04:25:55.181+0000] {taskinstance.py:2648} INFO - Exporting env vars: AIRFLOW_CTX_DAG_OWNER='Ducky' AIRFLOW_CTX_DAG_ID='Weather_Data_Extraction' AIRFLOW_CTX_TASK_ID='generate_output_file' AIRFLOW_CTX_EXECUTION_DATE='2024-02-18T00:00:00+00:00' AIRFLOW_CTX_TRY_NUMBER='1' AIRFLOW_CTX_DAG_RUN_ID='backfill__2024-02-18T00:00:00+00:00'
[2024-08-14T04:25:55.183+0000] {taskinstance.py:430} INFO - ::endgroup::
[2024-08-14T04:25:55.196+0000] {logging_mixin.py:188} INFO - Generated output file: Data_Weather-20240218.csv
[2024-08-14T04:25:55.196+0000] {logging_mixin.py:188} INFO - Execution Date: 2024/02/18
[2024-08-14T04:25:55.222+0000] {python.py:237} INFO - Done. Returned value was: None
[2024-08-14T04:25:55.224+0000] {taskinstance.py:441} INFO - ::group::Post task execution logs
[2024-08-14T04:25:55.233+0000] {taskinstance.py:1206} INFO - Marking task as SUCCESS. dag_id=Weather_Data_Extraction, task_id=generate_output_file, run_id=backfill__2024-02-18T00:00:00+00:00, execution_date=20240218T000000, start_date=20240814T042554, end_date=20240814T042555
[2024-08-14T04:25:55.271+0000] {local_task_job_runner.py:240} INFO - Task exited with return code 0
[2024-08-14T04:25:55.301+0000] {taskinstance.py:3503} INFO - 1 downstream tasks scheduled from follow-on schedule check
[2024-08-14T04:25:55.304+0000] {local_task_job_runner.py:222} INFO - ::endgroup::
