[2024-08-16T09:47:39.265+0000] {local_task_job_runner.py:120} INFO - ::group::Pre task execution logs
[2024-08-16T09:47:39.295+0000] {taskinstance.py:2076} INFO - Dependencies all met for dep_context=non-requeueable deps ti=<TaskInstance: Prediction_Model.weather_data_daily_models.stg_wind_speed_run manual__2024-08-16T09:47:32.212437+00:00 [queued]>
[2024-08-16T09:47:39.319+0000] {taskinstance.py:2076} INFO - Dependencies all met for dep_context=requeueable deps ti=<TaskInstance: Prediction_Model.weather_data_daily_models.stg_wind_speed_run manual__2024-08-16T09:47:32.212437+00:00 [queued]>
[2024-08-16T09:47:39.323+0000] {taskinstance.py:2306} INFO - Starting attempt 1 of 3
[2024-08-16T09:47:39.352+0000] {taskinstance.py:2330} INFO - Executing <Task(DbtRunLocalOperator): weather_data_daily_models.stg_wind_speed_run> on 2024-08-16 09:47:32.212437+00:00
[2024-08-16T09:47:39.376+0000] {warnings.py:112} WARNING - /home/***/.local/lib/python3.12/site-packages/***/task/task_runner/standard_task_runner.py:61: DeprecationWarning: This process (pid=1651) is multi-threaded, use of fork() may lead to deadlocks in the child.
  pid = os.fork()

[2024-08-16T09:47:39.377+0000] {standard_task_runner.py:63} INFO - Started process 1656 to run task
[2024-08-16T09:47:39.378+0000] {standard_task_runner.py:90} INFO - Running: ['***', 'tasks', 'run', 'Prediction_Model', 'weather_data_daily_models.stg_wind_speed_run', 'manual__2024-08-16T09:47:32.212437+00:00', '--job-id', '1193', '--raw', '--subdir', 'DAGS_FOLDER/Prediction_Model.py', '--cfg-path', '/tmp/tmpzrj7sykw']
[2024-08-16T09:47:39.380+0000] {standard_task_runner.py:91} INFO - Job 1193: Subtask weather_data_daily_models.stg_wind_speed_run
[2024-08-16T09:47:39.453+0000] {task_command.py:426} INFO - Running <TaskInstance: Prediction_Model.weather_data_daily_models.stg_wind_speed_run manual__2024-08-16T09:47:32.212437+00:00 [running]> on host ubuntu
[2024-08-16T09:47:39.625+0000] {taskinstance.py:2648} INFO - Exporting env vars: AIRFLOW_CTX_DAG_OWNER='Ducky' AIRFLOW_CTX_DAG_ID='Prediction_Model' AIRFLOW_CTX_TASK_ID='weather_data_daily_models.stg_wind_speed_run' AIRFLOW_CTX_EXECUTION_DATE='2024-08-16T09:47:32.212437+00:00' AIRFLOW_CTX_TRY_NUMBER='1' AIRFLOW_CTX_DAG_RUN_ID='manual__2024-08-16T09:47:32.212437+00:00'
[2024-08-16T09:47:39.656+0000] {taskinstance.py:430} INFO - ::endgroup::
[2024-08-16T09:47:39.721+0000] {log.py:232} WARNING - [[34m2024-08-16T09:47:39.720+0000[0m] {[34mgraph.py:[0m377} INFO[0m - [35m(astronomer-cosmos)[0m - Trying to parse the dbt project using dbt ls cache cosmos_cache__dbt_dag_filterd__customers_group...[0m
[2024-08-16T09:47:39.721+0000] {log.py:232} WARNING - [[34m2024-08-16T09:47:39.720+0000[0m] {[34mgraph.py:[0m377} INFO[0m - [35m(astronomer-cosmos)[0m - Trying to parse the dbt project using dbt ls cache cosmos_cache__dbt_dag_filterd__customers_group...[0m
[2024-08-16T09:47:39.720+0000] {graph.py:377} INFO - Trying to parse the dbt project using dbt ls cache cosmos_cache__dbt_dag_filterd__customers_group...
[2024-08-16T09:47:39.898+0000] {log.py:232} WARNING - [[34m2024-08-16T09:47:39.898+0000[0m] {[34mcache.py:[0m262} INFO[0m - [35m(astronomer-cosmos)[0m - Cosmos performance: time to calculate cache identifier cosmos_cache__dbt_dag_filterd__customers_group for current version: 0.15693649300010293[0m
[2024-08-16T09:47:39.899+0000] {log.py:232} WARNING - [[34m2024-08-16T09:47:39.898+0000[0m] {[34mcache.py:[0m262} INFO[0m - [35m(astronomer-cosmos)[0m - Cosmos performance: time to calculate cache identifier cosmos_cache__dbt_dag_filterd__customers_group for current version: 0.15693649300010293[0m
[2024-08-16T09:47:39.898+0000] {cache.py:262} INFO - Cosmos performance: time to calculate cache identifier cosmos_cache__dbt_dag_filterd__customers_group for current version: 0.15693649300010293
[2024-08-16T09:47:39.900+0000] {log.py:232} WARNING - [[34m2024-08-16T09:47:39.900+0000[0m] {[34mgraph.py:[0m394} INFO[0m - [35m(astronomer-cosmos)[0m - Cosmos performance [ubuntu|1656]: The cache size for cosmos_cache__dbt_dag_filterd__customers_group is 2948[0m
[2024-08-16T09:47:39.900+0000] {log.py:232} WARNING - [[34m2024-08-16T09:47:39.900+0000[0m] {[34mgraph.py:[0m394} INFO[0m - [35m(astronomer-cosmos)[0m - Cosmos performance [ubuntu|1656]: The cache size for cosmos_cache__dbt_dag_filterd__customers_group is 2948[0m
[2024-08-16T09:47:39.900+0000] {graph.py:394} INFO - Cosmos performance [ubuntu|1656]: The cache size for cosmos_cache__dbt_dag_filterd__customers_group is 2948
[2024-08-16T09:47:39.902+0000] {log.py:232} WARNING - [[34m2024-08-16T09:47:39.901+0000[0m] {[34mgraph.py:[0m402} INFO[0m - [35m(astronomer-cosmos)[0m - Cosmos performance: Cache hit for cosmos_cache__dbt_dag_filterd__customers_group - d3655c99e4b770027e65648437a3d068,5f7d44698c4b67134aff532494870c9c[0m
[2024-08-16T09:47:39.902+0000] {log.py:232} WARNING - [[34m2024-08-16T09:47:39.901+0000[0m] {[34mgraph.py:[0m402} INFO[0m - [35m(astronomer-cosmos)[0m - Cosmos performance: Cache hit for cosmos_cache__dbt_dag_filterd__customers_group - d3655c99e4b770027e65648437a3d068,5f7d44698c4b67134aff532494870c9c[0m
[2024-08-16T09:47:39.901+0000] {graph.py:402} INFO - Cosmos performance: Cache hit for cosmos_cache__dbt_dag_filterd__customers_group - d3655c99e4b770027e65648437a3d068,5f7d44698c4b67134aff532494870c9c
[2024-08-16T09:47:39.903+0000] {log.py:232} WARNING - [[34m2024-08-16T09:47:39.903+0000[0m] {[34mgraph.py:[0m335} INFO[0m - [35m(astronomer-cosmos)[0m - Total nodes: 3[0m
[2024-08-16T09:47:39.904+0000] {log.py:232} WARNING - [[34m2024-08-16T09:47:39.903+0000[0m] {[34mgraph.py:[0m335} INFO[0m - [35m(astronomer-cosmos)[0m - Total nodes: 3[0m
[2024-08-16T09:47:39.903+0000] {graph.py:335} INFO - Total nodes: 3
[2024-08-16T09:47:39.904+0000] {log.py:232} WARNING - [[34m2024-08-16T09:47:39.904+0000[0m] {[34mgraph.py:[0m336} INFO[0m - [35m(astronomer-cosmos)[0m - Total filtered nodes: 3[0m
[2024-08-16T09:47:39.905+0000] {log.py:232} WARNING - [[34m2024-08-16T09:47:39.904+0000[0m] {[34mgraph.py:[0m336} INFO[0m - [35m(astronomer-cosmos)[0m - Total filtered nodes: 3[0m
[2024-08-16T09:47:39.904+0000] {graph.py:336} INFO - Total filtered nodes: 3
[2024-08-16T09:47:39.906+0000] {log.py:232} WARNING - [[34m2024-08-16T09:47:39.906+0000[0m] {[34mconverter.py:[0m251} INFO[0m - [35m(astronomer-cosmos)[0m - Cosmos performance (dbt_dag_filterd__customers_group) -  [ubuntu|1656]: It took 0.185s to parse the dbt project for DAG using LoadMode.DBT_LS_CACHE[0m
[2024-08-16T09:47:39.906+0000] {log.py:232} WARNING - [[34m2024-08-16T09:47:39.906+0000[0m] {[34mconverter.py:[0m251} INFO[0m - [35m(astronomer-cosmos)[0m - Cosmos performance (dbt_dag_filterd__customers_group) -  [ubuntu|1656]: It took 0.185s to parse the dbt project for DAG using LoadMode.DBT_LS_CACHE[0m
[2024-08-16T09:47:39.906+0000] {converter.py:251} INFO - Cosmos performance (dbt_dag_filterd__customers_group) -  [ubuntu|1656]: It took 0.185s to parse the dbt project for DAG using LoadMode.DBT_LS_CACHE
[2024-08-16T09:47:39.910+0000] {log.py:232} WARNING - [[34m2024-08-16T09:47:39.910+0000[0m] {[34mproject.py:[0m35} INFO[0m - [35m(astronomer-cosmos)[0m - Project /opt/***/dags/Data_Marketplace does not have {'dependencies.yml', 'packages.yml'}[0m
[2024-08-16T09:47:39.911+0000] {log.py:232} WARNING - [[34m2024-08-16T09:47:39.910+0000[0m] {[34mproject.py:[0m35} INFO[0m - [35m(astronomer-cosmos)[0m - Project /opt/***/dags/Data_Marketplace does not have {'dependencies.yml', 'packages.yml'}[0m
[2024-08-16T09:47:39.910+0000] {project.py:35} INFO - Project /opt/***/dags/Data_Marketplace does not have {'dependencies.yml', 'packages.yml'}
[2024-08-16T09:47:39.914+0000] {log.py:232} WARNING - [[34m2024-08-16T09:47:39.914+0000[0m] {[34mproject.py:[0m35} INFO[0m - [35m(astronomer-cosmos)[0m - Project /opt/***/dags/Data_Marketplace does not have {'dependencies.yml', 'packages.yml'}[0m
[2024-08-16T09:47:39.914+0000] {log.py:232} WARNING - [[34m2024-08-16T09:47:39.914+0000[0m] {[34mproject.py:[0m35} INFO[0m - [35m(astronomer-cosmos)[0m - Project /opt/***/dags/Data_Marketplace does not have {'dependencies.yml', 'packages.yml'}[0m
[2024-08-16T09:47:39.914+0000] {project.py:35} INFO - Project /opt/***/dags/Data_Marketplace does not have {'dependencies.yml', 'packages.yml'}
[2024-08-16T09:47:39.918+0000] {log.py:232} WARNING - [[34m2024-08-16T09:47:39.917+0000[0m] {[34mproject.py:[0m35} INFO[0m - [35m(astronomer-cosmos)[0m - Project /opt/***/dags/Data_Marketplace does not have {'dependencies.yml', 'packages.yml'}[0m
[2024-08-16T09:47:39.918+0000] {log.py:232} WARNING - [[34m2024-08-16T09:47:39.917+0000[0m] {[34mproject.py:[0m35} INFO[0m - [35m(astronomer-cosmos)[0m - Project /opt/***/dags/Data_Marketplace does not have {'dependencies.yml', 'packages.yml'}[0m
[2024-08-16T09:47:39.917+0000] {project.py:35} INFO - Project /opt/***/dags/Data_Marketplace does not have {'dependencies.yml', 'packages.yml'}
[2024-08-16T09:47:39.919+0000] {log.py:232} WARNING - [[34m2024-08-16T09:47:39.919+0000[0m] {[34mconverter.py:[0m293} INFO[0m - [35m(astronomer-cosmos)[0m - Cosmos performance (dbt_dag_filterd__customers_group) - [ubuntu|1656]: It took 0.0136s to build the Airflow DAG.[0m
[2024-08-16T09:47:39.920+0000] {log.py:232} WARNING - [[34m2024-08-16T09:47:39.919+0000[0m] {[34mconverter.py:[0m293} INFO[0m - [35m(astronomer-cosmos)[0m - Cosmos performance (dbt_dag_filterd__customers_group) - [ubuntu|1656]: It took 0.0136s to build the Airflow DAG.[0m
[2024-08-16T09:47:39.919+0000] {converter.py:293} INFO - Cosmos performance (dbt_dag_filterd__customers_group) - [ubuntu|1656]: It took 0.0136s to build the Airflow DAG.
[2024-08-16T09:47:39.922+0000] {log.py:232} WARNING - [[34m2024-08-16T09:47:39.922+0000[0m] {[34mlocal.py:[0m174} INFO[0m - [35m(astronomer-cosmos)[0m - Could not import dbtRunner. Falling back to subprocess for invoking dbt.[0m
[2024-08-16T09:47:39.922+0000] {log.py:232} WARNING - [[34m2024-08-16T09:47:39.922+0000[0m] {[34mlocal.py:[0m174} INFO[0m - [35m(astronomer-cosmos)[0m - Could not import dbtRunner. Falling back to subprocess for invoking dbt.[0m
[2024-08-16T09:47:39.922+0000] {local.py:174} INFO - Could not import dbtRunner. Falling back to subprocess for invoking dbt.
[2024-08-16T09:47:39.924+0000] {log.py:232} WARNING - [[34m2024-08-16T09:47:39.924+0000[0m] {[34mlocal.py:[0m292} INFO[0m - [35m(astronomer-cosmos)[0m - Cloning project to writable temp directory /tmp/tmp24zo8sal from /opt/***/dags/Data_Marketplace[0m
[2024-08-16T09:47:39.925+0000] {log.py:232} WARNING - [[34m2024-08-16T09:47:39.924+0000[0m] {[34mlocal.py:[0m292} INFO[0m - [35m(astronomer-cosmos)[0m - Cloning project to writable temp directory /tmp/tmp24zo8sal from /opt/***/dags/Data_Marketplace[0m
[2024-08-16T09:47:39.924+0000] {local.py:292} INFO - Cloning project to writable temp directory /tmp/tmp24zo8sal from /opt/airflow/dags/Data_Marketplace
[2024-08-16T09:47:39.932+0000] {log.py:232} WARNING - [[34m2024-08-16T09:47:39.931+0000[0m] {[34mlocal.py:[0m303} INFO[0m - [35m(astronomer-cosmos)[0m - Partial parse is enabled and the latest partial parse file is /tmp/cosmos/Prediction_Model__weather_data_daily_models/target/partial_parse.msgpack[0m
[2024-08-16T09:47:39.932+0000] {log.py:232} WARNING - [[34m2024-08-16T09:47:39.931+0000[0m] {[34mlocal.py:[0m303} INFO[0m - [35m(astronomer-cosmos)[0m - Partial parse is enabled and the latest partial parse file is /tmp/cosmos/Prediction_Model__weather_data_daily_models/target/partial_parse.msgpack[0m
[2024-08-16T09:47:39.931+0000] {local.py:303} INFO - Partial parse is enabled and the latest partial parse file is /tmp/cosmos/Prediction_Model__weather_data_daily_models/target/partial_parse.msgpack
[2024-08-16T09:47:39.943+0000] {log.py:232} WARNING - [[34m2024-08-16T09:47:39.943+0000[0m] {[34mconfig.py:[0m292} INFO[0m - [35m(astronomer-cosmos)[0m - Profile caching is enable.[0m
[2024-08-16T09:47:39.944+0000] {log.py:232} WARNING - [[34m2024-08-16T09:47:39.943+0000[0m] {[34mconfig.py:[0m292} INFO[0m - [35m(astronomer-cosmos)[0m - Profile caching is enable.[0m
[2024-08-16T09:47:39.943+0000] {config.py:292} INFO - Profile caching is enable.
[2024-08-16T09:47:39.957+0000] {base.py:84} INFO - Using connection ID 'snowflake_conn' for task execution.
[2024-08-16T09:47:39.962+0000] {log.py:232} WARNING - [[34m2024-08-16T09:47:39.962+0000[0m] {[34mconfig.py:[0m272} INFO[0m - [35m(astronomer-cosmos)[0m - Profile found in cache using profile: /tmp/cosmos/profile/ec71862f850e9b0839075fe0561d5062ab3dd99ef2a3dac2fe4fc1486f2849d0/profiles.yml.[0m
[2024-08-16T09:47:39.963+0000] {log.py:232} WARNING - [[34m2024-08-16T09:47:39.962+0000[0m] {[34mconfig.py:[0m272} INFO[0m - [35m(astronomer-cosmos)[0m - Profile found in cache using profile: /tmp/cosmos/profile/ec71862f850e9b0839075fe0561d5062ab3dd99ef2a3dac2fe4fc1486f2849d0/profiles.yml.[0m
[2024-08-16T09:47:39.962+0000] {config.py:272} INFO - Profile found in cache using profile: /tmp/cosmos/profile/ec71862f850e9b0839075fe0561d5062ab3dd99ef2a3dac2fe4fc1486f2849d0/profiles.yml.
[2024-08-16T09:47:39.965+0000] {log.py:232} WARNING - [[34m2024-08-16T09:47:39.964+0000[0m] {[34mlocal.py:[0m247} INFO[0m - [35m(astronomer-cosmos)[0m - Trying to run the command:
 ['/opt/***/dbt_venv/bin/dbt', 'run', '--models', 'stg_wind_speed', '--project-dir', '/tmp/tmp24zo8sal', '--profiles-dir', '/tmp/cosmos/profile/ec71862f850e9b0839075fe0561d5062ab3dd99ef2a3dac2fe4fc1486f2849d0', '--profile', 'Data_Marketplace', '--target', 'dev']
From /tmp/tmp24zo8sal[0m
[2024-08-16T09:47:39.967+0000] {log.py:232} WARNING - [[34m2024-08-16T09:47:39.964+0000[0m] {[34mlocal.py:[0m247} INFO[0m - [35m(astronomer-cosmos)[0m - Trying to run the command:
 ['/opt/***/dbt_venv/bin/dbt', 'run', '--models', 'stg_wind_speed', '--project-dir', '/tmp/tmp24zo8sal', '--profiles-dir', '/tmp/cosmos/profile/ec71862f850e9b0839075fe0561d5062ab3dd99ef2a3dac2fe4fc1486f2849d0', '--profile', 'Data_Marketplace', '--target', 'dev']
From /tmp/tmp24zo8sal[0m
[2024-08-16T09:47:39.964+0000] {local.py:247} INFO - Trying to run the command:
 ['/opt/***/dbt_venv/bin/dbt', 'run', '--models', 'stg_wind_speed', '--project-dir', '/tmp/tmp24zo8sal', '--profiles-dir', '/tmp/cosmos/profile/ec71862f850e9b0839075fe0561d5062ab3dd99ef2a3dac2fe4fc1486f2849d0', '--profile', 'Data_Marketplace', '--target', 'dev']
From /tmp/tmp24zo8sal
[2024-08-16T09:47:39.969+0000] {log.py:232} WARNING - [[34m2024-08-16T09:47:39.968+0000[0m] {[34msubprocess.py:[0m60} INFO[0m - [35m(astronomer-cosmos)[0m - Tmp dir root location: 
 /tmp[0m
[2024-08-16T09:47:39.969+0000] {log.py:232} WARNING - [[34m2024-08-16T09:47:39.968+0000[0m] {[34msubprocess.py:[0m60} INFO[0m - [35m(astronomer-cosmos)[0m - Tmp dir root location: 
 /tmp[0m
[2024-08-16T09:47:39.968+0000] {subprocess.py:60} INFO - Tmp dir root location: 
 /tmp
[2024-08-16T09:47:39.970+0000] {log.py:232} WARNING - [[34m2024-08-16T09:47:39.970+0000[0m] {[34msubprocess.py:[0m73} INFO[0m - [35m(astronomer-cosmos)[0m - Running command: ['/opt/***/dbt_venv/bin/dbt', 'run', '--models', 'stg_wind_speed', '--project-dir', '/tmp/tmp24zo8sal', '--profiles-dir', '/tmp/cosmos/profile/ec71862f850e9b0839075fe0561d5062ab3dd99ef2a3dac2fe4fc1486f2849d0', '--profile', 'Data_Marketplace', '--target', 'dev'][0m
[2024-08-16T09:47:39.971+0000] {log.py:232} WARNING - [[34m2024-08-16T09:47:39.970+0000[0m] {[34msubprocess.py:[0m73} INFO[0m - [35m(astronomer-cosmos)[0m - Running command: ['/opt/***/dbt_venv/bin/dbt', 'run', '--models', 'stg_wind_speed', '--project-dir', '/tmp/tmp24zo8sal', '--profiles-dir', '/tmp/cosmos/profile/ec71862f850e9b0839075fe0561d5062ab3dd99ef2a3dac2fe4fc1486f2849d0', '--profile', 'Data_Marketplace', '--target', 'dev'][0m
[2024-08-16T09:47:39.970+0000] {subprocess.py:73} INFO - Running command: ['/opt/***/dbt_venv/bin/dbt', 'run', '--models', 'stg_wind_speed', '--project-dir', '/tmp/tmp24zo8sal', '--profiles-dir', '/tmp/cosmos/profile/ec71862f850e9b0839075fe0561d5062ab3dd99ef2a3dac2fe4fc1486f2849d0', '--profile', 'Data_Marketplace', '--target', 'dev']
[2024-08-16T09:47:39.987+0000] {log.py:232} WARNING - [[34m2024-08-16T09:47:39.986+0000[0m] {[34msubprocess.py:[0m84} INFO[0m - [35m(astronomer-cosmos)[0m - Command output:[0m
[2024-08-16T09:47:39.991+0000] {log.py:232} WARNING - [[34m2024-08-16T09:47:39.986+0000[0m] {[34msubprocess.py:[0m84} INFO[0m - [35m(astronomer-cosmos)[0m - Command output:[0m
[2024-08-16T09:47:39.986+0000] {subprocess.py:84} INFO - Command output:
[2024-08-16T09:47:42.062+0000] {log.py:232} WARNING - [[34m2024-08-16T09:47:42.062+0000[0m] {[34msubprocess.py:[0m94} INFO[0m - [35m(astronomer-cosmos)[0m - [0m09:47:42  Running with dbt=1.8.5[0m
[2024-08-16T09:47:42.062+0000] {log.py:232} WARNING - [[34m2024-08-16T09:47:42.062+0000[0m] {[34msubprocess.py:[0m94} INFO[0m - [35m(astronomer-cosmos)[0m - [0m09:47:42  Running with dbt=1.8.5[0m
[2024-08-16T09:47:42.062+0000] {subprocess.py:94} INFO - [0m09:47:42  Running with dbt=1.8.5
[2024-08-16T09:47:42.545+0000] {log.py:232} WARNING - [[34m2024-08-16T09:47:42.544+0000[0m] {[34msubprocess.py:[0m94} INFO[0m - [35m(astronomer-cosmos)[0m - [0m09:47:42  Registered adapter: snowflake=1.8.3[0m
[2024-08-16T09:47:42.546+0000] {log.py:232} WARNING - [[34m2024-08-16T09:47:42.544+0000[0m] {[34msubprocess.py:[0m94} INFO[0m - [35m(astronomer-cosmos)[0m - [0m09:47:42  Registered adapter: snowflake=1.8.3[0m
[2024-08-16T09:47:42.544+0000] {subprocess.py:94} INFO - [0m09:47:42  Registered adapter: snowflake=1.8.3
[2024-08-16T09:47:43.247+0000] {log.py:232} WARNING - [[34m2024-08-16T09:47:43.246+0000[0m] {[34msubprocess.py:[0m94} INFO[0m - [35m(astronomer-cosmos)[0m - [0m09:47:43  Found 9 models, 2 snapshots, 3 seeds, 2 data tests, 3 sources, 448 macros[0m
[2024-08-16T09:47:43.248+0000] {log.py:232} WARNING - [[34m2024-08-16T09:47:43.246+0000[0m] {[34msubprocess.py:[0m94} INFO[0m - [35m(astronomer-cosmos)[0m - [0m09:47:43  Found 9 models, 2 snapshots, 3 seeds, 2 data tests, 3 sources, 448 macros[0m
[2024-08-16T09:47:43.246+0000] {subprocess.py:94} INFO - [0m09:47:43  Found 9 models, 2 snapshots, 3 seeds, 2 data tests, 3 sources, 448 macros
[2024-08-16T09:47:43.250+0000] {log.py:232} WARNING - [[34m2024-08-16T09:47:43.250+0000[0m] {[34msubprocess.py:[0m94} INFO[0m - [35m(astronomer-cosmos)[0m - [0m09:47:43[0m
[2024-08-16T09:47:43.251+0000] {log.py:232} WARNING - [[34m2024-08-16T09:47:43.250+0000[0m] {[34msubprocess.py:[0m94} INFO[0m - [35m(astronomer-cosmos)[0m - [0m09:47:43[0m
[2024-08-16T09:47:43.250+0000] {subprocess.py:94} INFO - [0m09:47:43
[2024-08-16T09:47:45.364+0000] {log.py:232} WARNING - [[34m2024-08-16T09:47:45.364+0000[0m] {[34msubprocess.py:[0m94} INFO[0m - [35m(astronomer-cosmos)[0m - [0m09:47:45  Concurrency: 1 threads (target='dev')[0m
[2024-08-16T09:47:45.365+0000] {log.py:232} WARNING - [[34m2024-08-16T09:47:45.364+0000[0m] {[34msubprocess.py:[0m94} INFO[0m - [35m(astronomer-cosmos)[0m - [0m09:47:45  Concurrency: 1 threads (target='dev')[0m
[2024-08-16T09:47:45.364+0000] {subprocess.py:94} INFO - [0m09:47:45  Concurrency: 1 threads (target='dev')
[2024-08-16T09:47:45.366+0000] {log.py:232} WARNING - [[34m2024-08-16T09:47:45.366+0000[0m] {[34msubprocess.py:[0m94} INFO[0m - [35m(astronomer-cosmos)[0m - [0m09:47:45[0m
[2024-08-16T09:47:45.366+0000] {log.py:232} WARNING - [[34m2024-08-16T09:47:45.366+0000[0m] {[34msubprocess.py:[0m94} INFO[0m - [35m(astronomer-cosmos)[0m - [0m09:47:45[0m
[2024-08-16T09:47:45.366+0000] {subprocess.py:94} INFO - [0m09:47:45
[2024-08-16T09:47:45.392+0000] {log.py:232} WARNING - [[34m2024-08-16T09:47:45.392+0000[0m] {[34msubprocess.py:[0m94} INFO[0m - [35m(astronomer-cosmos)[0m - [0m09:47:45[0m
[2024-08-16T09:47:45.393+0000] {log.py:232} WARNING - [[34m2024-08-16T09:47:45.392+0000[0m] {[34msubprocess.py:[0m94} INFO[0m - [35m(astronomer-cosmos)[0m - [0m09:47:45[0m
[2024-08-16T09:47:45.392+0000] {subprocess.py:94} INFO - [0m09:47:45
[2024-08-16T09:47:45.394+0000] {log.py:232} WARNING - [[34m2024-08-16T09:47:45.394+0000[0m] {[34msubprocess.py:[0m94} INFO[0m - [35m(astronomer-cosmos)[0m - [0m09:47:45  Finished running  in 0 hours 0 minutes and 2.14 seconds (2.14s).[0m
[2024-08-16T09:47:45.394+0000] {log.py:232} WARNING - [[34m2024-08-16T09:47:45.394+0000[0m] {[34msubprocess.py:[0m94} INFO[0m - [35m(astronomer-cosmos)[0m - [0m09:47:45  Finished running  in 0 hours 0 minutes and 2.14 seconds (2.14s).[0m
[2024-08-16T09:47:45.394+0000] {subprocess.py:94} INFO - [0m09:47:45  Finished running  in 0 hours 0 minutes and 2.14 seconds (2.14s).
[2024-08-16T09:47:47.757+0000] {log.py:232} WARNING - [[34m2024-08-16T09:47:47.756+0000[0m] {[34msubprocess.py:[0m98} INFO[0m - [35m(astronomer-cosmos)[0m - Command exited with return code 0[0m
[2024-08-16T09:47:47.758+0000] {log.py:232} WARNING - [[34m2024-08-16T09:47:47.756+0000[0m] {[34msubprocess.py:[0m98} INFO[0m - [35m(astronomer-cosmos)[0m - Command exited with return code 0[0m
[2024-08-16T09:47:47.756+0000] {subprocess.py:98} INFO - Command exited with return code 0
[2024-08-16T09:47:47.759+0000] {log.py:232} WARNING - [[34m2024-08-16T09:47:47.759+0000[0m] {[34mlocal.py:[0m254} INFO[0m - [35m(astronomer-cosmos)[0m - [0m09:47:45  Finished running  in 0 hours 0 minutes and 2.14 seconds (2.14s).[0m
[2024-08-16T09:47:47.760+0000] {log.py:232} WARNING - [[34m2024-08-16T09:47:47.759+0000[0m] {[34mlocal.py:[0m254} INFO[0m - [35m(astronomer-cosmos)[0m - [0m09:47:45  Finished running  in 0 hours 0 minutes and 2.14 seconds (2.14s).[0m
[2024-08-16T09:47:47.759+0000] {local.py:254} INFO - [0m09:47:45  Finished running  in 0 hours 0 minutes and 2.14 seconds (2.14s).
[2024-08-16T09:47:47.791+0000] {local.py:196} WARNING - Artifact schema version: https://schemas.getdbt.com/dbt/manifest/v12.json is above dbt-ol supported version 7. This might cause errors.
[2024-08-16T09:47:47.792+0000] {local.py:196} WARNING - Artifact schema version: https://schemas.getdbt.com/dbt/run-results/v6.json is above dbt-ol supported version 5. This might cause errors.
[2024-08-16T09:47:47.798+0000] {log.py:232} WARNING - [[34m2024-08-16T09:47:47.798+0000[0m] {[34mlocal.py:[0m349} INFO[0m - [35m(astronomer-cosmos)[0m - Inlets: [][0m
[2024-08-16T09:47:47.799+0000] {log.py:232} WARNING - [[34m2024-08-16T09:47:47.798+0000[0m] {[34mlocal.py:[0m349} INFO[0m - [35m(astronomer-cosmos)[0m - Inlets: [][0m
[2024-08-16T09:47:47.798+0000] {local.py:349} INFO - Inlets: []
[2024-08-16T09:47:47.801+0000] {log.py:232} WARNING - [[34m2024-08-16T09:47:47.800+0000[0m] {[34mlocal.py:[0m350} INFO[0m - [35m(astronomer-cosmos)[0m - Outlets: [][0m
[2024-08-16T09:47:47.801+0000] {log.py:232} WARNING - [[34m2024-08-16T09:47:47.800+0000[0m] {[34mlocal.py:[0m350} INFO[0m - [35m(astronomer-cosmos)[0m - Outlets: [][0m
[2024-08-16T09:47:47.800+0000] {local.py:350} INFO - Outlets: []
[2024-08-16T09:47:47.803+0000] {dag.py:3096} INFO - Sync 1 DAGs
[2024-08-16T09:47:47.826+0000] {dag.py:3954} INFO - Setting next_dagrun for Prediction_Model to None, run_after=None
[2024-08-16T09:47:47.858+0000] {taskinstance.py:441} INFO - ::group::Post task execution logs
[2024-08-16T09:47:47.868+0000] {taskinstance.py:1206} INFO - Marking task as SUCCESS. dag_id=Prediction_Model, task_id=weather_data_daily_models.stg_wind_speed_run, run_id=manual__2024-08-16T09:47:32.212437+00:00, execution_date=20240816T094732, start_date=20240816T094739, end_date=20240816T094747
[2024-08-16T09:47:47.904+0000] {local_task_job_runner.py:240} INFO - Task exited with return code 0
[2024-08-16T09:47:47.943+0000] {taskinstance.py:3503} INFO - 1 downstream tasks scheduled from follow-on schedule check
[2024-08-16T09:47:47.946+0000] {local_task_job_runner.py:222} INFO - ::endgroup::
