[2024-08-13T16:09:15.352+0000] {local_task_job_runner.py:120} INFO - ::group::Pre task execution logs
[2024-08-13T16:09:15.397+0000] {taskinstance.py:2076} INFO - Dependencies all met for dep_context=non-requeueable deps ti=<TaskInstance: Weather_Data_Extraction.generate_output_file backfill__2024-02-07T00:00:00+00:00 [queued]>
[2024-08-13T16:09:15.704+0000] {taskinstance.py:2076} INFO - Dependencies all met for dep_context=requeueable deps ti=<TaskInstance: Weather_Data_Extraction.generate_output_file backfill__2024-02-07T00:00:00+00:00 [queued]>
[2024-08-13T16:09:15.709+0000] {taskinstance.py:2306} INFO - Starting attempt 1 of 1
[2024-08-13T16:09:15.772+0000] {taskinstance.py:2330} INFO - Executing <Task(PythonOperator): generate_output_file> on 2024-02-07 00:00:00+00:00
[2024-08-13T16:09:15.806+0000] {warnings.py:112} WARNING - /home/***/.local/lib/python3.12/site-packages/***/task/task_runner/standard_task_runner.py:61: DeprecationWarning: This process (pid=980) is multi-threaded, use of fork() may lead to deadlocks in the child.
  pid = os.fork()

[2024-08-13T16:09:15.804+0000] {standard_task_runner.py:90} INFO - Running: ['***', 'tasks', 'run', 'Weather_Data_Extraction', 'generate_output_file', 'backfill__2024-02-07T00:00:00+00:00', '--job-id', '174', '--pool', 'default_pool', '--raw', '--subdir', 'DAGS_FOLDER/Data_Weather_Extraction.py', '--cfg-path', '/tmp/tmpx9loqb_a']
[2024-08-13T16:09:15.809+0000] {standard_task_runner.py:63} INFO - Started process 996 to run task
[2024-08-13T16:09:15.810+0000] {standard_task_runner.py:91} INFO - Job 174: Subtask generate_output_file
[2024-08-13T16:09:15.844+0000] {warnings.py:112} WARNING - /home/***/.local/lib/python3.12/site-packages/***/settings.py:195: DeprecationWarning: The sql_alchemy_conn option in [core] has been moved to the sql_alchemy_conn option in [database] - the old setting has been used, but please update your config.
  SQL_ALCHEMY_CONN = conf.get("database", "SQL_ALCHEMY_CONN")

[2024-08-13T16:09:15.929+0000] {task_command.py:426} INFO - Running <TaskInstance: Weather_Data_Extraction.generate_output_file backfill__2024-02-07T00:00:00+00:00 [running]> on host ubuntu
[2024-08-13T16:09:16.234+0000] {taskinstance.py:2648} INFO - Exporting env vars: AIRFLOW_CTX_DAG_OWNER='Ducky' AIRFLOW_CTX_DAG_ID='Weather_Data_Extraction' AIRFLOW_CTX_TASK_ID='generate_output_file' AIRFLOW_CTX_EXECUTION_DATE='2024-02-07T00:00:00+00:00' AIRFLOW_CTX_TRY_NUMBER='1' AIRFLOW_CTX_DAG_RUN_ID='backfill__2024-02-07T00:00:00+00:00'
[2024-08-13T16:09:16.255+0000] {taskinstance.py:430} INFO - ::endgroup::
[2024-08-13T16:09:16.298+0000] {logging_mixin.py:188} INFO - Generated output file: Data_Weather-20240207.csv
[2024-08-13T16:09:16.301+0000] {logging_mixin.py:188} INFO - Execution Date: 2024/02/07
[2024-08-13T16:09:16.419+0000] {python.py:237} INFO - Done. Returned value was: None
[2024-08-13T16:09:16.421+0000] {taskinstance.py:441} INFO - ::group::Post task execution logs
[2024-08-13T16:09:16.439+0000] {taskinstance.py:1206} INFO - Marking task as SUCCESS. dag_id=Weather_Data_Extraction, task_id=generate_output_file, run_id=backfill__2024-02-07T00:00:00+00:00, execution_date=20240207T000000, start_date=20240813T160915, end_date=20240813T160916
[2024-08-13T16:09:16.483+0000] {local_task_job_runner.py:240} INFO - Task exited with return code 0
[2024-08-13T16:09:16.537+0000] {taskinstance.py:3503} INFO - 1 downstream tasks scheduled from follow-on schedule check
[2024-08-13T16:09:16.546+0000] {local_task_job_runner.py:222} INFO - ::endgroup::
[2024-08-14T03:48:46.514+0000] {local_task_job_runner.py:120} INFO - ::group::Pre task execution logs
[2024-08-14T03:48:46.541+0000] {taskinstance.py:2076} INFO - Dependencies all met for dep_context=non-requeueable deps ti=<TaskInstance: Weather_Data_Extraction.generate_output_file backfill__2024-02-07T00:00:00+00:00 [queued]>
[2024-08-14T03:48:46.700+0000] {taskinstance.py:2076} INFO - Dependencies all met for dep_context=requeueable deps ti=<TaskInstance: Weather_Data_Extraction.generate_output_file backfill__2024-02-07T00:00:00+00:00 [queued]>
[2024-08-14T03:48:46.701+0000] {taskinstance.py:2306} INFO - Starting attempt 1 of 1
[2024-08-14T03:48:46.716+0000] {taskinstance.py:2330} INFO - Executing <Task(PythonOperator): generate_output_file> on 2024-02-07 00:00:00+00:00
[2024-08-14T03:48:46.724+0000] {warnings.py:112} WARNING - /home/***/.local/lib/python3.12/site-packages/***/task/task_runner/standard_task_runner.py:61: DeprecationWarning: This process (pid=1619) is multi-threaded, use of fork() may lead to deadlocks in the child.
  pid = os.fork()

[2024-08-14T03:48:46.726+0000] {standard_task_runner.py:63} INFO - Started process 1621 to run task
[2024-08-14T03:48:46.726+0000] {standard_task_runner.py:90} INFO - Running: ['***', 'tasks', 'run', 'Weather_Data_Extraction', 'generate_output_file', 'backfill__2024-02-07T00:00:00+00:00', '--job-id', '509', '--pool', 'default_pool', '--raw', '--subdir', 'DAGS_FOLDER/Data_Weather_Extraction.py', '--cfg-path', '/tmp/tmp_m0tdszh']
[2024-08-14T03:48:46.729+0000] {standard_task_runner.py:91} INFO - Job 509: Subtask generate_output_file
[2024-08-14T03:48:46.782+0000] {task_command.py:426} INFO - Running <TaskInstance: Weather_Data_Extraction.generate_output_file backfill__2024-02-07T00:00:00+00:00 [running]> on host ubuntu
[2024-08-14T03:48:46.869+0000] {taskinstance.py:2648} INFO - Exporting env vars: AIRFLOW_CTX_DAG_OWNER='Ducky' AIRFLOW_CTX_DAG_ID='Weather_Data_Extraction' AIRFLOW_CTX_TASK_ID='generate_output_file' AIRFLOW_CTX_EXECUTION_DATE='2024-02-07T00:00:00+00:00' AIRFLOW_CTX_TRY_NUMBER='1' AIRFLOW_CTX_DAG_RUN_ID='backfill__2024-02-07T00:00:00+00:00'
[2024-08-14T03:48:46.871+0000] {taskinstance.py:430} INFO - ::endgroup::
[2024-08-14T03:48:46.883+0000] {logging_mixin.py:188} INFO - Generated output file: Data_Weather-20240207.csv
[2024-08-14T03:48:46.884+0000] {logging_mixin.py:188} INFO - Execution Date: 2024/02/07
[2024-08-14T03:48:46.909+0000] {python.py:237} INFO - Done. Returned value was: None
[2024-08-14T03:48:46.910+0000] {taskinstance.py:441} INFO - ::group::Post task execution logs
[2024-08-14T03:48:46.919+0000] {taskinstance.py:1206} INFO - Marking task as SUCCESS. dag_id=Weather_Data_Extraction, task_id=generate_output_file, run_id=backfill__2024-02-07T00:00:00+00:00, execution_date=20240207T000000, start_date=20240814T034846, end_date=20240814T034846
[2024-08-14T03:48:46.942+0000] {local_task_job_runner.py:240} INFO - Task exited with return code 0
[2024-08-14T03:48:46.968+0000] {taskinstance.py:3503} INFO - 1 downstream tasks scheduled from follow-on schedule check
[2024-08-14T03:48:46.972+0000] {local_task_job_runner.py:222} INFO - ::endgroup::
