[2024-08-19T03:19:46.993+0000] {local_task_job_runner.py:120} INFO - ::group::Pre task execution logs
[2024-08-19T03:19:47.148+0000] {taskinstance.py:2076} INFO - Dependencies all met for dep_context=non-requeueable deps ti=<TaskInstance: Weather_Data_Extraction.weather_data_models.stg_weather_data_run backfill__2024-08-17T00:00:00+00:00 [queued]>
[2024-08-19T03:19:47.159+0000] {taskinstance.py:2076} INFO - Dependencies all met for dep_context=requeueable deps ti=<TaskInstance: Weather_Data_Extraction.weather_data_models.stg_weather_data_run backfill__2024-08-17T00:00:00+00:00 [queued]>
[2024-08-19T03:19:47.160+0000] {taskinstance.py:2306} INFO - Starting attempt 1 of 3
[2024-08-19T03:19:47.178+0000] {taskinstance.py:2330} INFO - Executing <Task(DbtRunLocalOperator): weather_data_models.stg_weather_data_run> on 2024-08-17 00:00:00+00:00
[2024-08-19T03:19:47.186+0000] {warnings.py:112} WARNING - /home/***/.local/lib/python3.12/site-packages/***/task/task_runner/standard_task_runner.py:61: DeprecationWarning: This process (pid=341) is multi-threaded, use of fork() may lead to deadlocks in the child.
  pid = os.fork()

[2024-08-19T03:19:47.188+0000] {standard_task_runner.py:63} INFO - Started process 343 to run task
[2024-08-19T03:19:47.188+0000] {standard_task_runner.py:90} INFO - Running: ['***', 'tasks', 'run', 'Weather_Data_Extraction', 'weather_data_models.stg_weather_data_run', 'backfill__2024-08-17T00:00:00+00:00', '--job-id', '1329', '--pool', 'default_pool', '--raw', '--subdir', 'DAGS_FOLDER/Data_Weather_Extraction.py', '--cfg-path', '/tmp/tmpbmk4lqlw']
[2024-08-19T03:19:47.191+0000] {standard_task_runner.py:91} INFO - Job 1329: Subtask weather_data_models.stg_weather_data_run
[2024-08-19T03:19:47.256+0000] {task_command.py:426} INFO - Running <TaskInstance: Weather_Data_Extraction.weather_data_models.stg_weather_data_run backfill__2024-08-17T00:00:00+00:00 [running]> on host ubuntu
[2024-08-19T03:19:47.343+0000] {taskinstance.py:2648} INFO - Exporting env vars: AIRFLOW_CTX_DAG_OWNER='Ducky' AIRFLOW_CTX_DAG_ID='Weather_Data_Extraction' AIRFLOW_CTX_TASK_ID='weather_data_models.stg_weather_data_run' AIRFLOW_CTX_EXECUTION_DATE='2024-08-17T00:00:00+00:00' AIRFLOW_CTX_TRY_NUMBER='1' AIRFLOW_CTX_DAG_RUN_ID='backfill__2024-08-17T00:00:00+00:00'
[2024-08-19T03:19:47.344+0000] {taskinstance.py:430} INFO - ::endgroup::
[2024-08-19T03:19:47.374+0000] {log.py:232} WARNING - [[34m2024-08-19T03:19:47.374+0000[0m] {[34mgraph.py:[0m377} INFO[0m - [35m(astronomer-cosmos)[0m - Trying to parse the dbt project using dbt ls cache cosmos_cache__dbt_dag_filterd__customers_group...[0m
[2024-08-19T03:19:47.375+0000] {log.py:232} WARNING - [[34m2024-08-19T03:19:47.374+0000[0m] {[34mgraph.py:[0m377} INFO[0m - [35m(astronomer-cosmos)[0m - Trying to parse the dbt project using dbt ls cache cosmos_cache__dbt_dag_filterd__customers_group...[0m
[2024-08-19T03:19:47.374+0000] {graph.py:377} INFO - Trying to parse the dbt project using dbt ls cache cosmos_cache__dbt_dag_filterd__customers_group...
[2024-08-19T03:19:47.638+0000] {log.py:232} WARNING - [[34m2024-08-19T03:19:47.638+0000[0m] {[34mcache.py:[0m262} INFO[0m - [35m(astronomer-cosmos)[0m - Cosmos performance: time to calculate cache identifier cosmos_cache__dbt_dag_filterd__customers_group for current version: 0.2542502630000172[0m
[2024-08-19T03:19:47.639+0000] {log.py:232} WARNING - [[34m2024-08-19T03:19:47.638+0000[0m] {[34mcache.py:[0m262} INFO[0m - [35m(astronomer-cosmos)[0m - Cosmos performance: time to calculate cache identifier cosmos_cache__dbt_dag_filterd__customers_group for current version: 0.2542502630000172[0m
[2024-08-19T03:19:47.638+0000] {cache.py:262} INFO - Cosmos performance: time to calculate cache identifier cosmos_cache__dbt_dag_filterd__customers_group for current version: 0.2542502630000172
[2024-08-19T03:19:47.640+0000] {log.py:232} WARNING - [[34m2024-08-19T03:19:47.640+0000[0m] {[34mgraph.py:[0m394} INFO[0m - [35m(astronomer-cosmos)[0m - Cosmos performance [ubuntu|343]: The cache size for cosmos_cache__dbt_dag_filterd__customers_group is 2948[0m
[2024-08-19T03:19:47.640+0000] {log.py:232} WARNING - [[34m2024-08-19T03:19:47.640+0000[0m] {[34mgraph.py:[0m394} INFO[0m - [35m(astronomer-cosmos)[0m - Cosmos performance [ubuntu|343]: The cache size for cosmos_cache__dbt_dag_filterd__customers_group is 2948[0m
[2024-08-19T03:19:47.640+0000] {graph.py:394} INFO - Cosmos performance [ubuntu|343]: The cache size for cosmos_cache__dbt_dag_filterd__customers_group is 2948
[2024-08-19T03:19:47.641+0000] {log.py:232} WARNING - [[34m2024-08-19T03:19:47.641+0000[0m] {[34mgraph.py:[0m402} INFO[0m - [35m(astronomer-cosmos)[0m - Cosmos performance: Cache hit for cosmos_cache__dbt_dag_filterd__customers_group - d3655c99e4b770027e65648437a3d068,5f7d44698c4b67134aff532494870c9c[0m
[2024-08-19T03:19:47.642+0000] {log.py:232} WARNING - [[34m2024-08-19T03:19:47.641+0000[0m] {[34mgraph.py:[0m402} INFO[0m - [35m(astronomer-cosmos)[0m - Cosmos performance: Cache hit for cosmos_cache__dbt_dag_filterd__customers_group - d3655c99e4b770027e65648437a3d068,5f7d44698c4b67134aff532494870c9c[0m
[2024-08-19T03:19:47.641+0000] {graph.py:402} INFO - Cosmos performance: Cache hit for cosmos_cache__dbt_dag_filterd__customers_group - d3655c99e4b770027e65648437a3d068,5f7d44698c4b67134aff532494870c9c
[2024-08-19T03:19:47.643+0000] {log.py:232} WARNING - [[34m2024-08-19T03:19:47.643+0000[0m] {[34mgraph.py:[0m335} INFO[0m - [35m(astronomer-cosmos)[0m - Total nodes: 3[0m
[2024-08-19T03:19:47.644+0000] {log.py:232} WARNING - [[34m2024-08-19T03:19:47.643+0000[0m] {[34mgraph.py:[0m335} INFO[0m - [35m(astronomer-cosmos)[0m - Total nodes: 3[0m
[2024-08-19T03:19:47.643+0000] {graph.py:335} INFO - Total nodes: 3
[2024-08-19T03:19:47.645+0000] {log.py:232} WARNING - [[34m2024-08-19T03:19:47.644+0000[0m] {[34mgraph.py:[0m336} INFO[0m - [35m(astronomer-cosmos)[0m - Total filtered nodes: 3[0m
[2024-08-19T03:19:47.645+0000] {log.py:232} WARNING - [[34m2024-08-19T03:19:47.644+0000[0m] {[34mgraph.py:[0m336} INFO[0m - [35m(astronomer-cosmos)[0m - Total filtered nodes: 3[0m
[2024-08-19T03:19:47.644+0000] {graph.py:336} INFO - Total filtered nodes: 3
[2024-08-19T03:19:47.646+0000] {log.py:232} WARNING - [[34m2024-08-19T03:19:47.646+0000[0m] {[34mconverter.py:[0m251} INFO[0m - [35m(astronomer-cosmos)[0m - Cosmos performance (dbt_dag_filterd__customers_group) -  [ubuntu|343]: It took 0.272s to parse the dbt project for DAG using LoadMode.DBT_LS_CACHE[0m
[2024-08-19T03:19:47.646+0000] {log.py:232} WARNING - [[34m2024-08-19T03:19:47.646+0000[0m] {[34mconverter.py:[0m251} INFO[0m - [35m(astronomer-cosmos)[0m - Cosmos performance (dbt_dag_filterd__customers_group) -  [ubuntu|343]: It took 0.272s to parse the dbt project for DAG using LoadMode.DBT_LS_CACHE[0m
[2024-08-19T03:19:47.646+0000] {converter.py:251} INFO - Cosmos performance (dbt_dag_filterd__customers_group) -  [ubuntu|343]: It took 0.272s to parse the dbt project for DAG using LoadMode.DBT_LS_CACHE
[2024-08-19T03:19:47.650+0000] {log.py:232} WARNING - [[34m2024-08-19T03:19:47.650+0000[0m] {[34mproject.py:[0m35} INFO[0m - [35m(astronomer-cosmos)[0m - Project /opt/***/dags/Data_Marketplace does not have {'dependencies.yml', 'packages.yml'}[0m
[2024-08-19T03:19:47.651+0000] {log.py:232} WARNING - [[34m2024-08-19T03:19:47.650+0000[0m] {[34mproject.py:[0m35} INFO[0m - [35m(astronomer-cosmos)[0m - Project /opt/***/dags/Data_Marketplace does not have {'dependencies.yml', 'packages.yml'}[0m
[2024-08-19T03:19:47.650+0000] {project.py:35} INFO - Project /opt/***/dags/Data_Marketplace does not have {'dependencies.yml', 'packages.yml'}
[2024-08-19T03:19:47.654+0000] {log.py:232} WARNING - [[34m2024-08-19T03:19:47.654+0000[0m] {[34mproject.py:[0m35} INFO[0m - [35m(astronomer-cosmos)[0m - Project /opt/***/dags/Data_Marketplace does not have {'dependencies.yml', 'packages.yml'}[0m
[2024-08-19T03:19:47.654+0000] {log.py:232} WARNING - [[34m2024-08-19T03:19:47.654+0000[0m] {[34mproject.py:[0m35} INFO[0m - [35m(astronomer-cosmos)[0m - Project /opt/***/dags/Data_Marketplace does not have {'dependencies.yml', 'packages.yml'}[0m
[2024-08-19T03:19:47.654+0000] {project.py:35} INFO - Project /opt/***/dags/Data_Marketplace does not have {'dependencies.yml', 'packages.yml'}
[2024-08-19T03:19:47.658+0000] {log.py:232} WARNING - [[34m2024-08-19T03:19:47.658+0000[0m] {[34mproject.py:[0m35} INFO[0m - [35m(astronomer-cosmos)[0m - Project /opt/***/dags/Data_Marketplace does not have {'dependencies.yml', 'packages.yml'}[0m
[2024-08-19T03:19:47.659+0000] {log.py:232} WARNING - [[34m2024-08-19T03:19:47.658+0000[0m] {[34mproject.py:[0m35} INFO[0m - [35m(astronomer-cosmos)[0m - Project /opt/***/dags/Data_Marketplace does not have {'dependencies.yml', 'packages.yml'}[0m
[2024-08-19T03:19:47.658+0000] {project.py:35} INFO - Project /opt/***/dags/Data_Marketplace does not have {'dependencies.yml', 'packages.yml'}
[2024-08-19T03:19:47.660+0000] {log.py:232} WARNING - [[34m2024-08-19T03:19:47.660+0000[0m] {[34mconverter.py:[0m293} INFO[0m - [35m(astronomer-cosmos)[0m - Cosmos performance (dbt_dag_filterd__customers_group) - [ubuntu|343]: It took 0.0142s to build the Airflow DAG.[0m
[2024-08-19T03:19:47.661+0000] {log.py:232} WARNING - [[34m2024-08-19T03:19:47.660+0000[0m] {[34mconverter.py:[0m293} INFO[0m - [35m(astronomer-cosmos)[0m - Cosmos performance (dbt_dag_filterd__customers_group) - [ubuntu|343]: It took 0.0142s to build the Airflow DAG.[0m
[2024-08-19T03:19:47.660+0000] {converter.py:293} INFO - Cosmos performance (dbt_dag_filterd__customers_group) - [ubuntu|343]: It took 0.0142s to build the Airflow DAG.
[2024-08-19T03:19:47.662+0000] {log.py:232} WARNING - [[34m2024-08-19T03:19:47.662+0000[0m] {[34mlocal.py:[0m174} INFO[0m - [35m(astronomer-cosmos)[0m - Could not import dbtRunner. Falling back to subprocess for invoking dbt.[0m
[2024-08-19T03:19:47.662+0000] {log.py:232} WARNING - [[34m2024-08-19T03:19:47.662+0000[0m] {[34mlocal.py:[0m174} INFO[0m - [35m(astronomer-cosmos)[0m - Could not import dbtRunner. Falling back to subprocess for invoking dbt.[0m
[2024-08-19T03:19:47.662+0000] {local.py:174} INFO - Could not import dbtRunner. Falling back to subprocess for invoking dbt.
[2024-08-19T03:19:47.664+0000] {log.py:232} WARNING - [[34m2024-08-19T03:19:47.664+0000[0m] {[34mlocal.py:[0m292} INFO[0m - [35m(astronomer-cosmos)[0m - Cloning project to writable temp directory /tmp/tmphxpd3pqv from /opt/***/dags/Data_Marketplace[0m
[2024-08-19T03:19:47.665+0000] {log.py:232} WARNING - [[34m2024-08-19T03:19:47.664+0000[0m] {[34mlocal.py:[0m292} INFO[0m - [35m(astronomer-cosmos)[0m - Cloning project to writable temp directory /tmp/tmphxpd3pqv from /opt/***/dags/Data_Marketplace[0m
[2024-08-19T03:19:47.664+0000] {local.py:292} INFO - Cloning project to writable temp directory /tmp/tmphxpd3pqv from /opt/airflow/dags/Data_Marketplace
[2024-08-19T03:19:47.669+0000] {log.py:232} WARNING - [[34m2024-08-19T03:19:47.669+0000[0m] {[34mlocal.py:[0m303} INFO[0m - [35m(astronomer-cosmos)[0m - Partial parse is enabled and the latest partial parse file is /tmp/cosmos/Weather_Data_Extraction__weather_data_models/target/partial_parse.msgpack[0m
[2024-08-19T03:19:47.670+0000] {log.py:232} WARNING - [[34m2024-08-19T03:19:47.669+0000[0m] {[34mlocal.py:[0m303} INFO[0m - [35m(astronomer-cosmos)[0m - Partial parse is enabled and the latest partial parse file is /tmp/cosmos/Weather_Data_Extraction__weather_data_models/target/partial_parse.msgpack[0m
[2024-08-19T03:19:47.669+0000] {local.py:303} INFO - Partial parse is enabled and the latest partial parse file is /tmp/cosmos/Weather_Data_Extraction__weather_data_models/target/partial_parse.msgpack
[2024-08-19T03:19:47.678+0000] {log.py:232} WARNING - [[34m2024-08-19T03:19:47.677+0000[0m] {[34mconfig.py:[0m292} INFO[0m - [35m(astronomer-cosmos)[0m - Profile caching is enable.[0m
[2024-08-19T03:19:47.678+0000] {log.py:232} WARNING - [[34m2024-08-19T03:19:47.677+0000[0m] {[34mconfig.py:[0m292} INFO[0m - [35m(astronomer-cosmos)[0m - Profile caching is enable.[0m
[2024-08-19T03:19:47.677+0000] {config.py:292} INFO - Profile caching is enable.
[2024-08-19T03:19:47.689+0000] {base.py:84} INFO - Using connection ID 'snowflake_conn' for task execution.
[2024-08-19T03:19:47.692+0000] {log.py:232} WARNING - [[34m2024-08-19T03:19:47.692+0000[0m] {[34mconfig.py:[0m272} INFO[0m - [35m(astronomer-cosmos)[0m - Profile found in cache using profile: /tmp/cosmos/profile/ec71862f850e9b0839075fe0561d5062ab3dd99ef2a3dac2fe4fc1486f2849d0/profiles.yml.[0m
[2024-08-19T03:19:47.693+0000] {log.py:232} WARNING - [[34m2024-08-19T03:19:47.692+0000[0m] {[34mconfig.py:[0m272} INFO[0m - [35m(astronomer-cosmos)[0m - Profile found in cache using profile: /tmp/cosmos/profile/ec71862f850e9b0839075fe0561d5062ab3dd99ef2a3dac2fe4fc1486f2849d0/profiles.yml.[0m
[2024-08-19T03:19:47.692+0000] {config.py:272} INFO - Profile found in cache using profile: /tmp/cosmos/profile/ec71862f850e9b0839075fe0561d5062ab3dd99ef2a3dac2fe4fc1486f2849d0/profiles.yml.
[2024-08-19T03:19:47.694+0000] {log.py:232} WARNING - [[34m2024-08-19T03:19:47.694+0000[0m] {[34mlocal.py:[0m247} INFO[0m - [35m(astronomer-cosmos)[0m - Trying to run the command:
 ['/opt/***/dbt_venv/bin/dbt', 'run', '--models', 'stg_weather_data', '--project-dir', '/tmp/tmphxpd3pqv', '--profiles-dir', '/tmp/cosmos/profile/ec71862f850e9b0839075fe0561d5062ab3dd99ef2a3dac2fe4fc1486f2849d0', '--profile', 'Data_Marketplace', '--target', 'dev']
From /tmp/tmphxpd3pqv[0m
[2024-08-19T03:19:47.694+0000] {log.py:232} WARNING - [[34m2024-08-19T03:19:47.694+0000[0m] {[34mlocal.py:[0m247} INFO[0m - [35m(astronomer-cosmos)[0m - Trying to run the command:
 ['/opt/***/dbt_venv/bin/dbt', 'run', '--models', 'stg_weather_data', '--project-dir', '/tmp/tmphxpd3pqv', '--profiles-dir', '/tmp/cosmos/profile/ec71862f850e9b0839075fe0561d5062ab3dd99ef2a3dac2fe4fc1486f2849d0', '--profile', 'Data_Marketplace', '--target', 'dev']
From /tmp/tmphxpd3pqv[0m
[2024-08-19T03:19:47.694+0000] {local.py:247} INFO - Trying to run the command:
 ['/opt/***/dbt_venv/bin/dbt', 'run', '--models', 'stg_weather_data', '--project-dir', '/tmp/tmphxpd3pqv', '--profiles-dir', '/tmp/cosmos/profile/ec71862f850e9b0839075fe0561d5062ab3dd99ef2a3dac2fe4fc1486f2849d0', '--profile', 'Data_Marketplace', '--target', 'dev']
From /tmp/tmphxpd3pqv
[2024-08-19T03:19:47.695+0000] {log.py:232} WARNING - [[34m2024-08-19T03:19:47.695+0000[0m] {[34msubprocess.py:[0m60} INFO[0m - [35m(astronomer-cosmos)[0m - Tmp dir root location: 
 /tmp[0m
[2024-08-19T03:19:47.696+0000] {log.py:232} WARNING - [[34m2024-08-19T03:19:47.695+0000[0m] {[34msubprocess.py:[0m60} INFO[0m - [35m(astronomer-cosmos)[0m - Tmp dir root location: 
 /tmp[0m
[2024-08-19T03:19:47.695+0000] {subprocess.py:60} INFO - Tmp dir root location: 
 /tmp
[2024-08-19T03:19:47.697+0000] {log.py:232} WARNING - [[34m2024-08-19T03:19:47.696+0000[0m] {[34msubprocess.py:[0m73} INFO[0m - [35m(astronomer-cosmos)[0m - Running command: ['/opt/***/dbt_venv/bin/dbt', 'run', '--models', 'stg_weather_data', '--project-dir', '/tmp/tmphxpd3pqv', '--profiles-dir', '/tmp/cosmos/profile/ec71862f850e9b0839075fe0561d5062ab3dd99ef2a3dac2fe4fc1486f2849d0', '--profile', 'Data_Marketplace', '--target', 'dev'][0m
[2024-08-19T03:19:47.697+0000] {log.py:232} WARNING - [[34m2024-08-19T03:19:47.696+0000[0m] {[34msubprocess.py:[0m73} INFO[0m - [35m(astronomer-cosmos)[0m - Running command: ['/opt/***/dbt_venv/bin/dbt', 'run', '--models', 'stg_weather_data', '--project-dir', '/tmp/tmphxpd3pqv', '--profiles-dir', '/tmp/cosmos/profile/ec71862f850e9b0839075fe0561d5062ab3dd99ef2a3dac2fe4fc1486f2849d0', '--profile', 'Data_Marketplace', '--target', 'dev'][0m
[2024-08-19T03:19:47.696+0000] {subprocess.py:73} INFO - Running command: ['/opt/***/dbt_venv/bin/dbt', 'run', '--models', 'stg_weather_data', '--project-dir', '/tmp/tmphxpd3pqv', '--profiles-dir', '/tmp/cosmos/profile/ec71862f850e9b0839075fe0561d5062ab3dd99ef2a3dac2fe4fc1486f2849d0', '--profile', 'Data_Marketplace', '--target', 'dev']
[2024-08-19T03:19:47.709+0000] {log.py:232} WARNING - [[34m2024-08-19T03:19:47.708+0000[0m] {[34msubprocess.py:[0m84} INFO[0m - [35m(astronomer-cosmos)[0m - Command output:[0m
[2024-08-19T03:19:47.710+0000] {log.py:232} WARNING - [[34m2024-08-19T03:19:47.708+0000[0m] {[34msubprocess.py:[0m84} INFO[0m - [35m(astronomer-cosmos)[0m - Command output:[0m
[2024-08-19T03:19:47.708+0000] {subprocess.py:84} INFO - Command output:
[2024-08-19T03:19:49.744+0000] {log.py:232} WARNING - [[34m2024-08-19T03:19:49.744+0000[0m] {[34msubprocess.py:[0m94} INFO[0m - [35m(astronomer-cosmos)[0m - [0m03:19:49  Running with dbt=1.8.5[0m
[2024-08-19T03:19:49.746+0000] {log.py:232} WARNING - [[34m2024-08-19T03:19:49.744+0000[0m] {[34msubprocess.py:[0m94} INFO[0m - [35m(astronomer-cosmos)[0m - [0m03:19:49  Running with dbt=1.8.5[0m
[2024-08-19T03:19:49.744+0000] {subprocess.py:94} INFO - [0m03:19:49  Running with dbt=1.8.5
[2024-08-19T03:19:50.441+0000] {log.py:232} WARNING - [[34m2024-08-19T03:19:50.441+0000[0m] {[34msubprocess.py:[0m94} INFO[0m - [35m(astronomer-cosmos)[0m - [0m03:19:50  Registered adapter: snowflake=1.8.3[0m
[2024-08-19T03:19:50.442+0000] {log.py:232} WARNING - [[34m2024-08-19T03:19:50.441+0000[0m] {[34msubprocess.py:[0m94} INFO[0m - [35m(astronomer-cosmos)[0m - [0m03:19:50  Registered adapter: snowflake=1.8.3[0m
[2024-08-19T03:19:50.441+0000] {subprocess.py:94} INFO - [0m03:19:50  Registered adapter: snowflake=1.8.3
[2024-08-19T03:19:51.093+0000] {log.py:232} WARNING - [[34m2024-08-19T03:19:51.092+0000[0m] {[34msubprocess.py:[0m94} INFO[0m - [35m(astronomer-cosmos)[0m - [0m03:19:51  Found 9 models, 2 snapshots, 3 seeds, 2 data tests, 3 sources, 448 macros[0m
[2024-08-19T03:19:51.094+0000] {log.py:232} WARNING - [[34m2024-08-19T03:19:51.092+0000[0m] {[34msubprocess.py:[0m94} INFO[0m - [35m(astronomer-cosmos)[0m - [0m03:19:51  Found 9 models, 2 snapshots, 3 seeds, 2 data tests, 3 sources, 448 macros[0m
[2024-08-19T03:19:51.092+0000] {subprocess.py:94} INFO - [0m03:19:51  Found 9 models, 2 snapshots, 3 seeds, 2 data tests, 3 sources, 448 macros
[2024-08-19T03:19:51.095+0000] {log.py:232} WARNING - [[34m2024-08-19T03:19:51.095+0000[0m] {[34msubprocess.py:[0m94} INFO[0m - [35m(astronomer-cosmos)[0m - [0m03:19:51[0m
[2024-08-19T03:19:51.096+0000] {log.py:232} WARNING - [[34m2024-08-19T03:19:51.095+0000[0m] {[34msubprocess.py:[0m94} INFO[0m - [35m(astronomer-cosmos)[0m - [0m03:19:51[0m
[2024-08-19T03:19:51.095+0000] {subprocess.py:94} INFO - [0m03:19:51
[2024-08-19T03:19:52.473+0000] {log.py:232} WARNING - [[34m2024-08-19T03:19:52.473+0000[0m] {[34msubprocess.py:[0m94} INFO[0m - [35m(astronomer-cosmos)[0m - [0m03:19:52  Concurrency: 1 threads (target='dev')[0m
[2024-08-19T03:19:52.474+0000] {log.py:232} WARNING - [[34m2024-08-19T03:19:52.473+0000[0m] {[34msubprocess.py:[0m94} INFO[0m - [35m(astronomer-cosmos)[0m - [0m03:19:52  Concurrency: 1 threads (target='dev')[0m
[2024-08-19T03:19:52.473+0000] {subprocess.py:94} INFO - [0m03:19:52  Concurrency: 1 threads (target='dev')
[2024-08-19T03:19:52.475+0000] {log.py:232} WARNING - [[34m2024-08-19T03:19:52.475+0000[0m] {[34msubprocess.py:[0m94} INFO[0m - [35m(astronomer-cosmos)[0m - [0m03:19:52[0m
[2024-08-19T03:19:52.476+0000] {log.py:232} WARNING - [[34m2024-08-19T03:19:52.475+0000[0m] {[34msubprocess.py:[0m94} INFO[0m - [35m(astronomer-cosmos)[0m - [0m03:19:52[0m
[2024-08-19T03:19:52.475+0000] {subprocess.py:94} INFO - [0m03:19:52
[2024-08-19T03:19:52.504+0000] {log.py:232} WARNING - [[34m2024-08-19T03:19:52.504+0000[0m] {[34msubprocess.py:[0m94} INFO[0m - [35m(astronomer-cosmos)[0m - [0m03:19:52[0m
[2024-08-19T03:19:52.505+0000] {log.py:232} WARNING - [[34m2024-08-19T03:19:52.504+0000[0m] {[34msubprocess.py:[0m94} INFO[0m - [35m(astronomer-cosmos)[0m - [0m03:19:52[0m
[2024-08-19T03:19:52.504+0000] {subprocess.py:94} INFO - [0m03:19:52
[2024-08-19T03:19:52.506+0000] {log.py:232} WARNING - [[34m2024-08-19T03:19:52.506+0000[0m] {[34msubprocess.py:[0m94} INFO[0m - [35m(astronomer-cosmos)[0m - [0m03:19:52  Finished running  in 0 hours 0 minutes and 1.41 seconds (1.41s).[0m
[2024-08-19T03:19:52.507+0000] {log.py:232} WARNING - [[34m2024-08-19T03:19:52.506+0000[0m] {[34msubprocess.py:[0m94} INFO[0m - [35m(astronomer-cosmos)[0m - [0m03:19:52  Finished running  in 0 hours 0 minutes and 1.41 seconds (1.41s).[0m
[2024-08-19T03:19:52.506+0000] {subprocess.py:94} INFO - [0m03:19:52  Finished running  in 0 hours 0 minutes and 1.41 seconds (1.41s).
[2024-08-19T03:19:54.193+0000] {log.py:232} WARNING - [[34m2024-08-19T03:19:54.193+0000[0m] {[34msubprocess.py:[0m98} INFO[0m - [35m(astronomer-cosmos)[0m - Command exited with return code 0[0m
[2024-08-19T03:19:54.194+0000] {log.py:232} WARNING - [[34m2024-08-19T03:19:54.193+0000[0m] {[34msubprocess.py:[0m98} INFO[0m - [35m(astronomer-cosmos)[0m - Command exited with return code 0[0m
[2024-08-19T03:19:54.193+0000] {subprocess.py:98} INFO - Command exited with return code 0
[2024-08-19T03:19:54.197+0000] {log.py:232} WARNING - [[34m2024-08-19T03:19:54.196+0000[0m] {[34mlocal.py:[0m254} INFO[0m - [35m(astronomer-cosmos)[0m - [0m03:19:52  Finished running  in 0 hours 0 minutes and 1.41 seconds (1.41s).[0m
[2024-08-19T03:19:54.198+0000] {log.py:232} WARNING - [[34m2024-08-19T03:19:54.196+0000[0m] {[34mlocal.py:[0m254} INFO[0m - [35m(astronomer-cosmos)[0m - [0m03:19:52  Finished running  in 0 hours 0 minutes and 1.41 seconds (1.41s).[0m
[2024-08-19T03:19:54.196+0000] {local.py:254} INFO - [0m03:19:52  Finished running  in 0 hours 0 minutes and 1.41 seconds (1.41s).
[2024-08-19T03:19:54.228+0000] {local.py:196} WARNING - Artifact schema version: https://schemas.getdbt.com/dbt/manifest/v12.json is above dbt-ol supported version 7. This might cause errors.
[2024-08-19T03:19:54.229+0000] {local.py:196} WARNING - Artifact schema version: https://schemas.getdbt.com/dbt/run-results/v6.json is above dbt-ol supported version 5. This might cause errors.
[2024-08-19T03:19:54.239+0000] {log.py:232} WARNING - [[34m2024-08-19T03:19:54.239+0000[0m] {[34mlocal.py:[0m349} INFO[0m - [35m(astronomer-cosmos)[0m - Inlets: [][0m
[2024-08-19T03:19:54.241+0000] {log.py:232} WARNING - [[34m2024-08-19T03:19:54.239+0000[0m] {[34mlocal.py:[0m349} INFO[0m - [35m(astronomer-cosmos)[0m - Inlets: [][0m
[2024-08-19T03:19:54.239+0000] {local.py:349} INFO - Inlets: []
[2024-08-19T03:19:54.243+0000] {log.py:232} WARNING - [[34m2024-08-19T03:19:54.242+0000[0m] {[34mlocal.py:[0m350} INFO[0m - [35m(astronomer-cosmos)[0m - Outlets: [][0m
[2024-08-19T03:19:54.244+0000] {log.py:232} WARNING - [[34m2024-08-19T03:19:54.242+0000[0m] {[34mlocal.py:[0m350} INFO[0m - [35m(astronomer-cosmos)[0m - Outlets: [][0m
[2024-08-19T03:19:54.242+0000] {local.py:350} INFO - Outlets: []
[2024-08-19T03:19:54.247+0000] {dag.py:3096} INFO - Sync 1 DAGs
[2024-08-19T03:19:54.322+0000] {taskinstance.py:441} INFO - ::group::Post task execution logs
[2024-08-19T03:19:54.340+0000] {taskinstance.py:1206} INFO - Marking task as SUCCESS. dag_id=Weather_Data_Extraction, task_id=weather_data_models.stg_weather_data_run, run_id=backfill__2024-08-17T00:00:00+00:00, execution_date=20240817T000000, start_date=20240819T031947, end_date=20240819T031954
[2024-08-19T03:19:54.376+0000] {local_task_job_runner.py:240} INFO - Task exited with return code 0
[2024-08-19T03:19:54.426+0000] {taskinstance.py:3503} INFO - 1 downstream tasks scheduled from follow-on schedule check
[2024-08-19T03:19:54.431+0000] {local_task_job_runner.py:222} INFO - ::endgroup::
