[2024-08-16T09:46:11.615+0000] {local_task_job_runner.py:120} INFO - ::group::Pre task execution logs
[2024-08-16T09:46:11.782+0000] {taskinstance.py:2076} INFO - Dependencies all met for dep_context=non-requeueable deps ti=<TaskInstance: Weather_Data_Extraction.sleep_for_10_seconds backfill__2024-08-13T00:00:00+00:00 [queued]>
[2024-08-16T09:46:11.796+0000] {taskinstance.py:2076} INFO - Dependencies all met for dep_context=requeueable deps ti=<TaskInstance: Weather_Data_Extraction.sleep_for_10_seconds backfill__2024-08-13T00:00:00+00:00 [queued]>
[2024-08-16T09:46:11.797+0000] {taskinstance.py:2306} INFO - Starting attempt 1 of 1
[2024-08-16T09:46:11.819+0000] {taskinstance.py:2330} INFO - Executing <Task(BashOperator): sleep_for_10_seconds> on 2024-08-13 00:00:00+00:00
[2024-08-16T09:46:11.826+0000] {warnings.py:112} WARNING - /home/***/.local/lib/python3.12/site-packages/***/task/task_runner/standard_task_runner.py:61: DeprecationWarning: This process (pid=1586) is multi-threaded, use of fork() may lead to deadlocks in the child.
  pid = os.fork()

[2024-08-16T09:46:11.828+0000] {standard_task_runner.py:63} INFO - Started process 1588 to run task
[2024-08-16T09:46:11.828+0000] {standard_task_runner.py:90} INFO - Running: ['***', 'tasks', 'run', 'Weather_Data_Extraction', 'sleep_for_10_seconds', 'backfill__2024-08-13T00:00:00+00:00', '--job-id', '1187', '--pool', 'default_pool', '--raw', '--subdir', 'DAGS_FOLDER/Data_Weather_Extraction.py', '--cfg-path', '/tmp/tmpb_prq7vr']
[2024-08-16T09:46:11.831+0000] {standard_task_runner.py:91} INFO - Job 1187: Subtask sleep_for_10_seconds
[2024-08-16T09:46:11.879+0000] {task_command.py:426} INFO - Running <TaskInstance: Weather_Data_Extraction.sleep_for_10_seconds backfill__2024-08-13T00:00:00+00:00 [running]> on host ubuntu
[2024-08-16T09:46:11.997+0000] {taskinstance.py:2648} INFO - Exporting env vars: AIRFLOW_CTX_DAG_OWNER='Ducky' AIRFLOW_CTX_DAG_ID='Weather_Data_Extraction' AIRFLOW_CTX_TASK_ID='sleep_for_10_seconds' AIRFLOW_CTX_EXECUTION_DATE='2024-08-13T00:00:00+00:00' AIRFLOW_CTX_TRY_NUMBER='1' AIRFLOW_CTX_DAG_RUN_ID='backfill__2024-08-13T00:00:00+00:00'
[2024-08-16T09:46:12.000+0000] {taskinstance.py:430} INFO - ::endgroup::
[2024-08-16T09:46:12.019+0000] {subprocess.py:63} INFO - Tmp dir root location: /tmp
[2024-08-16T09:46:12.020+0000] {subprocess.py:75} INFO - Running command: ['/usr/bin/bash', '-c', 'sleep 10']
[2024-08-16T09:46:12.039+0000] {subprocess.py:86} INFO - Output:
[2024-08-16T09:46:22.045+0000] {subprocess.py:97} INFO - Command exited with return code 0
[2024-08-16T09:46:22.047+0000] {taskinstance.py:441} INFO - ::group::Post task execution logs
[2024-08-16T09:46:22.073+0000] {taskinstance.py:1206} INFO - Marking task as SUCCESS. dag_id=Weather_Data_Extraction, task_id=sleep_for_10_seconds, run_id=backfill__2024-08-13T00:00:00+00:00, execution_date=20240813T000000, start_date=20240816T094611, end_date=20240816T094622
[2024-08-16T09:46:22.126+0000] {local_task_job_runner.py:240} INFO - Task exited with return code 0
[2024-08-16T09:46:22.166+0000] {taskinstance.py:3503} INFO - 1 downstream tasks scheduled from follow-on schedule check
[2024-08-16T09:46:22.170+0000] {local_task_job_runner.py:222} INFO - ::endgroup::
[2024-08-16T10:10:15.815+0000] {local_task_job_runner.py:120} INFO - ::group::Pre task execution logs
[2024-08-16T10:10:16.000+0000] {taskinstance.py:2076} INFO - Dependencies all met for dep_context=non-requeueable deps ti=<TaskInstance: Weather_Data_Extraction.sleep_for_10_seconds backfill__2024-08-13T00:00:00+00:00 [queued]>
[2024-08-16T10:10:16.015+0000] {taskinstance.py:2076} INFO - Dependencies all met for dep_context=requeueable deps ti=<TaskInstance: Weather_Data_Extraction.sleep_for_10_seconds backfill__2024-08-13T00:00:00+00:00 [queued]>
[2024-08-16T10:10:16.016+0000] {taskinstance.py:2306} INFO - Starting attempt 1 of 1
[2024-08-16T10:10:16.037+0000] {taskinstance.py:2330} INFO - Executing <Task(BashOperator): sleep_for_10_seconds> on 2024-08-13 00:00:00+00:00
[2024-08-16T10:10:16.046+0000] {warnings.py:112} WARNING - /home/***/.local/lib/python3.12/site-packages/***/task/task_runner/standard_task_runner.py:61: DeprecationWarning: This process (pid=2359) is multi-threaded, use of fork() may lead to deadlocks in the child.
  pid = os.fork()

[2024-08-16T10:10:16.047+0000] {standard_task_runner.py:63} INFO - Started process 2361 to run task
[2024-08-16T10:10:16.048+0000] {standard_task_runner.py:90} INFO - Running: ['***', 'tasks', 'run', 'Weather_Data_Extraction', 'sleep_for_10_seconds', 'backfill__2024-08-13T00:00:00+00:00', '--job-id', '1272', '--pool', 'default_pool', '--raw', '--subdir', 'DAGS_FOLDER/Data_Weather_Extraction.py', '--cfg-path', '/tmp/tmpyrxsj4rl']
[2024-08-16T10:10:16.051+0000] {standard_task_runner.py:91} INFO - Job 1272: Subtask sleep_for_10_seconds
[2024-08-16T10:10:16.102+0000] {task_command.py:426} INFO - Running <TaskInstance: Weather_Data_Extraction.sleep_for_10_seconds backfill__2024-08-13T00:00:00+00:00 [running]> on host ubuntu
[2024-08-16T10:10:16.230+0000] {taskinstance.py:2648} INFO - Exporting env vars: AIRFLOW_CTX_DAG_OWNER='Ducky' AIRFLOW_CTX_DAG_ID='Weather_Data_Extraction' AIRFLOW_CTX_TASK_ID='sleep_for_10_seconds' AIRFLOW_CTX_EXECUTION_DATE='2024-08-13T00:00:00+00:00' AIRFLOW_CTX_TRY_NUMBER='1' AIRFLOW_CTX_DAG_RUN_ID='backfill__2024-08-13T00:00:00+00:00'
[2024-08-16T10:10:16.233+0000] {taskinstance.py:430} INFO - ::endgroup::
[2024-08-16T10:10:16.262+0000] {subprocess.py:63} INFO - Tmp dir root location: /tmp
[2024-08-16T10:10:16.265+0000] {subprocess.py:75} INFO - Running command: ['/usr/bin/bash', '-c', 'sleep 10']
[2024-08-16T10:10:16.289+0000] {subprocess.py:86} INFO - Output:
[2024-08-16T10:10:26.306+0000] {subprocess.py:97} INFO - Command exited with return code 0
[2024-08-16T10:10:26.312+0000] {taskinstance.py:441} INFO - ::group::Post task execution logs
[2024-08-16T10:10:26.360+0000] {taskinstance.py:1206} INFO - Marking task as SUCCESS. dag_id=Weather_Data_Extraction, task_id=sleep_for_10_seconds, run_id=backfill__2024-08-13T00:00:00+00:00, execution_date=20240813T000000, start_date=20240816T101016, end_date=20240816T101026
[2024-08-16T10:10:26.427+0000] {local_task_job_runner.py:240} INFO - Task exited with return code 0
[2024-08-16T10:10:26.467+0000] {taskinstance.py:3503} INFO - 1 downstream tasks scheduled from follow-on schedule check
[2024-08-16T10:10:26.469+0000] {local_task_job_runner.py:222} INFO - ::endgroup::
