[2024-08-16T08:26:26.959+0000] {local_task_job_runner.py:120} INFO - ::group::Pre task execution logs
[2024-08-16T08:26:27.131+0000] {taskinstance.py:2076} INFO - Dependencies all met for dep_context=non-requeueable deps ti=<TaskInstance: Scrape_Province.province_models.stg_province_run scheduled__2024-08-15T00:00:00+00:00 [queued]>
[2024-08-16T08:26:27.139+0000] {taskinstance.py:2076} INFO - Dependencies all met for dep_context=requeueable deps ti=<TaskInstance: Scrape_Province.province_models.stg_province_run scheduled__2024-08-15T00:00:00+00:00 [queued]>
[2024-08-16T08:26:27.140+0000] {taskinstance.py:2306} INFO - Starting attempt 1 of 3
[2024-08-16T08:26:27.166+0000] {taskinstance.py:2330} INFO - Executing <Task(DbtRunLocalOperator): province_models.stg_province_run> on 2024-08-15 00:00:00+00:00
[2024-08-16T08:26:27.176+0000] {warnings.py:112} WARNING - /home/***/.local/lib/python3.12/site-packages/***/task/task_runner/standard_task_runner.py:61: DeprecationWarning: This process (pid=74) is multi-threaded, use of fork() may lead to deadlocks in the child.
  pid = os.fork()

[2024-08-16T08:26:27.178+0000] {standard_task_runner.py:63} INFO - Started process 76 to run task
[2024-08-16T08:26:27.177+0000] {standard_task_runner.py:90} INFO - Running: ['***', 'tasks', 'run', 'Scrape_Province', 'province_models.stg_province_run', 'scheduled__2024-08-15T00:00:00+00:00', '--job-id', '1090', '--raw', '--subdir', 'DAGS_FOLDER/Province_Extraction.py', '--cfg-path', '/tmp/tmplauel5w4']
[2024-08-16T08:26:27.180+0000] {standard_task_runner.py:91} INFO - Job 1090: Subtask province_models.stg_province_run
[2024-08-16T08:26:27.232+0000] {task_command.py:426} INFO - Running <TaskInstance: Scrape_Province.province_models.stg_province_run scheduled__2024-08-15T00:00:00+00:00 [running]> on host ubuntu
[2024-08-16T08:26:27.336+0000] {taskinstance.py:2648} INFO - Exporting env vars: AIRFLOW_CTX_DAG_OWNER='Ducky' AIRFLOW_CTX_DAG_ID='Scrape_Province' AIRFLOW_CTX_TASK_ID='province_models.stg_province_run' AIRFLOW_CTX_EXECUTION_DATE='2024-08-15T00:00:00+00:00' AIRFLOW_CTX_TRY_NUMBER='1' AIRFLOW_CTX_DAG_RUN_ID='scheduled__2024-08-15T00:00:00+00:00'
[2024-08-16T08:26:27.338+0000] {taskinstance.py:430} INFO - ::endgroup::
[2024-08-16T08:26:27.364+0000] {log.py:232} WARNING - [[34m2024-08-16T08:26:27.364+0000[0m] {[34mgraph.py:[0m377} INFO[0m - [35m(astronomer-cosmos)[0m - Trying to parse the dbt project using dbt ls cache cosmos_cache__dbt_dag_filterd__customers_group...[0m
[2024-08-16T08:26:27.365+0000] {log.py:232} WARNING - [[34m2024-08-16T08:26:27.364+0000[0m] {[34mgraph.py:[0m377} INFO[0m - [35m(astronomer-cosmos)[0m - Trying to parse the dbt project using dbt ls cache cosmos_cache__dbt_dag_filterd__customers_group...[0m
[2024-08-16T08:26:27.364+0000] {graph.py:377} INFO - Trying to parse the dbt project using dbt ls cache cosmos_cache__dbt_dag_filterd__customers_group...
[2024-08-16T08:26:27.612+0000] {log.py:232} WARNING - [[34m2024-08-16T08:26:27.611+0000[0m] {[34mcache.py:[0m262} INFO[0m - [35m(astronomer-cosmos)[0m - Cosmos performance: time to calculate cache identifier cosmos_cache__dbt_dag_filterd__customers_group for current version: 0.23743898399999352[0m
[2024-08-16T08:26:27.612+0000] {log.py:232} WARNING - [[34m2024-08-16T08:26:27.611+0000[0m] {[34mcache.py:[0m262} INFO[0m - [35m(astronomer-cosmos)[0m - Cosmos performance: time to calculate cache identifier cosmos_cache__dbt_dag_filterd__customers_group for current version: 0.23743898399999352[0m
[2024-08-16T08:26:27.611+0000] {cache.py:262} INFO - Cosmos performance: time to calculate cache identifier cosmos_cache__dbt_dag_filterd__customers_group for current version: 0.23743898399999352
[2024-08-16T08:26:27.613+0000] {log.py:232} WARNING - [[34m2024-08-16T08:26:27.613+0000[0m] {[34mgraph.py:[0m394} INFO[0m - [35m(astronomer-cosmos)[0m - Cosmos performance [ubuntu|76]: The cache size for cosmos_cache__dbt_dag_filterd__customers_group is 2948[0m
[2024-08-16T08:26:27.614+0000] {log.py:232} WARNING - [[34m2024-08-16T08:26:27.613+0000[0m] {[34mgraph.py:[0m394} INFO[0m - [35m(astronomer-cosmos)[0m - Cosmos performance [ubuntu|76]: The cache size for cosmos_cache__dbt_dag_filterd__customers_group is 2948[0m
[2024-08-16T08:26:27.613+0000] {graph.py:394} INFO - Cosmos performance [ubuntu|76]: The cache size for cosmos_cache__dbt_dag_filterd__customers_group is 2948
[2024-08-16T08:26:27.615+0000] {log.py:232} WARNING - [[34m2024-08-16T08:26:27.615+0000[0m] {[34mgraph.py:[0m402} INFO[0m - [35m(astronomer-cosmos)[0m - Cosmos performance: Cache hit for cosmos_cache__dbt_dag_filterd__customers_group - d3655c99e4b770027e65648437a3d068,5f7d44698c4b67134aff532494870c9c[0m
[2024-08-16T08:26:27.615+0000] {log.py:232} WARNING - [[34m2024-08-16T08:26:27.615+0000[0m] {[34mgraph.py:[0m402} INFO[0m - [35m(astronomer-cosmos)[0m - Cosmos performance: Cache hit for cosmos_cache__dbt_dag_filterd__customers_group - d3655c99e4b770027e65648437a3d068,5f7d44698c4b67134aff532494870c9c[0m
[2024-08-16T08:26:27.615+0000] {graph.py:402} INFO - Cosmos performance: Cache hit for cosmos_cache__dbt_dag_filterd__customers_group - d3655c99e4b770027e65648437a3d068,5f7d44698c4b67134aff532494870c9c
[2024-08-16T08:26:27.616+0000] {log.py:232} WARNING - [[34m2024-08-16T08:26:27.616+0000[0m] {[34mgraph.py:[0m335} INFO[0m - [35m(astronomer-cosmos)[0m - Total nodes: 3[0m
[2024-08-16T08:26:27.616+0000] {log.py:232} WARNING - [[34m2024-08-16T08:26:27.616+0000[0m] {[34mgraph.py:[0m335} INFO[0m - [35m(astronomer-cosmos)[0m - Total nodes: 3[0m
[2024-08-16T08:26:27.616+0000] {graph.py:335} INFO - Total nodes: 3
[2024-08-16T08:26:27.617+0000] {log.py:232} WARNING - [[34m2024-08-16T08:26:27.617+0000[0m] {[34mgraph.py:[0m336} INFO[0m - [35m(astronomer-cosmos)[0m - Total filtered nodes: 3[0m
[2024-08-16T08:26:27.617+0000] {log.py:232} WARNING - [[34m2024-08-16T08:26:27.617+0000[0m] {[34mgraph.py:[0m336} INFO[0m - [35m(astronomer-cosmos)[0m - Total filtered nodes: 3[0m
[2024-08-16T08:26:27.617+0000] {graph.py:336} INFO - Total filtered nodes: 3
[2024-08-16T08:26:27.618+0000] {log.py:232} WARNING - [[34m2024-08-16T08:26:27.618+0000[0m] {[34mconverter.py:[0m251} INFO[0m - [35m(astronomer-cosmos)[0m - Cosmos performance (dbt_dag_filterd__customers_group) -  [ubuntu|76]: It took 0.254s to parse the dbt project for DAG using LoadMode.DBT_LS_CACHE[0m
[2024-08-16T08:26:27.618+0000] {log.py:232} WARNING - [[34m2024-08-16T08:26:27.618+0000[0m] {[34mconverter.py:[0m251} INFO[0m - [35m(astronomer-cosmos)[0m - Cosmos performance (dbt_dag_filterd__customers_group) -  [ubuntu|76]: It took 0.254s to parse the dbt project for DAG using LoadMode.DBT_LS_CACHE[0m
[2024-08-16T08:26:27.618+0000] {converter.py:251} INFO - Cosmos performance (dbt_dag_filterd__customers_group) -  [ubuntu|76]: It took 0.254s to parse the dbt project for DAG using LoadMode.DBT_LS_CACHE
[2024-08-16T08:26:27.621+0000] {log.py:232} WARNING - [[34m2024-08-16T08:26:27.621+0000[0m] {[34mproject.py:[0m35} INFO[0m - [35m(astronomer-cosmos)[0m - Project /opt/***/dags/Data_Marketplace does not have {'dependencies.yml', 'packages.yml'}[0m
[2024-08-16T08:26:27.621+0000] {log.py:232} WARNING - [[34m2024-08-16T08:26:27.621+0000[0m] {[34mproject.py:[0m35} INFO[0m - [35m(astronomer-cosmos)[0m - Project /opt/***/dags/Data_Marketplace does not have {'dependencies.yml', 'packages.yml'}[0m
[2024-08-16T08:26:27.621+0000] {project.py:35} INFO - Project /opt/***/dags/Data_Marketplace does not have {'dependencies.yml', 'packages.yml'}
[2024-08-16T08:26:27.623+0000] {log.py:232} WARNING - [[34m2024-08-16T08:26:27.623+0000[0m] {[34mproject.py:[0m35} INFO[0m - [35m(astronomer-cosmos)[0m - Project /opt/***/dags/Data_Marketplace does not have {'dependencies.yml', 'packages.yml'}[0m
[2024-08-16T08:26:27.624+0000] {log.py:232} WARNING - [[34m2024-08-16T08:26:27.623+0000[0m] {[34mproject.py:[0m35} INFO[0m - [35m(astronomer-cosmos)[0m - Project /opt/***/dags/Data_Marketplace does not have {'dependencies.yml', 'packages.yml'}[0m
[2024-08-16T08:26:27.623+0000] {project.py:35} INFO - Project /opt/***/dags/Data_Marketplace does not have {'dependencies.yml', 'packages.yml'}
[2024-08-16T08:26:27.626+0000] {log.py:232} WARNING - [[34m2024-08-16T08:26:27.626+0000[0m] {[34mproject.py:[0m35} INFO[0m - [35m(astronomer-cosmos)[0m - Project /opt/***/dags/Data_Marketplace does not have {'dependencies.yml', 'packages.yml'}[0m
[2024-08-16T08:26:27.627+0000] {log.py:232} WARNING - [[34m2024-08-16T08:26:27.626+0000[0m] {[34mproject.py:[0m35} INFO[0m - [35m(astronomer-cosmos)[0m - Project /opt/***/dags/Data_Marketplace does not have {'dependencies.yml', 'packages.yml'}[0m
[2024-08-16T08:26:27.626+0000] {project.py:35} INFO - Project /opt/***/dags/Data_Marketplace does not have {'dependencies.yml', 'packages.yml'}
[2024-08-16T08:26:27.628+0000] {log.py:232} WARNING - [[34m2024-08-16T08:26:27.627+0000[0m] {[34mconverter.py:[0m293} INFO[0m - [35m(astronomer-cosmos)[0m - Cosmos performance (dbt_dag_filterd__customers_group) - [ubuntu|76]: It took 0.00957s to build the Airflow DAG.[0m
[2024-08-16T08:26:27.628+0000] {log.py:232} WARNING - [[34m2024-08-16T08:26:27.627+0000[0m] {[34mconverter.py:[0m293} INFO[0m - [35m(astronomer-cosmos)[0m - Cosmos performance (dbt_dag_filterd__customers_group) - [ubuntu|76]: It took 0.00957s to build the Airflow DAG.[0m
[2024-08-16T08:26:27.627+0000] {converter.py:293} INFO - Cosmos performance (dbt_dag_filterd__customers_group) - [ubuntu|76]: It took 0.00957s to build the Airflow DAG.
[2024-08-16T08:26:27.630+0000] {log.py:232} WARNING - [[34m2024-08-16T08:26:27.629+0000[0m] {[34mlocal.py:[0m174} INFO[0m - [35m(astronomer-cosmos)[0m - Could not import dbtRunner. Falling back to subprocess for invoking dbt.[0m
[2024-08-16T08:26:27.630+0000] {log.py:232} WARNING - [[34m2024-08-16T08:26:27.629+0000[0m] {[34mlocal.py:[0m174} INFO[0m - [35m(astronomer-cosmos)[0m - Could not import dbtRunner. Falling back to subprocess for invoking dbt.[0m
[2024-08-16T08:26:27.629+0000] {local.py:174} INFO - Could not import dbtRunner. Falling back to subprocess for invoking dbt.
[2024-08-16T08:26:27.631+0000] {log.py:232} WARNING - [[34m2024-08-16T08:26:27.631+0000[0m] {[34mlocal.py:[0m292} INFO[0m - [35m(astronomer-cosmos)[0m - Cloning project to writable temp directory /tmp/tmp0cw5caxq from /opt/***/dags/Data_Marketplace[0m
[2024-08-16T08:26:27.632+0000] {log.py:232} WARNING - [[34m2024-08-16T08:26:27.631+0000[0m] {[34mlocal.py:[0m292} INFO[0m - [35m(astronomer-cosmos)[0m - Cloning project to writable temp directory /tmp/tmp0cw5caxq from /opt/***/dags/Data_Marketplace[0m
[2024-08-16T08:26:27.631+0000] {local.py:292} INFO - Cloning project to writable temp directory /tmp/tmp0cw5caxq from /opt/airflow/dags/Data_Marketplace
[2024-08-16T08:26:27.667+0000] {log.py:232} WARNING - [[34m2024-08-16T08:26:27.667+0000[0m] {[34mlocal.py:[0m303} INFO[0m - [35m(astronomer-cosmos)[0m - Partial parse is enabled and the latest partial parse file is /opt/***/dags/Data_Marketplace/target/partial_parse.msgpack[0m
[2024-08-16T08:26:27.668+0000] {log.py:232} WARNING - [[34m2024-08-16T08:26:27.667+0000[0m] {[34mlocal.py:[0m303} INFO[0m - [35m(astronomer-cosmos)[0m - Partial parse is enabled and the latest partial parse file is /opt/***/dags/Data_Marketplace/target/partial_parse.msgpack[0m
[2024-08-16T08:26:27.667+0000] {local.py:303} INFO - Partial parse is enabled and the latest partial parse file is /opt/airflow/dags/Data_Marketplace/target/partial_parse.msgpack
[2024-08-16T08:26:27.701+0000] {log.py:232} WARNING - [[34m2024-08-16T08:26:27.701+0000[0m] {[34mconfig.py:[0m292} INFO[0m - [35m(astronomer-cosmos)[0m - Profile caching is enable.[0m
[2024-08-16T08:26:27.702+0000] {log.py:232} WARNING - [[34m2024-08-16T08:26:27.701+0000[0m] {[34mconfig.py:[0m292} INFO[0m - [35m(astronomer-cosmos)[0m - Profile caching is enable.[0m
[2024-08-16T08:26:27.701+0000] {config.py:292} INFO - Profile caching is enable.
[2024-08-16T08:26:27.711+0000] {base.py:84} INFO - Using connection ID 'snowflake_conn' for task execution.
[2024-08-16T08:26:27.721+0000] {log.py:232} WARNING - [[34m2024-08-16T08:26:27.720+0000[0m] {[34mbase.py:[0m244} INFO[0m - [35m(astronomer-cosmos)[0m - Using real values for profile Data_Marketplace[0m
[2024-08-16T08:26:27.722+0000] {log.py:232} WARNING - [[34m2024-08-16T08:26:27.720+0000[0m] {[34mbase.py:[0m244} INFO[0m - [35m(astronomer-cosmos)[0m - Using real values for profile Data_Marketplace[0m
[2024-08-16T08:26:27.720+0000] {base.py:244} INFO - Using real values for profile Data_Marketplace
[2024-08-16T08:26:27.727+0000] {log.py:232} WARNING - [[34m2024-08-16T08:26:27.726+0000[0m] {[34mconfig.py:[0m279} INFO[0m - [35m(astronomer-cosmos)[0m - Profile not found in cache storing and using profile: /tmp/cosmos/profile/ec71862f850e9b0839075fe0561d5062ab3dd99ef2a3dac2fe4fc1486f2849d0/profiles.yml.[0m
[2024-08-16T08:26:27.728+0000] {log.py:232} WARNING - [[34m2024-08-16T08:26:27.726+0000[0m] {[34mconfig.py:[0m279} INFO[0m - [35m(astronomer-cosmos)[0m - Profile not found in cache storing and using profile: /tmp/cosmos/profile/ec71862f850e9b0839075fe0561d5062ab3dd99ef2a3dac2fe4fc1486f2849d0/profiles.yml.[0m
[2024-08-16T08:26:27.726+0000] {config.py:279} INFO - Profile not found in cache storing and using profile: /tmp/cosmos/profile/ec71862f850e9b0839075fe0561d5062ab3dd99ef2a3dac2fe4fc1486f2849d0/profiles.yml.
[2024-08-16T08:26:27.731+0000] {log.py:232} WARNING - [[34m2024-08-16T08:26:27.730+0000[0m] {[34mlocal.py:[0m247} INFO[0m - [35m(astronomer-cosmos)[0m - Trying to run the command:
 ['/opt/***/dbt_venv/bin/dbt', 'run', '--models', 'stg_province', '--project-dir', '/tmp/tmp0cw5caxq', '--profiles-dir', '/tmp/cosmos/profile/ec71862f850e9b0839075fe0561d5062ab3dd99ef2a3dac2fe4fc1486f2849d0', '--profile', 'Data_Marketplace', '--target', 'dev']
From /tmp/tmp0cw5caxq[0m
[2024-08-16T08:26:27.732+0000] {log.py:232} WARNING - [[34m2024-08-16T08:26:27.730+0000[0m] {[34mlocal.py:[0m247} INFO[0m - [35m(astronomer-cosmos)[0m - Trying to run the command:
 ['/opt/***/dbt_venv/bin/dbt', 'run', '--models', 'stg_province', '--project-dir', '/tmp/tmp0cw5caxq', '--profiles-dir', '/tmp/cosmos/profile/ec71862f850e9b0839075fe0561d5062ab3dd99ef2a3dac2fe4fc1486f2849d0', '--profile', 'Data_Marketplace', '--target', 'dev']
From /tmp/tmp0cw5caxq[0m
[2024-08-16T08:26:27.730+0000] {local.py:247} INFO - Trying to run the command:
 ['/opt/***/dbt_venv/bin/dbt', 'run', '--models', 'stg_province', '--project-dir', '/tmp/tmp0cw5caxq', '--profiles-dir', '/tmp/cosmos/profile/ec71862f850e9b0839075fe0561d5062ab3dd99ef2a3dac2fe4fc1486f2849d0', '--profile', 'Data_Marketplace', '--target', 'dev']
From /tmp/tmp0cw5caxq
[2024-08-16T08:26:27.734+0000] {log.py:232} WARNING - [[34m2024-08-16T08:26:27.734+0000[0m] {[34msubprocess.py:[0m60} INFO[0m - [35m(astronomer-cosmos)[0m - Tmp dir root location: 
 /tmp[0m
[2024-08-16T08:26:27.735+0000] {log.py:232} WARNING - [[34m2024-08-16T08:26:27.734+0000[0m] {[34msubprocess.py:[0m60} INFO[0m - [35m(astronomer-cosmos)[0m - Tmp dir root location: 
 /tmp[0m
[2024-08-16T08:26:27.734+0000] {subprocess.py:60} INFO - Tmp dir root location: 
 /tmp
[2024-08-16T08:26:27.737+0000] {log.py:232} WARNING - [[34m2024-08-16T08:26:27.737+0000[0m] {[34msubprocess.py:[0m73} INFO[0m - [35m(astronomer-cosmos)[0m - Running command: ['/opt/***/dbt_venv/bin/dbt', 'run', '--models', 'stg_province', '--project-dir', '/tmp/tmp0cw5caxq', '--profiles-dir', '/tmp/cosmos/profile/ec71862f850e9b0839075fe0561d5062ab3dd99ef2a3dac2fe4fc1486f2849d0', '--profile', 'Data_Marketplace', '--target', 'dev'][0m
[2024-08-16T08:26:27.738+0000] {log.py:232} WARNING - [[34m2024-08-16T08:26:27.737+0000[0m] {[34msubprocess.py:[0m73} INFO[0m - [35m(astronomer-cosmos)[0m - Running command: ['/opt/***/dbt_venv/bin/dbt', 'run', '--models', 'stg_province', '--project-dir', '/tmp/tmp0cw5caxq', '--profiles-dir', '/tmp/cosmos/profile/ec71862f850e9b0839075fe0561d5062ab3dd99ef2a3dac2fe4fc1486f2849d0', '--profile', 'Data_Marketplace', '--target', 'dev'][0m
[2024-08-16T08:26:27.737+0000] {subprocess.py:73} INFO - Running command: ['/opt/***/dbt_venv/bin/dbt', 'run', '--models', 'stg_province', '--project-dir', '/tmp/tmp0cw5caxq', '--profiles-dir', '/tmp/cosmos/profile/ec71862f850e9b0839075fe0561d5062ab3dd99ef2a3dac2fe4fc1486f2849d0', '--profile', 'Data_Marketplace', '--target', 'dev']
[2024-08-16T08:26:27.769+0000] {log.py:232} WARNING - [[34m2024-08-16T08:26:27.769+0000[0m] {[34msubprocess.py:[0m84} INFO[0m - [35m(astronomer-cosmos)[0m - Command output:[0m
[2024-08-16T08:26:27.771+0000] {log.py:232} WARNING - [[34m2024-08-16T08:26:27.769+0000[0m] {[34msubprocess.py:[0m84} INFO[0m - [35m(astronomer-cosmos)[0m - Command output:[0m
[2024-08-16T08:26:27.769+0000] {subprocess.py:84} INFO - Command output:
[2024-08-16T08:26:31.563+0000] {log.py:232} WARNING - [[34m2024-08-16T08:26:31.563+0000[0m] {[34msubprocess.py:[0m94} INFO[0m - [35m(astronomer-cosmos)[0m - [0m08:26:31  Running with dbt=1.8.5[0m
[2024-08-16T08:26:31.564+0000] {log.py:232} WARNING - [[34m2024-08-16T08:26:31.563+0000[0m] {[34msubprocess.py:[0m94} INFO[0m - [35m(astronomer-cosmos)[0m - [0m08:26:31  Running with dbt=1.8.5[0m
[2024-08-16T08:26:31.563+0000] {subprocess.py:94} INFO - [0m08:26:31  Running with dbt=1.8.5
[2024-08-16T08:26:32.427+0000] {log.py:232} WARNING - [[34m2024-08-16T08:26:32.426+0000[0m] {[34msubprocess.py:[0m94} INFO[0m - [35m(astronomer-cosmos)[0m - [0m08:26:32  Registered adapter: snowflake=1.8.3[0m
[2024-08-16T08:26:32.428+0000] {log.py:232} WARNING - [[34m2024-08-16T08:26:32.426+0000[0m] {[34msubprocess.py:[0m94} INFO[0m - [35m(astronomer-cosmos)[0m - [0m08:26:32  Registered adapter: snowflake=1.8.3[0m
[2024-08-16T08:26:32.426+0000] {subprocess.py:94} INFO - [0m08:26:32  Registered adapter: snowflake=1.8.3
[2024-08-16T08:26:32.614+0000] {log.py:232} WARNING - [[34m2024-08-16T08:26:32.613+0000[0m] {[34msubprocess.py:[0m94} INFO[0m - [35m(astronomer-cosmos)[0m - [0m08:26:32  Unable to do partial parsing because of a version mismatch[0m
[2024-08-16T08:26:32.615+0000] {log.py:232} WARNING - [[34m2024-08-16T08:26:32.613+0000[0m] {[34msubprocess.py:[0m94} INFO[0m - [35m(astronomer-cosmos)[0m - [0m08:26:32  Unable to do partial parsing because of a version mismatch[0m
[2024-08-16T08:26:32.613+0000] {subprocess.py:94} INFO - [0m08:26:32  Unable to do partial parsing because of a version mismatch
[2024-08-16T08:26:36.067+0000] {log.py:232} WARNING - [[34m2024-08-16T08:26:36.067+0000[0m] {[34msubprocess.py:[0m94} INFO[0m - [35m(astronomer-cosmos)[0m - [0m08:26:36  Found 9 models, 2 snapshots, 3 seeds, 2 data tests, 3 sources, 448 macros[0m
[2024-08-16T08:26:36.068+0000] {log.py:232} WARNING - [[34m2024-08-16T08:26:36.067+0000[0m] {[34msubprocess.py:[0m94} INFO[0m - [35m(astronomer-cosmos)[0m - [0m08:26:36  Found 9 models, 2 snapshots, 3 seeds, 2 data tests, 3 sources, 448 macros[0m
[2024-08-16T08:26:36.067+0000] {subprocess.py:94} INFO - [0m08:26:36  Found 9 models, 2 snapshots, 3 seeds, 2 data tests, 3 sources, 448 macros
[2024-08-16T08:26:36.071+0000] {log.py:232} WARNING - [[34m2024-08-16T08:26:36.071+0000[0m] {[34msubprocess.py:[0m94} INFO[0m - [35m(astronomer-cosmos)[0m - [0m08:26:36[0m
[2024-08-16T08:26:36.071+0000] {log.py:232} WARNING - [[34m2024-08-16T08:26:36.071+0000[0m] {[34msubprocess.py:[0m94} INFO[0m - [35m(astronomer-cosmos)[0m - [0m08:26:36[0m
[2024-08-16T08:26:36.071+0000] {subprocess.py:94} INFO - [0m08:26:36
[2024-08-16T08:26:37.506+0000] {log.py:232} WARNING - [[34m2024-08-16T08:26:37.506+0000[0m] {[34msubprocess.py:[0m94} INFO[0m - [35m(astronomer-cosmos)[0m - [0m08:26:37  Concurrency: 1 threads (target='dev')[0m
[2024-08-16T08:26:37.507+0000] {log.py:232} WARNING - [[34m2024-08-16T08:26:37.506+0000[0m] {[34msubprocess.py:[0m94} INFO[0m - [35m(astronomer-cosmos)[0m - [0m08:26:37  Concurrency: 1 threads (target='dev')[0m
[2024-08-16T08:26:37.506+0000] {subprocess.py:94} INFO - [0m08:26:37  Concurrency: 1 threads (target='dev')
[2024-08-16T08:26:37.508+0000] {log.py:232} WARNING - [[34m2024-08-16T08:26:37.508+0000[0m] {[34msubprocess.py:[0m94} INFO[0m - [35m(astronomer-cosmos)[0m - [0m08:26:37[0m
[2024-08-16T08:26:37.509+0000] {log.py:232} WARNING - [[34m2024-08-16T08:26:37.508+0000[0m] {[34msubprocess.py:[0m94} INFO[0m - [35m(astronomer-cosmos)[0m - [0m08:26:37[0m
[2024-08-16T08:26:37.508+0000] {subprocess.py:94} INFO - [0m08:26:37
[2024-08-16T08:26:37.537+0000] {log.py:232} WARNING - [[34m2024-08-16T08:26:37.537+0000[0m] {[34msubprocess.py:[0m94} INFO[0m - [35m(astronomer-cosmos)[0m - [0m08:26:37[0m
[2024-08-16T08:26:37.538+0000] {log.py:232} WARNING - [[34m2024-08-16T08:26:37.537+0000[0m] {[34msubprocess.py:[0m94} INFO[0m - [35m(astronomer-cosmos)[0m - [0m08:26:37[0m
[2024-08-16T08:26:37.537+0000] {subprocess.py:94} INFO - [0m08:26:37
[2024-08-16T08:26:37.539+0000] {log.py:232} WARNING - [[34m2024-08-16T08:26:37.539+0000[0m] {[34msubprocess.py:[0m94} INFO[0m - [35m(astronomer-cosmos)[0m - [0m08:26:37  Finished running  in 0 hours 0 minutes and 1.47 seconds (1.47s).[0m
[2024-08-16T08:26:37.540+0000] {log.py:232} WARNING - [[34m2024-08-16T08:26:37.539+0000[0m] {[34msubprocess.py:[0m94} INFO[0m - [35m(astronomer-cosmos)[0m - [0m08:26:37  Finished running  in 0 hours 0 minutes and 1.47 seconds (1.47s).[0m
[2024-08-16T08:26:37.539+0000] {subprocess.py:94} INFO - [0m08:26:37  Finished running  in 0 hours 0 minutes and 1.47 seconds (1.47s).
[2024-08-16T08:26:39.390+0000] {log.py:232} WARNING - [[34m2024-08-16T08:26:39.389+0000[0m] {[34msubprocess.py:[0m98} INFO[0m - [35m(astronomer-cosmos)[0m - Command exited with return code 0[0m
[2024-08-16T08:26:39.394+0000] {log.py:232} WARNING - [[34m2024-08-16T08:26:39.389+0000[0m] {[34msubprocess.py:[0m98} INFO[0m - [35m(astronomer-cosmos)[0m - Command exited with return code 0[0m
[2024-08-16T08:26:39.389+0000] {subprocess.py:98} INFO - Command exited with return code 0
[2024-08-16T08:26:39.396+0000] {log.py:232} WARNING - [[34m2024-08-16T08:26:39.395+0000[0m] {[34mlocal.py:[0m254} INFO[0m - [35m(astronomer-cosmos)[0m - [0m08:26:37  Finished running  in 0 hours 0 minutes and 1.47 seconds (1.47s).[0m
[2024-08-16T08:26:39.396+0000] {log.py:232} WARNING - [[34m2024-08-16T08:26:39.395+0000[0m] {[34mlocal.py:[0m254} INFO[0m - [35m(astronomer-cosmos)[0m - [0m08:26:37  Finished running  in 0 hours 0 minutes and 1.47 seconds (1.47s).[0m
[2024-08-16T08:26:39.395+0000] {local.py:254} INFO - [0m08:26:37  Finished running  in 0 hours 0 minutes and 1.47 seconds (1.47s).
[2024-08-16T08:26:39.410+0000] {local.py:196} WARNING - Artifact schema version: https://schemas.getdbt.com/dbt/manifest/v12.json is above dbt-ol supported version 7. This might cause errors.
[2024-08-16T08:26:39.411+0000] {local.py:196} WARNING - Artifact schema version: https://schemas.getdbt.com/dbt/run-results/v6.json is above dbt-ol supported version 5. This might cause errors.
[2024-08-16T08:26:39.418+0000] {log.py:232} WARNING - [[34m2024-08-16T08:26:39.418+0000[0m] {[34mlocal.py:[0m349} INFO[0m - [35m(astronomer-cosmos)[0m - Inlets: [][0m
[2024-08-16T08:26:39.419+0000] {log.py:232} WARNING - [[34m2024-08-16T08:26:39.418+0000[0m] {[34mlocal.py:[0m349} INFO[0m - [35m(astronomer-cosmos)[0m - Inlets: [][0m
[2024-08-16T08:26:39.418+0000] {local.py:349} INFO - Inlets: []
[2024-08-16T08:26:39.420+0000] {log.py:232} WARNING - [[34m2024-08-16T08:26:39.420+0000[0m] {[34mlocal.py:[0m350} INFO[0m - [35m(astronomer-cosmos)[0m - Outlets: [][0m
[2024-08-16T08:26:39.420+0000] {log.py:232} WARNING - [[34m2024-08-16T08:26:39.420+0000[0m] {[34mlocal.py:[0m350} INFO[0m - [35m(astronomer-cosmos)[0m - Outlets: [][0m
[2024-08-16T08:26:39.420+0000] {local.py:350} INFO - Outlets: []
[2024-08-16T08:26:39.421+0000] {dag.py:3096} INFO - Sync 1 DAGs
[2024-08-16T08:26:39.469+0000] {taskinstance.py:441} INFO - ::group::Post task execution logs
[2024-08-16T08:26:39.479+0000] {taskinstance.py:1206} INFO - Marking task as SUCCESS. dag_id=Scrape_Province, task_id=province_models.stg_province_run, run_id=scheduled__2024-08-15T00:00:00+00:00, execution_date=20240815T000000, start_date=20240816T082627, end_date=20240816T082639
[2024-08-16T08:26:39.522+0000] {local_task_job_runner.py:240} INFO - Task exited with return code 0
[2024-08-16T08:26:39.552+0000] {taskinstance.py:3503} INFO - 1 downstream tasks scheduled from follow-on schedule check
[2024-08-16T08:26:39.556+0000] {local_task_job_runner.py:222} INFO - ::endgroup::
