[2024-08-13T16:11:08.597+0000] {local_task_job_runner.py:120} INFO - ::group::Pre task execution logs
[2024-08-13T16:11:08.648+0000] {taskinstance.py:2076} INFO - Dependencies all met for dep_context=non-requeueable deps ti=<TaskInstance: Weather_Data_Extraction.generate_output_file backfill__2024-03-16T00:00:00+00:00 [queued]>
[2024-08-13T16:11:09.006+0000] {taskinstance.py:2076} INFO - Dependencies all met for dep_context=requeueable deps ti=<TaskInstance: Weather_Data_Extraction.generate_output_file backfill__2024-03-16T00:00:00+00:00 [queued]>
[2024-08-13T16:11:09.008+0000] {taskinstance.py:2306} INFO - Starting attempt 1 of 1
[2024-08-13T16:11:09.058+0000] {taskinstance.py:2330} INFO - Executing <Task(PythonOperator): generate_output_file> on 2024-03-16 00:00:00+00:00
[2024-08-13T16:11:09.090+0000] {warnings.py:112} WARNING - /home/***/.local/lib/python3.12/site-packages/***/task/task_runner/standard_task_runner.py:61: DeprecationWarning: This process (pid=1312) is multi-threaded, use of fork() may lead to deadlocks in the child.
  pid = os.fork()

[2024-08-13T16:11:09.092+0000] {standard_task_runner.py:63} INFO - Started process 1329 to run task
[2024-08-13T16:11:09.099+0000] {standard_task_runner.py:90} INFO - Running: ['***', 'tasks', 'run', 'Weather_Data_Extraction', 'generate_output_file', 'backfill__2024-03-16T00:00:00+00:00', '--job-id', '278', '--pool', 'default_pool', '--raw', '--subdir', 'DAGS_FOLDER/Data_Weather_Extraction.py', '--cfg-path', '/tmp/tmpbgz_xuou']
[2024-08-13T16:11:09.123+0000] {standard_task_runner.py:91} INFO - Job 278: Subtask generate_output_file
[2024-08-13T16:11:09.171+0000] {warnings.py:112} WARNING - /home/***/.local/lib/python3.12/site-packages/***/settings.py:195: DeprecationWarning: The sql_alchemy_conn option in [core] has been moved to the sql_alchemy_conn option in [database] - the old setting has been used, but please update your config.
  SQL_ALCHEMY_CONN = conf.get("database", "SQL_ALCHEMY_CONN")

[2024-08-13T16:11:09.278+0000] {task_command.py:426} INFO - Running <TaskInstance: Weather_Data_Extraction.generate_output_file backfill__2024-03-16T00:00:00+00:00 [running]> on host ubuntu
[2024-08-13T16:11:09.574+0000] {taskinstance.py:2648} INFO - Exporting env vars: AIRFLOW_CTX_DAG_OWNER='Ducky' AIRFLOW_CTX_DAG_ID='Weather_Data_Extraction' AIRFLOW_CTX_TASK_ID='generate_output_file' AIRFLOW_CTX_EXECUTION_DATE='2024-03-16T00:00:00+00:00' AIRFLOW_CTX_TRY_NUMBER='1' AIRFLOW_CTX_DAG_RUN_ID='backfill__2024-03-16T00:00:00+00:00'
[2024-08-13T16:11:09.585+0000] {taskinstance.py:430} INFO - ::endgroup::
[2024-08-13T16:11:09.635+0000] {logging_mixin.py:188} INFO - Generated output file: Data_Weather-20240316.csv
[2024-08-13T16:11:09.638+0000] {logging_mixin.py:188} INFO - Execution Date: 2024/03/16
[2024-08-13T16:11:09.692+0000] {python.py:237} INFO - Done. Returned value was: None
[2024-08-13T16:11:09.694+0000] {taskinstance.py:441} INFO - ::group::Post task execution logs
[2024-08-13T16:11:09.710+0000] {taskinstance.py:1206} INFO - Marking task as SUCCESS. dag_id=Weather_Data_Extraction, task_id=generate_output_file, run_id=backfill__2024-03-16T00:00:00+00:00, execution_date=20240316T000000, start_date=20240813T161108, end_date=20240813T161109
[2024-08-13T16:11:09.772+0000] {local_task_job_runner.py:240} INFO - Task exited with return code 0
[2024-08-13T16:11:09.816+0000] {taskinstance.py:3503} INFO - 1 downstream tasks scheduled from follow-on schedule check
[2024-08-13T16:11:09.820+0000] {local_task_job_runner.py:222} INFO - ::endgroup::
[2024-08-14T04:53:35.689+0000] {local_task_job_runner.py:120} INFO - ::group::Pre task execution logs
[2024-08-14T04:53:35.717+0000] {taskinstance.py:2076} INFO - Dependencies all met for dep_context=non-requeueable deps ti=<TaskInstance: Weather_Data_Extraction.generate_output_file backfill__2024-03-16T00:00:00+00:00 [queued]>
[2024-08-14T04:53:35.728+0000] {taskinstance.py:2076} INFO - Dependencies all met for dep_context=requeueable deps ti=<TaskInstance: Weather_Data_Extraction.generate_output_file backfill__2024-03-16T00:00:00+00:00 [queued]>
[2024-08-14T04:53:35.729+0000] {taskinstance.py:2306} INFO - Starting attempt 1 of 1
[2024-08-14T04:53:35.916+0000] {taskinstance.py:2330} INFO - Executing <Task(PythonOperator): generate_output_file> on 2024-03-16 00:00:00+00:00
[2024-08-14T04:53:35.931+0000] {warnings.py:112} WARNING - /home/***/.local/lib/python3.12/site-packages/***/task/task_runner/standard_task_runner.py:61: DeprecationWarning: This process (pid=2793) is multi-threaded, use of fork() may lead to deadlocks in the child.
  pid = os.fork()

[2024-08-14T04:53:35.933+0000] {standard_task_runner.py:63} INFO - Started process 2795 to run task
[2024-08-14T04:53:35.933+0000] {standard_task_runner.py:90} INFO - Running: ['***', 'tasks', 'run', 'Weather_Data_Extraction', 'generate_output_file', 'backfill__2024-03-16T00:00:00+00:00', '--job-id', '629', '--pool', 'default_pool', '--raw', '--subdir', 'DAGS_FOLDER/Data_Weather_Extraction.py', '--cfg-path', '/tmp/tmpfolhcp1g']
[2024-08-14T04:53:35.938+0000] {standard_task_runner.py:91} INFO - Job 629: Subtask generate_output_file
[2024-08-14T04:53:36.020+0000] {task_command.py:426} INFO - Running <TaskInstance: Weather_Data_Extraction.generate_output_file backfill__2024-03-16T00:00:00+00:00 [running]> on host ubuntu
[2024-08-14T04:53:36.137+0000] {taskinstance.py:2648} INFO - Exporting env vars: AIRFLOW_CTX_DAG_OWNER='Ducky' AIRFLOW_CTX_DAG_ID='Weather_Data_Extraction' AIRFLOW_CTX_TASK_ID='generate_output_file' AIRFLOW_CTX_EXECUTION_DATE='2024-03-16T00:00:00+00:00' AIRFLOW_CTX_TRY_NUMBER='1' AIRFLOW_CTX_DAG_RUN_ID='backfill__2024-03-16T00:00:00+00:00'
[2024-08-14T04:53:36.139+0000] {taskinstance.py:430} INFO - ::endgroup::
[2024-08-14T04:53:36.158+0000] {logging_mixin.py:188} INFO - Generated output file: Data_Weather-20240316.csv
[2024-08-14T04:53:36.159+0000] {logging_mixin.py:188} INFO - Execution Date: 2024/03/16
[2024-08-14T04:53:36.184+0000] {python.py:237} INFO - Done. Returned value was: None
[2024-08-14T04:53:36.185+0000] {taskinstance.py:441} INFO - ::group::Post task execution logs
[2024-08-14T04:53:36.194+0000] {taskinstance.py:1206} INFO - Marking task as SUCCESS. dag_id=Weather_Data_Extraction, task_id=generate_output_file, run_id=backfill__2024-03-16T00:00:00+00:00, execution_date=20240316T000000, start_date=20240814T045335, end_date=20240814T045336
[2024-08-14T04:53:36.230+0000] {local_task_job_runner.py:240} INFO - Task exited with return code 0
[2024-08-14T04:53:36.265+0000] {taskinstance.py:3503} INFO - 1 downstream tasks scheduled from follow-on schedule check
[2024-08-14T04:53:36.268+0000] {local_task_job_runner.py:222} INFO - ::endgroup::
