[2024-08-14T06:34:59.107+0000] {local_task_job_runner.py:120} INFO - ::group::Pre task execution logs
[2024-08-14T06:34:59.331+0000] {taskinstance.py:2076} INFO - Dependencies all met for dep_context=non-requeueable deps ti=<TaskInstance: Weather_Data_Extraction.invoke_lambda_task backfill__2024-06-22T00:00:00+00:00 [queued]>
[2024-08-14T06:34:59.346+0000] {taskinstance.py:2076} INFO - Dependencies all met for dep_context=requeueable deps ti=<TaskInstance: Weather_Data_Extraction.invoke_lambda_task backfill__2024-06-22T00:00:00+00:00 [queued]>
[2024-08-14T06:34:59.348+0000] {taskinstance.py:2306} INFO - Starting attempt 1 of 1
[2024-08-14T06:34:59.368+0000] {taskinstance.py:2330} INFO - Executing <Task(PythonOperator): invoke_lambda_task> on 2024-06-22 00:00:00+00:00
[2024-08-14T06:34:59.380+0000] {warnings.py:112} WARNING - /home/***/.local/lib/python3.12/site-packages/***/task/task_runner/standard_task_runner.py:61: DeprecationWarning: This process (pid=4983) is multi-threaded, use of fork() may lead to deadlocks in the child.
  pid = os.fork()

[2024-08-14T06:34:59.382+0000] {standard_task_runner.py:63} INFO - Started process 4985 to run task
[2024-08-14T06:34:59.383+0000] {standard_task_runner.py:90} INFO - Running: ['***', 'tasks', 'run', 'Weather_Data_Extraction', 'invoke_lambda_task', 'backfill__2024-06-22T00:00:00+00:00', '--job-id', '925', '--pool', 'default_pool', '--raw', '--subdir', 'DAGS_FOLDER/Data_Weather_Extraction.py', '--cfg-path', '/tmp/tmpnzuwcfpg']
[2024-08-14T06:34:59.388+0000] {standard_task_runner.py:91} INFO - Job 925: Subtask invoke_lambda_task
[2024-08-14T06:34:59.447+0000] {task_command.py:426} INFO - Running <TaskInstance: Weather_Data_Extraction.invoke_lambda_task backfill__2024-06-22T00:00:00+00:00 [running]> on host ubuntu
[2024-08-14T06:34:59.572+0000] {taskinstance.py:2648} INFO - Exporting env vars: AIRFLOW_CTX_DAG_OWNER='Ducky' AIRFLOW_CTX_DAG_ID='Weather_Data_Extraction' AIRFLOW_CTX_TASK_ID='invoke_lambda_task' AIRFLOW_CTX_EXECUTION_DATE='2024-06-22T00:00:00+00:00' AIRFLOW_CTX_TRY_NUMBER='1' AIRFLOW_CTX_DAG_RUN_ID='backfill__2024-06-22T00:00:00+00:00'
[2024-08-14T06:34:59.574+0000] {taskinstance.py:430} INFO - ::endgroup::
[2024-08-14T06:34:59.615+0000] {logging_mixin.py:188} INFO - Data_Weather-20240622.csv
[2024-08-14T06:34:59.616+0000] {logging_mixin.py:188} INFO - 2024/06/22
[2024-08-14T06:34:59.616+0000] {logging_mixin.py:188} INFO - {"execution_date": "2024/06/22", "file_name": "Data_Weather-20240622.csv"}
[2024-08-14T06:34:59.616+0000] {logging_mixin.py:188} INFO - https://eyzyhdwl8l.execute-api.ap-southeast-2.amazonaws.com/dev?execution_date=2024/06/22&file_name=Data_Weather-20240622.csv
[2024-08-14T06:35:29.255+0000] {logging_mixin.py:188} INFO - Failed to invoke Lambda function.
[2024-08-14T06:35:29.256+0000] {logging_mixin.py:188} INFO - Response: {"message": "Endpoint request timed out"}
[2024-08-14T06:35:29.260+0000] {python.py:237} INFO - Done. Returned value was: None
[2024-08-14T06:35:29.261+0000] {taskinstance.py:441} INFO - ::group::Post task execution logs
[2024-08-14T06:35:29.278+0000] {taskinstance.py:1206} INFO - Marking task as SUCCESS. dag_id=Weather_Data_Extraction, task_id=invoke_lambda_task, run_id=backfill__2024-06-22T00:00:00+00:00, execution_date=20240622T000000, start_date=20240814T063459, end_date=20240814T063529
[2024-08-14T06:35:29.320+0000] {local_task_job_runner.py:240} INFO - Task exited with return code 0
[2024-08-14T06:35:29.352+0000] {taskinstance.py:3503} INFO - 0 downstream tasks scheduled from follow-on schedule check
[2024-08-14T06:35:29.357+0000] {local_task_job_runner.py:222} INFO - ::endgroup::
