[2024-08-13T16:11:01.540+0000] {local_task_job_runner.py:120} INFO - ::group::Pre task execution logs
[2024-08-13T16:11:01.627+0000] {taskinstance.py:2076} INFO - Dependencies all met for dep_context=non-requeueable deps ti=<TaskInstance: Weather_Data_Extraction.generate_output_file backfill__2024-03-12T00:00:00+00:00 [queued]>
[2024-08-13T16:11:02.120+0000] {taskinstance.py:2076} INFO - Dependencies all met for dep_context=requeueable deps ti=<TaskInstance: Weather_Data_Extraction.generate_output_file backfill__2024-03-12T00:00:00+00:00 [queued]>
[2024-08-13T16:11:02.124+0000] {taskinstance.py:2306} INFO - Starting attempt 1 of 1
[2024-08-13T16:11:02.186+0000] {taskinstance.py:2330} INFO - Executing <Task(PythonOperator): generate_output_file> on 2024-03-12 00:00:00+00:00
[2024-08-13T16:11:02.207+0000] {warnings.py:112} WARNING - /home/***/.local/lib/python3.12/site-packages/***/task/task_runner/standard_task_runner.py:61: DeprecationWarning: This process (pid=1285) is multi-threaded, use of fork() may lead to deadlocks in the child.
  pid = os.fork()

[2024-08-13T16:11:02.210+0000] {standard_task_runner.py:63} INFO - Started process 1302 to run task
[2024-08-13T16:11:02.222+0000] {standard_task_runner.py:90} INFO - Running: ['***', 'tasks', 'run', 'Weather_Data_Extraction', 'generate_output_file', 'backfill__2024-03-12T00:00:00+00:00', '--job-id', '268', '--pool', 'default_pool', '--raw', '--subdir', 'DAGS_FOLDER/Data_Weather_Extraction.py', '--cfg-path', '/tmp/tmpp06_ofbu']
[2024-08-13T16:11:02.248+0000] {standard_task_runner.py:91} INFO - Job 268: Subtask generate_output_file
[2024-08-13T16:11:02.306+0000] {warnings.py:112} WARNING - /home/***/.local/lib/python3.12/site-packages/***/settings.py:195: DeprecationWarning: The sql_alchemy_conn option in [core] has been moved to the sql_alchemy_conn option in [database] - the old setting has been used, but please update your config.
  SQL_ALCHEMY_CONN = conf.get("database", "SQL_ALCHEMY_CONN")

[2024-08-13T16:11:02.426+0000] {task_command.py:426} INFO - Running <TaskInstance: Weather_Data_Extraction.generate_output_file backfill__2024-03-12T00:00:00+00:00 [running]> on host ubuntu
[2024-08-13T16:11:02.751+0000] {taskinstance.py:2648} INFO - Exporting env vars: AIRFLOW_CTX_DAG_OWNER='Ducky' AIRFLOW_CTX_DAG_ID='Weather_Data_Extraction' AIRFLOW_CTX_TASK_ID='generate_output_file' AIRFLOW_CTX_EXECUTION_DATE='2024-03-12T00:00:00+00:00' AIRFLOW_CTX_TRY_NUMBER='1' AIRFLOW_CTX_DAG_RUN_ID='backfill__2024-03-12T00:00:00+00:00'
[2024-08-13T16:11:02.756+0000] {taskinstance.py:430} INFO - ::endgroup::
[2024-08-13T16:11:02.801+0000] {logging_mixin.py:188} INFO - Generated output file: Data_Weather-20240312.csv
[2024-08-13T16:11:02.802+0000] {logging_mixin.py:188} INFO - Execution Date: 2024/03/12
[2024-08-13T16:11:02.867+0000] {python.py:237} INFO - Done. Returned value was: None
[2024-08-13T16:11:02.868+0000] {taskinstance.py:441} INFO - ::group::Post task execution logs
[2024-08-13T16:11:02.883+0000] {taskinstance.py:1206} INFO - Marking task as SUCCESS. dag_id=Weather_Data_Extraction, task_id=generate_output_file, run_id=backfill__2024-03-12T00:00:00+00:00, execution_date=20240312T000000, start_date=20240813T161101, end_date=20240813T161102
[2024-08-13T16:11:02.936+0000] {local_task_job_runner.py:240} INFO - Task exited with return code 0
[2024-08-13T16:11:02.997+0000] {taskinstance.py:3503} INFO - 1 downstream tasks scheduled from follow-on schedule check
[2024-08-13T16:11:03.011+0000] {local_task_job_runner.py:222} INFO - ::endgroup::
[2024-08-14T04:49:25.412+0000] {local_task_job_runner.py:120} INFO - ::group::Pre task execution logs
[2024-08-14T04:49:25.443+0000] {taskinstance.py:2076} INFO - Dependencies all met for dep_context=non-requeueable deps ti=<TaskInstance: Weather_Data_Extraction.generate_output_file backfill__2024-03-12T00:00:00+00:00 [queued]>
[2024-08-14T04:49:25.461+0000] {taskinstance.py:2076} INFO - Dependencies all met for dep_context=requeueable deps ti=<TaskInstance: Weather_Data_Extraction.generate_output_file backfill__2024-03-12T00:00:00+00:00 [queued]>
[2024-08-14T04:49:25.463+0000] {taskinstance.py:2306} INFO - Starting attempt 1 of 1
[2024-08-14T04:49:25.664+0000] {taskinstance.py:2330} INFO - Executing <Task(PythonOperator): generate_output_file> on 2024-03-12 00:00:00+00:00
[2024-08-14T04:49:25.680+0000] {warnings.py:112} WARNING - /home/***/.local/lib/python3.12/site-packages/***/task/task_runner/standard_task_runner.py:61: DeprecationWarning: This process (pid=2707) is multi-threaded, use of fork() may lead to deadlocks in the child.
  pid = os.fork()

[2024-08-14T04:49:25.685+0000] {standard_task_runner.py:63} INFO - Started process 2709 to run task
[2024-08-14T04:49:25.685+0000] {standard_task_runner.py:90} INFO - Running: ['***', 'tasks', 'run', 'Weather_Data_Extraction', 'generate_output_file', 'backfill__2024-03-12T00:00:00+00:00', '--job-id', '617', '--pool', 'default_pool', '--raw', '--subdir', 'DAGS_FOLDER/Data_Weather_Extraction.py', '--cfg-path', '/tmp/tmpxi7o_1zd']
[2024-08-14T04:49:25.694+0000] {standard_task_runner.py:91} INFO - Job 617: Subtask generate_output_file
[2024-08-14T04:49:25.816+0000] {task_command.py:426} INFO - Running <TaskInstance: Weather_Data_Extraction.generate_output_file backfill__2024-03-12T00:00:00+00:00 [running]> on host ubuntu
[2024-08-14T04:49:26.026+0000] {taskinstance.py:2648} INFO - Exporting env vars: AIRFLOW_CTX_DAG_OWNER='Ducky' AIRFLOW_CTX_DAG_ID='Weather_Data_Extraction' AIRFLOW_CTX_TASK_ID='generate_output_file' AIRFLOW_CTX_EXECUTION_DATE='2024-03-12T00:00:00+00:00' AIRFLOW_CTX_TRY_NUMBER='1' AIRFLOW_CTX_DAG_RUN_ID='backfill__2024-03-12T00:00:00+00:00'
[2024-08-14T04:49:26.032+0000] {taskinstance.py:430} INFO - ::endgroup::
[2024-08-14T04:49:26.058+0000] {logging_mixin.py:188} INFO - Generated output file: Data_Weather-20240312.csv
[2024-08-14T04:49:26.059+0000] {logging_mixin.py:188} INFO - Execution Date: 2024/03/12
[2024-08-14T04:49:26.099+0000] {python.py:237} INFO - Done. Returned value was: None
[2024-08-14T04:49:26.101+0000] {taskinstance.py:441} INFO - ::group::Post task execution logs
[2024-08-14T04:49:26.121+0000] {taskinstance.py:1206} INFO - Marking task as SUCCESS. dag_id=Weather_Data_Extraction, task_id=generate_output_file, run_id=backfill__2024-03-12T00:00:00+00:00, execution_date=20240312T000000, start_date=20240814T044925, end_date=20240814T044926
[2024-08-14T04:49:26.186+0000] {local_task_job_runner.py:240} INFO - Task exited with return code 0
[2024-08-14T04:49:26.214+0000] {taskinstance.py:3503} INFO - 1 downstream tasks scheduled from follow-on schedule check
[2024-08-14T04:49:26.217+0000] {local_task_job_runner.py:222} INFO - ::endgroup::
