[2024-08-14T02:18:35.627+0000] {local_task_job_runner.py:120} INFO - ::group::Pre task execution logs
[2024-08-14T02:18:35.829+0000] {taskinstance.py:2076} INFO - Dependencies all met for dep_context=non-requeueable deps ti=<TaskInstance: Weather_Data_Extraction.no_new_data manual__2024-08-14T02:18:25.941518+00:00 [queued]>
[2024-08-14T02:18:35.842+0000] {taskinstance.py:2076} INFO - Dependencies all met for dep_context=requeueable deps ti=<TaskInstance: Weather_Data_Extraction.no_new_data manual__2024-08-14T02:18:25.941518+00:00 [queued]>
[2024-08-14T02:18:35.843+0000] {taskinstance.py:2306} INFO - Starting attempt 1 of 1
[2024-08-14T02:18:35.861+0000] {taskinstance.py:2330} INFO - Executing <Task(PythonOperator): no_new_data> on 2024-08-14 02:18:25.941518+00:00
[2024-08-14T02:18:35.871+0000] {warnings.py:112} WARNING - /home/***/.local/lib/python3.12/site-packages/***/task/task_runner/standard_task_runner.py:61: DeprecationWarning: This process (pid=255) is multi-threaded, use of fork() may lead to deadlocks in the child.
  pid = os.fork()

[2024-08-14T02:18:35.873+0000] {standard_task_runner.py:63} INFO - Started process 257 to run task
[2024-08-14T02:18:35.874+0000] {standard_task_runner.py:90} INFO - Running: ['***', 'tasks', 'run', 'Weather_Data_Extraction', 'no_new_data', 'manual__2024-08-14T02:18:25.941518+00:00', '--job-id', '319', '--raw', '--subdir', 'DAGS_FOLDER/Data_Weather_Extraction.py', '--cfg-path', '/tmp/tmpfi0d66tg']
[2024-08-14T02:18:35.879+0000] {standard_task_runner.py:91} INFO - Job 319: Subtask no_new_data
[2024-08-14T02:18:35.900+0000] {warnings.py:112} WARNING - /home/***/.local/lib/python3.12/site-packages/***/settings.py:195: DeprecationWarning: The sql_alchemy_conn option in [core] has been moved to the sql_alchemy_conn option in [database] - the old setting has been used, but please update your config.
  SQL_ALCHEMY_CONN = conf.get("database", "SQL_ALCHEMY_CONN")

[2024-08-14T02:18:35.973+0000] {task_command.py:426} INFO - Running <TaskInstance: Weather_Data_Extraction.no_new_data manual__2024-08-14T02:18:25.941518+00:00 [running]> on host ubuntu
[2024-08-14T02:18:36.115+0000] {taskinstance.py:2648} INFO - Exporting env vars: AIRFLOW_CTX_DAG_OWNER='Ducky' AIRFLOW_CTX_DAG_ID='Weather_Data_Extraction' AIRFLOW_CTX_TASK_ID='no_new_data' AIRFLOW_CTX_EXECUTION_DATE='2024-08-14T02:18:25.941518+00:00' AIRFLOW_CTX_TRY_NUMBER='1' AIRFLOW_CTX_DAG_RUN_ID='manual__2024-08-14T02:18:25.941518+00:00'
[2024-08-14T02:18:36.116+0000] {taskinstance.py:430} INFO - ::endgroup::
[2024-08-14T02:18:36.136+0000] {logging_mixin.py:188} INFO - Data are inserted, skipping this run
[2024-08-14T02:18:36.137+0000] {python.py:237} INFO - Done. Returned value was: None
[2024-08-14T02:18:36.138+0000] {taskinstance.py:441} INFO - ::group::Post task execution logs
[2024-08-14T02:18:36.150+0000] {taskinstance.py:1206} INFO - Marking task as SUCCESS. dag_id=Weather_Data_Extraction, task_id=no_new_data, run_id=manual__2024-08-14T02:18:25.941518+00:00, execution_date=20240814T021825, start_date=20240814T021835, end_date=20240814T021836
[2024-08-14T02:18:36.210+0000] {local_task_job_runner.py:240} INFO - Task exited with return code 0
[2024-08-14T02:18:36.242+0000] {taskinstance.py:3503} INFO - 0 downstream tasks scheduled from follow-on schedule check
[2024-08-14T02:18:36.247+0000] {local_task_job_runner.py:222} INFO - ::endgroup::
