[2024-08-16T09:44:21.179+0000] {local_task_job_runner.py:120} INFO - ::group::Pre task execution logs
[2024-08-16T09:44:21.332+0000] {taskinstance.py:2076} INFO - Dependencies all met for dep_context=non-requeueable deps ti=<TaskInstance: Weather_Data_Extraction.weather_data_models.fct_weather_data.run backfill__2024-08-12T00:00:00+00:00 [queued]>
[2024-08-16T09:44:21.341+0000] {taskinstance.py:2076} INFO - Dependencies all met for dep_context=requeueable deps ti=<TaskInstance: Weather_Data_Extraction.weather_data_models.fct_weather_data.run backfill__2024-08-12T00:00:00+00:00 [queued]>
[2024-08-16T09:44:21.342+0000] {taskinstance.py:2306} INFO - Starting attempt 1 of 3
[2024-08-16T09:44:21.357+0000] {taskinstance.py:2330} INFO - Executing <Task(DbtRunLocalOperator): weather_data_models.fct_weather_data.run> on 2024-08-12 00:00:00+00:00
[2024-08-16T09:44:21.365+0000] {warnings.py:112} WARNING - /home/***/.local/lib/python3.12/site-packages/***/task/task_runner/standard_task_runner.py:61: DeprecationWarning: This process (pid=1478) is multi-threaded, use of fork() may lead to deadlocks in the child.
  pid = os.fork()

[2024-08-16T09:44:21.366+0000] {standard_task_runner.py:63} INFO - Started process 1480 to run task
[2024-08-16T09:44:21.367+0000] {standard_task_runner.py:90} INFO - Running: ['***', 'tasks', 'run', 'Weather_Data_Extraction', 'weather_data_models.fct_weather_data.run', 'backfill__2024-08-12T00:00:00+00:00', '--job-id', '1172', '--pool', 'default_pool', '--raw', '--subdir', 'DAGS_FOLDER/Data_Weather_Extraction.py', '--cfg-path', '/tmp/tmphg_wycg5']
[2024-08-16T09:44:21.369+0000] {standard_task_runner.py:91} INFO - Job 1172: Subtask weather_data_models.fct_weather_data.run
[2024-08-16T09:44:21.422+0000] {task_command.py:426} INFO - Running <TaskInstance: Weather_Data_Extraction.weather_data_models.fct_weather_data.run backfill__2024-08-12T00:00:00+00:00 [running]> on host ubuntu
[2024-08-16T09:44:21.501+0000] {taskinstance.py:2648} INFO - Exporting env vars: AIRFLOW_CTX_DAG_OWNER='Ducky' AIRFLOW_CTX_DAG_ID='Weather_Data_Extraction' AIRFLOW_CTX_TASK_ID='weather_data_models.fct_weather_data.run' AIRFLOW_CTX_EXECUTION_DATE='2024-08-12T00:00:00+00:00' AIRFLOW_CTX_TRY_NUMBER='1' AIRFLOW_CTX_DAG_RUN_ID='backfill__2024-08-12T00:00:00+00:00'
[2024-08-16T09:44:21.503+0000] {taskinstance.py:430} INFO - ::endgroup::
[2024-08-16T09:44:21.539+0000] {log.py:232} WARNING - [[34m2024-08-16T09:44:21.538+0000[0m] {[34mgraph.py:[0m377} INFO[0m - [35m(astronomer-cosmos)[0m - Trying to parse the dbt project using dbt ls cache cosmos_cache__dbt_dag_filterd__customers_group...[0m
[2024-08-16T09:44:21.540+0000] {log.py:232} WARNING - [[34m2024-08-16T09:44:21.538+0000[0m] {[34mgraph.py:[0m377} INFO[0m - [35m(astronomer-cosmos)[0m - Trying to parse the dbt project using dbt ls cache cosmos_cache__dbt_dag_filterd__customers_group...[0m
[2024-08-16T09:44:21.538+0000] {graph.py:377} INFO - Trying to parse the dbt project using dbt ls cache cosmos_cache__dbt_dag_filterd__customers_group...
[2024-08-16T09:44:22.164+0000] {log.py:232} WARNING - [[34m2024-08-16T09:44:22.164+0000[0m] {[34mcache.py:[0m262} INFO[0m - [35m(astronomer-cosmos)[0m - Cosmos performance: time to calculate cache identifier cosmos_cache__dbt_dag_filterd__customers_group for current version: 0.6069762760007507[0m
[2024-08-16T09:44:22.165+0000] {log.py:232} WARNING - [[34m2024-08-16T09:44:22.164+0000[0m] {[34mcache.py:[0m262} INFO[0m - [35m(astronomer-cosmos)[0m - Cosmos performance: time to calculate cache identifier cosmos_cache__dbt_dag_filterd__customers_group for current version: 0.6069762760007507[0m
[2024-08-16T09:44:22.164+0000] {cache.py:262} INFO - Cosmos performance: time to calculate cache identifier cosmos_cache__dbt_dag_filterd__customers_group for current version: 0.6069762760007507
[2024-08-16T09:44:22.166+0000] {log.py:232} WARNING - [[34m2024-08-16T09:44:22.165+0000[0m] {[34mgraph.py:[0m394} INFO[0m - [35m(astronomer-cosmos)[0m - Cosmos performance [ubuntu|1480]: The cache size for cosmos_cache__dbt_dag_filterd__customers_group is 2948[0m
[2024-08-16T09:44:22.166+0000] {log.py:232} WARNING - [[34m2024-08-16T09:44:22.165+0000[0m] {[34mgraph.py:[0m394} INFO[0m - [35m(astronomer-cosmos)[0m - Cosmos performance [ubuntu|1480]: The cache size for cosmos_cache__dbt_dag_filterd__customers_group is 2948[0m
[2024-08-16T09:44:22.165+0000] {graph.py:394} INFO - Cosmos performance [ubuntu|1480]: The cache size for cosmos_cache__dbt_dag_filterd__customers_group is 2948
[2024-08-16T09:44:22.167+0000] {log.py:232} WARNING - [[34m2024-08-16T09:44:22.167+0000[0m] {[34mgraph.py:[0m402} INFO[0m - [35m(astronomer-cosmos)[0m - Cosmos performance: Cache hit for cosmos_cache__dbt_dag_filterd__customers_group - d3655c99e4b770027e65648437a3d068,5f7d44698c4b67134aff532494870c9c[0m
[2024-08-16T09:44:22.167+0000] {log.py:232} WARNING - [[34m2024-08-16T09:44:22.167+0000[0m] {[34mgraph.py:[0m402} INFO[0m - [35m(astronomer-cosmos)[0m - Cosmos performance: Cache hit for cosmos_cache__dbt_dag_filterd__customers_group - d3655c99e4b770027e65648437a3d068,5f7d44698c4b67134aff532494870c9c[0m
[2024-08-16T09:44:22.167+0000] {graph.py:402} INFO - Cosmos performance: Cache hit for cosmos_cache__dbt_dag_filterd__customers_group - d3655c99e4b770027e65648437a3d068,5f7d44698c4b67134aff532494870c9c
[2024-08-16T09:44:22.168+0000] {log.py:232} WARNING - [[34m2024-08-16T09:44:22.168+0000[0m] {[34mgraph.py:[0m335} INFO[0m - [35m(astronomer-cosmos)[0m - Total nodes: 3[0m
[2024-08-16T09:44:22.168+0000] {log.py:232} WARNING - [[34m2024-08-16T09:44:22.168+0000[0m] {[34mgraph.py:[0m335} INFO[0m - [35m(astronomer-cosmos)[0m - Total nodes: 3[0m
[2024-08-16T09:44:22.168+0000] {graph.py:335} INFO - Total nodes: 3
[2024-08-16T09:44:22.169+0000] {log.py:232} WARNING - [[34m2024-08-16T09:44:22.169+0000[0m] {[34mgraph.py:[0m336} INFO[0m - [35m(astronomer-cosmos)[0m - Total filtered nodes: 3[0m
[2024-08-16T09:44:22.169+0000] {log.py:232} WARNING - [[34m2024-08-16T09:44:22.169+0000[0m] {[34mgraph.py:[0m336} INFO[0m - [35m(astronomer-cosmos)[0m - Total filtered nodes: 3[0m
[2024-08-16T09:44:22.169+0000] {graph.py:336} INFO - Total filtered nodes: 3
[2024-08-16T09:44:22.170+0000] {log.py:232} WARNING - [[34m2024-08-16T09:44:22.170+0000[0m] {[34mconverter.py:[0m251} INFO[0m - [35m(astronomer-cosmos)[0m - Cosmos performance (dbt_dag_filterd__customers_group) -  [ubuntu|1480]: It took 0.632s to parse the dbt project for DAG using LoadMode.DBT_LS_CACHE[0m
[2024-08-16T09:44:22.170+0000] {log.py:232} WARNING - [[34m2024-08-16T09:44:22.170+0000[0m] {[34mconverter.py:[0m251} INFO[0m - [35m(astronomer-cosmos)[0m - Cosmos performance (dbt_dag_filterd__customers_group) -  [ubuntu|1480]: It took 0.632s to parse the dbt project for DAG using LoadMode.DBT_LS_CACHE[0m
[2024-08-16T09:44:22.170+0000] {converter.py:251} INFO - Cosmos performance (dbt_dag_filterd__customers_group) -  [ubuntu|1480]: It took 0.632s to parse the dbt project for DAG using LoadMode.DBT_LS_CACHE
[2024-08-16T09:44:22.173+0000] {log.py:232} WARNING - [[34m2024-08-16T09:44:22.173+0000[0m] {[34mproject.py:[0m35} INFO[0m - [35m(astronomer-cosmos)[0m - Project /opt/***/dags/Data_Marketplace does not have {'dependencies.yml', 'packages.yml'}[0m
[2024-08-16T09:44:22.173+0000] {log.py:232} WARNING - [[34m2024-08-16T09:44:22.173+0000[0m] {[34mproject.py:[0m35} INFO[0m - [35m(astronomer-cosmos)[0m - Project /opt/***/dags/Data_Marketplace does not have {'dependencies.yml', 'packages.yml'}[0m
[2024-08-16T09:44:22.173+0000] {project.py:35} INFO - Project /opt/***/dags/Data_Marketplace does not have {'dependencies.yml', 'packages.yml'}
[2024-08-16T09:44:22.175+0000] {log.py:232} WARNING - [[34m2024-08-16T09:44:22.175+0000[0m] {[34mproject.py:[0m35} INFO[0m - [35m(astronomer-cosmos)[0m - Project /opt/***/dags/Data_Marketplace does not have {'dependencies.yml', 'packages.yml'}[0m
[2024-08-16T09:44:22.176+0000] {log.py:232} WARNING - [[34m2024-08-16T09:44:22.175+0000[0m] {[34mproject.py:[0m35} INFO[0m - [35m(astronomer-cosmos)[0m - Project /opt/***/dags/Data_Marketplace does not have {'dependencies.yml', 'packages.yml'}[0m
[2024-08-16T09:44:22.175+0000] {project.py:35} INFO - Project /opt/***/dags/Data_Marketplace does not have {'dependencies.yml', 'packages.yml'}
[2024-08-16T09:44:22.178+0000] {log.py:232} WARNING - [[34m2024-08-16T09:44:22.177+0000[0m] {[34mproject.py:[0m35} INFO[0m - [35m(astronomer-cosmos)[0m - Project /opt/***/dags/Data_Marketplace does not have {'dependencies.yml', 'packages.yml'}[0m
[2024-08-16T09:44:22.178+0000] {log.py:232} WARNING - [[34m2024-08-16T09:44:22.177+0000[0m] {[34mproject.py:[0m35} INFO[0m - [35m(astronomer-cosmos)[0m - Project /opt/***/dags/Data_Marketplace does not have {'dependencies.yml', 'packages.yml'}[0m
[2024-08-16T09:44:22.177+0000] {project.py:35} INFO - Project /opt/***/dags/Data_Marketplace does not have {'dependencies.yml', 'packages.yml'}
[2024-08-16T09:44:22.179+0000] {log.py:232} WARNING - [[34m2024-08-16T09:44:22.179+0000[0m] {[34mconverter.py:[0m293} INFO[0m - [35m(astronomer-cosmos)[0m - Cosmos performance (dbt_dag_filterd__customers_group) - [ubuntu|1480]: It took 0.00899s to build the Airflow DAG.[0m
[2024-08-16T09:44:22.179+0000] {log.py:232} WARNING - [[34m2024-08-16T09:44:22.179+0000[0m] {[34mconverter.py:[0m293} INFO[0m - [35m(astronomer-cosmos)[0m - Cosmos performance (dbt_dag_filterd__customers_group) - [ubuntu|1480]: It took 0.00899s to build the Airflow DAG.[0m
[2024-08-16T09:44:22.179+0000] {converter.py:293} INFO - Cosmos performance (dbt_dag_filterd__customers_group) - [ubuntu|1480]: It took 0.00899s to build the Airflow DAG.
[2024-08-16T09:44:22.180+0000] {log.py:232} WARNING - [[34m2024-08-16T09:44:22.180+0000[0m] {[34mlocal.py:[0m174} INFO[0m - [35m(astronomer-cosmos)[0m - Could not import dbtRunner. Falling back to subprocess for invoking dbt.[0m
[2024-08-16T09:44:22.181+0000] {log.py:232} WARNING - [[34m2024-08-16T09:44:22.180+0000[0m] {[34mlocal.py:[0m174} INFO[0m - [35m(astronomer-cosmos)[0m - Could not import dbtRunner. Falling back to subprocess for invoking dbt.[0m
[2024-08-16T09:44:22.180+0000] {local.py:174} INFO - Could not import dbtRunner. Falling back to subprocess for invoking dbt.
[2024-08-16T09:44:22.183+0000] {log.py:232} WARNING - [[34m2024-08-16T09:44:22.183+0000[0m] {[34mlocal.py:[0m292} INFO[0m - [35m(astronomer-cosmos)[0m - Cloning project to writable temp directory /tmp/tmppyich1o9 from /opt/***/dags/Data_Marketplace[0m
[2024-08-16T09:44:22.183+0000] {log.py:232} WARNING - [[34m2024-08-16T09:44:22.183+0000[0m] {[34mlocal.py:[0m292} INFO[0m - [35m(astronomer-cosmos)[0m - Cloning project to writable temp directory /tmp/tmppyich1o9 from /opt/***/dags/Data_Marketplace[0m
[2024-08-16T09:44:22.183+0000] {local.py:292} INFO - Cloning project to writable temp directory /tmp/tmppyich1o9 from /opt/airflow/dags/Data_Marketplace
[2024-08-16T09:44:22.187+0000] {log.py:232} WARNING - [[34m2024-08-16T09:44:22.187+0000[0m] {[34mlocal.py:[0m303} INFO[0m - [35m(astronomer-cosmos)[0m - Partial parse is enabled and the latest partial parse file is /tmp/cosmos/Weather_Data_Extraction__weather_data_models/target/partial_parse.msgpack[0m
[2024-08-16T09:44:22.187+0000] {log.py:232} WARNING - [[34m2024-08-16T09:44:22.187+0000[0m] {[34mlocal.py:[0m303} INFO[0m - [35m(astronomer-cosmos)[0m - Partial parse is enabled and the latest partial parse file is /tmp/cosmos/Weather_Data_Extraction__weather_data_models/target/partial_parse.msgpack[0m
[2024-08-16T09:44:22.187+0000] {local.py:303} INFO - Partial parse is enabled and the latest partial parse file is /tmp/cosmos/Weather_Data_Extraction__weather_data_models/target/partial_parse.msgpack
[2024-08-16T09:44:22.195+0000] {log.py:232} WARNING - [[34m2024-08-16T09:44:22.195+0000[0m] {[34mconfig.py:[0m292} INFO[0m - [35m(astronomer-cosmos)[0m - Profile caching is enable.[0m
[2024-08-16T09:44:22.196+0000] {log.py:232} WARNING - [[34m2024-08-16T09:44:22.195+0000[0m] {[34mconfig.py:[0m292} INFO[0m - [35m(astronomer-cosmos)[0m - Profile caching is enable.[0m
[2024-08-16T09:44:22.195+0000] {config.py:292} INFO - Profile caching is enable.
[2024-08-16T09:44:22.205+0000] {base.py:84} INFO - Using connection ID 'snowflake_conn' for task execution.
[2024-08-16T09:44:22.209+0000] {log.py:232} WARNING - [[34m2024-08-16T09:44:22.209+0000[0m] {[34mconfig.py:[0m272} INFO[0m - [35m(astronomer-cosmos)[0m - Profile found in cache using profile: /tmp/cosmos/profile/ec71862f850e9b0839075fe0561d5062ab3dd99ef2a3dac2fe4fc1486f2849d0/profiles.yml.[0m
[2024-08-16T09:44:22.210+0000] {log.py:232} WARNING - [[34m2024-08-16T09:44:22.209+0000[0m] {[34mconfig.py:[0m272} INFO[0m - [35m(astronomer-cosmos)[0m - Profile found in cache using profile: /tmp/cosmos/profile/ec71862f850e9b0839075fe0561d5062ab3dd99ef2a3dac2fe4fc1486f2849d0/profiles.yml.[0m
[2024-08-16T09:44:22.209+0000] {config.py:272} INFO - Profile found in cache using profile: /tmp/cosmos/profile/ec71862f850e9b0839075fe0561d5062ab3dd99ef2a3dac2fe4fc1486f2849d0/profiles.yml.
[2024-08-16T09:44:22.212+0000] {log.py:232} WARNING - [[34m2024-08-16T09:44:22.212+0000[0m] {[34mlocal.py:[0m247} INFO[0m - [35m(astronomer-cosmos)[0m - Trying to run the command:
 ['/opt/***/dbt_venv/bin/dbt', 'run', '--models', 'fct_weather_data', '--project-dir', '/tmp/tmppyich1o9', '--profiles-dir', '/tmp/cosmos/profile/ec71862f850e9b0839075fe0561d5062ab3dd99ef2a3dac2fe4fc1486f2849d0', '--profile', 'Data_Marketplace', '--target', 'dev']
From /tmp/tmppyich1o9[0m
[2024-08-16T09:44:22.213+0000] {log.py:232} WARNING - [[34m2024-08-16T09:44:22.212+0000[0m] {[34mlocal.py:[0m247} INFO[0m - [35m(astronomer-cosmos)[0m - Trying to run the command:
 ['/opt/***/dbt_venv/bin/dbt', 'run', '--models', 'fct_weather_data', '--project-dir', '/tmp/tmppyich1o9', '--profiles-dir', '/tmp/cosmos/profile/ec71862f850e9b0839075fe0561d5062ab3dd99ef2a3dac2fe4fc1486f2849d0', '--profile', 'Data_Marketplace', '--target', 'dev']
From /tmp/tmppyich1o9[0m
[2024-08-16T09:44:22.212+0000] {local.py:247} INFO - Trying to run the command:
 ['/opt/***/dbt_venv/bin/dbt', 'run', '--models', 'fct_weather_data', '--project-dir', '/tmp/tmppyich1o9', '--profiles-dir', '/tmp/cosmos/profile/ec71862f850e9b0839075fe0561d5062ab3dd99ef2a3dac2fe4fc1486f2849d0', '--profile', 'Data_Marketplace', '--target', 'dev']
From /tmp/tmppyich1o9
[2024-08-16T09:44:22.215+0000] {log.py:232} WARNING - [[34m2024-08-16T09:44:22.215+0000[0m] {[34msubprocess.py:[0m60} INFO[0m - [35m(astronomer-cosmos)[0m - Tmp dir root location: 
 /tmp[0m
[2024-08-16T09:44:22.216+0000] {log.py:232} WARNING - [[34m2024-08-16T09:44:22.215+0000[0m] {[34msubprocess.py:[0m60} INFO[0m - [35m(astronomer-cosmos)[0m - Tmp dir root location: 
 /tmp[0m
[2024-08-16T09:44:22.215+0000] {subprocess.py:60} INFO - Tmp dir root location: 
 /tmp
[2024-08-16T09:44:22.218+0000] {log.py:232} WARNING - [[34m2024-08-16T09:44:22.218+0000[0m] {[34msubprocess.py:[0m73} INFO[0m - [35m(astronomer-cosmos)[0m - Running command: ['/opt/***/dbt_venv/bin/dbt', 'run', '--models', 'fct_weather_data', '--project-dir', '/tmp/tmppyich1o9', '--profiles-dir', '/tmp/cosmos/profile/ec71862f850e9b0839075fe0561d5062ab3dd99ef2a3dac2fe4fc1486f2849d0', '--profile', 'Data_Marketplace', '--target', 'dev'][0m
[2024-08-16T09:44:22.219+0000] {log.py:232} WARNING - [[34m2024-08-16T09:44:22.218+0000[0m] {[34msubprocess.py:[0m73} INFO[0m - [35m(astronomer-cosmos)[0m - Running command: ['/opt/***/dbt_venv/bin/dbt', 'run', '--models', 'fct_weather_data', '--project-dir', '/tmp/tmppyich1o9', '--profiles-dir', '/tmp/cosmos/profile/ec71862f850e9b0839075fe0561d5062ab3dd99ef2a3dac2fe4fc1486f2849d0', '--profile', 'Data_Marketplace', '--target', 'dev'][0m
[2024-08-16T09:44:22.218+0000] {subprocess.py:73} INFO - Running command: ['/opt/***/dbt_venv/bin/dbt', 'run', '--models', 'fct_weather_data', '--project-dir', '/tmp/tmppyich1o9', '--profiles-dir', '/tmp/cosmos/profile/ec71862f850e9b0839075fe0561d5062ab3dd99ef2a3dac2fe4fc1486f2849d0', '--profile', 'Data_Marketplace', '--target', 'dev']
[2024-08-16T09:44:22.234+0000] {log.py:232} WARNING - [[34m2024-08-16T09:44:22.234+0000[0m] {[34msubprocess.py:[0m84} INFO[0m - [35m(astronomer-cosmos)[0m - Command output:[0m
[2024-08-16T09:44:22.236+0000] {log.py:232} WARNING - [[34m2024-08-16T09:44:22.234+0000[0m] {[34msubprocess.py:[0m84} INFO[0m - [35m(astronomer-cosmos)[0m - Command output:[0m
[2024-08-16T09:44:22.234+0000] {subprocess.py:84} INFO - Command output:
[2024-08-16T09:44:24.101+0000] {log.py:232} WARNING - [[34m2024-08-16T09:44:24.101+0000[0m] {[34msubprocess.py:[0m94} INFO[0m - [35m(astronomer-cosmos)[0m - [0m09:44:24  Running with dbt=1.8.5[0m
[2024-08-16T09:44:24.102+0000] {log.py:232} WARNING - [[34m2024-08-16T09:44:24.101+0000[0m] {[34msubprocess.py:[0m94} INFO[0m - [35m(astronomer-cosmos)[0m - [0m09:44:24  Running with dbt=1.8.5[0m
[2024-08-16T09:44:24.101+0000] {subprocess.py:94} INFO - [0m09:44:24  Running with dbt=1.8.5
[2024-08-16T09:44:24.577+0000] {log.py:232} WARNING - [[34m2024-08-16T09:44:24.577+0000[0m] {[34msubprocess.py:[0m94} INFO[0m - [35m(astronomer-cosmos)[0m - [0m09:44:24  Registered adapter: snowflake=1.8.3[0m
[2024-08-16T09:44:24.578+0000] {log.py:232} WARNING - [[34m2024-08-16T09:44:24.577+0000[0m] {[34msubprocess.py:[0m94} INFO[0m - [35m(astronomer-cosmos)[0m - [0m09:44:24  Registered adapter: snowflake=1.8.3[0m
[2024-08-16T09:44:24.577+0000] {subprocess.py:94} INFO - [0m09:44:24  Registered adapter: snowflake=1.8.3
[2024-08-16T09:44:25.202+0000] {log.py:232} WARNING - [[34m2024-08-16T09:44:25.202+0000[0m] {[34msubprocess.py:[0m94} INFO[0m - [35m(astronomer-cosmos)[0m - [0m09:44:25  Found 9 models, 2 snapshots, 3 seeds, 2 data tests, 3 sources, 448 macros[0m
[2024-08-16T09:44:25.203+0000] {log.py:232} WARNING - [[34m2024-08-16T09:44:25.202+0000[0m] {[34msubprocess.py:[0m94} INFO[0m - [35m(astronomer-cosmos)[0m - [0m09:44:25  Found 9 models, 2 snapshots, 3 seeds, 2 data tests, 3 sources, 448 macros[0m
[2024-08-16T09:44:25.202+0000] {subprocess.py:94} INFO - [0m09:44:25  Found 9 models, 2 snapshots, 3 seeds, 2 data tests, 3 sources, 448 macros
[2024-08-16T09:44:25.205+0000] {log.py:232} WARNING - [[34m2024-08-16T09:44:25.205+0000[0m] {[34msubprocess.py:[0m94} INFO[0m - [35m(astronomer-cosmos)[0m - [0m09:44:25[0m
[2024-08-16T09:44:25.206+0000] {log.py:232} WARNING - [[34m2024-08-16T09:44:25.205+0000[0m] {[34msubprocess.py:[0m94} INFO[0m - [35m(astronomer-cosmos)[0m - [0m09:44:25[0m
[2024-08-16T09:44:25.205+0000] {subprocess.py:94} INFO - [0m09:44:25
[2024-08-16T09:44:27.658+0000] {log.py:232} WARNING - [[34m2024-08-16T09:44:27.657+0000[0m] {[34msubprocess.py:[0m94} INFO[0m - [35m(astronomer-cosmos)[0m - [0m09:44:27  Concurrency: 1 threads (target='dev')[0m
[2024-08-16T09:44:27.659+0000] {log.py:232} WARNING - [[34m2024-08-16T09:44:27.657+0000[0m] {[34msubprocess.py:[0m94} INFO[0m - [35m(astronomer-cosmos)[0m - [0m09:44:27  Concurrency: 1 threads (target='dev')[0m
[2024-08-16T09:44:27.657+0000] {subprocess.py:94} INFO - [0m09:44:27  Concurrency: 1 threads (target='dev')
[2024-08-16T09:44:27.661+0000] {log.py:232} WARNING - [[34m2024-08-16T09:44:27.660+0000[0m] {[34msubprocess.py:[0m94} INFO[0m - [35m(astronomer-cosmos)[0m - [0m09:44:27[0m
[2024-08-16T09:44:27.662+0000] {log.py:232} WARNING - [[34m2024-08-16T09:44:27.660+0000[0m] {[34msubprocess.py:[0m94} INFO[0m - [35m(astronomer-cosmos)[0m - [0m09:44:27[0m
[2024-08-16T09:44:27.660+0000] {subprocess.py:94} INFO - [0m09:44:27
[2024-08-16T09:44:27.673+0000] {log.py:232} WARNING - [[34m2024-08-16T09:44:27.672+0000[0m] {[34msubprocess.py:[0m94} INFO[0m - [35m(astronomer-cosmos)[0m - [0m09:44:27  1 of 1 START sql incremental model DWH.fct_weather_data ........................ [RUN][0m
[2024-08-16T09:44:27.674+0000] {log.py:232} WARNING - [[34m2024-08-16T09:44:27.672+0000[0m] {[34msubprocess.py:[0m94} INFO[0m - [35m(astronomer-cosmos)[0m - [0m09:44:27  1 of 1 START sql incremental model DWH.fct_weather_data ........................ [RUN][0m
[2024-08-16T09:44:27.672+0000] {subprocess.py:94} INFO - [0m09:44:27  1 of 1 START sql incremental model DWH.fct_weather_data ........................ [RUN]
[2024-08-16T09:44:31.416+0000] {log.py:232} WARNING - [[34m2024-08-16T09:44:31.416+0000[0m] {[34msubprocess.py:[0m94} INFO[0m - [35m(astronomer-cosmos)[0m - [0m09:44:31  1 of 1 OK created sql incremental model DWH.fct_weather_data ................... [[32mSUCCESS 0[0m in 3.74s][0m
[2024-08-16T09:44:31.417+0000] {log.py:232} WARNING - [[34m2024-08-16T09:44:31.416+0000[0m] {[34msubprocess.py:[0m94} INFO[0m - [35m(astronomer-cosmos)[0m - [0m09:44:31  1 of 1 OK created sql incremental model DWH.fct_weather_data ................... [[32mSUCCESS 0[0m in 3.74s][0m
[2024-08-16T09:44:31.416+0000] {subprocess.py:94} INFO - [0m09:44:31  1 of 1 OK created sql incremental model DWH.fct_weather_data ................... [[32mSUCCESS 0[0m in 3.74s]
[2024-08-16T09:44:31.420+0000] {log.py:232} WARNING - [[34m2024-08-16T09:44:31.420+0000[0m] {[34msubprocess.py:[0m94} INFO[0m - [35m(astronomer-cosmos)[0m - [0m09:44:31[0m
[2024-08-16T09:44:31.421+0000] {log.py:232} WARNING - [[34m2024-08-16T09:44:31.420+0000[0m] {[34msubprocess.py:[0m94} INFO[0m - [35m(astronomer-cosmos)[0m - [0m09:44:31[0m
[2024-08-16T09:44:31.420+0000] {subprocess.py:94} INFO - [0m09:44:31
[2024-08-16T09:44:31.423+0000] {log.py:232} WARNING - [[34m2024-08-16T09:44:31.423+0000[0m] {[34msubprocess.py:[0m94} INFO[0m - [35m(astronomer-cosmos)[0m - [0m09:44:31  Finished running 1 incremental model in 0 hours 0 minutes and 6.22 seconds (6.22s).[0m
[2024-08-16T09:44:31.424+0000] {log.py:232} WARNING - [[34m2024-08-16T09:44:31.423+0000[0m] {[34msubprocess.py:[0m94} INFO[0m - [35m(astronomer-cosmos)[0m - [0m09:44:31  Finished running 1 incremental model in 0 hours 0 minutes and 6.22 seconds (6.22s).[0m
[2024-08-16T09:44:31.423+0000] {subprocess.py:94} INFO - [0m09:44:31  Finished running 1 incremental model in 0 hours 0 minutes and 6.22 seconds (6.22s).
[2024-08-16T09:44:31.454+0000] {log.py:232} WARNING - [[34m2024-08-16T09:44:31.454+0000[0m] {[34msubprocess.py:[0m94} INFO[0m - [35m(astronomer-cosmos)[0m - [0m09:44:31[0m
[2024-08-16T09:44:31.455+0000] {log.py:232} WARNING - [[34m2024-08-16T09:44:31.454+0000[0m] {[34msubprocess.py:[0m94} INFO[0m - [35m(astronomer-cosmos)[0m - [0m09:44:31[0m
[2024-08-16T09:44:31.454+0000] {subprocess.py:94} INFO - [0m09:44:31
[2024-08-16T09:44:31.456+0000] {log.py:232} WARNING - [[34m2024-08-16T09:44:31.456+0000[0m] {[34msubprocess.py:[0m94} INFO[0m - [35m(astronomer-cosmos)[0m - [0m09:44:31  [32mCompleted successfully[0m[0m
[2024-08-16T09:44:31.457+0000] {log.py:232} WARNING - [[34m2024-08-16T09:44:31.456+0000[0m] {[34msubprocess.py:[0m94} INFO[0m - [35m(astronomer-cosmos)[0m - [0m09:44:31  [32mCompleted successfully[0m[0m
[2024-08-16T09:44:31.456+0000] {subprocess.py:94} INFO - [0m09:44:31  [32mCompleted successfully[0m
[2024-08-16T09:44:31.458+0000] {log.py:232} WARNING - [[34m2024-08-16T09:44:31.458+0000[0m] {[34msubprocess.py:[0m94} INFO[0m - [35m(astronomer-cosmos)[0m - [0m09:44:31[0m
[2024-08-16T09:44:31.459+0000] {log.py:232} WARNING - [[34m2024-08-16T09:44:31.458+0000[0m] {[34msubprocess.py:[0m94} INFO[0m - [35m(astronomer-cosmos)[0m - [0m09:44:31[0m
[2024-08-16T09:44:31.458+0000] {subprocess.py:94} INFO - [0m09:44:31
[2024-08-16T09:44:31.460+0000] {log.py:232} WARNING - [[34m2024-08-16T09:44:31.460+0000[0m] {[34msubprocess.py:[0m94} INFO[0m - [35m(astronomer-cosmos)[0m - [0m09:44:31  Done. PASS=1 WARN=0 ERROR=0 SKIP=0 TOTAL=1[0m
[2024-08-16T09:44:31.461+0000] {log.py:232} WARNING - [[34m2024-08-16T09:44:31.460+0000[0m] {[34msubprocess.py:[0m94} INFO[0m - [35m(astronomer-cosmos)[0m - [0m09:44:31  Done. PASS=1 WARN=0 ERROR=0 SKIP=0 TOTAL=1[0m
[2024-08-16T09:44:31.460+0000] {subprocess.py:94} INFO - [0m09:44:31  Done. PASS=1 WARN=0 ERROR=0 SKIP=0 TOTAL=1
[2024-08-16T09:44:32.928+0000] {log.py:232} WARNING - [[34m2024-08-16T09:44:32.928+0000[0m] {[34msubprocess.py:[0m98} INFO[0m - [35m(astronomer-cosmos)[0m - Command exited with return code 0[0m
[2024-08-16T09:44:32.929+0000] {log.py:232} WARNING - [[34m2024-08-16T09:44:32.928+0000[0m] {[34msubprocess.py:[0m98} INFO[0m - [35m(astronomer-cosmos)[0m - Command exited with return code 0[0m
[2024-08-16T09:44:32.928+0000] {subprocess.py:98} INFO - Command exited with return code 0
[2024-08-16T09:44:32.931+0000] {log.py:232} WARNING - [[34m2024-08-16T09:44:32.930+0000[0m] {[34mlocal.py:[0m254} INFO[0m - [35m(astronomer-cosmos)[0m - [0m09:44:31  Done. PASS=1 WARN=0 ERROR=0 SKIP=0 TOTAL=1[0m
[2024-08-16T09:44:32.932+0000] {log.py:232} WARNING - [[34m2024-08-16T09:44:32.930+0000[0m] {[34mlocal.py:[0m254} INFO[0m - [35m(astronomer-cosmos)[0m - [0m09:44:31  Done. PASS=1 WARN=0 ERROR=0 SKIP=0 TOTAL=1[0m
[2024-08-16T09:44:32.930+0000] {local.py:254} INFO - [0m09:44:31  Done. PASS=1 WARN=0 ERROR=0 SKIP=0 TOTAL=1
[2024-08-16T09:44:32.962+0000] {local.py:196} WARNING - Artifact schema version: https://schemas.getdbt.com/dbt/manifest/v12.json is above dbt-ol supported version 7. This might cause errors.
[2024-08-16T09:44:32.963+0000] {local.py:196} WARNING - Artifact schema version: https://schemas.getdbt.com/dbt/run-results/v6.json is above dbt-ol supported version 5. This might cause errors.
[2024-08-16T09:44:32.980+0000] {log.py:232} WARNING - [[34m2024-08-16T09:44:32.979+0000[0m] {[34mlocal.py:[0m349} INFO[0m - [35m(astronomer-cosmos)[0m - Inlets: [Dataset(uri='snowflake://uz36730.ap-southeast-1.aws/POC_DATA_MARKETPLACE.DWH.stg_weather_data', extra=None)][0m
[2024-08-16T09:44:32.981+0000] {log.py:232} WARNING - [[34m2024-08-16T09:44:32.979+0000[0m] {[34mlocal.py:[0m349} INFO[0m - [35m(astronomer-cosmos)[0m - Inlets: [Dataset(uri='snowflake://uz36730.ap-southeast-1.aws/POC_DATA_MARKETPLACE.DWH.stg_weather_data', extra=None)][0m
[2024-08-16T09:44:32.979+0000] {local.py:349} INFO - Inlets: [Dataset(uri='snowflake://uz36730.ap-southeast-1.aws/POC_DATA_MARKETPLACE.DWH.stg_weather_data', extra=None)]
[2024-08-16T09:44:32.984+0000] {log.py:232} WARNING - [[34m2024-08-16T09:44:32.984+0000[0m] {[34mlocal.py:[0m350} INFO[0m - [35m(astronomer-cosmos)[0m - Outlets: [Dataset(uri='snowflake://uz36730.ap-southeast-1.aws/POC_DATA_MARKETPLACE.DWH.fct_weather_data', extra=None)][0m
[2024-08-16T09:44:32.985+0000] {log.py:232} WARNING - [[34m2024-08-16T09:44:32.984+0000[0m] {[34mlocal.py:[0m350} INFO[0m - [35m(astronomer-cosmos)[0m - Outlets: [Dataset(uri='snowflake://uz36730.ap-southeast-1.aws/POC_DATA_MARKETPLACE.DWH.fct_weather_data', extra=None)][0m
[2024-08-16T09:44:32.984+0000] {local.py:350} INFO - Outlets: [Dataset(uri='snowflake://uz36730.ap-southeast-1.aws/POC_DATA_MARKETPLACE.DWH.fct_weather_data', extra=None)]
[2024-08-16T09:44:32.988+0000] {dag.py:3096} INFO - Sync 1 DAGs
[2024-08-16T09:44:33.078+0000] {taskinstance.py:441} INFO - ::group::Post task execution logs
[2024-08-16T09:44:33.116+0000] {taskinstance.py:1206} INFO - Marking task as SUCCESS. dag_id=Weather_Data_Extraction, task_id=weather_data_models.fct_weather_data.run, run_id=backfill__2024-08-12T00:00:00+00:00, execution_date=20240812T000000, start_date=20240816T094421, end_date=20240816T094433
[2024-08-16T09:44:33.154+0000] {local_task_job_runner.py:240} INFO - Task exited with return code 0
[2024-08-16T09:44:33.183+0000] {taskinstance.py:3503} INFO - 1 downstream tasks scheduled from follow-on schedule check
[2024-08-16T09:44:33.188+0000] {local_task_job_runner.py:222} INFO - ::endgroup::
[2024-08-16T10:07:54.772+0000] {local_task_job_runner.py:120} INFO - ::group::Pre task execution logs
[2024-08-16T10:07:54.925+0000] {taskinstance.py:2076} INFO - Dependencies all met for dep_context=non-requeueable deps ti=<TaskInstance: Weather_Data_Extraction.weather_data_models.fct_weather_data.run backfill__2024-08-12T00:00:00+00:00 [queued]>
[2024-08-16T10:07:54.934+0000] {taskinstance.py:2076} INFO - Dependencies all met for dep_context=requeueable deps ti=<TaskInstance: Weather_Data_Extraction.weather_data_models.fct_weather_data.run backfill__2024-08-12T00:00:00+00:00 [queued]>
[2024-08-16T10:07:54.935+0000] {taskinstance.py:2306} INFO - Starting attempt 1 of 3
[2024-08-16T10:07:54.948+0000] {taskinstance.py:2330} INFO - Executing <Task(DbtRunLocalOperator): weather_data_models.fct_weather_data.run> on 2024-08-12 00:00:00+00:00
[2024-08-16T10:07:54.955+0000] {warnings.py:112} WARNING - /home/***/.local/lib/python3.12/site-packages/***/task/task_runner/standard_task_runner.py:61: DeprecationWarning: This process (pid=2243) is multi-threaded, use of fork() may lead to deadlocks in the child.
  pid = os.fork()

[2024-08-16T10:07:54.957+0000] {standard_task_runner.py:63} INFO - Started process 2245 to run task
[2024-08-16T10:07:54.957+0000] {standard_task_runner.py:90} INFO - Running: ['***', 'tasks', 'run', 'Weather_Data_Extraction', 'weather_data_models.fct_weather_data.run', 'backfill__2024-08-12T00:00:00+00:00', '--job-id', '1257', '--pool', 'default_pool', '--raw', '--subdir', 'DAGS_FOLDER/Data_Weather_Extraction.py', '--cfg-path', '/tmp/tmpyuzmoi2s']
[2024-08-16T10:07:54.961+0000] {standard_task_runner.py:91} INFO - Job 1257: Subtask weather_data_models.fct_weather_data.run
[2024-08-16T10:07:55.011+0000] {task_command.py:426} INFO - Running <TaskInstance: Weather_Data_Extraction.weather_data_models.fct_weather_data.run backfill__2024-08-12T00:00:00+00:00 [running]> on host ubuntu
[2024-08-16T10:07:55.116+0000] {taskinstance.py:2648} INFO - Exporting env vars: AIRFLOW_CTX_DAG_OWNER='Ducky' AIRFLOW_CTX_DAG_ID='Weather_Data_Extraction' AIRFLOW_CTX_TASK_ID='weather_data_models.fct_weather_data.run' AIRFLOW_CTX_EXECUTION_DATE='2024-08-12T00:00:00+00:00' AIRFLOW_CTX_TRY_NUMBER='1' AIRFLOW_CTX_DAG_RUN_ID='backfill__2024-08-12T00:00:00+00:00'
[2024-08-16T10:07:55.118+0000] {taskinstance.py:430} INFO - ::endgroup::
[2024-08-16T10:07:55.144+0000] {log.py:232} WARNING - [[34m2024-08-16T10:07:55.144+0000[0m] {[34mgraph.py:[0m377} INFO[0m - [35m(astronomer-cosmos)[0m - Trying to parse the dbt project using dbt ls cache cosmos_cache__dbt_dag_filterd__customers_group...[0m
[2024-08-16T10:07:55.145+0000] {log.py:232} WARNING - [[34m2024-08-16T10:07:55.144+0000[0m] {[34mgraph.py:[0m377} INFO[0m - [35m(astronomer-cosmos)[0m - Trying to parse the dbt project using dbt ls cache cosmos_cache__dbt_dag_filterd__customers_group...[0m
[2024-08-16T10:07:55.144+0000] {graph.py:377} INFO - Trying to parse the dbt project using dbt ls cache cosmos_cache__dbt_dag_filterd__customers_group...
[2024-08-16T10:07:55.386+0000] {log.py:232} WARNING - [[34m2024-08-16T10:07:55.385+0000[0m] {[34mcache.py:[0m262} INFO[0m - [35m(astronomer-cosmos)[0m - Cosmos performance: time to calculate cache identifier cosmos_cache__dbt_dag_filterd__customers_group for current version: 0.2318859569995766[0m
[2024-08-16T10:07:55.386+0000] {log.py:232} WARNING - [[34m2024-08-16T10:07:55.385+0000[0m] {[34mcache.py:[0m262} INFO[0m - [35m(astronomer-cosmos)[0m - Cosmos performance: time to calculate cache identifier cosmos_cache__dbt_dag_filterd__customers_group for current version: 0.2318859569995766[0m
[2024-08-16T10:07:55.385+0000] {cache.py:262} INFO - Cosmos performance: time to calculate cache identifier cosmos_cache__dbt_dag_filterd__customers_group for current version: 0.2318859569995766
[2024-08-16T10:07:55.387+0000] {log.py:232} WARNING - [[34m2024-08-16T10:07:55.387+0000[0m] {[34mgraph.py:[0m394} INFO[0m - [35m(astronomer-cosmos)[0m - Cosmos performance [ubuntu|2245]: The cache size for cosmos_cache__dbt_dag_filterd__customers_group is 2948[0m
[2024-08-16T10:07:55.388+0000] {log.py:232} WARNING - [[34m2024-08-16T10:07:55.387+0000[0m] {[34mgraph.py:[0m394} INFO[0m - [35m(astronomer-cosmos)[0m - Cosmos performance [ubuntu|2245]: The cache size for cosmos_cache__dbt_dag_filterd__customers_group is 2948[0m
[2024-08-16T10:07:55.387+0000] {graph.py:394} INFO - Cosmos performance [ubuntu|2245]: The cache size for cosmos_cache__dbt_dag_filterd__customers_group is 2948
[2024-08-16T10:07:55.388+0000] {log.py:232} WARNING - [[34m2024-08-16T10:07:55.388+0000[0m] {[34mgraph.py:[0m402} INFO[0m - [35m(astronomer-cosmos)[0m - Cosmos performance: Cache hit for cosmos_cache__dbt_dag_filterd__customers_group - d3655c99e4b770027e65648437a3d068,5f7d44698c4b67134aff532494870c9c[0m
[2024-08-16T10:07:55.389+0000] {log.py:232} WARNING - [[34m2024-08-16T10:07:55.388+0000[0m] {[34mgraph.py:[0m402} INFO[0m - [35m(astronomer-cosmos)[0m - Cosmos performance: Cache hit for cosmos_cache__dbt_dag_filterd__customers_group - d3655c99e4b770027e65648437a3d068,5f7d44698c4b67134aff532494870c9c[0m
[2024-08-16T10:07:55.388+0000] {graph.py:402} INFO - Cosmos performance: Cache hit for cosmos_cache__dbt_dag_filterd__customers_group - d3655c99e4b770027e65648437a3d068,5f7d44698c4b67134aff532494870c9c
[2024-08-16T10:07:55.390+0000] {log.py:232} WARNING - [[34m2024-08-16T10:07:55.389+0000[0m] {[34mgraph.py:[0m335} INFO[0m - [35m(astronomer-cosmos)[0m - Total nodes: 3[0m
[2024-08-16T10:07:55.390+0000] {log.py:232} WARNING - [[34m2024-08-16T10:07:55.389+0000[0m] {[34mgraph.py:[0m335} INFO[0m - [35m(astronomer-cosmos)[0m - Total nodes: 3[0m
[2024-08-16T10:07:55.389+0000] {graph.py:335} INFO - Total nodes: 3
[2024-08-16T10:07:55.391+0000] {log.py:232} WARNING - [[34m2024-08-16T10:07:55.390+0000[0m] {[34mgraph.py:[0m336} INFO[0m - [35m(astronomer-cosmos)[0m - Total filtered nodes: 3[0m
[2024-08-16T10:07:55.391+0000] {log.py:232} WARNING - [[34m2024-08-16T10:07:55.390+0000[0m] {[34mgraph.py:[0m336} INFO[0m - [35m(astronomer-cosmos)[0m - Total filtered nodes: 3[0m
[2024-08-16T10:07:55.390+0000] {graph.py:336} INFO - Total filtered nodes: 3
[2024-08-16T10:07:55.392+0000] {log.py:232} WARNING - [[34m2024-08-16T10:07:55.392+0000[0m] {[34mconverter.py:[0m251} INFO[0m - [35m(astronomer-cosmos)[0m - Cosmos performance (dbt_dag_filterd__customers_group) -  [ubuntu|2245]: It took 0.248s to parse the dbt project for DAG using LoadMode.DBT_LS_CACHE[0m
[2024-08-16T10:07:55.392+0000] {log.py:232} WARNING - [[34m2024-08-16T10:07:55.392+0000[0m] {[34mconverter.py:[0m251} INFO[0m - [35m(astronomer-cosmos)[0m - Cosmos performance (dbt_dag_filterd__customers_group) -  [ubuntu|2245]: It took 0.248s to parse the dbt project for DAG using LoadMode.DBT_LS_CACHE[0m
[2024-08-16T10:07:55.392+0000] {converter.py:251} INFO - Cosmos performance (dbt_dag_filterd__customers_group) -  [ubuntu|2245]: It took 0.248s to parse the dbt project for DAG using LoadMode.DBT_LS_CACHE
[2024-08-16T10:07:55.395+0000] {log.py:232} WARNING - [[34m2024-08-16T10:07:55.395+0000[0m] {[34mproject.py:[0m35} INFO[0m - [35m(astronomer-cosmos)[0m - Project /opt/***/dags/Data_Marketplace does not have {'dependencies.yml', 'packages.yml'}[0m
[2024-08-16T10:07:55.395+0000] {log.py:232} WARNING - [[34m2024-08-16T10:07:55.395+0000[0m] {[34mproject.py:[0m35} INFO[0m - [35m(astronomer-cosmos)[0m - Project /opt/***/dags/Data_Marketplace does not have {'dependencies.yml', 'packages.yml'}[0m
[2024-08-16T10:07:55.395+0000] {project.py:35} INFO - Project /opt/***/dags/Data_Marketplace does not have {'dependencies.yml', 'packages.yml'}
[2024-08-16T10:07:55.397+0000] {log.py:232} WARNING - [[34m2024-08-16T10:07:55.397+0000[0m] {[34mproject.py:[0m35} INFO[0m - [35m(astronomer-cosmos)[0m - Project /opt/***/dags/Data_Marketplace does not have {'dependencies.yml', 'packages.yml'}[0m
[2024-08-16T10:07:55.398+0000] {log.py:232} WARNING - [[34m2024-08-16T10:07:55.397+0000[0m] {[34mproject.py:[0m35} INFO[0m - [35m(astronomer-cosmos)[0m - Project /opt/***/dags/Data_Marketplace does not have {'dependencies.yml', 'packages.yml'}[0m
[2024-08-16T10:07:55.397+0000] {project.py:35} INFO - Project /opt/***/dags/Data_Marketplace does not have {'dependencies.yml', 'packages.yml'}
[2024-08-16T10:07:55.400+0000] {log.py:232} WARNING - [[34m2024-08-16T10:07:55.400+0000[0m] {[34mproject.py:[0m35} INFO[0m - [35m(astronomer-cosmos)[0m - Project /opt/***/dags/Data_Marketplace does not have {'dependencies.yml', 'packages.yml'}[0m
[2024-08-16T10:07:55.400+0000] {log.py:232} WARNING - [[34m2024-08-16T10:07:55.400+0000[0m] {[34mproject.py:[0m35} INFO[0m - [35m(astronomer-cosmos)[0m - Project /opt/***/dags/Data_Marketplace does not have {'dependencies.yml', 'packages.yml'}[0m
[2024-08-16T10:07:55.400+0000] {project.py:35} INFO - Project /opt/***/dags/Data_Marketplace does not have {'dependencies.yml', 'packages.yml'}
[2024-08-16T10:07:55.401+0000] {log.py:232} WARNING - [[34m2024-08-16T10:07:55.401+0000[0m] {[34mconverter.py:[0m293} INFO[0m - [35m(astronomer-cosmos)[0m - Cosmos performance (dbt_dag_filterd__customers_group) - [ubuntu|2245]: It took 0.00944s to build the Airflow DAG.[0m
[2024-08-16T10:07:55.402+0000] {log.py:232} WARNING - [[34m2024-08-16T10:07:55.401+0000[0m] {[34mconverter.py:[0m293} INFO[0m - [35m(astronomer-cosmos)[0m - Cosmos performance (dbt_dag_filterd__customers_group) - [ubuntu|2245]: It took 0.00944s to build the Airflow DAG.[0m
[2024-08-16T10:07:55.401+0000] {converter.py:293} INFO - Cosmos performance (dbt_dag_filterd__customers_group) - [ubuntu|2245]: It took 0.00944s to build the Airflow DAG.
[2024-08-16T10:07:55.403+0000] {log.py:232} WARNING - [[34m2024-08-16T10:07:55.403+0000[0m] {[34mlocal.py:[0m174} INFO[0m - [35m(astronomer-cosmos)[0m - Could not import dbtRunner. Falling back to subprocess for invoking dbt.[0m
[2024-08-16T10:07:55.403+0000] {log.py:232} WARNING - [[34m2024-08-16T10:07:55.403+0000[0m] {[34mlocal.py:[0m174} INFO[0m - [35m(astronomer-cosmos)[0m - Could not import dbtRunner. Falling back to subprocess for invoking dbt.[0m
[2024-08-16T10:07:55.403+0000] {local.py:174} INFO - Could not import dbtRunner. Falling back to subprocess for invoking dbt.
[2024-08-16T10:07:55.404+0000] {log.py:232} WARNING - [[34m2024-08-16T10:07:55.404+0000[0m] {[34mlocal.py:[0m292} INFO[0m - [35m(astronomer-cosmos)[0m - Cloning project to writable temp directory /tmp/tmpcf2p418f from /opt/***/dags/Data_Marketplace[0m
[2024-08-16T10:07:55.405+0000] {log.py:232} WARNING - [[34m2024-08-16T10:07:55.404+0000[0m] {[34mlocal.py:[0m292} INFO[0m - [35m(astronomer-cosmos)[0m - Cloning project to writable temp directory /tmp/tmpcf2p418f from /opt/***/dags/Data_Marketplace[0m
[2024-08-16T10:07:55.404+0000] {local.py:292} INFO - Cloning project to writable temp directory /tmp/tmpcf2p418f from /opt/airflow/dags/Data_Marketplace
[2024-08-16T10:07:55.409+0000] {log.py:232} WARNING - [[34m2024-08-16T10:07:55.409+0000[0m] {[34mlocal.py:[0m303} INFO[0m - [35m(astronomer-cosmos)[0m - Partial parse is enabled and the latest partial parse file is /tmp/cosmos/Weather_Data_Extraction__weather_data_models/target/partial_parse.msgpack[0m
[2024-08-16T10:07:55.410+0000] {log.py:232} WARNING - [[34m2024-08-16T10:07:55.409+0000[0m] {[34mlocal.py:[0m303} INFO[0m - [35m(astronomer-cosmos)[0m - Partial parse is enabled and the latest partial parse file is /tmp/cosmos/Weather_Data_Extraction__weather_data_models/target/partial_parse.msgpack[0m
[2024-08-16T10:07:55.409+0000] {local.py:303} INFO - Partial parse is enabled and the latest partial parse file is /tmp/cosmos/Weather_Data_Extraction__weather_data_models/target/partial_parse.msgpack
[2024-08-16T10:07:55.418+0000] {log.py:232} WARNING - [[34m2024-08-16T10:07:55.417+0000[0m] {[34mconfig.py:[0m292} INFO[0m - [35m(astronomer-cosmos)[0m - Profile caching is enable.[0m
[2024-08-16T10:07:55.418+0000] {log.py:232} WARNING - [[34m2024-08-16T10:07:55.417+0000[0m] {[34mconfig.py:[0m292} INFO[0m - [35m(astronomer-cosmos)[0m - Profile caching is enable.[0m
[2024-08-16T10:07:55.417+0000] {config.py:292} INFO - Profile caching is enable.
[2024-08-16T10:07:55.428+0000] {base.py:84} INFO - Using connection ID 'snowflake_conn' for task execution.
[2024-08-16T10:07:55.432+0000] {log.py:232} WARNING - [[34m2024-08-16T10:07:55.432+0000[0m] {[34mconfig.py:[0m272} INFO[0m - [35m(astronomer-cosmos)[0m - Profile found in cache using profile: /tmp/cosmos/profile/ec71862f850e9b0839075fe0561d5062ab3dd99ef2a3dac2fe4fc1486f2849d0/profiles.yml.[0m
[2024-08-16T10:07:55.433+0000] {log.py:232} WARNING - [[34m2024-08-16T10:07:55.432+0000[0m] {[34mconfig.py:[0m272} INFO[0m - [35m(astronomer-cosmos)[0m - Profile found in cache using profile: /tmp/cosmos/profile/ec71862f850e9b0839075fe0561d5062ab3dd99ef2a3dac2fe4fc1486f2849d0/profiles.yml.[0m
[2024-08-16T10:07:55.432+0000] {config.py:272} INFO - Profile found in cache using profile: /tmp/cosmos/profile/ec71862f850e9b0839075fe0561d5062ab3dd99ef2a3dac2fe4fc1486f2849d0/profiles.yml.
[2024-08-16T10:07:55.435+0000] {log.py:232} WARNING - [[34m2024-08-16T10:07:55.435+0000[0m] {[34mlocal.py:[0m247} INFO[0m - [35m(astronomer-cosmos)[0m - Trying to run the command:
 ['/opt/***/dbt_venv/bin/dbt', 'run', '--models', 'fct_weather_data', '--project-dir', '/tmp/tmpcf2p418f', '--profiles-dir', '/tmp/cosmos/profile/ec71862f850e9b0839075fe0561d5062ab3dd99ef2a3dac2fe4fc1486f2849d0', '--profile', 'Data_Marketplace', '--target', 'dev']
From /tmp/tmpcf2p418f[0m
[2024-08-16T10:07:55.436+0000] {log.py:232} WARNING - [[34m2024-08-16T10:07:55.435+0000[0m] {[34mlocal.py:[0m247} INFO[0m - [35m(astronomer-cosmos)[0m - Trying to run the command:
 ['/opt/***/dbt_venv/bin/dbt', 'run', '--models', 'fct_weather_data', '--project-dir', '/tmp/tmpcf2p418f', '--profiles-dir', '/tmp/cosmos/profile/ec71862f850e9b0839075fe0561d5062ab3dd99ef2a3dac2fe4fc1486f2849d0', '--profile', 'Data_Marketplace', '--target', 'dev']
From /tmp/tmpcf2p418f[0m
[2024-08-16T10:07:55.435+0000] {local.py:247} INFO - Trying to run the command:
 ['/opt/***/dbt_venv/bin/dbt', 'run', '--models', 'fct_weather_data', '--project-dir', '/tmp/tmpcf2p418f', '--profiles-dir', '/tmp/cosmos/profile/ec71862f850e9b0839075fe0561d5062ab3dd99ef2a3dac2fe4fc1486f2849d0', '--profile', 'Data_Marketplace', '--target', 'dev']
From /tmp/tmpcf2p418f
[2024-08-16T10:07:55.438+0000] {log.py:232} WARNING - [[34m2024-08-16T10:07:55.438+0000[0m] {[34msubprocess.py:[0m60} INFO[0m - [35m(astronomer-cosmos)[0m - Tmp dir root location: 
 /tmp[0m
[2024-08-16T10:07:55.439+0000] {log.py:232} WARNING - [[34m2024-08-16T10:07:55.438+0000[0m] {[34msubprocess.py:[0m60} INFO[0m - [35m(astronomer-cosmos)[0m - Tmp dir root location: 
 /tmp[0m
[2024-08-16T10:07:55.438+0000] {subprocess.py:60} INFO - Tmp dir root location: 
 /tmp
[2024-08-16T10:07:55.441+0000] {log.py:232} WARNING - [[34m2024-08-16T10:07:55.441+0000[0m] {[34msubprocess.py:[0m73} INFO[0m - [35m(astronomer-cosmos)[0m - Running command: ['/opt/***/dbt_venv/bin/dbt', 'run', '--models', 'fct_weather_data', '--project-dir', '/tmp/tmpcf2p418f', '--profiles-dir', '/tmp/cosmos/profile/ec71862f850e9b0839075fe0561d5062ab3dd99ef2a3dac2fe4fc1486f2849d0', '--profile', 'Data_Marketplace', '--target', 'dev'][0m
[2024-08-16T10:07:55.442+0000] {log.py:232} WARNING - [[34m2024-08-16T10:07:55.441+0000[0m] {[34msubprocess.py:[0m73} INFO[0m - [35m(astronomer-cosmos)[0m - Running command: ['/opt/***/dbt_venv/bin/dbt', 'run', '--models', 'fct_weather_data', '--project-dir', '/tmp/tmpcf2p418f', '--profiles-dir', '/tmp/cosmos/profile/ec71862f850e9b0839075fe0561d5062ab3dd99ef2a3dac2fe4fc1486f2849d0', '--profile', 'Data_Marketplace', '--target', 'dev'][0m
[2024-08-16T10:07:55.441+0000] {subprocess.py:73} INFO - Running command: ['/opt/***/dbt_venv/bin/dbt', 'run', '--models', 'fct_weather_data', '--project-dir', '/tmp/tmpcf2p418f', '--profiles-dir', '/tmp/cosmos/profile/ec71862f850e9b0839075fe0561d5062ab3dd99ef2a3dac2fe4fc1486f2849d0', '--profile', 'Data_Marketplace', '--target', 'dev']
[2024-08-16T10:07:55.460+0000] {log.py:232} WARNING - [[34m2024-08-16T10:07:55.459+0000[0m] {[34msubprocess.py:[0m84} INFO[0m - [35m(astronomer-cosmos)[0m - Command output:[0m
[2024-08-16T10:07:55.461+0000] {log.py:232} WARNING - [[34m2024-08-16T10:07:55.459+0000[0m] {[34msubprocess.py:[0m84} INFO[0m - [35m(astronomer-cosmos)[0m - Command output:[0m
[2024-08-16T10:07:55.459+0000] {subprocess.py:84} INFO - Command output:
[2024-08-16T10:07:57.662+0000] {log.py:232} WARNING - [[34m2024-08-16T10:07:57.662+0000[0m] {[34msubprocess.py:[0m94} INFO[0m - [35m(astronomer-cosmos)[0m - [0m10:07:57  Running with dbt=1.8.5[0m
[2024-08-16T10:07:57.663+0000] {log.py:232} WARNING - [[34m2024-08-16T10:07:57.662+0000[0m] {[34msubprocess.py:[0m94} INFO[0m - [35m(astronomer-cosmos)[0m - [0m10:07:57  Running with dbt=1.8.5[0m
[2024-08-16T10:07:57.662+0000] {subprocess.py:94} INFO - [0m10:07:57  Running with dbt=1.8.5
[2024-08-16T10:07:58.213+0000] {log.py:232} WARNING - [[34m2024-08-16T10:07:58.213+0000[0m] {[34msubprocess.py:[0m94} INFO[0m - [35m(astronomer-cosmos)[0m - [0m10:07:58  Registered adapter: snowflake=1.8.3[0m
[2024-08-16T10:07:58.214+0000] {log.py:232} WARNING - [[34m2024-08-16T10:07:58.213+0000[0m] {[34msubprocess.py:[0m94} INFO[0m - [35m(astronomer-cosmos)[0m - [0m10:07:58  Registered adapter: snowflake=1.8.3[0m
[2024-08-16T10:07:58.213+0000] {subprocess.py:94} INFO - [0m10:07:58  Registered adapter: snowflake=1.8.3
[2024-08-16T10:07:59.038+0000] {log.py:232} WARNING - [[34m2024-08-16T10:07:59.037+0000[0m] {[34msubprocess.py:[0m94} INFO[0m - [35m(astronomer-cosmos)[0m - [0m10:07:59  Found 9 models, 2 snapshots, 3 seeds, 2 data tests, 3 sources, 448 macros[0m
[2024-08-16T10:07:59.040+0000] {log.py:232} WARNING - [[34m2024-08-16T10:07:59.037+0000[0m] {[34msubprocess.py:[0m94} INFO[0m - [35m(astronomer-cosmos)[0m - [0m10:07:59  Found 9 models, 2 snapshots, 3 seeds, 2 data tests, 3 sources, 448 macros[0m
[2024-08-16T10:07:59.037+0000] {subprocess.py:94} INFO - [0m10:07:59  Found 9 models, 2 snapshots, 3 seeds, 2 data tests, 3 sources, 448 macros
[2024-08-16T10:07:59.045+0000] {log.py:232} WARNING - [[34m2024-08-16T10:07:59.044+0000[0m] {[34msubprocess.py:[0m94} INFO[0m - [35m(astronomer-cosmos)[0m - [0m10:07:59[0m
[2024-08-16T10:07:59.046+0000] {log.py:232} WARNING - [[34m2024-08-16T10:07:59.044+0000[0m] {[34msubprocess.py:[0m94} INFO[0m - [35m(astronomer-cosmos)[0m - [0m10:07:59[0m
[2024-08-16T10:07:59.044+0000] {subprocess.py:94} INFO - [0m10:07:59
[2024-08-16T10:08:02.726+0000] {log.py:232} WARNING - [[34m2024-08-16T10:08:02.726+0000[0m] {[34msubprocess.py:[0m94} INFO[0m - [35m(astronomer-cosmos)[0m - [0m10:08:02  Concurrency: 1 threads (target='dev')[0m
[2024-08-16T10:08:02.727+0000] {log.py:232} WARNING - [[34m2024-08-16T10:08:02.726+0000[0m] {[34msubprocess.py:[0m94} INFO[0m - [35m(astronomer-cosmos)[0m - [0m10:08:02  Concurrency: 1 threads (target='dev')[0m
[2024-08-16T10:08:02.726+0000] {subprocess.py:94} INFO - [0m10:08:02  Concurrency: 1 threads (target='dev')
[2024-08-16T10:08:02.730+0000] {log.py:232} WARNING - [[34m2024-08-16T10:08:02.729+0000[0m] {[34msubprocess.py:[0m94} INFO[0m - [35m(astronomer-cosmos)[0m - [0m10:08:02[0m
[2024-08-16T10:08:02.731+0000] {log.py:232} WARNING - [[34m2024-08-16T10:08:02.729+0000[0m] {[34msubprocess.py:[0m94} INFO[0m - [35m(astronomer-cosmos)[0m - [0m10:08:02[0m
[2024-08-16T10:08:02.729+0000] {subprocess.py:94} INFO - [0m10:08:02
[2024-08-16T10:08:02.743+0000] {log.py:232} WARNING - [[34m2024-08-16T10:08:02.743+0000[0m] {[34msubprocess.py:[0m94} INFO[0m - [35m(astronomer-cosmos)[0m - [0m10:08:02  1 of 1 START sql incremental model DWH.fct_weather_data ........................ [RUN][0m
[2024-08-16T10:08:02.744+0000] {log.py:232} WARNING - [[34m2024-08-16T10:08:02.743+0000[0m] {[34msubprocess.py:[0m94} INFO[0m - [35m(astronomer-cosmos)[0m - [0m10:08:02  1 of 1 START sql incremental model DWH.fct_weather_data ........................ [RUN][0m
[2024-08-16T10:08:02.743+0000] {subprocess.py:94} INFO - [0m10:08:02  1 of 1 START sql incremental model DWH.fct_weather_data ........................ [RUN]
[2024-08-16T10:08:07.562+0000] {log.py:232} WARNING - [[34m2024-08-16T10:08:07.562+0000[0m] {[34msubprocess.py:[0m94} INFO[0m - [35m(astronomer-cosmos)[0m - [0m10:08:07  1 of 1 OK created sql incremental model DWH.fct_weather_data ................... [[32mSUCCESS 864[0m in 4.82s][0m
[2024-08-16T10:08:07.563+0000] {log.py:232} WARNING - [[34m2024-08-16T10:08:07.562+0000[0m] {[34msubprocess.py:[0m94} INFO[0m - [35m(astronomer-cosmos)[0m - [0m10:08:07  1 of 1 OK created sql incremental model DWH.fct_weather_data ................... [[32mSUCCESS 864[0m in 4.82s][0m
[2024-08-16T10:08:07.562+0000] {subprocess.py:94} INFO - [0m10:08:07  1 of 1 OK created sql incremental model DWH.fct_weather_data ................... [[32mSUCCESS 864[0m in 4.82s]
[2024-08-16T10:08:07.566+0000] {log.py:232} WARNING - [[34m2024-08-16T10:08:07.565+0000[0m] {[34msubprocess.py:[0m94} INFO[0m - [35m(astronomer-cosmos)[0m - [0m10:08:07[0m
[2024-08-16T10:08:07.566+0000] {log.py:232} WARNING - [[34m2024-08-16T10:08:07.565+0000[0m] {[34msubprocess.py:[0m94} INFO[0m - [35m(astronomer-cosmos)[0m - [0m10:08:07[0m
[2024-08-16T10:08:07.565+0000] {subprocess.py:94} INFO - [0m10:08:07
[2024-08-16T10:08:07.567+0000] {log.py:232} WARNING - [[34m2024-08-16T10:08:07.567+0000[0m] {[34msubprocess.py:[0m94} INFO[0m - [35m(astronomer-cosmos)[0m - [0m10:08:07  Finished running 1 incremental model in 0 hours 0 minutes and 8.52 seconds (8.52s).[0m
[2024-08-16T10:08:07.567+0000] {log.py:232} WARNING - [[34m2024-08-16T10:08:07.567+0000[0m] {[34msubprocess.py:[0m94} INFO[0m - [35m(astronomer-cosmos)[0m - [0m10:08:07  Finished running 1 incremental model in 0 hours 0 minutes and 8.52 seconds (8.52s).[0m
[2024-08-16T10:08:07.567+0000] {subprocess.py:94} INFO - [0m10:08:07  Finished running 1 incremental model in 0 hours 0 minutes and 8.52 seconds (8.52s).
[2024-08-16T10:08:07.602+0000] {log.py:232} WARNING - [[34m2024-08-16T10:08:07.601+0000[0m] {[34msubprocess.py:[0m94} INFO[0m - [35m(astronomer-cosmos)[0m - [0m10:08:07[0m
[2024-08-16T10:08:07.602+0000] {log.py:232} WARNING - [[34m2024-08-16T10:08:07.601+0000[0m] {[34msubprocess.py:[0m94} INFO[0m - [35m(astronomer-cosmos)[0m - [0m10:08:07[0m
[2024-08-16T10:08:07.601+0000] {subprocess.py:94} INFO - [0m10:08:07
[2024-08-16T10:08:07.603+0000] {log.py:232} WARNING - [[34m2024-08-16T10:08:07.603+0000[0m] {[34msubprocess.py:[0m94} INFO[0m - [35m(astronomer-cosmos)[0m - [0m10:08:07  [32mCompleted successfully[0m[0m
[2024-08-16T10:08:07.604+0000] {log.py:232} WARNING - [[34m2024-08-16T10:08:07.603+0000[0m] {[34msubprocess.py:[0m94} INFO[0m - [35m(astronomer-cosmos)[0m - [0m10:08:07  [32mCompleted successfully[0m[0m
[2024-08-16T10:08:07.603+0000] {subprocess.py:94} INFO - [0m10:08:07  [32mCompleted successfully[0m
[2024-08-16T10:08:07.605+0000] {log.py:232} WARNING - [[34m2024-08-16T10:08:07.604+0000[0m] {[34msubprocess.py:[0m94} INFO[0m - [35m(astronomer-cosmos)[0m - [0m10:08:07[0m
[2024-08-16T10:08:07.605+0000] {log.py:232} WARNING - [[34m2024-08-16T10:08:07.604+0000[0m] {[34msubprocess.py:[0m94} INFO[0m - [35m(astronomer-cosmos)[0m - [0m10:08:07[0m
[2024-08-16T10:08:07.604+0000] {subprocess.py:94} INFO - [0m10:08:07
[2024-08-16T10:08:07.606+0000] {log.py:232} WARNING - [[34m2024-08-16T10:08:07.606+0000[0m] {[34msubprocess.py:[0m94} INFO[0m - [35m(astronomer-cosmos)[0m - [0m10:08:07  Done. PASS=1 WARN=0 ERROR=0 SKIP=0 TOTAL=1[0m
[2024-08-16T10:08:07.606+0000] {log.py:232} WARNING - [[34m2024-08-16T10:08:07.606+0000[0m] {[34msubprocess.py:[0m94} INFO[0m - [35m(astronomer-cosmos)[0m - [0m10:08:07  Done. PASS=1 WARN=0 ERROR=0 SKIP=0 TOTAL=1[0m
[2024-08-16T10:08:07.606+0000] {subprocess.py:94} INFO - [0m10:08:07  Done. PASS=1 WARN=0 ERROR=0 SKIP=0 TOTAL=1
[2024-08-16T10:08:09.828+0000] {log.py:232} WARNING - [[34m2024-08-16T10:08:09.828+0000[0m] {[34msubprocess.py:[0m98} INFO[0m - [35m(astronomer-cosmos)[0m - Command exited with return code 0[0m
[2024-08-16T10:08:09.830+0000] {log.py:232} WARNING - [[34m2024-08-16T10:08:09.828+0000[0m] {[34msubprocess.py:[0m98} INFO[0m - [35m(astronomer-cosmos)[0m - Command exited with return code 0[0m
[2024-08-16T10:08:09.828+0000] {subprocess.py:98} INFO - Command exited with return code 0
[2024-08-16T10:08:09.833+0000] {log.py:232} WARNING - [[34m2024-08-16T10:08:09.832+0000[0m] {[34mlocal.py:[0m254} INFO[0m - [35m(astronomer-cosmos)[0m - [0m10:08:07  Done. PASS=1 WARN=0 ERROR=0 SKIP=0 TOTAL=1[0m
[2024-08-16T10:08:09.834+0000] {log.py:232} WARNING - [[34m2024-08-16T10:08:09.832+0000[0m] {[34mlocal.py:[0m254} INFO[0m - [35m(astronomer-cosmos)[0m - [0m10:08:07  Done. PASS=1 WARN=0 ERROR=0 SKIP=0 TOTAL=1[0m
[2024-08-16T10:08:09.832+0000] {local.py:254} INFO - [0m10:08:07  Done. PASS=1 WARN=0 ERROR=0 SKIP=0 TOTAL=1
[2024-08-16T10:08:09.871+0000] {local.py:196} WARNING - Artifact schema version: https://schemas.getdbt.com/dbt/manifest/v12.json is above dbt-ol supported version 7. This might cause errors.
[2024-08-16T10:08:09.873+0000] {local.py:196} WARNING - Artifact schema version: https://schemas.getdbt.com/dbt/run-results/v6.json is above dbt-ol supported version 5. This might cause errors.
[2024-08-16T10:08:09.896+0000] {log.py:232} WARNING - [[34m2024-08-16T10:08:09.895+0000[0m] {[34mlocal.py:[0m349} INFO[0m - [35m(astronomer-cosmos)[0m - Inlets: [Dataset(uri='snowflake://uz36730.ap-southeast-1.aws/POC_DATA_MARKETPLACE.DWH.stg_weather_data', extra=None)][0m
[2024-08-16T10:08:09.898+0000] {log.py:232} WARNING - [[34m2024-08-16T10:08:09.895+0000[0m] {[34mlocal.py:[0m349} INFO[0m - [35m(astronomer-cosmos)[0m - Inlets: [Dataset(uri='snowflake://uz36730.ap-southeast-1.aws/POC_DATA_MARKETPLACE.DWH.stg_weather_data', extra=None)][0m
[2024-08-16T10:08:09.895+0000] {local.py:349} INFO - Inlets: [Dataset(uri='snowflake://uz36730.ap-southeast-1.aws/POC_DATA_MARKETPLACE.DWH.stg_weather_data', extra=None)]
[2024-08-16T10:08:09.901+0000] {log.py:232} WARNING - [[34m2024-08-16T10:08:09.901+0000[0m] {[34mlocal.py:[0m350} INFO[0m - [35m(astronomer-cosmos)[0m - Outlets: [Dataset(uri='snowflake://uz36730.ap-southeast-1.aws/POC_DATA_MARKETPLACE.DWH.fct_weather_data', extra=None)][0m
[2024-08-16T10:08:09.903+0000] {log.py:232} WARNING - [[34m2024-08-16T10:08:09.901+0000[0m] {[34mlocal.py:[0m350} INFO[0m - [35m(astronomer-cosmos)[0m - Outlets: [Dataset(uri='snowflake://uz36730.ap-southeast-1.aws/POC_DATA_MARKETPLACE.DWH.fct_weather_data', extra=None)][0m
[2024-08-16T10:08:09.901+0000] {local.py:350} INFO - Outlets: [Dataset(uri='snowflake://uz36730.ap-southeast-1.aws/POC_DATA_MARKETPLACE.DWH.fct_weather_data', extra=None)]
[2024-08-16T10:08:09.906+0000] {dag.py:3096} INFO - Sync 1 DAGs
[2024-08-16T10:08:10.025+0000] {taskinstance.py:441} INFO - ::group::Post task execution logs
[2024-08-16T10:08:10.059+0000] {taskinstance.py:1206} INFO - Marking task as SUCCESS. dag_id=Weather_Data_Extraction, task_id=weather_data_models.fct_weather_data.run, run_id=backfill__2024-08-12T00:00:00+00:00, execution_date=20240812T000000, start_date=20240816T100754, end_date=20240816T100810
[2024-08-16T10:08:10.093+0000] {local_task_job_runner.py:240} INFO - Task exited with return code 0
[2024-08-16T10:08:10.122+0000] {taskinstance.py:3503} INFO - 1 downstream tasks scheduled from follow-on schedule check
[2024-08-16T10:08:10.126+0000] {local_task_job_runner.py:222} INFO - ::endgroup::
