[2024-08-13T16:08:29.846+0000] {local_task_job_runner.py:120} INFO - ::group::Pre task execution logs
[2024-08-13T16:08:29.889+0000] {taskinstance.py:2076} INFO - Dependencies all met for dep_context=non-requeueable deps ti=<TaskInstance: Weather_Data_Extraction.generate_output_file backfill__2024-01-30T00:00:00+00:00 [queued]>
[2024-08-13T16:08:30.393+0000] {taskinstance.py:2076} INFO - Dependencies all met for dep_context=requeueable deps ti=<TaskInstance: Weather_Data_Extraction.generate_output_file backfill__2024-01-30T00:00:00+00:00 [queued]>
[2024-08-13T16:08:30.403+0000] {taskinstance.py:2306} INFO - Starting attempt 1 of 1
[2024-08-13T16:08:30.493+0000] {taskinstance.py:2330} INFO - Executing <Task(PythonOperator): generate_output_file> on 2024-01-30 00:00:00+00:00
[2024-08-13T16:08:30.552+0000] {warnings.py:112} WARNING - /home/***/.local/lib/python3.12/site-packages/***/task/task_runner/standard_task_runner.py:61: DeprecationWarning: This process (pid=852) is multi-threaded, use of fork() may lead to deadlocks in the child.
  pid = os.fork()

[2024-08-13T16:08:30.570+0000] {standard_task_runner.py:63} INFO - Started process 871 to run task
[2024-08-13T16:08:30.569+0000] {standard_task_runner.py:90} INFO - Running: ['***', 'tasks', 'run', 'Weather_Data_Extraction', 'generate_output_file', 'backfill__2024-01-30T00:00:00+00:00', '--job-id', '134', '--pool', 'default_pool', '--raw', '--subdir', 'DAGS_FOLDER/Data_Weather_Extraction.py', '--cfg-path', '/tmp/tmpwpoiq9t4']
[2024-08-13T16:08:30.608+0000] {standard_task_runner.py:91} INFO - Job 134: Subtask generate_output_file
[2024-08-13T16:08:30.732+0000] {warnings.py:112} WARNING - /home/***/.local/lib/python3.12/site-packages/***/settings.py:195: DeprecationWarning: The sql_alchemy_conn option in [core] has been moved to the sql_alchemy_conn option in [database] - the old setting has been used, but please update your config.
  SQL_ALCHEMY_CONN = conf.get("database", "SQL_ALCHEMY_CONN")

[2024-08-13T16:08:31.146+0000] {task_command.py:426} INFO - Running <TaskInstance: Weather_Data_Extraction.generate_output_file backfill__2024-01-30T00:00:00+00:00 [running]> on host ubuntu
[2024-08-13T16:08:32.340+0000] {taskinstance.py:2648} INFO - Exporting env vars: AIRFLOW_CTX_DAG_OWNER='Ducky' AIRFLOW_CTX_DAG_ID='Weather_Data_Extraction' AIRFLOW_CTX_TASK_ID='generate_output_file' AIRFLOW_CTX_EXECUTION_DATE='2024-01-30T00:00:00+00:00' AIRFLOW_CTX_TRY_NUMBER='1' AIRFLOW_CTX_DAG_RUN_ID='backfill__2024-01-30T00:00:00+00:00'
[2024-08-13T16:08:32.346+0000] {taskinstance.py:430} INFO - ::endgroup::
[2024-08-13T16:08:32.388+0000] {logging_mixin.py:188} INFO - Generated output file: Data_Weather-20240130.csv
[2024-08-13T16:08:32.396+0000] {logging_mixin.py:188} INFO - Execution Date: 2024/01/30
[2024-08-13T16:08:32.532+0000] {python.py:237} INFO - Done. Returned value was: None
[2024-08-13T16:08:32.537+0000] {taskinstance.py:441} INFO - ::group::Post task execution logs
[2024-08-13T16:08:32.568+0000] {taskinstance.py:1206} INFO - Marking task as SUCCESS. dag_id=Weather_Data_Extraction, task_id=generate_output_file, run_id=backfill__2024-01-30T00:00:00+00:00, execution_date=20240130T000000, start_date=20240813T160829, end_date=20240813T160832
[2024-08-13T16:08:32.653+0000] {local_task_job_runner.py:240} INFO - Task exited with return code 0
[2024-08-13T16:08:32.798+0000] {taskinstance.py:3503} INFO - 1 downstream tasks scheduled from follow-on schedule check
[2024-08-13T16:08:32.816+0000] {local_task_job_runner.py:222} INFO - ::endgroup::
[2024-08-14T03:26:56.418+0000] {local_task_job_runner.py:120} INFO - ::group::Pre task execution logs
[2024-08-14T03:26:56.444+0000] {taskinstance.py:2076} INFO - Dependencies all met for dep_context=non-requeueable deps ti=<TaskInstance: Weather_Data_Extraction.generate_output_file backfill__2024-01-30T00:00:00+00:00 [queued]>
[2024-08-14T03:26:56.630+0000] {taskinstance.py:2076} INFO - Dependencies all met for dep_context=requeueable deps ti=<TaskInstance: Weather_Data_Extraction.generate_output_file backfill__2024-01-30T00:00:00+00:00 [queued]>
[2024-08-14T03:26:56.631+0000] {taskinstance.py:2306} INFO - Starting attempt 1 of 1
[2024-08-14T03:26:56.647+0000] {taskinstance.py:2330} INFO - Executing <Task(PythonOperator): generate_output_file> on 2024-01-30 00:00:00+00:00
[2024-08-14T03:26:56.658+0000] {warnings.py:112} WARNING - /home/***/.local/lib/python3.12/site-packages/***/task/task_runner/standard_task_runner.py:61: DeprecationWarning: This process (pid=1219) is multi-threaded, use of fork() may lead to deadlocks in the child.
  pid = os.fork()

[2024-08-14T03:26:56.661+0000] {standard_task_runner.py:63} INFO - Started process 1221 to run task
[2024-08-14T03:26:56.662+0000] {standard_task_runner.py:90} INFO - Running: ['***', 'tasks', 'run', 'Weather_Data_Extraction', 'generate_output_file', 'backfill__2024-01-30T00:00:00+00:00', '--job-id', '469', '--pool', 'default_pool', '--raw', '--subdir', 'DAGS_FOLDER/Data_Weather_Extraction.py', '--cfg-path', '/tmp/tmp55wcsmhm']
[2024-08-14T03:26:56.666+0000] {standard_task_runner.py:91} INFO - Job 469: Subtask generate_output_file
[2024-08-14T03:26:56.737+0000] {task_command.py:426} INFO - Running <TaskInstance: Weather_Data_Extraction.generate_output_file backfill__2024-01-30T00:00:00+00:00 [running]> on host ubuntu
[2024-08-14T03:26:56.883+0000] {taskinstance.py:2648} INFO - Exporting env vars: AIRFLOW_CTX_DAG_OWNER='Ducky' AIRFLOW_CTX_DAG_ID='Weather_Data_Extraction' AIRFLOW_CTX_TASK_ID='generate_output_file' AIRFLOW_CTX_EXECUTION_DATE='2024-01-30T00:00:00+00:00' AIRFLOW_CTX_TRY_NUMBER='1' AIRFLOW_CTX_DAG_RUN_ID='backfill__2024-01-30T00:00:00+00:00'
[2024-08-14T03:26:56.886+0000] {taskinstance.py:430} INFO - ::endgroup::
[2024-08-14T03:26:56.907+0000] {logging_mixin.py:188} INFO - Generated output file: Data_Weather-20240130.csv
[2024-08-14T03:26:56.908+0000] {logging_mixin.py:188} INFO - Execution Date: 2024/01/30
[2024-08-14T03:26:56.937+0000] {python.py:237} INFO - Done. Returned value was: None
[2024-08-14T03:26:56.938+0000] {taskinstance.py:441} INFO - ::group::Post task execution logs
[2024-08-14T03:26:56.947+0000] {taskinstance.py:1206} INFO - Marking task as SUCCESS. dag_id=Weather_Data_Extraction, task_id=generate_output_file, run_id=backfill__2024-01-30T00:00:00+00:00, execution_date=20240130T000000, start_date=20240814T032656, end_date=20240814T032656
[2024-08-14T03:26:56.998+0000] {local_task_job_runner.py:240} INFO - Task exited with return code 0
[2024-08-14T03:26:57.061+0000] {taskinstance.py:3503} INFO - 1 downstream tasks scheduled from follow-on schedule check
[2024-08-14T03:26:57.064+0000] {local_task_job_runner.py:222} INFO - ::endgroup::
