[2024-08-09T08:07:38.107+0000] {local_task_job_runner.py:120} INFO - ::group::Pre task execution logs
[2024-08-09T08:07:38.148+0000] {taskinstance.py:2076} INFO - Dependencies all met for dep_context=non-requeueable deps ti=<TaskInstance: dbt_dag.fct_weather_data_daily_run manual__2024-08-09T08:00:42.008960+00:00 [queued]>
[2024-08-09T08:07:38.170+0000] {taskinstance.py:2076} INFO - Dependencies all met for dep_context=requeueable deps ti=<TaskInstance: dbt_dag.fct_weather_data_daily_run manual__2024-08-09T08:00:42.008960+00:00 [queued]>
[2024-08-09T08:07:38.170+0000] {taskinstance.py:2306} INFO - Starting attempt 1 of 1
[2024-08-09T08:07:38.203+0000] {taskinstance.py:2330} INFO - Executing <Task(DbtRunLocalOperator): fct_weather_data_daily_run> on 2024-08-09 08:00:42.008960+00:00
[2024-08-09T08:07:38.227+0000] {warnings.py:112} WARNING - /home/***/.local/lib/python3.12/site-packages/***/task/task_runner/standard_task_runner.py:61: DeprecationWarning: This process (pid=282) is multi-threaded, use of fork() may lead to deadlocks in the child.
  pid = os.fork()

[2024-08-09T08:07:38.231+0000] {standard_task_runner.py:63} INFO - Started process 289 to run task
[2024-08-09T08:07:38.233+0000] {standard_task_runner.py:90} INFO - Running: ['***', 'tasks', 'run', 'dbt_dag', 'fct_weather_data_daily_run', 'manual__2024-08-09T08:00:42.008960+00:00', '--job-id', '30', '--raw', '--subdir', 'DAGS_FOLDER/dbt.py', '--cfg-path', '/tmp/tmpjw9p_gvs']
[2024-08-09T08:07:38.239+0000] {standard_task_runner.py:91} INFO - Job 30: Subtask fct_weather_data_daily_run
[2024-08-09T08:07:38.267+0000] {warnings.py:112} WARNING - /home/***/.local/lib/python3.12/site-packages/***/settings.py:195: DeprecationWarning: The sql_alchemy_conn option in [core] has been moved to the sql_alchemy_conn option in [database] - the old setting has been used, but please update your config.
  SQL_ALCHEMY_CONN = conf.get("database", "SQL_ALCHEMY_CONN")

[2024-08-09T08:07:38.419+0000] {task_command.py:426} INFO - Running <TaskInstance: dbt_dag.fct_weather_data_daily_run manual__2024-08-09T08:00:42.008960+00:00 [running]> on host ubuntu
[2024-08-09T08:07:38.871+0000] {taskinstance.py:2648} INFO - Exporting env vars: AIRFLOW_CTX_DAG_OWNER='***' AIRFLOW_CTX_DAG_ID='dbt_dag' AIRFLOW_CTX_TASK_ID='fct_weather_data_daily_run' AIRFLOW_CTX_EXECUTION_DATE='2024-08-09T08:00:42.008960+00:00' AIRFLOW_CTX_TRY_NUMBER='1' AIRFLOW_CTX_DAG_RUN_ID='manual__2024-08-09T08:00:42.008960+00:00'
[2024-08-09T08:07:38.872+0000] {taskinstance.py:430} INFO - ::endgroup::
[2024-08-09T08:07:39.022+0000] {log.py:232} WARNING - [[34m2024-08-09T08:07:39.022+0000[0m] {[34mgraph.py:[0m377} INFO[0m - [35m(astronomer-cosmos)[0m - Trying to parse the dbt project using dbt ls cache cosmos_cache__dbt_dag...[0m
[2024-08-09T08:07:39.024+0000] {log.py:232} WARNING - [[34m2024-08-09T08:07:39.022+0000[0m] {[34mgraph.py:[0m377} INFO[0m - [35m(astronomer-cosmos)[0m - Trying to parse the dbt project using dbt ls cache cosmos_cache__dbt_dag...[0m
[2024-08-09T08:07:39.022+0000] {graph.py:377} INFO - Trying to parse the dbt project using dbt ls cache cosmos_cache__dbt_dag...
[2024-08-09T08:07:39.090+0000] {log.py:232} WARNING - [[34m2024-08-09T08:07:39.090+0000[0m] {[34mcache.py:[0m262} INFO[0m - [35m(astronomer-cosmos)[0m - Cosmos performance: time to calculate cache identifier cosmos_cache__dbt_dag for current version: 0.04381705300011163[0m
[2024-08-09T08:07:39.095+0000] {log.py:232} WARNING - [[34m2024-08-09T08:07:39.090+0000[0m] {[34mcache.py:[0m262} INFO[0m - [35m(astronomer-cosmos)[0m - Cosmos performance: time to calculate cache identifier cosmos_cache__dbt_dag for current version: 0.04381705300011163[0m
[2024-08-09T08:07:39.090+0000] {cache.py:262} INFO - Cosmos performance: time to calculate cache identifier cosmos_cache__dbt_dag for current version: 0.04381705300011163
[2024-08-09T08:07:39.096+0000] {log.py:232} WARNING - [[34m2024-08-09T08:07:39.095+0000[0m] {[34mgraph.py:[0m394} INFO[0m - [35m(astronomer-cosmos)[0m - Cosmos performance [ubuntu|289]: The cache size for cosmos_cache__dbt_dag is 14843[0m
[2024-08-09T08:07:39.096+0000] {log.py:232} WARNING - [[34m2024-08-09T08:07:39.095+0000[0m] {[34mgraph.py:[0m394} INFO[0m - [35m(astronomer-cosmos)[0m - Cosmos performance [ubuntu|289]: The cache size for cosmos_cache__dbt_dag is 14843[0m
[2024-08-09T08:07:39.095+0000] {graph.py:394} INFO - Cosmos performance [ubuntu|289]: The cache size for cosmos_cache__dbt_dag is 14843
[2024-08-09T08:07:39.103+0000] {log.py:232} WARNING - [[34m2024-08-09T08:07:39.100+0000[0m] {[34mgraph.py:[0m402} INFO[0m - [35m(astronomer-cosmos)[0m - Cosmos performance: Cache hit for cosmos_cache__dbt_dag - f0894e22ca1fc514beb9335fa3aa34e2,d41d8cd98f00b204e9800998ecf8427e[0m
[2024-08-09T08:07:39.103+0000] {log.py:232} WARNING - [[34m2024-08-09T08:07:39.100+0000[0m] {[34mgraph.py:[0m402} INFO[0m - [35m(astronomer-cosmos)[0m - Cosmos performance: Cache hit for cosmos_cache__dbt_dag - f0894e22ca1fc514beb9335fa3aa34e2,d41d8cd98f00b204e9800998ecf8427e[0m
[2024-08-09T08:07:39.100+0000] {graph.py:402} INFO - Cosmos performance: Cache hit for cosmos_cache__dbt_dag - f0894e22ca1fc514beb9335fa3aa34e2,d41d8cd98f00b204e9800998ecf8427e
[2024-08-09T08:07:39.104+0000] {log.py:232} WARNING - [[34m2024-08-09T08:07:39.104+0000[0m] {[34mgraph.py:[0m335} INFO[0m - [35m(astronomer-cosmos)[0m - Total nodes: 19[0m
[2024-08-09T08:07:39.104+0000] {log.py:232} WARNING - [[34m2024-08-09T08:07:39.104+0000[0m] {[34mgraph.py:[0m335} INFO[0m - [35m(astronomer-cosmos)[0m - Total nodes: 19[0m
[2024-08-09T08:07:39.104+0000] {graph.py:335} INFO - Total nodes: 19
[2024-08-09T08:07:39.107+0000] {log.py:232} WARNING - [[34m2024-08-09T08:07:39.107+0000[0m] {[34mgraph.py:[0m336} INFO[0m - [35m(astronomer-cosmos)[0m - Total filtered nodes: 19[0m
[2024-08-09T08:07:39.107+0000] {log.py:232} WARNING - [[34m2024-08-09T08:07:39.107+0000[0m] {[34mgraph.py:[0m336} INFO[0m - [35m(astronomer-cosmos)[0m - Total filtered nodes: 19[0m
[2024-08-09T08:07:39.107+0000] {graph.py:336} INFO - Total filtered nodes: 19
[2024-08-09T08:07:39.108+0000] {log.py:232} WARNING - [[34m2024-08-09T08:07:39.108+0000[0m] {[34mconverter.py:[0m251} INFO[0m - [35m(astronomer-cosmos)[0m - Cosmos performance (dbt_dag) -  [ubuntu|289]: It took 0.0955s to parse the dbt project for DAG using LoadMode.DBT_LS_CACHE[0m
[2024-08-09T08:07:39.110+0000] {log.py:232} WARNING - [[34m2024-08-09T08:07:39.108+0000[0m] {[34mconverter.py:[0m251} INFO[0m - [35m(astronomer-cosmos)[0m - Cosmos performance (dbt_dag) -  [ubuntu|289]: It took 0.0955s to parse the dbt project for DAG using LoadMode.DBT_LS_CACHE[0m
[2024-08-09T08:07:39.108+0000] {converter.py:251} INFO - Cosmos performance (dbt_dag) -  [ubuntu|289]: It took 0.0955s to parse the dbt project for DAG using LoadMode.DBT_LS_CACHE
[2024-08-09T08:07:39.114+0000] {log.py:232} WARNING - [[34m2024-08-09T08:07:39.114+0000[0m] {[34mproject.py:[0m35} INFO[0m - [35m(astronomer-cosmos)[0m - Project /usr/local/***/dags/Data_Marketplace does not have {'packages.yml', 'dependencies.yml'}[0m
[2024-08-09T08:07:39.115+0000] {log.py:232} WARNING - [[34m2024-08-09T08:07:39.114+0000[0m] {[34mproject.py:[0m35} INFO[0m - [35m(astronomer-cosmos)[0m - Project /usr/local/***/dags/Data_Marketplace does not have {'packages.yml', 'dependencies.yml'}[0m
[2024-08-09T08:07:39.114+0000] {project.py:35} INFO - Project /usr/local/***/dags/Data_Marketplace does not have {'packages.yml', 'dependencies.yml'}
[2024-08-09T08:07:39.118+0000] {log.py:232} WARNING - [[34m2024-08-09T08:07:39.118+0000[0m] {[34mproject.py:[0m35} INFO[0m - [35m(astronomer-cosmos)[0m - Project /usr/local/***/dags/Data_Marketplace does not have {'packages.yml', 'dependencies.yml'}[0m
[2024-08-09T08:07:39.118+0000] {log.py:232} WARNING - [[34m2024-08-09T08:07:39.118+0000[0m] {[34mproject.py:[0m35} INFO[0m - [35m(astronomer-cosmos)[0m - Project /usr/local/***/dags/Data_Marketplace does not have {'packages.yml', 'dependencies.yml'}[0m
[2024-08-09T08:07:39.118+0000] {project.py:35} INFO - Project /usr/local/***/dags/Data_Marketplace does not have {'packages.yml', 'dependencies.yml'}
[2024-08-09T08:07:39.122+0000] {log.py:232} WARNING - [[34m2024-08-09T08:07:39.122+0000[0m] {[34mproject.py:[0m35} INFO[0m - [35m(astronomer-cosmos)[0m - Project /usr/local/***/dags/Data_Marketplace does not have {'packages.yml', 'dependencies.yml'}[0m
[2024-08-09T08:07:39.124+0000] {log.py:232} WARNING - [[34m2024-08-09T08:07:39.122+0000[0m] {[34mproject.py:[0m35} INFO[0m - [35m(astronomer-cosmos)[0m - Project /usr/local/***/dags/Data_Marketplace does not have {'packages.yml', 'dependencies.yml'}[0m
[2024-08-09T08:07:39.122+0000] {project.py:35} INFO - Project /usr/local/***/dags/Data_Marketplace does not have {'packages.yml', 'dependencies.yml'}
[2024-08-09T08:07:39.144+0000] {log.py:232} WARNING - [[34m2024-08-09T08:07:39.144+0000[0m] {[34mproject.py:[0m35} INFO[0m - [35m(astronomer-cosmos)[0m - Project /usr/local/***/dags/Data_Marketplace does not have {'packages.yml', 'dependencies.yml'}[0m
[2024-08-09T08:07:39.144+0000] {log.py:232} WARNING - [[34m2024-08-09T08:07:39.144+0000[0m] {[34mproject.py:[0m35} INFO[0m - [35m(astronomer-cosmos)[0m - Project /usr/local/***/dags/Data_Marketplace does not have {'packages.yml', 'dependencies.yml'}[0m
[2024-08-09T08:07:39.144+0000] {project.py:35} INFO - Project /usr/local/***/dags/Data_Marketplace does not have {'packages.yml', 'dependencies.yml'}
[2024-08-09T08:07:39.163+0000] {log.py:232} WARNING - [[34m2024-08-09T08:07:39.163+0000[0m] {[34mproject.py:[0m35} INFO[0m - [35m(astronomer-cosmos)[0m - Project /usr/local/***/dags/Data_Marketplace does not have {'packages.yml', 'dependencies.yml'}[0m
[2024-08-09T08:07:39.168+0000] {log.py:232} WARNING - [[34m2024-08-09T08:07:39.163+0000[0m] {[34mproject.py:[0m35} INFO[0m - [35m(astronomer-cosmos)[0m - Project /usr/local/***/dags/Data_Marketplace does not have {'packages.yml', 'dependencies.yml'}[0m
[2024-08-09T08:07:39.163+0000] {project.py:35} INFO - Project /usr/local/***/dags/Data_Marketplace does not have {'packages.yml', 'dependencies.yml'}
[2024-08-09T08:07:39.169+0000] {log.py:232} WARNING - [[34m2024-08-09T08:07:39.169+0000[0m] {[34mproject.py:[0m35} INFO[0m - [35m(astronomer-cosmos)[0m - Project /usr/local/***/dags/Data_Marketplace does not have {'packages.yml', 'dependencies.yml'}[0m
[2024-08-09T08:07:39.183+0000] {log.py:232} WARNING - [[34m2024-08-09T08:07:39.169+0000[0m] {[34mproject.py:[0m35} INFO[0m - [35m(astronomer-cosmos)[0m - Project /usr/local/***/dags/Data_Marketplace does not have {'packages.yml', 'dependencies.yml'}[0m
[2024-08-09T08:07:39.169+0000] {project.py:35} INFO - Project /usr/local/***/dags/Data_Marketplace does not have {'packages.yml', 'dependencies.yml'}
[2024-08-09T08:07:39.184+0000] {log.py:232} WARNING - [[34m2024-08-09T08:07:39.184+0000[0m] {[34mproject.py:[0m35} INFO[0m - [35m(astronomer-cosmos)[0m - Project /usr/local/***/dags/Data_Marketplace does not have {'packages.yml', 'dependencies.yml'}[0m
[2024-08-09T08:07:39.194+0000] {log.py:232} WARNING - [[34m2024-08-09T08:07:39.184+0000[0m] {[34mproject.py:[0m35} INFO[0m - [35m(astronomer-cosmos)[0m - Project /usr/local/***/dags/Data_Marketplace does not have {'packages.yml', 'dependencies.yml'}[0m
[2024-08-09T08:07:39.184+0000] {project.py:35} INFO - Project /usr/local/***/dags/Data_Marketplace does not have {'packages.yml', 'dependencies.yml'}
[2024-08-09T08:07:39.198+0000] {log.py:232} WARNING - [[34m2024-08-09T08:07:39.198+0000[0m] {[34mproject.py:[0m35} INFO[0m - [35m(astronomer-cosmos)[0m - Project /usr/local/***/dags/Data_Marketplace does not have {'packages.yml', 'dependencies.yml'}[0m
[2024-08-09T08:07:39.200+0000] {log.py:232} WARNING - [[34m2024-08-09T08:07:39.198+0000[0m] {[34mproject.py:[0m35} INFO[0m - [35m(astronomer-cosmos)[0m - Project /usr/local/***/dags/Data_Marketplace does not have {'packages.yml', 'dependencies.yml'}[0m
[2024-08-09T08:07:39.198+0000] {project.py:35} INFO - Project /usr/local/***/dags/Data_Marketplace does not have {'packages.yml', 'dependencies.yml'}
[2024-08-09T08:07:39.201+0000] {log.py:232} WARNING - [[34m2024-08-09T08:07:39.201+0000[0m] {[34mproject.py:[0m35} INFO[0m - [35m(astronomer-cosmos)[0m - Project /usr/local/***/dags/Data_Marketplace does not have {'packages.yml', 'dependencies.yml'}[0m
[2024-08-09T08:07:39.204+0000] {log.py:232} WARNING - [[34m2024-08-09T08:07:39.201+0000[0m] {[34mproject.py:[0m35} INFO[0m - [35m(astronomer-cosmos)[0m - Project /usr/local/***/dags/Data_Marketplace does not have {'packages.yml', 'dependencies.yml'}[0m
[2024-08-09T08:07:39.201+0000] {project.py:35} INFO - Project /usr/local/***/dags/Data_Marketplace does not have {'packages.yml', 'dependencies.yml'}
[2024-08-09T08:07:39.207+0000] {log.py:232} WARNING - [[34m2024-08-09T08:07:39.207+0000[0m] {[34mproject.py:[0m35} INFO[0m - [35m(astronomer-cosmos)[0m - Project /usr/local/***/dags/Data_Marketplace does not have {'packages.yml', 'dependencies.yml'}[0m
[2024-08-09T08:07:39.208+0000] {log.py:232} WARNING - [[34m2024-08-09T08:07:39.207+0000[0m] {[34mproject.py:[0m35} INFO[0m - [35m(astronomer-cosmos)[0m - Project /usr/local/***/dags/Data_Marketplace does not have {'packages.yml', 'dependencies.yml'}[0m
[2024-08-09T08:07:39.207+0000] {project.py:35} INFO - Project /usr/local/***/dags/Data_Marketplace does not have {'packages.yml', 'dependencies.yml'}
[2024-08-09T08:07:39.211+0000] {log.py:232} WARNING - [[34m2024-08-09T08:07:39.211+0000[0m] {[34mproject.py:[0m35} INFO[0m - [35m(astronomer-cosmos)[0m - Project /usr/local/***/dags/Data_Marketplace does not have {'packages.yml', 'dependencies.yml'}[0m
[2024-08-09T08:07:39.211+0000] {log.py:232} WARNING - [[34m2024-08-09T08:07:39.211+0000[0m] {[34mproject.py:[0m35} INFO[0m - [35m(astronomer-cosmos)[0m - Project /usr/local/***/dags/Data_Marketplace does not have {'packages.yml', 'dependencies.yml'}[0m
[2024-08-09T08:07:39.211+0000] {project.py:35} INFO - Project /usr/local/***/dags/Data_Marketplace does not have {'packages.yml', 'dependencies.yml'}
[2024-08-09T08:07:39.215+0000] {log.py:232} WARNING - [[34m2024-08-09T08:07:39.215+0000[0m] {[34mproject.py:[0m35} INFO[0m - [35m(astronomer-cosmos)[0m - Project /usr/local/***/dags/Data_Marketplace does not have {'packages.yml', 'dependencies.yml'}[0m
[2024-08-09T08:07:39.215+0000] {log.py:232} WARNING - [[34m2024-08-09T08:07:39.215+0000[0m] {[34mproject.py:[0m35} INFO[0m - [35m(astronomer-cosmos)[0m - Project /usr/local/***/dags/Data_Marketplace does not have {'packages.yml', 'dependencies.yml'}[0m
[2024-08-09T08:07:39.215+0000] {project.py:35} INFO - Project /usr/local/***/dags/Data_Marketplace does not have {'packages.yml', 'dependencies.yml'}
[2024-08-09T08:07:39.218+0000] {log.py:232} WARNING - [[34m2024-08-09T08:07:39.216+0000[0m] {[34mproject.py:[0m35} INFO[0m - [35m(astronomer-cosmos)[0m - Project /usr/local/***/dags/Data_Marketplace does not have {'packages.yml', 'dependencies.yml'}[0m
[2024-08-09T08:07:39.218+0000] {log.py:232} WARNING - [[34m2024-08-09T08:07:39.216+0000[0m] {[34mproject.py:[0m35} INFO[0m - [35m(astronomer-cosmos)[0m - Project /usr/local/***/dags/Data_Marketplace does not have {'packages.yml', 'dependencies.yml'}[0m
[2024-08-09T08:07:39.216+0000] {project.py:35} INFO - Project /usr/local/***/dags/Data_Marketplace does not have {'packages.yml', 'dependencies.yml'}
[2024-08-09T08:07:39.220+0000] {log.py:232} WARNING - [[34m2024-08-09T08:07:39.220+0000[0m] {[34mproject.py:[0m35} INFO[0m - [35m(astronomer-cosmos)[0m - Project /usr/local/***/dags/Data_Marketplace does not have {'packages.yml', 'dependencies.yml'}[0m
[2024-08-09T08:07:39.221+0000] {log.py:232} WARNING - [[34m2024-08-09T08:07:39.220+0000[0m] {[34mproject.py:[0m35} INFO[0m - [35m(astronomer-cosmos)[0m - Project /usr/local/***/dags/Data_Marketplace does not have {'packages.yml', 'dependencies.yml'}[0m
[2024-08-09T08:07:39.220+0000] {project.py:35} INFO - Project /usr/local/***/dags/Data_Marketplace does not have {'packages.yml', 'dependencies.yml'}
[2024-08-09T08:07:39.227+0000] {log.py:232} WARNING - [[34m2024-08-09T08:07:39.224+0000[0m] {[34mproject.py:[0m35} INFO[0m - [35m(astronomer-cosmos)[0m - Project /usr/local/***/dags/Data_Marketplace does not have {'packages.yml', 'dependencies.yml'}[0m
[2024-08-09T08:07:39.227+0000] {log.py:232} WARNING - [[34m2024-08-09T08:07:39.224+0000[0m] {[34mproject.py:[0m35} INFO[0m - [35m(astronomer-cosmos)[0m - Project /usr/local/***/dags/Data_Marketplace does not have {'packages.yml', 'dependencies.yml'}[0m
[2024-08-09T08:07:39.224+0000] {project.py:35} INFO - Project /usr/local/***/dags/Data_Marketplace does not have {'packages.yml', 'dependencies.yml'}
[2024-08-09T08:07:39.228+0000] {log.py:232} WARNING - [[34m2024-08-09T08:07:39.228+0000[0m] {[34mgraph.py:[0m173} WARNING[0m - [35m(astronomer-cosmos)[0m - Unavailable conversion function for <DbtResourceType.SOURCE> (node <source.Data_Marketplace.Raw.City>). Define a converter function using render_config.node_converters.[0m
[2024-08-09T08:07:39.228+0000] {log.py:232} WARNING - [[34m2024-08-09T08:07:39.228+0000[0m] {[34mgraph.py:[0m173} WARNING[0m - [35m(astronomer-cosmos)[0m - Unavailable conversion function for <DbtResourceType.SOURCE> (node <source.Data_Marketplace.Raw.City>). Define a converter function using render_config.node_converters.[0m
[2024-08-09T08:07:39.228+0000] {graph.py:173} WARNING - Unavailable conversion function for <DbtResourceType.SOURCE> (node <source.Data_Marketplace.Raw.City>). Define a converter function using render_config.node_converters.
[2024-08-09T08:07:39.230+0000] {log.py:232} WARNING - [[34m2024-08-09T08:07:39.229+0000[0m] {[34mgraph.py:[0m173} WARNING[0m - [35m(astronomer-cosmos)[0m - Unavailable conversion function for <DbtResourceType.SOURCE> (node <source.Data_Marketplace.Raw.Province>). Define a converter function using render_config.node_converters.[0m
[2024-08-09T08:07:39.230+0000] {log.py:232} WARNING - [[34m2024-08-09T08:07:39.229+0000[0m] {[34mgraph.py:[0m173} WARNING[0m - [35m(astronomer-cosmos)[0m - Unavailable conversion function for <DbtResourceType.SOURCE> (node <source.Data_Marketplace.Raw.Province>). Define a converter function using render_config.node_converters.[0m
[2024-08-09T08:07:39.229+0000] {graph.py:173} WARNING - Unavailable conversion function for <DbtResourceType.SOURCE> (node <source.Data_Marketplace.Raw.Province>). Define a converter function using render_config.node_converters.
[2024-08-09T08:07:39.233+0000] {log.py:232} WARNING - [[34m2024-08-09T08:07:39.233+0000[0m] {[34mgraph.py:[0m173} WARNING[0m - [35m(astronomer-cosmos)[0m - Unavailable conversion function for <DbtResourceType.SOURCE> (node <source.Data_Marketplace.Raw.Weather_Data>). Define a converter function using render_config.node_converters.[0m
[2024-08-09T08:07:39.233+0000] {log.py:232} WARNING - [[34m2024-08-09T08:07:39.233+0000[0m] {[34mgraph.py:[0m173} WARNING[0m - [35m(astronomer-cosmos)[0m - Unavailable conversion function for <DbtResourceType.SOURCE> (node <source.Data_Marketplace.Raw.Weather_Data>). Define a converter function using render_config.node_converters.[0m
[2024-08-09T08:07:39.233+0000] {graph.py:173} WARNING - Unavailable conversion function for <DbtResourceType.SOURCE> (node <source.Data_Marketplace.Raw.Weather_Data>). Define a converter function using render_config.node_converters.
[2024-08-09T08:07:39.236+0000] {log.py:232} WARNING - [[34m2024-08-09T08:07:39.236+0000[0m] {[34mconverter.py:[0m293} INFO[0m - [35m(astronomer-cosmos)[0m - Cosmos performance (dbt_dag) - [ubuntu|289]: It took 0.128s to build the Airflow DAG.[0m
[2024-08-09T08:07:39.236+0000] {log.py:232} WARNING - [[34m2024-08-09T08:07:39.236+0000[0m] {[34mconverter.py:[0m293} INFO[0m - [35m(astronomer-cosmos)[0m - Cosmos performance (dbt_dag) - [ubuntu|289]: It took 0.128s to build the Airflow DAG.[0m
[2024-08-09T08:07:39.236+0000] {converter.py:293} INFO - Cosmos performance (dbt_dag) - [ubuntu|289]: It took 0.128s to build the Airflow DAG.
[2024-08-09T08:07:39.240+0000] {log.py:232} WARNING - [[34m2024-08-09T08:07:39.240+0000[0m] {[34mlocal.py:[0m174} INFO[0m - [35m(astronomer-cosmos)[0m - Could not import dbtRunner. Falling back to subprocess for invoking dbt.[0m
[2024-08-09T08:07:39.240+0000] {log.py:232} WARNING - [[34m2024-08-09T08:07:39.240+0000[0m] {[34mlocal.py:[0m174} INFO[0m - [35m(astronomer-cosmos)[0m - Could not import dbtRunner. Falling back to subprocess for invoking dbt.[0m
[2024-08-09T08:07:39.240+0000] {local.py:174} INFO - Could not import dbtRunner. Falling back to subprocess for invoking dbt.
[2024-08-09T08:07:39.248+0000] {log.py:232} WARNING - [[34m2024-08-09T08:07:39.248+0000[0m] {[34mlocal.py:[0m292} INFO[0m - [35m(astronomer-cosmos)[0m - Cloning project to writable temp directory /tmp/tmpu5_d4kn8 from /usr/local/***/dags/Data_Marketplace[0m
[2024-08-09T08:07:39.255+0000] {log.py:232} WARNING - [[34m2024-08-09T08:07:39.248+0000[0m] {[34mlocal.py:[0m292} INFO[0m - [35m(astronomer-cosmos)[0m - Cloning project to writable temp directory /tmp/tmpu5_d4kn8 from /usr/local/***/dags/Data_Marketplace[0m
[2024-08-09T08:07:39.248+0000] {local.py:292} INFO - Cloning project to writable temp directory /tmp/tmpu5_d4kn8 from /usr/local/airflow/dags/Data_Marketplace
[2024-08-09T08:07:39.263+0000] {log.py:232} WARNING - [[34m2024-08-09T08:07:39.256+0000[0m] {[34mlocal.py:[0m303} INFO[0m - [35m(astronomer-cosmos)[0m - Partial parse is enabled and the latest partial parse file is /tmp/cosmos/dbt_dag/target/partial_parse.msgpack[0m
[2024-08-09T08:07:39.266+0000] {log.py:232} WARNING - [[34m2024-08-09T08:07:39.256+0000[0m] {[34mlocal.py:[0m303} INFO[0m - [35m(astronomer-cosmos)[0m - Partial parse is enabled and the latest partial parse file is /tmp/cosmos/dbt_dag/target/partial_parse.msgpack[0m
[2024-08-09T08:07:39.256+0000] {local.py:303} INFO - Partial parse is enabled and the latest partial parse file is /tmp/cosmos/dbt_dag/target/partial_parse.msgpack
[2024-08-09T08:07:39.335+0000] {log.py:232} WARNING - [[34m2024-08-09T08:07:39.335+0000[0m] {[34mconfig.py:[0m292} INFO[0m - [35m(astronomer-cosmos)[0m - Profile caching is enable.[0m
[2024-08-09T08:07:39.342+0000] {log.py:232} WARNING - [[34m2024-08-09T08:07:39.335+0000[0m] {[34mconfig.py:[0m292} INFO[0m - [35m(astronomer-cosmos)[0m - Profile caching is enable.[0m
[2024-08-09T08:07:39.335+0000] {config.py:292} INFO - Profile caching is enable.
[2024-08-09T08:07:39.393+0000] {base.py:84} INFO - Using connection ID 'snowflake_conn' for task execution.
[2024-08-09T08:07:39.423+0000] {log.py:232} WARNING - [[34m2024-08-09T08:07:39.420+0000[0m] {[34mconfig.py:[0m272} INFO[0m - [35m(astronomer-cosmos)[0m - Profile found in cache using profile: /tmp/cosmos/profile/ec71862f850e9b0839075fe0561d5062ab3dd99ef2a3dac2fe4fc1486f2849d0/profiles.yml.[0m
[2024-08-09T08:07:39.423+0000] {log.py:232} WARNING - [[34m2024-08-09T08:07:39.420+0000[0m] {[34mconfig.py:[0m272} INFO[0m - [35m(astronomer-cosmos)[0m - Profile found in cache using profile: /tmp/cosmos/profile/ec71862f850e9b0839075fe0561d5062ab3dd99ef2a3dac2fe4fc1486f2849d0/profiles.yml.[0m
[2024-08-09T08:07:39.420+0000] {config.py:272} INFO - Profile found in cache using profile: /tmp/cosmos/profile/ec71862f850e9b0839075fe0561d5062ab3dd99ef2a3dac2fe4fc1486f2849d0/profiles.yml.
[2024-08-09T08:07:39.427+0000] {log.py:232} WARNING - [[34m2024-08-09T08:07:39.427+0000[0m] {[34mlocal.py:[0m247} INFO[0m - [35m(astronomer-cosmos)[0m - Trying to run the command:
 ['/opt/***/dbt_venv/bin/dbt', 'run', '--models', 'fct_weather_data_daily', '--project-dir', '/tmp/tmpu5_d4kn8', '--profiles-dir', '/tmp/cosmos/profile/ec71862f850e9b0839075fe0561d5062ab3dd99ef2a3dac2fe4fc1486f2849d0', '--profile', 'Data_Marketplace', '--target', 'dev']
From /tmp/tmpu5_d4kn8[0m
[2024-08-09T08:07:39.431+0000] {log.py:232} WARNING - [[34m2024-08-09T08:07:39.427+0000[0m] {[34mlocal.py:[0m247} INFO[0m - [35m(astronomer-cosmos)[0m - Trying to run the command:
 ['/opt/***/dbt_venv/bin/dbt', 'run', '--models', 'fct_weather_data_daily', '--project-dir', '/tmp/tmpu5_d4kn8', '--profiles-dir', '/tmp/cosmos/profile/ec71862f850e9b0839075fe0561d5062ab3dd99ef2a3dac2fe4fc1486f2849d0', '--profile', 'Data_Marketplace', '--target', 'dev']
From /tmp/tmpu5_d4kn8[0m
[2024-08-09T08:07:39.427+0000] {local.py:247} INFO - Trying to run the command:
 ['/opt/***/dbt_venv/bin/dbt', 'run', '--models', 'fct_weather_data_daily', '--project-dir', '/tmp/tmpu5_d4kn8', '--profiles-dir', '/tmp/cosmos/profile/ec71862f850e9b0839075fe0561d5062ab3dd99ef2a3dac2fe4fc1486f2849d0', '--profile', 'Data_Marketplace', '--target', 'dev']
From /tmp/tmpu5_d4kn8
[2024-08-09T08:07:39.435+0000] {log.py:232} WARNING - [[34m2024-08-09T08:07:39.432+0000[0m] {[34msubprocess.py:[0m60} INFO[0m - [35m(astronomer-cosmos)[0m - Tmp dir root location: 
 /tmp[0m
[2024-08-09T08:07:39.435+0000] {log.py:232} WARNING - [[34m2024-08-09T08:07:39.432+0000[0m] {[34msubprocess.py:[0m60} INFO[0m - [35m(astronomer-cosmos)[0m - Tmp dir root location: 
 /tmp[0m
[2024-08-09T08:07:39.432+0000] {subprocess.py:60} INFO - Tmp dir root location: 
 /tmp
[2024-08-09T08:07:39.438+0000] {log.py:232} WARNING - [[34m2024-08-09T08:07:39.438+0000[0m] {[34msubprocess.py:[0m73} INFO[0m - [35m(astronomer-cosmos)[0m - Running command: ['/opt/***/dbt_venv/bin/dbt', 'run', '--models', 'fct_weather_data_daily', '--project-dir', '/tmp/tmpu5_d4kn8', '--profiles-dir', '/tmp/cosmos/profile/ec71862f850e9b0839075fe0561d5062ab3dd99ef2a3dac2fe4fc1486f2849d0', '--profile', 'Data_Marketplace', '--target', 'dev'][0m
[2024-08-09T08:07:39.441+0000] {log.py:232} WARNING - [[34m2024-08-09T08:07:39.438+0000[0m] {[34msubprocess.py:[0m73} INFO[0m - [35m(astronomer-cosmos)[0m - Running command: ['/opt/***/dbt_venv/bin/dbt', 'run', '--models', 'fct_weather_data_daily', '--project-dir', '/tmp/tmpu5_d4kn8', '--profiles-dir', '/tmp/cosmos/profile/ec71862f850e9b0839075fe0561d5062ab3dd99ef2a3dac2fe4fc1486f2849d0', '--profile', 'Data_Marketplace', '--target', 'dev'][0m
[2024-08-09T08:07:39.438+0000] {subprocess.py:73} INFO - Running command: ['/opt/***/dbt_venv/bin/dbt', 'run', '--models', 'fct_weather_data_daily', '--project-dir', '/tmp/tmpu5_d4kn8', '--profiles-dir', '/tmp/cosmos/profile/ec71862f850e9b0839075fe0561d5062ab3dd99ef2a3dac2fe4fc1486f2849d0', '--profile', 'Data_Marketplace', '--target', 'dev']
[2024-08-09T08:07:39.524+0000] {log.py:232} WARNING - [[34m2024-08-09T08:07:39.524+0000[0m] {[34msubprocess.py:[0m84} INFO[0m - [35m(astronomer-cosmos)[0m - Command output:[0m
[2024-08-09T08:07:39.528+0000] {log.py:232} WARNING - [[34m2024-08-09T08:07:39.524+0000[0m] {[34msubprocess.py:[0m84} INFO[0m - [35m(astronomer-cosmos)[0m - Command output:[0m
[2024-08-09T08:07:39.524+0000] {subprocess.py:84} INFO - Command output:
[2024-08-09T08:07:51.270+0000] {log.py:232} WARNING - [[34m2024-08-09T08:07:51.268+0000[0m] {[34msubprocess.py:[0m94} INFO[0m - [35m(astronomer-cosmos)[0m - [0m08:07:51  Running with dbt=1.8.5[0m
[2024-08-09T08:07:51.270+0000] {log.py:232} WARNING - [[34m2024-08-09T08:07:51.268+0000[0m] {[34msubprocess.py:[0m94} INFO[0m - [35m(astronomer-cosmos)[0m - [0m08:07:51  Running with dbt=1.8.5[0m
[2024-08-09T08:07:51.268+0000] {subprocess.py:94} INFO - [0m08:07:51  Running with dbt=1.8.5
[2024-08-09T08:07:53.655+0000] {log.py:232} WARNING - [[34m2024-08-09T08:07:53.655+0000[0m] {[34msubprocess.py:[0m94} INFO[0m - [35m(astronomer-cosmos)[0m - [0m08:07:53  Registered adapter: snowflake=1.8.3[0m
[2024-08-09T08:07:53.655+0000] {log.py:232} WARNING - [[34m2024-08-09T08:07:53.655+0000[0m] {[34msubprocess.py:[0m94} INFO[0m - [35m(astronomer-cosmos)[0m - [0m08:07:53  Registered adapter: snowflake=1.8.3[0m
[2024-08-09T08:07:53.655+0000] {subprocess.py:94} INFO - [0m08:07:53  Registered adapter: snowflake=1.8.3
[2024-08-09T08:07:55.379+0000] {log.py:232} WARNING - [[34m2024-08-09T08:07:55.379+0000[0m] {[34msubprocess.py:[0m94} INFO[0m - [35m(astronomer-cosmos)[0m - [0m08:07:55  Found 9 models, 2 snapshots, 3 seeds, 2 data tests, 3 sources, 448 macros[0m
[2024-08-09T08:07:55.379+0000] {log.py:232} WARNING - [[34m2024-08-09T08:07:55.379+0000[0m] {[34msubprocess.py:[0m94} INFO[0m - [35m(astronomer-cosmos)[0m - [0m08:07:55  Found 9 models, 2 snapshots, 3 seeds, 2 data tests, 3 sources, 448 macros[0m
[2024-08-09T08:07:55.379+0000] {subprocess.py:94} INFO - [0m08:07:55  Found 9 models, 2 snapshots, 3 seeds, 2 data tests, 3 sources, 448 macros
[2024-08-09T08:07:55.396+0000] {log.py:232} WARNING - [[34m2024-08-09T08:07:55.396+0000[0m] {[34msubprocess.py:[0m94} INFO[0m - [35m(astronomer-cosmos)[0m - [0m08:07:55[0m
[2024-08-09T08:07:55.399+0000] {log.py:232} WARNING - [[34m2024-08-09T08:07:55.396+0000[0m] {[34msubprocess.py:[0m94} INFO[0m - [35m(astronomer-cosmos)[0m - [0m08:07:55[0m
[2024-08-09T08:07:55.396+0000] {subprocess.py:94} INFO - [0m08:07:55
[2024-08-09T08:07:59.846+0000] {log.py:232} WARNING - [[34m2024-08-09T08:07:59.844+0000[0m] {[34msubprocess.py:[0m94} INFO[0m - [35m(astronomer-cosmos)[0m - [0m08:07:59  Concurrency: 1 threads (target='dev')[0m
[2024-08-09T08:07:59.848+0000] {log.py:232} WARNING - [[34m2024-08-09T08:07:59.844+0000[0m] {[34msubprocess.py:[0m94} INFO[0m - [35m(astronomer-cosmos)[0m - [0m08:07:59  Concurrency: 1 threads (target='dev')[0m
[2024-08-09T08:07:59.844+0000] {subprocess.py:94} INFO - [0m08:07:59  Concurrency: 1 threads (target='dev')
[2024-08-09T08:07:59.867+0000] {log.py:232} WARNING - [[34m2024-08-09T08:07:59.867+0000[0m] {[34msubprocess.py:[0m94} INFO[0m - [35m(astronomer-cosmos)[0m - [0m08:07:59[0m
[2024-08-09T08:07:59.873+0000] {log.py:232} WARNING - [[34m2024-08-09T08:07:59.867+0000[0m] {[34msubprocess.py:[0m94} INFO[0m - [35m(astronomer-cosmos)[0m - [0m08:07:59[0m
[2024-08-09T08:07:59.867+0000] {subprocess.py:94} INFO - [0m08:07:59
[2024-08-09T08:07:59.972+0000] {log.py:232} WARNING - [[34m2024-08-09T08:07:59.972+0000[0m] {[34msubprocess.py:[0m94} INFO[0m - [35m(astronomer-cosmos)[0m - [0m08:07:59  1 of 1 START sql incremental model DWH.fct_weather_data_daily .................. [RUN][0m
[2024-08-09T08:07:59.972+0000] {log.py:232} WARNING - [[34m2024-08-09T08:07:59.972+0000[0m] {[34msubprocess.py:[0m94} INFO[0m - [35m(astronomer-cosmos)[0m - [0m08:07:59  1 of 1 START sql incremental model DWH.fct_weather_data_daily .................. [RUN][0m
[2024-08-09T08:07:59.972+0000] {subprocess.py:94} INFO - [0m08:07:59  1 of 1 START sql incremental model DWH.fct_weather_data_daily .................. [RUN]
[2024-08-09T08:08:06.329+0000] {log.py:232} WARNING - [[34m2024-08-09T08:08:06.329+0000[0m] {[34msubprocess.py:[0m94} INFO[0m - [35m(astronomer-cosmos)[0m - [0m08:08:06  1 of 1 OK created sql incremental model DWH.fct_weather_data_daily ............. [[32mSUCCESS 0[0m in 6.31s][0m
[2024-08-09T08:08:06.330+0000] {log.py:232} WARNING - [[34m2024-08-09T08:08:06.329+0000[0m] {[34msubprocess.py:[0m94} INFO[0m - [35m(astronomer-cosmos)[0m - [0m08:08:06  1 of 1 OK created sql incremental model DWH.fct_weather_data_daily ............. [[32mSUCCESS 0[0m in 6.31s][0m
[2024-08-09T08:08:06.329+0000] {subprocess.py:94} INFO - [0m08:08:06  1 of 1 OK created sql incremental model DWH.fct_weather_data_daily ............. [[32mSUCCESS 0[0m in 6.31s]
[2024-08-09T08:08:06.370+0000] {log.py:232} WARNING - [[34m2024-08-09T08:08:06.370+0000[0m] {[34msubprocess.py:[0m94} INFO[0m - [35m(astronomer-cosmos)[0m - [0m08:08:06[0m
[2024-08-09T08:08:06.372+0000] {log.py:232} WARNING - [[34m2024-08-09T08:08:06.370+0000[0m] {[34msubprocess.py:[0m94} INFO[0m - [35m(astronomer-cosmos)[0m - [0m08:08:06[0m
[2024-08-09T08:08:06.370+0000] {subprocess.py:94} INFO - [0m08:08:06
[2024-08-09T08:08:06.372+0000] {log.py:232} WARNING - [[34m2024-08-09T08:08:06.372+0000[0m] {[34msubprocess.py:[0m94} INFO[0m - [35m(astronomer-cosmos)[0m - [0m08:08:06  Finished running 1 incremental model in 0 hours 0 minutes and 10.96 seconds (10.96s).[0m
[2024-08-09T08:08:06.385+0000] {log.py:232} WARNING - [[34m2024-08-09T08:08:06.372+0000[0m] {[34msubprocess.py:[0m94} INFO[0m - [35m(astronomer-cosmos)[0m - [0m08:08:06  Finished running 1 incremental model in 0 hours 0 minutes and 10.96 seconds (10.96s).[0m
[2024-08-09T08:08:06.372+0000] {subprocess.py:94} INFO - [0m08:08:06  Finished running 1 incremental model in 0 hours 0 minutes and 10.96 seconds (10.96s).
[2024-08-09T08:08:06.633+0000] {log.py:232} WARNING - [[34m2024-08-09T08:08:06.633+0000[0m] {[34msubprocess.py:[0m94} INFO[0m - [35m(astronomer-cosmos)[0m - [0m08:08:06[0m
[2024-08-09T08:08:06.636+0000] {log.py:232} WARNING - [[34m2024-08-09T08:08:06.633+0000[0m] {[34msubprocess.py:[0m94} INFO[0m - [35m(astronomer-cosmos)[0m - [0m08:08:06[0m
[2024-08-09T08:08:06.633+0000] {subprocess.py:94} INFO - [0m08:08:06
[2024-08-09T08:08:06.643+0000] {log.py:232} WARNING - [[34m2024-08-09T08:08:06.636+0000[0m] {[34msubprocess.py:[0m94} INFO[0m - [35m(astronomer-cosmos)[0m - [0m08:08:06  [32mCompleted successfully[0m[0m
[2024-08-09T08:08:06.643+0000] {log.py:232} WARNING - [[34m2024-08-09T08:08:06.636+0000[0m] {[34msubprocess.py:[0m94} INFO[0m - [35m(astronomer-cosmos)[0m - [0m08:08:06  [32mCompleted successfully[0m[0m
[2024-08-09T08:08:06.636+0000] {subprocess.py:94} INFO - [0m08:08:06  [32mCompleted successfully[0m
[2024-08-09T08:08:06.644+0000] {log.py:232} WARNING - [[34m2024-08-09T08:08:06.644+0000[0m] {[34msubprocess.py:[0m94} INFO[0m - [35m(astronomer-cosmos)[0m - [0m08:08:06[0m
[2024-08-09T08:08:06.644+0000] {log.py:232} WARNING - [[34m2024-08-09T08:08:06.644+0000[0m] {[34msubprocess.py:[0m94} INFO[0m - [35m(astronomer-cosmos)[0m - [0m08:08:06[0m
[2024-08-09T08:08:06.644+0000] {subprocess.py:94} INFO - [0m08:08:06
[2024-08-09T08:08:06.654+0000] {log.py:232} WARNING - [[34m2024-08-09T08:08:06.653+0000[0m] {[34msubprocess.py:[0m94} INFO[0m - [35m(astronomer-cosmos)[0m - [0m08:08:06  Done. PASS=1 WARN=0 ERROR=0 SKIP=0 TOTAL=1[0m
[2024-08-09T08:08:06.654+0000] {log.py:232} WARNING - [[34m2024-08-09T08:08:06.653+0000[0m] {[34msubprocess.py:[0m94} INFO[0m - [35m(astronomer-cosmos)[0m - [0m08:08:06  Done. PASS=1 WARN=0 ERROR=0 SKIP=0 TOTAL=1[0m
[2024-08-09T08:08:06.653+0000] {subprocess.py:94} INFO - [0m08:08:06  Done. PASS=1 WARN=0 ERROR=0 SKIP=0 TOTAL=1
[2024-08-09T08:08:09.107+0000] {log.py:232} WARNING - [[34m2024-08-09T08:08:09.107+0000[0m] {[34msubprocess.py:[0m98} INFO[0m - [35m(astronomer-cosmos)[0m - Command exited with return code 0[0m
[2024-08-09T08:08:09.108+0000] {log.py:232} WARNING - [[34m2024-08-09T08:08:09.107+0000[0m] {[34msubprocess.py:[0m98} INFO[0m - [35m(astronomer-cosmos)[0m - Command exited with return code 0[0m
[2024-08-09T08:08:09.107+0000] {subprocess.py:98} INFO - Command exited with return code 0
[2024-08-09T08:08:09.108+0000] {log.py:232} WARNING - [[34m2024-08-09T08:08:09.108+0000[0m] {[34mlocal.py:[0m254} INFO[0m - [35m(astronomer-cosmos)[0m - [0m08:08:06  Done. PASS=1 WARN=0 ERROR=0 SKIP=0 TOTAL=1[0m
[2024-08-09T08:08:09.120+0000] {log.py:232} WARNING - [[34m2024-08-09T08:08:09.108+0000[0m] {[34mlocal.py:[0m254} INFO[0m - [35m(astronomer-cosmos)[0m - [0m08:08:06  Done. PASS=1 WARN=0 ERROR=0 SKIP=0 TOTAL=1[0m
[2024-08-09T08:08:09.108+0000] {local.py:254} INFO - [0m08:08:06  Done. PASS=1 WARN=0 ERROR=0 SKIP=0 TOTAL=1
[2024-08-09T08:08:09.230+0000] {local.py:196} WARNING - Artifact schema version: https://schemas.getdbt.com/dbt/manifest/v12.json is above dbt-ol supported version 7. This might cause errors.
[2024-08-09T08:08:09.230+0000] {local.py:196} WARNING - Artifact schema version: https://schemas.getdbt.com/dbt/run-results/v6.json is above dbt-ol supported version 5. This might cause errors.
[2024-08-09T08:08:09.286+0000] {log.py:232} WARNING - [[34m2024-08-09T08:08:09.281+0000[0m] {[34mlocal.py:[0m349} INFO[0m - [35m(astronomer-cosmos)[0m - Inlets: [Dataset(uri='snowflake://uz36730.ap-southeast-1.aws/POC_DATA_MARKETPLACE.DWH.stg_avg_convert_field', extra=None), Dataset(uri='snowflake://uz36730.ap-southeast-1.aws/POC_DATA_MARKETPLACE.DWH.stg_wind_speed', extra=None)][0m
[2024-08-09T08:08:09.286+0000] {log.py:232} WARNING - [[34m2024-08-09T08:08:09.281+0000[0m] {[34mlocal.py:[0m349} INFO[0m - [35m(astronomer-cosmos)[0m - Inlets: [Dataset(uri='snowflake://uz36730.ap-southeast-1.aws/POC_DATA_MARKETPLACE.DWH.stg_avg_convert_field', extra=None), Dataset(uri='snowflake://uz36730.ap-southeast-1.aws/POC_DATA_MARKETPLACE.DWH.stg_wind_speed', extra=None)][0m
[2024-08-09T08:08:09.281+0000] {local.py:349} INFO - Inlets: [Dataset(uri='snowflake://uz36730.ap-southeast-1.aws/POC_DATA_MARKETPLACE.DWH.stg_avg_convert_field', extra=None), Dataset(uri='snowflake://uz36730.ap-southeast-1.aws/POC_DATA_MARKETPLACE.DWH.stg_wind_speed', extra=None)]
[2024-08-09T08:08:09.287+0000] {log.py:232} WARNING - [[34m2024-08-09T08:08:09.287+0000[0m] {[34mlocal.py:[0m350} INFO[0m - [35m(astronomer-cosmos)[0m - Outlets: [Dataset(uri='snowflake://uz36730.ap-southeast-1.aws/POC_DATA_MARKETPLACE.DWH.fct_weather_data_daily', extra=None)][0m
[2024-08-09T08:08:09.294+0000] {log.py:232} WARNING - [[34m2024-08-09T08:08:09.287+0000[0m] {[34mlocal.py:[0m350} INFO[0m - [35m(astronomer-cosmos)[0m - Outlets: [Dataset(uri='snowflake://uz36730.ap-southeast-1.aws/POC_DATA_MARKETPLACE.DWH.fct_weather_data_daily', extra=None)][0m
[2024-08-09T08:08:09.287+0000] {local.py:350} INFO - Outlets: [Dataset(uri='snowflake://uz36730.ap-southeast-1.aws/POC_DATA_MARKETPLACE.DWH.fct_weather_data_daily', extra=None)]
[2024-08-09T08:08:09.294+0000] {dag.py:3096} INFO - Sync 1 DAGs
[2024-08-09T08:08:09.451+0000] {dag.py:3954} INFO - Setting next_dagrun for dbt_dag to 2024-08-09 00:00:00+00:00, run_after=2024-08-10 00:00:00+00:00
[2024-08-09T08:08:09.588+0000] {taskinstance.py:441} INFO - ::group::Post task execution logs
[2024-08-09T08:08:09.719+0000] {taskinstance.py:1206} INFO - Marking task as SUCCESS. dag_id=dbt_dag, task_id=fct_weather_data_daily_run, run_id=manual__2024-08-09T08:00:42.008960+00:00, execution_date=20240809T080042, start_date=20240809T080738, end_date=20240809T080809
[2024-08-09T08:08:09.831+0000] {local_task_job_runner.py:240} INFO - Task exited with return code 0
[2024-08-09T08:08:09.881+0000] {taskinstance.py:3503} INFO - 0 downstream tasks scheduled from follow-on schedule check
[2024-08-09T08:08:09.886+0000] {local_task_job_runner.py:222} INFO - ::endgroup::
