[2024-08-09T09:39:44.115+0000] {local_task_job_runner.py:120} INFO - ::group::Pre task execution logs
[2024-08-09T09:39:44.309+0000] {taskinstance.py:2076} INFO - Dependencies all met for dep_context=non-requeueable deps ti=<TaskInstance: Weather_Data_Extraction.weather_data_models.stg_weather_data_run manual__2024-08-09T09:37:39.166557+00:00 [queued]>
[2024-08-09T09:39:44.319+0000] {taskinstance.py:2076} INFO - Dependencies all met for dep_context=requeueable deps ti=<TaskInstance: Weather_Data_Extraction.weather_data_models.stg_weather_data_run manual__2024-08-09T09:37:39.166557+00:00 [queued]>
[2024-08-09T09:39:44.319+0000] {taskinstance.py:2306} INFO - Starting attempt 1 of 3
[2024-08-09T09:39:44.333+0000] {taskinstance.py:2330} INFO - Executing <Task(DbtRunLocalOperator): weather_data_models.stg_weather_data_run> on 2024-08-09 09:37:39.166557+00:00
[2024-08-09T09:39:44.345+0000] {warnings.py:112} WARNING - /home/***/.local/lib/python3.12/site-packages/***/task/task_runner/standard_task_runner.py:61: DeprecationWarning: This process (pid=2192) is multi-threaded, use of fork() may lead to deadlocks in the child.
  pid = os.fork()

[2024-08-09T09:39:44.346+0000] {standard_task_runner.py:63} INFO - Started process 2194 to run task
[2024-08-09T09:39:44.347+0000] {standard_task_runner.py:90} INFO - Running: ['***', 'tasks', 'run', 'Weather_Data_Extraction', 'weather_data_models.stg_weather_data_run', 'manual__2024-08-09T09:37:39.166557+00:00', '--job-id', '148', '--raw', '--subdir', 'DAGS_FOLDER/Data_Weather_Extraction.py', '--cfg-path', '/tmp/tmpfz0u_wqz']
[2024-08-09T09:39:44.350+0000] {standard_task_runner.py:91} INFO - Job 148: Subtask weather_data_models.stg_weather_data_run
[2024-08-09T09:39:44.364+0000] {warnings.py:112} WARNING - /home/***/.local/lib/python3.12/site-packages/***/settings.py:195: DeprecationWarning: The sql_alchemy_conn option in [core] has been moved to the sql_alchemy_conn option in [database] - the old setting has been used, but please update your config.
  SQL_ALCHEMY_CONN = conf.get("database", "SQL_ALCHEMY_CONN")

[2024-08-09T09:39:44.398+0000] {task_command.py:426} INFO - Running <TaskInstance: Weather_Data_Extraction.weather_data_models.stg_weather_data_run manual__2024-08-09T09:37:39.166557+00:00 [running]> on host ubuntu
[2024-08-09T09:39:44.500+0000] {taskinstance.py:2648} INFO - Exporting env vars: AIRFLOW_CTX_DAG_OWNER='Ducky' AIRFLOW_CTX_DAG_ID='Weather_Data_Extraction' AIRFLOW_CTX_TASK_ID='weather_data_models.stg_weather_data_run' AIRFLOW_CTX_EXECUTION_DATE='2024-08-09T09:37:39.166557+00:00' AIRFLOW_CTX_TRY_NUMBER='1' AIRFLOW_CTX_DAG_RUN_ID='manual__2024-08-09T09:37:39.166557+00:00'
[2024-08-09T09:39:44.502+0000] {taskinstance.py:430} INFO - ::endgroup::
[2024-08-09T09:39:44.522+0000] {log.py:232} WARNING - [[34m2024-08-09T09:39:44.522+0000[0m] {[34mgraph.py:[0m377} INFO[0m - [35m(astronomer-cosmos)[0m - Trying to parse the dbt project using dbt ls cache cosmos_cache__dbt_dag_filterd__customers_group...[0m
[2024-08-09T09:39:44.523+0000] {log.py:232} WARNING - [[34m2024-08-09T09:39:44.522+0000[0m] {[34mgraph.py:[0m377} INFO[0m - [35m(astronomer-cosmos)[0m - Trying to parse the dbt project using dbt ls cache cosmos_cache__dbt_dag_filterd__customers_group...[0m
[2024-08-09T09:39:44.522+0000] {graph.py:377} INFO - Trying to parse the dbt project using dbt ls cache cosmos_cache__dbt_dag_filterd__customers_group...
[2024-08-09T09:39:44.540+0000] {log.py:232} WARNING - [[34m2024-08-09T09:39:44.539+0000[0m] {[34mcache.py:[0m262} INFO[0m - [35m(astronomer-cosmos)[0m - Cosmos performance: time to calculate cache identifier cosmos_cache__dbt_dag_filterd__customers_group for current version: 0.006164391999845975[0m
[2024-08-09T09:39:44.540+0000] {log.py:232} WARNING - [[34m2024-08-09T09:39:44.539+0000[0m] {[34mcache.py:[0m262} INFO[0m - [35m(astronomer-cosmos)[0m - Cosmos performance: time to calculate cache identifier cosmos_cache__dbt_dag_filterd__customers_group for current version: 0.006164391999845975[0m
[2024-08-09T09:39:44.539+0000] {cache.py:262} INFO - Cosmos performance: time to calculate cache identifier cosmos_cache__dbt_dag_filterd__customers_group for current version: 0.006164391999845975
[2024-08-09T09:39:44.541+0000] {log.py:232} WARNING - [[34m2024-08-09T09:39:44.541+0000[0m] {[34mgraph.py:[0m394} INFO[0m - [35m(astronomer-cosmos)[0m - Cosmos performance [ubuntu|2194]: The cache size for cosmos_cache__dbt_dag_filterd__customers_group is 2905[0m
[2024-08-09T09:39:44.541+0000] {log.py:232} WARNING - [[34m2024-08-09T09:39:44.541+0000[0m] {[34mgraph.py:[0m394} INFO[0m - [35m(astronomer-cosmos)[0m - Cosmos performance [ubuntu|2194]: The cache size for cosmos_cache__dbt_dag_filterd__customers_group is 2905[0m
[2024-08-09T09:39:44.541+0000] {graph.py:394} INFO - Cosmos performance [ubuntu|2194]: The cache size for cosmos_cache__dbt_dag_filterd__customers_group is 2905
[2024-08-09T09:39:44.542+0000] {log.py:232} WARNING - [[34m2024-08-09T09:39:44.542+0000[0m] {[34mgraph.py:[0m402} INFO[0m - [35m(astronomer-cosmos)[0m - Cosmos performance: Cache hit for cosmos_cache__dbt_dag_filterd__customers_group - 1376aaf39ebe8d4cc0427274d878a3f8,5f7d44698c4b67134aff532494870c9c[0m
[2024-08-09T09:39:44.542+0000] {log.py:232} WARNING - [[34m2024-08-09T09:39:44.542+0000[0m] {[34mgraph.py:[0m402} INFO[0m - [35m(astronomer-cosmos)[0m - Cosmos performance: Cache hit for cosmos_cache__dbt_dag_filterd__customers_group - 1376aaf39ebe8d4cc0427274d878a3f8,5f7d44698c4b67134aff532494870c9c[0m
[2024-08-09T09:39:44.542+0000] {graph.py:402} INFO - Cosmos performance: Cache hit for cosmos_cache__dbt_dag_filterd__customers_group - 1376aaf39ebe8d4cc0427274d878a3f8,5f7d44698c4b67134aff532494870c9c
[2024-08-09T09:39:44.543+0000] {log.py:232} WARNING - [[34m2024-08-09T09:39:44.543+0000[0m] {[34mgraph.py:[0m335} INFO[0m - [35m(astronomer-cosmos)[0m - Total nodes: 3[0m
[2024-08-09T09:39:44.543+0000] {log.py:232} WARNING - [[34m2024-08-09T09:39:44.543+0000[0m] {[34mgraph.py:[0m335} INFO[0m - [35m(astronomer-cosmos)[0m - Total nodes: 3[0m
[2024-08-09T09:39:44.543+0000] {graph.py:335} INFO - Total nodes: 3
[2024-08-09T09:39:44.544+0000] {log.py:232} WARNING - [[34m2024-08-09T09:39:44.544+0000[0m] {[34mgraph.py:[0m336} INFO[0m - [35m(astronomer-cosmos)[0m - Total filtered nodes: 3[0m
[2024-08-09T09:39:44.545+0000] {log.py:232} WARNING - [[34m2024-08-09T09:39:44.544+0000[0m] {[34mgraph.py:[0m336} INFO[0m - [35m(astronomer-cosmos)[0m - Total filtered nodes: 3[0m
[2024-08-09T09:39:44.544+0000] {graph.py:336} INFO - Total filtered nodes: 3
[2024-08-09T09:39:44.545+0000] {log.py:232} WARNING - [[34m2024-08-09T09:39:44.545+0000[0m] {[34mconverter.py:[0m251} INFO[0m - [35m(astronomer-cosmos)[0m - Cosmos performance (dbt_dag_filterd__customers_group) -  [ubuntu|2194]: It took 0.0231s to parse the dbt project for DAG using LoadMode.DBT_LS_CACHE[0m
[2024-08-09T09:39:44.546+0000] {log.py:232} WARNING - [[34m2024-08-09T09:39:44.545+0000[0m] {[34mconverter.py:[0m251} INFO[0m - [35m(astronomer-cosmos)[0m - Cosmos performance (dbt_dag_filterd__customers_group) -  [ubuntu|2194]: It took 0.0231s to parse the dbt project for DAG using LoadMode.DBT_LS_CACHE[0m
[2024-08-09T09:39:44.545+0000] {converter.py:251} INFO - Cosmos performance (dbt_dag_filterd__customers_group) -  [ubuntu|2194]: It took 0.0231s to parse the dbt project for DAG using LoadMode.DBT_LS_CACHE
[2024-08-09T09:39:44.547+0000] {log.py:232} WARNING - [[34m2024-08-09T09:39:44.547+0000[0m] {[34mproject.py:[0m35} INFO[0m - [35m(astronomer-cosmos)[0m - Project /opt/***/dags/Data_Marketplace does not have {'packages.yml', 'dependencies.yml'}[0m
[2024-08-09T09:39:44.548+0000] {log.py:232} WARNING - [[34m2024-08-09T09:39:44.547+0000[0m] {[34mproject.py:[0m35} INFO[0m - [35m(astronomer-cosmos)[0m - Project /opt/***/dags/Data_Marketplace does not have {'packages.yml', 'dependencies.yml'}[0m
[2024-08-09T09:39:44.547+0000] {project.py:35} INFO - Project /opt/***/dags/Data_Marketplace does not have {'packages.yml', 'dependencies.yml'}
[2024-08-09T09:39:44.549+0000] {log.py:232} WARNING - [[34m2024-08-09T09:39:44.549+0000[0m] {[34mproject.py:[0m35} INFO[0m - [35m(astronomer-cosmos)[0m - Project /opt/***/dags/Data_Marketplace does not have {'packages.yml', 'dependencies.yml'}[0m
[2024-08-09T09:39:44.549+0000] {log.py:232} WARNING - [[34m2024-08-09T09:39:44.549+0000[0m] {[34mproject.py:[0m35} INFO[0m - [35m(astronomer-cosmos)[0m - Project /opt/***/dags/Data_Marketplace does not have {'packages.yml', 'dependencies.yml'}[0m
[2024-08-09T09:39:44.549+0000] {project.py:35} INFO - Project /opt/***/dags/Data_Marketplace does not have {'packages.yml', 'dependencies.yml'}
[2024-08-09T09:39:44.550+0000] {log.py:232} WARNING - [[34m2024-08-09T09:39:44.550+0000[0m] {[34mproject.py:[0m35} INFO[0m - [35m(astronomer-cosmos)[0m - Project /opt/***/dags/Data_Marketplace does not have {'packages.yml', 'dependencies.yml'}[0m
[2024-08-09T09:39:44.551+0000] {log.py:232} WARNING - [[34m2024-08-09T09:39:44.550+0000[0m] {[34mproject.py:[0m35} INFO[0m - [35m(astronomer-cosmos)[0m - Project /opt/***/dags/Data_Marketplace does not have {'packages.yml', 'dependencies.yml'}[0m
[2024-08-09T09:39:44.550+0000] {project.py:35} INFO - Project /opt/***/dags/Data_Marketplace does not have {'packages.yml', 'dependencies.yml'}
[2024-08-09T09:39:44.552+0000] {log.py:232} WARNING - [[34m2024-08-09T09:39:44.551+0000[0m] {[34mconverter.py:[0m293} INFO[0m - [35m(astronomer-cosmos)[0m - Cosmos performance (dbt_dag_filterd__customers_group) - [ubuntu|2194]: It took 0.00648s to build the Airflow DAG.[0m
[2024-08-09T09:39:44.552+0000] {log.py:232} WARNING - [[34m2024-08-09T09:39:44.551+0000[0m] {[34mconverter.py:[0m293} INFO[0m - [35m(astronomer-cosmos)[0m - Cosmos performance (dbt_dag_filterd__customers_group) - [ubuntu|2194]: It took 0.00648s to build the Airflow DAG.[0m
[2024-08-09T09:39:44.551+0000] {converter.py:293} INFO - Cosmos performance (dbt_dag_filterd__customers_group) - [ubuntu|2194]: It took 0.00648s to build the Airflow DAG.
[2024-08-09T09:39:44.553+0000] {log.py:232} WARNING - [[34m2024-08-09T09:39:44.553+0000[0m] {[34mlocal.py:[0m174} INFO[0m - [35m(astronomer-cosmos)[0m - Could not import dbtRunner. Falling back to subprocess for invoking dbt.[0m
[2024-08-09T09:39:44.554+0000] {log.py:232} WARNING - [[34m2024-08-09T09:39:44.553+0000[0m] {[34mlocal.py:[0m174} INFO[0m - [35m(astronomer-cosmos)[0m - Could not import dbtRunner. Falling back to subprocess for invoking dbt.[0m
[2024-08-09T09:39:44.553+0000] {local.py:174} INFO - Could not import dbtRunner. Falling back to subprocess for invoking dbt.
[2024-08-09T09:39:44.555+0000] {log.py:232} WARNING - [[34m2024-08-09T09:39:44.555+0000[0m] {[34mlocal.py:[0m292} INFO[0m - [35m(astronomer-cosmos)[0m - Cloning project to writable temp directory /tmp/tmpzlizu7zg from /opt/***/dags/Data_Marketplace[0m
[2024-08-09T09:39:44.555+0000] {log.py:232} WARNING - [[34m2024-08-09T09:39:44.555+0000[0m] {[34mlocal.py:[0m292} INFO[0m - [35m(astronomer-cosmos)[0m - Cloning project to writable temp directory /tmp/tmpzlizu7zg from /opt/***/dags/Data_Marketplace[0m
[2024-08-09T09:39:44.555+0000] {local.py:292} INFO - Cloning project to writable temp directory /tmp/tmpzlizu7zg from /opt/airflow/dags/Data_Marketplace
[2024-08-09T09:39:44.557+0000] {log.py:232} WARNING - [[34m2024-08-09T09:39:44.557+0000[0m] {[34mlocal.py:[0m303} INFO[0m - [35m(astronomer-cosmos)[0m - Partial parse is enabled and the latest partial parse file is /tmp/cosmos/Weather_Data_Extraction__weather_data_models/target/partial_parse.msgpack[0m
[2024-08-09T09:39:44.558+0000] {log.py:232} WARNING - [[34m2024-08-09T09:39:44.557+0000[0m] {[34mlocal.py:[0m303} INFO[0m - [35m(astronomer-cosmos)[0m - Partial parse is enabled and the latest partial parse file is /tmp/cosmos/Weather_Data_Extraction__weather_data_models/target/partial_parse.msgpack[0m
[2024-08-09T09:39:44.557+0000] {local.py:303} INFO - Partial parse is enabled and the latest partial parse file is /tmp/cosmos/Weather_Data_Extraction__weather_data_models/target/partial_parse.msgpack
[2024-08-09T09:39:44.568+0000] {log.py:232} WARNING - [[34m2024-08-09T09:39:44.568+0000[0m] {[34mconfig.py:[0m292} INFO[0m - [35m(astronomer-cosmos)[0m - Profile caching is enable.[0m
[2024-08-09T09:39:44.568+0000] {log.py:232} WARNING - [[34m2024-08-09T09:39:44.568+0000[0m] {[34mconfig.py:[0m292} INFO[0m - [35m(astronomer-cosmos)[0m - Profile caching is enable.[0m
[2024-08-09T09:39:44.568+0000] {config.py:292} INFO - Profile caching is enable.
[2024-08-09T09:39:44.582+0000] {base.py:84} INFO - Using connection ID 'snowflake_conn' for task execution.
[2024-08-09T09:39:44.588+0000] {log.py:232} WARNING - [[34m2024-08-09T09:39:44.588+0000[0m] {[34mconfig.py:[0m272} INFO[0m - [35m(astronomer-cosmos)[0m - Profile found in cache using profile: /tmp/cosmos/profile/ec71862f850e9b0839075fe0561d5062ab3dd99ef2a3dac2fe4fc1486f2849d0/profiles.yml.[0m
[2024-08-09T09:39:44.589+0000] {log.py:232} WARNING - [[34m2024-08-09T09:39:44.588+0000[0m] {[34mconfig.py:[0m272} INFO[0m - [35m(astronomer-cosmos)[0m - Profile found in cache using profile: /tmp/cosmos/profile/ec71862f850e9b0839075fe0561d5062ab3dd99ef2a3dac2fe4fc1486f2849d0/profiles.yml.[0m
[2024-08-09T09:39:44.588+0000] {config.py:272} INFO - Profile found in cache using profile: /tmp/cosmos/profile/ec71862f850e9b0839075fe0561d5062ab3dd99ef2a3dac2fe4fc1486f2849d0/profiles.yml.
[2024-08-09T09:39:44.590+0000] {log.py:232} WARNING - [[34m2024-08-09T09:39:44.590+0000[0m] {[34mlocal.py:[0m247} INFO[0m - [35m(astronomer-cosmos)[0m - Trying to run the command:
 ['/opt/***/dbt_venv/bin/dbt', 'run', '--models', 'stg_weather_data', '--project-dir', '/tmp/tmpzlizu7zg', '--profiles-dir', '/tmp/cosmos/profile/ec71862f850e9b0839075fe0561d5062ab3dd99ef2a3dac2fe4fc1486f2849d0', '--profile', 'Data_Marketplace', '--target', 'dev']
From /tmp/tmpzlizu7zg[0m
[2024-08-09T09:39:44.591+0000] {log.py:232} WARNING - [[34m2024-08-09T09:39:44.590+0000[0m] {[34mlocal.py:[0m247} INFO[0m - [35m(astronomer-cosmos)[0m - Trying to run the command:
 ['/opt/***/dbt_venv/bin/dbt', 'run', '--models', 'stg_weather_data', '--project-dir', '/tmp/tmpzlizu7zg', '--profiles-dir', '/tmp/cosmos/profile/ec71862f850e9b0839075fe0561d5062ab3dd99ef2a3dac2fe4fc1486f2849d0', '--profile', 'Data_Marketplace', '--target', 'dev']
From /tmp/tmpzlizu7zg[0m
[2024-08-09T09:39:44.590+0000] {local.py:247} INFO - Trying to run the command:
 ['/opt/***/dbt_venv/bin/dbt', 'run', '--models', 'stg_weather_data', '--project-dir', '/tmp/tmpzlizu7zg', '--profiles-dir', '/tmp/cosmos/profile/ec71862f850e9b0839075fe0561d5062ab3dd99ef2a3dac2fe4fc1486f2849d0', '--profile', 'Data_Marketplace', '--target', 'dev']
From /tmp/tmpzlizu7zg
[2024-08-09T09:39:44.591+0000] {log.py:232} WARNING - [[34m2024-08-09T09:39:44.591+0000[0m] {[34msubprocess.py:[0m60} INFO[0m - [35m(astronomer-cosmos)[0m - Tmp dir root location: 
 /tmp[0m
[2024-08-09T09:39:44.592+0000] {log.py:232} WARNING - [[34m2024-08-09T09:39:44.591+0000[0m] {[34msubprocess.py:[0m60} INFO[0m - [35m(astronomer-cosmos)[0m - Tmp dir root location: 
 /tmp[0m
[2024-08-09T09:39:44.591+0000] {subprocess.py:60} INFO - Tmp dir root location: 
 /tmp
[2024-08-09T09:39:44.593+0000] {log.py:232} WARNING - [[34m2024-08-09T09:39:44.592+0000[0m] {[34msubprocess.py:[0m73} INFO[0m - [35m(astronomer-cosmos)[0m - Running command: ['/opt/***/dbt_venv/bin/dbt', 'run', '--models', 'stg_weather_data', '--project-dir', '/tmp/tmpzlizu7zg', '--profiles-dir', '/tmp/cosmos/profile/ec71862f850e9b0839075fe0561d5062ab3dd99ef2a3dac2fe4fc1486f2849d0', '--profile', 'Data_Marketplace', '--target', 'dev'][0m
[2024-08-09T09:39:44.593+0000] {log.py:232} WARNING - [[34m2024-08-09T09:39:44.592+0000[0m] {[34msubprocess.py:[0m73} INFO[0m - [35m(astronomer-cosmos)[0m - Running command: ['/opt/***/dbt_venv/bin/dbt', 'run', '--models', 'stg_weather_data', '--project-dir', '/tmp/tmpzlizu7zg', '--profiles-dir', '/tmp/cosmos/profile/ec71862f850e9b0839075fe0561d5062ab3dd99ef2a3dac2fe4fc1486f2849d0', '--profile', 'Data_Marketplace', '--target', 'dev'][0m
[2024-08-09T09:39:44.592+0000] {subprocess.py:73} INFO - Running command: ['/opt/***/dbt_venv/bin/dbt', 'run', '--models', 'stg_weather_data', '--project-dir', '/tmp/tmpzlizu7zg', '--profiles-dir', '/tmp/cosmos/profile/ec71862f850e9b0839075fe0561d5062ab3dd99ef2a3dac2fe4fc1486f2849d0', '--profile', 'Data_Marketplace', '--target', 'dev']
[2024-08-09T09:39:44.612+0000] {log.py:232} WARNING - [[34m2024-08-09T09:39:44.612+0000[0m] {[34msubprocess.py:[0m84} INFO[0m - [35m(astronomer-cosmos)[0m - Command output:[0m
[2024-08-09T09:39:44.613+0000] {log.py:232} WARNING - [[34m2024-08-09T09:39:44.612+0000[0m] {[34msubprocess.py:[0m84} INFO[0m - [35m(astronomer-cosmos)[0m - Command output:[0m
[2024-08-09T09:39:44.612+0000] {subprocess.py:84} INFO - Command output:
[2024-08-09T09:39:47.277+0000] {log.py:232} WARNING - [[34m2024-08-09T09:39:47.277+0000[0m] {[34msubprocess.py:[0m94} INFO[0m - [35m(astronomer-cosmos)[0m - [0m09:39:47  Running with dbt=1.8.5[0m
[2024-08-09T09:39:47.278+0000] {log.py:232} WARNING - [[34m2024-08-09T09:39:47.277+0000[0m] {[34msubprocess.py:[0m94} INFO[0m - [35m(astronomer-cosmos)[0m - [0m09:39:47  Running with dbt=1.8.5[0m
[2024-08-09T09:39:47.277+0000] {subprocess.py:94} INFO - [0m09:39:47  Running with dbt=1.8.5
[2024-08-09T09:39:47.882+0000] {log.py:232} WARNING - [[34m2024-08-09T09:39:47.882+0000[0m] {[34msubprocess.py:[0m94} INFO[0m - [35m(astronomer-cosmos)[0m - [0m09:39:47  Registered adapter: snowflake=1.8.3[0m
[2024-08-09T09:39:47.882+0000] {log.py:232} WARNING - [[34m2024-08-09T09:39:47.882+0000[0m] {[34msubprocess.py:[0m94} INFO[0m - [35m(astronomer-cosmos)[0m - [0m09:39:47  Registered adapter: snowflake=1.8.3[0m
[2024-08-09T09:39:47.882+0000] {subprocess.py:94} INFO - [0m09:39:47  Registered adapter: snowflake=1.8.3
[2024-08-09T09:39:48.430+0000] {log.py:232} WARNING - [[34m2024-08-09T09:39:48.430+0000[0m] {[34msubprocess.py:[0m94} INFO[0m - [35m(astronomer-cosmos)[0m - [0m09:39:48  Found 9 models, 2 snapshots, 3 seeds, 2 data tests, 3 sources, 448 macros[0m
[2024-08-09T09:39:48.430+0000] {log.py:232} WARNING - [[34m2024-08-09T09:39:48.430+0000[0m] {[34msubprocess.py:[0m94} INFO[0m - [35m(astronomer-cosmos)[0m - [0m09:39:48  Found 9 models, 2 snapshots, 3 seeds, 2 data tests, 3 sources, 448 macros[0m
[2024-08-09T09:39:48.430+0000] {subprocess.py:94} INFO - [0m09:39:48  Found 9 models, 2 snapshots, 3 seeds, 2 data tests, 3 sources, 448 macros
[2024-08-09T09:39:48.433+0000] {log.py:232} WARNING - [[34m2024-08-09T09:39:48.433+0000[0m] {[34msubprocess.py:[0m94} INFO[0m - [35m(astronomer-cosmos)[0m - [0m09:39:48[0m
[2024-08-09T09:39:48.433+0000] {log.py:232} WARNING - [[34m2024-08-09T09:39:48.433+0000[0m] {[34msubprocess.py:[0m94} INFO[0m - [35m(astronomer-cosmos)[0m - [0m09:39:48[0m
[2024-08-09T09:39:48.433+0000] {subprocess.py:94} INFO - [0m09:39:48
[2024-08-09T09:39:49.875+0000] {log.py:232} WARNING - [[34m2024-08-09T09:39:49.875+0000[0m] {[34msubprocess.py:[0m94} INFO[0m - [35m(astronomer-cosmos)[0m - [0m09:39:49  Concurrency: 1 threads (target='dev')[0m
[2024-08-09T09:39:49.876+0000] {log.py:232} WARNING - [[34m2024-08-09T09:39:49.875+0000[0m] {[34msubprocess.py:[0m94} INFO[0m - [35m(astronomer-cosmos)[0m - [0m09:39:49  Concurrency: 1 threads (target='dev')[0m
[2024-08-09T09:39:49.875+0000] {subprocess.py:94} INFO - [0m09:39:49  Concurrency: 1 threads (target='dev')
[2024-08-09T09:39:49.877+0000] {log.py:232} WARNING - [[34m2024-08-09T09:39:49.876+0000[0m] {[34msubprocess.py:[0m94} INFO[0m - [35m(astronomer-cosmos)[0m - [0m09:39:49[0m
[2024-08-09T09:39:49.877+0000] {log.py:232} WARNING - [[34m2024-08-09T09:39:49.876+0000[0m] {[34msubprocess.py:[0m94} INFO[0m - [35m(astronomer-cosmos)[0m - [0m09:39:49[0m
[2024-08-09T09:39:49.876+0000] {subprocess.py:94} INFO - [0m09:39:49
[2024-08-09T09:39:49.906+0000] {log.py:232} WARNING - [[34m2024-08-09T09:39:49.905+0000[0m] {[34msubprocess.py:[0m94} INFO[0m - [35m(astronomer-cosmos)[0m - [0m09:39:49[0m
[2024-08-09T09:39:49.906+0000] {log.py:232} WARNING - [[34m2024-08-09T09:39:49.905+0000[0m] {[34msubprocess.py:[0m94} INFO[0m - [35m(astronomer-cosmos)[0m - [0m09:39:49[0m
[2024-08-09T09:39:49.905+0000] {subprocess.py:94} INFO - [0m09:39:49
[2024-08-09T09:39:49.907+0000] {log.py:232} WARNING - [[34m2024-08-09T09:39:49.907+0000[0m] {[34msubprocess.py:[0m94} INFO[0m - [35m(astronomer-cosmos)[0m - [0m09:39:49  Finished running  in 0 hours 0 minutes and 1.47 seconds (1.47s).[0m
[2024-08-09T09:39:49.907+0000] {log.py:232} WARNING - [[34m2024-08-09T09:39:49.907+0000[0m] {[34msubprocess.py:[0m94} INFO[0m - [35m(astronomer-cosmos)[0m - [0m09:39:49  Finished running  in 0 hours 0 minutes and 1.47 seconds (1.47s).[0m
[2024-08-09T09:39:49.907+0000] {subprocess.py:94} INFO - [0m09:39:49  Finished running  in 0 hours 0 minutes and 1.47 seconds (1.47s).
[2024-08-09T09:39:51.055+0000] {log.py:232} WARNING - [[34m2024-08-09T09:39:51.054+0000[0m] {[34msubprocess.py:[0m98} INFO[0m - [35m(astronomer-cosmos)[0m - Command exited with return code 0[0m
[2024-08-09T09:39:51.055+0000] {log.py:232} WARNING - [[34m2024-08-09T09:39:51.054+0000[0m] {[34msubprocess.py:[0m98} INFO[0m - [35m(astronomer-cosmos)[0m - Command exited with return code 0[0m
[2024-08-09T09:39:51.054+0000] {subprocess.py:98} INFO - Command exited with return code 0
[2024-08-09T09:39:51.056+0000] {log.py:232} WARNING - [[34m2024-08-09T09:39:51.056+0000[0m] {[34mlocal.py:[0m254} INFO[0m - [35m(astronomer-cosmos)[0m - [0m09:39:49  Finished running  in 0 hours 0 minutes and 1.47 seconds (1.47s).[0m
[2024-08-09T09:39:51.056+0000] {log.py:232} WARNING - [[34m2024-08-09T09:39:51.056+0000[0m] {[34mlocal.py:[0m254} INFO[0m - [35m(astronomer-cosmos)[0m - [0m09:39:49  Finished running  in 0 hours 0 minutes and 1.47 seconds (1.47s).[0m
[2024-08-09T09:39:51.056+0000] {local.py:254} INFO - [0m09:39:49  Finished running  in 0 hours 0 minutes and 1.47 seconds (1.47s).
[2024-08-09T09:39:51.070+0000] {local.py:196} WARNING - Artifact schema version: https://schemas.getdbt.com/dbt/manifest/v12.json is above dbt-ol supported version 7. This might cause errors.
[2024-08-09T09:39:51.070+0000] {local.py:196} WARNING - Artifact schema version: https://schemas.getdbt.com/dbt/run-results/v6.json is above dbt-ol supported version 5. This might cause errors.
[2024-08-09T09:39:51.076+0000] {log.py:232} WARNING - [[34m2024-08-09T09:39:51.076+0000[0m] {[34mlocal.py:[0m349} INFO[0m - [35m(astronomer-cosmos)[0m - Inlets: [][0m
[2024-08-09T09:39:51.076+0000] {log.py:232} WARNING - [[34m2024-08-09T09:39:51.076+0000[0m] {[34mlocal.py:[0m349} INFO[0m - [35m(astronomer-cosmos)[0m - Inlets: [][0m
[2024-08-09T09:39:51.076+0000] {local.py:349} INFO - Inlets: []
[2024-08-09T09:39:51.077+0000] {log.py:232} WARNING - [[34m2024-08-09T09:39:51.077+0000[0m] {[34mlocal.py:[0m350} INFO[0m - [35m(astronomer-cosmos)[0m - Outlets: [][0m
[2024-08-09T09:39:51.077+0000] {log.py:232} WARNING - [[34m2024-08-09T09:39:51.077+0000[0m] {[34mlocal.py:[0m350} INFO[0m - [35m(astronomer-cosmos)[0m - Outlets: [][0m
[2024-08-09T09:39:51.077+0000] {local.py:350} INFO - Outlets: []
[2024-08-09T09:39:51.078+0000] {dag.py:3096} INFO - Sync 1 DAGs
[2024-08-09T09:39:51.098+0000] {dag.py:3954} INFO - Setting next_dagrun for Weather_Data_Extraction to None, run_after=None
[2024-08-09T09:39:51.124+0000] {taskinstance.py:441} INFO - ::group::Post task execution logs
[2024-08-09T09:39:51.134+0000] {taskinstance.py:1206} INFO - Marking task as SUCCESS. dag_id=Weather_Data_Extraction, task_id=weather_data_models.stg_weather_data_run, run_id=manual__2024-08-09T09:37:39.166557+00:00, execution_date=20240809T093739, start_date=20240809T093944, end_date=20240809T093951
[2024-08-09T09:39:51.196+0000] {local_task_job_runner.py:240} INFO - Task exited with return code 0
[2024-08-09T09:39:51.231+0000] {taskinstance.py:3503} INFO - 1 downstream tasks scheduled from follow-on schedule check
[2024-08-09T09:39:51.232+0000] {local_task_job_runner.py:222} INFO - ::endgroup::
