[2024-08-14T02:18:28.439+0000] {local_task_job_runner.py:120} INFO - ::group::Pre task execution logs
[2024-08-14T02:18:28.465+0000] {taskinstance.py:2076} INFO - Dependencies all met for dep_context=non-requeueable deps ti=<TaskInstance: Weather_Data_Extraction.generate_output_file manual__2024-08-14T02:18:25.941518+00:00 [queued]>
[2024-08-14T02:18:28.671+0000] {taskinstance.py:2076} INFO - Dependencies all met for dep_context=requeueable deps ti=<TaskInstance: Weather_Data_Extraction.generate_output_file manual__2024-08-14T02:18:25.941518+00:00 [queued]>
[2024-08-14T02:18:28.672+0000] {taskinstance.py:2306} INFO - Starting attempt 1 of 1
[2024-08-14T02:18:28.690+0000] {taskinstance.py:2330} INFO - Executing <Task(PythonOperator): generate_output_file> on 2024-08-14 02:18:25.941518+00:00
[2024-08-14T02:18:28.699+0000] {warnings.py:112} WARNING - /home/***/.local/lib/python3.12/site-packages/***/task/task_runner/standard_task_runner.py:61: DeprecationWarning: This process (pid=249) is multi-threaded, use of fork() may lead to deadlocks in the child.
  pid = os.fork()

[2024-08-14T02:18:28.700+0000] {standard_task_runner.py:63} INFO - Started process 251 to run task
[2024-08-14T02:18:28.701+0000] {standard_task_runner.py:90} INFO - Running: ['***', 'tasks', 'run', 'Weather_Data_Extraction', 'generate_output_file', 'manual__2024-08-14T02:18:25.941518+00:00', '--job-id', '317', '--raw', '--subdir', 'DAGS_FOLDER/Data_Weather_Extraction.py', '--cfg-path', '/tmp/tmpkufxgklk']
[2024-08-14T02:18:28.704+0000] {standard_task_runner.py:91} INFO - Job 317: Subtask generate_output_file
[2024-08-14T02:18:28.718+0000] {warnings.py:112} WARNING - /home/***/.local/lib/python3.12/site-packages/***/settings.py:195: DeprecationWarning: The sql_alchemy_conn option in [core] has been moved to the sql_alchemy_conn option in [database] - the old setting has been used, but please update your config.
  SQL_ALCHEMY_CONN = conf.get("database", "SQL_ALCHEMY_CONN")

[2024-08-14T02:18:28.765+0000] {task_command.py:426} INFO - Running <TaskInstance: Weather_Data_Extraction.generate_output_file manual__2024-08-14T02:18:25.941518+00:00 [running]> on host ubuntu
[2024-08-14T02:18:28.887+0000] {taskinstance.py:2648} INFO - Exporting env vars: AIRFLOW_CTX_DAG_OWNER='Ducky' AIRFLOW_CTX_DAG_ID='Weather_Data_Extraction' AIRFLOW_CTX_TASK_ID='generate_output_file' AIRFLOW_CTX_EXECUTION_DATE='2024-08-14T02:18:25.941518+00:00' AIRFLOW_CTX_TRY_NUMBER='1' AIRFLOW_CTX_DAG_RUN_ID='manual__2024-08-14T02:18:25.941518+00:00'
[2024-08-14T02:18:28.891+0000] {taskinstance.py:430} INFO - ::endgroup::
[2024-08-14T02:18:28.920+0000] {logging_mixin.py:188} INFO - Generated output file: Data_Weather-20240813.csv
[2024-08-14T02:18:28.921+0000] {logging_mixin.py:188} INFO - Execution Date: 2024/08/13
[2024-08-14T02:18:28.961+0000] {python.py:237} INFO - Done. Returned value was: None
[2024-08-14T02:18:28.962+0000] {taskinstance.py:441} INFO - ::group::Post task execution logs
[2024-08-14T02:18:28.978+0000] {taskinstance.py:1206} INFO - Marking task as SUCCESS. dag_id=Weather_Data_Extraction, task_id=generate_output_file, run_id=manual__2024-08-14T02:18:25.941518+00:00, execution_date=20240814T021825, start_date=20240814T021828, end_date=20240814T021828
[2024-08-14T02:18:29.037+0000] {local_task_job_runner.py:240} INFO - Task exited with return code 0
[2024-08-14T02:18:29.082+0000] {taskinstance.py:3503} INFO - 1 downstream tasks scheduled from follow-on schedule check
[2024-08-14T02:18:29.086+0000] {local_task_job_runner.py:222} INFO - ::endgroup::
