[2024-08-16T09:15:18.019+0000] {local_task_job_runner.py:120} INFO - ::group::Pre task execution logs
[2024-08-16T09:15:18.038+0000] {taskinstance.py:2076} INFO - Dependencies all met for dep_context=non-requeueable deps ti=<TaskInstance: Prediction_Model.weather_data_daily_models.fct_weather_data_daily_run manual__2024-08-16T09:14:58.973822+00:00 [queued]>
[2024-08-16T09:15:18.047+0000] {taskinstance.py:2076} INFO - Dependencies all met for dep_context=requeueable deps ti=<TaskInstance: Prediction_Model.weather_data_daily_models.fct_weather_data_daily_run manual__2024-08-16T09:14:58.973822+00:00 [queued]>
[2024-08-16T09:15:18.049+0000] {taskinstance.py:2306} INFO - Starting attempt 1 of 3
[2024-08-16T09:15:18.067+0000] {taskinstance.py:2330} INFO - Executing <Task(DbtRunLocalOperator): weather_data_daily_models.fct_weather_data_daily_run> on 2024-08-16 09:14:58.973822+00:00
[2024-08-16T09:15:18.077+0000] {warnings.py:112} WARNING - /home/***/.local/lib/python3.12/site-packages/***/task/task_runner/standard_task_runner.py:61: DeprecationWarning: This process (pid=949) is multi-threaded, use of fork() may lead to deadlocks in the child.
  pid = os.fork()

[2024-08-16T09:15:18.081+0000] {standard_task_runner.py:63} INFO - Started process 951 to run task
[2024-08-16T09:15:18.082+0000] {standard_task_runner.py:90} INFO - Running: ['***', 'tasks', 'run', 'Prediction_Model', 'weather_data_daily_models.fct_weather_data_daily_run', 'manual__2024-08-16T09:14:58.973822+00:00', '--job-id', '1141', '--raw', '--subdir', 'DAGS_FOLDER/Prediction_Model.py', '--cfg-path', '/tmp/tmpjrzs26u3']
[2024-08-16T09:15:18.085+0000] {standard_task_runner.py:91} INFO - Job 1141: Subtask weather_data_daily_models.fct_weather_data_daily_run
[2024-08-16T09:15:18.184+0000] {task_command.py:426} INFO - Running <TaskInstance: Prediction_Model.weather_data_daily_models.fct_weather_data_daily_run manual__2024-08-16T09:14:58.973822+00:00 [running]> on host ubuntu
[2024-08-16T09:15:18.397+0000] {taskinstance.py:2648} INFO - Exporting env vars: AIRFLOW_CTX_DAG_OWNER='Ducky' AIRFLOW_CTX_DAG_ID='Prediction_Model' AIRFLOW_CTX_TASK_ID='weather_data_daily_models.fct_weather_data_daily_run' AIRFLOW_CTX_EXECUTION_DATE='2024-08-16T09:14:58.973822+00:00' AIRFLOW_CTX_TRY_NUMBER='1' AIRFLOW_CTX_DAG_RUN_ID='manual__2024-08-16T09:14:58.973822+00:00'
[2024-08-16T09:15:18.400+0000] {taskinstance.py:430} INFO - ::endgroup::
[2024-08-16T09:15:18.447+0000] {log.py:232} WARNING - [[34m2024-08-16T09:15:18.446+0000[0m] {[34mgraph.py:[0m377} INFO[0m - [35m(astronomer-cosmos)[0m - Trying to parse the dbt project using dbt ls cache cosmos_cache__dbt_dag_filterd__customers_group...[0m
[2024-08-16T09:15:18.448+0000] {log.py:232} WARNING - [[34m2024-08-16T09:15:18.446+0000[0m] {[34mgraph.py:[0m377} INFO[0m - [35m(astronomer-cosmos)[0m - Trying to parse the dbt project using dbt ls cache cosmos_cache__dbt_dag_filterd__customers_group...[0m
[2024-08-16T09:15:18.446+0000] {graph.py:377} INFO - Trying to parse the dbt project using dbt ls cache cosmos_cache__dbt_dag_filterd__customers_group...
[2024-08-16T09:15:18.750+0000] {log.py:232} WARNING - [[34m2024-08-16T09:15:18.749+0000[0m] {[34mcache.py:[0m262} INFO[0m - [35m(astronomer-cosmos)[0m - Cosmos performance: time to calculate cache identifier cosmos_cache__dbt_dag_filterd__customers_group for current version: 0.28815087499970105[0m
[2024-08-16T09:15:18.750+0000] {log.py:232} WARNING - [[34m2024-08-16T09:15:18.749+0000[0m] {[34mcache.py:[0m262} INFO[0m - [35m(astronomer-cosmos)[0m - Cosmos performance: time to calculate cache identifier cosmos_cache__dbt_dag_filterd__customers_group for current version: 0.28815087499970105[0m
[2024-08-16T09:15:18.749+0000] {cache.py:262} INFO - Cosmos performance: time to calculate cache identifier cosmos_cache__dbt_dag_filterd__customers_group for current version: 0.28815087499970105
[2024-08-16T09:15:18.751+0000] {log.py:232} WARNING - [[34m2024-08-16T09:15:18.751+0000[0m] {[34mgraph.py:[0m394} INFO[0m - [35m(astronomer-cosmos)[0m - Cosmos performance [ubuntu|951]: The cache size for cosmos_cache__dbt_dag_filterd__customers_group is 2948[0m
[2024-08-16T09:15:18.751+0000] {log.py:232} WARNING - [[34m2024-08-16T09:15:18.751+0000[0m] {[34mgraph.py:[0m394} INFO[0m - [35m(astronomer-cosmos)[0m - Cosmos performance [ubuntu|951]: The cache size for cosmos_cache__dbt_dag_filterd__customers_group is 2948[0m
[2024-08-16T09:15:18.751+0000] {graph.py:394} INFO - Cosmos performance [ubuntu|951]: The cache size for cosmos_cache__dbt_dag_filterd__customers_group is 2948
[2024-08-16T09:15:18.752+0000] {log.py:232} WARNING - [[34m2024-08-16T09:15:18.752+0000[0m] {[34mgraph.py:[0m402} INFO[0m - [35m(astronomer-cosmos)[0m - Cosmos performance: Cache hit for cosmos_cache__dbt_dag_filterd__customers_group - d3655c99e4b770027e65648437a3d068,5f7d44698c4b67134aff532494870c9c[0m
[2024-08-16T09:15:18.753+0000] {log.py:232} WARNING - [[34m2024-08-16T09:15:18.752+0000[0m] {[34mgraph.py:[0m402} INFO[0m - [35m(astronomer-cosmos)[0m - Cosmos performance: Cache hit for cosmos_cache__dbt_dag_filterd__customers_group - d3655c99e4b770027e65648437a3d068,5f7d44698c4b67134aff532494870c9c[0m
[2024-08-16T09:15:18.752+0000] {graph.py:402} INFO - Cosmos performance: Cache hit for cosmos_cache__dbt_dag_filterd__customers_group - d3655c99e4b770027e65648437a3d068,5f7d44698c4b67134aff532494870c9c
[2024-08-16T09:15:18.754+0000] {log.py:232} WARNING - [[34m2024-08-16T09:15:18.753+0000[0m] {[34mgraph.py:[0m335} INFO[0m - [35m(astronomer-cosmos)[0m - Total nodes: 3[0m
[2024-08-16T09:15:18.754+0000] {log.py:232} WARNING - [[34m2024-08-16T09:15:18.753+0000[0m] {[34mgraph.py:[0m335} INFO[0m - [35m(astronomer-cosmos)[0m - Total nodes: 3[0m
[2024-08-16T09:15:18.753+0000] {graph.py:335} INFO - Total nodes: 3
[2024-08-16T09:15:18.755+0000] {log.py:232} WARNING - [[34m2024-08-16T09:15:18.755+0000[0m] {[34mgraph.py:[0m336} INFO[0m - [35m(astronomer-cosmos)[0m - Total filtered nodes: 3[0m
[2024-08-16T09:15:18.755+0000] {log.py:232} WARNING - [[34m2024-08-16T09:15:18.755+0000[0m] {[34mgraph.py:[0m336} INFO[0m - [35m(astronomer-cosmos)[0m - Total filtered nodes: 3[0m
[2024-08-16T09:15:18.755+0000] {graph.py:336} INFO - Total filtered nodes: 3
[2024-08-16T09:15:18.756+0000] {log.py:232} WARNING - [[34m2024-08-16T09:15:18.756+0000[0m] {[34mconverter.py:[0m251} INFO[0m - [35m(astronomer-cosmos)[0m - Cosmos performance (dbt_dag_filterd__customers_group) -  [ubuntu|951]: It took 0.31s to parse the dbt project for DAG using LoadMode.DBT_LS_CACHE[0m
[2024-08-16T09:15:18.756+0000] {log.py:232} WARNING - [[34m2024-08-16T09:15:18.756+0000[0m] {[34mconverter.py:[0m251} INFO[0m - [35m(astronomer-cosmos)[0m - Cosmos performance (dbt_dag_filterd__customers_group) -  [ubuntu|951]: It took 0.31s to parse the dbt project for DAG using LoadMode.DBT_LS_CACHE[0m
[2024-08-16T09:15:18.756+0000] {converter.py:251} INFO - Cosmos performance (dbt_dag_filterd__customers_group) -  [ubuntu|951]: It took 0.31s to parse the dbt project for DAG using LoadMode.DBT_LS_CACHE
[2024-08-16T09:15:18.758+0000] {log.py:232} WARNING - [[34m2024-08-16T09:15:18.758+0000[0m] {[34mproject.py:[0m35} INFO[0m - [35m(astronomer-cosmos)[0m - Project /opt/***/dags/Data_Marketplace does not have {'dependencies.yml', 'packages.yml'}[0m
[2024-08-16T09:15:18.759+0000] {log.py:232} WARNING - [[34m2024-08-16T09:15:18.758+0000[0m] {[34mproject.py:[0m35} INFO[0m - [35m(astronomer-cosmos)[0m - Project /opt/***/dags/Data_Marketplace does not have {'dependencies.yml', 'packages.yml'}[0m
[2024-08-16T09:15:18.758+0000] {project.py:35} INFO - Project /opt/***/dags/Data_Marketplace does not have {'dependencies.yml', 'packages.yml'}
[2024-08-16T09:15:18.761+0000] {log.py:232} WARNING - [[34m2024-08-16T09:15:18.761+0000[0m] {[34mproject.py:[0m35} INFO[0m - [35m(astronomer-cosmos)[0m - Project /opt/***/dags/Data_Marketplace does not have {'dependencies.yml', 'packages.yml'}[0m
[2024-08-16T09:15:18.761+0000] {log.py:232} WARNING - [[34m2024-08-16T09:15:18.761+0000[0m] {[34mproject.py:[0m35} INFO[0m - [35m(astronomer-cosmos)[0m - Project /opt/***/dags/Data_Marketplace does not have {'dependencies.yml', 'packages.yml'}[0m
[2024-08-16T09:15:18.761+0000] {project.py:35} INFO - Project /opt/***/dags/Data_Marketplace does not have {'dependencies.yml', 'packages.yml'}
[2024-08-16T09:15:18.764+0000] {log.py:232} WARNING - [[34m2024-08-16T09:15:18.764+0000[0m] {[34mproject.py:[0m35} INFO[0m - [35m(astronomer-cosmos)[0m - Project /opt/***/dags/Data_Marketplace does not have {'dependencies.yml', 'packages.yml'}[0m
[2024-08-16T09:15:18.764+0000] {log.py:232} WARNING - [[34m2024-08-16T09:15:18.764+0000[0m] {[34mproject.py:[0m35} INFO[0m - [35m(astronomer-cosmos)[0m - Project /opt/***/dags/Data_Marketplace does not have {'dependencies.yml', 'packages.yml'}[0m
[2024-08-16T09:15:18.764+0000] {project.py:35} INFO - Project /opt/***/dags/Data_Marketplace does not have {'dependencies.yml', 'packages.yml'}
[2024-08-16T09:15:18.765+0000] {log.py:232} WARNING - [[34m2024-08-16T09:15:18.765+0000[0m] {[34mconverter.py:[0m293} INFO[0m - [35m(astronomer-cosmos)[0m - Cosmos performance (dbt_dag_filterd__customers_group) - [ubuntu|951]: It took 0.00947s to build the Airflow DAG.[0m
[2024-08-16T09:15:18.766+0000] {log.py:232} WARNING - [[34m2024-08-16T09:15:18.765+0000[0m] {[34mconverter.py:[0m293} INFO[0m - [35m(astronomer-cosmos)[0m - Cosmos performance (dbt_dag_filterd__customers_group) - [ubuntu|951]: It took 0.00947s to build the Airflow DAG.[0m
[2024-08-16T09:15:18.765+0000] {converter.py:293} INFO - Cosmos performance (dbt_dag_filterd__customers_group) - [ubuntu|951]: It took 0.00947s to build the Airflow DAG.
[2024-08-16T09:15:18.767+0000] {log.py:232} WARNING - [[34m2024-08-16T09:15:18.767+0000[0m] {[34mlocal.py:[0m174} INFO[0m - [35m(astronomer-cosmos)[0m - Could not import dbtRunner. Falling back to subprocess for invoking dbt.[0m
[2024-08-16T09:15:18.767+0000] {log.py:232} WARNING - [[34m2024-08-16T09:15:18.767+0000[0m] {[34mlocal.py:[0m174} INFO[0m - [35m(astronomer-cosmos)[0m - Could not import dbtRunner. Falling back to subprocess for invoking dbt.[0m
[2024-08-16T09:15:18.767+0000] {local.py:174} INFO - Could not import dbtRunner. Falling back to subprocess for invoking dbt.
[2024-08-16T09:15:18.768+0000] {log.py:232} WARNING - [[34m2024-08-16T09:15:18.768+0000[0m] {[34mlocal.py:[0m292} INFO[0m - [35m(astronomer-cosmos)[0m - Cloning project to writable temp directory /tmp/tmp8n4izzf0 from /opt/***/dags/Data_Marketplace[0m
[2024-08-16T09:15:18.768+0000] {log.py:232} WARNING - [[34m2024-08-16T09:15:18.768+0000[0m] {[34mlocal.py:[0m292} INFO[0m - [35m(astronomer-cosmos)[0m - Cloning project to writable temp directory /tmp/tmp8n4izzf0 from /opt/***/dags/Data_Marketplace[0m
[2024-08-16T09:15:18.768+0000] {local.py:292} INFO - Cloning project to writable temp directory /tmp/tmp8n4izzf0 from /opt/airflow/dags/Data_Marketplace
[2024-08-16T09:15:18.773+0000] {log.py:232} WARNING - [[34m2024-08-16T09:15:18.772+0000[0m] {[34mlocal.py:[0m303} INFO[0m - [35m(astronomer-cosmos)[0m - Partial parse is enabled and the latest partial parse file is /tmp/cosmos/Prediction_Model__weather_data_daily_models/target/partial_parse.msgpack[0m
[2024-08-16T09:15:18.773+0000] {log.py:232} WARNING - [[34m2024-08-16T09:15:18.772+0000[0m] {[34mlocal.py:[0m303} INFO[0m - [35m(astronomer-cosmos)[0m - Partial parse is enabled and the latest partial parse file is /tmp/cosmos/Prediction_Model__weather_data_daily_models/target/partial_parse.msgpack[0m
[2024-08-16T09:15:18.772+0000] {local.py:303} INFO - Partial parse is enabled and the latest partial parse file is /tmp/cosmos/Prediction_Model__weather_data_daily_models/target/partial_parse.msgpack
[2024-08-16T09:15:18.780+0000] {log.py:232} WARNING - [[34m2024-08-16T09:15:18.779+0000[0m] {[34mconfig.py:[0m292} INFO[0m - [35m(astronomer-cosmos)[0m - Profile caching is enable.[0m
[2024-08-16T09:15:18.780+0000] {log.py:232} WARNING - [[34m2024-08-16T09:15:18.779+0000[0m] {[34mconfig.py:[0m292} INFO[0m - [35m(astronomer-cosmos)[0m - Profile caching is enable.[0m
[2024-08-16T09:15:18.779+0000] {config.py:292} INFO - Profile caching is enable.
[2024-08-16T09:15:18.789+0000] {base.py:84} INFO - Using connection ID 'snowflake_conn' for task execution.
[2024-08-16T09:15:18.793+0000] {log.py:232} WARNING - [[34m2024-08-16T09:15:18.793+0000[0m] {[34mconfig.py:[0m272} INFO[0m - [35m(astronomer-cosmos)[0m - Profile found in cache using profile: /tmp/cosmos/profile/ec71862f850e9b0839075fe0561d5062ab3dd99ef2a3dac2fe4fc1486f2849d0/profiles.yml.[0m
[2024-08-16T09:15:18.794+0000] {log.py:232} WARNING - [[34m2024-08-16T09:15:18.793+0000[0m] {[34mconfig.py:[0m272} INFO[0m - [35m(astronomer-cosmos)[0m - Profile found in cache using profile: /tmp/cosmos/profile/ec71862f850e9b0839075fe0561d5062ab3dd99ef2a3dac2fe4fc1486f2849d0/profiles.yml.[0m
[2024-08-16T09:15:18.793+0000] {config.py:272} INFO - Profile found in cache using profile: /tmp/cosmos/profile/ec71862f850e9b0839075fe0561d5062ab3dd99ef2a3dac2fe4fc1486f2849d0/profiles.yml.
[2024-08-16T09:15:18.796+0000] {log.py:232} WARNING - [[34m2024-08-16T09:15:18.796+0000[0m] {[34mlocal.py:[0m247} INFO[0m - [35m(astronomer-cosmos)[0m - Trying to run the command:
 ['/opt/***/dbt_venv/bin/dbt', 'run', '--models', 'fct_weather_data_daily', '--project-dir', '/tmp/tmp8n4izzf0', '--profiles-dir', '/tmp/cosmos/profile/ec71862f850e9b0839075fe0561d5062ab3dd99ef2a3dac2fe4fc1486f2849d0', '--profile', 'Data_Marketplace', '--target', 'dev']
From /tmp/tmp8n4izzf0[0m
[2024-08-16T09:15:18.797+0000] {log.py:232} WARNING - [[34m2024-08-16T09:15:18.796+0000[0m] {[34mlocal.py:[0m247} INFO[0m - [35m(astronomer-cosmos)[0m - Trying to run the command:
 ['/opt/***/dbt_venv/bin/dbt', 'run', '--models', 'fct_weather_data_daily', '--project-dir', '/tmp/tmp8n4izzf0', '--profiles-dir', '/tmp/cosmos/profile/ec71862f850e9b0839075fe0561d5062ab3dd99ef2a3dac2fe4fc1486f2849d0', '--profile', 'Data_Marketplace', '--target', 'dev']
From /tmp/tmp8n4izzf0[0m
[2024-08-16T09:15:18.796+0000] {local.py:247} INFO - Trying to run the command:
 ['/opt/***/dbt_venv/bin/dbt', 'run', '--models', 'fct_weather_data_daily', '--project-dir', '/tmp/tmp8n4izzf0', '--profiles-dir', '/tmp/cosmos/profile/ec71862f850e9b0839075fe0561d5062ab3dd99ef2a3dac2fe4fc1486f2849d0', '--profile', 'Data_Marketplace', '--target', 'dev']
From /tmp/tmp8n4izzf0
[2024-08-16T09:15:18.799+0000] {log.py:232} WARNING - [[34m2024-08-16T09:15:18.799+0000[0m] {[34msubprocess.py:[0m60} INFO[0m - [35m(astronomer-cosmos)[0m - Tmp dir root location: 
 /tmp[0m
[2024-08-16T09:15:18.800+0000] {log.py:232} WARNING - [[34m2024-08-16T09:15:18.799+0000[0m] {[34msubprocess.py:[0m60} INFO[0m - [35m(astronomer-cosmos)[0m - Tmp dir root location: 
 /tmp[0m
[2024-08-16T09:15:18.799+0000] {subprocess.py:60} INFO - Tmp dir root location: 
 /tmp
[2024-08-16T09:15:18.801+0000] {log.py:232} WARNING - [[34m2024-08-16T09:15:18.801+0000[0m] {[34msubprocess.py:[0m73} INFO[0m - [35m(astronomer-cosmos)[0m - Running command: ['/opt/***/dbt_venv/bin/dbt', 'run', '--models', 'fct_weather_data_daily', '--project-dir', '/tmp/tmp8n4izzf0', '--profiles-dir', '/tmp/cosmos/profile/ec71862f850e9b0839075fe0561d5062ab3dd99ef2a3dac2fe4fc1486f2849d0', '--profile', 'Data_Marketplace', '--target', 'dev'][0m
[2024-08-16T09:15:18.802+0000] {log.py:232} WARNING - [[34m2024-08-16T09:15:18.801+0000[0m] {[34msubprocess.py:[0m73} INFO[0m - [35m(astronomer-cosmos)[0m - Running command: ['/opt/***/dbt_venv/bin/dbt', 'run', '--models', 'fct_weather_data_daily', '--project-dir', '/tmp/tmp8n4izzf0', '--profiles-dir', '/tmp/cosmos/profile/ec71862f850e9b0839075fe0561d5062ab3dd99ef2a3dac2fe4fc1486f2849d0', '--profile', 'Data_Marketplace', '--target', 'dev'][0m
[2024-08-16T09:15:18.801+0000] {subprocess.py:73} INFO - Running command: ['/opt/***/dbt_venv/bin/dbt', 'run', '--models', 'fct_weather_data_daily', '--project-dir', '/tmp/tmp8n4izzf0', '--profiles-dir', '/tmp/cosmos/profile/ec71862f850e9b0839075fe0561d5062ab3dd99ef2a3dac2fe4fc1486f2849d0', '--profile', 'Data_Marketplace', '--target', 'dev']
[2024-08-16T09:15:18.816+0000] {log.py:232} WARNING - [[34m2024-08-16T09:15:18.815+0000[0m] {[34msubprocess.py:[0m84} INFO[0m - [35m(astronomer-cosmos)[0m - Command output:[0m
[2024-08-16T09:15:18.817+0000] {log.py:232} WARNING - [[34m2024-08-16T09:15:18.815+0000[0m] {[34msubprocess.py:[0m84} INFO[0m - [35m(astronomer-cosmos)[0m - Command output:[0m
[2024-08-16T09:15:18.815+0000] {subprocess.py:84} INFO - Command output:
[2024-08-16T09:15:20.857+0000] {log.py:232} WARNING - [[34m2024-08-16T09:15:20.856+0000[0m] {[34msubprocess.py:[0m94} INFO[0m - [35m(astronomer-cosmos)[0m - [0m09:15:20  Running with dbt=1.8.5[0m
[2024-08-16T09:15:20.858+0000] {log.py:232} WARNING - [[34m2024-08-16T09:15:20.856+0000[0m] {[34msubprocess.py:[0m94} INFO[0m - [35m(astronomer-cosmos)[0m - [0m09:15:20  Running with dbt=1.8.5[0m
[2024-08-16T09:15:20.856+0000] {subprocess.py:94} INFO - [0m09:15:20  Running with dbt=1.8.5
[2024-08-16T09:15:21.486+0000] {log.py:232} WARNING - [[34m2024-08-16T09:15:21.485+0000[0m] {[34msubprocess.py:[0m94} INFO[0m - [35m(astronomer-cosmos)[0m - [0m09:15:21  Registered adapter: snowflake=1.8.3[0m
[2024-08-16T09:15:21.487+0000] {log.py:232} WARNING - [[34m2024-08-16T09:15:21.485+0000[0m] {[34msubprocess.py:[0m94} INFO[0m - [35m(astronomer-cosmos)[0m - [0m09:15:21  Registered adapter: snowflake=1.8.3[0m
[2024-08-16T09:15:21.485+0000] {subprocess.py:94} INFO - [0m09:15:21  Registered adapter: snowflake=1.8.3
[2024-08-16T09:15:22.374+0000] {log.py:232} WARNING - [[34m2024-08-16T09:15:22.373+0000[0m] {[34msubprocess.py:[0m94} INFO[0m - [35m(astronomer-cosmos)[0m - [0m09:15:22  Found 9 models, 2 snapshots, 3 seeds, 2 data tests, 3 sources, 448 macros[0m
[2024-08-16T09:15:22.376+0000] {log.py:232} WARNING - [[34m2024-08-16T09:15:22.373+0000[0m] {[34msubprocess.py:[0m94} INFO[0m - [35m(astronomer-cosmos)[0m - [0m09:15:22  Found 9 models, 2 snapshots, 3 seeds, 2 data tests, 3 sources, 448 macros[0m
[2024-08-16T09:15:22.373+0000] {subprocess.py:94} INFO - [0m09:15:22  Found 9 models, 2 snapshots, 3 seeds, 2 data tests, 3 sources, 448 macros
[2024-08-16T09:15:22.383+0000] {log.py:232} WARNING - [[34m2024-08-16T09:15:22.382+0000[0m] {[34msubprocess.py:[0m94} INFO[0m - [35m(astronomer-cosmos)[0m - [0m09:15:22[0m
[2024-08-16T09:15:22.384+0000] {log.py:232} WARNING - [[34m2024-08-16T09:15:22.382+0000[0m] {[34msubprocess.py:[0m94} INFO[0m - [35m(astronomer-cosmos)[0m - [0m09:15:22[0m
[2024-08-16T09:15:22.382+0000] {subprocess.py:94} INFO - [0m09:15:22
[2024-08-16T09:15:24.904+0000] {log.py:232} WARNING - [[34m2024-08-16T09:15:24.904+0000[0m] {[34msubprocess.py:[0m94} INFO[0m - [35m(astronomer-cosmos)[0m - [0m09:15:24  Concurrency: 1 threads (target='dev')[0m
[2024-08-16T09:15:24.906+0000] {log.py:232} WARNING - [[34m2024-08-16T09:15:24.904+0000[0m] {[34msubprocess.py:[0m94} INFO[0m - [35m(astronomer-cosmos)[0m - [0m09:15:24  Concurrency: 1 threads (target='dev')[0m
[2024-08-16T09:15:24.904+0000] {subprocess.py:94} INFO - [0m09:15:24  Concurrency: 1 threads (target='dev')
[2024-08-16T09:15:24.907+0000] {log.py:232} WARNING - [[34m2024-08-16T09:15:24.907+0000[0m] {[34msubprocess.py:[0m94} INFO[0m - [35m(astronomer-cosmos)[0m - [0m09:15:24[0m
[2024-08-16T09:15:24.908+0000] {log.py:232} WARNING - [[34m2024-08-16T09:15:24.907+0000[0m] {[34msubprocess.py:[0m94} INFO[0m - [35m(astronomer-cosmos)[0m - [0m09:15:24[0m
[2024-08-16T09:15:24.907+0000] {subprocess.py:94} INFO - [0m09:15:24
[2024-08-16T09:15:24.928+0000] {log.py:232} WARNING - [[34m2024-08-16T09:15:24.927+0000[0m] {[34msubprocess.py:[0m94} INFO[0m - [35m(astronomer-cosmos)[0m - [0m09:15:24  1 of 1 START sql incremental model DWH.fct_weather_data_daily .................. [RUN][0m
[2024-08-16T09:15:24.930+0000] {log.py:232} WARNING - [[34m2024-08-16T09:15:24.927+0000[0m] {[34msubprocess.py:[0m94} INFO[0m - [35m(astronomer-cosmos)[0m - [0m09:15:24  1 of 1 START sql incremental model DWH.fct_weather_data_daily .................. [RUN][0m
[2024-08-16T09:15:24.927+0000] {subprocess.py:94} INFO - [0m09:15:24  1 of 1 START sql incremental model DWH.fct_weather_data_daily .................. [RUN]
[2024-08-16T09:15:28.644+0000] {log.py:232} WARNING - [[34m2024-08-16T09:15:28.643+0000[0m] {[34msubprocess.py:[0m94} INFO[0m - [35m(astronomer-cosmos)[0m - [0m09:15:28  1 of 1 OK created sql incremental model DWH.fct_weather_data_daily ............. [[32mSUCCESS 0[0m in 3.71s][0m
[2024-08-16T09:15:28.645+0000] {log.py:232} WARNING - [[34m2024-08-16T09:15:28.643+0000[0m] {[34msubprocess.py:[0m94} INFO[0m - [35m(astronomer-cosmos)[0m - [0m09:15:28  1 of 1 OK created sql incremental model DWH.fct_weather_data_daily ............. [[32mSUCCESS 0[0m in 3.71s][0m
[2024-08-16T09:15:28.643+0000] {subprocess.py:94} INFO - [0m09:15:28  1 of 1 OK created sql incremental model DWH.fct_weather_data_daily ............. [[32mSUCCESS 0[0m in 3.71s]
[2024-08-16T09:15:28.650+0000] {log.py:232} WARNING - [[34m2024-08-16T09:15:28.650+0000[0m] {[34msubprocess.py:[0m94} INFO[0m - [35m(astronomer-cosmos)[0m - [0m09:15:28[0m
[2024-08-16T09:15:28.651+0000] {log.py:232} WARNING - [[34m2024-08-16T09:15:28.650+0000[0m] {[34msubprocess.py:[0m94} INFO[0m - [35m(astronomer-cosmos)[0m - [0m09:15:28[0m
[2024-08-16T09:15:28.650+0000] {subprocess.py:94} INFO - [0m09:15:28
[2024-08-16T09:15:28.654+0000] {log.py:232} WARNING - [[34m2024-08-16T09:15:28.653+0000[0m] {[34msubprocess.py:[0m94} INFO[0m - [35m(astronomer-cosmos)[0m - [0m09:15:28  Finished running 1 incremental model in 0 hours 0 minutes and 6.27 seconds (6.27s).[0m
[2024-08-16T09:15:28.655+0000] {log.py:232} WARNING - [[34m2024-08-16T09:15:28.653+0000[0m] {[34msubprocess.py:[0m94} INFO[0m - [35m(astronomer-cosmos)[0m - [0m09:15:28  Finished running 1 incremental model in 0 hours 0 minutes and 6.27 seconds (6.27s).[0m
[2024-08-16T09:15:28.653+0000] {subprocess.py:94} INFO - [0m09:15:28  Finished running 1 incremental model in 0 hours 0 minutes and 6.27 seconds (6.27s).
[2024-08-16T09:15:28.741+0000] {log.py:232} WARNING - [[34m2024-08-16T09:15:28.741+0000[0m] {[34msubprocess.py:[0m94} INFO[0m - [35m(astronomer-cosmos)[0m - [0m09:15:28[0m
[2024-08-16T09:15:28.742+0000] {log.py:232} WARNING - [[34m2024-08-16T09:15:28.741+0000[0m] {[34msubprocess.py:[0m94} INFO[0m - [35m(astronomer-cosmos)[0m - [0m09:15:28[0m
[2024-08-16T09:15:28.741+0000] {subprocess.py:94} INFO - [0m09:15:28
[2024-08-16T09:15:28.744+0000] {log.py:232} WARNING - [[34m2024-08-16T09:15:28.743+0000[0m] {[34msubprocess.py:[0m94} INFO[0m - [35m(astronomer-cosmos)[0m - [0m09:15:28  [32mCompleted successfully[0m[0m
[2024-08-16T09:15:28.745+0000] {log.py:232} WARNING - [[34m2024-08-16T09:15:28.743+0000[0m] {[34msubprocess.py:[0m94} INFO[0m - [35m(astronomer-cosmos)[0m - [0m09:15:28  [32mCompleted successfully[0m[0m
[2024-08-16T09:15:28.743+0000] {subprocess.py:94} INFO - [0m09:15:28  [32mCompleted successfully[0m
[2024-08-16T09:15:28.747+0000] {log.py:232} WARNING - [[34m2024-08-16T09:15:28.746+0000[0m] {[34msubprocess.py:[0m94} INFO[0m - [35m(astronomer-cosmos)[0m - [0m09:15:28[0m
[2024-08-16T09:15:28.748+0000] {log.py:232} WARNING - [[34m2024-08-16T09:15:28.746+0000[0m] {[34msubprocess.py:[0m94} INFO[0m - [35m(astronomer-cosmos)[0m - [0m09:15:28[0m
[2024-08-16T09:15:28.746+0000] {subprocess.py:94} INFO - [0m09:15:28
[2024-08-16T09:15:28.751+0000] {log.py:232} WARNING - [[34m2024-08-16T09:15:28.750+0000[0m] {[34msubprocess.py:[0m94} INFO[0m - [35m(astronomer-cosmos)[0m - [0m09:15:28  Done. PASS=1 WARN=0 ERROR=0 SKIP=0 TOTAL=1[0m
[2024-08-16T09:15:28.752+0000] {log.py:232} WARNING - [[34m2024-08-16T09:15:28.750+0000[0m] {[34msubprocess.py:[0m94} INFO[0m - [35m(astronomer-cosmos)[0m - [0m09:15:28  Done. PASS=1 WARN=0 ERROR=0 SKIP=0 TOTAL=1[0m
[2024-08-16T09:15:28.750+0000] {subprocess.py:94} INFO - [0m09:15:28  Done. PASS=1 WARN=0 ERROR=0 SKIP=0 TOTAL=1
[2024-08-16T09:15:30.499+0000] {log.py:232} WARNING - [[34m2024-08-16T09:15:30.498+0000[0m] {[34msubprocess.py:[0m98} INFO[0m - [35m(astronomer-cosmos)[0m - Command exited with return code 0[0m
[2024-08-16T09:15:30.500+0000] {log.py:232} WARNING - [[34m2024-08-16T09:15:30.498+0000[0m] {[34msubprocess.py:[0m98} INFO[0m - [35m(astronomer-cosmos)[0m - Command exited with return code 0[0m
[2024-08-16T09:15:30.498+0000] {subprocess.py:98} INFO - Command exited with return code 0
[2024-08-16T09:15:30.501+0000] {log.py:232} WARNING - [[34m2024-08-16T09:15:30.501+0000[0m] {[34mlocal.py:[0m254} INFO[0m - [35m(astronomer-cosmos)[0m - [0m09:15:28  Done. PASS=1 WARN=0 ERROR=0 SKIP=0 TOTAL=1[0m
[2024-08-16T09:15:30.502+0000] {log.py:232} WARNING - [[34m2024-08-16T09:15:30.501+0000[0m] {[34mlocal.py:[0m254} INFO[0m - [35m(astronomer-cosmos)[0m - [0m09:15:28  Done. PASS=1 WARN=0 ERROR=0 SKIP=0 TOTAL=1[0m
[2024-08-16T09:15:30.501+0000] {local.py:254} INFO - [0m09:15:28  Done. PASS=1 WARN=0 ERROR=0 SKIP=0 TOTAL=1
[2024-08-16T09:15:30.522+0000] {local.py:196} WARNING - Artifact schema version: https://schemas.getdbt.com/dbt/manifest/v12.json is above dbt-ol supported version 7. This might cause errors.
[2024-08-16T09:15:30.524+0000] {local.py:196} WARNING - Artifact schema version: https://schemas.getdbt.com/dbt/run-results/v6.json is above dbt-ol supported version 5. This might cause errors.
[2024-08-16T09:15:30.536+0000] {log.py:232} WARNING - [[34m2024-08-16T09:15:30.536+0000[0m] {[34mlocal.py:[0m349} INFO[0m - [35m(astronomer-cosmos)[0m - Inlets: [Dataset(uri='snowflake://uz36730.ap-southeast-1.aws/POC_DATA_MARKETPLACE.DWH.stg_avg_convert_field', extra=None), Dataset(uri='snowflake://uz36730.ap-southeast-1.aws/POC_DATA_MARKETPLACE.DWH.stg_wind_speed', extra=None)][0m
[2024-08-16T09:15:30.537+0000] {log.py:232} WARNING - [[34m2024-08-16T09:15:30.536+0000[0m] {[34mlocal.py:[0m349} INFO[0m - [35m(astronomer-cosmos)[0m - Inlets: [Dataset(uri='snowflake://uz36730.ap-southeast-1.aws/POC_DATA_MARKETPLACE.DWH.stg_avg_convert_field', extra=None), Dataset(uri='snowflake://uz36730.ap-southeast-1.aws/POC_DATA_MARKETPLACE.DWH.stg_wind_speed', extra=None)][0m
[2024-08-16T09:15:30.536+0000] {local.py:349} INFO - Inlets: [Dataset(uri='snowflake://uz36730.ap-southeast-1.aws/POC_DATA_MARKETPLACE.DWH.stg_avg_convert_field', extra=None), Dataset(uri='snowflake://uz36730.ap-southeast-1.aws/POC_DATA_MARKETPLACE.DWH.stg_wind_speed', extra=None)]
[2024-08-16T09:15:30.539+0000] {log.py:232} WARNING - [[34m2024-08-16T09:15:30.538+0000[0m] {[34mlocal.py:[0m350} INFO[0m - [35m(astronomer-cosmos)[0m - Outlets: [Dataset(uri='snowflake://uz36730.ap-southeast-1.aws/POC_DATA_MARKETPLACE.DWH.fct_weather_data_daily', extra=None)][0m
[2024-08-16T09:15:30.540+0000] {log.py:232} WARNING - [[34m2024-08-16T09:15:30.538+0000[0m] {[34mlocal.py:[0m350} INFO[0m - [35m(astronomer-cosmos)[0m - Outlets: [Dataset(uri='snowflake://uz36730.ap-southeast-1.aws/POC_DATA_MARKETPLACE.DWH.fct_weather_data_daily', extra=None)][0m
[2024-08-16T09:15:30.538+0000] {local.py:350} INFO - Outlets: [Dataset(uri='snowflake://uz36730.ap-southeast-1.aws/POC_DATA_MARKETPLACE.DWH.fct_weather_data_daily', extra=None)]
[2024-08-16T09:15:30.541+0000] {dag.py:3096} INFO - Sync 1 DAGs
[2024-08-16T09:15:30.565+0000] {dag.py:3954} INFO - Setting next_dagrun for Prediction_Model to None, run_after=None
[2024-08-16T09:15:30.612+0000] {taskinstance.py:441} INFO - ::group::Post task execution logs
[2024-08-16T09:15:30.667+0000] {taskinstance.py:1206} INFO - Marking task as SUCCESS. dag_id=Prediction_Model, task_id=weather_data_daily_models.fct_weather_data_daily_run, run_id=manual__2024-08-16T09:14:58.973822+00:00, execution_date=20240816T091458, start_date=20240816T091518, end_date=20240816T091530
[2024-08-16T09:15:30.749+0000] {local_task_job_runner.py:240} INFO - Task exited with return code 0
[2024-08-16T09:15:30.793+0000] {taskinstance.py:3503} INFO - 1 downstream tasks scheduled from follow-on schedule check
[2024-08-16T09:15:30.798+0000] {local_task_job_runner.py:222} INFO - ::endgroup::
