[2024-08-09T08:05:52.483+0000] {local_task_job_runner.py:120} INFO - ::group::Pre task execution logs
[2024-08-09T08:05:52.604+0000] {taskinstance.py:2076} INFO - Dependencies all met for dep_context=non-requeueable deps ti=<TaskInstance: dbt_dag.stg_city_run scheduled__2024-08-08T00:00:00+00:00 [queued]>
[2024-08-09T08:05:52.674+0000] {taskinstance.py:2076} INFO - Dependencies all met for dep_context=requeueable deps ti=<TaskInstance: dbt_dag.stg_city_run scheduled__2024-08-08T00:00:00+00:00 [queued]>
[2024-08-09T08:05:52.679+0000] {taskinstance.py:2306} INFO - Starting attempt 1 of 1
[2024-08-09T08:05:52.782+0000] {taskinstance.py:2330} INFO - Executing <Task(DbtRunLocalOperator): stg_city_run> on 2024-08-08 00:00:00+00:00
[2024-08-09T08:05:52.843+0000] {warnings.py:112} WARNING - /home/***/.local/lib/python3.12/site-packages/***/task/task_runner/standard_task_runner.py:61: DeprecationWarning: This process (pid=63) is multi-threaded, use of fork() may lead to deadlocks in the child.
  pid = os.fork()

[2024-08-09T08:05:52.852+0000] {standard_task_runner.py:63} INFO - Started process 80 to run task
[2024-08-09T08:05:52.856+0000] {standard_task_runner.py:90} INFO - Running: ['***', 'tasks', 'run', 'dbt_dag', 'stg_city_run', 'scheduled__2024-08-08T00:00:00+00:00', '--job-id', '8', '--raw', '--subdir', 'DAGS_FOLDER/dbt.py', '--cfg-path', '/tmp/tmp83v4dkjn']
[2024-08-09T08:05:52.895+0000] {standard_task_runner.py:91} INFO - Job 8: Subtask stg_city_run
[2024-08-09T08:05:53.042+0000] {warnings.py:112} WARNING - /home/***/.local/lib/python3.12/site-packages/***/settings.py:195: DeprecationWarning: The sql_alchemy_conn option in [core] has been moved to the sql_alchemy_conn option in [database] - the old setting has been used, but please update your config.
  SQL_ALCHEMY_CONN = conf.get("database", "SQL_ALCHEMY_CONN")

[2024-08-09T08:05:53.304+0000] {task_command.py:426} INFO - Running <TaskInstance: dbt_dag.stg_city_run scheduled__2024-08-08T00:00:00+00:00 [running]> on host ubuntu
[2024-08-09T08:05:53.764+0000] {taskinstance.py:2648} INFO - Exporting env vars: AIRFLOW_CTX_DAG_OWNER='***' AIRFLOW_CTX_DAG_ID='dbt_dag' AIRFLOW_CTX_TASK_ID='stg_city_run' AIRFLOW_CTX_EXECUTION_DATE='2024-08-08T00:00:00+00:00' AIRFLOW_CTX_TRY_NUMBER='1' AIRFLOW_CTX_DAG_RUN_ID='scheduled__2024-08-08T00:00:00+00:00'
[2024-08-09T08:05:53.766+0000] {taskinstance.py:430} INFO - ::endgroup::
[2024-08-09T08:05:53.869+0000] {log.py:232} WARNING - [[34m2024-08-09T08:05:53.868+0000[0m] {[34mgraph.py:[0m377} INFO[0m - [35m(astronomer-cosmos)[0m - Trying to parse the dbt project using dbt ls cache cosmos_cache__dbt_dag...[0m
[2024-08-09T08:05:53.869+0000] {log.py:232} WARNING - [[34m2024-08-09T08:05:53.868+0000[0m] {[34mgraph.py:[0m377} INFO[0m - [35m(astronomer-cosmos)[0m - Trying to parse the dbt project using dbt ls cache cosmos_cache__dbt_dag...[0m
[2024-08-09T08:05:53.868+0000] {graph.py:377} INFO - Trying to parse the dbt project using dbt ls cache cosmos_cache__dbt_dag...
[2024-08-09T08:05:53.961+0000] {log.py:232} WARNING - [[34m2024-08-09T08:05:53.955+0000[0m] {[34mcache.py:[0m262} INFO[0m - [35m(astronomer-cosmos)[0m - Cosmos performance: time to calculate cache identifier cosmos_cache__dbt_dag for current version: 0.028313307000189525[0m
[2024-08-09T08:05:53.961+0000] {log.py:232} WARNING - [[34m2024-08-09T08:05:53.955+0000[0m] {[34mcache.py:[0m262} INFO[0m - [35m(astronomer-cosmos)[0m - Cosmos performance: time to calculate cache identifier cosmos_cache__dbt_dag for current version: 0.028313307000189525[0m
[2024-08-09T08:05:53.955+0000] {cache.py:262} INFO - Cosmos performance: time to calculate cache identifier cosmos_cache__dbt_dag for current version: 0.028313307000189525
[2024-08-09T08:05:53.963+0000] {log.py:232} WARNING - [[34m2024-08-09T08:05:53.963+0000[0m] {[34mgraph.py:[0m394} INFO[0m - [35m(astronomer-cosmos)[0m - Cosmos performance [ubuntu|80]: The cache size for cosmos_cache__dbt_dag is 14843[0m
[2024-08-09T08:05:53.963+0000] {log.py:232} WARNING - [[34m2024-08-09T08:05:53.963+0000[0m] {[34mgraph.py:[0m394} INFO[0m - [35m(astronomer-cosmos)[0m - Cosmos performance [ubuntu|80]: The cache size for cosmos_cache__dbt_dag is 14843[0m
[2024-08-09T08:05:53.963+0000] {graph.py:394} INFO - Cosmos performance [ubuntu|80]: The cache size for cosmos_cache__dbt_dag is 14843
[2024-08-09T08:05:53.975+0000] {log.py:232} WARNING - [[34m2024-08-09T08:05:53.971+0000[0m] {[34mgraph.py:[0m402} INFO[0m - [35m(astronomer-cosmos)[0m - Cosmos performance: Cache hit for cosmos_cache__dbt_dag - f0894e22ca1fc514beb9335fa3aa34e2,d41d8cd98f00b204e9800998ecf8427e[0m
[2024-08-09T08:05:53.975+0000] {log.py:232} WARNING - [[34m2024-08-09T08:05:53.971+0000[0m] {[34mgraph.py:[0m402} INFO[0m - [35m(astronomer-cosmos)[0m - Cosmos performance: Cache hit for cosmos_cache__dbt_dag - f0894e22ca1fc514beb9335fa3aa34e2,d41d8cd98f00b204e9800998ecf8427e[0m
[2024-08-09T08:05:53.971+0000] {graph.py:402} INFO - Cosmos performance: Cache hit for cosmos_cache__dbt_dag - f0894e22ca1fc514beb9335fa3aa34e2,d41d8cd98f00b204e9800998ecf8427e
[2024-08-09T08:05:53.976+0000] {log.py:232} WARNING - [[34m2024-08-09T08:05:53.975+0000[0m] {[34mgraph.py:[0m335} INFO[0m - [35m(astronomer-cosmos)[0m - Total nodes: 19[0m
[2024-08-09T08:05:53.976+0000] {log.py:232} WARNING - [[34m2024-08-09T08:05:53.975+0000[0m] {[34mgraph.py:[0m335} INFO[0m - [35m(astronomer-cosmos)[0m - Total nodes: 19[0m
[2024-08-09T08:05:53.975+0000] {graph.py:335} INFO - Total nodes: 19
[2024-08-09T08:05:53.983+0000] {log.py:232} WARNING - [[34m2024-08-09T08:05:53.983+0000[0m] {[34mgraph.py:[0m336} INFO[0m - [35m(astronomer-cosmos)[0m - Total filtered nodes: 19[0m
[2024-08-09T08:05:53.986+0000] {log.py:232} WARNING - [[34m2024-08-09T08:05:53.983+0000[0m] {[34mgraph.py:[0m336} INFO[0m - [35m(astronomer-cosmos)[0m - Total filtered nodes: 19[0m
[2024-08-09T08:05:53.983+0000] {graph.py:336} INFO - Total filtered nodes: 19
[2024-08-09T08:05:53.986+0000] {log.py:232} WARNING - [[34m2024-08-09T08:05:53.986+0000[0m] {[34mconverter.py:[0m251} INFO[0m - [35m(astronomer-cosmos)[0m - Cosmos performance (dbt_dag) -  [ubuntu|80]: It took 0.118s to parse the dbt project for DAG using LoadMode.DBT_LS_CACHE[0m
[2024-08-09T08:05:53.990+0000] {log.py:232} WARNING - [[34m2024-08-09T08:05:53.986+0000[0m] {[34mconverter.py:[0m251} INFO[0m - [35m(astronomer-cosmos)[0m - Cosmos performance (dbt_dag) -  [ubuntu|80]: It took 0.118s to parse the dbt project for DAG using LoadMode.DBT_LS_CACHE[0m
[2024-08-09T08:05:53.986+0000] {converter.py:251} INFO - Cosmos performance (dbt_dag) -  [ubuntu|80]: It took 0.118s to parse the dbt project for DAG using LoadMode.DBT_LS_CACHE
[2024-08-09T08:05:53.998+0000] {log.py:232} WARNING - [[34m2024-08-09T08:05:53.991+0000[0m] {[34mproject.py:[0m35} INFO[0m - [35m(astronomer-cosmos)[0m - Project /usr/local/***/dags/Data_Marketplace does not have {'packages.yml', 'dependencies.yml'}[0m
[2024-08-09T08:05:53.998+0000] {log.py:232} WARNING - [[34m2024-08-09T08:05:53.991+0000[0m] {[34mproject.py:[0m35} INFO[0m - [35m(astronomer-cosmos)[0m - Project /usr/local/***/dags/Data_Marketplace does not have {'packages.yml', 'dependencies.yml'}[0m
[2024-08-09T08:05:53.991+0000] {project.py:35} INFO - Project /usr/local/***/dags/Data_Marketplace does not have {'packages.yml', 'dependencies.yml'}
[2024-08-09T08:05:54.002+0000] {log.py:232} WARNING - [[34m2024-08-09T08:05:54.002+0000[0m] {[34mproject.py:[0m35} INFO[0m - [35m(astronomer-cosmos)[0m - Project /usr/local/***/dags/Data_Marketplace does not have {'packages.yml', 'dependencies.yml'}[0m
[2024-08-09T08:05:54.006+0000] {log.py:232} WARNING - [[34m2024-08-09T08:05:54.002+0000[0m] {[34mproject.py:[0m35} INFO[0m - [35m(astronomer-cosmos)[0m - Project /usr/local/***/dags/Data_Marketplace does not have {'packages.yml', 'dependencies.yml'}[0m
[2024-08-09T08:05:54.002+0000] {project.py:35} INFO - Project /usr/local/***/dags/Data_Marketplace does not have {'packages.yml', 'dependencies.yml'}
[2024-08-09T08:05:54.007+0000] {log.py:232} WARNING - [[34m2024-08-09T08:05:54.007+0000[0m] {[34mproject.py:[0m35} INFO[0m - [35m(astronomer-cosmos)[0m - Project /usr/local/***/dags/Data_Marketplace does not have {'packages.yml', 'dependencies.yml'}[0m
[2024-08-09T08:05:54.014+0000] {log.py:232} WARNING - [[34m2024-08-09T08:05:54.007+0000[0m] {[34mproject.py:[0m35} INFO[0m - [35m(astronomer-cosmos)[0m - Project /usr/local/***/dags/Data_Marketplace does not have {'packages.yml', 'dependencies.yml'}[0m
[2024-08-09T08:05:54.007+0000] {project.py:35} INFO - Project /usr/local/***/dags/Data_Marketplace does not have {'packages.yml', 'dependencies.yml'}
[2024-08-09T08:05:54.015+0000] {log.py:232} WARNING - [[34m2024-08-09T08:05:54.015+0000[0m] {[34mproject.py:[0m35} INFO[0m - [35m(astronomer-cosmos)[0m - Project /usr/local/***/dags/Data_Marketplace does not have {'packages.yml', 'dependencies.yml'}[0m
[2024-08-09T08:05:54.022+0000] {log.py:232} WARNING - [[34m2024-08-09T08:05:54.015+0000[0m] {[34mproject.py:[0m35} INFO[0m - [35m(astronomer-cosmos)[0m - Project /usr/local/***/dags/Data_Marketplace does not have {'packages.yml', 'dependencies.yml'}[0m
[2024-08-09T08:05:54.015+0000] {project.py:35} INFO - Project /usr/local/***/dags/Data_Marketplace does not have {'packages.yml', 'dependencies.yml'}
[2024-08-09T08:05:54.027+0000] {log.py:232} WARNING - [[34m2024-08-09T08:05:54.027+0000[0m] {[34mproject.py:[0m35} INFO[0m - [35m(astronomer-cosmos)[0m - Project /usr/local/***/dags/Data_Marketplace does not have {'packages.yml', 'dependencies.yml'}[0m
[2024-08-09T08:05:54.031+0000] {log.py:232} WARNING - [[34m2024-08-09T08:05:54.027+0000[0m] {[34mproject.py:[0m35} INFO[0m - [35m(astronomer-cosmos)[0m - Project /usr/local/***/dags/Data_Marketplace does not have {'packages.yml', 'dependencies.yml'}[0m
[2024-08-09T08:05:54.027+0000] {project.py:35} INFO - Project /usr/local/***/dags/Data_Marketplace does not have {'packages.yml', 'dependencies.yml'}
[2024-08-09T08:05:54.035+0000] {log.py:232} WARNING - [[34m2024-08-09T08:05:54.035+0000[0m] {[34mproject.py:[0m35} INFO[0m - [35m(astronomer-cosmos)[0m - Project /usr/local/***/dags/Data_Marketplace does not have {'packages.yml', 'dependencies.yml'}[0m
[2024-08-09T08:05:54.040+0000] {log.py:232} WARNING - [[34m2024-08-09T08:05:54.035+0000[0m] {[34mproject.py:[0m35} INFO[0m - [35m(astronomer-cosmos)[0m - Project /usr/local/***/dags/Data_Marketplace does not have {'packages.yml', 'dependencies.yml'}[0m
[2024-08-09T08:05:54.035+0000] {project.py:35} INFO - Project /usr/local/***/dags/Data_Marketplace does not have {'packages.yml', 'dependencies.yml'}
[2024-08-09T08:05:54.041+0000] {log.py:232} WARNING - [[34m2024-08-09T08:05:54.041+0000[0m] {[34mproject.py:[0m35} INFO[0m - [35m(astronomer-cosmos)[0m - Project /usr/local/***/dags/Data_Marketplace does not have {'packages.yml', 'dependencies.yml'}[0m
[2024-08-09T08:05:54.049+0000] {log.py:232} WARNING - [[34m2024-08-09T08:05:54.041+0000[0m] {[34mproject.py:[0m35} INFO[0m - [35m(astronomer-cosmos)[0m - Project /usr/local/***/dags/Data_Marketplace does not have {'packages.yml', 'dependencies.yml'}[0m
[2024-08-09T08:05:54.041+0000] {project.py:35} INFO - Project /usr/local/***/dags/Data_Marketplace does not have {'packages.yml', 'dependencies.yml'}
[2024-08-09T08:05:54.050+0000] {log.py:232} WARNING - [[34m2024-08-09T08:05:54.050+0000[0m] {[34mproject.py:[0m35} INFO[0m - [35m(astronomer-cosmos)[0m - Project /usr/local/***/dags/Data_Marketplace does not have {'packages.yml', 'dependencies.yml'}[0m
[2024-08-09T08:05:54.050+0000] {log.py:232} WARNING - [[34m2024-08-09T08:05:54.050+0000[0m] {[34mproject.py:[0m35} INFO[0m - [35m(astronomer-cosmos)[0m - Project /usr/local/***/dags/Data_Marketplace does not have {'packages.yml', 'dependencies.yml'}[0m
[2024-08-09T08:05:54.050+0000] {project.py:35} INFO - Project /usr/local/***/dags/Data_Marketplace does not have {'packages.yml', 'dependencies.yml'}
[2024-08-09T08:05:54.062+0000] {log.py:232} WARNING - [[34m2024-08-09T08:05:54.062+0000[0m] {[34mproject.py:[0m35} INFO[0m - [35m(astronomer-cosmos)[0m - Project /usr/local/***/dags/Data_Marketplace does not have {'packages.yml', 'dependencies.yml'}[0m
[2024-08-09T08:05:54.062+0000] {log.py:232} WARNING - [[34m2024-08-09T08:05:54.062+0000[0m] {[34mproject.py:[0m35} INFO[0m - [35m(astronomer-cosmos)[0m - Project /usr/local/***/dags/Data_Marketplace does not have {'packages.yml', 'dependencies.yml'}[0m
[2024-08-09T08:05:54.062+0000] {project.py:35} INFO - Project /usr/local/***/dags/Data_Marketplace does not have {'packages.yml', 'dependencies.yml'}
[2024-08-09T08:05:54.078+0000] {log.py:232} WARNING - [[34m2024-08-09T08:05:54.078+0000[0m] {[34mproject.py:[0m35} INFO[0m - [35m(astronomer-cosmos)[0m - Project /usr/local/***/dags/Data_Marketplace does not have {'packages.yml', 'dependencies.yml'}[0m
[2024-08-09T08:05:54.078+0000] {log.py:232} WARNING - [[34m2024-08-09T08:05:54.078+0000[0m] {[34mproject.py:[0m35} INFO[0m - [35m(astronomer-cosmos)[0m - Project /usr/local/***/dags/Data_Marketplace does not have {'packages.yml', 'dependencies.yml'}[0m
[2024-08-09T08:05:54.078+0000] {project.py:35} INFO - Project /usr/local/***/dags/Data_Marketplace does not have {'packages.yml', 'dependencies.yml'}
[2024-08-09T08:05:54.084+0000] {log.py:232} WARNING - [[34m2024-08-09T08:05:54.084+0000[0m] {[34mproject.py:[0m35} INFO[0m - [35m(astronomer-cosmos)[0m - Project /usr/local/***/dags/Data_Marketplace does not have {'packages.yml', 'dependencies.yml'}[0m
[2024-08-09T08:05:54.086+0000] {log.py:232} WARNING - [[34m2024-08-09T08:05:54.084+0000[0m] {[34mproject.py:[0m35} INFO[0m - [35m(astronomer-cosmos)[0m - Project /usr/local/***/dags/Data_Marketplace does not have {'packages.yml', 'dependencies.yml'}[0m
[2024-08-09T08:05:54.084+0000] {project.py:35} INFO - Project /usr/local/***/dags/Data_Marketplace does not have {'packages.yml', 'dependencies.yml'}
[2024-08-09T08:05:54.094+0000] {log.py:232} WARNING - [[34m2024-08-09T08:05:54.093+0000[0m] {[34mproject.py:[0m35} INFO[0m - [35m(astronomer-cosmos)[0m - Project /usr/local/***/dags/Data_Marketplace does not have {'packages.yml', 'dependencies.yml'}[0m
[2024-08-09T08:05:54.094+0000] {log.py:232} WARNING - [[34m2024-08-09T08:05:54.093+0000[0m] {[34mproject.py:[0m35} INFO[0m - [35m(astronomer-cosmos)[0m - Project /usr/local/***/dags/Data_Marketplace does not have {'packages.yml', 'dependencies.yml'}[0m
[2024-08-09T08:05:54.093+0000] {project.py:35} INFO - Project /usr/local/***/dags/Data_Marketplace does not have {'packages.yml', 'dependencies.yml'}
[2024-08-09T08:05:54.102+0000] {log.py:232} WARNING - [[34m2024-08-09T08:05:54.101+0000[0m] {[34mproject.py:[0m35} INFO[0m - [35m(astronomer-cosmos)[0m - Project /usr/local/***/dags/Data_Marketplace does not have {'packages.yml', 'dependencies.yml'}[0m
[2024-08-09T08:05:54.102+0000] {log.py:232} WARNING - [[34m2024-08-09T08:05:54.101+0000[0m] {[34mproject.py:[0m35} INFO[0m - [35m(astronomer-cosmos)[0m - Project /usr/local/***/dags/Data_Marketplace does not have {'packages.yml', 'dependencies.yml'}[0m
[2024-08-09T08:05:54.101+0000] {project.py:35} INFO - Project /usr/local/***/dags/Data_Marketplace does not have {'packages.yml', 'dependencies.yml'}
[2024-08-09T08:05:54.107+0000] {log.py:232} WARNING - [[34m2024-08-09T08:05:54.107+0000[0m] {[34mproject.py:[0m35} INFO[0m - [35m(astronomer-cosmos)[0m - Project /usr/local/***/dags/Data_Marketplace does not have {'packages.yml', 'dependencies.yml'}[0m
[2024-08-09T08:05:54.110+0000] {log.py:232} WARNING - [[34m2024-08-09T08:05:54.107+0000[0m] {[34mproject.py:[0m35} INFO[0m - [35m(astronomer-cosmos)[0m - Project /usr/local/***/dags/Data_Marketplace does not have {'packages.yml', 'dependencies.yml'}[0m
[2024-08-09T08:05:54.107+0000] {project.py:35} INFO - Project /usr/local/***/dags/Data_Marketplace does not have {'packages.yml', 'dependencies.yml'}
[2024-08-09T08:05:54.118+0000] {log.py:232} WARNING - [[34m2024-08-09T08:05:54.118+0000[0m] {[34mproject.py:[0m35} INFO[0m - [35m(astronomer-cosmos)[0m - Project /usr/local/***/dags/Data_Marketplace does not have {'packages.yml', 'dependencies.yml'}[0m
[2024-08-09T08:05:54.118+0000] {log.py:232} WARNING - [[34m2024-08-09T08:05:54.118+0000[0m] {[34mproject.py:[0m35} INFO[0m - [35m(astronomer-cosmos)[0m - Project /usr/local/***/dags/Data_Marketplace does not have {'packages.yml', 'dependencies.yml'}[0m
[2024-08-09T08:05:54.118+0000] {project.py:35} INFO - Project /usr/local/***/dags/Data_Marketplace does not have {'packages.yml', 'dependencies.yml'}
[2024-08-09T08:05:54.119+0000] {log.py:232} WARNING - [[34m2024-08-09T08:05:54.119+0000[0m] {[34mgraph.py:[0m173} WARNING[0m - [35m(astronomer-cosmos)[0m - Unavailable conversion function for <DbtResourceType.SOURCE> (node <source.Data_Marketplace.Raw.City>). Define a converter function using render_config.node_converters.[0m
[2024-08-09T08:05:54.132+0000] {log.py:232} WARNING - [[34m2024-08-09T08:05:54.119+0000[0m] {[34mgraph.py:[0m173} WARNING[0m - [35m(astronomer-cosmos)[0m - Unavailable conversion function for <DbtResourceType.SOURCE> (node <source.Data_Marketplace.Raw.City>). Define a converter function using render_config.node_converters.[0m
[2024-08-09T08:05:54.119+0000] {graph.py:173} WARNING - Unavailable conversion function for <DbtResourceType.SOURCE> (node <source.Data_Marketplace.Raw.City>). Define a converter function using render_config.node_converters.
[2024-08-09T08:05:54.132+0000] {log.py:232} WARNING - [[34m2024-08-09T08:05:54.132+0000[0m] {[34mgraph.py:[0m173} WARNING[0m - [35m(astronomer-cosmos)[0m - Unavailable conversion function for <DbtResourceType.SOURCE> (node <source.Data_Marketplace.Raw.Province>). Define a converter function using render_config.node_converters.[0m
[2024-08-09T08:05:54.133+0000] {log.py:232} WARNING - [[34m2024-08-09T08:05:54.132+0000[0m] {[34mgraph.py:[0m173} WARNING[0m - [35m(astronomer-cosmos)[0m - Unavailable conversion function for <DbtResourceType.SOURCE> (node <source.Data_Marketplace.Raw.Province>). Define a converter function using render_config.node_converters.[0m
[2024-08-09T08:05:54.132+0000] {graph.py:173} WARNING - Unavailable conversion function for <DbtResourceType.SOURCE> (node <source.Data_Marketplace.Raw.Province>). Define a converter function using render_config.node_converters.
[2024-08-09T08:05:54.142+0000] {log.py:232} WARNING - [[34m2024-08-09T08:05:54.142+0000[0m] {[34mgraph.py:[0m173} WARNING[0m - [35m(astronomer-cosmos)[0m - Unavailable conversion function for <DbtResourceType.SOURCE> (node <source.Data_Marketplace.Raw.Weather_Data>). Define a converter function using render_config.node_converters.[0m
[2024-08-09T08:05:54.142+0000] {log.py:232} WARNING - [[34m2024-08-09T08:05:54.142+0000[0m] {[34mgraph.py:[0m173} WARNING[0m - [35m(astronomer-cosmos)[0m - Unavailable conversion function for <DbtResourceType.SOURCE> (node <source.Data_Marketplace.Raw.Weather_Data>). Define a converter function using render_config.node_converters.[0m
[2024-08-09T08:05:54.142+0000] {graph.py:173} WARNING - Unavailable conversion function for <DbtResourceType.SOURCE> (node <source.Data_Marketplace.Raw.Weather_Data>). Define a converter function using render_config.node_converters.
[2024-08-09T08:05:54.160+0000] {log.py:232} WARNING - [[34m2024-08-09T08:05:54.159+0000[0m] {[34mconverter.py:[0m293} INFO[0m - [35m(astronomer-cosmos)[0m - Cosmos performance (dbt_dag) - [ubuntu|80]: It took 0.173s to build the Airflow DAG.[0m
[2024-08-09T08:05:54.160+0000] {log.py:232} WARNING - [[34m2024-08-09T08:05:54.159+0000[0m] {[34mconverter.py:[0m293} INFO[0m - [35m(astronomer-cosmos)[0m - Cosmos performance (dbt_dag) - [ubuntu|80]: It took 0.173s to build the Airflow DAG.[0m
[2024-08-09T08:05:54.159+0000] {converter.py:293} INFO - Cosmos performance (dbt_dag) - [ubuntu|80]: It took 0.173s to build the Airflow DAG.
[2024-08-09T08:05:54.161+0000] {log.py:232} WARNING - [[34m2024-08-09T08:05:54.161+0000[0m] {[34mlocal.py:[0m174} INFO[0m - [35m(astronomer-cosmos)[0m - Could not import dbtRunner. Falling back to subprocess for invoking dbt.[0m
[2024-08-09T08:05:54.161+0000] {log.py:232} WARNING - [[34m2024-08-09T08:05:54.161+0000[0m] {[34mlocal.py:[0m174} INFO[0m - [35m(astronomer-cosmos)[0m - Could not import dbtRunner. Falling back to subprocess for invoking dbt.[0m
[2024-08-09T08:05:54.161+0000] {local.py:174} INFO - Could not import dbtRunner. Falling back to subprocess for invoking dbt.
[2024-08-09T08:05:54.174+0000] {log.py:232} WARNING - [[34m2024-08-09T08:05:54.173+0000[0m] {[34mlocal.py:[0m292} INFO[0m - [35m(astronomer-cosmos)[0m - Cloning project to writable temp directory /tmp/tmp8x0ablde from /usr/local/***/dags/Data_Marketplace[0m
[2024-08-09T08:05:54.174+0000] {log.py:232} WARNING - [[34m2024-08-09T08:05:54.173+0000[0m] {[34mlocal.py:[0m292} INFO[0m - [35m(astronomer-cosmos)[0m - Cloning project to writable temp directory /tmp/tmp8x0ablde from /usr/local/***/dags/Data_Marketplace[0m
[2024-08-09T08:05:54.173+0000] {local.py:292} INFO - Cloning project to writable temp directory /tmp/tmp8x0ablde from /usr/local/airflow/dags/Data_Marketplace
[2024-08-09T08:05:54.184+0000] {log.py:232} WARNING - [[34m2024-08-09T08:05:54.183+0000[0m] {[34mlocal.py:[0m303} INFO[0m - [35m(astronomer-cosmos)[0m - Partial parse is enabled and the latest partial parse file is /usr/local/***/dags/Data_Marketplace/target/partial_parse.msgpack[0m
[2024-08-09T08:05:54.192+0000] {log.py:232} WARNING - [[34m2024-08-09T08:05:54.183+0000[0m] {[34mlocal.py:[0m303} INFO[0m - [35m(astronomer-cosmos)[0m - Partial parse is enabled and the latest partial parse file is /usr/local/***/dags/Data_Marketplace/target/partial_parse.msgpack[0m
[2024-08-09T08:05:54.183+0000] {local.py:303} INFO - Partial parse is enabled and the latest partial parse file is /usr/local/airflow/dags/Data_Marketplace/target/partial_parse.msgpack
[2024-08-09T08:05:54.278+0000] {log.py:232} WARNING - [[34m2024-08-09T08:05:54.278+0000[0m] {[34mconfig.py:[0m292} INFO[0m - [35m(astronomer-cosmos)[0m - Profile caching is enable.[0m
[2024-08-09T08:05:54.298+0000] {log.py:232} WARNING - [[34m2024-08-09T08:05:54.278+0000[0m] {[34mconfig.py:[0m292} INFO[0m - [35m(astronomer-cosmos)[0m - Profile caching is enable.[0m
[2024-08-09T08:05:54.278+0000] {config.py:292} INFO - Profile caching is enable.
[2024-08-09T08:05:54.359+0000] {base.py:84} INFO - Using connection ID 'snowflake_conn' for task execution.
[2024-08-09T08:05:54.408+0000] {log.py:232} WARNING - [[34m2024-08-09T08:05:54.408+0000[0m] {[34mconfig.py:[0m272} INFO[0m - [35m(astronomer-cosmos)[0m - Profile found in cache using profile: /tmp/cosmos/profile/ec71862f850e9b0839075fe0561d5062ab3dd99ef2a3dac2fe4fc1486f2849d0/profiles.yml.[0m
[2024-08-09T08:05:54.408+0000] {log.py:232} WARNING - [[34m2024-08-09T08:05:54.408+0000[0m] {[34mconfig.py:[0m272} INFO[0m - [35m(astronomer-cosmos)[0m - Profile found in cache using profile: /tmp/cosmos/profile/ec71862f850e9b0839075fe0561d5062ab3dd99ef2a3dac2fe4fc1486f2849d0/profiles.yml.[0m
[2024-08-09T08:05:54.408+0000] {config.py:272} INFO - Profile found in cache using profile: /tmp/cosmos/profile/ec71862f850e9b0839075fe0561d5062ab3dd99ef2a3dac2fe4fc1486f2849d0/profiles.yml.
[2024-08-09T08:05:54.418+0000] {log.py:232} WARNING - [[34m2024-08-09T08:05:54.418+0000[0m] {[34mlocal.py:[0m247} INFO[0m - [35m(astronomer-cosmos)[0m - Trying to run the command:
 ['/opt/***/dbt_venv/bin/dbt', 'run', '--models', 'stg_city', '--project-dir', '/tmp/tmp8x0ablde', '--profiles-dir', '/tmp/cosmos/profile/ec71862f850e9b0839075fe0561d5062ab3dd99ef2a3dac2fe4fc1486f2849d0', '--profile', 'Data_Marketplace', '--target', 'dev']
From /tmp/tmp8x0ablde[0m
[2024-08-09T08:05:54.419+0000] {log.py:232} WARNING - [[34m2024-08-09T08:05:54.418+0000[0m] {[34mlocal.py:[0m247} INFO[0m - [35m(astronomer-cosmos)[0m - Trying to run the command:
 ['/opt/***/dbt_venv/bin/dbt', 'run', '--models', 'stg_city', '--project-dir', '/tmp/tmp8x0ablde', '--profiles-dir', '/tmp/cosmos/profile/ec71862f850e9b0839075fe0561d5062ab3dd99ef2a3dac2fe4fc1486f2849d0', '--profile', 'Data_Marketplace', '--target', 'dev']
From /tmp/tmp8x0ablde[0m
[2024-08-09T08:05:54.418+0000] {local.py:247} INFO - Trying to run the command:
 ['/opt/***/dbt_venv/bin/dbt', 'run', '--models', 'stg_city', '--project-dir', '/tmp/tmp8x0ablde', '--profiles-dir', '/tmp/cosmos/profile/ec71862f850e9b0839075fe0561d5062ab3dd99ef2a3dac2fe4fc1486f2849d0', '--profile', 'Data_Marketplace', '--target', 'dev']
From /tmp/tmp8x0ablde
[2024-08-09T08:05:54.425+0000] {log.py:232} WARNING - [[34m2024-08-09T08:05:54.425+0000[0m] {[34msubprocess.py:[0m60} INFO[0m - [35m(astronomer-cosmos)[0m - Tmp dir root location: 
 /tmp[0m
[2024-08-09T08:05:54.426+0000] {log.py:232} WARNING - [[34m2024-08-09T08:05:54.425+0000[0m] {[34msubprocess.py:[0m60} INFO[0m - [35m(astronomer-cosmos)[0m - Tmp dir root location: 
 /tmp[0m
[2024-08-09T08:05:54.425+0000] {subprocess.py:60} INFO - Tmp dir root location: 
 /tmp
[2024-08-09T08:05:54.438+0000] {log.py:232} WARNING - [[34m2024-08-09T08:05:54.426+0000[0m] {[34msubprocess.py:[0m73} INFO[0m - [35m(astronomer-cosmos)[0m - Running command: ['/opt/***/dbt_venv/bin/dbt', 'run', '--models', 'stg_city', '--project-dir', '/tmp/tmp8x0ablde', '--profiles-dir', '/tmp/cosmos/profile/ec71862f850e9b0839075fe0561d5062ab3dd99ef2a3dac2fe4fc1486f2849d0', '--profile', 'Data_Marketplace', '--target', 'dev'][0m
[2024-08-09T08:05:54.439+0000] {log.py:232} WARNING - [[34m2024-08-09T08:05:54.426+0000[0m] {[34msubprocess.py:[0m73} INFO[0m - [35m(astronomer-cosmos)[0m - Running command: ['/opt/***/dbt_venv/bin/dbt', 'run', '--models', 'stg_city', '--project-dir', '/tmp/tmp8x0ablde', '--profiles-dir', '/tmp/cosmos/profile/ec71862f850e9b0839075fe0561d5062ab3dd99ef2a3dac2fe4fc1486f2849d0', '--profile', 'Data_Marketplace', '--target', 'dev'][0m
[2024-08-09T08:05:54.426+0000] {subprocess.py:73} INFO - Running command: ['/opt/***/dbt_venv/bin/dbt', 'run', '--models', 'stg_city', '--project-dir', '/tmp/tmp8x0ablde', '--profiles-dir', '/tmp/cosmos/profile/ec71862f850e9b0839075fe0561d5062ab3dd99ef2a3dac2fe4fc1486f2849d0', '--profile', 'Data_Marketplace', '--target', 'dev']
[2024-08-09T08:05:54.539+0000] {log.py:232} WARNING - [[34m2024-08-09T08:05:54.539+0000[0m] {[34msubprocess.py:[0m84} INFO[0m - [35m(astronomer-cosmos)[0m - Command output:[0m
[2024-08-09T08:05:54.540+0000] {log.py:232} WARNING - [[34m2024-08-09T08:05:54.539+0000[0m] {[34msubprocess.py:[0m84} INFO[0m - [35m(astronomer-cosmos)[0m - Command output:[0m
[2024-08-09T08:05:54.539+0000] {subprocess.py:84} INFO - Command output:
[2024-08-09T08:06:09.162+0000] {log.py:232} WARNING - [[34m2024-08-09T08:06:09.162+0000[0m] {[34msubprocess.py:[0m94} INFO[0m - [35m(astronomer-cosmos)[0m - [0m08:06:09  Running with dbt=1.8.5[0m
[2024-08-09T08:06:09.163+0000] {log.py:232} WARNING - [[34m2024-08-09T08:06:09.162+0000[0m] {[34msubprocess.py:[0m94} INFO[0m - [35m(astronomer-cosmos)[0m - [0m08:06:09  Running with dbt=1.8.5[0m
[2024-08-09T08:06:09.162+0000] {subprocess.py:94} INFO - [0m08:06:09  Running with dbt=1.8.5
[2024-08-09T08:06:12.668+0000] {log.py:232} WARNING - [[34m2024-08-09T08:06:12.668+0000[0m] {[34msubprocess.py:[0m94} INFO[0m - [35m(astronomer-cosmos)[0m - [0m08:06:12  Registered adapter: snowflake=1.8.3[0m
[2024-08-09T08:06:12.669+0000] {log.py:232} WARNING - [[34m2024-08-09T08:06:12.668+0000[0m] {[34msubprocess.py:[0m94} INFO[0m - [35m(astronomer-cosmos)[0m - [0m08:06:12  Registered adapter: snowflake=1.8.3[0m
[2024-08-09T08:06:12.668+0000] {subprocess.py:94} INFO - [0m08:06:12  Registered adapter: snowflake=1.8.3
[2024-08-09T08:06:14.335+0000] {log.py:232} WARNING - [[34m2024-08-09T08:06:14.335+0000[0m] {[34msubprocess.py:[0m94} INFO[0m - [35m(astronomer-cosmos)[0m - [0m08:06:14  Unable to do partial parsing because config vars, config profile, or config target have changed[0m
[2024-08-09T08:06:14.336+0000] {log.py:232} WARNING - [[34m2024-08-09T08:06:14.335+0000[0m] {[34msubprocess.py:[0m94} INFO[0m - [35m(astronomer-cosmos)[0m - [0m08:06:14  Unable to do partial parsing because config vars, config profile, or config target have changed[0m
[2024-08-09T08:06:14.335+0000] {subprocess.py:94} INFO - [0m08:06:14  Unable to do partial parsing because config vars, config profile, or config target have changed
[2024-08-09T08:06:30.723+0000] {log.py:232} WARNING - [[34m2024-08-09T08:06:30.723+0000[0m] {[34msubprocess.py:[0m94} INFO[0m - [35m(astronomer-cosmos)[0m - [0m08:06:30  Found 9 models, 2 snapshots, 3 seeds, 2 data tests, 3 sources, 448 macros[0m
[2024-08-09T08:06:30.724+0000] {log.py:232} WARNING - [[34m2024-08-09T08:06:30.723+0000[0m] {[34msubprocess.py:[0m94} INFO[0m - [35m(astronomer-cosmos)[0m - [0m08:06:30  Found 9 models, 2 snapshots, 3 seeds, 2 data tests, 3 sources, 448 macros[0m
[2024-08-09T08:06:30.723+0000] {subprocess.py:94} INFO - [0m08:06:30  Found 9 models, 2 snapshots, 3 seeds, 2 data tests, 3 sources, 448 macros
[2024-08-09T08:06:30.741+0000] {log.py:232} WARNING - [[34m2024-08-09T08:06:30.741+0000[0m] {[34msubprocess.py:[0m94} INFO[0m - [35m(astronomer-cosmos)[0m - [0m08:06:30[0m
[2024-08-09T08:06:30.744+0000] {log.py:232} WARNING - [[34m2024-08-09T08:06:30.741+0000[0m] {[34msubprocess.py:[0m94} INFO[0m - [35m(astronomer-cosmos)[0m - [0m08:06:30[0m
[2024-08-09T08:06:30.741+0000] {subprocess.py:94} INFO - [0m08:06:30
[2024-08-09T08:06:34.538+0000] {log.py:232} WARNING - [[34m2024-08-09T08:06:34.538+0000[0m] {[34msubprocess.py:[0m94} INFO[0m - [35m(astronomer-cosmos)[0m - [0m08:06:34  Concurrency: 1 threads (target='dev')[0m
[2024-08-09T08:06:34.539+0000] {log.py:232} WARNING - [[34m2024-08-09T08:06:34.538+0000[0m] {[34msubprocess.py:[0m94} INFO[0m - [35m(astronomer-cosmos)[0m - [0m08:06:34  Concurrency: 1 threads (target='dev')[0m
[2024-08-09T08:06:34.538+0000] {subprocess.py:94} INFO - [0m08:06:34  Concurrency: 1 threads (target='dev')
[2024-08-09T08:06:34.542+0000] {log.py:232} WARNING - [[34m2024-08-09T08:06:34.542+0000[0m] {[34msubprocess.py:[0m94} INFO[0m - [35m(astronomer-cosmos)[0m - [0m08:06:34[0m
[2024-08-09T08:06:34.542+0000] {log.py:232} WARNING - [[34m2024-08-09T08:06:34.542+0000[0m] {[34msubprocess.py:[0m94} INFO[0m - [35m(astronomer-cosmos)[0m - [0m08:06:34[0m
[2024-08-09T08:06:34.542+0000] {subprocess.py:94} INFO - [0m08:06:34
[2024-08-09T08:06:34.572+0000] {log.py:232} WARNING - [[34m2024-08-09T08:06:34.572+0000[0m] {[34msubprocess.py:[0m94} INFO[0m - [35m(astronomer-cosmos)[0m - [0m08:06:34[0m
[2024-08-09T08:06:34.573+0000] {log.py:232} WARNING - [[34m2024-08-09T08:06:34.572+0000[0m] {[34msubprocess.py:[0m94} INFO[0m - [35m(astronomer-cosmos)[0m - [0m08:06:34[0m
[2024-08-09T08:06:34.572+0000] {subprocess.py:94} INFO - [0m08:06:34
[2024-08-09T08:06:34.576+0000] {log.py:232} WARNING - [[34m2024-08-09T08:06:34.576+0000[0m] {[34msubprocess.py:[0m94} INFO[0m - [35m(astronomer-cosmos)[0m - [0m08:06:34  Finished running  in 0 hours 0 minutes and 3.84 seconds (3.84s).[0m
[2024-08-09T08:06:34.576+0000] {log.py:232} WARNING - [[34m2024-08-09T08:06:34.576+0000[0m] {[34msubprocess.py:[0m94} INFO[0m - [35m(astronomer-cosmos)[0m - [0m08:06:34  Finished running  in 0 hours 0 minutes and 3.84 seconds (3.84s).[0m
[2024-08-09T08:06:34.576+0000] {subprocess.py:94} INFO - [0m08:06:34  Finished running  in 0 hours 0 minutes and 3.84 seconds (3.84s).
[2024-08-09T08:06:36.079+0000] {log.py:232} WARNING - [[34m2024-08-09T08:06:36.078+0000[0m] {[34msubprocess.py:[0m98} INFO[0m - [35m(astronomer-cosmos)[0m - Command exited with return code 0[0m
[2024-08-09T08:06:36.079+0000] {log.py:232} WARNING - [[34m2024-08-09T08:06:36.078+0000[0m] {[34msubprocess.py:[0m98} INFO[0m - [35m(astronomer-cosmos)[0m - Command exited with return code 0[0m
[2024-08-09T08:06:36.078+0000] {subprocess.py:98} INFO - Command exited with return code 0
[2024-08-09T08:06:36.083+0000] {log.py:232} WARNING - [[34m2024-08-09T08:06:36.082+0000[0m] {[34mlocal.py:[0m254} INFO[0m - [35m(astronomer-cosmos)[0m - [0m08:06:34  Finished running  in 0 hours 0 minutes and 3.84 seconds (3.84s).[0m
[2024-08-09T08:06:36.085+0000] {log.py:232} WARNING - [[34m2024-08-09T08:06:36.082+0000[0m] {[34mlocal.py:[0m254} INFO[0m - [35m(astronomer-cosmos)[0m - [0m08:06:34  Finished running  in 0 hours 0 minutes and 3.84 seconds (3.84s).[0m
[2024-08-09T08:06:36.082+0000] {local.py:254} INFO - [0m08:06:34  Finished running  in 0 hours 0 minutes and 3.84 seconds (3.84s).
[2024-08-09T08:06:36.101+0000] {local.py:196} WARNING - Artifact schema version: https://schemas.getdbt.com/dbt/manifest/v12.json is above dbt-ol supported version 7. This might cause errors.
[2024-08-09T08:06:36.102+0000] {local.py:196} WARNING - Artifact schema version: https://schemas.getdbt.com/dbt/run-results/v6.json is above dbt-ol supported version 5. This might cause errors.
[2024-08-09T08:06:36.109+0000] {log.py:232} WARNING - [[34m2024-08-09T08:06:36.108+0000[0m] {[34mlocal.py:[0m349} INFO[0m - [35m(astronomer-cosmos)[0m - Inlets: [][0m
[2024-08-09T08:06:36.109+0000] {log.py:232} WARNING - [[34m2024-08-09T08:06:36.108+0000[0m] {[34mlocal.py:[0m349} INFO[0m - [35m(astronomer-cosmos)[0m - Inlets: [][0m
[2024-08-09T08:06:36.108+0000] {local.py:349} INFO - Inlets: []
[2024-08-09T08:06:36.110+0000] {log.py:232} WARNING - [[34m2024-08-09T08:06:36.110+0000[0m] {[34mlocal.py:[0m350} INFO[0m - [35m(astronomer-cosmos)[0m - Outlets: [][0m
[2024-08-09T08:06:36.110+0000] {log.py:232} WARNING - [[34m2024-08-09T08:06:36.110+0000[0m] {[34mlocal.py:[0m350} INFO[0m - [35m(astronomer-cosmos)[0m - Outlets: [][0m
[2024-08-09T08:06:36.110+0000] {local.py:350} INFO - Outlets: []
[2024-08-09T08:06:36.111+0000] {dag.py:3096} INFO - Sync 1 DAGs
[2024-08-09T08:06:36.160+0000] {dag.py:3954} INFO - Setting next_dagrun for dbt_dag to 2024-08-09 00:00:00+00:00, run_after=2024-08-10 00:00:00+00:00
[2024-08-09T08:06:36.205+0000] {taskinstance.py:441} INFO - ::group::Post task execution logs
[2024-08-09T08:06:36.225+0000] {taskinstance.py:1206} INFO - Marking task as SUCCESS. dag_id=dbt_dag, task_id=stg_city_run, run_id=scheduled__2024-08-08T00:00:00+00:00, execution_date=20240808T000000, start_date=20240809T080552, end_date=20240809T080636
[2024-08-09T08:06:36.265+0000] {local_task_job_runner.py:240} INFO - Task exited with return code 0
[2024-08-09T08:06:36.344+0000] {taskinstance.py:3503} INFO - 0 downstream tasks scheduled from follow-on schedule check
[2024-08-09T08:06:36.357+0000] {local_task_job_runner.py:222} INFO - ::endgroup::
