[2024-08-16T09:48:08.477+0000] {local_task_job_runner.py:120} INFO - ::group::Pre task execution logs
[2024-08-16T09:48:08.493+0000] {taskinstance.py:2076} INFO - Dependencies all met for dep_context=non-requeueable deps ti=<TaskInstance: Prediction_Model.Call_Prepare_Data_Procedure manual__2024-08-16T09:47:32.212437+00:00 [queued]>
[2024-08-16T09:48:08.504+0000] {taskinstance.py:2076} INFO - Dependencies all met for dep_context=requeueable deps ti=<TaskInstance: Prediction_Model.Call_Prepare_Data_Procedure manual__2024-08-16T09:47:32.212437+00:00 [queued]>
[2024-08-16T09:48:08.504+0000] {taskinstance.py:2306} INFO - Starting attempt 1 of 1
[2024-08-16T09:48:08.520+0000] {taskinstance.py:2330} INFO - Executing <Task(PythonOperator): Call_Prepare_Data_Procedure> on 2024-08-16 09:47:32.212437+00:00
[2024-08-16T09:48:08.527+0000] {warnings.py:112} WARNING - /home/***/.local/lib/python3.12/site-packages/***/task/task_runner/standard_task_runner.py:61: DeprecationWarning: This process (pid=1701) is multi-threaded, use of fork() may lead to deadlocks in the child.
  pid = os.fork()

[2024-08-16T09:48:08.529+0000] {standard_task_runner.py:63} INFO - Started process 1703 to run task
[2024-08-16T09:48:08.530+0000] {standard_task_runner.py:90} INFO - Running: ['***', 'tasks', 'run', 'Prediction_Model', 'Call_Prepare_Data_Procedure', 'manual__2024-08-16T09:47:32.212437+00:00', '--job-id', '1199', '--raw', '--subdir', 'DAGS_FOLDER/Prediction_Model.py', '--cfg-path', '/tmp/tmpf8wfulbt']
[2024-08-16T09:48:08.532+0000] {standard_task_runner.py:91} INFO - Job 1199: Subtask Call_Prepare_Data_Procedure
[2024-08-16T09:48:08.573+0000] {task_command.py:426} INFO - Running <TaskInstance: Prediction_Model.Call_Prepare_Data_Procedure manual__2024-08-16T09:47:32.212437+00:00 [running]> on host ubuntu
[2024-08-16T09:48:08.670+0000] {taskinstance.py:2648} INFO - Exporting env vars: AIRFLOW_CTX_DAG_OWNER='Ducky' AIRFLOW_CTX_DAG_ID='Prediction_Model' AIRFLOW_CTX_TASK_ID='Call_Prepare_Data_Procedure' AIRFLOW_CTX_EXECUTION_DATE='2024-08-16T09:47:32.212437+00:00' AIRFLOW_CTX_TRY_NUMBER='1' AIRFLOW_CTX_DAG_RUN_ID='manual__2024-08-16T09:47:32.212437+00:00'
[2024-08-16T09:48:08.672+0000] {taskinstance.py:430} INFO - ::endgroup::
[2024-08-16T09:48:08.695+0000] {base.py:84} INFO - Using connection ID 'snowflake_conn' for task execution.
[2024-08-16T09:48:08.697+0000] {connection.py:399} INFO - Snowflake Connector for Python Version: 3.10.1, Python Version: 3.12.4, Platform: Linux-5.15.153.1-microsoft-standard-WSL2-x86_64-with-glibc2.36
[2024-08-16T09:48:08.698+0000] {connection.py:1239} INFO - This connection is in OCSP Fail Open Mode. TLS Certificates would be checked for validity and revocation status. Any other Certificate Revocation related exceptions or OCSP Responder failures would be disregarded in favor of connectivity.
[2024-08-16T09:48:09.927+0000] {logging_mixin.py:188} INFO - <class 'datetime.date'>
[2024-08-16T09:48:14.343+0000] {cursor.py:1149} INFO - Number of results in first chunk: 1
[2024-08-16T09:48:14.345+0000] {connection.py:762} INFO - closed
[2024-08-16T09:48:14.485+0000] {connection.py:768} INFO - No async queries seem to be running, deleting session
[2024-08-16T09:48:14.640+0000] {python.py:237} INFO - Done. Returned value was: None
[2024-08-16T09:48:14.641+0000] {taskinstance.py:441} INFO - ::group::Post task execution logs
[2024-08-16T09:48:14.650+0000] {taskinstance.py:1206} INFO - Marking task as SUCCESS. dag_id=Prediction_Model, task_id=Call_Prepare_Data_Procedure, run_id=manual__2024-08-16T09:47:32.212437+00:00, execution_date=20240816T094732, start_date=20240816T094808, end_date=20240816T094814
[2024-08-16T09:48:14.680+0000] {local_task_job_runner.py:240} INFO - Task exited with return code 0
[2024-08-16T09:48:14.720+0000] {taskinstance.py:3503} INFO - 1 downstream tasks scheduled from follow-on schedule check
[2024-08-16T09:48:14.724+0000] {local_task_job_runner.py:222} INFO - ::endgroup::
