[2024-08-09T09:12:12.196+0000] {local_task_job_runner.py:120} INFO - ::group::Pre task execution logs
[2024-08-09T09:12:12.225+0000] {taskinstance.py:2076} INFO - Dependencies all met for dep_context=non-requeueable deps ti=<TaskInstance: Scrape_City.city_models.scd_city_snapshot manual__2024-08-09T09:10:46.597523+00:00 [queued]>
[2024-08-09T09:12:12.427+0000] {taskinstance.py:2076} INFO - Dependencies all met for dep_context=requeueable deps ti=<TaskInstance: Scrape_City.city_models.scd_city_snapshot manual__2024-08-09T09:10:46.597523+00:00 [queued]>
[2024-08-09T09:12:12.427+0000] {taskinstance.py:2306} INFO - Starting attempt 1 of 3
[2024-08-09T09:12:12.440+0000] {taskinstance.py:2330} INFO - Executing <Task(DbtSnapshotLocalOperator): city_models.scd_city_snapshot> on 2024-08-09 09:10:46.597523+00:00
[2024-08-09T09:12:12.452+0000] {warnings.py:112} WARNING - /home/***/.local/lib/python3.12/site-packages/***/task/task_runner/standard_task_runner.py:61: DeprecationWarning: This process (pid=1516) is multi-threaded, use of fork() may lead to deadlocks in the child.
  pid = os.fork()

[2024-08-09T09:12:12.453+0000] {standard_task_runner.py:63} INFO - Started process 1518 to run task
[2024-08-09T09:12:12.454+0000] {standard_task_runner.py:90} INFO - Running: ['***', 'tasks', 'run', 'Scrape_City', 'city_models.scd_city_snapshot', 'manual__2024-08-09T09:10:46.597523+00:00', '--job-id', '98', '--raw', '--subdir', 'DAGS_FOLDER/City_Extraction.py', '--cfg-path', '/tmp/tmpmatxyqbb']
[2024-08-09T09:12:12.457+0000] {standard_task_runner.py:91} INFO - Job 98: Subtask city_models.scd_city_snapshot
[2024-08-09T09:12:12.471+0000] {warnings.py:112} WARNING - /home/***/.local/lib/python3.12/site-packages/***/settings.py:195: DeprecationWarning: The sql_alchemy_conn option in [core] has been moved to the sql_alchemy_conn option in [database] - the old setting has been used, but please update your config.
  SQL_ALCHEMY_CONN = conf.get("database", "SQL_ALCHEMY_CONN")

[2024-08-09T09:12:12.506+0000] {task_command.py:426} INFO - Running <TaskInstance: Scrape_City.city_models.scd_city_snapshot manual__2024-08-09T09:10:46.597523+00:00 [running]> on host ubuntu
[2024-08-09T09:12:12.593+0000] {taskinstance.py:2648} INFO - Exporting env vars: AIRFLOW_CTX_DAG_OWNER='Ducky' AIRFLOW_CTX_DAG_ID='Scrape_City' AIRFLOW_CTX_TASK_ID='city_models.scd_city_snapshot' AIRFLOW_CTX_EXECUTION_DATE='2024-08-09T09:10:46.597523+00:00' AIRFLOW_CTX_TRY_NUMBER='1' AIRFLOW_CTX_DAG_RUN_ID='manual__2024-08-09T09:10:46.597523+00:00'
[2024-08-09T09:12:12.596+0000] {taskinstance.py:430} INFO - ::endgroup::
[2024-08-09T09:12:12.617+0000] {log.py:232} WARNING - [[34m2024-08-09T09:12:12.616+0000[0m] {[34mgraph.py:[0m377} INFO[0m - [35m(astronomer-cosmos)[0m - Trying to parse the dbt project using dbt ls cache cosmos_cache__dbt_dag_filterd__customers_group...[0m
[2024-08-09T09:12:12.617+0000] {log.py:232} WARNING - [[34m2024-08-09T09:12:12.616+0000[0m] {[34mgraph.py:[0m377} INFO[0m - [35m(astronomer-cosmos)[0m - Trying to parse the dbt project using dbt ls cache cosmos_cache__dbt_dag_filterd__customers_group...[0m
[2024-08-09T09:12:12.616+0000] {graph.py:377} INFO - Trying to parse the dbt project using dbt ls cache cosmos_cache__dbt_dag_filterd__customers_group...
[2024-08-09T09:12:12.633+0000] {log.py:232} WARNING - [[34m2024-08-09T09:12:12.633+0000[0m] {[34mcache.py:[0m262} INFO[0m - [35m(astronomer-cosmos)[0m - Cosmos performance: time to calculate cache identifier cosmos_cache__dbt_dag_filterd__customers_group for current version: 0.006331395999950473[0m
[2024-08-09T09:12:12.634+0000] {log.py:232} WARNING - [[34m2024-08-09T09:12:12.633+0000[0m] {[34mcache.py:[0m262} INFO[0m - [35m(astronomer-cosmos)[0m - Cosmos performance: time to calculate cache identifier cosmos_cache__dbt_dag_filterd__customers_group for current version: 0.006331395999950473[0m
[2024-08-09T09:12:12.633+0000] {cache.py:262} INFO - Cosmos performance: time to calculate cache identifier cosmos_cache__dbt_dag_filterd__customers_group for current version: 0.006331395999950473
[2024-08-09T09:12:12.635+0000] {log.py:232} WARNING - [[34m2024-08-09T09:12:12.634+0000[0m] {[34mgraph.py:[0m394} INFO[0m - [35m(astronomer-cosmos)[0m - Cosmos performance [ubuntu|1518]: The cache size for cosmos_cache__dbt_dag_filterd__customers_group is 3094[0m
[2024-08-09T09:12:12.635+0000] {log.py:232} WARNING - [[34m2024-08-09T09:12:12.634+0000[0m] {[34mgraph.py:[0m394} INFO[0m - [35m(astronomer-cosmos)[0m - Cosmos performance [ubuntu|1518]: The cache size for cosmos_cache__dbt_dag_filterd__customers_group is 3094[0m
[2024-08-09T09:12:12.634+0000] {graph.py:394} INFO - Cosmos performance [ubuntu|1518]: The cache size for cosmos_cache__dbt_dag_filterd__customers_group is 3094
[2024-08-09T09:12:12.636+0000] {log.py:232} WARNING - [[34m2024-08-09T09:12:12.636+0000[0m] {[34mgraph.py:[0m402} INFO[0m - [35m(astronomer-cosmos)[0m - Cosmos performance: Cache hit for cosmos_cache__dbt_dag_filterd__customers_group - f0894e22ca1fc514beb9335fa3aa34e2,5f7d44698c4b67134aff532494870c9c[0m
[2024-08-09T09:12:12.636+0000] {log.py:232} WARNING - [[34m2024-08-09T09:12:12.636+0000[0m] {[34mgraph.py:[0m402} INFO[0m - [35m(astronomer-cosmos)[0m - Cosmos performance: Cache hit for cosmos_cache__dbt_dag_filterd__customers_group - f0894e22ca1fc514beb9335fa3aa34e2,5f7d44698c4b67134aff532494870c9c[0m
[2024-08-09T09:12:12.636+0000] {graph.py:402} INFO - Cosmos performance: Cache hit for cosmos_cache__dbt_dag_filterd__customers_group - f0894e22ca1fc514beb9335fa3aa34e2,5f7d44698c4b67134aff532494870c9c
[2024-08-09T09:12:12.637+0000] {log.py:232} WARNING - [[34m2024-08-09T09:12:12.637+0000[0m] {[34mgraph.py:[0m335} INFO[0m - [35m(astronomer-cosmos)[0m - Total nodes: 3[0m
[2024-08-09T09:12:12.637+0000] {log.py:232} WARNING - [[34m2024-08-09T09:12:12.637+0000[0m] {[34mgraph.py:[0m335} INFO[0m - [35m(astronomer-cosmos)[0m - Total nodes: 3[0m
[2024-08-09T09:12:12.637+0000] {graph.py:335} INFO - Total nodes: 3
[2024-08-09T09:12:12.638+0000] {log.py:232} WARNING - [[34m2024-08-09T09:12:12.638+0000[0m] {[34mgraph.py:[0m336} INFO[0m - [35m(astronomer-cosmos)[0m - Total filtered nodes: 3[0m
[2024-08-09T09:12:12.638+0000] {log.py:232} WARNING - [[34m2024-08-09T09:12:12.638+0000[0m] {[34mgraph.py:[0m336} INFO[0m - [35m(astronomer-cosmos)[0m - Total filtered nodes: 3[0m
[2024-08-09T09:12:12.638+0000] {graph.py:336} INFO - Total filtered nodes: 3
[2024-08-09T09:12:12.639+0000] {log.py:232} WARNING - [[34m2024-08-09T09:12:12.639+0000[0m] {[34mconverter.py:[0m251} INFO[0m - [35m(astronomer-cosmos)[0m - Cosmos performance (dbt_dag_filterd__customers_group) -  [ubuntu|1518]: It took 0.0224s to parse the dbt project for DAG using LoadMode.DBT_LS_CACHE[0m
[2024-08-09T09:12:12.639+0000] {log.py:232} WARNING - [[34m2024-08-09T09:12:12.639+0000[0m] {[34mconverter.py:[0m251} INFO[0m - [35m(astronomer-cosmos)[0m - Cosmos performance (dbt_dag_filterd__customers_group) -  [ubuntu|1518]: It took 0.0224s to parse the dbt project for DAG using LoadMode.DBT_LS_CACHE[0m
[2024-08-09T09:12:12.639+0000] {converter.py:251} INFO - Cosmos performance (dbt_dag_filterd__customers_group) -  [ubuntu|1518]: It took 0.0224s to parse the dbt project for DAG using LoadMode.DBT_LS_CACHE
[2024-08-09T09:12:12.641+0000] {log.py:232} WARNING - [[34m2024-08-09T09:12:12.641+0000[0m] {[34mproject.py:[0m35} INFO[0m - [35m(astronomer-cosmos)[0m - Project /opt/***/dags/Data_Marketplace does not have {'packages.yml', 'dependencies.yml'}[0m
[2024-08-09T09:12:12.641+0000] {log.py:232} WARNING - [[34m2024-08-09T09:12:12.641+0000[0m] {[34mproject.py:[0m35} INFO[0m - [35m(astronomer-cosmos)[0m - Project /opt/***/dags/Data_Marketplace does not have {'packages.yml', 'dependencies.yml'}[0m
[2024-08-09T09:12:12.641+0000] {project.py:35} INFO - Project /opt/***/dags/Data_Marketplace does not have {'packages.yml', 'dependencies.yml'}
[2024-08-09T09:12:12.642+0000] {log.py:232} WARNING - [[34m2024-08-09T09:12:12.642+0000[0m] {[34mproject.py:[0m35} INFO[0m - [35m(astronomer-cosmos)[0m - Project /opt/***/dags/Data_Marketplace does not have {'packages.yml', 'dependencies.yml'}[0m
[2024-08-09T09:12:12.643+0000] {log.py:232} WARNING - [[34m2024-08-09T09:12:12.642+0000[0m] {[34mproject.py:[0m35} INFO[0m - [35m(astronomer-cosmos)[0m - Project /opt/***/dags/Data_Marketplace does not have {'packages.yml', 'dependencies.yml'}[0m
[2024-08-09T09:12:12.642+0000] {project.py:35} INFO - Project /opt/***/dags/Data_Marketplace does not have {'packages.yml', 'dependencies.yml'}
[2024-08-09T09:12:12.644+0000] {log.py:232} WARNING - [[34m2024-08-09T09:12:12.644+0000[0m] {[34mproject.py:[0m35} INFO[0m - [35m(astronomer-cosmos)[0m - Project /opt/***/dags/Data_Marketplace does not have {'packages.yml', 'dependencies.yml'}[0m
[2024-08-09T09:12:12.644+0000] {log.py:232} WARNING - [[34m2024-08-09T09:12:12.644+0000[0m] {[34mproject.py:[0m35} INFO[0m - [35m(astronomer-cosmos)[0m - Project /opt/***/dags/Data_Marketplace does not have {'packages.yml', 'dependencies.yml'}[0m
[2024-08-09T09:12:12.644+0000] {project.py:35} INFO - Project /opt/***/dags/Data_Marketplace does not have {'packages.yml', 'dependencies.yml'}
[2024-08-09T09:12:12.645+0000] {log.py:232} WARNING - [[34m2024-08-09T09:12:12.645+0000[0m] {[34mconverter.py:[0m293} INFO[0m - [35m(astronomer-cosmos)[0m - Cosmos performance (dbt_dag_filterd__customers_group) - [ubuntu|1518]: It took 0.00633s to build the Airflow DAG.[0m
[2024-08-09T09:12:12.646+0000] {log.py:232} WARNING - [[34m2024-08-09T09:12:12.645+0000[0m] {[34mconverter.py:[0m293} INFO[0m - [35m(astronomer-cosmos)[0m - Cosmos performance (dbt_dag_filterd__customers_group) - [ubuntu|1518]: It took 0.00633s to build the Airflow DAG.[0m
[2024-08-09T09:12:12.645+0000] {converter.py:293} INFO - Cosmos performance (dbt_dag_filterd__customers_group) - [ubuntu|1518]: It took 0.00633s to build the Airflow DAG.
[2024-08-09T09:12:12.647+0000] {log.py:232} WARNING - [[34m2024-08-09T09:12:12.647+0000[0m] {[34mlocal.py:[0m174} INFO[0m - [35m(astronomer-cosmos)[0m - Could not import dbtRunner. Falling back to subprocess for invoking dbt.[0m
[2024-08-09T09:12:12.647+0000] {log.py:232} WARNING - [[34m2024-08-09T09:12:12.647+0000[0m] {[34mlocal.py:[0m174} INFO[0m - [35m(astronomer-cosmos)[0m - Could not import dbtRunner. Falling back to subprocess for invoking dbt.[0m
[2024-08-09T09:12:12.647+0000] {local.py:174} INFO - Could not import dbtRunner. Falling back to subprocess for invoking dbt.
[2024-08-09T09:12:12.648+0000] {log.py:232} WARNING - [[34m2024-08-09T09:12:12.648+0000[0m] {[34mlocal.py:[0m292} INFO[0m - [35m(astronomer-cosmos)[0m - Cloning project to writable temp directory /tmp/tmp0qf4edh8 from /opt/***/dags/Data_Marketplace[0m
[2024-08-09T09:12:12.649+0000] {log.py:232} WARNING - [[34m2024-08-09T09:12:12.648+0000[0m] {[34mlocal.py:[0m292} INFO[0m - [35m(astronomer-cosmos)[0m - Cloning project to writable temp directory /tmp/tmp0qf4edh8 from /opt/***/dags/Data_Marketplace[0m
[2024-08-09T09:12:12.648+0000] {local.py:292} INFO - Cloning project to writable temp directory /tmp/tmp0qf4edh8 from /opt/airflow/dags/Data_Marketplace
[2024-08-09T09:12:12.650+0000] {log.py:232} WARNING - [[34m2024-08-09T09:12:12.650+0000[0m] {[34mlocal.py:[0m303} INFO[0m - [35m(astronomer-cosmos)[0m - Partial parse is enabled and the latest partial parse file is /tmp/cosmos/Scrape_City__city_models/target/partial_parse.msgpack[0m
[2024-08-09T09:12:12.651+0000] {log.py:232} WARNING - [[34m2024-08-09T09:12:12.650+0000[0m] {[34mlocal.py:[0m303} INFO[0m - [35m(astronomer-cosmos)[0m - Partial parse is enabled and the latest partial parse file is /tmp/cosmos/Scrape_City__city_models/target/partial_parse.msgpack[0m
[2024-08-09T09:12:12.650+0000] {local.py:303} INFO - Partial parse is enabled and the latest partial parse file is /tmp/cosmos/Scrape_City__city_models/target/partial_parse.msgpack
[2024-08-09T09:12:12.661+0000] {log.py:232} WARNING - [[34m2024-08-09T09:12:12.661+0000[0m] {[34mconfig.py:[0m292} INFO[0m - [35m(astronomer-cosmos)[0m - Profile caching is enable.[0m
[2024-08-09T09:12:12.661+0000] {log.py:232} WARNING - [[34m2024-08-09T09:12:12.661+0000[0m] {[34mconfig.py:[0m292} INFO[0m - [35m(astronomer-cosmos)[0m - Profile caching is enable.[0m
[2024-08-09T09:12:12.661+0000] {config.py:292} INFO - Profile caching is enable.
[2024-08-09T09:12:12.674+0000] {base.py:84} INFO - Using connection ID 'snowflake_conn' for task execution.
[2024-08-09T09:12:12.681+0000] {log.py:232} WARNING - [[34m2024-08-09T09:12:12.680+0000[0m] {[34mconfig.py:[0m272} INFO[0m - [35m(astronomer-cosmos)[0m - Profile found in cache using profile: /tmp/cosmos/profile/ec71862f850e9b0839075fe0561d5062ab3dd99ef2a3dac2fe4fc1486f2849d0/profiles.yml.[0m
[2024-08-09T09:12:12.681+0000] {log.py:232} WARNING - [[34m2024-08-09T09:12:12.680+0000[0m] {[34mconfig.py:[0m272} INFO[0m - [35m(astronomer-cosmos)[0m - Profile found in cache using profile: /tmp/cosmos/profile/ec71862f850e9b0839075fe0561d5062ab3dd99ef2a3dac2fe4fc1486f2849d0/profiles.yml.[0m
[2024-08-09T09:12:12.680+0000] {config.py:272} INFO - Profile found in cache using profile: /tmp/cosmos/profile/ec71862f850e9b0839075fe0561d5062ab3dd99ef2a3dac2fe4fc1486f2849d0/profiles.yml.
[2024-08-09T09:12:12.682+0000] {log.py:232} WARNING - [[34m2024-08-09T09:12:12.682+0000[0m] {[34mlocal.py:[0m247} INFO[0m - [35m(astronomer-cosmos)[0m - Trying to run the command:
 ['/opt/***/dbt_venv/bin/dbt', 'snapshot', '--models', 'scd_city', '--project-dir', '/tmp/tmp0qf4edh8', '--profiles-dir', '/tmp/cosmos/profile/ec71862f850e9b0839075fe0561d5062ab3dd99ef2a3dac2fe4fc1486f2849d0', '--profile', 'Data_Marketplace', '--target', 'dev']
From /tmp/tmp0qf4edh8[0m
[2024-08-09T09:12:12.683+0000] {log.py:232} WARNING - [[34m2024-08-09T09:12:12.682+0000[0m] {[34mlocal.py:[0m247} INFO[0m - [35m(astronomer-cosmos)[0m - Trying to run the command:
 ['/opt/***/dbt_venv/bin/dbt', 'snapshot', '--models', 'scd_city', '--project-dir', '/tmp/tmp0qf4edh8', '--profiles-dir', '/tmp/cosmos/profile/ec71862f850e9b0839075fe0561d5062ab3dd99ef2a3dac2fe4fc1486f2849d0', '--profile', 'Data_Marketplace', '--target', 'dev']
From /tmp/tmp0qf4edh8[0m
[2024-08-09T09:12:12.682+0000] {local.py:247} INFO - Trying to run the command:
 ['/opt/***/dbt_venv/bin/dbt', 'snapshot', '--models', 'scd_city', '--project-dir', '/tmp/tmp0qf4edh8', '--profiles-dir', '/tmp/cosmos/profile/ec71862f850e9b0839075fe0561d5062ab3dd99ef2a3dac2fe4fc1486f2849d0', '--profile', 'Data_Marketplace', '--target', 'dev']
From /tmp/tmp0qf4edh8
[2024-08-09T09:12:12.684+0000] {log.py:232} WARNING - [[34m2024-08-09T09:12:12.684+0000[0m] {[34msubprocess.py:[0m60} INFO[0m - [35m(astronomer-cosmos)[0m - Tmp dir root location: 
 /tmp[0m
[2024-08-09T09:12:12.684+0000] {log.py:232} WARNING - [[34m2024-08-09T09:12:12.684+0000[0m] {[34msubprocess.py:[0m60} INFO[0m - [35m(astronomer-cosmos)[0m - Tmp dir root location: 
 /tmp[0m
[2024-08-09T09:12:12.684+0000] {subprocess.py:60} INFO - Tmp dir root location: 
 /tmp
[2024-08-09T09:12:12.685+0000] {log.py:232} WARNING - [[34m2024-08-09T09:12:12.685+0000[0m] {[34msubprocess.py:[0m73} INFO[0m - [35m(astronomer-cosmos)[0m - Running command: ['/opt/***/dbt_venv/bin/dbt', 'snapshot', '--models', 'scd_city', '--project-dir', '/tmp/tmp0qf4edh8', '--profiles-dir', '/tmp/cosmos/profile/ec71862f850e9b0839075fe0561d5062ab3dd99ef2a3dac2fe4fc1486f2849d0', '--profile', 'Data_Marketplace', '--target', 'dev'][0m
[2024-08-09T09:12:12.685+0000] {log.py:232} WARNING - [[34m2024-08-09T09:12:12.685+0000[0m] {[34msubprocess.py:[0m73} INFO[0m - [35m(astronomer-cosmos)[0m - Running command: ['/opt/***/dbt_venv/bin/dbt', 'snapshot', '--models', 'scd_city', '--project-dir', '/tmp/tmp0qf4edh8', '--profiles-dir', '/tmp/cosmos/profile/ec71862f850e9b0839075fe0561d5062ab3dd99ef2a3dac2fe4fc1486f2849d0', '--profile', 'Data_Marketplace', '--target', 'dev'][0m
[2024-08-09T09:12:12.685+0000] {subprocess.py:73} INFO - Running command: ['/opt/***/dbt_venv/bin/dbt', 'snapshot', '--models', 'scd_city', '--project-dir', '/tmp/tmp0qf4edh8', '--profiles-dir', '/tmp/cosmos/profile/ec71862f850e9b0839075fe0561d5062ab3dd99ef2a3dac2fe4fc1486f2849d0', '--profile', 'Data_Marketplace', '--target', 'dev']
[2024-08-09T09:12:12.704+0000] {log.py:232} WARNING - [[34m2024-08-09T09:12:12.703+0000[0m] {[34msubprocess.py:[0m84} INFO[0m - [35m(astronomer-cosmos)[0m - Command output:[0m
[2024-08-09T09:12:12.705+0000] {log.py:232} WARNING - [[34m2024-08-09T09:12:12.703+0000[0m] {[34msubprocess.py:[0m84} INFO[0m - [35m(astronomer-cosmos)[0m - Command output:[0m
[2024-08-09T09:12:12.703+0000] {subprocess.py:84} INFO - Command output:
[2024-08-09T09:12:15.326+0000] {log.py:232} WARNING - [[34m2024-08-09T09:12:15.326+0000[0m] {[34msubprocess.py:[0m94} INFO[0m - [35m(astronomer-cosmos)[0m - [0m09:12:15  Running with dbt=1.8.5[0m
[2024-08-09T09:12:15.326+0000] {log.py:232} WARNING - [[34m2024-08-09T09:12:15.326+0000[0m] {[34msubprocess.py:[0m94} INFO[0m - [35m(astronomer-cosmos)[0m - [0m09:12:15  Running with dbt=1.8.5[0m
[2024-08-09T09:12:15.326+0000] {subprocess.py:94} INFO - [0m09:12:15  Running with dbt=1.8.5
[2024-08-09T09:12:15.928+0000] {log.py:232} WARNING - [[34m2024-08-09T09:12:15.928+0000[0m] {[34msubprocess.py:[0m94} INFO[0m - [35m(astronomer-cosmos)[0m - [0m09:12:15  Registered adapter: snowflake=1.8.3[0m
[2024-08-09T09:12:15.929+0000] {log.py:232} WARNING - [[34m2024-08-09T09:12:15.928+0000[0m] {[34msubprocess.py:[0m94} INFO[0m - [35m(astronomer-cosmos)[0m - [0m09:12:15  Registered adapter: snowflake=1.8.3[0m
[2024-08-09T09:12:15.928+0000] {subprocess.py:94} INFO - [0m09:12:15  Registered adapter: snowflake=1.8.3
[2024-08-09T09:12:16.407+0000] {log.py:232} WARNING - [[34m2024-08-09T09:12:16.406+0000[0m] {[34msubprocess.py:[0m94} INFO[0m - [35m(astronomer-cosmos)[0m - [0m09:12:16  Found 9 models, 2 snapshots, 3 seeds, 2 data tests, 3 sources, 448 macros[0m
[2024-08-09T09:12:16.407+0000] {log.py:232} WARNING - [[34m2024-08-09T09:12:16.406+0000[0m] {[34msubprocess.py:[0m94} INFO[0m - [35m(astronomer-cosmos)[0m - [0m09:12:16  Found 9 models, 2 snapshots, 3 seeds, 2 data tests, 3 sources, 448 macros[0m
[2024-08-09T09:12:16.406+0000] {subprocess.py:94} INFO - [0m09:12:16  Found 9 models, 2 snapshots, 3 seeds, 2 data tests, 3 sources, 448 macros
[2024-08-09T09:12:16.410+0000] {log.py:232} WARNING - [[34m2024-08-09T09:12:16.409+0000[0m] {[34msubprocess.py:[0m94} INFO[0m - [35m(astronomer-cosmos)[0m - [0m09:12:16[0m
[2024-08-09T09:12:16.410+0000] {log.py:232} WARNING - [[34m2024-08-09T09:12:16.409+0000[0m] {[34msubprocess.py:[0m94} INFO[0m - [35m(astronomer-cosmos)[0m - [0m09:12:16[0m
[2024-08-09T09:12:16.409+0000] {subprocess.py:94} INFO - [0m09:12:16
[2024-08-09T09:12:19.105+0000] {log.py:232} WARNING - [[34m2024-08-09T09:12:19.104+0000[0m] {[34msubprocess.py:[0m94} INFO[0m - [35m(astronomer-cosmos)[0m - [0m09:12:19  Concurrency: 1 threads (target='dev')[0m
[2024-08-09T09:12:19.105+0000] {log.py:232} WARNING - [[34m2024-08-09T09:12:19.104+0000[0m] {[34msubprocess.py:[0m94} INFO[0m - [35m(astronomer-cosmos)[0m - [0m09:12:19  Concurrency: 1 threads (target='dev')[0m
[2024-08-09T09:12:19.104+0000] {subprocess.py:94} INFO - [0m09:12:19  Concurrency: 1 threads (target='dev')
[2024-08-09T09:12:19.106+0000] {log.py:232} WARNING - [[34m2024-08-09T09:12:19.106+0000[0m] {[34msubprocess.py:[0m94} INFO[0m - [35m(astronomer-cosmos)[0m - [0m09:12:19[0m
[2024-08-09T09:12:19.106+0000] {log.py:232} WARNING - [[34m2024-08-09T09:12:19.106+0000[0m] {[34msubprocess.py:[0m94} INFO[0m - [35m(astronomer-cosmos)[0m - [0m09:12:19[0m
[2024-08-09T09:12:19.106+0000] {subprocess.py:94} INFO - [0m09:12:19
[2024-08-09T09:12:19.118+0000] {log.py:232} WARNING - [[34m2024-08-09T09:12:19.118+0000[0m] {[34msubprocess.py:[0m94} INFO[0m - [35m(astronomer-cosmos)[0m - [0m09:12:19  1 of 1 START snapshot DWH.scd_city ............................................. [RUN][0m
[2024-08-09T09:12:19.118+0000] {log.py:232} WARNING - [[34m2024-08-09T09:12:19.118+0000[0m] {[34msubprocess.py:[0m94} INFO[0m - [35m(astronomer-cosmos)[0m - [0m09:12:19  1 of 1 START snapshot DWH.scd_city ............................................. [RUN][0m
[2024-08-09T09:12:19.118+0000] {subprocess.py:94} INFO - [0m09:12:19  1 of 1 START snapshot DWH.scd_city ............................................. [RUN]
[2024-08-09T09:12:21.242+0000] {log.py:232} WARNING - [[34m2024-08-09T09:12:21.242+0000[0m] {[34msubprocess.py:[0m94} INFO[0m - [35m(astronomer-cosmos)[0m - [0m09:12:21  1 of 1 OK snapshotted DWH.scd_city ............................................. [[32mSUCCESS 1[0m in 2.12s][0m
[2024-08-09T09:12:21.243+0000] {log.py:232} WARNING - [[34m2024-08-09T09:12:21.242+0000[0m] {[34msubprocess.py:[0m94} INFO[0m - [35m(astronomer-cosmos)[0m - [0m09:12:21  1 of 1 OK snapshotted DWH.scd_city ............................................. [[32mSUCCESS 1[0m in 2.12s][0m
[2024-08-09T09:12:21.242+0000] {subprocess.py:94} INFO - [0m09:12:21  1 of 1 OK snapshotted DWH.scd_city ............................................. [[32mSUCCESS 1[0m in 2.12s]
[2024-08-09T09:12:21.246+0000] {log.py:232} WARNING - [[34m2024-08-09T09:12:21.246+0000[0m] {[34msubprocess.py:[0m94} INFO[0m - [35m(astronomer-cosmos)[0m - [0m09:12:21[0m
[2024-08-09T09:12:21.247+0000] {log.py:232} WARNING - [[34m2024-08-09T09:12:21.246+0000[0m] {[34msubprocess.py:[0m94} INFO[0m - [35m(astronomer-cosmos)[0m - [0m09:12:21[0m
[2024-08-09T09:12:21.246+0000] {subprocess.py:94} INFO - [0m09:12:21
[2024-08-09T09:12:21.248+0000] {log.py:232} WARNING - [[34m2024-08-09T09:12:21.247+0000[0m] {[34msubprocess.py:[0m94} INFO[0m - [35m(astronomer-cosmos)[0m - [0m09:12:21  Finished running 1 snapshot in 0 hours 0 minutes and 4.84 seconds (4.84s).[0m
[2024-08-09T09:12:21.248+0000] {log.py:232} WARNING - [[34m2024-08-09T09:12:21.247+0000[0m] {[34msubprocess.py:[0m94} INFO[0m - [35m(astronomer-cosmos)[0m - [0m09:12:21  Finished running 1 snapshot in 0 hours 0 minutes and 4.84 seconds (4.84s).[0m
[2024-08-09T09:12:21.247+0000] {subprocess.py:94} INFO - [0m09:12:21  Finished running 1 snapshot in 0 hours 0 minutes and 4.84 seconds (4.84s).
[2024-08-09T09:12:21.285+0000] {log.py:232} WARNING - [[34m2024-08-09T09:12:21.285+0000[0m] {[34msubprocess.py:[0m94} INFO[0m - [35m(astronomer-cosmos)[0m - [0m09:12:21[0m
[2024-08-09T09:12:21.285+0000] {log.py:232} WARNING - [[34m2024-08-09T09:12:21.285+0000[0m] {[34msubprocess.py:[0m94} INFO[0m - [35m(astronomer-cosmos)[0m - [0m09:12:21[0m
[2024-08-09T09:12:21.285+0000] {subprocess.py:94} INFO - [0m09:12:21
[2024-08-09T09:12:21.286+0000] {log.py:232} WARNING - [[34m2024-08-09T09:12:21.286+0000[0m] {[34msubprocess.py:[0m94} INFO[0m - [35m(astronomer-cosmos)[0m - [0m09:12:21  [32mCompleted successfully[0m[0m
[2024-08-09T09:12:21.286+0000] {log.py:232} WARNING - [[34m2024-08-09T09:12:21.286+0000[0m] {[34msubprocess.py:[0m94} INFO[0m - [35m(astronomer-cosmos)[0m - [0m09:12:21  [32mCompleted successfully[0m[0m
[2024-08-09T09:12:21.286+0000] {subprocess.py:94} INFO - [0m09:12:21  [32mCompleted successfully[0m
[2024-08-09T09:12:21.287+0000] {log.py:232} WARNING - [[34m2024-08-09T09:12:21.287+0000[0m] {[34msubprocess.py:[0m94} INFO[0m - [35m(astronomer-cosmos)[0m - [0m09:12:21[0m
[2024-08-09T09:12:21.288+0000] {log.py:232} WARNING - [[34m2024-08-09T09:12:21.287+0000[0m] {[34msubprocess.py:[0m94} INFO[0m - [35m(astronomer-cosmos)[0m - [0m09:12:21[0m
[2024-08-09T09:12:21.287+0000] {subprocess.py:94} INFO - [0m09:12:21
[2024-08-09T09:12:21.288+0000] {log.py:232} WARNING - [[34m2024-08-09T09:12:21.288+0000[0m] {[34msubprocess.py:[0m94} INFO[0m - [35m(astronomer-cosmos)[0m - [0m09:12:21  Done. PASS=1 WARN=0 ERROR=0 SKIP=0 TOTAL=1[0m
[2024-08-09T09:12:21.289+0000] {log.py:232} WARNING - [[34m2024-08-09T09:12:21.288+0000[0m] {[34msubprocess.py:[0m94} INFO[0m - [35m(astronomer-cosmos)[0m - [0m09:12:21  Done. PASS=1 WARN=0 ERROR=0 SKIP=0 TOTAL=1[0m
[2024-08-09T09:12:21.288+0000] {subprocess.py:94} INFO - [0m09:12:21  Done. PASS=1 WARN=0 ERROR=0 SKIP=0 TOTAL=1
[2024-08-09T09:12:22.367+0000] {log.py:232} WARNING - [[34m2024-08-09T09:12:22.367+0000[0m] {[34msubprocess.py:[0m98} INFO[0m - [35m(astronomer-cosmos)[0m - Command exited with return code 0[0m
[2024-08-09T09:12:22.368+0000] {log.py:232} WARNING - [[34m2024-08-09T09:12:22.367+0000[0m] {[34msubprocess.py:[0m98} INFO[0m - [35m(astronomer-cosmos)[0m - Command exited with return code 0[0m
[2024-08-09T09:12:22.367+0000] {subprocess.py:98} INFO - Command exited with return code 0
[2024-08-09T09:12:22.368+0000] {log.py:232} WARNING - [[34m2024-08-09T09:12:22.368+0000[0m] {[34mlocal.py:[0m254} INFO[0m - [35m(astronomer-cosmos)[0m - [0m09:12:21  Done. PASS=1 WARN=0 ERROR=0 SKIP=0 TOTAL=1[0m
[2024-08-09T09:12:22.369+0000] {log.py:232} WARNING - [[34m2024-08-09T09:12:22.368+0000[0m] {[34mlocal.py:[0m254} INFO[0m - [35m(astronomer-cosmos)[0m - [0m09:12:21  Done. PASS=1 WARN=0 ERROR=0 SKIP=0 TOTAL=1[0m
[2024-08-09T09:12:22.368+0000] {local.py:254} INFO - [0m09:12:21  Done. PASS=1 WARN=0 ERROR=0 SKIP=0 TOTAL=1
[2024-08-09T09:12:22.382+0000] {local.py:196} WARNING - Artifact schema version: https://schemas.getdbt.com/dbt/manifest/v12.json is above dbt-ol supported version 7. This might cause errors.
[2024-08-09T09:12:22.382+0000] {local.py:196} WARNING - Artifact schema version: https://schemas.getdbt.com/dbt/run-results/v6.json is above dbt-ol supported version 5. This might cause errors.
[2024-08-09T09:12:22.393+0000] {log.py:232} WARNING - [[34m2024-08-09T09:12:22.392+0000[0m] {[34mlocal.py:[0m349} INFO[0m - [35m(astronomer-cosmos)[0m - Inlets: [Dataset(uri='snowflake://uz36730.ap-southeast-1.aws/POC_DATA_MARKETPLACE.DWH.dim_city', extra=None)][0m
[2024-08-09T09:12:22.393+0000] {log.py:232} WARNING - [[34m2024-08-09T09:12:22.392+0000[0m] {[34mlocal.py:[0m349} INFO[0m - [35m(astronomer-cosmos)[0m - Inlets: [Dataset(uri='snowflake://uz36730.ap-southeast-1.aws/POC_DATA_MARKETPLACE.DWH.dim_city', extra=None)][0m
[2024-08-09T09:12:22.392+0000] {local.py:349} INFO - Inlets: [Dataset(uri='snowflake://uz36730.ap-southeast-1.aws/POC_DATA_MARKETPLACE.DWH.dim_city', extra=None)]
[2024-08-09T09:12:22.394+0000] {log.py:232} WARNING - [[34m2024-08-09T09:12:22.393+0000[0m] {[34mlocal.py:[0m350} INFO[0m - [35m(astronomer-cosmos)[0m - Outlets: [Dataset(uri='snowflake://uz36730.ap-southeast-1.aws/POC_DATA_MARKETPLACE.DWH.scd_city', extra=None)][0m
[2024-08-09T09:12:22.394+0000] {log.py:232} WARNING - [[34m2024-08-09T09:12:22.393+0000[0m] {[34mlocal.py:[0m350} INFO[0m - [35m(astronomer-cosmos)[0m - Outlets: [Dataset(uri='snowflake://uz36730.ap-southeast-1.aws/POC_DATA_MARKETPLACE.DWH.scd_city', extra=None)][0m
[2024-08-09T09:12:22.393+0000] {local.py:350} INFO - Outlets: [Dataset(uri='snowflake://uz36730.ap-southeast-1.aws/POC_DATA_MARKETPLACE.DWH.scd_city', extra=None)]
[2024-08-09T09:12:22.395+0000] {dag.py:3096} INFO - Sync 1 DAGs
[2024-08-09T09:12:22.414+0000] {dag.py:3954} INFO - Setting next_dagrun for Scrape_City to None, run_after=None
[2024-08-09T09:12:22.447+0000] {taskinstance.py:441} INFO - ::group::Post task execution logs
[2024-08-09T09:12:22.481+0000] {taskinstance.py:1206} INFO - Marking task as SUCCESS. dag_id=Scrape_City, task_id=city_models.scd_city_snapshot, run_id=manual__2024-08-09T09:10:46.597523+00:00, execution_date=20240809T091046, start_date=20240809T091212, end_date=20240809T091222
[2024-08-09T09:12:22.518+0000] {local_task_job_runner.py:240} INFO - Task exited with return code 0
[2024-08-09T09:12:22.540+0000] {taskinstance.py:3503} INFO - 1 downstream tasks scheduled from follow-on schedule check
[2024-08-09T09:12:22.541+0000] {local_task_job_runner.py:222} INFO - ::endgroup::
