[2024-08-09T08:05:52.660+0000] {local_task_job_runner.py:120} INFO - ::group::Pre task execution logs
[2024-08-09T08:05:52.713+0000] {taskinstance.py:2076} INFO - Dependencies all met for dep_context=non-requeueable deps ti=<TaskInstance: dbt_dag.City_Name_seed manual__2024-08-09T08:00:42.008960+00:00 [queued]>
[2024-08-09T08:05:52.738+0000] {taskinstance.py:2076} INFO - Dependencies all met for dep_context=requeueable deps ti=<TaskInstance: dbt_dag.City_Name_seed manual__2024-08-09T08:00:42.008960+00:00 [queued]>
[2024-08-09T08:05:52.738+0000] {taskinstance.py:2306} INFO - Starting attempt 1 of 1
[2024-08-09T08:05:52.778+0000] {taskinstance.py:2330} INFO - Executing <Task(DbtSeedLocalOperator): City_Name_seed> on 2024-08-09 08:00:42.008960+00:00
[2024-08-09T08:05:52.820+0000] {warnings.py:112} WARNING - /home/***/.local/lib/python3.12/site-packages/***/task/task_runner/standard_task_runner.py:61: DeprecationWarning: This process (pid=70) is multi-threaded, use of fork() may lead to deadlocks in the child.
  pid = os.fork()

[2024-08-09T08:05:52.825+0000] {standard_task_runner.py:63} INFO - Started process 78 to run task
[2024-08-09T08:05:52.824+0000] {standard_task_runner.py:90} INFO - Running: ['***', 'tasks', 'run', 'dbt_dag', 'City_Name_seed', 'manual__2024-08-09T08:00:42.008960+00:00', '--job-id', '13', '--raw', '--subdir', 'DAGS_FOLDER/dbt.py', '--cfg-path', '/tmp/tmpfnl72hmb']
[2024-08-09T08:05:52.851+0000] {standard_task_runner.py:91} INFO - Job 13: Subtask City_Name_seed
[2024-08-09T08:05:52.939+0000] {warnings.py:112} WARNING - /home/***/.local/lib/python3.12/site-packages/***/settings.py:195: DeprecationWarning: The sql_alchemy_conn option in [core] has been moved to the sql_alchemy_conn option in [database] - the old setting has been used, but please update your config.
  SQL_ALCHEMY_CONN = conf.get("database", "SQL_ALCHEMY_CONN")

[2024-08-09T08:05:53.180+0000] {task_command.py:426} INFO - Running <TaskInstance: dbt_dag.City_Name_seed manual__2024-08-09T08:00:42.008960+00:00 [running]> on host ubuntu
[2024-08-09T08:05:53.757+0000] {taskinstance.py:2648} INFO - Exporting env vars: AIRFLOW_CTX_DAG_OWNER='***' AIRFLOW_CTX_DAG_ID='dbt_dag' AIRFLOW_CTX_TASK_ID='City_Name_seed' AIRFLOW_CTX_EXECUTION_DATE='2024-08-09T08:00:42.008960+00:00' AIRFLOW_CTX_TRY_NUMBER='1' AIRFLOW_CTX_DAG_RUN_ID='manual__2024-08-09T08:00:42.008960+00:00'
[2024-08-09T08:05:53.758+0000] {taskinstance.py:430} INFO - ::endgroup::
[2024-08-09T08:05:53.893+0000] {log.py:232} WARNING - [[34m2024-08-09T08:05:53.889+0000[0m] {[34mgraph.py:[0m377} INFO[0m - [35m(astronomer-cosmos)[0m - Trying to parse the dbt project using dbt ls cache cosmos_cache__dbt_dag...[0m
[2024-08-09T08:05:53.893+0000] {log.py:232} WARNING - [[34m2024-08-09T08:05:53.889+0000[0m] {[34mgraph.py:[0m377} INFO[0m - [35m(astronomer-cosmos)[0m - Trying to parse the dbt project using dbt ls cache cosmos_cache__dbt_dag...[0m
[2024-08-09T08:05:53.889+0000] {graph.py:377} INFO - Trying to parse the dbt project using dbt ls cache cosmos_cache__dbt_dag...
[2024-08-09T08:05:53.959+0000] {log.py:232} WARNING - [[34m2024-08-09T08:05:53.959+0000[0m] {[34mcache.py:[0m262} INFO[0m - [35m(astronomer-cosmos)[0m - Cosmos performance: time to calculate cache identifier cosmos_cache__dbt_dag for current version: 0.026767999999719905[0m
[2024-08-09T08:05:53.959+0000] {log.py:232} WARNING - [[34m2024-08-09T08:05:53.959+0000[0m] {[34mcache.py:[0m262} INFO[0m - [35m(astronomer-cosmos)[0m - Cosmos performance: time to calculate cache identifier cosmos_cache__dbt_dag for current version: 0.026767999999719905[0m
[2024-08-09T08:05:53.959+0000] {cache.py:262} INFO - Cosmos performance: time to calculate cache identifier cosmos_cache__dbt_dag for current version: 0.026767999999719905
[2024-08-09T08:05:53.966+0000] {log.py:232} WARNING - [[34m2024-08-09T08:05:53.966+0000[0m] {[34mgraph.py:[0m394} INFO[0m - [35m(astronomer-cosmos)[0m - Cosmos performance [ubuntu|78]: The cache size for cosmos_cache__dbt_dag is 14843[0m
[2024-08-09T08:05:53.967+0000] {log.py:232} WARNING - [[34m2024-08-09T08:05:53.966+0000[0m] {[34mgraph.py:[0m394} INFO[0m - [35m(astronomer-cosmos)[0m - Cosmos performance [ubuntu|78]: The cache size for cosmos_cache__dbt_dag is 14843[0m
[2024-08-09T08:05:53.966+0000] {graph.py:394} INFO - Cosmos performance [ubuntu|78]: The cache size for cosmos_cache__dbt_dag is 14843
[2024-08-09T08:05:53.977+0000] {log.py:232} WARNING - [[34m2024-08-09T08:05:53.977+0000[0m] {[34mgraph.py:[0m402} INFO[0m - [35m(astronomer-cosmos)[0m - Cosmos performance: Cache hit for cosmos_cache__dbt_dag - f0894e22ca1fc514beb9335fa3aa34e2,d41d8cd98f00b204e9800998ecf8427e[0m
[2024-08-09T08:05:53.982+0000] {log.py:232} WARNING - [[34m2024-08-09T08:05:53.977+0000[0m] {[34mgraph.py:[0m402} INFO[0m - [35m(astronomer-cosmos)[0m - Cosmos performance: Cache hit for cosmos_cache__dbt_dag - f0894e22ca1fc514beb9335fa3aa34e2,d41d8cd98f00b204e9800998ecf8427e[0m
[2024-08-09T08:05:53.977+0000] {graph.py:402} INFO - Cosmos performance: Cache hit for cosmos_cache__dbt_dag - f0894e22ca1fc514beb9335fa3aa34e2,d41d8cd98f00b204e9800998ecf8427e
[2024-08-09T08:05:53.982+0000] {log.py:232} WARNING - [[34m2024-08-09T08:05:53.982+0000[0m] {[34mgraph.py:[0m335} INFO[0m - [35m(astronomer-cosmos)[0m - Total nodes: 19[0m
[2024-08-09T08:05:53.985+0000] {log.py:232} WARNING - [[34m2024-08-09T08:05:53.982+0000[0m] {[34mgraph.py:[0m335} INFO[0m - [35m(astronomer-cosmos)[0m - Total nodes: 19[0m
[2024-08-09T08:05:53.982+0000] {graph.py:335} INFO - Total nodes: 19
[2024-08-09T08:05:53.992+0000] {log.py:232} WARNING - [[34m2024-08-09T08:05:53.985+0000[0m] {[34mgraph.py:[0m336} INFO[0m - [35m(astronomer-cosmos)[0m - Total filtered nodes: 19[0m
[2024-08-09T08:05:53.992+0000] {log.py:232} WARNING - [[34m2024-08-09T08:05:53.985+0000[0m] {[34mgraph.py:[0m336} INFO[0m - [35m(astronomer-cosmos)[0m - Total filtered nodes: 19[0m
[2024-08-09T08:05:53.985+0000] {graph.py:336} INFO - Total filtered nodes: 19
[2024-08-09T08:05:53.993+0000] {log.py:232} WARNING - [[34m2024-08-09T08:05:53.993+0000[0m] {[34mconverter.py:[0m251} INFO[0m - [35m(astronomer-cosmos)[0m - Cosmos performance (dbt_dag) -  [ubuntu|78]: It took 0.103s to parse the dbt project for DAG using LoadMode.DBT_LS_CACHE[0m
[2024-08-09T08:05:53.993+0000] {log.py:232} WARNING - [[34m2024-08-09T08:05:53.993+0000[0m] {[34mconverter.py:[0m251} INFO[0m - [35m(astronomer-cosmos)[0m - Cosmos performance (dbt_dag) -  [ubuntu|78]: It took 0.103s to parse the dbt project for DAG using LoadMode.DBT_LS_CACHE[0m
[2024-08-09T08:05:53.993+0000] {converter.py:251} INFO - Cosmos performance (dbt_dag) -  [ubuntu|78]: It took 0.103s to parse the dbt project for DAG using LoadMode.DBT_LS_CACHE
[2024-08-09T08:05:54.003+0000] {log.py:232} WARNING - [[34m2024-08-09T08:05:54.003+0000[0m] {[34mproject.py:[0m35} INFO[0m - [35m(astronomer-cosmos)[0m - Project /usr/local/***/dags/Data_Marketplace does not have {'packages.yml', 'dependencies.yml'}[0m
[2024-08-09T08:05:54.003+0000] {log.py:232} WARNING - [[34m2024-08-09T08:05:54.003+0000[0m] {[34mproject.py:[0m35} INFO[0m - [35m(astronomer-cosmos)[0m - Project /usr/local/***/dags/Data_Marketplace does not have {'packages.yml', 'dependencies.yml'}[0m
[2024-08-09T08:05:54.003+0000] {project.py:35} INFO - Project /usr/local/***/dags/Data_Marketplace does not have {'packages.yml', 'dependencies.yml'}
[2024-08-09T08:05:54.010+0000] {log.py:232} WARNING - [[34m2024-08-09T08:05:54.009+0000[0m] {[34mproject.py:[0m35} INFO[0m - [35m(astronomer-cosmos)[0m - Project /usr/local/***/dags/Data_Marketplace does not have {'packages.yml', 'dependencies.yml'}[0m
[2024-08-09T08:05:54.010+0000] {log.py:232} WARNING - [[34m2024-08-09T08:05:54.009+0000[0m] {[34mproject.py:[0m35} INFO[0m - [35m(astronomer-cosmos)[0m - Project /usr/local/***/dags/Data_Marketplace does not have {'packages.yml', 'dependencies.yml'}[0m
[2024-08-09T08:05:54.009+0000] {project.py:35} INFO - Project /usr/local/***/dags/Data_Marketplace does not have {'packages.yml', 'dependencies.yml'}
[2024-08-09T08:05:54.017+0000] {log.py:232} WARNING - [[34m2024-08-09T08:05:54.017+0000[0m] {[34mproject.py:[0m35} INFO[0m - [35m(astronomer-cosmos)[0m - Project /usr/local/***/dags/Data_Marketplace does not have {'packages.yml', 'dependencies.yml'}[0m
[2024-08-09T08:05:54.017+0000] {log.py:232} WARNING - [[34m2024-08-09T08:05:54.017+0000[0m] {[34mproject.py:[0m35} INFO[0m - [35m(astronomer-cosmos)[0m - Project /usr/local/***/dags/Data_Marketplace does not have {'packages.yml', 'dependencies.yml'}[0m
[2024-08-09T08:05:54.017+0000] {project.py:35} INFO - Project /usr/local/***/dags/Data_Marketplace does not have {'packages.yml', 'dependencies.yml'}
[2024-08-09T08:05:54.024+0000] {log.py:232} WARNING - [[34m2024-08-09T08:05:54.024+0000[0m] {[34mproject.py:[0m35} INFO[0m - [35m(astronomer-cosmos)[0m - Project /usr/local/***/dags/Data_Marketplace does not have {'packages.yml', 'dependencies.yml'}[0m
[2024-08-09T08:05:54.024+0000] {log.py:232} WARNING - [[34m2024-08-09T08:05:54.024+0000[0m] {[34mproject.py:[0m35} INFO[0m - [35m(astronomer-cosmos)[0m - Project /usr/local/***/dags/Data_Marketplace does not have {'packages.yml', 'dependencies.yml'}[0m
[2024-08-09T08:05:54.024+0000] {project.py:35} INFO - Project /usr/local/***/dags/Data_Marketplace does not have {'packages.yml', 'dependencies.yml'}
[2024-08-09T08:05:54.034+0000] {log.py:232} WARNING - [[34m2024-08-09T08:05:54.034+0000[0m] {[34mproject.py:[0m35} INFO[0m - [35m(astronomer-cosmos)[0m - Project /usr/local/***/dags/Data_Marketplace does not have {'packages.yml', 'dependencies.yml'}[0m
[2024-08-09T08:05:54.038+0000] {log.py:232} WARNING - [[34m2024-08-09T08:05:54.034+0000[0m] {[34mproject.py:[0m35} INFO[0m - [35m(astronomer-cosmos)[0m - Project /usr/local/***/dags/Data_Marketplace does not have {'packages.yml', 'dependencies.yml'}[0m
[2024-08-09T08:05:54.034+0000] {project.py:35} INFO - Project /usr/local/***/dags/Data_Marketplace does not have {'packages.yml', 'dependencies.yml'}
[2024-08-09T08:05:54.039+0000] {log.py:232} WARNING - [[34m2024-08-09T08:05:54.039+0000[0m] {[34mproject.py:[0m35} INFO[0m - [35m(astronomer-cosmos)[0m - Project /usr/local/***/dags/Data_Marketplace does not have {'packages.yml', 'dependencies.yml'}[0m
[2024-08-09T08:05:54.039+0000] {log.py:232} WARNING - [[34m2024-08-09T08:05:54.039+0000[0m] {[34mproject.py:[0m35} INFO[0m - [35m(astronomer-cosmos)[0m - Project /usr/local/***/dags/Data_Marketplace does not have {'packages.yml', 'dependencies.yml'}[0m
[2024-08-09T08:05:54.039+0000] {project.py:35} INFO - Project /usr/local/***/dags/Data_Marketplace does not have {'packages.yml', 'dependencies.yml'}
[2024-08-09T08:05:54.051+0000] {log.py:232} WARNING - [[34m2024-08-09T08:05:54.051+0000[0m] {[34mproject.py:[0m35} INFO[0m - [35m(astronomer-cosmos)[0m - Project /usr/local/***/dags/Data_Marketplace does not have {'packages.yml', 'dependencies.yml'}[0m
[2024-08-09T08:05:54.058+0000] {log.py:232} WARNING - [[34m2024-08-09T08:05:54.051+0000[0m] {[34mproject.py:[0m35} INFO[0m - [35m(astronomer-cosmos)[0m - Project /usr/local/***/dags/Data_Marketplace does not have {'packages.yml', 'dependencies.yml'}[0m
[2024-08-09T08:05:54.051+0000] {project.py:35} INFO - Project /usr/local/***/dags/Data_Marketplace does not have {'packages.yml', 'dependencies.yml'}
[2024-08-09T08:05:54.059+0000] {log.py:232} WARNING - [[34m2024-08-09T08:05:54.059+0000[0m] {[34mproject.py:[0m35} INFO[0m - [35m(astronomer-cosmos)[0m - Project /usr/local/***/dags/Data_Marketplace does not have {'packages.yml', 'dependencies.yml'}[0m
[2024-08-09T08:05:54.059+0000] {log.py:232} WARNING - [[34m2024-08-09T08:05:54.059+0000[0m] {[34mproject.py:[0m35} INFO[0m - [35m(astronomer-cosmos)[0m - Project /usr/local/***/dags/Data_Marketplace does not have {'packages.yml', 'dependencies.yml'}[0m
[2024-08-09T08:05:54.059+0000] {project.py:35} INFO - Project /usr/local/***/dags/Data_Marketplace does not have {'packages.yml', 'dependencies.yml'}
[2024-08-09T08:05:54.070+0000] {log.py:232} WARNING - [[34m2024-08-09T08:05:54.069+0000[0m] {[34mproject.py:[0m35} INFO[0m - [35m(astronomer-cosmos)[0m - Project /usr/local/***/dags/Data_Marketplace does not have {'packages.yml', 'dependencies.yml'}[0m
[2024-08-09T08:05:54.070+0000] {log.py:232} WARNING - [[34m2024-08-09T08:05:54.069+0000[0m] {[34mproject.py:[0m35} INFO[0m - [35m(astronomer-cosmos)[0m - Project /usr/local/***/dags/Data_Marketplace does not have {'packages.yml', 'dependencies.yml'}[0m
[2024-08-09T08:05:54.069+0000] {project.py:35} INFO - Project /usr/local/***/dags/Data_Marketplace does not have {'packages.yml', 'dependencies.yml'}
[2024-08-09T08:05:54.081+0000] {log.py:232} WARNING - [[34m2024-08-09T08:05:54.081+0000[0m] {[34mproject.py:[0m35} INFO[0m - [35m(astronomer-cosmos)[0m - Project /usr/local/***/dags/Data_Marketplace does not have {'packages.yml', 'dependencies.yml'}[0m
[2024-08-09T08:05:54.082+0000] {log.py:232} WARNING - [[34m2024-08-09T08:05:54.081+0000[0m] {[34mproject.py:[0m35} INFO[0m - [35m(astronomer-cosmos)[0m - Project /usr/local/***/dags/Data_Marketplace does not have {'packages.yml', 'dependencies.yml'}[0m
[2024-08-09T08:05:54.081+0000] {project.py:35} INFO - Project /usr/local/***/dags/Data_Marketplace does not have {'packages.yml', 'dependencies.yml'}
[2024-08-09T08:05:54.089+0000] {log.py:232} WARNING - [[34m2024-08-09T08:05:54.089+0000[0m] {[34mproject.py:[0m35} INFO[0m - [35m(astronomer-cosmos)[0m - Project /usr/local/***/dags/Data_Marketplace does not have {'packages.yml', 'dependencies.yml'}[0m
[2024-08-09T08:05:54.090+0000] {log.py:232} WARNING - [[34m2024-08-09T08:05:54.089+0000[0m] {[34mproject.py:[0m35} INFO[0m - [35m(astronomer-cosmos)[0m - Project /usr/local/***/dags/Data_Marketplace does not have {'packages.yml', 'dependencies.yml'}[0m
[2024-08-09T08:05:54.089+0000] {project.py:35} INFO - Project /usr/local/***/dags/Data_Marketplace does not have {'packages.yml', 'dependencies.yml'}
[2024-08-09T08:05:54.099+0000] {log.py:232} WARNING - [[34m2024-08-09T08:05:54.099+0000[0m] {[34mproject.py:[0m35} INFO[0m - [35m(astronomer-cosmos)[0m - Project /usr/local/***/dags/Data_Marketplace does not have {'packages.yml', 'dependencies.yml'}[0m
[2024-08-09T08:05:54.100+0000] {log.py:232} WARNING - [[34m2024-08-09T08:05:54.099+0000[0m] {[34mproject.py:[0m35} INFO[0m - [35m(astronomer-cosmos)[0m - Project /usr/local/***/dags/Data_Marketplace does not have {'packages.yml', 'dependencies.yml'}[0m
[2024-08-09T08:05:54.099+0000] {project.py:35} INFO - Project /usr/local/***/dags/Data_Marketplace does not have {'packages.yml', 'dependencies.yml'}
[2024-08-09T08:05:54.108+0000] {log.py:232} WARNING - [[34m2024-08-09T08:05:54.108+0000[0m] {[34mproject.py:[0m35} INFO[0m - [35m(astronomer-cosmos)[0m - Project /usr/local/***/dags/Data_Marketplace does not have {'packages.yml', 'dependencies.yml'}[0m
[2024-08-09T08:05:54.108+0000] {log.py:232} WARNING - [[34m2024-08-09T08:05:54.108+0000[0m] {[34mproject.py:[0m35} INFO[0m - [35m(astronomer-cosmos)[0m - Project /usr/local/***/dags/Data_Marketplace does not have {'packages.yml', 'dependencies.yml'}[0m
[2024-08-09T08:05:54.108+0000] {project.py:35} INFO - Project /usr/local/***/dags/Data_Marketplace does not have {'packages.yml', 'dependencies.yml'}
[2024-08-09T08:05:54.116+0000] {log.py:232} WARNING - [[34m2024-08-09T08:05:54.116+0000[0m] {[34mproject.py:[0m35} INFO[0m - [35m(astronomer-cosmos)[0m - Project /usr/local/***/dags/Data_Marketplace does not have {'packages.yml', 'dependencies.yml'}[0m
[2024-08-09T08:05:54.116+0000] {log.py:232} WARNING - [[34m2024-08-09T08:05:54.116+0000[0m] {[34mproject.py:[0m35} INFO[0m - [35m(astronomer-cosmos)[0m - Project /usr/local/***/dags/Data_Marketplace does not have {'packages.yml', 'dependencies.yml'}[0m
[2024-08-09T08:05:54.116+0000] {project.py:35} INFO - Project /usr/local/***/dags/Data_Marketplace does not have {'packages.yml', 'dependencies.yml'}
[2024-08-09T08:05:54.128+0000] {log.py:232} WARNING - [[34m2024-08-09T08:05:54.128+0000[0m] {[34mproject.py:[0m35} INFO[0m - [35m(astronomer-cosmos)[0m - Project /usr/local/***/dags/Data_Marketplace does not have {'packages.yml', 'dependencies.yml'}[0m
[2024-08-09T08:05:54.128+0000] {log.py:232} WARNING - [[34m2024-08-09T08:05:54.128+0000[0m] {[34mproject.py:[0m35} INFO[0m - [35m(astronomer-cosmos)[0m - Project /usr/local/***/dags/Data_Marketplace does not have {'packages.yml', 'dependencies.yml'}[0m
[2024-08-09T08:05:54.128+0000] {project.py:35} INFO - Project /usr/local/***/dags/Data_Marketplace does not have {'packages.yml', 'dependencies.yml'}
[2024-08-09T08:05:54.129+0000] {log.py:232} WARNING - [[34m2024-08-09T08:05:54.129+0000[0m] {[34mgraph.py:[0m173} WARNING[0m - [35m(astronomer-cosmos)[0m - Unavailable conversion function for <DbtResourceType.SOURCE> (node <source.Data_Marketplace.Raw.City>). Define a converter function using render_config.node_converters.[0m
[2024-08-09T08:05:54.129+0000] {log.py:232} WARNING - [[34m2024-08-09T08:05:54.129+0000[0m] {[34mgraph.py:[0m173} WARNING[0m - [35m(astronomer-cosmos)[0m - Unavailable conversion function for <DbtResourceType.SOURCE> (node <source.Data_Marketplace.Raw.City>). Define a converter function using render_config.node_converters.[0m
[2024-08-09T08:05:54.129+0000] {graph.py:173} WARNING - Unavailable conversion function for <DbtResourceType.SOURCE> (node <source.Data_Marketplace.Raw.City>). Define a converter function using render_config.node_converters.
[2024-08-09T08:05:54.145+0000] {log.py:232} WARNING - [[34m2024-08-09T08:05:54.145+0000[0m] {[34mgraph.py:[0m173} WARNING[0m - [35m(astronomer-cosmos)[0m - Unavailable conversion function for <DbtResourceType.SOURCE> (node <source.Data_Marketplace.Raw.Province>). Define a converter function using render_config.node_converters.[0m
[2024-08-09T08:05:54.146+0000] {log.py:232} WARNING - [[34m2024-08-09T08:05:54.145+0000[0m] {[34mgraph.py:[0m173} WARNING[0m - [35m(astronomer-cosmos)[0m - Unavailable conversion function for <DbtResourceType.SOURCE> (node <source.Data_Marketplace.Raw.Province>). Define a converter function using render_config.node_converters.[0m
[2024-08-09T08:05:54.145+0000] {graph.py:173} WARNING - Unavailable conversion function for <DbtResourceType.SOURCE> (node <source.Data_Marketplace.Raw.Province>). Define a converter function using render_config.node_converters.
[2024-08-09T08:05:54.147+0000] {log.py:232} WARNING - [[34m2024-08-09T08:05:54.147+0000[0m] {[34mgraph.py:[0m173} WARNING[0m - [35m(astronomer-cosmos)[0m - Unavailable conversion function for <DbtResourceType.SOURCE> (node <source.Data_Marketplace.Raw.Weather_Data>). Define a converter function using render_config.node_converters.[0m
[2024-08-09T08:05:54.163+0000] {log.py:232} WARNING - [[34m2024-08-09T08:05:54.147+0000[0m] {[34mgraph.py:[0m173} WARNING[0m - [35m(astronomer-cosmos)[0m - Unavailable conversion function for <DbtResourceType.SOURCE> (node <source.Data_Marketplace.Raw.Weather_Data>). Define a converter function using render_config.node_converters.[0m
[2024-08-09T08:05:54.147+0000] {graph.py:173} WARNING - Unavailable conversion function for <DbtResourceType.SOURCE> (node <source.Data_Marketplace.Raw.Weather_Data>). Define a converter function using render_config.node_converters.
[2024-08-09T08:05:54.164+0000] {log.py:232} WARNING - [[34m2024-08-09T08:05:54.164+0000[0m] {[34mconverter.py:[0m293} INFO[0m - [35m(astronomer-cosmos)[0m - Cosmos performance (dbt_dag) - [ubuntu|78]: It took 0.172s to build the Airflow DAG.[0m
[2024-08-09T08:05:54.171+0000] {log.py:232} WARNING - [[34m2024-08-09T08:05:54.164+0000[0m] {[34mconverter.py:[0m293} INFO[0m - [35m(astronomer-cosmos)[0m - Cosmos performance (dbt_dag) - [ubuntu|78]: It took 0.172s to build the Airflow DAG.[0m
[2024-08-09T08:05:54.164+0000] {converter.py:293} INFO - Cosmos performance (dbt_dag) - [ubuntu|78]: It took 0.172s to build the Airflow DAG.
[2024-08-09T08:05:54.172+0000] {log.py:232} WARNING - [[34m2024-08-09T08:05:54.171+0000[0m] {[34mlocal.py:[0m174} INFO[0m - [35m(astronomer-cosmos)[0m - Could not import dbtRunner. Falling back to subprocess for invoking dbt.[0m
[2024-08-09T08:05:54.172+0000] {log.py:232} WARNING - [[34m2024-08-09T08:05:54.171+0000[0m] {[34mlocal.py:[0m174} INFO[0m - [35m(astronomer-cosmos)[0m - Could not import dbtRunner. Falling back to subprocess for invoking dbt.[0m
[2024-08-09T08:05:54.171+0000] {local.py:174} INFO - Could not import dbtRunner. Falling back to subprocess for invoking dbt.
[2024-08-09T08:05:54.181+0000] {log.py:232} WARNING - [[34m2024-08-09T08:05:54.181+0000[0m] {[34mlocal.py:[0m292} INFO[0m - [35m(astronomer-cosmos)[0m - Cloning project to writable temp directory /tmp/tmp8aymocgj from /usr/local/***/dags/Data_Marketplace[0m
[2024-08-09T08:05:54.182+0000] {log.py:232} WARNING - [[34m2024-08-09T08:05:54.181+0000[0m] {[34mlocal.py:[0m292} INFO[0m - [35m(astronomer-cosmos)[0m - Cloning project to writable temp directory /tmp/tmp8aymocgj from /usr/local/***/dags/Data_Marketplace[0m
[2024-08-09T08:05:54.181+0000] {local.py:292} INFO - Cloning project to writable temp directory /tmp/tmp8aymocgj from /usr/local/airflow/dags/Data_Marketplace
[2024-08-09T08:05:54.192+0000] {log.py:232} WARNING - [[34m2024-08-09T08:05:54.191+0000[0m] {[34mlocal.py:[0m303} INFO[0m - [35m(astronomer-cosmos)[0m - Partial parse is enabled and the latest partial parse file is /usr/local/***/dags/Data_Marketplace/target/partial_parse.msgpack[0m
[2024-08-09T08:05:54.196+0000] {log.py:232} WARNING - [[34m2024-08-09T08:05:54.191+0000[0m] {[34mlocal.py:[0m303} INFO[0m - [35m(astronomer-cosmos)[0m - Partial parse is enabled and the latest partial parse file is /usr/local/***/dags/Data_Marketplace/target/partial_parse.msgpack[0m
[2024-08-09T08:05:54.191+0000] {local.py:303} INFO - Partial parse is enabled and the latest partial parse file is /usr/local/airflow/dags/Data_Marketplace/target/partial_parse.msgpack
[2024-08-09T08:05:54.266+0000] {log.py:232} WARNING - [[34m2024-08-09T08:05:54.266+0000[0m] {[34mconfig.py:[0m292} INFO[0m - [35m(astronomer-cosmos)[0m - Profile caching is enable.[0m
[2024-08-09T08:05:54.267+0000] {log.py:232} WARNING - [[34m2024-08-09T08:05:54.266+0000[0m] {[34mconfig.py:[0m292} INFO[0m - [35m(astronomer-cosmos)[0m - Profile caching is enable.[0m
[2024-08-09T08:05:54.266+0000] {config.py:292} INFO - Profile caching is enable.
[2024-08-09T08:05:54.332+0000] {base.py:84} INFO - Using connection ID 'snowflake_conn' for task execution.
[2024-08-09T08:05:54.407+0000] {log.py:232} WARNING - [[34m2024-08-09T08:05:54.406+0000[0m] {[34mbase.py:[0m244} INFO[0m - [35m(astronomer-cosmos)[0m - Using real values for profile Data_Marketplace[0m
[2024-08-09T08:05:54.407+0000] {log.py:232} WARNING - [[34m2024-08-09T08:05:54.406+0000[0m] {[34mbase.py:[0m244} INFO[0m - [35m(astronomer-cosmos)[0m - Using real values for profile Data_Marketplace[0m
[2024-08-09T08:05:54.406+0000] {base.py:244} INFO - Using real values for profile Data_Marketplace
[2024-08-09T08:05:54.428+0000] {log.py:232} WARNING - [[34m2024-08-09T08:05:54.428+0000[0m] {[34mconfig.py:[0m279} INFO[0m - [35m(astronomer-cosmos)[0m - Profile not found in cache storing and using profile: /tmp/cosmos/profile/ec71862f850e9b0839075fe0561d5062ab3dd99ef2a3dac2fe4fc1486f2849d0/profiles.yml.[0m
[2024-08-09T08:05:54.431+0000] {log.py:232} WARNING - [[34m2024-08-09T08:05:54.428+0000[0m] {[34mconfig.py:[0m279} INFO[0m - [35m(astronomer-cosmos)[0m - Profile not found in cache storing and using profile: /tmp/cosmos/profile/ec71862f850e9b0839075fe0561d5062ab3dd99ef2a3dac2fe4fc1486f2849d0/profiles.yml.[0m
[2024-08-09T08:05:54.428+0000] {config.py:279} INFO - Profile not found in cache storing and using profile: /tmp/cosmos/profile/ec71862f850e9b0839075fe0561d5062ab3dd99ef2a3dac2fe4fc1486f2849d0/profiles.yml.
[2024-08-09T08:05:54.441+0000] {log.py:232} WARNING - [[34m2024-08-09T08:05:54.440+0000[0m] {[34mlocal.py:[0m247} INFO[0m - [35m(astronomer-cosmos)[0m - Trying to run the command:
 ['/opt/***/dbt_venv/bin/dbt', 'seed', '--models', 'City_Name', '--project-dir', '/tmp/tmp8aymocgj', '--profiles-dir', '/tmp/cosmos/profile/ec71862f850e9b0839075fe0561d5062ab3dd99ef2a3dac2fe4fc1486f2849d0', '--profile', 'Data_Marketplace', '--target', 'dev']
From /tmp/tmp8aymocgj[0m
[2024-08-09T08:05:54.441+0000] {log.py:232} WARNING - [[34m2024-08-09T08:05:54.440+0000[0m] {[34mlocal.py:[0m247} INFO[0m - [35m(astronomer-cosmos)[0m - Trying to run the command:
 ['/opt/***/dbt_venv/bin/dbt', 'seed', '--models', 'City_Name', '--project-dir', '/tmp/tmp8aymocgj', '--profiles-dir', '/tmp/cosmos/profile/ec71862f850e9b0839075fe0561d5062ab3dd99ef2a3dac2fe4fc1486f2849d0', '--profile', 'Data_Marketplace', '--target', 'dev']
From /tmp/tmp8aymocgj[0m
[2024-08-09T08:05:54.440+0000] {local.py:247} INFO - Trying to run the command:
 ['/opt/***/dbt_venv/bin/dbt', 'seed', '--models', 'City_Name', '--project-dir', '/tmp/tmp8aymocgj', '--profiles-dir', '/tmp/cosmos/profile/ec71862f850e9b0839075fe0561d5062ab3dd99ef2a3dac2fe4fc1486f2849d0', '--profile', 'Data_Marketplace', '--target', 'dev']
From /tmp/tmp8aymocgj
[2024-08-09T08:05:54.450+0000] {log.py:232} WARNING - [[34m2024-08-09T08:05:54.450+0000[0m] {[34msubprocess.py:[0m60} INFO[0m - [35m(astronomer-cosmos)[0m - Tmp dir root location: 
 /tmp[0m
[2024-08-09T08:05:54.452+0000] {log.py:232} WARNING - [[34m2024-08-09T08:05:54.450+0000[0m] {[34msubprocess.py:[0m60} INFO[0m - [35m(astronomer-cosmos)[0m - Tmp dir root location: 
 /tmp[0m
[2024-08-09T08:05:54.450+0000] {subprocess.py:60} INFO - Tmp dir root location: 
 /tmp
[2024-08-09T08:05:54.461+0000] {log.py:232} WARNING - [[34m2024-08-09T08:05:54.461+0000[0m] {[34msubprocess.py:[0m73} INFO[0m - [35m(astronomer-cosmos)[0m - Running command: ['/opt/***/dbt_venv/bin/dbt', 'seed', '--models', 'City_Name', '--project-dir', '/tmp/tmp8aymocgj', '--profiles-dir', '/tmp/cosmos/profile/ec71862f850e9b0839075fe0561d5062ab3dd99ef2a3dac2fe4fc1486f2849d0', '--profile', 'Data_Marketplace', '--target', 'dev'][0m
[2024-08-09T08:05:54.462+0000] {log.py:232} WARNING - [[34m2024-08-09T08:05:54.461+0000[0m] {[34msubprocess.py:[0m73} INFO[0m - [35m(astronomer-cosmos)[0m - Running command: ['/opt/***/dbt_venv/bin/dbt', 'seed', '--models', 'City_Name', '--project-dir', '/tmp/tmp8aymocgj', '--profiles-dir', '/tmp/cosmos/profile/ec71862f850e9b0839075fe0561d5062ab3dd99ef2a3dac2fe4fc1486f2849d0', '--profile', 'Data_Marketplace', '--target', 'dev'][0m
[2024-08-09T08:05:54.461+0000] {subprocess.py:73} INFO - Running command: ['/opt/***/dbt_venv/bin/dbt', 'seed', '--models', 'City_Name', '--project-dir', '/tmp/tmp8aymocgj', '--profiles-dir', '/tmp/cosmos/profile/ec71862f850e9b0839075fe0561d5062ab3dd99ef2a3dac2fe4fc1486f2849d0', '--profile', 'Data_Marketplace', '--target', 'dev']
[2024-08-09T08:05:54.574+0000] {log.py:232} WARNING - [[34m2024-08-09T08:05:54.573+0000[0m] {[34msubprocess.py:[0m84} INFO[0m - [35m(astronomer-cosmos)[0m - Command output:[0m
[2024-08-09T08:05:54.578+0000] {log.py:232} WARNING - [[34m2024-08-09T08:05:54.573+0000[0m] {[34msubprocess.py:[0m84} INFO[0m - [35m(astronomer-cosmos)[0m - Command output:[0m
[2024-08-09T08:05:54.573+0000] {subprocess.py:84} INFO - Command output:
[2024-08-09T08:06:09.525+0000] {log.py:232} WARNING - [[34m2024-08-09T08:06:09.525+0000[0m] {[34msubprocess.py:[0m94} INFO[0m - [35m(astronomer-cosmos)[0m - [0m08:06:09  Running with dbt=1.8.5[0m
[2024-08-09T08:06:09.525+0000] {log.py:232} WARNING - [[34m2024-08-09T08:06:09.525+0000[0m] {[34msubprocess.py:[0m94} INFO[0m - [35m(astronomer-cosmos)[0m - [0m08:06:09  Running with dbt=1.8.5[0m
[2024-08-09T08:06:09.525+0000] {subprocess.py:94} INFO - [0m08:06:09  Running with dbt=1.8.5
[2024-08-09T08:06:12.853+0000] {log.py:232} WARNING - [[34m2024-08-09T08:06:12.853+0000[0m] {[34msubprocess.py:[0m94} INFO[0m - [35m(astronomer-cosmos)[0m - [0m08:06:12  Registered adapter: snowflake=1.8.3[0m
[2024-08-09T08:06:12.854+0000] {log.py:232} WARNING - [[34m2024-08-09T08:06:12.853+0000[0m] {[34msubprocess.py:[0m94} INFO[0m - [35m(astronomer-cosmos)[0m - [0m08:06:12  Registered adapter: snowflake=1.8.3[0m
[2024-08-09T08:06:12.853+0000] {subprocess.py:94} INFO - [0m08:06:12  Registered adapter: snowflake=1.8.3
[2024-08-09T08:06:14.660+0000] {log.py:232} WARNING - [[34m2024-08-09T08:06:14.660+0000[0m] {[34msubprocess.py:[0m94} INFO[0m - [35m(astronomer-cosmos)[0m - [0m08:06:14  Unable to do partial parsing because config vars, config profile, or config target have changed[0m
[2024-08-09T08:06:14.666+0000] {log.py:232} WARNING - [[34m2024-08-09T08:06:14.660+0000[0m] {[34msubprocess.py:[0m94} INFO[0m - [35m(astronomer-cosmos)[0m - [0m08:06:14  Unable to do partial parsing because config vars, config profile, or config target have changed[0m
[2024-08-09T08:06:14.660+0000] {subprocess.py:94} INFO - [0m08:06:14  Unable to do partial parsing because config vars, config profile, or config target have changed
[2024-08-09T08:06:31.383+0000] {log.py:232} WARNING - [[34m2024-08-09T08:06:31.382+0000[0m] {[34msubprocess.py:[0m94} INFO[0m - [35m(astronomer-cosmos)[0m - [0m08:06:31  Found 9 models, 2 snapshots, 3 seeds, 2 data tests, 3 sources, 448 macros[0m
[2024-08-09T08:06:31.383+0000] {log.py:232} WARNING - [[34m2024-08-09T08:06:31.382+0000[0m] {[34msubprocess.py:[0m94} INFO[0m - [35m(astronomer-cosmos)[0m - [0m08:06:31  Found 9 models, 2 snapshots, 3 seeds, 2 data tests, 3 sources, 448 macros[0m
[2024-08-09T08:06:31.382+0000] {subprocess.py:94} INFO - [0m08:06:31  Found 9 models, 2 snapshots, 3 seeds, 2 data tests, 3 sources, 448 macros
[2024-08-09T08:06:31.406+0000] {log.py:232} WARNING - [[34m2024-08-09T08:06:31.406+0000[0m] {[34msubprocess.py:[0m94} INFO[0m - [35m(astronomer-cosmos)[0m - [0m08:06:31[0m
[2024-08-09T08:06:31.406+0000] {log.py:232} WARNING - [[34m2024-08-09T08:06:31.406+0000[0m] {[34msubprocess.py:[0m94} INFO[0m - [35m(astronomer-cosmos)[0m - [0m08:06:31[0m
[2024-08-09T08:06:31.406+0000] {subprocess.py:94} INFO - [0m08:06:31
[2024-08-09T08:06:35.941+0000] {log.py:232} WARNING - [[34m2024-08-09T08:06:35.940+0000[0m] {[34msubprocess.py:[0m94} INFO[0m - [35m(astronomer-cosmos)[0m - [0m08:06:35  Concurrency: 1 threads (target='dev')[0m
[2024-08-09T08:06:35.941+0000] {log.py:232} WARNING - [[34m2024-08-09T08:06:35.940+0000[0m] {[34msubprocess.py:[0m94} INFO[0m - [35m(astronomer-cosmos)[0m - [0m08:06:35  Concurrency: 1 threads (target='dev')[0m
[2024-08-09T08:06:35.940+0000] {subprocess.py:94} INFO - [0m08:06:35  Concurrency: 1 threads (target='dev')
[2024-08-09T08:06:35.942+0000] {log.py:232} WARNING - [[34m2024-08-09T08:06:35.942+0000[0m] {[34msubprocess.py:[0m94} INFO[0m - [35m(astronomer-cosmos)[0m - [0m08:06:35[0m
[2024-08-09T08:06:35.943+0000] {log.py:232} WARNING - [[34m2024-08-09T08:06:35.942+0000[0m] {[34msubprocess.py:[0m94} INFO[0m - [35m(astronomer-cosmos)[0m - [0m08:06:35[0m
[2024-08-09T08:06:35.942+0000] {subprocess.py:94} INFO - [0m08:06:35
[2024-08-09T08:06:35.970+0000] {log.py:232} WARNING - [[34m2024-08-09T08:06:35.970+0000[0m] {[34msubprocess.py:[0m94} INFO[0m - [35m(astronomer-cosmos)[0m - [0m08:06:35  1 of 1 START seed file DWH.City_Name ........................................... [RUN][0m
[2024-08-09T08:06:35.971+0000] {log.py:232} WARNING - [[34m2024-08-09T08:06:35.970+0000[0m] {[34msubprocess.py:[0m94} INFO[0m - [35m(astronomer-cosmos)[0m - [0m08:06:35  1 of 1 START seed file DWH.City_Name ........................................... [RUN][0m
[2024-08-09T08:06:35.970+0000] {subprocess.py:94} INFO - [0m08:06:35  1 of 1 START seed file DWH.City_Name ........................................... [RUN]
[2024-08-09T08:06:40.701+0000] {log.py:232} WARNING - [[34m2024-08-09T08:06:40.701+0000[0m] {[34msubprocess.py:[0m94} INFO[0m - [35m(astronomer-cosmos)[0m - [0m08:06:40  1 of 1 OK loaded seed file DWH.City_Name ....................................... [[32mINSERT 1781[0m in 4.72s][0m
[2024-08-09T08:06:40.701+0000] {log.py:232} WARNING - [[34m2024-08-09T08:06:40.701+0000[0m] {[34msubprocess.py:[0m94} INFO[0m - [35m(astronomer-cosmos)[0m - [0m08:06:40  1 of 1 OK loaded seed file DWH.City_Name ....................................... [[32mINSERT 1781[0m in 4.72s][0m
[2024-08-09T08:06:40.701+0000] {subprocess.py:94} INFO - [0m08:06:40  1 of 1 OK loaded seed file DWH.City_Name ....................................... [[32mINSERT 1781[0m in 4.72s]
[2024-08-09T08:06:40.728+0000] {log.py:232} WARNING - [[34m2024-08-09T08:06:40.728+0000[0m] {[34msubprocess.py:[0m94} INFO[0m - [35m(astronomer-cosmos)[0m - [0m08:06:40[0m
[2024-08-09T08:06:40.728+0000] {log.py:232} WARNING - [[34m2024-08-09T08:06:40.728+0000[0m] {[34msubprocess.py:[0m94} INFO[0m - [35m(astronomer-cosmos)[0m - [0m08:06:40[0m
[2024-08-09T08:06:40.728+0000] {subprocess.py:94} INFO - [0m08:06:40
[2024-08-09T08:06:40.733+0000] {log.py:232} WARNING - [[34m2024-08-09T08:06:40.733+0000[0m] {[34msubprocess.py:[0m94} INFO[0m - [35m(astronomer-cosmos)[0m - [0m08:06:40  Finished running 1 seed in 0 hours 0 minutes and 9.32 seconds (9.32s).[0m
[2024-08-09T08:06:40.738+0000] {log.py:232} WARNING - [[34m2024-08-09T08:06:40.733+0000[0m] {[34msubprocess.py:[0m94} INFO[0m - [35m(astronomer-cosmos)[0m - [0m08:06:40  Finished running 1 seed in 0 hours 0 minutes and 9.32 seconds (9.32s).[0m
[2024-08-09T08:06:40.733+0000] {subprocess.py:94} INFO - [0m08:06:40  Finished running 1 seed in 0 hours 0 minutes and 9.32 seconds (9.32s).
[2024-08-09T08:06:40.860+0000] {log.py:232} WARNING - [[34m2024-08-09T08:06:40.860+0000[0m] {[34msubprocess.py:[0m94} INFO[0m - [35m(astronomer-cosmos)[0m - [0m08:06:40[0m
[2024-08-09T08:06:40.861+0000] {log.py:232} WARNING - [[34m2024-08-09T08:06:40.860+0000[0m] {[34msubprocess.py:[0m94} INFO[0m - [35m(astronomer-cosmos)[0m - [0m08:06:40[0m
[2024-08-09T08:06:40.860+0000] {subprocess.py:94} INFO - [0m08:06:40
[2024-08-09T08:06:40.867+0000] {log.py:232} WARNING - [[34m2024-08-09T08:06:40.867+0000[0m] {[34msubprocess.py:[0m94} INFO[0m - [35m(astronomer-cosmos)[0m - [0m08:06:40  [32mCompleted successfully[0m[0m
[2024-08-09T08:06:40.869+0000] {log.py:232} WARNING - [[34m2024-08-09T08:06:40.867+0000[0m] {[34msubprocess.py:[0m94} INFO[0m - [35m(astronomer-cosmos)[0m - [0m08:06:40  [32mCompleted successfully[0m[0m
[2024-08-09T08:06:40.867+0000] {subprocess.py:94} INFO - [0m08:06:40  [32mCompleted successfully[0m
[2024-08-09T08:06:40.870+0000] {log.py:232} WARNING - [[34m2024-08-09T08:06:40.870+0000[0m] {[34msubprocess.py:[0m94} INFO[0m - [35m(astronomer-cosmos)[0m - [0m08:06:40[0m
[2024-08-09T08:06:40.875+0000] {log.py:232} WARNING - [[34m2024-08-09T08:06:40.870+0000[0m] {[34msubprocess.py:[0m94} INFO[0m - [35m(astronomer-cosmos)[0m - [0m08:06:40[0m
[2024-08-09T08:06:40.870+0000] {subprocess.py:94} INFO - [0m08:06:40
[2024-08-09T08:06:40.875+0000] {log.py:232} WARNING - [[34m2024-08-09T08:06:40.875+0000[0m] {[34msubprocess.py:[0m94} INFO[0m - [35m(astronomer-cosmos)[0m - [0m08:06:40  Done. PASS=1 WARN=0 ERROR=0 SKIP=0 TOTAL=1[0m
[2024-08-09T08:06:40.878+0000] {log.py:232} WARNING - [[34m2024-08-09T08:06:40.875+0000[0m] {[34msubprocess.py:[0m94} INFO[0m - [35m(astronomer-cosmos)[0m - [0m08:06:40  Done. PASS=1 WARN=0 ERROR=0 SKIP=0 TOTAL=1[0m
[2024-08-09T08:06:40.875+0000] {subprocess.py:94} INFO - [0m08:06:40  Done. PASS=1 WARN=0 ERROR=0 SKIP=0 TOTAL=1
[2024-08-09T08:06:44.052+0000] {log.py:232} WARNING - [[34m2024-08-09T08:06:44.052+0000[0m] {[34msubprocess.py:[0m98} INFO[0m - [35m(astronomer-cosmos)[0m - Command exited with return code 0[0m
[2024-08-09T08:06:44.057+0000] {log.py:232} WARNING - [[34m2024-08-09T08:06:44.052+0000[0m] {[34msubprocess.py:[0m98} INFO[0m - [35m(astronomer-cosmos)[0m - Command exited with return code 0[0m
[2024-08-09T08:06:44.052+0000] {subprocess.py:98} INFO - Command exited with return code 0
[2024-08-09T08:06:44.057+0000] {log.py:232} WARNING - [[34m2024-08-09T08:06:44.057+0000[0m] {[34mlocal.py:[0m254} INFO[0m - [35m(astronomer-cosmos)[0m - [0m08:06:40  Done. PASS=1 WARN=0 ERROR=0 SKIP=0 TOTAL=1[0m
[2024-08-09T08:06:44.060+0000] {log.py:232} WARNING - [[34m2024-08-09T08:06:44.057+0000[0m] {[34mlocal.py:[0m254} INFO[0m - [35m(astronomer-cosmos)[0m - [0m08:06:40  Done. PASS=1 WARN=0 ERROR=0 SKIP=0 TOTAL=1[0m
[2024-08-09T08:06:44.057+0000] {local.py:254} INFO - [0m08:06:40  Done. PASS=1 WARN=0 ERROR=0 SKIP=0 TOTAL=1
[2024-08-09T08:06:44.203+0000] {local.py:196} WARNING - Artifact schema version: https://schemas.getdbt.com/dbt/manifest/v12.json is above dbt-ol supported version 7. This might cause errors.
[2024-08-09T08:06:44.204+0000] {local.py:196} WARNING - Artifact schema version: https://schemas.getdbt.com/dbt/run-results/v6.json is above dbt-ol supported version 5. This might cause errors.
[2024-08-09T08:06:44.256+0000] {log.py:232} WARNING - [[34m2024-08-09T08:06:44.256+0000[0m] {[34mlocal.py:[0m349} INFO[0m - [35m(astronomer-cosmos)[0m - Inlets: [][0m
[2024-08-09T08:06:44.260+0000] {log.py:232} WARNING - [[34m2024-08-09T08:06:44.256+0000[0m] {[34mlocal.py:[0m349} INFO[0m - [35m(astronomer-cosmos)[0m - Inlets: [][0m
[2024-08-09T08:06:44.256+0000] {local.py:349} INFO - Inlets: []
[2024-08-09T08:06:44.262+0000] {log.py:232} WARNING - [[34m2024-08-09T08:06:44.262+0000[0m] {[34mlocal.py:[0m350} INFO[0m - [35m(astronomer-cosmos)[0m - Outlets: [][0m
[2024-08-09T08:06:44.278+0000] {log.py:232} WARNING - [[34m2024-08-09T08:06:44.262+0000[0m] {[34mlocal.py:[0m350} INFO[0m - [35m(astronomer-cosmos)[0m - Outlets: [][0m
[2024-08-09T08:06:44.262+0000] {local.py:350} INFO - Outlets: []
[2024-08-09T08:06:44.278+0000] {dag.py:3096} INFO - Sync 1 DAGs
[2024-08-09T08:06:44.498+0000] {dag.py:3954} INFO - Setting next_dagrun for dbt_dag to 2024-08-09 00:00:00+00:00, run_after=2024-08-10 00:00:00+00:00
[2024-08-09T08:06:44.618+0000] {taskinstance.py:441} INFO - ::group::Post task execution logs
[2024-08-09T08:06:44.638+0000] {taskinstance.py:1206} INFO - Marking task as SUCCESS. dag_id=dbt_dag, task_id=City_Name_seed, run_id=manual__2024-08-09T08:00:42.008960+00:00, execution_date=20240809T080042, start_date=20240809T080552, end_date=20240809T080644
[2024-08-09T08:06:44.743+0000] {local_task_job_runner.py:240} INFO - Task exited with return code 0
[2024-08-09T08:06:44.808+0000] {taskinstance.py:3503} INFO - 1 downstream tasks scheduled from follow-on schedule check
[2024-08-09T08:06:44.818+0000] {local_task_job_runner.py:222} INFO - ::endgroup::
