[2024-08-13T16:11:02.289+0000] {local_task_job_runner.py:120} INFO - ::group::Pre task execution logs
[2024-08-13T16:11:02.344+0000] {taskinstance.py:2076} INFO - Dependencies all met for dep_context=non-requeueable deps ti=<TaskInstance: Weather_Data_Extraction.generate_output_file backfill__2024-03-14T00:00:00+00:00 [queued]>
[2024-08-13T16:11:02.743+0000] {taskinstance.py:2076} INFO - Dependencies all met for dep_context=requeueable deps ti=<TaskInstance: Weather_Data_Extraction.generate_output_file backfill__2024-03-14T00:00:00+00:00 [queued]>
[2024-08-13T16:11:02.744+0000] {taskinstance.py:2306} INFO - Starting attempt 1 of 1
[2024-08-13T16:11:02.804+0000] {taskinstance.py:2330} INFO - Executing <Task(PythonOperator): generate_output_file> on 2024-03-14 00:00:00+00:00
[2024-08-13T16:11:02.840+0000] {warnings.py:112} WARNING - /home/***/.local/lib/python3.12/site-packages/***/task/task_runner/standard_task_runner.py:61: DeprecationWarning: This process (pid=1284) is multi-threaded, use of fork() may lead to deadlocks in the child.
  pid = os.fork()

[2024-08-13T16:11:02.848+0000] {standard_task_runner.py:63} INFO - Started process 1306 to run task
[2024-08-13T16:11:02.856+0000] {standard_task_runner.py:90} INFO - Running: ['***', 'tasks', 'run', 'Weather_Data_Extraction', 'generate_output_file', 'backfill__2024-03-14T00:00:00+00:00', '--job-id', '273', '--pool', 'default_pool', '--raw', '--subdir', 'DAGS_FOLDER/Data_Weather_Extraction.py', '--cfg-path', '/tmp/tmpk68g9fix']
[2024-08-13T16:11:02.883+0000] {standard_task_runner.py:91} INFO - Job 273: Subtask generate_output_file
[2024-08-13T16:11:02.922+0000] {warnings.py:112} WARNING - /home/***/.local/lib/python3.12/site-packages/***/settings.py:195: DeprecationWarning: The sql_alchemy_conn option in [core] has been moved to the sql_alchemy_conn option in [database] - the old setting has been used, but please update your config.
  SQL_ALCHEMY_CONN = conf.get("database", "SQL_ALCHEMY_CONN")

[2024-08-13T16:11:02.995+0000] {task_command.py:426} INFO - Running <TaskInstance: Weather_Data_Extraction.generate_output_file backfill__2024-03-14T00:00:00+00:00 [running]> on host ubuntu
[2024-08-13T16:11:03.350+0000] {taskinstance.py:2648} INFO - Exporting env vars: AIRFLOW_CTX_DAG_OWNER='Ducky' AIRFLOW_CTX_DAG_ID='Weather_Data_Extraction' AIRFLOW_CTX_TASK_ID='generate_output_file' AIRFLOW_CTX_EXECUTION_DATE='2024-03-14T00:00:00+00:00' AIRFLOW_CTX_TRY_NUMBER='1' AIRFLOW_CTX_DAG_RUN_ID='backfill__2024-03-14T00:00:00+00:00'
[2024-08-13T16:11:03.355+0000] {taskinstance.py:430} INFO - ::endgroup::
[2024-08-13T16:11:03.394+0000] {logging_mixin.py:188} INFO - Generated output file: Data_Weather-20240314.csv
[2024-08-13T16:11:03.395+0000] {logging_mixin.py:188} INFO - Execution Date: 2024/03/14
[2024-08-13T16:11:03.507+0000] {python.py:237} INFO - Done. Returned value was: None
[2024-08-13T16:11:03.509+0000] {taskinstance.py:441} INFO - ::group::Post task execution logs
[2024-08-13T16:11:03.530+0000] {taskinstance.py:1206} INFO - Marking task as SUCCESS. dag_id=Weather_Data_Extraction, task_id=generate_output_file, run_id=backfill__2024-03-14T00:00:00+00:00, execution_date=20240314T000000, start_date=20240813T161102, end_date=20240813T161103
[2024-08-13T16:11:03.604+0000] {local_task_job_runner.py:240} INFO - Task exited with return code 0
[2024-08-13T16:11:03.671+0000] {taskinstance.py:3503} INFO - 1 downstream tasks scheduled from follow-on schedule check
[2024-08-13T16:11:03.680+0000] {local_task_job_runner.py:222} INFO - ::endgroup::
[2024-08-14T04:51:25.268+0000] {local_task_job_runner.py:120} INFO - ::group::Pre task execution logs
[2024-08-14T04:51:25.283+0000] {taskinstance.py:2076} INFO - Dependencies all met for dep_context=non-requeueable deps ti=<TaskInstance: Weather_Data_Extraction.generate_output_file backfill__2024-03-14T00:00:00+00:00 [queued]>
[2024-08-14T04:51:25.290+0000] {taskinstance.py:2076} INFO - Dependencies all met for dep_context=requeueable deps ti=<TaskInstance: Weather_Data_Extraction.generate_output_file backfill__2024-03-14T00:00:00+00:00 [queued]>
[2024-08-14T04:51:25.291+0000] {taskinstance.py:2306} INFO - Starting attempt 1 of 1
[2024-08-14T04:51:25.441+0000] {taskinstance.py:2330} INFO - Executing <Task(PythonOperator): generate_output_file> on 2024-03-14 00:00:00+00:00
[2024-08-14T04:51:25.448+0000] {warnings.py:112} WARNING - /home/***/.local/lib/python3.12/site-packages/***/task/task_runner/standard_task_runner.py:61: DeprecationWarning: This process (pid=2747) is multi-threaded, use of fork() may lead to deadlocks in the child.
  pid = os.fork()

[2024-08-14T04:51:25.449+0000] {standard_task_runner.py:63} INFO - Started process 2749 to run task
[2024-08-14T04:51:25.450+0000] {standard_task_runner.py:90} INFO - Running: ['***', 'tasks', 'run', 'Weather_Data_Extraction', 'generate_output_file', 'backfill__2024-03-14T00:00:00+00:00', '--job-id', '623', '--pool', 'default_pool', '--raw', '--subdir', 'DAGS_FOLDER/Data_Weather_Extraction.py', '--cfg-path', '/tmp/tmpmjsv48wb']
[2024-08-14T04:51:25.452+0000] {standard_task_runner.py:91} INFO - Job 623: Subtask generate_output_file
[2024-08-14T04:51:25.497+0000] {task_command.py:426} INFO - Running <TaskInstance: Weather_Data_Extraction.generate_output_file backfill__2024-03-14T00:00:00+00:00 [running]> on host ubuntu
[2024-08-14T04:51:25.600+0000] {taskinstance.py:2648} INFO - Exporting env vars: AIRFLOW_CTX_DAG_OWNER='Ducky' AIRFLOW_CTX_DAG_ID='Weather_Data_Extraction' AIRFLOW_CTX_TASK_ID='generate_output_file' AIRFLOW_CTX_EXECUTION_DATE='2024-03-14T00:00:00+00:00' AIRFLOW_CTX_TRY_NUMBER='1' AIRFLOW_CTX_DAG_RUN_ID='backfill__2024-03-14T00:00:00+00:00'
[2024-08-14T04:51:25.601+0000] {taskinstance.py:430} INFO - ::endgroup::
[2024-08-14T04:51:25.616+0000] {logging_mixin.py:188} INFO - Generated output file: Data_Weather-20240314.csv
[2024-08-14T04:51:25.616+0000] {logging_mixin.py:188} INFO - Execution Date: 2024/03/14
[2024-08-14T04:51:25.642+0000] {python.py:237} INFO - Done. Returned value was: None
[2024-08-14T04:51:25.644+0000] {taskinstance.py:441} INFO - ::group::Post task execution logs
[2024-08-14T04:51:25.652+0000] {taskinstance.py:1206} INFO - Marking task as SUCCESS. dag_id=Weather_Data_Extraction, task_id=generate_output_file, run_id=backfill__2024-03-14T00:00:00+00:00, execution_date=20240314T000000, start_date=20240814T045125, end_date=20240814T045125
[2024-08-14T04:51:25.704+0000] {local_task_job_runner.py:240} INFO - Task exited with return code 0
[2024-08-14T04:51:25.731+0000] {taskinstance.py:3503} INFO - 1 downstream tasks scheduled from follow-on schedule check
[2024-08-14T04:51:25.733+0000] {local_task_job_runner.py:222} INFO - ::endgroup::
