[2024-08-14T03:13:35.580+0000] {local_task_job_runner.py:120} INFO - ::group::Pre task execution logs
[2024-08-14T03:13:35.615+0000] {taskinstance.py:2076} INFO - Dependencies all met for dep_context=non-requeueable deps ti=<TaskInstance: Weather_Data_Extraction.check_s3_file backfill__2024-01-20T00:00:00+00:00 [queued]>
[2024-08-14T03:13:35.771+0000] {taskinstance.py:2076} INFO - Dependencies all met for dep_context=requeueable deps ti=<TaskInstance: Weather_Data_Extraction.check_s3_file backfill__2024-01-20T00:00:00+00:00 [queued]>
[2024-08-14T03:13:35.772+0000] {taskinstance.py:2306} INFO - Starting attempt 1 of 1
[2024-08-14T03:13:35.792+0000] {taskinstance.py:2330} INFO - Executing <Task(S3KeySensor): check_s3_file> on 2024-01-20 00:00:00+00:00
[2024-08-14T03:13:35.801+0000] {warnings.py:112} WARNING - /home/***/.local/lib/python3.12/site-packages/***/task/task_runner/standard_task_runner.py:61: DeprecationWarning: This process (pid=910) is multi-threaded, use of fork() may lead to deadlocks in the child.
  pid = os.fork()

[2024-08-14T03:13:35.804+0000] {standard_task_runner.py:63} INFO - Started process 912 to run task
[2024-08-14T03:13:35.804+0000] {standard_task_runner.py:90} INFO - Running: ['***', 'tasks', 'run', 'Weather_Data_Extraction', 'check_s3_file', 'backfill__2024-01-20T00:00:00+00:00', '--job-id', '422', '--pool', 'default_pool', '--raw', '--subdir', 'DAGS_FOLDER/Data_Weather_Extraction.py', '--cfg-path', '/tmp/tmp0pxkz44s']
[2024-08-14T03:13:35.808+0000] {standard_task_runner.py:91} INFO - Job 422: Subtask check_s3_file
[2024-08-14T03:13:35.868+0000] {task_command.py:426} INFO - Running <TaskInstance: Weather_Data_Extraction.check_s3_file backfill__2024-01-20T00:00:00+00:00 [running]> on host ubuntu
[2024-08-14T03:13:36.002+0000] {taskinstance.py:2648} INFO - Exporting env vars: AIRFLOW_CTX_DAG_OWNER='Ducky' AIRFLOW_CTX_DAG_ID='Weather_Data_Extraction' AIRFLOW_CTX_TASK_ID='check_s3_file' AIRFLOW_CTX_EXECUTION_DATE='2024-01-20T00:00:00+00:00' AIRFLOW_CTX_TRY_NUMBER='1' AIRFLOW_CTX_DAG_RUN_ID='backfill__2024-01-20T00:00:00+00:00'
[2024-08-14T03:13:36.004+0000] {taskinstance.py:430} INFO - ::endgroup::
[2024-08-14T03:13:36.027+0000] {baseoperator.py:400} WARNING - S3KeySensor.execute cannot be called outside TaskInstance!
[2024-08-14T03:13:36.029+0000] {s3.py:117} INFO - Poking for key : s3://s3-poc-data-marketplace/Weather_Data/Data_Weather-20240120.csv
[2024-08-14T03:13:36.054+0000] {base.py:84} INFO - Using connection ID 'aws_conn_poc' for task execution.
[2024-08-14T03:13:36.057+0000] {connection_wrapper.py:384} INFO - AWS Connection (conn_id='aws_conn_poc', conn_type='aws') credentials retrieved from login and password.
[2024-08-14T03:13:37.428+0000] {base.py:294} INFO - Success criteria met. Exiting.
[2024-08-14T03:13:37.429+0000] {taskinstance.py:441} INFO - ::group::Post task execution logs
[2024-08-14T03:13:37.437+0000] {taskinstance.py:1206} INFO - Marking task as SUCCESS. dag_id=Weather_Data_Extraction, task_id=check_s3_file, run_id=backfill__2024-01-20T00:00:00+00:00, execution_date=20240120T000000, start_date=20240814T031335, end_date=20240814T031337
[2024-08-14T03:13:37.466+0000] {local_task_job_runner.py:240} INFO - Task exited with return code 0
[2024-08-14T03:13:37.489+0000] {taskinstance.py:3503} INFO - 1 downstream tasks scheduled from follow-on schedule check
[2024-08-14T03:13:37.492+0000] {local_task_job_runner.py:222} INFO - ::endgroup::
