[2024-08-16T10:04:54.855+0000] {local_task_job_runner.py:120} INFO - ::group::Pre task execution logs
[2024-08-16T10:04:55.047+0000] {taskinstance.py:2076} INFO - Dependencies all met for dep_context=non-requeueable deps ti=<TaskInstance: Weather_Data_Extraction.weather_data_models.fct_weather_data.run backfill__2024-08-11T00:00:00+00:00 [queued]>
[2024-08-16T10:04:55.056+0000] {taskinstance.py:2076} INFO - Dependencies all met for dep_context=requeueable deps ti=<TaskInstance: Weather_Data_Extraction.weather_data_models.fct_weather_data.run backfill__2024-08-11T00:00:00+00:00 [queued]>
[2024-08-16T10:04:55.057+0000] {taskinstance.py:2306} INFO - Starting attempt 1 of 3
[2024-08-16T10:04:55.080+0000] {taskinstance.py:2330} INFO - Executing <Task(DbtRunLocalOperator): weather_data_models.fct_weather_data.run> on 2024-08-11 00:00:00+00:00
[2024-08-16T10:04:55.088+0000] {warnings.py:112} WARNING - /home/***/.local/lib/python3.12/site-packages/***/task/task_runner/standard_task_runner.py:61: DeprecationWarning: This process (pid=2099) is multi-threaded, use of fork() may lead to deadlocks in the child.
  pid = os.fork()

[2024-08-16T10:04:55.091+0000] {standard_task_runner.py:63} INFO - Started process 2101 to run task
[2024-08-16T10:04:55.092+0000] {standard_task_runner.py:90} INFO - Running: ['***', 'tasks', 'run', 'Weather_Data_Extraction', 'weather_data_models.fct_weather_data.run', 'backfill__2024-08-11T00:00:00+00:00', '--job-id', '1240', '--pool', 'default_pool', '--raw', '--subdir', 'DAGS_FOLDER/Data_Weather_Extraction.py', '--cfg-path', '/tmp/tmpxj6lhr4w']
[2024-08-16T10:04:55.096+0000] {standard_task_runner.py:91} INFO - Job 1240: Subtask weather_data_models.fct_weather_data.run
[2024-08-16T10:04:55.202+0000] {task_command.py:426} INFO - Running <TaskInstance: Weather_Data_Extraction.weather_data_models.fct_weather_data.run backfill__2024-08-11T00:00:00+00:00 [running]> on host ubuntu
[2024-08-16T10:04:55.327+0000] {taskinstance.py:2648} INFO - Exporting env vars: AIRFLOW_CTX_DAG_OWNER='Ducky' AIRFLOW_CTX_DAG_ID='Weather_Data_Extraction' AIRFLOW_CTX_TASK_ID='weather_data_models.fct_weather_data.run' AIRFLOW_CTX_EXECUTION_DATE='2024-08-11T00:00:00+00:00' AIRFLOW_CTX_TRY_NUMBER='1' AIRFLOW_CTX_DAG_RUN_ID='backfill__2024-08-11T00:00:00+00:00'
[2024-08-16T10:04:55.330+0000] {taskinstance.py:430} INFO - ::endgroup::
[2024-08-16T10:04:55.367+0000] {log.py:232} WARNING - [[34m2024-08-16T10:04:55.367+0000[0m] {[34mgraph.py:[0m377} INFO[0m - [35m(astronomer-cosmos)[0m - Trying to parse the dbt project using dbt ls cache cosmos_cache__dbt_dag_filterd__customers_group...[0m
[2024-08-16T10:04:55.368+0000] {log.py:232} WARNING - [[34m2024-08-16T10:04:55.367+0000[0m] {[34mgraph.py:[0m377} INFO[0m - [35m(astronomer-cosmos)[0m - Trying to parse the dbt project using dbt ls cache cosmos_cache__dbt_dag_filterd__customers_group...[0m
[2024-08-16T10:04:55.367+0000] {graph.py:377} INFO - Trying to parse the dbt project using dbt ls cache cosmos_cache__dbt_dag_filterd__customers_group...
[2024-08-16T10:04:55.944+0000] {log.py:232} WARNING - [[34m2024-08-16T10:04:55.944+0000[0m] {[34mcache.py:[0m262} INFO[0m - [35m(astronomer-cosmos)[0m - Cosmos performance: time to calculate cache identifier cosmos_cache__dbt_dag_filterd__customers_group for current version: 0.5636011579999831[0m
[2024-08-16T10:04:55.944+0000] {log.py:232} WARNING - [[34m2024-08-16T10:04:55.944+0000[0m] {[34mcache.py:[0m262} INFO[0m - [35m(astronomer-cosmos)[0m - Cosmos performance: time to calculate cache identifier cosmos_cache__dbt_dag_filterd__customers_group for current version: 0.5636011579999831[0m
[2024-08-16T10:04:55.944+0000] {cache.py:262} INFO - Cosmos performance: time to calculate cache identifier cosmos_cache__dbt_dag_filterd__customers_group for current version: 0.5636011579999831
[2024-08-16T10:04:55.945+0000] {log.py:232} WARNING - [[34m2024-08-16T10:04:55.945+0000[0m] {[34mgraph.py:[0m394} INFO[0m - [35m(astronomer-cosmos)[0m - Cosmos performance [ubuntu|2101]: The cache size for cosmos_cache__dbt_dag_filterd__customers_group is 2948[0m
[2024-08-16T10:04:55.946+0000] {log.py:232} WARNING - [[34m2024-08-16T10:04:55.945+0000[0m] {[34mgraph.py:[0m394} INFO[0m - [35m(astronomer-cosmos)[0m - Cosmos performance [ubuntu|2101]: The cache size for cosmos_cache__dbt_dag_filterd__customers_group is 2948[0m
[2024-08-16T10:04:55.945+0000] {graph.py:394} INFO - Cosmos performance [ubuntu|2101]: The cache size for cosmos_cache__dbt_dag_filterd__customers_group is 2948
[2024-08-16T10:04:55.947+0000] {log.py:232} WARNING - [[34m2024-08-16T10:04:55.946+0000[0m] {[34mgraph.py:[0m402} INFO[0m - [35m(astronomer-cosmos)[0m - Cosmos performance: Cache hit for cosmos_cache__dbt_dag_filterd__customers_group - d3655c99e4b770027e65648437a3d068,5f7d44698c4b67134aff532494870c9c[0m
[2024-08-16T10:04:55.947+0000] {log.py:232} WARNING - [[34m2024-08-16T10:04:55.946+0000[0m] {[34mgraph.py:[0m402} INFO[0m - [35m(astronomer-cosmos)[0m - Cosmos performance: Cache hit for cosmos_cache__dbt_dag_filterd__customers_group - d3655c99e4b770027e65648437a3d068,5f7d44698c4b67134aff532494870c9c[0m
[2024-08-16T10:04:55.946+0000] {graph.py:402} INFO - Cosmos performance: Cache hit for cosmos_cache__dbt_dag_filterd__customers_group - d3655c99e4b770027e65648437a3d068,5f7d44698c4b67134aff532494870c9c
[2024-08-16T10:04:55.948+0000] {log.py:232} WARNING - [[34m2024-08-16T10:04:55.947+0000[0m] {[34mgraph.py:[0m335} INFO[0m - [35m(astronomer-cosmos)[0m - Total nodes: 3[0m
[2024-08-16T10:04:55.948+0000] {log.py:232} WARNING - [[34m2024-08-16T10:04:55.947+0000[0m] {[34mgraph.py:[0m335} INFO[0m - [35m(astronomer-cosmos)[0m - Total nodes: 3[0m
[2024-08-16T10:04:55.947+0000] {graph.py:335} INFO - Total nodes: 3
[2024-08-16T10:04:55.949+0000] {log.py:232} WARNING - [[34m2024-08-16T10:04:55.948+0000[0m] {[34mgraph.py:[0m336} INFO[0m - [35m(astronomer-cosmos)[0m - Total filtered nodes: 3[0m
[2024-08-16T10:04:55.949+0000] {log.py:232} WARNING - [[34m2024-08-16T10:04:55.948+0000[0m] {[34mgraph.py:[0m336} INFO[0m - [35m(astronomer-cosmos)[0m - Total filtered nodes: 3[0m
[2024-08-16T10:04:55.948+0000] {graph.py:336} INFO - Total filtered nodes: 3
[2024-08-16T10:04:55.950+0000] {log.py:232} WARNING - [[34m2024-08-16T10:04:55.949+0000[0m] {[34mconverter.py:[0m251} INFO[0m - [35m(astronomer-cosmos)[0m - Cosmos performance (dbt_dag_filterd__customers_group) -  [ubuntu|2101]: It took 0.583s to parse the dbt project for DAG using LoadMode.DBT_LS_CACHE[0m
[2024-08-16T10:04:55.950+0000] {log.py:232} WARNING - [[34m2024-08-16T10:04:55.949+0000[0m] {[34mconverter.py:[0m251} INFO[0m - [35m(astronomer-cosmos)[0m - Cosmos performance (dbt_dag_filterd__customers_group) -  [ubuntu|2101]: It took 0.583s to parse the dbt project for DAG using LoadMode.DBT_LS_CACHE[0m
[2024-08-16T10:04:55.949+0000] {converter.py:251} INFO - Cosmos performance (dbt_dag_filterd__customers_group) -  [ubuntu|2101]: It took 0.583s to parse the dbt project for DAG using LoadMode.DBT_LS_CACHE
[2024-08-16T10:04:55.952+0000] {log.py:232} WARNING - [[34m2024-08-16T10:04:55.952+0000[0m] {[34mproject.py:[0m35} INFO[0m - [35m(astronomer-cosmos)[0m - Project /opt/***/dags/Data_Marketplace does not have {'dependencies.yml', 'packages.yml'}[0m
[2024-08-16T10:04:55.953+0000] {log.py:232} WARNING - [[34m2024-08-16T10:04:55.952+0000[0m] {[34mproject.py:[0m35} INFO[0m - [35m(astronomer-cosmos)[0m - Project /opt/***/dags/Data_Marketplace does not have {'dependencies.yml', 'packages.yml'}[0m
[2024-08-16T10:04:55.952+0000] {project.py:35} INFO - Project /opt/***/dags/Data_Marketplace does not have {'dependencies.yml', 'packages.yml'}
[2024-08-16T10:04:55.955+0000] {log.py:232} WARNING - [[34m2024-08-16T10:04:55.955+0000[0m] {[34mproject.py:[0m35} INFO[0m - [35m(astronomer-cosmos)[0m - Project /opt/***/dags/Data_Marketplace does not have {'dependencies.yml', 'packages.yml'}[0m
[2024-08-16T10:04:55.955+0000] {log.py:232} WARNING - [[34m2024-08-16T10:04:55.955+0000[0m] {[34mproject.py:[0m35} INFO[0m - [35m(astronomer-cosmos)[0m - Project /opt/***/dags/Data_Marketplace does not have {'dependencies.yml', 'packages.yml'}[0m
[2024-08-16T10:04:55.955+0000] {project.py:35} INFO - Project /opt/***/dags/Data_Marketplace does not have {'dependencies.yml', 'packages.yml'}
[2024-08-16T10:04:55.957+0000] {log.py:232} WARNING - [[34m2024-08-16T10:04:55.957+0000[0m] {[34mproject.py:[0m35} INFO[0m - [35m(astronomer-cosmos)[0m - Project /opt/***/dags/Data_Marketplace does not have {'dependencies.yml', 'packages.yml'}[0m
[2024-08-16T10:04:55.958+0000] {log.py:232} WARNING - [[34m2024-08-16T10:04:55.957+0000[0m] {[34mproject.py:[0m35} INFO[0m - [35m(astronomer-cosmos)[0m - Project /opt/***/dags/Data_Marketplace does not have {'dependencies.yml', 'packages.yml'}[0m
[2024-08-16T10:04:55.957+0000] {project.py:35} INFO - Project /opt/***/dags/Data_Marketplace does not have {'dependencies.yml', 'packages.yml'}
[2024-08-16T10:04:55.959+0000] {log.py:232} WARNING - [[34m2024-08-16T10:04:55.959+0000[0m] {[34mconverter.py:[0m293} INFO[0m - [35m(astronomer-cosmos)[0m - Cosmos performance (dbt_dag_filterd__customers_group) - [ubuntu|2101]: It took 0.0091s to build the Airflow DAG.[0m
[2024-08-16T10:04:55.959+0000] {log.py:232} WARNING - [[34m2024-08-16T10:04:55.959+0000[0m] {[34mconverter.py:[0m293} INFO[0m - [35m(astronomer-cosmos)[0m - Cosmos performance (dbt_dag_filterd__customers_group) - [ubuntu|2101]: It took 0.0091s to build the Airflow DAG.[0m
[2024-08-16T10:04:55.959+0000] {converter.py:293} INFO - Cosmos performance (dbt_dag_filterd__customers_group) - [ubuntu|2101]: It took 0.0091s to build the Airflow DAG.
[2024-08-16T10:04:55.960+0000] {log.py:232} WARNING - [[34m2024-08-16T10:04:55.960+0000[0m] {[34mlocal.py:[0m174} INFO[0m - [35m(astronomer-cosmos)[0m - Could not import dbtRunner. Falling back to subprocess for invoking dbt.[0m
[2024-08-16T10:04:55.960+0000] {log.py:232} WARNING - [[34m2024-08-16T10:04:55.960+0000[0m] {[34mlocal.py:[0m174} INFO[0m - [35m(astronomer-cosmos)[0m - Could not import dbtRunner. Falling back to subprocess for invoking dbt.[0m
[2024-08-16T10:04:55.960+0000] {local.py:174} INFO - Could not import dbtRunner. Falling back to subprocess for invoking dbt.
[2024-08-16T10:04:55.962+0000] {log.py:232} WARNING - [[34m2024-08-16T10:04:55.961+0000[0m] {[34mlocal.py:[0m292} INFO[0m - [35m(astronomer-cosmos)[0m - Cloning project to writable temp directory /tmp/tmpk2jxf38l from /opt/***/dags/Data_Marketplace[0m
[2024-08-16T10:04:55.962+0000] {log.py:232} WARNING - [[34m2024-08-16T10:04:55.961+0000[0m] {[34mlocal.py:[0m292} INFO[0m - [35m(astronomer-cosmos)[0m - Cloning project to writable temp directory /tmp/tmpk2jxf38l from /opt/***/dags/Data_Marketplace[0m
[2024-08-16T10:04:55.961+0000] {local.py:292} INFO - Cloning project to writable temp directory /tmp/tmpk2jxf38l from /opt/airflow/dags/Data_Marketplace
[2024-08-16T10:04:55.966+0000] {log.py:232} WARNING - [[34m2024-08-16T10:04:55.965+0000[0m] {[34mlocal.py:[0m303} INFO[0m - [35m(astronomer-cosmos)[0m - Partial parse is enabled and the latest partial parse file is /tmp/cosmos/Weather_Data_Extraction__weather_data_models/target/partial_parse.msgpack[0m
[2024-08-16T10:04:55.966+0000] {log.py:232} WARNING - [[34m2024-08-16T10:04:55.965+0000[0m] {[34mlocal.py:[0m303} INFO[0m - [35m(astronomer-cosmos)[0m - Partial parse is enabled and the latest partial parse file is /tmp/cosmos/Weather_Data_Extraction__weather_data_models/target/partial_parse.msgpack[0m
[2024-08-16T10:04:55.965+0000] {local.py:303} INFO - Partial parse is enabled and the latest partial parse file is /tmp/cosmos/Weather_Data_Extraction__weather_data_models/target/partial_parse.msgpack
[2024-08-16T10:04:55.973+0000] {log.py:232} WARNING - [[34m2024-08-16T10:04:55.973+0000[0m] {[34mconfig.py:[0m292} INFO[0m - [35m(astronomer-cosmos)[0m - Profile caching is enable.[0m
[2024-08-16T10:04:55.974+0000] {log.py:232} WARNING - [[34m2024-08-16T10:04:55.973+0000[0m] {[34mconfig.py:[0m292} INFO[0m - [35m(astronomer-cosmos)[0m - Profile caching is enable.[0m
[2024-08-16T10:04:55.973+0000] {config.py:292} INFO - Profile caching is enable.
[2024-08-16T10:04:55.984+0000] {base.py:84} INFO - Using connection ID 'snowflake_conn' for task execution.
[2024-08-16T10:04:55.988+0000] {log.py:232} WARNING - [[34m2024-08-16T10:04:55.988+0000[0m] {[34mconfig.py:[0m272} INFO[0m - [35m(astronomer-cosmos)[0m - Profile found in cache using profile: /tmp/cosmos/profile/ec71862f850e9b0839075fe0561d5062ab3dd99ef2a3dac2fe4fc1486f2849d0/profiles.yml.[0m
[2024-08-16T10:04:55.989+0000] {log.py:232} WARNING - [[34m2024-08-16T10:04:55.988+0000[0m] {[34mconfig.py:[0m272} INFO[0m - [35m(astronomer-cosmos)[0m - Profile found in cache using profile: /tmp/cosmos/profile/ec71862f850e9b0839075fe0561d5062ab3dd99ef2a3dac2fe4fc1486f2849d0/profiles.yml.[0m
[2024-08-16T10:04:55.988+0000] {config.py:272} INFO - Profile found in cache using profile: /tmp/cosmos/profile/ec71862f850e9b0839075fe0561d5062ab3dd99ef2a3dac2fe4fc1486f2849d0/profiles.yml.
[2024-08-16T10:04:55.992+0000] {log.py:232} WARNING - [[34m2024-08-16T10:04:55.992+0000[0m] {[34mlocal.py:[0m247} INFO[0m - [35m(astronomer-cosmos)[0m - Trying to run the command:
 ['/opt/***/dbt_venv/bin/dbt', 'run', '--models', 'fct_weather_data', '--project-dir', '/tmp/tmpk2jxf38l', '--profiles-dir', '/tmp/cosmos/profile/ec71862f850e9b0839075fe0561d5062ab3dd99ef2a3dac2fe4fc1486f2849d0', '--profile', 'Data_Marketplace', '--target', 'dev']
From /tmp/tmpk2jxf38l[0m
[2024-08-16T10:04:55.993+0000] {log.py:232} WARNING - [[34m2024-08-16T10:04:55.992+0000[0m] {[34mlocal.py:[0m247} INFO[0m - [35m(astronomer-cosmos)[0m - Trying to run the command:
 ['/opt/***/dbt_venv/bin/dbt', 'run', '--models', 'fct_weather_data', '--project-dir', '/tmp/tmpk2jxf38l', '--profiles-dir', '/tmp/cosmos/profile/ec71862f850e9b0839075fe0561d5062ab3dd99ef2a3dac2fe4fc1486f2849d0', '--profile', 'Data_Marketplace', '--target', 'dev']
From /tmp/tmpk2jxf38l[0m
[2024-08-16T10:04:55.992+0000] {local.py:247} INFO - Trying to run the command:
 ['/opt/***/dbt_venv/bin/dbt', 'run', '--models', 'fct_weather_data', '--project-dir', '/tmp/tmpk2jxf38l', '--profiles-dir', '/tmp/cosmos/profile/ec71862f850e9b0839075fe0561d5062ab3dd99ef2a3dac2fe4fc1486f2849d0', '--profile', 'Data_Marketplace', '--target', 'dev']
From /tmp/tmpk2jxf38l
[2024-08-16T10:04:55.995+0000] {log.py:232} WARNING - [[34m2024-08-16T10:04:55.995+0000[0m] {[34msubprocess.py:[0m60} INFO[0m - [35m(astronomer-cosmos)[0m - Tmp dir root location: 
 /tmp[0m
[2024-08-16T10:04:55.997+0000] {log.py:232} WARNING - [[34m2024-08-16T10:04:55.995+0000[0m] {[34msubprocess.py:[0m60} INFO[0m - [35m(astronomer-cosmos)[0m - Tmp dir root location: 
 /tmp[0m
[2024-08-16T10:04:55.995+0000] {subprocess.py:60} INFO - Tmp dir root location: 
 /tmp
[2024-08-16T10:04:55.998+0000] {log.py:232} WARNING - [[34m2024-08-16T10:04:55.998+0000[0m] {[34msubprocess.py:[0m73} INFO[0m - [35m(astronomer-cosmos)[0m - Running command: ['/opt/***/dbt_venv/bin/dbt', 'run', '--models', 'fct_weather_data', '--project-dir', '/tmp/tmpk2jxf38l', '--profiles-dir', '/tmp/cosmos/profile/ec71862f850e9b0839075fe0561d5062ab3dd99ef2a3dac2fe4fc1486f2849d0', '--profile', 'Data_Marketplace', '--target', 'dev'][0m
[2024-08-16T10:04:55.999+0000] {log.py:232} WARNING - [[34m2024-08-16T10:04:55.998+0000[0m] {[34msubprocess.py:[0m73} INFO[0m - [35m(astronomer-cosmos)[0m - Running command: ['/opt/***/dbt_venv/bin/dbt', 'run', '--models', 'fct_weather_data', '--project-dir', '/tmp/tmpk2jxf38l', '--profiles-dir', '/tmp/cosmos/profile/ec71862f850e9b0839075fe0561d5062ab3dd99ef2a3dac2fe4fc1486f2849d0', '--profile', 'Data_Marketplace', '--target', 'dev'][0m
[2024-08-16T10:04:55.998+0000] {subprocess.py:73} INFO - Running command: ['/opt/***/dbt_venv/bin/dbt', 'run', '--models', 'fct_weather_data', '--project-dir', '/tmp/tmpk2jxf38l', '--profiles-dir', '/tmp/cosmos/profile/ec71862f850e9b0839075fe0561d5062ab3dd99ef2a3dac2fe4fc1486f2849d0', '--profile', 'Data_Marketplace', '--target', 'dev']
[2024-08-16T10:04:56.014+0000] {log.py:232} WARNING - [[34m2024-08-16T10:04:56.014+0000[0m] {[34msubprocess.py:[0m84} INFO[0m - [35m(astronomer-cosmos)[0m - Command output:[0m
[2024-08-16T10:04:56.015+0000] {log.py:232} WARNING - [[34m2024-08-16T10:04:56.014+0000[0m] {[34msubprocess.py:[0m84} INFO[0m - [35m(astronomer-cosmos)[0m - Command output:[0m
[2024-08-16T10:04:56.014+0000] {subprocess.py:84} INFO - Command output:
[2024-08-16T10:04:58.066+0000] {log.py:232} WARNING - [[34m2024-08-16T10:04:58.066+0000[0m] {[34msubprocess.py:[0m94} INFO[0m - [35m(astronomer-cosmos)[0m - [0m10:04:58  Running with dbt=1.8.5[0m
[2024-08-16T10:04:58.068+0000] {log.py:232} WARNING - [[34m2024-08-16T10:04:58.066+0000[0m] {[34msubprocess.py:[0m94} INFO[0m - [35m(astronomer-cosmos)[0m - [0m10:04:58  Running with dbt=1.8.5[0m
[2024-08-16T10:04:58.066+0000] {subprocess.py:94} INFO - [0m10:04:58  Running with dbt=1.8.5
[2024-08-16T10:04:58.600+0000] {log.py:232} WARNING - [[34m2024-08-16T10:04:58.600+0000[0m] {[34msubprocess.py:[0m94} INFO[0m - [35m(astronomer-cosmos)[0m - [0m10:04:58  Registered adapter: snowflake=1.8.3[0m
[2024-08-16T10:04:58.601+0000] {log.py:232} WARNING - [[34m2024-08-16T10:04:58.600+0000[0m] {[34msubprocess.py:[0m94} INFO[0m - [35m(astronomer-cosmos)[0m - [0m10:04:58  Registered adapter: snowflake=1.8.3[0m
[2024-08-16T10:04:58.600+0000] {subprocess.py:94} INFO - [0m10:04:58  Registered adapter: snowflake=1.8.3
[2024-08-16T10:04:59.237+0000] {log.py:232} WARNING - [[34m2024-08-16T10:04:59.236+0000[0m] {[34msubprocess.py:[0m94} INFO[0m - [35m(astronomer-cosmos)[0m - [0m10:04:59  Found 9 models, 2 snapshots, 3 seeds, 2 data tests, 3 sources, 448 macros[0m
[2024-08-16T10:04:59.238+0000] {log.py:232} WARNING - [[34m2024-08-16T10:04:59.236+0000[0m] {[34msubprocess.py:[0m94} INFO[0m - [35m(astronomer-cosmos)[0m - [0m10:04:59  Found 9 models, 2 snapshots, 3 seeds, 2 data tests, 3 sources, 448 macros[0m
[2024-08-16T10:04:59.236+0000] {subprocess.py:94} INFO - [0m10:04:59  Found 9 models, 2 snapshots, 3 seeds, 2 data tests, 3 sources, 448 macros
[2024-08-16T10:04:59.239+0000] {log.py:232} WARNING - [[34m2024-08-16T10:04:59.239+0000[0m] {[34msubprocess.py:[0m94} INFO[0m - [35m(astronomer-cosmos)[0m - [0m10:04:59[0m
[2024-08-16T10:04:59.240+0000] {log.py:232} WARNING - [[34m2024-08-16T10:04:59.239+0000[0m] {[34msubprocess.py:[0m94} INFO[0m - [35m(astronomer-cosmos)[0m - [0m10:04:59[0m
[2024-08-16T10:04:59.239+0000] {subprocess.py:94} INFO - [0m10:04:59
[2024-08-16T10:05:02.016+0000] {log.py:232} WARNING - [[34m2024-08-16T10:05:02.015+0000[0m] {[34msubprocess.py:[0m94} INFO[0m - [35m(astronomer-cosmos)[0m - [0m10:05:02  Concurrency: 1 threads (target='dev')[0m
[2024-08-16T10:05:02.018+0000] {log.py:232} WARNING - [[34m2024-08-16T10:05:02.015+0000[0m] {[34msubprocess.py:[0m94} INFO[0m - [35m(astronomer-cosmos)[0m - [0m10:05:02  Concurrency: 1 threads (target='dev')[0m
[2024-08-16T10:05:02.015+0000] {subprocess.py:94} INFO - [0m10:05:02  Concurrency: 1 threads (target='dev')
[2024-08-16T10:05:02.021+0000] {log.py:232} WARNING - [[34m2024-08-16T10:05:02.021+0000[0m] {[34msubprocess.py:[0m94} INFO[0m - [35m(astronomer-cosmos)[0m - [0m10:05:02[0m
[2024-08-16T10:05:02.023+0000] {log.py:232} WARNING - [[34m2024-08-16T10:05:02.021+0000[0m] {[34msubprocess.py:[0m94} INFO[0m - [35m(astronomer-cosmos)[0m - [0m10:05:02[0m
[2024-08-16T10:05:02.021+0000] {subprocess.py:94} INFO - [0m10:05:02
[2024-08-16T10:05:02.048+0000] {log.py:232} WARNING - [[34m2024-08-16T10:05:02.048+0000[0m] {[34msubprocess.py:[0m94} INFO[0m - [35m(astronomer-cosmos)[0m - [0m10:05:02  1 of 1 START sql incremental model DWH.fct_weather_data ........................ [RUN][0m
[2024-08-16T10:05:02.050+0000] {log.py:232} WARNING - [[34m2024-08-16T10:05:02.048+0000[0m] {[34msubprocess.py:[0m94} INFO[0m - [35m(astronomer-cosmos)[0m - [0m10:05:02  1 of 1 START sql incremental model DWH.fct_weather_data ........................ [RUN][0m
[2024-08-16T10:05:02.048+0000] {subprocess.py:94} INFO - [0m10:05:02  1 of 1 START sql incremental model DWH.fct_weather_data ........................ [RUN]
[2024-08-16T10:05:04.883+0000] {log.py:232} WARNING - [[34m2024-08-16T10:05:04.882+0000[0m] {[34msubprocess.py:[0m94} INFO[0m - [35m(astronomer-cosmos)[0m - [0m10:05:04  1 of 1 OK created sql incremental model DWH.fct_weather_data ................... [[32mSUCCESS 1[0m in 2.83s][0m
[2024-08-16T10:05:04.883+0000] {log.py:232} WARNING - [[34m2024-08-16T10:05:04.882+0000[0m] {[34msubprocess.py:[0m94} INFO[0m - [35m(astronomer-cosmos)[0m - [0m10:05:04  1 of 1 OK created sql incremental model DWH.fct_weather_data ................... [[32mSUCCESS 1[0m in 2.83s][0m
[2024-08-16T10:05:04.882+0000] {subprocess.py:94} INFO - [0m10:05:04  1 of 1 OK created sql incremental model DWH.fct_weather_data ................... [[32mSUCCESS 1[0m in 2.83s]
[2024-08-16T10:05:04.886+0000] {log.py:232} WARNING - [[34m2024-08-16T10:05:04.886+0000[0m] {[34msubprocess.py:[0m94} INFO[0m - [35m(astronomer-cosmos)[0m - [0m10:05:04[0m
[2024-08-16T10:05:04.887+0000] {log.py:232} WARNING - [[34m2024-08-16T10:05:04.886+0000[0m] {[34msubprocess.py:[0m94} INFO[0m - [35m(astronomer-cosmos)[0m - [0m10:05:04[0m
[2024-08-16T10:05:04.886+0000] {subprocess.py:94} INFO - [0m10:05:04
[2024-08-16T10:05:04.888+0000] {log.py:232} WARNING - [[34m2024-08-16T10:05:04.888+0000[0m] {[34msubprocess.py:[0m94} INFO[0m - [35m(astronomer-cosmos)[0m - [0m10:05:04  Finished running 1 incremental model in 0 hours 0 minutes and 5.65 seconds (5.65s).[0m
[2024-08-16T10:05:04.889+0000] {log.py:232} WARNING - [[34m2024-08-16T10:05:04.888+0000[0m] {[34msubprocess.py:[0m94} INFO[0m - [35m(astronomer-cosmos)[0m - [0m10:05:04  Finished running 1 incremental model in 0 hours 0 minutes and 5.65 seconds (5.65s).[0m
[2024-08-16T10:05:04.888+0000] {subprocess.py:94} INFO - [0m10:05:04  Finished running 1 incremental model in 0 hours 0 minutes and 5.65 seconds (5.65s).
[2024-08-16T10:05:04.927+0000] {log.py:232} WARNING - [[34m2024-08-16T10:05:04.926+0000[0m] {[34msubprocess.py:[0m94} INFO[0m - [35m(astronomer-cosmos)[0m - [0m10:05:04[0m
[2024-08-16T10:05:04.928+0000] {log.py:232} WARNING - [[34m2024-08-16T10:05:04.926+0000[0m] {[34msubprocess.py:[0m94} INFO[0m - [35m(astronomer-cosmos)[0m - [0m10:05:04[0m
[2024-08-16T10:05:04.926+0000] {subprocess.py:94} INFO - [0m10:05:04
[2024-08-16T10:05:04.929+0000] {log.py:232} WARNING - [[34m2024-08-16T10:05:04.929+0000[0m] {[34msubprocess.py:[0m94} INFO[0m - [35m(astronomer-cosmos)[0m - [0m10:05:04  [32mCompleted successfully[0m[0m
[2024-08-16T10:05:04.930+0000] {log.py:232} WARNING - [[34m2024-08-16T10:05:04.929+0000[0m] {[34msubprocess.py:[0m94} INFO[0m - [35m(astronomer-cosmos)[0m - [0m10:05:04  [32mCompleted successfully[0m[0m
[2024-08-16T10:05:04.929+0000] {subprocess.py:94} INFO - [0m10:05:04  [32mCompleted successfully[0m
[2024-08-16T10:05:04.931+0000] {log.py:232} WARNING - [[34m2024-08-16T10:05:04.930+0000[0m] {[34msubprocess.py:[0m94} INFO[0m - [35m(astronomer-cosmos)[0m - [0m10:05:04[0m
[2024-08-16T10:05:04.931+0000] {log.py:232} WARNING - [[34m2024-08-16T10:05:04.930+0000[0m] {[34msubprocess.py:[0m94} INFO[0m - [35m(astronomer-cosmos)[0m - [0m10:05:04[0m
[2024-08-16T10:05:04.930+0000] {subprocess.py:94} INFO - [0m10:05:04
[2024-08-16T10:05:04.932+0000] {log.py:232} WARNING - [[34m2024-08-16T10:05:04.932+0000[0m] {[34msubprocess.py:[0m94} INFO[0m - [35m(astronomer-cosmos)[0m - [0m10:05:04  Done. PASS=1 WARN=0 ERROR=0 SKIP=0 TOTAL=1[0m
[2024-08-16T10:05:04.933+0000] {log.py:232} WARNING - [[34m2024-08-16T10:05:04.932+0000[0m] {[34msubprocess.py:[0m94} INFO[0m - [35m(astronomer-cosmos)[0m - [0m10:05:04  Done. PASS=1 WARN=0 ERROR=0 SKIP=0 TOTAL=1[0m
[2024-08-16T10:05:04.932+0000] {subprocess.py:94} INFO - [0m10:05:04  Done. PASS=1 WARN=0 ERROR=0 SKIP=0 TOTAL=1
[2024-08-16T10:05:06.551+0000] {log.py:232} WARNING - [[34m2024-08-16T10:05:06.551+0000[0m] {[34msubprocess.py:[0m98} INFO[0m - [35m(astronomer-cosmos)[0m - Command exited with return code 0[0m
[2024-08-16T10:05:06.552+0000] {log.py:232} WARNING - [[34m2024-08-16T10:05:06.551+0000[0m] {[34msubprocess.py:[0m98} INFO[0m - [35m(astronomer-cosmos)[0m - Command exited with return code 0[0m
[2024-08-16T10:05:06.551+0000] {subprocess.py:98} INFO - Command exited with return code 0
[2024-08-16T10:05:06.554+0000] {log.py:232} WARNING - [[34m2024-08-16T10:05:06.553+0000[0m] {[34mlocal.py:[0m254} INFO[0m - [35m(astronomer-cosmos)[0m - [0m10:05:04  Done. PASS=1 WARN=0 ERROR=0 SKIP=0 TOTAL=1[0m
[2024-08-16T10:05:06.554+0000] {log.py:232} WARNING - [[34m2024-08-16T10:05:06.553+0000[0m] {[34mlocal.py:[0m254} INFO[0m - [35m(astronomer-cosmos)[0m - [0m10:05:04  Done. PASS=1 WARN=0 ERROR=0 SKIP=0 TOTAL=1[0m
[2024-08-16T10:05:06.553+0000] {local.py:254} INFO - [0m10:05:04  Done. PASS=1 WARN=0 ERROR=0 SKIP=0 TOTAL=1
[2024-08-16T10:05:06.577+0000] {local.py:196} WARNING - Artifact schema version: https://schemas.getdbt.com/dbt/manifest/v12.json is above dbt-ol supported version 7. This might cause errors.
[2024-08-16T10:05:06.578+0000] {local.py:196} WARNING - Artifact schema version: https://schemas.getdbt.com/dbt/run-results/v6.json is above dbt-ol supported version 5. This might cause errors.
[2024-08-16T10:05:06.592+0000] {log.py:232} WARNING - [[34m2024-08-16T10:05:06.592+0000[0m] {[34mlocal.py:[0m349} INFO[0m - [35m(astronomer-cosmos)[0m - Inlets: [Dataset(uri='snowflake://uz36730.ap-southeast-1.aws/POC_DATA_MARKETPLACE.DWH.stg_weather_data', extra=None)][0m
[2024-08-16T10:05:06.593+0000] {log.py:232} WARNING - [[34m2024-08-16T10:05:06.592+0000[0m] {[34mlocal.py:[0m349} INFO[0m - [35m(astronomer-cosmos)[0m - Inlets: [Dataset(uri='snowflake://uz36730.ap-southeast-1.aws/POC_DATA_MARKETPLACE.DWH.stg_weather_data', extra=None)][0m
[2024-08-16T10:05:06.592+0000] {local.py:349} INFO - Inlets: [Dataset(uri='snowflake://uz36730.ap-southeast-1.aws/POC_DATA_MARKETPLACE.DWH.stg_weather_data', extra=None)]
[2024-08-16T10:05:06.595+0000] {log.py:232} WARNING - [[34m2024-08-16T10:05:06.595+0000[0m] {[34mlocal.py:[0m350} INFO[0m - [35m(astronomer-cosmos)[0m - Outlets: [Dataset(uri='snowflake://uz36730.ap-southeast-1.aws/POC_DATA_MARKETPLACE.DWH.fct_weather_data', extra=None)][0m
[2024-08-16T10:05:06.597+0000] {log.py:232} WARNING - [[34m2024-08-16T10:05:06.595+0000[0m] {[34mlocal.py:[0m350} INFO[0m - [35m(astronomer-cosmos)[0m - Outlets: [Dataset(uri='snowflake://uz36730.ap-southeast-1.aws/POC_DATA_MARKETPLACE.DWH.fct_weather_data', extra=None)][0m
[2024-08-16T10:05:06.595+0000] {local.py:350} INFO - Outlets: [Dataset(uri='snowflake://uz36730.ap-southeast-1.aws/POC_DATA_MARKETPLACE.DWH.fct_weather_data', extra=None)]
[2024-08-16T10:05:06.598+0000] {dag.py:3096} INFO - Sync 1 DAGs
[2024-08-16T10:05:06.762+0000] {taskinstance.py:441} INFO - ::group::Post task execution logs
[2024-08-16T10:05:06.838+0000] {taskinstance.py:1206} INFO - Marking task as SUCCESS. dag_id=Weather_Data_Extraction, task_id=weather_data_models.fct_weather_data.run, run_id=backfill__2024-08-11T00:00:00+00:00, execution_date=20240811T000000, start_date=20240816T100455, end_date=20240816T100506
[2024-08-16T10:05:06.925+0000] {local_task_job_runner.py:240} INFO - Task exited with return code 0
[2024-08-16T10:05:06.968+0000] {taskinstance.py:3503} INFO - 1 downstream tasks scheduled from follow-on schedule check
[2024-08-16T10:05:06.972+0000] {local_task_job_runner.py:222} INFO - ::endgroup::
