[2024-08-09T09:11:47.125+0000] {local_task_job_runner.py:120} INFO - ::group::Pre task execution logs
[2024-08-09T09:11:47.145+0000] {taskinstance.py:2076} INFO - Dependencies all met for dep_context=non-requeueable deps ti=<TaskInstance: Scrape_City.city_models.stg_city_run manual__2024-08-09T09:10:46.597523+00:00 [queued]>
[2024-08-09T09:11:47.327+0000] {taskinstance.py:2076} INFO - Dependencies all met for dep_context=requeueable deps ti=<TaskInstance: Scrape_City.city_models.stg_city_run manual__2024-08-09T09:10:46.597523+00:00 [queued]>
[2024-08-09T09:11:47.327+0000] {taskinstance.py:2306} INFO - Starting attempt 1 of 3
[2024-08-09T09:11:47.341+0000] {taskinstance.py:2330} INFO - Executing <Task(DbtRunLocalOperator): city_models.stg_city_run> on 2024-08-09 09:10:46.597523+00:00
[2024-08-09T09:11:47.352+0000] {warnings.py:112} WARNING - /home/***/.local/lib/python3.12/site-packages/***/task/task_runner/standard_task_runner.py:61: DeprecationWarning: This process (pid=1484) is multi-threaded, use of fork() may lead to deadlocks in the child.
  pid = os.fork()

[2024-08-09T09:11:47.353+0000] {standard_task_runner.py:63} INFO - Started process 1486 to run task
[2024-08-09T09:11:47.354+0000] {standard_task_runner.py:90} INFO - Running: ['***', 'tasks', 'run', 'Scrape_City', 'city_models.stg_city_run', 'manual__2024-08-09T09:10:46.597523+00:00', '--job-id', '96', '--raw', '--subdir', 'DAGS_FOLDER/City_Extraction.py', '--cfg-path', '/tmp/tmpoeozco_2']
[2024-08-09T09:11:47.357+0000] {standard_task_runner.py:91} INFO - Job 96: Subtask city_models.stg_city_run
[2024-08-09T09:11:47.371+0000] {warnings.py:112} WARNING - /home/***/.local/lib/python3.12/site-packages/***/settings.py:195: DeprecationWarning: The sql_alchemy_conn option in [core] has been moved to the sql_alchemy_conn option in [database] - the old setting has been used, but please update your config.
  SQL_ALCHEMY_CONN = conf.get("database", "SQL_ALCHEMY_CONN")

[2024-08-09T09:11:47.406+0000] {task_command.py:426} INFO - Running <TaskInstance: Scrape_City.city_models.stg_city_run manual__2024-08-09T09:10:46.597523+00:00 [running]> on host ubuntu
[2024-08-09T09:11:47.493+0000] {taskinstance.py:2648} INFO - Exporting env vars: AIRFLOW_CTX_DAG_OWNER='Ducky' AIRFLOW_CTX_DAG_ID='Scrape_City' AIRFLOW_CTX_TASK_ID='city_models.stg_city_run' AIRFLOW_CTX_EXECUTION_DATE='2024-08-09T09:10:46.597523+00:00' AIRFLOW_CTX_TRY_NUMBER='1' AIRFLOW_CTX_DAG_RUN_ID='manual__2024-08-09T09:10:46.597523+00:00'
[2024-08-09T09:11:47.495+0000] {taskinstance.py:430} INFO - ::endgroup::
[2024-08-09T09:11:47.515+0000] {log.py:232} WARNING - [[34m2024-08-09T09:11:47.514+0000[0m] {[34mgraph.py:[0m377} INFO[0m - [35m(astronomer-cosmos)[0m - Trying to parse the dbt project using dbt ls cache cosmos_cache__dbt_dag_filterd__customers_group...[0m
[2024-08-09T09:11:47.515+0000] {log.py:232} WARNING - [[34m2024-08-09T09:11:47.514+0000[0m] {[34mgraph.py:[0m377} INFO[0m - [35m(astronomer-cosmos)[0m - Trying to parse the dbt project using dbt ls cache cosmos_cache__dbt_dag_filterd__customers_group...[0m
[2024-08-09T09:11:47.514+0000] {graph.py:377} INFO - Trying to parse the dbt project using dbt ls cache cosmos_cache__dbt_dag_filterd__customers_group...
[2024-08-09T09:11:47.531+0000] {log.py:232} WARNING - [[34m2024-08-09T09:11:47.531+0000[0m] {[34mcache.py:[0m262} INFO[0m - [35m(astronomer-cosmos)[0m - Cosmos performance: time to calculate cache identifier cosmos_cache__dbt_dag_filterd__customers_group for current version: 0.006062446999749227[0m
[2024-08-09T09:11:47.531+0000] {log.py:232} WARNING - [[34m2024-08-09T09:11:47.531+0000[0m] {[34mcache.py:[0m262} INFO[0m - [35m(astronomer-cosmos)[0m - Cosmos performance: time to calculate cache identifier cosmos_cache__dbt_dag_filterd__customers_group for current version: 0.006062446999749227[0m
[2024-08-09T09:11:47.531+0000] {cache.py:262} INFO - Cosmos performance: time to calculate cache identifier cosmos_cache__dbt_dag_filterd__customers_group for current version: 0.006062446999749227
[2024-08-09T09:11:47.532+0000] {log.py:232} WARNING - [[34m2024-08-09T09:11:47.532+0000[0m] {[34mgraph.py:[0m394} INFO[0m - [35m(astronomer-cosmos)[0m - Cosmos performance [ubuntu|1486]: The cache size for cosmos_cache__dbt_dag_filterd__customers_group is 3094[0m
[2024-08-09T09:11:47.532+0000] {log.py:232} WARNING - [[34m2024-08-09T09:11:47.532+0000[0m] {[34mgraph.py:[0m394} INFO[0m - [35m(astronomer-cosmos)[0m - Cosmos performance [ubuntu|1486]: The cache size for cosmos_cache__dbt_dag_filterd__customers_group is 3094[0m
[2024-08-09T09:11:47.532+0000] {graph.py:394} INFO - Cosmos performance [ubuntu|1486]: The cache size for cosmos_cache__dbt_dag_filterd__customers_group is 3094
[2024-08-09T09:11:47.533+0000] {log.py:232} WARNING - [[34m2024-08-09T09:11:47.533+0000[0m] {[34mgraph.py:[0m402} INFO[0m - [35m(astronomer-cosmos)[0m - Cosmos performance: Cache hit for cosmos_cache__dbt_dag_filterd__customers_group - f0894e22ca1fc514beb9335fa3aa34e2,5f7d44698c4b67134aff532494870c9c[0m
[2024-08-09T09:11:47.534+0000] {log.py:232} WARNING - [[34m2024-08-09T09:11:47.533+0000[0m] {[34mgraph.py:[0m402} INFO[0m - [35m(astronomer-cosmos)[0m - Cosmos performance: Cache hit for cosmos_cache__dbt_dag_filterd__customers_group - f0894e22ca1fc514beb9335fa3aa34e2,5f7d44698c4b67134aff532494870c9c[0m
[2024-08-09T09:11:47.533+0000] {graph.py:402} INFO - Cosmos performance: Cache hit for cosmos_cache__dbt_dag_filterd__customers_group - f0894e22ca1fc514beb9335fa3aa34e2,5f7d44698c4b67134aff532494870c9c
[2024-08-09T09:11:47.534+0000] {log.py:232} WARNING - [[34m2024-08-09T09:11:47.534+0000[0m] {[34mgraph.py:[0m335} INFO[0m - [35m(astronomer-cosmos)[0m - Total nodes: 3[0m
[2024-08-09T09:11:47.535+0000] {log.py:232} WARNING - [[34m2024-08-09T09:11:47.534+0000[0m] {[34mgraph.py:[0m335} INFO[0m - [35m(astronomer-cosmos)[0m - Total nodes: 3[0m
[2024-08-09T09:11:47.534+0000] {graph.py:335} INFO - Total nodes: 3
[2024-08-09T09:11:47.535+0000] {log.py:232} WARNING - [[34m2024-08-09T09:11:47.535+0000[0m] {[34mgraph.py:[0m336} INFO[0m - [35m(astronomer-cosmos)[0m - Total filtered nodes: 3[0m
[2024-08-09T09:11:47.536+0000] {log.py:232} WARNING - [[34m2024-08-09T09:11:47.535+0000[0m] {[34mgraph.py:[0m336} INFO[0m - [35m(astronomer-cosmos)[0m - Total filtered nodes: 3[0m
[2024-08-09T09:11:47.535+0000] {graph.py:336} INFO - Total filtered nodes: 3
[2024-08-09T09:11:47.536+0000] {log.py:232} WARNING - [[34m2024-08-09T09:11:47.536+0000[0m] {[34mconverter.py:[0m251} INFO[0m - [35m(astronomer-cosmos)[0m - Cosmos performance (dbt_dag_filterd__customers_group) -  [ubuntu|1486]: It took 0.022s to parse the dbt project for DAG using LoadMode.DBT_LS_CACHE[0m
[2024-08-09T09:11:47.537+0000] {log.py:232} WARNING - [[34m2024-08-09T09:11:47.536+0000[0m] {[34mconverter.py:[0m251} INFO[0m - [35m(astronomer-cosmos)[0m - Cosmos performance (dbt_dag_filterd__customers_group) -  [ubuntu|1486]: It took 0.022s to parse the dbt project for DAG using LoadMode.DBT_LS_CACHE[0m
[2024-08-09T09:11:47.536+0000] {converter.py:251} INFO - Cosmos performance (dbt_dag_filterd__customers_group) -  [ubuntu|1486]: It took 0.022s to parse the dbt project for DAG using LoadMode.DBT_LS_CACHE
[2024-08-09T09:11:47.538+0000] {log.py:232} WARNING - [[34m2024-08-09T09:11:47.538+0000[0m] {[34mproject.py:[0m35} INFO[0m - [35m(astronomer-cosmos)[0m - Project /opt/***/dags/Data_Marketplace does not have {'packages.yml', 'dependencies.yml'}[0m
[2024-08-09T09:11:47.538+0000] {log.py:232} WARNING - [[34m2024-08-09T09:11:47.538+0000[0m] {[34mproject.py:[0m35} INFO[0m - [35m(astronomer-cosmos)[0m - Project /opt/***/dags/Data_Marketplace does not have {'packages.yml', 'dependencies.yml'}[0m
[2024-08-09T09:11:47.538+0000] {project.py:35} INFO - Project /opt/***/dags/Data_Marketplace does not have {'packages.yml', 'dependencies.yml'}
[2024-08-09T09:11:47.540+0000] {log.py:232} WARNING - [[34m2024-08-09T09:11:47.539+0000[0m] {[34mproject.py:[0m35} INFO[0m - [35m(astronomer-cosmos)[0m - Project /opt/***/dags/Data_Marketplace does not have {'packages.yml', 'dependencies.yml'}[0m
[2024-08-09T09:11:47.540+0000] {log.py:232} WARNING - [[34m2024-08-09T09:11:47.539+0000[0m] {[34mproject.py:[0m35} INFO[0m - [35m(astronomer-cosmos)[0m - Project /opt/***/dags/Data_Marketplace does not have {'packages.yml', 'dependencies.yml'}[0m
[2024-08-09T09:11:47.539+0000] {project.py:35} INFO - Project /opt/***/dags/Data_Marketplace does not have {'packages.yml', 'dependencies.yml'}
[2024-08-09T09:11:47.541+0000] {log.py:232} WARNING - [[34m2024-08-09T09:11:47.541+0000[0m] {[34mproject.py:[0m35} INFO[0m - [35m(astronomer-cosmos)[0m - Project /opt/***/dags/Data_Marketplace does not have {'packages.yml', 'dependencies.yml'}[0m
[2024-08-09T09:11:47.542+0000] {log.py:232} WARNING - [[34m2024-08-09T09:11:47.541+0000[0m] {[34mproject.py:[0m35} INFO[0m - [35m(astronomer-cosmos)[0m - Project /opt/***/dags/Data_Marketplace does not have {'packages.yml', 'dependencies.yml'}[0m
[2024-08-09T09:11:47.541+0000] {project.py:35} INFO - Project /opt/***/dags/Data_Marketplace does not have {'packages.yml', 'dependencies.yml'}
[2024-08-09T09:11:47.542+0000] {log.py:232} WARNING - [[34m2024-08-09T09:11:47.542+0000[0m] {[34mconverter.py:[0m293} INFO[0m - [35m(astronomer-cosmos)[0m - Cosmos performance (dbt_dag_filterd__customers_group) - [ubuntu|1486]: It took 0.00619s to build the Airflow DAG.[0m
[2024-08-09T09:11:47.543+0000] {log.py:232} WARNING - [[34m2024-08-09T09:11:47.542+0000[0m] {[34mconverter.py:[0m293} INFO[0m - [35m(astronomer-cosmos)[0m - Cosmos performance (dbt_dag_filterd__customers_group) - [ubuntu|1486]: It took 0.00619s to build the Airflow DAG.[0m
[2024-08-09T09:11:47.542+0000] {converter.py:293} INFO - Cosmos performance (dbt_dag_filterd__customers_group) - [ubuntu|1486]: It took 0.00619s to build the Airflow DAG.
[2024-08-09T09:11:47.544+0000] {log.py:232} WARNING - [[34m2024-08-09T09:11:47.544+0000[0m] {[34mlocal.py:[0m174} INFO[0m - [35m(astronomer-cosmos)[0m - Could not import dbtRunner. Falling back to subprocess for invoking dbt.[0m
[2024-08-09T09:11:47.544+0000] {log.py:232} WARNING - [[34m2024-08-09T09:11:47.544+0000[0m] {[34mlocal.py:[0m174} INFO[0m - [35m(astronomer-cosmos)[0m - Could not import dbtRunner. Falling back to subprocess for invoking dbt.[0m
[2024-08-09T09:11:47.544+0000] {local.py:174} INFO - Could not import dbtRunner. Falling back to subprocess for invoking dbt.
[2024-08-09T09:11:47.545+0000] {log.py:232} WARNING - [[34m2024-08-09T09:11:47.545+0000[0m] {[34mlocal.py:[0m292} INFO[0m - [35m(astronomer-cosmos)[0m - Cloning project to writable temp directory /tmp/tmpr8tilvl7 from /opt/***/dags/Data_Marketplace[0m
[2024-08-09T09:11:47.546+0000] {log.py:232} WARNING - [[34m2024-08-09T09:11:47.545+0000[0m] {[34mlocal.py:[0m292} INFO[0m - [35m(astronomer-cosmos)[0m - Cloning project to writable temp directory /tmp/tmpr8tilvl7 from /opt/***/dags/Data_Marketplace[0m
[2024-08-09T09:11:47.545+0000] {local.py:292} INFO - Cloning project to writable temp directory /tmp/tmpr8tilvl7 from /opt/airflow/dags/Data_Marketplace
[2024-08-09T09:11:47.548+0000] {log.py:232} WARNING - [[34m2024-08-09T09:11:47.547+0000[0m] {[34mlocal.py:[0m303} INFO[0m - [35m(astronomer-cosmos)[0m - Partial parse is enabled and the latest partial parse file is /tmp/cosmos/Scrape_City__city_models/target/partial_parse.msgpack[0m
[2024-08-09T09:11:47.548+0000] {log.py:232} WARNING - [[34m2024-08-09T09:11:47.547+0000[0m] {[34mlocal.py:[0m303} INFO[0m - [35m(astronomer-cosmos)[0m - Partial parse is enabled and the latest partial parse file is /tmp/cosmos/Scrape_City__city_models/target/partial_parse.msgpack[0m
[2024-08-09T09:11:47.547+0000] {local.py:303} INFO - Partial parse is enabled and the latest partial parse file is /tmp/cosmos/Scrape_City__city_models/target/partial_parse.msgpack
[2024-08-09T09:11:47.558+0000] {log.py:232} WARNING - [[34m2024-08-09T09:11:47.558+0000[0m] {[34mconfig.py:[0m292} INFO[0m - [35m(astronomer-cosmos)[0m - Profile caching is enable.[0m
[2024-08-09T09:11:47.558+0000] {log.py:232} WARNING - [[34m2024-08-09T09:11:47.558+0000[0m] {[34mconfig.py:[0m292} INFO[0m - [35m(astronomer-cosmos)[0m - Profile caching is enable.[0m
[2024-08-09T09:11:47.558+0000] {config.py:292} INFO - Profile caching is enable.
[2024-08-09T09:11:47.571+0000] {base.py:84} INFO - Using connection ID 'snowflake_conn' for task execution.
[2024-08-09T09:11:47.577+0000] {log.py:232} WARNING - [[34m2024-08-09T09:11:47.577+0000[0m] {[34mconfig.py:[0m272} INFO[0m - [35m(astronomer-cosmos)[0m - Profile found in cache using profile: /tmp/cosmos/profile/ec71862f850e9b0839075fe0561d5062ab3dd99ef2a3dac2fe4fc1486f2849d0/profiles.yml.[0m
[2024-08-09T09:11:47.577+0000] {log.py:232} WARNING - [[34m2024-08-09T09:11:47.577+0000[0m] {[34mconfig.py:[0m272} INFO[0m - [35m(astronomer-cosmos)[0m - Profile found in cache using profile: /tmp/cosmos/profile/ec71862f850e9b0839075fe0561d5062ab3dd99ef2a3dac2fe4fc1486f2849d0/profiles.yml.[0m
[2024-08-09T09:11:47.577+0000] {config.py:272} INFO - Profile found in cache using profile: /tmp/cosmos/profile/ec71862f850e9b0839075fe0561d5062ab3dd99ef2a3dac2fe4fc1486f2849d0/profiles.yml.
[2024-08-09T09:11:47.579+0000] {log.py:232} WARNING - [[34m2024-08-09T09:11:47.579+0000[0m] {[34mlocal.py:[0m247} INFO[0m - [35m(astronomer-cosmos)[0m - Trying to run the command:
 ['/opt/***/dbt_venv/bin/dbt', 'run', '--models', 'stg_city', '--project-dir', '/tmp/tmpr8tilvl7', '--profiles-dir', '/tmp/cosmos/profile/ec71862f850e9b0839075fe0561d5062ab3dd99ef2a3dac2fe4fc1486f2849d0', '--profile', 'Data_Marketplace', '--target', 'dev']
From /tmp/tmpr8tilvl7[0m
[2024-08-09T09:11:47.579+0000] {log.py:232} WARNING - [[34m2024-08-09T09:11:47.579+0000[0m] {[34mlocal.py:[0m247} INFO[0m - [35m(astronomer-cosmos)[0m - Trying to run the command:
 ['/opt/***/dbt_venv/bin/dbt', 'run', '--models', 'stg_city', '--project-dir', '/tmp/tmpr8tilvl7', '--profiles-dir', '/tmp/cosmos/profile/ec71862f850e9b0839075fe0561d5062ab3dd99ef2a3dac2fe4fc1486f2849d0', '--profile', 'Data_Marketplace', '--target', 'dev']
From /tmp/tmpr8tilvl7[0m
[2024-08-09T09:11:47.579+0000] {local.py:247} INFO - Trying to run the command:
 ['/opt/***/dbt_venv/bin/dbt', 'run', '--models', 'stg_city', '--project-dir', '/tmp/tmpr8tilvl7', '--profiles-dir', '/tmp/cosmos/profile/ec71862f850e9b0839075fe0561d5062ab3dd99ef2a3dac2fe4fc1486f2849d0', '--profile', 'Data_Marketplace', '--target', 'dev']
From /tmp/tmpr8tilvl7
[2024-08-09T09:11:47.580+0000] {log.py:232} WARNING - [[34m2024-08-09T09:11:47.580+0000[0m] {[34msubprocess.py:[0m60} INFO[0m - [35m(astronomer-cosmos)[0m - Tmp dir root location: 
 /tmp[0m
[2024-08-09T09:11:47.581+0000] {log.py:232} WARNING - [[34m2024-08-09T09:11:47.580+0000[0m] {[34msubprocess.py:[0m60} INFO[0m - [35m(astronomer-cosmos)[0m - Tmp dir root location: 
 /tmp[0m
[2024-08-09T09:11:47.580+0000] {subprocess.py:60} INFO - Tmp dir root location: 
 /tmp
[2024-08-09T09:11:47.581+0000] {log.py:232} WARNING - [[34m2024-08-09T09:11:47.581+0000[0m] {[34msubprocess.py:[0m73} INFO[0m - [35m(astronomer-cosmos)[0m - Running command: ['/opt/***/dbt_venv/bin/dbt', 'run', '--models', 'stg_city', '--project-dir', '/tmp/tmpr8tilvl7', '--profiles-dir', '/tmp/cosmos/profile/ec71862f850e9b0839075fe0561d5062ab3dd99ef2a3dac2fe4fc1486f2849d0', '--profile', 'Data_Marketplace', '--target', 'dev'][0m
[2024-08-09T09:11:47.582+0000] {log.py:232} WARNING - [[34m2024-08-09T09:11:47.581+0000[0m] {[34msubprocess.py:[0m73} INFO[0m - [35m(astronomer-cosmos)[0m - Running command: ['/opt/***/dbt_venv/bin/dbt', 'run', '--models', 'stg_city', '--project-dir', '/tmp/tmpr8tilvl7', '--profiles-dir', '/tmp/cosmos/profile/ec71862f850e9b0839075fe0561d5062ab3dd99ef2a3dac2fe4fc1486f2849d0', '--profile', 'Data_Marketplace', '--target', 'dev'][0m
[2024-08-09T09:11:47.581+0000] {subprocess.py:73} INFO - Running command: ['/opt/***/dbt_venv/bin/dbt', 'run', '--models', 'stg_city', '--project-dir', '/tmp/tmpr8tilvl7', '--profiles-dir', '/tmp/cosmos/profile/ec71862f850e9b0839075fe0561d5062ab3dd99ef2a3dac2fe4fc1486f2849d0', '--profile', 'Data_Marketplace', '--target', 'dev']
[2024-08-09T09:11:47.599+0000] {log.py:232} WARNING - [[34m2024-08-09T09:11:47.598+0000[0m] {[34msubprocess.py:[0m84} INFO[0m - [35m(astronomer-cosmos)[0m - Command output:[0m
[2024-08-09T09:11:47.599+0000] {log.py:232} WARNING - [[34m2024-08-09T09:11:47.598+0000[0m] {[34msubprocess.py:[0m84} INFO[0m - [35m(astronomer-cosmos)[0m - Command output:[0m
[2024-08-09T09:11:47.598+0000] {subprocess.py:84} INFO - Command output:
[2024-08-09T09:11:50.210+0000] {log.py:232} WARNING - [[34m2024-08-09T09:11:50.210+0000[0m] {[34msubprocess.py:[0m94} INFO[0m - [35m(astronomer-cosmos)[0m - [0m09:11:50  Running with dbt=1.8.5[0m
[2024-08-09T09:11:50.210+0000] {log.py:232} WARNING - [[34m2024-08-09T09:11:50.210+0000[0m] {[34msubprocess.py:[0m94} INFO[0m - [35m(astronomer-cosmos)[0m - [0m09:11:50  Running with dbt=1.8.5[0m
[2024-08-09T09:11:50.210+0000] {subprocess.py:94} INFO - [0m09:11:50  Running with dbt=1.8.5
[2024-08-09T09:11:50.803+0000] {log.py:232} WARNING - [[34m2024-08-09T09:11:50.802+0000[0m] {[34msubprocess.py:[0m94} INFO[0m - [35m(astronomer-cosmos)[0m - [0m09:11:50  Registered adapter: snowflake=1.8.3[0m
[2024-08-09T09:11:50.803+0000] {log.py:232} WARNING - [[34m2024-08-09T09:11:50.802+0000[0m] {[34msubprocess.py:[0m94} INFO[0m - [35m(astronomer-cosmos)[0m - [0m09:11:50  Registered adapter: snowflake=1.8.3[0m
[2024-08-09T09:11:50.802+0000] {subprocess.py:94} INFO - [0m09:11:50  Registered adapter: snowflake=1.8.3
[2024-08-09T09:11:51.004+0000] {log.py:232} WARNING - [[34m2024-08-09T09:11:51.004+0000[0m] {[34msubprocess.py:[0m94} INFO[0m - [35m(astronomer-cosmos)[0m - [0m09:11:51  Unable to do partial parsing because profile has changed[0m
[2024-08-09T09:11:51.004+0000] {log.py:232} WARNING - [[34m2024-08-09T09:11:51.004+0000[0m] {[34msubprocess.py:[0m94} INFO[0m - [35m(astronomer-cosmos)[0m - [0m09:11:51  Unable to do partial parsing because profile has changed[0m
[2024-08-09T09:11:51.004+0000] {subprocess.py:94} INFO - [0m09:11:51  Unable to do partial parsing because profile has changed
[2024-08-09T09:11:53.601+0000] {log.py:232} WARNING - [[34m2024-08-09T09:11:53.600+0000[0m] {[34msubprocess.py:[0m94} INFO[0m - [35m(astronomer-cosmos)[0m - [0m09:11:53  Found 9 models, 2 snapshots, 3 seeds, 2 data tests, 3 sources, 448 macros[0m
[2024-08-09T09:11:53.601+0000] {log.py:232} WARNING - [[34m2024-08-09T09:11:53.600+0000[0m] {[34msubprocess.py:[0m94} INFO[0m - [35m(astronomer-cosmos)[0m - [0m09:11:53  Found 9 models, 2 snapshots, 3 seeds, 2 data tests, 3 sources, 448 macros[0m
[2024-08-09T09:11:53.600+0000] {subprocess.py:94} INFO - [0m09:11:53  Found 9 models, 2 snapshots, 3 seeds, 2 data tests, 3 sources, 448 macros
[2024-08-09T09:11:53.603+0000] {log.py:232} WARNING - [[34m2024-08-09T09:11:53.603+0000[0m] {[34msubprocess.py:[0m94} INFO[0m - [35m(astronomer-cosmos)[0m - [0m09:11:53[0m
[2024-08-09T09:11:53.604+0000] {log.py:232} WARNING - [[34m2024-08-09T09:11:53.603+0000[0m] {[34msubprocess.py:[0m94} INFO[0m - [35m(astronomer-cosmos)[0m - [0m09:11:53[0m
[2024-08-09T09:11:53.603+0000] {subprocess.py:94} INFO - [0m09:11:53
[2024-08-09T09:11:55.107+0000] {log.py:232} WARNING - [[34m2024-08-09T09:11:55.107+0000[0m] {[34msubprocess.py:[0m94} INFO[0m - [35m(astronomer-cosmos)[0m - [0m09:11:55  Concurrency: 1 threads (target='dev')[0m
[2024-08-09T09:11:55.108+0000] {log.py:232} WARNING - [[34m2024-08-09T09:11:55.107+0000[0m] {[34msubprocess.py:[0m94} INFO[0m - [35m(astronomer-cosmos)[0m - [0m09:11:55  Concurrency: 1 threads (target='dev')[0m
[2024-08-09T09:11:55.107+0000] {subprocess.py:94} INFO - [0m09:11:55  Concurrency: 1 threads (target='dev')
[2024-08-09T09:11:55.109+0000] {log.py:232} WARNING - [[34m2024-08-09T09:11:55.108+0000[0m] {[34msubprocess.py:[0m94} INFO[0m - [35m(astronomer-cosmos)[0m - [0m09:11:55[0m
[2024-08-09T09:11:55.109+0000] {log.py:232} WARNING - [[34m2024-08-09T09:11:55.108+0000[0m] {[34msubprocess.py:[0m94} INFO[0m - [35m(astronomer-cosmos)[0m - [0m09:11:55[0m
[2024-08-09T09:11:55.108+0000] {subprocess.py:94} INFO - [0m09:11:55
[2024-08-09T09:11:55.139+0000] {log.py:232} WARNING - [[34m2024-08-09T09:11:55.138+0000[0m] {[34msubprocess.py:[0m94} INFO[0m - [35m(astronomer-cosmos)[0m - [0m09:11:55[0m
[2024-08-09T09:11:55.139+0000] {log.py:232} WARNING - [[34m2024-08-09T09:11:55.138+0000[0m] {[34msubprocess.py:[0m94} INFO[0m - [35m(astronomer-cosmos)[0m - [0m09:11:55[0m
[2024-08-09T09:11:55.138+0000] {subprocess.py:94} INFO - [0m09:11:55
[2024-08-09T09:11:55.140+0000] {log.py:232} WARNING - [[34m2024-08-09T09:11:55.140+0000[0m] {[34msubprocess.py:[0m94} INFO[0m - [35m(astronomer-cosmos)[0m - [0m09:11:55  Finished running  in 0 hours 0 minutes and 1.53 seconds (1.53s).[0m
[2024-08-09T09:11:55.140+0000] {log.py:232} WARNING - [[34m2024-08-09T09:11:55.140+0000[0m] {[34msubprocess.py:[0m94} INFO[0m - [35m(astronomer-cosmos)[0m - [0m09:11:55  Finished running  in 0 hours 0 minutes and 1.53 seconds (1.53s).[0m
[2024-08-09T09:11:55.140+0000] {subprocess.py:94} INFO - [0m09:11:55  Finished running  in 0 hours 0 minutes and 1.53 seconds (1.53s).
[2024-08-09T09:11:56.284+0000] {log.py:232} WARNING - [[34m2024-08-09T09:11:56.284+0000[0m] {[34msubprocess.py:[0m98} INFO[0m - [35m(astronomer-cosmos)[0m - Command exited with return code 0[0m
[2024-08-09T09:11:56.285+0000] {log.py:232} WARNING - [[34m2024-08-09T09:11:56.284+0000[0m] {[34msubprocess.py:[0m98} INFO[0m - [35m(astronomer-cosmos)[0m - Command exited with return code 0[0m
[2024-08-09T09:11:56.284+0000] {subprocess.py:98} INFO - Command exited with return code 0
[2024-08-09T09:11:56.285+0000] {log.py:232} WARNING - [[34m2024-08-09T09:11:56.285+0000[0m] {[34mlocal.py:[0m254} INFO[0m - [35m(astronomer-cosmos)[0m - [0m09:11:55  Finished running  in 0 hours 0 minutes and 1.53 seconds (1.53s).[0m
[2024-08-09T09:11:56.286+0000] {log.py:232} WARNING - [[34m2024-08-09T09:11:56.285+0000[0m] {[34mlocal.py:[0m254} INFO[0m - [35m(astronomer-cosmos)[0m - [0m09:11:55  Finished running  in 0 hours 0 minutes and 1.53 seconds (1.53s).[0m
[2024-08-09T09:11:56.285+0000] {local.py:254} INFO - [0m09:11:55  Finished running  in 0 hours 0 minutes and 1.53 seconds (1.53s).
[2024-08-09T09:11:56.300+0000] {local.py:196} WARNING - Artifact schema version: https://schemas.getdbt.com/dbt/manifest/v12.json is above dbt-ol supported version 7. This might cause errors.
[2024-08-09T09:11:56.300+0000] {local.py:196} WARNING - Artifact schema version: https://schemas.getdbt.com/dbt/run-results/v6.json is above dbt-ol supported version 5. This might cause errors.
[2024-08-09T09:11:56.306+0000] {log.py:232} WARNING - [[34m2024-08-09T09:11:56.306+0000[0m] {[34mlocal.py:[0m349} INFO[0m - [35m(astronomer-cosmos)[0m - Inlets: [][0m
[2024-08-09T09:11:56.306+0000] {log.py:232} WARNING - [[34m2024-08-09T09:11:56.306+0000[0m] {[34mlocal.py:[0m349} INFO[0m - [35m(astronomer-cosmos)[0m - Inlets: [][0m
[2024-08-09T09:11:56.306+0000] {local.py:349} INFO - Inlets: []
[2024-08-09T09:11:56.307+0000] {log.py:232} WARNING - [[34m2024-08-09T09:11:56.307+0000[0m] {[34mlocal.py:[0m350} INFO[0m - [35m(astronomer-cosmos)[0m - Outlets: [][0m
[2024-08-09T09:11:56.307+0000] {log.py:232} WARNING - [[34m2024-08-09T09:11:56.307+0000[0m] {[34mlocal.py:[0m350} INFO[0m - [35m(astronomer-cosmos)[0m - Outlets: [][0m
[2024-08-09T09:11:56.307+0000] {local.py:350} INFO - Outlets: []
[2024-08-09T09:11:56.308+0000] {dag.py:3096} INFO - Sync 1 DAGs
[2024-08-09T09:11:56.327+0000] {dag.py:3954} INFO - Setting next_dagrun for Scrape_City to None, run_after=None
[2024-08-09T09:11:56.354+0000] {taskinstance.py:441} INFO - ::group::Post task execution logs
[2024-08-09T09:11:56.364+0000] {taskinstance.py:1206} INFO - Marking task as SUCCESS. dag_id=Scrape_City, task_id=city_models.stg_city_run, run_id=manual__2024-08-09T09:10:46.597523+00:00, execution_date=20240809T091046, start_date=20240809T091147, end_date=20240809T091156
[2024-08-09T09:11:56.418+0000] {local_task_job_runner.py:240} INFO - Task exited with return code 0
[2024-08-09T09:11:56.446+0000] {taskinstance.py:3503} INFO - 1 downstream tasks scheduled from follow-on schedule check
[2024-08-09T09:11:56.448+0000] {local_task_job_runner.py:222} INFO - ::endgroup::
