[2024-08-13T16:11:01.168+0000] {local_task_job_runner.py:120} INFO - ::group::Pre task execution logs
[2024-08-13T16:11:01.257+0000] {taskinstance.py:2076} INFO - Dependencies all met for dep_context=non-requeueable deps ti=<TaskInstance: Weather_Data_Extraction.generate_output_file backfill__2024-03-04T00:00:00+00:00 [queued]>
[2024-08-13T16:11:01.579+0000] {taskinstance.py:2076} INFO - Dependencies all met for dep_context=requeueable deps ti=<TaskInstance: Weather_Data_Extraction.generate_output_file backfill__2024-03-04T00:00:00+00:00 [queued]>
[2024-08-13T16:11:01.588+0000] {taskinstance.py:2306} INFO - Starting attempt 1 of 1
[2024-08-13T16:11:01.660+0000] {taskinstance.py:2330} INFO - Executing <Task(PythonOperator): generate_output_file> on 2024-03-04 00:00:00+00:00
[2024-08-13T16:11:01.679+0000] {warnings.py:112} WARNING - /home/***/.local/lib/python3.12/site-packages/***/task/task_runner/standard_task_runner.py:61: DeprecationWarning: This process (pid=1281) is multi-threaded, use of fork() may lead to deadlocks in the child.
  pid = os.fork()

[2024-08-13T16:11:01.684+0000] {standard_task_runner.py:63} INFO - Started process 1300 to run task
[2024-08-13T16:11:01.709+0000] {standard_task_runner.py:90} INFO - Running: ['***', 'tasks', 'run', 'Weather_Data_Extraction', 'generate_output_file', 'backfill__2024-03-04T00:00:00+00:00', '--job-id', '267', '--pool', 'default_pool', '--raw', '--subdir', 'DAGS_FOLDER/Data_Weather_Extraction.py', '--cfg-path', '/tmp/tmpvu3ugrps']
[2024-08-13T16:11:01.719+0000] {standard_task_runner.py:91} INFO - Job 267: Subtask generate_output_file
[2024-08-13T16:11:01.798+0000] {warnings.py:112} WARNING - /home/***/.local/lib/python3.12/site-packages/***/settings.py:195: DeprecationWarning: The sql_alchemy_conn option in [core] has been moved to the sql_alchemy_conn option in [database] - the old setting has been used, but please update your config.
  SQL_ALCHEMY_CONN = conf.get("database", "SQL_ALCHEMY_CONN")

[2024-08-13T16:11:01.913+0000] {task_command.py:426} INFO - Running <TaskInstance: Weather_Data_Extraction.generate_output_file backfill__2024-03-04T00:00:00+00:00 [running]> on host ubuntu
[2024-08-13T16:11:02.252+0000] {taskinstance.py:2648} INFO - Exporting env vars: AIRFLOW_CTX_DAG_OWNER='Ducky' AIRFLOW_CTX_DAG_ID='Weather_Data_Extraction' AIRFLOW_CTX_TASK_ID='generate_output_file' AIRFLOW_CTX_EXECUTION_DATE='2024-03-04T00:00:00+00:00' AIRFLOW_CTX_TRY_NUMBER='1' AIRFLOW_CTX_DAG_RUN_ID='backfill__2024-03-04T00:00:00+00:00'
[2024-08-13T16:11:02.274+0000] {taskinstance.py:430} INFO - ::endgroup::
[2024-08-13T16:11:02.315+0000] {logging_mixin.py:188} INFO - Generated output file: Data_Weather-20240304.csv
[2024-08-13T16:11:02.320+0000] {logging_mixin.py:188} INFO - Execution Date: 2024/03/04
[2024-08-13T16:11:02.439+0000] {python.py:237} INFO - Done. Returned value was: None
[2024-08-13T16:11:02.444+0000] {taskinstance.py:441} INFO - ::group::Post task execution logs
[2024-08-13T16:11:02.467+0000] {taskinstance.py:1206} INFO - Marking task as SUCCESS. dag_id=Weather_Data_Extraction, task_id=generate_output_file, run_id=backfill__2024-03-04T00:00:00+00:00, execution_date=20240304T000000, start_date=20240813T161101, end_date=20240813T161102
[2024-08-13T16:11:02.576+0000] {local_task_job_runner.py:240} INFO - Task exited with return code 0
[2024-08-13T16:11:02.652+0000] {taskinstance.py:3503} INFO - 1 downstream tasks scheduled from follow-on schedule check
[2024-08-13T16:11:02.694+0000] {local_task_job_runner.py:222} INFO - ::endgroup::
[2024-08-14T04:41:20.165+0000] {local_task_job_runner.py:120} INFO - ::group::Pre task execution logs
[2024-08-14T04:41:20.181+0000] {taskinstance.py:2076} INFO - Dependencies all met for dep_context=non-requeueable deps ti=<TaskInstance: Weather_Data_Extraction.generate_output_file backfill__2024-03-04T00:00:00+00:00 [queued]>
[2024-08-14T04:41:20.189+0000] {taskinstance.py:2076} INFO - Dependencies all met for dep_context=requeueable deps ti=<TaskInstance: Weather_Data_Extraction.generate_output_file backfill__2024-03-04T00:00:00+00:00 [queued]>
[2024-08-14T04:41:20.189+0000] {taskinstance.py:2306} INFO - Starting attempt 1 of 1
[2024-08-14T04:41:20.382+0000] {taskinstance.py:2330} INFO - Executing <Task(PythonOperator): generate_output_file> on 2024-03-04 00:00:00+00:00
[2024-08-14T04:41:20.390+0000] {warnings.py:112} WARNING - /home/***/.local/lib/python3.12/site-packages/***/task/task_runner/standard_task_runner.py:61: DeprecationWarning: This process (pid=2530) is multi-threaded, use of fork() may lead to deadlocks in the child.
  pid = os.fork()

[2024-08-14T04:41:20.392+0000] {standard_task_runner.py:63} INFO - Started process 2532 to run task
[2024-08-14T04:41:20.392+0000] {standard_task_runner.py:90} INFO - Running: ['***', 'tasks', 'run', 'Weather_Data_Extraction', 'generate_output_file', 'backfill__2024-03-04T00:00:00+00:00', '--job-id', '593', '--pool', 'default_pool', '--raw', '--subdir', 'DAGS_FOLDER/Data_Weather_Extraction.py', '--cfg-path', '/tmp/tmpe3pwcaye']
[2024-08-14T04:41:20.395+0000] {standard_task_runner.py:91} INFO - Job 593: Subtask generate_output_file
[2024-08-14T04:41:20.440+0000] {task_command.py:426} INFO - Running <TaskInstance: Weather_Data_Extraction.generate_output_file backfill__2024-03-04T00:00:00+00:00 [running]> on host ubuntu
[2024-08-14T04:41:20.537+0000] {taskinstance.py:2648} INFO - Exporting env vars: AIRFLOW_CTX_DAG_OWNER='Ducky' AIRFLOW_CTX_DAG_ID='Weather_Data_Extraction' AIRFLOW_CTX_TASK_ID='generate_output_file' AIRFLOW_CTX_EXECUTION_DATE='2024-03-04T00:00:00+00:00' AIRFLOW_CTX_TRY_NUMBER='1' AIRFLOW_CTX_DAG_RUN_ID='backfill__2024-03-04T00:00:00+00:00'
[2024-08-14T04:41:20.539+0000] {taskinstance.py:430} INFO - ::endgroup::
[2024-08-14T04:41:20.555+0000] {logging_mixin.py:188} INFO - Generated output file: Data_Weather-20240304.csv
[2024-08-14T04:41:20.555+0000] {logging_mixin.py:188} INFO - Execution Date: 2024/03/04
[2024-08-14T04:41:20.580+0000] {python.py:237} INFO - Done. Returned value was: None
[2024-08-14T04:41:20.581+0000] {taskinstance.py:441} INFO - ::group::Post task execution logs
[2024-08-14T04:41:20.590+0000] {taskinstance.py:1206} INFO - Marking task as SUCCESS. dag_id=Weather_Data_Extraction, task_id=generate_output_file, run_id=backfill__2024-03-04T00:00:00+00:00, execution_date=20240304T000000, start_date=20240814T044120, end_date=20240814T044120
[2024-08-14T04:41:20.646+0000] {local_task_job_runner.py:240} INFO - Task exited with return code 0
[2024-08-14T04:41:20.673+0000] {taskinstance.py:3503} INFO - 1 downstream tasks scheduled from follow-on schedule check
[2024-08-14T04:41:20.676+0000] {local_task_job_runner.py:222} INFO - ::endgroup::
